[2023-0805 2045 - INFO] <<< BEATs_iter3_plus_AS2M - 2 fc layer >>> 
[2023-0805 2045 - INFO] Add FrequencyMasking and TimeMasking
[2023-0805 2045 - INFO] Add time_stretch 0.8 and time_stretch 1.2
[2023-0805 2045 - INFO] # trainset_size = 17010
[2023-0805 2045 - INFO] # testset_size = 4100
[2023-0805 2045 - INFO] # train_a/p = 8505/8505
[2023-0805 2045 - INFO] # test_a/p = 2050/2050
[2023-0805 2045 - INFO] # batch_size = 128
[2023-0805 2045 - INFO] # learning_rate = 0.001
[2023-0805 2045 - INFO] # weight_decay = 0.01
[2023-0805 2045 - INFO] # num_epochs = 100
[2023-0805 2045 - INFO] # padding_size = 3500
[2023-0805 2045 - INFO] # loss_fn = CE
[2023-0805 2045 - INFO] # scheduler = None
[2023-0805 2045 - INFO] # optimizer = AdamW (
Parameter Group 0
    amsgrad: False
    betas: (0.9, 0.98)
    capturable: False
    differentiable: False
    eps: 1e-08
    foreach: None
    fused: None
    lr: 0.001
    maximize: False
    weight_decay: 0.01
)
[2023-0805 2045 - INFO] # comments : 
[2023-0805 2045 - INFO] -------------------------------------
[2023-0805 2046 - INFO] epoch: 1/100
[2023-0805 2046 - INFO] learning_rate: 0.0010
[2023-0805 2046 - INFO] train_acc: 25.150%, train_loss: nan
[2023-0805 2046 - INFO] test_acc: 49.683%, test_loss: 0.0056
[2023-0805 2046 - INFO] max_train_acc: 25.150%
[2023-0805 2046 - INFO] max_test_acc: 49.683%
[2023-0805 2046 - INFO] max_lr: 0.0010, min_lr: 0.0010
[2023-0805 2046 - INFO] ======================================
[2023-0805 2047 - INFO] epoch: 2/100
[2023-0805 2047 - INFO] learning_rate: 0.0010
[2023-0805 2047 - INFO] train_acc: 25.115%, train_loss: nan
[2023-0805 2047 - INFO] test_acc: 49.732%, test_loss: 0.0056
[2023-0805 2047 - INFO] max_train_acc: 25.150%
[2023-0805 2047 - INFO] max_test_acc: 49.732%
[2023-0805 2047 - INFO] max_lr: 0.0010, min_lr: 0.0010
[2023-0805 2047 - INFO] ======================================
[2023-0805 2047 - INFO] epoch: 3/100
[2023-0805 2047 - INFO] learning_rate: 0.0010
[2023-0805 2047 - INFO] train_acc: 24.774%, train_loss: nan
[2023-0805 2047 - INFO] test_acc: 49.707%, test_loss: 0.0056
[2023-0805 2047 - INFO] max_train_acc: 25.150%
[2023-0805 2047 - INFO] max_test_acc: 49.732%
[2023-0805 2047 - INFO] max_lr: 0.0010, min_lr: 0.0010
[2023-0805 2047 - INFO] ======================================
[2023-0805 2048 - INFO] epoch: 4/100
[2023-0805 2048 - INFO] learning_rate: 0.0010
[2023-0805 2048 - INFO] train_acc: 25.144%, train_loss: nan
[2023-0805 2048 - INFO] test_acc: 49.732%, test_loss: 0.0056
[2023-0805 2048 - INFO] max_train_acc: 25.150%
[2023-0805 2048 - INFO] max_test_acc: 49.732%
[2023-0805 2048 - INFO] max_lr: 0.0010, min_lr: 0.0010
[2023-0805 2048 - INFO] ======================================
[2023-0805 2048 - INFO] epoch: 5/100
[2023-0805 2048 - INFO] learning_rate: 0.0010
[2023-0805 2048 - INFO] train_acc: 24.427%, train_loss: nan
[2023-0805 2048 - INFO] test_acc: 49.659%, test_loss: 0.0056
[2023-0805 2048 - INFO] max_train_acc: 25.150%
[2023-0805 2048 - INFO] max_test_acc: 49.732%
[2023-0805 2048 - INFO] max_lr: 0.0010, min_lr: 0.0010
[2023-0805 2048 - INFO] ======================================
[2023-0805 2049 - INFO] epoch: 6/100
[2023-0805 2049 - INFO] learning_rate: 0.0010
[2023-0805 2049 - INFO] train_acc: 24.521%, train_loss: nan
[2023-0805 2049 - INFO] test_acc: 49.707%, test_loss: 0.0056
[2023-0805 2049 - INFO] max_train_acc: 25.150%
[2023-0805 2049 - INFO] max_test_acc: 49.732%
[2023-0805 2049 - INFO] max_lr: 0.0010, min_lr: 0.0010
[2023-0805 2049 - INFO] ======================================
[2023-0805 2050 - INFO] epoch: 7/100
[2023-0805 2050 - INFO] learning_rate: 0.0010
[2023-0805 2050 - INFO] train_acc: 24.597%, train_loss: nan
[2023-0805 2050 - INFO] test_acc: 49.732%, test_loss: 0.0056
[2023-0805 2050 - INFO] max_train_acc: 25.150%
[2023-0805 2050 - INFO] max_test_acc: 49.732%
[2023-0805 2050 - INFO] max_lr: 0.0010, min_lr: 0.0010
[2023-0805 2050 - INFO] ======================================
[2023-0805 2050 - INFO] epoch: 8/100
[2023-0805 2050 - INFO] learning_rate: 0.0010
[2023-0805 2050 - INFO] train_acc: 24.909%, train_loss: nan
[2023-0805 2050 - INFO] test_acc: 49.707%, test_loss: 0.0056
[2023-0805 2050 - INFO] max_train_acc: 25.150%
[2023-0805 2050 - INFO] max_test_acc: 49.732%
[2023-0805 2050 - INFO] max_lr: 0.0010, min_lr: 0.0010
[2023-0805 2050 - INFO] ======================================
[2023-0805 2051 - INFO] epoch: 9/100
[2023-0805 2051 - INFO] learning_rate: 0.0010
[2023-0805 2051 - INFO] train_acc: 24.738%, train_loss: nan
[2023-0805 2051 - INFO] test_acc: 49.683%, test_loss: 0.0056
[2023-0805 2051 - INFO] max_train_acc: 25.150%
[2023-0805 2051 - INFO] max_test_acc: 49.732%
[2023-0805 2051 - INFO] max_lr: 0.0010, min_lr: 0.0010
[2023-0805 2051 - INFO] ======================================
[2023-0805 2051 - INFO] epoch: 10/100
[2023-0805 2051 - INFO] learning_rate: 0.0010
[2023-0805 2051 - INFO] train_acc: 24.544%, train_loss: nan
[2023-0805 2051 - INFO] test_acc: 49.732%, test_loss: 0.0056
[2023-0805 2051 - INFO] max_train_acc: 25.150%
[2023-0805 2051 - INFO] max_test_acc: 49.732%
[2023-0805 2051 - INFO] max_lr: 0.0010, min_lr: 0.0010
[2023-0805 2051 - INFO] ======================================
[2023-0805 2052 - INFO] epoch: 11/100
[2023-0805 2052 - INFO] learning_rate: 0.0010
[2023-0805 2052 - INFO] train_acc: 25.291%, train_loss: nan
[2023-0805 2052 - INFO] test_acc: 49.683%, test_loss: 0.0056
[2023-0805 2052 - INFO] max_train_acc: 25.291%
[2023-0805 2052 - INFO] max_test_acc: 49.732%
[2023-0805 2052 - INFO] max_lr: 0.0010, min_lr: 0.0010
[2023-0805 2052 - INFO] ======================================
[2023-0805 2053 - INFO] epoch: 12/100
[2023-0805 2053 - INFO] learning_rate: 0.0010
[2023-0805 2053 - INFO] train_acc: 25.032%, train_loss: nan
[2023-0805 2053 - INFO] test_acc: 49.756%, test_loss: 0.0056
[2023-0805 2053 - INFO] max_train_acc: 25.291%
[2023-0805 2053 - INFO] max_test_acc: 49.756%
[2023-0805 2053 - INFO] max_lr: 0.0010, min_lr: 0.0010
[2023-0805 2053 - INFO] ======================================
[2023-0805 2053 - INFO] epoch: 13/100
[2023-0805 2053 - INFO] learning_rate: 0.0010
[2023-0805 2053 - INFO] train_acc: 24.979%, train_loss: nan
[2023-0805 2053 - INFO] test_acc: 49.683%, test_loss: 0.0056
[2023-0805 2053 - INFO] max_train_acc: 25.291%
[2023-0805 2053 - INFO] max_test_acc: 49.756%
[2023-0805 2053 - INFO] max_lr: 0.0010, min_lr: 0.0010
[2023-0805 2053 - INFO] ======================================
[2023-0805 2054 - INFO] epoch: 14/100
[2023-0805 2054 - INFO] learning_rate: 0.0010
[2023-0805 2054 - INFO] train_acc: 24.574%, train_loss: nan
[2023-0805 2054 - INFO] test_acc: 49.683%, test_loss: 0.0056
[2023-0805 2054 - INFO] max_train_acc: 25.291%
[2023-0805 2054 - INFO] max_test_acc: 49.756%
[2023-0805 2054 - INFO] max_lr: 0.0010, min_lr: 0.0010
[2023-0805 2054 - INFO] ======================================
[2023-0805 2054 - INFO] epoch: 15/100
[2023-0805 2054 - INFO] learning_rate: 0.0010
[2023-0805 2054 - INFO] train_acc: 24.721%, train_loss: nan
[2023-0805 2054 - INFO] test_acc: 49.683%, test_loss: 0.0056
[2023-0805 2054 - INFO] max_train_acc: 25.291%
[2023-0805 2054 - INFO] max_test_acc: 49.756%
[2023-0805 2054 - INFO] max_lr: 0.0010, min_lr: 0.0010
[2023-0805 2054 - INFO] ======================================
[2023-0805 2055 - INFO] epoch: 16/100
[2023-0805 2055 - INFO] learning_rate: 0.0010
[2023-0805 2055 - INFO] train_acc: 24.556%, train_loss: nan
[2023-0805 2055 - INFO] test_acc: 49.732%, test_loss: 0.0056
[2023-0805 2055 - INFO] max_train_acc: 25.291%
[2023-0805 2055 - INFO] max_test_acc: 49.756%
[2023-0805 2055 - INFO] max_lr: 0.0010, min_lr: 0.0010
[2023-0805 2055 - INFO] ======================================
[2023-0805 2055 - INFO] epoch: 17/100
[2023-0805 2055 - INFO] learning_rate: 0.0010
[2023-0805 2055 - INFO] train_acc: 24.721%, train_loss: nan
[2023-0805 2055 - INFO] test_acc: 49.707%, test_loss: 0.0056
[2023-0805 2055 - INFO] max_train_acc: 25.291%
[2023-0805 2055 - INFO] max_test_acc: 49.756%
[2023-0805 2055 - INFO] max_lr: 0.0010, min_lr: 0.0010
[2023-0805 2055 - INFO] ======================================
[2023-0805 2056 - INFO] epoch: 18/100
[2023-0805 2056 - INFO] learning_rate: 0.0010
[2023-0805 2056 - INFO] train_acc: 25.379%, train_loss: nan
[2023-0805 2056 - INFO] test_acc: 49.683%, test_loss: 0.0056
[2023-0805 2056 - INFO] max_train_acc: 25.379%
[2023-0805 2056 - INFO] max_test_acc: 49.756%
[2023-0805 2056 - INFO] max_lr: 0.0010, min_lr: 0.0010
[2023-0805 2056 - INFO] ======================================
[2023-0805 2057 - INFO] epoch: 19/100
[2023-0805 2057 - INFO] learning_rate: 0.0010
[2023-0805 2057 - INFO] train_acc: 24.756%, train_loss: nan
[2023-0805 2057 - INFO] test_acc: 49.683%, test_loss: 0.0056
[2023-0805 2057 - INFO] max_train_acc: 25.379%
[2023-0805 2057 - INFO] max_test_acc: 49.756%
[2023-0805 2057 - INFO] max_lr: 0.0010, min_lr: 0.0010
[2023-0805 2057 - INFO] ======================================
[2023-0805 2057 - INFO] epoch: 20/100
[2023-0805 2057 - INFO] learning_rate: 0.0010
[2023-0805 2057 - INFO] train_acc: 24.633%, train_loss: nan
[2023-0805 2057 - INFO] test_acc: 49.707%, test_loss: 0.0056
[2023-0805 2057 - INFO] max_train_acc: 25.379%
[2023-0805 2057 - INFO] max_test_acc: 49.756%
[2023-0805 2057 - INFO] max_lr: 0.0010, min_lr: 0.0010
[2023-0805 2057 - INFO] ======================================
[2023-0805 2058 - INFO] epoch: 21/100
[2023-0805 2058 - INFO] learning_rate: 0.0010
[2023-0805 2058 - INFO] train_acc: 24.486%, train_loss: nan
[2023-0805 2058 - INFO] test_acc: 49.707%, test_loss: 0.0056
[2023-0805 2058 - INFO] max_train_acc: 25.379%
[2023-0805 2058 - INFO] max_test_acc: 49.756%
[2023-0805 2058 - INFO] max_lr: 0.0010, min_lr: 0.0010
[2023-0805 2058 - INFO] ======================================
[2023-0805 2058 - INFO] epoch: 22/100
[2023-0805 2058 - INFO] learning_rate: 0.0010
[2023-0805 2058 - INFO] train_acc: 24.609%, train_loss: nan
[2023-0805 2058 - INFO] test_acc: 49.707%, test_loss: 0.0056
[2023-0805 2058 - INFO] max_train_acc: 25.379%
[2023-0805 2058 - INFO] max_test_acc: 49.756%
[2023-0805 2058 - INFO] max_lr: 0.0010, min_lr: 0.0010
[2023-0805 2058 - INFO] ======================================
[2023-0805 2059 - INFO] epoch: 23/100
[2023-0805 2059 - INFO] learning_rate: 0.0010
[2023-0805 2059 - INFO] train_acc: 24.539%, train_loss: nan
[2023-0805 2059 - INFO] test_acc: 49.756%, test_loss: 0.0056
[2023-0805 2059 - INFO] max_train_acc: 25.379%
[2023-0805 2059 - INFO] max_test_acc: 49.756%
[2023-0805 2059 - INFO] max_lr: 0.0010, min_lr: 0.0010
[2023-0805 2059 - INFO] ======================================
[2023-0805 2100 - INFO] epoch: 24/100
[2023-0805 2100 - INFO] learning_rate: 0.0010
[2023-0805 2100 - INFO] train_acc: 24.444%, train_loss: nan
[2023-0805 2100 - INFO] test_acc: 49.707%, test_loss: 0.0056
[2023-0805 2100 - INFO] max_train_acc: 25.379%
[2023-0805 2100 - INFO] max_test_acc: 49.756%
[2023-0805 2100 - INFO] max_lr: 0.0010, min_lr: 0.0010
[2023-0805 2100 - INFO] ======================================
[2023-0805 2100 - INFO] epoch: 25/100
[2023-0805 2100 - INFO] learning_rate: 0.0010
[2023-0805 2100 - INFO] train_acc: 24.991%, train_loss: nan
[2023-0805 2100 - INFO] test_acc: 49.707%, test_loss: 0.0056
[2023-0805 2100 - INFO] max_train_acc: 25.379%
[2023-0805 2100 - INFO] max_test_acc: 49.756%
[2023-0805 2100 - INFO] max_lr: 0.0010, min_lr: 0.0010
[2023-0805 2100 - INFO] ======================================
[2023-0805 2101 - INFO] epoch: 26/100
[2023-0805 2101 - INFO] learning_rate: 0.0010
[2023-0805 2101 - INFO] train_acc: 25.226%, train_loss: nan
[2023-0805 2101 - INFO] test_acc: 49.683%, test_loss: 0.0056
[2023-0805 2101 - INFO] max_train_acc: 25.379%
[2023-0805 2101 - INFO] max_test_acc: 49.756%
[2023-0805 2101 - INFO] max_lr: 0.0010, min_lr: 0.0010
[2023-0805 2101 - INFO] ======================================
[2023-0805 2101 - INFO] epoch: 27/100
[2023-0805 2101 - INFO] learning_rate: 0.0010
[2023-0805 2101 - INFO] train_acc: 24.903%, train_loss: nan
[2023-0805 2101 - INFO] test_acc: 49.732%, test_loss: 0.0056
[2023-0805 2101 - INFO] max_train_acc: 25.379%
[2023-0805 2101 - INFO] max_test_acc: 49.756%
[2023-0805 2101 - INFO] max_lr: 0.0010, min_lr: 0.0010
[2023-0805 2101 - INFO] ======================================
[2023-0805 2102 - INFO] epoch: 28/100
[2023-0805 2102 - INFO] learning_rate: 0.0010
[2023-0805 2102 - INFO] train_acc: 24.962%, train_loss: nan
[2023-0805 2102 - INFO] test_acc: 49.732%, test_loss: 0.0056
[2023-0805 2102 - INFO] max_train_acc: 25.379%
[2023-0805 2102 - INFO] max_test_acc: 49.756%
[2023-0805 2102 - INFO] max_lr: 0.0010, min_lr: 0.0010
[2023-0805 2102 - INFO] ======================================
[2023-0805 2103 - INFO] epoch: 29/100
[2023-0805 2103 - INFO] learning_rate: 0.0010
[2023-0805 2103 - INFO] train_acc: 25.273%, train_loss: nan
[2023-0805 2103 - INFO] test_acc: 49.707%, test_loss: 0.0056
[2023-0805 2103 - INFO] max_train_acc: 25.379%
[2023-0805 2103 - INFO] max_test_acc: 49.756%
[2023-0805 2103 - INFO] max_lr: 0.0010, min_lr: 0.0010
[2023-0805 2103 - INFO] ======================================
[2023-0805 2103 - INFO] epoch: 30/100
[2023-0805 2103 - INFO] learning_rate: 0.0010
[2023-0805 2103 - INFO] train_acc: 24.156%, train_loss: nan
[2023-0805 2103 - INFO] test_acc: 49.756%, test_loss: 0.0056
[2023-0805 2103 - INFO] max_train_acc: 25.379%
[2023-0805 2103 - INFO] max_test_acc: 49.756%
[2023-0805 2103 - INFO] max_lr: 0.0010, min_lr: 0.0010
[2023-0805 2103 - INFO] ======================================
[2023-0805 2104 - INFO] epoch: 31/100
[2023-0805 2104 - INFO] learning_rate: 0.0010
[2023-0805 2104 - INFO] train_acc: 24.785%, train_loss: nan
[2023-0805 2104 - INFO] test_acc: 49.732%, test_loss: 0.0056
[2023-0805 2104 - INFO] max_train_acc: 25.379%
[2023-0805 2104 - INFO] max_test_acc: 49.756%
[2023-0805 2104 - INFO] max_lr: 0.0010, min_lr: 0.0010
[2023-0805 2104 - INFO] ======================================
[2023-0805 2104 - INFO] epoch: 32/100
[2023-0805 2104 - INFO] learning_rate: 0.0010
[2023-0805 2104 - INFO] train_acc: 25.197%, train_loss: nan
[2023-0805 2104 - INFO] test_acc: 49.707%, test_loss: 0.0056
[2023-0805 2104 - INFO] max_train_acc: 25.379%
[2023-0805 2104 - INFO] max_test_acc: 49.756%
[2023-0805 2104 - INFO] max_lr: 0.0010, min_lr: 0.0010
[2023-0805 2104 - INFO] ======================================
[2023-0805 2105 - INFO] epoch: 33/100
[2023-0805 2105 - INFO] learning_rate: 0.0010
[2023-0805 2105 - INFO] train_acc: 24.539%, train_loss: nan
[2023-0805 2105 - INFO] test_acc: 49.707%, test_loss: 0.0056
[2023-0805 2105 - INFO] max_train_acc: 25.379%
[2023-0805 2105 - INFO] max_test_acc: 49.756%
[2023-0805 2105 - INFO] max_lr: 0.0010, min_lr: 0.0010
[2023-0805 2105 - INFO] ======================================
[2023-0805 2105 - INFO] epoch: 34/100
[2023-0805 2105 - INFO] learning_rate: 0.0010
[2023-0805 2105 - INFO] train_acc: 24.921%, train_loss: nan
[2023-0805 2105 - INFO] test_acc: 49.683%, test_loss: 0.0056
[2023-0805 2105 - INFO] max_train_acc: 25.379%
[2023-0805 2105 - INFO] max_test_acc: 49.756%
[2023-0805 2105 - INFO] max_lr: 0.0010, min_lr: 0.0010
[2023-0805 2105 - INFO] ======================================
[2023-0805 2106 - INFO] epoch: 35/100
[2023-0805 2106 - INFO] learning_rate: 0.0010
[2023-0805 2106 - INFO] train_acc: 24.797%, train_loss: nan
[2023-0805 2106 - INFO] test_acc: 49.732%, test_loss: 0.0056
[2023-0805 2106 - INFO] max_train_acc: 25.379%
[2023-0805 2106 - INFO] max_test_acc: 49.756%
[2023-0805 2106 - INFO] max_lr: 0.0010, min_lr: 0.0010
[2023-0805 2106 - INFO] ======================================
[2023-0805 2107 - INFO] epoch: 36/100
[2023-0805 2107 - INFO] learning_rate: 0.0010
[2023-0805 2107 - INFO] train_acc: 24.838%, train_loss: nan
[2023-0805 2107 - INFO] test_acc: 49.683%, test_loss: 0.0056
[2023-0805 2107 - INFO] max_train_acc: 25.379%
[2023-0805 2107 - INFO] max_test_acc: 49.756%
[2023-0805 2107 - INFO] max_lr: 0.0010, min_lr: 0.0010
[2023-0805 2107 - INFO] ======================================
[2023-0805 2107 - INFO] epoch: 37/100
[2023-0805 2107 - INFO] learning_rate: 0.0010
[2023-0805 2107 - INFO] train_acc: 24.962%, train_loss: nan
[2023-0805 2107 - INFO] test_acc: 49.707%, test_loss: 0.0056
[2023-0805 2107 - INFO] max_train_acc: 25.379%
[2023-0805 2107 - INFO] max_test_acc: 49.756%
[2023-0805 2107 - INFO] max_lr: 0.0010, min_lr: 0.0010
[2023-0805 2107 - INFO] ======================================
[2023-0805 2108 - INFO] epoch: 38/100
[2023-0805 2108 - INFO] learning_rate: 0.0010
[2023-0805 2108 - INFO] train_acc: 24.656%, train_loss: nan
[2023-0805 2108 - INFO] test_acc: 49.707%, test_loss: 0.0056
[2023-0805 2108 - INFO] max_train_acc: 25.379%
[2023-0805 2108 - INFO] max_test_acc: 49.756%
[2023-0805 2108 - INFO] max_lr: 0.0010, min_lr: 0.0010
[2023-0805 2108 - INFO] ======================================
[2023-0805 2108 - INFO] epoch: 39/100
[2023-0805 2108 - INFO] learning_rate: 0.0010
[2023-0805 2108 - INFO] train_acc: 24.580%, train_loss: nan
[2023-0805 2108 - INFO] test_acc: 49.732%, test_loss: 0.0056
[2023-0805 2108 - INFO] max_train_acc: 25.379%
[2023-0805 2108 - INFO] max_test_acc: 49.756%
[2023-0805 2108 - INFO] max_lr: 0.0010, min_lr: 0.0010
[2023-0805 2108 - INFO] ======================================
[2023-0805 2109 - INFO] epoch: 40/100
[2023-0805 2109 - INFO] learning_rate: 0.0010
[2023-0805 2109 - INFO] train_acc: 24.292%, train_loss: nan
[2023-0805 2109 - INFO] test_acc: 49.707%, test_loss: 0.0056
[2023-0805 2109 - INFO] max_train_acc: 25.379%
[2023-0805 2109 - INFO] max_test_acc: 49.756%
[2023-0805 2109 - INFO] max_lr: 0.0010, min_lr: 0.0010
[2023-0805 2109 - INFO] ======================================
[2023-0805 2110 - INFO] epoch: 41/100
[2023-0805 2110 - INFO] learning_rate: 0.0010
[2023-0805 2110 - INFO] train_acc: 24.550%, train_loss: nan
[2023-0805 2110 - INFO] test_acc: 49.707%, test_loss: 0.0056
[2023-0805 2110 - INFO] max_train_acc: 25.379%
[2023-0805 2110 - INFO] max_test_acc: 49.756%
[2023-0805 2110 - INFO] max_lr: 0.0010, min_lr: 0.0010
[2023-0805 2110 - INFO] ======================================
[2023-0805 2110 - INFO] epoch: 42/100
[2023-0805 2110 - INFO] learning_rate: 0.0010
[2023-0805 2110 - INFO] train_acc: 25.226%, train_loss: nan
[2023-0805 2110 - INFO] test_acc: 49.732%, test_loss: 0.0056
[2023-0805 2110 - INFO] max_train_acc: 25.379%
[2023-0805 2110 - INFO] max_test_acc: 49.756%
[2023-0805 2110 - INFO] max_lr: 0.0010, min_lr: 0.0010
[2023-0805 2110 - INFO] ======================================
[2023-0805 2111 - INFO] epoch: 43/100
[2023-0805 2111 - INFO] learning_rate: 0.0010
[2023-0805 2111 - INFO] train_acc: 25.173%, train_loss: nan
[2023-0805 2111 - INFO] test_acc: 49.683%, test_loss: 0.0056
[2023-0805 2111 - INFO] max_train_acc: 25.379%
[2023-0805 2111 - INFO] max_test_acc: 49.756%
[2023-0805 2111 - INFO] max_lr: 0.0010, min_lr: 0.0010
[2023-0805 2111 - INFO] ======================================
[2023-0805 2111 - INFO] epoch: 44/100
[2023-0805 2111 - INFO] learning_rate: 0.0010
[2023-0805 2111 - INFO] train_acc: 24.979%, train_loss: nan
[2023-0805 2111 - INFO] test_acc: 49.659%, test_loss: 0.0056
[2023-0805 2111 - INFO] max_train_acc: 25.379%
[2023-0805 2111 - INFO] max_test_acc: 49.756%
[2023-0805 2111 - INFO] max_lr: 0.0010, min_lr: 0.0010
[2023-0805 2111 - INFO] ======================================
[2023-0805 2112 - INFO] epoch: 45/100
[2023-0805 2112 - INFO] learning_rate: 0.0010
[2023-0805 2112 - INFO] train_acc: 24.932%, train_loss: nan
[2023-0805 2112 - INFO] test_acc: 49.707%, test_loss: 0.0056
[2023-0805 2112 - INFO] max_train_acc: 25.379%
[2023-0805 2112 - INFO] max_test_acc: 49.756%
[2023-0805 2112 - INFO] max_lr: 0.0010, min_lr: 0.0010
[2023-0805 2112 - INFO] ======================================
[2023-0805 2113 - INFO] epoch: 46/100
[2023-0805 2113 - INFO] learning_rate: 0.0010
[2023-0805 2113 - INFO] train_acc: 24.862%, train_loss: nan
[2023-0805 2113 - INFO] test_acc: 49.707%, test_loss: 0.0056
[2023-0805 2113 - INFO] max_train_acc: 25.379%
[2023-0805 2113 - INFO] max_test_acc: 49.756%
[2023-0805 2113 - INFO] max_lr: 0.0010, min_lr: 0.0010
[2023-0805 2113 - INFO] ======================================
[2023-0805 2113 - INFO] epoch: 47/100
[2023-0805 2113 - INFO] learning_rate: 0.0010
[2023-0805 2113 - INFO] train_acc: 24.768%, train_loss: nan
[2023-0805 2113 - INFO] test_acc: 49.756%, test_loss: 0.0056
[2023-0805 2113 - INFO] max_train_acc: 25.379%
[2023-0805 2113 - INFO] max_test_acc: 49.756%
[2023-0805 2113 - INFO] max_lr: 0.0010, min_lr: 0.0010
[2023-0805 2113 - INFO] ======================================
[2023-0805 2114 - INFO] epoch: 48/100
[2023-0805 2114 - INFO] learning_rate: 0.0010
[2023-0805 2114 - INFO] train_acc: 24.486%, train_loss: nan
[2023-0805 2114 - INFO] test_acc: 49.707%, test_loss: 0.0056
[2023-0805 2114 - INFO] max_train_acc: 25.379%
[2023-0805 2114 - INFO] max_test_acc: 49.756%
[2023-0805 2114 - INFO] max_lr: 0.0010, min_lr: 0.0010
[2023-0805 2114 - INFO] ======================================
[2023-0805 2114 - INFO] epoch: 49/100
[2023-0805 2114 - INFO] learning_rate: 0.0010
[2023-0805 2114 - INFO] train_acc: 24.309%, train_loss: nan
[2023-0805 2114 - INFO] test_acc: 49.707%, test_loss: 0.0056
[2023-0805 2114 - INFO] max_train_acc: 25.379%
[2023-0805 2114 - INFO] max_test_acc: 49.756%
[2023-0805 2114 - INFO] max_lr: 0.0010, min_lr: 0.0010
[2023-0805 2114 - INFO] ======================================
[2023-0805 2115 - INFO] epoch: 50/100
[2023-0805 2115 - INFO] learning_rate: 0.0010
[2023-0805 2115 - INFO] train_acc: 24.856%, train_loss: nan
[2023-0805 2115 - INFO] test_acc: 49.659%, test_loss: 0.0056
[2023-0805 2115 - INFO] max_train_acc: 25.379%
[2023-0805 2115 - INFO] max_test_acc: 49.756%
[2023-0805 2115 - INFO] max_lr: 0.0010, min_lr: 0.0010
[2023-0805 2115 - INFO] ======================================
[2023-0805 2115 - INFO] epoch: 51/100
[2023-0805 2115 - INFO] learning_rate: 0.0010
[2023-0805 2115 - INFO] train_acc: 24.544%, train_loss: nan
[2023-0805 2115 - INFO] test_acc: 49.707%, test_loss: 0.0056
[2023-0805 2115 - INFO] max_train_acc: 25.379%
[2023-0805 2115 - INFO] max_test_acc: 49.756%
[2023-0805 2115 - INFO] max_lr: 0.0010, min_lr: 0.0010
[2023-0805 2115 - INFO] ======================================
[2023-0805 2116 - INFO] epoch: 52/100
[2023-0805 2116 - INFO] learning_rate: 0.0010
[2023-0805 2116 - INFO] train_acc: 24.409%, train_loss: nan
[2023-0805 2116 - INFO] test_acc: 49.683%, test_loss: 0.0056
[2023-0805 2116 - INFO] max_train_acc: 25.379%
[2023-0805 2116 - INFO] max_test_acc: 49.756%
[2023-0805 2116 - INFO] max_lr: 0.0010, min_lr: 0.0010
[2023-0805 2116 - INFO] ======================================
[2023-0805 2117 - INFO] epoch: 53/100
[2023-0805 2117 - INFO] learning_rate: 0.0010
[2023-0805 2117 - INFO] train_acc: 25.050%, train_loss: nan
[2023-0805 2117 - INFO] test_acc: 49.756%, test_loss: 0.0056
[2023-0805 2117 - INFO] max_train_acc: 25.379%
[2023-0805 2117 - INFO] max_test_acc: 49.756%
[2023-0805 2117 - INFO] max_lr: 0.0010, min_lr: 0.0010
[2023-0805 2117 - INFO] ======================================
[2023-0805 2117 - INFO] epoch: 54/100
[2023-0805 2117 - INFO] learning_rate: 0.0010
[2023-0805 2117 - INFO] train_acc: 24.721%, train_loss: nan
[2023-0805 2117 - INFO] test_acc: 49.707%, test_loss: 0.0056
[2023-0805 2117 - INFO] max_train_acc: 25.379%
[2023-0805 2117 - INFO] max_test_acc: 49.756%
[2023-0805 2117 - INFO] max_lr: 0.0010, min_lr: 0.0010
[2023-0805 2117 - INFO] ======================================
[2023-0805 2118 - INFO] epoch: 55/100
[2023-0805 2118 - INFO] learning_rate: 0.0010
[2023-0805 2118 - INFO] train_acc: 24.503%, train_loss: nan
[2023-0805 2118 - INFO] test_acc: 49.707%, test_loss: 0.0056
[2023-0805 2118 - INFO] max_train_acc: 25.379%
[2023-0805 2118 - INFO] max_test_acc: 49.756%
[2023-0805 2118 - INFO] max_lr: 0.0010, min_lr: 0.0010
[2023-0805 2118 - INFO] ======================================
[2023-0805 2118 - INFO] epoch: 56/100
[2023-0805 2118 - INFO] learning_rate: 0.0010
[2023-0805 2118 - INFO] train_acc: 24.580%, train_loss: nan
[2023-0805 2118 - INFO] test_acc: 49.707%, test_loss: 0.0056
[2023-0805 2118 - INFO] max_train_acc: 25.379%
[2023-0805 2118 - INFO] max_test_acc: 49.756%
[2023-0805 2118 - INFO] max_lr: 0.0010, min_lr: 0.0010
[2023-0805 2118 - INFO] ======================================
[2023-0805 2119 - INFO] epoch: 57/100
[2023-0805 2119 - INFO] learning_rate: 0.0010
[2023-0805 2119 - INFO] train_acc: 25.062%, train_loss: nan
[2023-0805 2119 - INFO] test_acc: 49.732%, test_loss: 0.0056
[2023-0805 2119 - INFO] max_train_acc: 25.379%
[2023-0805 2119 - INFO] max_test_acc: 49.756%
[2023-0805 2119 - INFO] max_lr: 0.0010, min_lr: 0.0010
[2023-0805 2119 - INFO] ======================================
[2023-0805 2120 - INFO] epoch: 58/100
[2023-0805 2120 - INFO] learning_rate: 0.0010
[2023-0805 2120 - INFO] train_acc: 24.521%, train_loss: nan
[2023-0805 2120 - INFO] test_acc: 49.683%, test_loss: 0.0056
[2023-0805 2120 - INFO] max_train_acc: 25.379%
[2023-0805 2120 - INFO] max_test_acc: 49.756%
[2023-0805 2120 - INFO] max_lr: 0.0010, min_lr: 0.0010
[2023-0805 2120 - INFO] ======================================
[2023-0805 2120 - INFO] epoch: 59/100
[2023-0805 2120 - INFO] learning_rate: 0.0010
[2023-0805 2120 - INFO] train_acc: 24.715%, train_loss: nan
[2023-0805 2120 - INFO] test_acc: 49.707%, test_loss: 0.0056
[2023-0805 2120 - INFO] max_train_acc: 25.379%
[2023-0805 2120 - INFO] max_test_acc: 49.756%
[2023-0805 2120 - INFO] max_lr: 0.0010, min_lr: 0.0010
[2023-0805 2120 - INFO] ======================================
[2023-0805 2121 - INFO] epoch: 60/100
[2023-0805 2121 - INFO] learning_rate: 0.0010
[2023-0805 2121 - INFO] train_acc: 24.515%, train_loss: nan
[2023-0805 2121 - INFO] test_acc: 49.732%, test_loss: 0.0056
[2023-0805 2121 - INFO] max_train_acc: 25.379%
[2023-0805 2121 - INFO] max_test_acc: 49.756%
[2023-0805 2121 - INFO] max_lr: 0.0010, min_lr: 0.0010
[2023-0805 2121 - INFO] ======================================
[2023-0805 2121 - INFO] epoch: 61/100
[2023-0805 2121 - INFO] learning_rate: 0.0010
[2023-0805 2121 - INFO] train_acc: 24.768%, train_loss: nan
[2023-0805 2121 - INFO] test_acc: 49.683%, test_loss: 0.0056
[2023-0805 2121 - INFO] max_train_acc: 25.379%
[2023-0805 2121 - INFO] max_test_acc: 49.756%
[2023-0805 2121 - INFO] max_lr: 0.0010, min_lr: 0.0010
[2023-0805 2121 - INFO] ======================================
[2023-0805 2122 - INFO] epoch: 62/100
[2023-0805 2122 - INFO] learning_rate: 0.0010
[2023-0805 2122 - INFO] train_acc: 24.550%, train_loss: nan
[2023-0805 2122 - INFO] test_acc: 49.707%, test_loss: 0.0056
[2023-0805 2122 - INFO] max_train_acc: 25.379%
[2023-0805 2122 - INFO] max_test_acc: 49.756%
[2023-0805 2122 - INFO] max_lr: 0.0010, min_lr: 0.0010
[2023-0805 2122 - INFO] ======================================
[2023-0805 2123 - INFO] epoch: 63/100
[2023-0805 2123 - INFO] learning_rate: 0.0010
[2023-0805 2123 - INFO] train_acc: 24.674%, train_loss: nan
[2023-0805 2123 - INFO] test_acc: 49.732%, test_loss: 0.0056
[2023-0805 2123 - INFO] max_train_acc: 25.379%
[2023-0805 2123 - INFO] max_test_acc: 49.756%
[2023-0805 2123 - INFO] max_lr: 0.0010, min_lr: 0.0010
[2023-0805 2123 - INFO] ======================================
[2023-0805 2123 - INFO] epoch: 64/100
[2023-0805 2123 - INFO] learning_rate: 0.0010
[2023-0805 2123 - INFO] train_acc: 24.979%, train_loss: nan
[2023-0805 2123 - INFO] test_acc: 49.683%, test_loss: 0.0056
[2023-0805 2123 - INFO] max_train_acc: 25.379%
[2023-0805 2123 - INFO] max_test_acc: 49.756%
[2023-0805 2123 - INFO] max_lr: 0.0010, min_lr: 0.0010
[2023-0805 2123 - INFO] ======================================
[2023-0805 2124 - INFO] epoch: 65/100
[2023-0805 2124 - INFO] learning_rate: 0.0010
[2023-0805 2124 - INFO] train_acc: 25.009%, train_loss: nan
[2023-0805 2124 - INFO] test_acc: 49.707%, test_loss: 0.0056
[2023-0805 2124 - INFO] max_train_acc: 25.379%
[2023-0805 2124 - INFO] max_test_acc: 49.756%
[2023-0805 2124 - INFO] max_lr: 0.0010, min_lr: 0.0010
[2023-0805 2124 - INFO] ======================================
[2023-0805 2124 - INFO] epoch: 66/100
[2023-0805 2124 - INFO] learning_rate: 0.0010
[2023-0805 2124 - INFO] train_acc: 24.703%, train_loss: nan
[2023-0805 2124 - INFO] test_acc: 49.756%, test_loss: 0.0056
[2023-0805 2124 - INFO] max_train_acc: 25.379%
[2023-0805 2124 - INFO] max_test_acc: 49.756%
[2023-0805 2124 - INFO] max_lr: 0.0010, min_lr: 0.0010
[2023-0805 2124 - INFO] ======================================
[2023-0805 2125 - INFO] epoch: 67/100
[2023-0805 2125 - INFO] learning_rate: 0.0010
[2023-0805 2125 - INFO] train_acc: 25.362%, train_loss: nan
[2023-0805 2125 - INFO] test_acc: 49.707%, test_loss: 0.0056
[2023-0805 2125 - INFO] max_train_acc: 25.379%
[2023-0805 2125 - INFO] max_test_acc: 49.756%
[2023-0805 2125 - INFO] max_lr: 0.0010, min_lr: 0.0010
[2023-0805 2125 - INFO] ======================================
[2023-0805 2126 - INFO] epoch: 68/100
[2023-0805 2126 - INFO] learning_rate: 0.0010
[2023-0805 2126 - INFO] train_acc: 24.927%, train_loss: nan
[2023-0805 2126 - INFO] test_acc: 49.707%, test_loss: 0.0056
[2023-0805 2126 - INFO] max_train_acc: 25.379%
[2023-0805 2126 - INFO] max_test_acc: 49.756%
[2023-0805 2126 - INFO] max_lr: 0.0010, min_lr: 0.0010
[2023-0805 2126 - INFO] ======================================
[2023-0805 2126 - INFO] epoch: 69/100
[2023-0805 2126 - INFO] learning_rate: 0.0010
[2023-0805 2126 - INFO] train_acc: 24.885%, train_loss: nan
[2023-0805 2126 - INFO] test_acc: 49.732%, test_loss: 0.0056
[2023-0805 2126 - INFO] max_train_acc: 25.379%
[2023-0805 2126 - INFO] max_test_acc: 49.756%
[2023-0805 2126 - INFO] max_lr: 0.0010, min_lr: 0.0010
[2023-0805 2126 - INFO] ======================================
[2023-0805 2127 - INFO] epoch: 70/100
[2023-0805 2127 - INFO] learning_rate: 0.0010
[2023-0805 2127 - INFO] train_acc: 25.109%, train_loss: nan
[2023-0805 2127 - INFO] test_acc: 49.732%, test_loss: 0.0056
[2023-0805 2127 - INFO] max_train_acc: 25.379%
[2023-0805 2127 - INFO] max_test_acc: 49.756%
[2023-0805 2127 - INFO] max_lr: 0.0010, min_lr: 0.0010
[2023-0805 2127 - INFO] ======================================
[2023-0805 2127 - INFO] epoch: 71/100
[2023-0805 2127 - INFO] learning_rate: 0.0010
[2023-0805 2127 - INFO] train_acc: 24.909%, train_loss: nan
[2023-0805 2127 - INFO] test_acc: 49.707%, test_loss: 0.0056
[2023-0805 2127 - INFO] max_train_acc: 25.379%
[2023-0805 2127 - INFO] max_test_acc: 49.756%
[2023-0805 2127 - INFO] max_lr: 0.0010, min_lr: 0.0010
[2023-0805 2127 - INFO] ======================================
[2023-0805 2128 - INFO] epoch: 72/100
[2023-0805 2128 - INFO] learning_rate: 0.0010
[2023-0805 2128 - INFO] train_acc: 25.267%, train_loss: nan
[2023-0805 2128 - INFO] test_acc: 49.707%, test_loss: 0.0056
[2023-0805 2128 - INFO] max_train_acc: 25.379%
[2023-0805 2128 - INFO] max_test_acc: 49.756%
[2023-0805 2128 - INFO] max_lr: 0.0010, min_lr: 0.0010
[2023-0805 2128 - INFO] ======================================
[2023-0805 2128 - INFO] epoch: 73/100
[2023-0805 2128 - INFO] learning_rate: 0.0010
[2023-0805 2128 - INFO] train_acc: 24.891%, train_loss: nan
[2023-0805 2128 - INFO] test_acc: 49.659%, test_loss: 0.0056
[2023-0805 2128 - INFO] max_train_acc: 25.379%
[2023-0805 2128 - INFO] max_test_acc: 49.756%
[2023-0805 2128 - INFO] max_lr: 0.0010, min_lr: 0.0010
[2023-0805 2128 - INFO] ======================================
[2023-0805 2129 - INFO] epoch: 74/100
[2023-0805 2129 - INFO] learning_rate: 0.0010
[2023-0805 2129 - INFO] train_acc: 25.038%, train_loss: nan
[2023-0805 2129 - INFO] test_acc: 49.732%, test_loss: 0.0056
[2023-0805 2129 - INFO] max_train_acc: 25.379%
[2023-0805 2129 - INFO] max_test_acc: 49.756%
[2023-0805 2129 - INFO] max_lr: 0.0010, min_lr: 0.0010
[2023-0805 2129 - INFO] ======================================
[2023-0805 2130 - INFO] epoch: 75/100
[2023-0805 2130 - INFO] learning_rate: 0.0010
[2023-0805 2130 - INFO] train_acc: 24.885%, train_loss: nan
[2023-0805 2130 - INFO] test_acc: 49.683%, test_loss: 0.0056
[2023-0805 2130 - INFO] max_train_acc: 25.379%
[2023-0805 2130 - INFO] max_test_acc: 49.756%
[2023-0805 2130 - INFO] max_lr: 0.0010, min_lr: 0.0010
[2023-0805 2130 - INFO] ======================================
[2023-0805 2130 - INFO] epoch: 76/100
[2023-0805 2130 - INFO] learning_rate: 0.0010
[2023-0805 2130 - INFO] train_acc: 24.474%, train_loss: nan
[2023-0805 2130 - INFO] test_acc: 49.683%, test_loss: 0.0056
[2023-0805 2130 - INFO] max_train_acc: 25.379%
[2023-0805 2130 - INFO] max_test_acc: 49.756%
[2023-0805 2130 - INFO] max_lr: 0.0010, min_lr: 0.0010
[2023-0805 2130 - INFO] ======================================
[2023-0805 2131 - INFO] epoch: 77/100
[2023-0805 2131 - INFO] learning_rate: 0.0010
[2023-0805 2131 - INFO] train_acc: 24.668%, train_loss: nan
[2023-0805 2131 - INFO] test_acc: 49.659%, test_loss: 0.0056
[2023-0805 2131 - INFO] max_train_acc: 25.379%
[2023-0805 2131 - INFO] max_test_acc: 49.756%
[2023-0805 2131 - INFO] max_lr: 0.0010, min_lr: 0.0010
[2023-0805 2131 - INFO] ======================================
[2023-0805 2131 - INFO] epoch: 78/100
[2023-0805 2131 - INFO] learning_rate: 0.0010
[2023-0805 2131 - INFO] train_acc: 25.026%, train_loss: nan
[2023-0805 2131 - INFO] test_acc: 49.683%, test_loss: 0.0056
[2023-0805 2131 - INFO] max_train_acc: 25.379%
[2023-0805 2131 - INFO] max_test_acc: 49.756%
[2023-0805 2131 - INFO] max_lr: 0.0010, min_lr: 0.0010
[2023-0805 2131 - INFO] ======================================
[2023-0805 2132 - INFO] epoch: 79/100
[2023-0805 2132 - INFO] learning_rate: 0.0010
[2023-0805 2132 - INFO] train_acc: 24.674%, train_loss: nan
[2023-0805 2132 - INFO] test_acc: 49.707%, test_loss: 0.0056
[2023-0805 2132 - INFO] max_train_acc: 25.379%
[2023-0805 2132 - INFO] max_test_acc: 49.756%
[2023-0805 2132 - INFO] max_lr: 0.0010, min_lr: 0.0010
[2023-0805 2132 - INFO] ======================================
[2023-0805 2133 - INFO] epoch: 80/100
[2023-0805 2133 - INFO] learning_rate: 0.0010
[2023-0805 2133 - INFO] train_acc: 25.350%, train_loss: nan
[2023-0805 2133 - INFO] test_acc: 49.707%, test_loss: 0.0056
[2023-0805 2133 - INFO] max_train_acc: 25.379%
[2023-0805 2133 - INFO] max_test_acc: 49.756%
[2023-0805 2133 - INFO] max_lr: 0.0010, min_lr: 0.0010
[2023-0805 2133 - INFO] ======================================
[2023-0805 2133 - INFO] epoch: 81/100
[2023-0805 2133 - INFO] learning_rate: 0.0010
[2023-0805 2133 - INFO] train_acc: 25.097%, train_loss: nan
[2023-0805 2133 - INFO] test_acc: 49.732%, test_loss: 0.0056
[2023-0805 2133 - INFO] max_train_acc: 25.379%
[2023-0805 2133 - INFO] max_test_acc: 49.756%
[2023-0805 2133 - INFO] max_lr: 0.0010, min_lr: 0.0010
[2023-0805 2133 - INFO] ======================================
[2023-0805 2134 - INFO] epoch: 82/100
[2023-0805 2134 - INFO] learning_rate: 0.0010
[2023-0805 2134 - INFO] train_acc: 24.733%, train_loss: nan
[2023-0805 2134 - INFO] test_acc: 49.756%, test_loss: 0.0056
[2023-0805 2134 - INFO] max_train_acc: 25.379%
[2023-0805 2134 - INFO] max_test_acc: 49.756%
[2023-0805 2134 - INFO] max_lr: 0.0010, min_lr: 0.0010
[2023-0805 2134 - INFO] ======================================
[2023-0805 2134 - INFO] epoch: 83/100
[2023-0805 2134 - INFO] learning_rate: 0.0010
[2023-0805 2134 - INFO] train_acc: 24.832%, train_loss: nan
[2023-0805 2134 - INFO] test_acc: 49.707%, test_loss: 0.0056
[2023-0805 2134 - INFO] max_train_acc: 25.379%
[2023-0805 2134 - INFO] max_test_acc: 49.756%
[2023-0805 2134 - INFO] max_lr: 0.0010, min_lr: 0.0010
[2023-0805 2134 - INFO] ======================================
[2023-0805 2135 - INFO] epoch: 84/100
[2023-0805 2135 - INFO] learning_rate: 0.0010
[2023-0805 2135 - INFO] train_acc: 25.009%, train_loss: nan
[2023-0805 2135 - INFO] test_acc: 49.683%, test_loss: 0.0056
[2023-0805 2135 - INFO] max_train_acc: 25.379%
[2023-0805 2135 - INFO] max_test_acc: 49.756%
[2023-0805 2135 - INFO] max_lr: 0.0010, min_lr: 0.0010
[2023-0805 2135 - INFO] ======================================
[2023-0805 2136 - INFO] epoch: 85/100
[2023-0805 2136 - INFO] learning_rate: 0.0010
[2023-0805 2136 - INFO] train_acc: 24.603%, train_loss: nan
[2023-0805 2136 - INFO] test_acc: 49.683%, test_loss: 0.0056
[2023-0805 2136 - INFO] max_train_acc: 25.379%
[2023-0805 2136 - INFO] max_test_acc: 49.756%
[2023-0805 2136 - INFO] max_lr: 0.0010, min_lr: 0.0010
[2023-0805 2136 - INFO] ======================================
[2023-0805 2136 - INFO] epoch: 86/100
[2023-0805 2136 - INFO] learning_rate: 0.0010
[2023-0805 2136 - INFO] train_acc: 24.885%, train_loss: nan
[2023-0805 2136 - INFO] test_acc: 49.683%, test_loss: 0.0056
[2023-0805 2136 - INFO] max_train_acc: 25.379%
[2023-0805 2136 - INFO] max_test_acc: 49.756%
[2023-0805 2136 - INFO] max_lr: 0.0010, min_lr: 0.0010
[2023-0805 2136 - INFO] ======================================
[2023-0805 2137 - INFO] epoch: 87/100
[2023-0805 2137 - INFO] learning_rate: 0.0010
[2023-0805 2137 - INFO] train_acc: 24.932%, train_loss: nan
[2023-0805 2137 - INFO] test_acc: 49.683%, test_loss: 0.0056
[2023-0805 2137 - INFO] max_train_acc: 25.379%
[2023-0805 2137 - INFO] max_test_acc: 49.756%
[2023-0805 2137 - INFO] max_lr: 0.0010, min_lr: 0.0010
[2023-0805 2137 - INFO] ======================================
[2023-0805 2137 - INFO] epoch: 88/100
[2023-0805 2137 - INFO] learning_rate: 0.0010
[2023-0805 2137 - INFO] train_acc: 24.856%, train_loss: nan
[2023-0805 2137 - INFO] test_acc: 49.707%, test_loss: 0.0056
[2023-0805 2137 - INFO] max_train_acc: 25.379%
[2023-0805 2137 - INFO] max_test_acc: 49.756%
[2023-0805 2137 - INFO] max_lr: 0.0010, min_lr: 0.0010
[2023-0805 2137 - INFO] ======================================
[2023-0805 2138 - INFO] epoch: 89/100
[2023-0805 2138 - INFO] learning_rate: 0.0010
[2023-0805 2138 - INFO] train_acc: 24.574%, train_loss: nan
[2023-0805 2138 - INFO] test_acc: 49.683%, test_loss: 0.0056
[2023-0805 2138 - INFO] max_train_acc: 25.379%
[2023-0805 2138 - INFO] max_test_acc: 49.756%
[2023-0805 2138 - INFO] max_lr: 0.0010, min_lr: 0.0010
[2023-0805 2138 - INFO] ======================================
[2023-0805 2138 - INFO] epoch: 90/100
[2023-0805 2138 - INFO] learning_rate: 0.0010
[2023-0805 2138 - INFO] train_acc: 25.168%, train_loss: nan
[2023-0805 2138 - INFO] test_acc: 49.659%, test_loss: 0.0056
[2023-0805 2138 - INFO] max_train_acc: 25.379%
[2023-0805 2138 - INFO] max_test_acc: 49.756%
[2023-0805 2138 - INFO] max_lr: 0.0010, min_lr: 0.0010
[2023-0805 2138 - INFO] ======================================
[2023-0805 2139 - INFO] epoch: 91/100
[2023-0805 2139 - INFO] learning_rate: 0.0010
[2023-0805 2139 - INFO] train_acc: 24.303%, train_loss: nan
[2023-0805 2139 - INFO] test_acc: 49.683%, test_loss: 0.0056
[2023-0805 2139 - INFO] max_train_acc: 25.379%
[2023-0805 2139 - INFO] max_test_acc: 49.756%
[2023-0805 2139 - INFO] max_lr: 0.0010, min_lr: 0.0010
[2023-0805 2139 - INFO] ======================================
[2023-0805 2140 - INFO] epoch: 92/100
[2023-0805 2140 - INFO] learning_rate: 0.0010
[2023-0805 2140 - INFO] train_acc: 25.021%, train_loss: nan
[2023-0805 2140 - INFO] test_acc: 49.683%, test_loss: 0.0056
[2023-0805 2140 - INFO] max_train_acc: 25.379%
[2023-0805 2140 - INFO] max_test_acc: 49.756%
[2023-0805 2140 - INFO] max_lr: 0.0010, min_lr: 0.0010
[2023-0805 2140 - INFO] ======================================
[2023-0805 2140 - INFO] epoch: 93/100
[2023-0805 2140 - INFO] learning_rate: 0.0010
[2023-0805 2140 - INFO] train_acc: 25.062%, train_loss: nan
[2023-0805 2140 - INFO] test_acc: 49.732%, test_loss: 0.0056
[2023-0805 2140 - INFO] max_train_acc: 25.379%
[2023-0805 2140 - INFO] max_test_acc: 49.756%
[2023-0805 2140 - INFO] max_lr: 0.0010, min_lr: 0.0010
[2023-0805 2140 - INFO] ======================================
[2023-0805 2141 - INFO] epoch: 94/100
[2023-0805 2141 - INFO] learning_rate: 0.0010
[2023-0805 2141 - INFO] train_acc: 25.185%, train_loss: nan
[2023-0805 2141 - INFO] test_acc: 49.707%, test_loss: 0.0056
[2023-0805 2141 - INFO] max_train_acc: 25.379%
[2023-0805 2141 - INFO] max_test_acc: 49.756%
[2023-0805 2141 - INFO] max_lr: 0.0010, min_lr: 0.0010
[2023-0805 2141 - INFO] ======================================
[2023-0805 2141 - INFO] epoch: 95/100
[2023-0805 2141 - INFO] learning_rate: 0.0010
[2023-0805 2141 - INFO] train_acc: 24.715%, train_loss: nan
[2023-0805 2141 - INFO] test_acc: 49.707%, test_loss: 0.0056
[2023-0805 2141 - INFO] max_train_acc: 25.379%
[2023-0805 2141 - INFO] max_test_acc: 49.756%
[2023-0805 2141 - INFO] max_lr: 0.0010, min_lr: 0.0010
[2023-0805 2141 - INFO] ======================================
[2023-0805 2142 - INFO] epoch: 96/100
[2023-0805 2142 - INFO] learning_rate: 0.0010
[2023-0805 2142 - INFO] train_acc: 24.991%, train_loss: nan
[2023-0805 2142 - INFO] test_acc: 49.707%, test_loss: 0.0056
[2023-0805 2142 - INFO] max_train_acc: 25.379%
[2023-0805 2142 - INFO] max_test_acc: 49.756%
[2023-0805 2142 - INFO] max_lr: 0.0010, min_lr: 0.0010
[2023-0805 2142 - INFO] ======================================
[2023-0805 2143 - INFO] epoch: 97/100
[2023-0805 2143 - INFO] learning_rate: 0.0010
[2023-0805 2143 - INFO] train_acc: 24.903%, train_loss: nan
[2023-0805 2143 - INFO] test_acc: 49.732%, test_loss: 0.0056
[2023-0805 2143 - INFO] max_train_acc: 25.379%
[2023-0805 2143 - INFO] max_test_acc: 49.756%
[2023-0805 2143 - INFO] max_lr: 0.0010, min_lr: 0.0010
[2023-0805 2143 - INFO] ======================================
[2023-0805 2143 - INFO] epoch: 98/100
[2023-0805 2143 - INFO] learning_rate: 0.0010
[2023-0805 2143 - INFO] train_acc: 25.385%, train_loss: nan
[2023-0805 2143 - INFO] test_acc: 49.683%, test_loss: 0.0056
[2023-0805 2143 - INFO] max_train_acc: 25.385%
[2023-0805 2143 - INFO] max_test_acc: 49.756%
[2023-0805 2143 - INFO] max_lr: 0.0010, min_lr: 0.0010
[2023-0805 2143 - INFO] ======================================
[2023-0805 2144 - INFO] epoch: 99/100
[2023-0805 2144 - INFO] learning_rate: 0.0010
[2023-0805 2144 - INFO] train_acc: 24.603%, train_loss: nan
[2023-0805 2144 - INFO] test_acc: 49.756%, test_loss: 0.0056
[2023-0805 2144 - INFO] max_train_acc: 25.385%
[2023-0805 2144 - INFO] max_test_acc: 49.756%
[2023-0805 2144 - INFO] max_lr: 0.0010, min_lr: 0.0010
[2023-0805 2144 - INFO] ======================================
[2023-0805 2144 - INFO] epoch: 100/100
[2023-0805 2144 - INFO] learning_rate: 0.0010
[2023-0805 2144 - INFO] train_acc: 25.168%, train_loss: nan
[2023-0805 2144 - INFO] test_acc: 49.707%, test_loss: 0.0056
[2023-0805 2144 - INFO] max_train_acc: 25.385%
[2023-0805 2144 - INFO] max_test_acc: 49.756%
[2023-0805 2144 - INFO] max_lr: 0.0010, min_lr: 0.0010
[2023-0805 2144 - INFO] ======================================
