train_batch_size= 128
test_batch_size = 128
learning_rate = 0.001
num_epochs = 50

Train Epoch: 0   Loss: 0.540168

Test set: Average loss: 0.0042, Accuracy: 13850/17820 (77.722%)

===========================================================
Train Epoch: 1   Loss: 0.508780

Test set: Average loss: 0.0042, Accuracy: 13851/17820 (77.727%)

===========================================================
Train Epoch: 2   Loss: 0.539861

Test set: Average loss: 0.0042, Accuracy: 13852/17820 (77.733%)

===========================================================
Train Epoch: 3   Loss: 0.516433

Test set: Average loss: 0.0042, Accuracy: 13851/17820 (77.727%)

===========================================================
Train Epoch: 4   Loss: 0.516435

Test set: Average loss: 0.0042, Accuracy: 13853/17820 (77.738%)

===========================================================
Train Epoch: 5   Loss: 0.477474

Test set: Average loss: 0.0042, Accuracy: 13847/17820 (77.705%)

===========================================================
Train Epoch: 6   Loss: 0.516549

Test set: Average loss: 0.0042, Accuracy: 13849/17820 (77.716%)

===========================================================
Train Epoch: 7   Loss: 0.500778

Test set: Average loss: 0.0042, Accuracy: 13849/17820 (77.716%)

===========================================================
Train Epoch: 8   Loss: 0.555473

Test set: Average loss: 0.0042, Accuracy: 13852/17820 (77.733%)

===========================================================
Train Epoch: 9   Loss: 0.555453

Test set: Average loss: 0.0042, Accuracy: 13853/17820 (77.738%)

===========================================================
Train Epoch: 10  Loss: 0.539827

Test set: Average loss: 0.0042, Accuracy: 13850/17820 (77.722%)

===========================================================
Train Epoch: 11  Loss: 0.508579

Test set: Average loss: 0.0042, Accuracy: 13850/17820 (77.722%)

===========================================================
Train Epoch: 12  Loss: 0.407036

Test set: Average loss: 0.0042, Accuracy: 13852/17820 (77.733%)

===========================================================
Train Epoch: 13  Loss: 0.508579

Test set: Average loss: 0.0042, Accuracy: 13854/17820 (77.744%)

===========================================================
Train Epoch: 14  Loss: 0.532001

Test set: Average loss: 0.0042, Accuracy: 13853/17820 (77.738%)

===========================================================
Train Epoch: 15  Loss: 0.516390

Test set: Average loss: 0.0042, Accuracy: 13853/17820 (77.738%)

===========================================================
Train Epoch: 16  Loss: 0.477331

Test set: Average loss: 0.0042, Accuracy: 13851/17820 (77.727%)

===========================================================
Train Epoch: 17  Loss: 0.492954

Test set: Average loss: 0.0042, Accuracy: 13847/17820 (77.705%)

===========================================================
Train Epoch: 18  Loss: 0.492951

Test set: Average loss: 0.0042, Accuracy: 13853/17820 (77.738%)

===========================================================
Train Epoch: 19  Loss: 0.539808

Test set: Average loss: 0.0042, Accuracy: 13848/17820 (77.710%)

===========================================================
Train Epoch: 20  Loss: 0.532013

Test set: Average loss: 0.0042, Accuracy: 13853/17820 (77.738%)

===========================================================
Train Epoch: 21  Loss: 0.452733

Test set: Average loss: 0.0039, Accuracy: 14012/17820 (78.631%)

===========================================================
Train Epoch: 22  Loss: 0.505329

Test set: Average loss: 0.0038, Accuracy: 14709/17820 (82.542%)

===========================================================
Train Epoch: 23  Loss: 0.469714

Test set: Average loss: 0.0038, Accuracy: 14763/17820 (82.845%)

===========================================================
Train Epoch: 24  Loss: 0.480023

Test set: Average loss: 0.0038, Accuracy: 14737/17820 (82.699%)

===========================================================
Train Epoch: 25  Loss: 0.470134

Test set: Average loss: 0.0038, Accuracy: 14755/17820 (82.800%)

===========================================================
Train Epoch: 26  Loss: 0.476421

Test set: Average loss: 0.0037, Accuracy: 14820/17820 (83.165%)

===========================================================
Train Epoch: 27  Loss: 0.456820

Test set: Average loss: 0.0037, Accuracy: 14814/17820 (83.131%)

===========================================================
Train Epoch: 28  Loss: 0.527307

Test set: Average loss: 0.0037, Accuracy: 14821/17820 (83.171%)

===========================================================
Train Epoch: 29  Loss: 0.508927

Test set: Average loss: 0.0037, Accuracy: 14827/17820 (83.204%)

===========================================================
Train Epoch: 30  Loss: 0.470373

Test set: Average loss: 0.0037, Accuracy: 14840/17820 (83.277%)

===========================================================
Train Epoch: 31  Loss: 0.451708

Test set: Average loss: 0.0037, Accuracy: 14822/17820 (83.176%)

===========================================================
Train Epoch: 32  Loss: 0.442496

Test set: Average loss: 0.0037, Accuracy: 14868/17820 (83.434%)

===========================================================
Train Epoch: 33  Loss: 0.464820

Test set: Average loss: 0.0037, Accuracy: 14877/17820 (83.485%)

===========================================================
Train Epoch: 34  Loss: 0.504299

Test set: Average loss: 0.0037, Accuracy: 14876/17820 (83.479%)

===========================================================
Train Epoch: 35  Loss: 0.482980

Test set: Average loss: 0.0037, Accuracy: 14847/17820 (83.316%)

===========================================================
Train Epoch: 36  Loss: 0.499044

Test set: Average loss: 0.0037, Accuracy: 14852/17820 (83.345%)

===========================================================
Train Epoch: 37  Loss: 0.429236

Test set: Average loss: 0.0037, Accuracy: 14905/17820 (83.642%)

===========================================================
Train Epoch: 38  Loss: 0.452583

Test set: Average loss: 0.0037, Accuracy: 14865/17820 (83.418%)

===========================================================
Train Epoch: 39  Loss: 0.452512

Test set: Average loss: 0.0037, Accuracy: 14902/17820 (83.625%)

===========================================================
Train Epoch: 40  Loss: 0.494311

Test set: Average loss: 0.0037, Accuracy: 14911/17820 (83.676%)

===========================================================
Train Epoch: 41  Loss: 0.473915

Test set: Average loss: 0.0037, Accuracy: 14908/17820 (83.659%)

===========================================================
Train Epoch: 42  Loss: 0.479395

Test set: Average loss: 0.0037, Accuracy: 14927/17820 (83.765%)

===========================================================
Train Epoch: 43  Loss: 0.441687

Test set: Average loss: 0.0037, Accuracy: 14889/17820 (83.552%)

===========================================================
Train Epoch: 44  Loss: 0.462562

Test set: Average loss: 0.0037, Accuracy: 14918/17820 (83.715%)

===========================================================
Train Epoch: 45  Loss: 0.442364

Test set: Average loss: 0.0037, Accuracy: 14931/17820 (83.788%)

===========================================================
Train Epoch: 46  Loss: 0.490773

Test set: Average loss: 0.0037, Accuracy: 14919/17820 (83.721%)

===========================================================
Train Epoch: 47  Loss: 0.445618

Test set: Average loss: 0.0037, Accuracy: 14936/17820 (83.816%)

===========================================================
Train Epoch: 48  Loss: 0.428066

Test set: Average loss: 0.0037, Accuracy: 14932/17820 (83.793%)

===========================================================
Train Epoch: 49  Loss: 0.499725

Test set: Average loss: 0.0037, Accuracy: 14949/17820 (83.889%)