[2023-0804 1351 - INFO] <<< BEATs_iter3_plus_AS2M - 2 fc layer >>> 
[2023-0804 1351 - INFO] Add FrequencyMasking and TimeMasking
[2023-0804 1351 - INFO] Add time_stretch 0.8 and time_stretch 1.2
[2023-0804 1351 - INFO] # trainset_size = 94712
[2023-0804 1351 - INFO] # testset_size = 27070
[2023-0804 1351 - INFO] # train_a/p = 86207/8505
[2023-0804 1351 - INFO] # test_a/p = 20920/6150
[2023-0804 1351 - INFO] # batch_size = 128
[2023-0804 1351 - INFO] # learning_rate = 0.0005
[2023-0804 1351 - INFO] # weight_decay = 0.01
[2023-0804 1351 - INFO] # num_epochs = 100
[2023-0804 1351 - INFO] # padding_size = 3500
[2023-0804 1351 - INFO] # loss_fn = CE
[2023-0804 1351 - INFO] # scheduler = None
[2023-0804 1351 - INFO] # optimizer = AdamW (
Parameter Group 0
    amsgrad: False
    betas: (0.9, 0.999)
    capturable: False
    differentiable: False
    eps: 1e-08
    foreach: None
    fused: None
    lr: 0.0005
    maximize: False
    weight_decay: 0.01
)
[2023-0804 1351 - INFO] -------------------------------------
[2023-0804 1355 - INFO] epoch: 1/100
[2023-0804 1355 - INFO] learning_rate: 0.0005
[2023-0804 1355 - INFO] train_acc: 52.548%, train_loss: nan
[2023-0804 1355 - INFO] test_acc: 33.066%, test_loss: 0.0056
[2023-0804 1355 - INFO] max_train_acc: 52.548%
[2023-0804 1355 - INFO] max_test_acc: 33.066%
[2023-0804 1355 - INFO] max_lr: 0.0005, min_lr: 0.0005
[2023-0804 1355 - INFO] ======================================
