[2023-0802 1201 - INFO] <<< BEATs_iter3_plus_AS2M - 1 fc layer >>> 
[2023-0802 1201 - INFO] # trainset_size = 17010
[2023-0802 1201 - INFO] # testset_size = 22970
[2023-0802 1201 - INFO] # train_a/p = 8505/8505
[2023-0802 1201 - INFO] # test_a/p = 20920/2050
[2023-0802 1201 - INFO] # batch_size = 128
[2023-0802 1201 - INFO] # learning_rate = 0.001
[2023-0802 1201 - INFO] # num_epochs = 100
[2023-0802 1201 - INFO] # padding_size = 3500
[2023-0802 1201 - INFO] # criterion =  F.binary_cross_entropy()
[2023-0802 1201 - INFO] # scheduler = <torch.optim.lr_scheduler.LambdaLR object at 0x000001E3D146B070>
[2023-0802 1201 - INFO] # optimizer = AdamW (
Parameter Group 0
    amsgrad: False
    betas: (0.9, 0.999)
    capturable: False
    differentiable: False
    eps: 1e-08
    foreach: None
    fused: None
    initial_lr: 0.001
    lr: 0.0
    maximize: False
    weight_decay: 0.01
)
[2023-0802 1201 - INFO] -------------------------------------
