[2023-19-07 20:27:30 - INFO:] # batch_size = 128
[2023-19-07 20:27:30 - INFO:] # learning_rate = 0.0005
[2023-19-07 20:27:30 - INFO:] # num_epochs = 50
[2023-19-07 20:27:30 - INFO:] # padding_size = 375
[2023-19-07 20:27:30 - INFO:] ----------------------------------------------------
[2023-19-07 20:30:09 - INFO:] epoch: 0
[2023-19-07 20:30:09 - INFO:] train_loss: 0.408
[2023-19-07 20:30:09 - INFO:] test_acc: 90.853%  test_loss: 0.003
[2023-19-07 20:30:09 - INFO:] =========================================
[2023-19-07 20:32:46 - INFO:] epoch: 1
[2023-19-07 20:32:46 - INFO:] train_loss: 0.353
[2023-19-07 20:32:46 - INFO:] test_acc: 90.845%  test_loss: 0.003
[2023-19-07 20:32:46 - INFO:] =========================================
[2023-19-07 20:35:22 - INFO:] epoch: 2
[2023-19-07 20:35:22 - INFO:] train_loss: 0.439
[2023-19-07 20:35:22 - INFO:] test_acc: 90.845%  test_loss: 0.003
[2023-19-07 20:35:22 - INFO:] =========================================
[2023-19-07 20:37:58 - INFO:] epoch: 3
[2023-19-07 20:37:58 - INFO:] train_loss: 0.391
[2023-19-07 20:37:58 - INFO:] test_acc: 90.840%  test_loss: 0.003
[2023-19-07 20:37:58 - INFO:] =========================================
[2023-19-07 20:40:32 - INFO:] epoch: 4
[2023-19-07 20:40:32 - INFO:] train_loss: 0.360
[2023-19-07 20:40:32 - INFO:] test_acc: 90.849%  test_loss: 0.003
[2023-19-07 20:40:32 - INFO:] =========================================
[2023-19-07 20:43:06 - INFO:] epoch: 5
[2023-19-07 20:43:06 - INFO:] train_loss: 0.392
[2023-19-07 20:43:06 - INFO:] test_acc: 90.845%  test_loss: 0.003
[2023-19-07 20:43:06 - INFO:] =========================================
[2023-19-07 20:45:40 - INFO:] epoch: 6
[2023-19-07 20:45:40 - INFO:] train_loss: 0.407
[2023-19-07 20:45:40 - INFO:] test_acc: 90.853%  test_loss: 0.003
[2023-19-07 20:45:40 - INFO:] =========================================
[2023-19-07 20:48:14 - INFO:] epoch: 7
[2023-19-07 20:48:14 - INFO:] train_loss: 0.391
[2023-19-07 20:48:14 - INFO:] test_acc: 90.845%  test_loss: 0.003
[2023-19-07 20:48:14 - INFO:] =========================================
[2023-19-07 20:50:49 - INFO:] epoch: 8
[2023-19-07 20:50:49 - INFO:] train_loss: 0.430
[2023-19-07 20:50:49 - INFO:] test_acc: 90.849%  test_loss: 0.003
[2023-19-07 20:50:49 - INFO:] =========================================
[2023-19-07 20:53:23 - INFO:] epoch: 9
[2023-19-07 20:53:23 - INFO:] train_loss: 0.423
[2023-19-07 20:53:23 - INFO:] test_acc: 90.840%  test_loss: 0.003
[2023-19-07 20:53:23 - INFO:] =========================================
[2023-19-07 20:55:58 - INFO:] epoch: 10
[2023-19-07 20:55:58 - INFO:] train_loss: 0.360
[2023-19-07 20:55:58 - INFO:] test_acc: 90.832%  test_loss: 0.003
[2023-19-07 20:55:58 - INFO:] =========================================
[2023-19-07 20:58:32 - INFO:] epoch: 11
[2023-19-07 20:58:32 - INFO:] train_loss: 0.362
[2023-19-07 20:58:32 - INFO:] test_acc: 90.849%  test_loss: 0.003
[2023-19-07 20:58:32 - INFO:] =========================================
[2023-19-07 21:01:06 - INFO:] epoch: 12
[2023-19-07 21:01:06 - INFO:] train_loss: 0.393
[2023-19-07 21:01:06 - INFO:] test_acc: 90.845%  test_loss: 0.003
[2023-19-07 21:01:06 - INFO:] =========================================
[2023-19-07 21:03:39 - INFO:] epoch: 13
[2023-19-07 21:03:39 - INFO:] train_loss: 0.407
[2023-19-07 21:03:39 - INFO:] test_acc: 90.845%  test_loss: 0.003
[2023-19-07 21:03:39 - INFO:] =========================================
[2023-19-07 21:06:13 - INFO:] epoch: 14
[2023-19-07 21:06:13 - INFO:] train_loss: 0.412
[2023-19-07 21:06:13 - INFO:] test_acc: 90.936%  test_loss: 0.003
[2023-19-07 21:06:13 - INFO:] =========================================
[2023-19-07 21:08:47 - INFO:] epoch: 15
[2023-19-07 21:08:47 - INFO:] train_loss: 0.418
[2023-19-07 21:08:47 - INFO:] test_acc: 90.858%  test_loss: 0.003
[2023-19-07 21:08:47 - INFO:] =========================================
[2023-19-07 21:11:22 - INFO:] epoch: 16
[2023-19-07 21:11:22 - INFO:] train_loss: 0.418
[2023-19-07 21:11:22 - INFO:] test_acc: 90.936%  test_loss: 0.003
[2023-19-07 21:11:22 - INFO:] =========================================
[2023-19-07 21:13:56 - INFO:] epoch: 17
[2023-19-07 21:13:56 - INFO:] train_loss: 0.427
[2023-19-07 21:13:56 - INFO:] test_acc: 90.892%  test_loss: 0.003
[2023-19-07 21:13:56 - INFO:] =========================================
[2023-19-07 21:16:30 - INFO:] epoch: 18
[2023-19-07 21:16:30 - INFO:] train_loss: 0.415
[2023-19-07 21:16:30 - INFO:] test_acc: 90.862%  test_loss: 0.003
[2023-19-07 21:16:30 - INFO:] =========================================
[2023-19-07 21:19:05 - INFO:] epoch: 19
[2023-19-07 21:19:05 - INFO:] train_loss: 0.391
[2023-19-07 21:19:05 - INFO:] test_acc: 90.892%  test_loss: 0.003
[2023-19-07 21:19:05 - INFO:] =========================================
[2023-19-07 21:21:38 - INFO:] epoch: 20
[2023-19-07 21:21:38 - INFO:] train_loss: 0.421
[2023-19-07 21:21:38 - INFO:] test_acc: 90.953%  test_loss: 0.003
[2023-19-07 21:21:38 - INFO:] =========================================
[2023-19-07 21:24:13 - INFO:] epoch: 21
[2023-19-07 21:24:13 - INFO:] train_loss: 0.374
[2023-19-07 21:24:13 - INFO:] test_acc: 90.966%  test_loss: 0.003
[2023-19-07 21:24:13 - INFO:] =========================================
[2023-19-07 21:26:47 - INFO:] epoch: 22
[2023-19-07 21:26:47 - INFO:] train_loss: 0.403
[2023-19-07 21:26:47 - INFO:] test_acc: 90.997%  test_loss: 0.003
[2023-19-07 21:26:47 - INFO:] =========================================
[2023-19-07 21:29:21 - INFO:] epoch: 23
[2023-19-07 21:29:21 - INFO:] train_loss: 0.393
[2023-19-07 21:29:21 - INFO:] test_acc: 91.093%  test_loss: 0.003
[2023-19-07 21:29:21 - INFO:] =========================================
[2023-19-07 21:31:55 - INFO:] epoch: 24
[2023-19-07 21:31:55 - INFO:] train_loss: 0.387
[2023-19-07 21:31:55 - INFO:] test_acc: 91.110%  test_loss: 0.003
[2023-19-07 21:31:55 - INFO:] =========================================
[2023-19-07 21:34:28 - INFO:] epoch: 25
[2023-19-07 21:34:28 - INFO:] train_loss: 0.412
[2023-19-07 21:34:28 - INFO:] test_acc: 91.023%  test_loss: 0.003
[2023-19-07 21:34:28 - INFO:] =========================================
[2023-19-07 21:37:01 - INFO:] epoch: 26
[2023-19-07 21:37:01 - INFO:] train_loss: 0.401
[2023-19-07 21:37:01 - INFO:] test_acc: 91.106%  test_loss: 0.003
[2023-19-07 21:37:01 - INFO:] =========================================
[2023-19-07 21:39:35 - INFO:] epoch: 27
[2023-19-07 21:39:35 - INFO:] train_loss: 0.398
[2023-19-07 21:39:35 - INFO:] test_acc: 91.097%  test_loss: 0.003
[2023-19-07 21:39:35 - INFO:] =========================================
[2023-19-07 21:42:08 - INFO:] epoch: 28
[2023-19-07 21:42:08 - INFO:] train_loss: 0.415
[2023-19-07 21:42:08 - INFO:] test_acc: 91.093%  test_loss: 0.003
[2023-19-07 21:42:08 - INFO:] =========================================
[2023-19-07 21:44:41 - INFO:] epoch: 29
[2023-19-07 21:44:41 - INFO:] train_loss: 0.414
[2023-19-07 21:44:41 - INFO:] test_acc: 91.128%  test_loss: 0.003
[2023-19-07 21:44:41 - INFO:] =========================================
[2023-19-07 21:47:16 - INFO:] epoch: 30
[2023-19-07 21:47:16 - INFO:] train_loss: 0.399
[2023-19-07 21:47:16 - INFO:] test_acc: 91.106%  test_loss: 0.003
[2023-19-07 21:47:16 - INFO:] =========================================
[2023-19-07 21:49:49 - INFO:] epoch: 31
[2023-19-07 21:49:49 - INFO:] train_loss: 0.417
[2023-19-07 21:49:49 - INFO:] test_acc: 91.193%  test_loss: 0.003
[2023-19-07 21:49:49 - INFO:] =========================================
[2023-19-07 21:52:22 - INFO:] epoch: 32
[2023-19-07 21:52:22 - INFO:] train_loss: 0.392
[2023-19-07 21:52:22 - INFO:] test_acc: 91.132%  test_loss: 0.003
[2023-19-07 21:52:22 - INFO:] =========================================
[2023-19-07 21:54:56 - INFO:] epoch: 33
[2023-19-07 21:54:56 - INFO:] train_loss: 0.408
[2023-19-07 21:54:56 - INFO:] test_acc: 91.175%  test_loss: 0.003
[2023-19-07 21:54:56 - INFO:] =========================================
[2023-19-07 21:57:29 - INFO:] epoch: 34
[2023-19-07 21:57:29 - INFO:] train_loss: 0.406
[2023-19-07 21:57:29 - INFO:] test_acc: 91.215%  test_loss: 0.003
[2023-19-07 21:57:29 - INFO:] =========================================
[2023-19-07 22:00:03 - INFO:] epoch: 35
[2023-19-07 22:00:03 - INFO:] train_loss: 0.429
[2023-19-07 22:00:03 - INFO:] test_acc: 91.258%  test_loss: 0.003
[2023-19-07 22:00:03 - INFO:] =========================================
[2023-19-07 22:02:36 - INFO:] epoch: 36
[2023-19-07 22:02:36 - INFO:] train_loss: 0.411
[2023-19-07 22:02:36 - INFO:] test_acc: 91.223%  test_loss: 0.003
[2023-19-07 22:02:36 - INFO:] =========================================
[2023-19-07 22:05:10 - INFO:] epoch: 37
[2023-19-07 22:05:10 - INFO:] train_loss: 0.382
[2023-19-07 22:05:10 - INFO:] test_acc: 91.223%  test_loss: 0.003
[2023-19-07 22:05:10 - INFO:] =========================================
[2023-19-07 22:07:44 - INFO:] epoch: 38
[2023-19-07 22:07:44 - INFO:] train_loss: 0.428
[2023-19-07 22:07:44 - INFO:] test_acc: 91.367%  test_loss: 0.003
[2023-19-07 22:07:44 - INFO:] =========================================
[2023-19-07 22:10:26 - INFO:] epoch: 39
[2023-19-07 22:10:26 - INFO:] train_loss: 0.394
[2023-19-07 22:10:26 - INFO:] test_acc: 91.254%  test_loss: 0.003
[2023-19-07 22:10:26 - INFO:] =========================================
