[2023-09-07 15:09:54 - INFO:] # train_batch_size = 128
[2023-09-07 15:09:54 - INFO:] # test_batch_size = 128
[2023-09-07 15:09:54 - INFO:] # learning_rate = 0.001
[2023-09-07 15:09:54 - INFO:] # num_epochs = 50
[2023-09-07 15:09:54 - INFO:] # padding_size = 7500
[2023-09-07 15:09:54 - INFO:] ----------------------------------------------------
[2023-09-07 15:11:45 - INFO:] epoch: 0
[2023-09-07 15:11:45 - INFO:] train_loss: 0.517
[2023-09-07 15:11:45 - INFO:] test_acc: 77.727%  test_loss: 0.004
[2023-09-07 15:11:45 - INFO:] =========================================
[2023-09-07 15:13:31 - INFO:] epoch: 1
[2023-09-07 15:13:31 - INFO:] train_loss: 0.509
[2023-09-07 15:13:31 - INFO:] test_acc: 77.722%  test_loss: 0.004
[2023-09-07 15:13:31 - INFO:] =========================================
[2023-09-07 15:15:16 - INFO:] epoch: 2
[2023-09-07 15:15:16 - INFO:] train_loss: 0.501
[2023-09-07 15:15:16 - INFO:] test_acc: 77.733%  test_loss: 0.004
[2023-09-07 15:15:16 - INFO:] =========================================
[2023-09-07 15:17:01 - INFO:] epoch: 3
[2023-09-07 15:17:01 - INFO:] train_loss: 0.470
[2023-09-07 15:17:01 - INFO:] test_acc: 77.710%  test_loss: 0.004
[2023-09-07 15:17:01 - INFO:] =========================================
[2023-09-07 15:18:45 - INFO:] epoch: 4
[2023-09-07 15:18:45 - INFO:] train_loss: 0.524
[2023-09-07 15:18:45 - INFO:] test_acc: 77.705%  test_loss: 0.004
[2023-09-07 15:18:45 - INFO:] =========================================
[2023-09-07 15:20:30 - INFO:] epoch: 5
[2023-09-07 15:20:30 - INFO:] train_loss: 0.540
[2023-09-07 15:20:30 - INFO:] test_acc: 77.727%  test_loss: 0.004
[2023-09-07 15:20:30 - INFO:] =========================================
[2023-09-07 15:22:15 - INFO:] epoch: 6
[2023-09-07 15:22:15 - INFO:] train_loss: 0.548
[2023-09-07 15:22:15 - INFO:] test_acc: 77.705%  test_loss: 0.004
[2023-09-07 15:22:15 - INFO:] =========================================
[2023-09-07 15:24:00 - INFO:] epoch: 7
[2023-09-07 15:24:00 - INFO:] train_loss: 0.477
[2023-09-07 15:24:00 - INFO:] test_acc: 77.733%  test_loss: 0.004
[2023-09-07 15:24:00 - INFO:] =========================================
[2023-09-07 15:25:44 - INFO:] epoch: 8
[2023-09-07 15:25:44 - INFO:] train_loss: 0.493
[2023-09-07 15:25:44 - INFO:] test_acc: 77.733%  test_loss: 0.004
[2023-09-07 15:25:44 - INFO:] =========================================
[2023-09-07 15:27:29 - INFO:] epoch: 9
[2023-09-07 15:27:29 - INFO:] train_loss: 0.501
[2023-09-07 15:27:29 - INFO:] test_acc: 77.733%  test_loss: 0.004
[2023-09-07 15:27:29 - INFO:] =========================================
[2023-09-07 15:29:13 - INFO:] epoch: 10
[2023-09-07 15:29:13 - INFO:] train_loss: 0.509
[2023-09-07 15:29:13 - INFO:] test_acc: 77.733%  test_loss: 0.004
[2023-09-07 15:29:13 - INFO:] =========================================
[2023-09-07 15:30:58 - INFO:] epoch: 11
[2023-09-07 15:30:58 - INFO:] train_loss: 0.470
[2023-09-07 15:30:58 - INFO:] test_acc: 77.733%  test_loss: 0.004
[2023-09-07 15:30:58 - INFO:] =========================================
[2023-09-07 15:32:43 - INFO:] epoch: 12
[2023-09-07 15:32:43 - INFO:] train_loss: 0.509
[2023-09-07 15:32:43 - INFO:] test_acc: 77.710%  test_loss: 0.004
[2023-09-07 15:32:43 - INFO:] =========================================
[2023-09-07 15:34:27 - INFO:] epoch: 13
[2023-09-07 15:34:27 - INFO:] train_loss: 0.509
[2023-09-07 15:34:27 - INFO:] test_acc: 77.727%  test_loss: 0.004
[2023-09-07 15:34:27 - INFO:] =========================================
[2023-09-07 15:36:12 - INFO:] epoch: 14
[2023-09-07 15:36:12 - INFO:] train_loss: 0.470
[2023-09-07 15:36:12 - INFO:] test_acc: 77.727%  test_loss: 0.004
[2023-09-07 15:36:12 - INFO:] =========================================
[2023-09-07 15:37:57 - INFO:] epoch: 15
[2023-09-07 15:37:57 - INFO:] train_loss: 0.470
[2023-09-07 15:37:57 - INFO:] test_acc: 77.716%  test_loss: 0.004
[2023-09-07 15:37:57 - INFO:] =========================================
[2023-09-07 15:39:41 - INFO:] epoch: 16
[2023-09-07 15:39:41 - INFO:] train_loss: 0.540
[2023-09-07 15:39:41 - INFO:] test_acc: 77.722%  test_loss: 0.004
[2023-09-07 15:39:41 - INFO:] =========================================
[2023-09-07 15:41:26 - INFO:] epoch: 17
[2023-09-07 15:41:26 - INFO:] train_loss: 0.475
[2023-09-07 15:41:26 - INFO:] test_acc: 77.727%  test_loss: 0.004
[2023-09-07 15:41:26 - INFO:] =========================================
[2023-09-07 15:43:10 - INFO:] epoch: 18
[2023-09-07 15:43:10 - INFO:] train_loss: 0.494
[2023-09-07 15:43:10 - INFO:] test_acc: 77.750%  test_loss: 0.004
[2023-09-07 15:43:10 - INFO:] =========================================
[2023-09-07 15:44:55 - INFO:] epoch: 19
[2023-09-07 15:44:55 - INFO:] train_loss: 0.505
[2023-09-07 15:44:55 - INFO:] test_acc: 77.744%  test_loss: 0.004
[2023-09-07 15:44:55 - INFO:] =========================================
[2023-09-07 15:46:40 - INFO:] epoch: 20
[2023-09-07 15:46:40 - INFO:] train_loss: 0.520
[2023-09-07 15:46:40 - INFO:] test_acc: 77.722%  test_loss: 0.004
[2023-09-07 15:46:40 - INFO:] =========================================
[2023-09-07 15:48:25 - INFO:] epoch: 21
[2023-09-07 15:48:25 - INFO:] train_loss: 0.530
[2023-09-07 15:48:25 - INFO:] test_acc: 77.710%  test_loss: 0.004
[2023-09-07 15:48:25 - INFO:] =========================================
[2023-09-07 15:50:09 - INFO:] epoch: 22
[2023-09-07 15:50:09 - INFO:] train_loss: 0.535
[2023-09-07 15:50:09 - INFO:] test_acc: 77.750%  test_loss: 0.004
[2023-09-07 15:50:09 - INFO:] =========================================
[2023-09-07 15:51:54 - INFO:] epoch: 23
[2023-09-07 15:51:54 - INFO:] train_loss: 0.505
[2023-09-07 15:51:54 - INFO:] test_acc: 77.738%  test_loss: 0.004
[2023-09-07 15:51:54 - INFO:] =========================================
[2023-09-07 15:53:39 - INFO:] epoch: 24
[2023-09-07 15:53:39 - INFO:] train_loss: 0.461
[2023-09-07 15:53:39 - INFO:] test_acc: 77.738%  test_loss: 0.004
[2023-09-07 15:53:39 - INFO:] =========================================
[2023-09-07 15:55:23 - INFO:] epoch: 25
[2023-09-07 15:55:23 - INFO:] train_loss: 0.499
[2023-09-07 15:55:23 - INFO:] test_acc: 77.738%  test_loss: 0.004
[2023-09-07 15:55:23 - INFO:] =========================================
[2023-09-07 15:57:08 - INFO:] epoch: 26
[2023-09-07 15:57:08 - INFO:] train_loss: 0.464
[2023-09-07 15:57:08 - INFO:] test_acc: 77.738%  test_loss: 0.004
[2023-09-07 15:57:08 - INFO:] =========================================
[2023-09-07 15:58:52 - INFO:] epoch: 27
[2023-09-07 15:58:52 - INFO:] train_loss: 0.523
[2023-09-07 15:58:52 - INFO:] test_acc: 77.744%  test_loss: 0.004
[2023-09-07 15:58:52 - INFO:] =========================================
[2023-09-07 16:00:37 - INFO:] epoch: 28
[2023-09-07 16:00:37 - INFO:] train_loss: 0.475
[2023-09-07 16:00:37 - INFO:] test_acc: 77.755%  test_loss: 0.004
[2023-09-07 16:00:37 - INFO:] =========================================
[2023-09-07 16:02:21 - INFO:] epoch: 29
[2023-09-07 16:02:21 - INFO:] train_loss: 0.467
[2023-09-07 16:02:21 - INFO:] test_acc: 77.783%  test_loss: 0.004
[2023-09-07 16:02:21 - INFO:] =========================================
[2023-09-07 16:04:06 - INFO:] epoch: 30
[2023-09-07 16:04:06 - INFO:] train_loss: 0.466
[2023-09-07 16:04:06 - INFO:] test_acc: 77.767%  test_loss: 0.004
[2023-09-07 16:04:06 - INFO:] =========================================
[2023-09-07 16:05:51 - INFO:] epoch: 31
[2023-09-07 16:05:51 - INFO:] train_loss: 0.480
[2023-09-07 16:05:51 - INFO:] test_acc: 77.738%  test_loss: 0.004
[2023-09-07 16:05:51 - INFO:] =========================================
[2023-09-07 16:07:36 - INFO:] epoch: 32
[2023-09-07 16:07:36 - INFO:] train_loss: 0.485
[2023-09-07 16:07:36 - INFO:] test_acc: 77.744%  test_loss: 0.004
[2023-09-07 16:07:36 - INFO:] =========================================
[2023-09-07 16:09:21 - INFO:] epoch: 33
[2023-09-07 16:09:21 - INFO:] train_loss: 0.481
[2023-09-07 16:09:21 - INFO:] test_acc: 77.772%  test_loss: 0.004
[2023-09-07 16:09:21 - INFO:] =========================================
[2023-09-07 16:11:05 - INFO:] epoch: 34
[2023-09-07 16:11:05 - INFO:] train_loss: 0.464
[2023-09-07 16:11:05 - INFO:] test_acc: 77.761%  test_loss: 0.004
[2023-09-07 16:11:05 - INFO:] =========================================
[2023-09-07 16:12:49 - INFO:] epoch: 35
[2023-09-07 16:12:49 - INFO:] train_loss: 0.555
[2023-09-07 16:12:49 - INFO:] test_acc: 77.778%  test_loss: 0.004
[2023-09-07 16:12:49 - INFO:] =========================================
[2023-09-07 16:14:34 - INFO:] epoch: 36
[2023-09-07 16:14:34 - INFO:] train_loss: 0.527
[2023-09-07 16:14:34 - INFO:] test_acc: 77.828%  test_loss: 0.004
[2023-09-07 16:14:34 - INFO:] =========================================
[2023-09-07 16:16:19 - INFO:] epoch: 37
[2023-09-07 16:16:19 - INFO:] train_loss: 0.499
[2023-09-07 16:16:19 - INFO:] test_acc: 77.750%  test_loss: 0.004
[2023-09-07 16:16:19 - INFO:] =========================================
[2023-09-07 16:18:04 - INFO:] epoch: 38
[2023-09-07 16:18:04 - INFO:] train_loss: 0.462
[2023-09-07 16:18:04 - INFO:] test_acc: 77.817%  test_loss: 0.004
[2023-09-07 16:18:04 - INFO:] =========================================
[2023-09-07 16:19:48 - INFO:] epoch: 39
[2023-09-07 16:19:48 - INFO:] train_loss: 0.502
[2023-09-07 16:19:48 - INFO:] test_acc: 77.778%  test_loss: 0.004
[2023-09-07 16:19:48 - INFO:] =========================================
[2023-09-07 16:21:33 - INFO:] epoch: 40
[2023-09-07 16:21:33 - INFO:] train_loss: 0.434
[2023-09-07 16:21:33 - INFO:] test_acc: 77.834%  test_loss: 0.004
[2023-09-07 16:21:33 - INFO:] =========================================
[2023-09-07 16:23:18 - INFO:] epoch: 41
[2023-09-07 16:23:18 - INFO:] train_loss: 0.489
[2023-09-07 16:23:18 - INFO:] test_acc: 77.862%  test_loss: 0.004
[2023-09-07 16:23:18 - INFO:] =========================================
[2023-09-07 16:25:02 - INFO:] epoch: 42
[2023-09-07 16:25:02 - INFO:] train_loss: 0.538
[2023-09-07 16:25:02 - INFO:] test_acc: 77.868%  test_loss: 0.004
[2023-09-07 16:25:02 - INFO:] =========================================
[2023-09-07 16:26:47 - INFO:] epoch: 43
[2023-09-07 16:26:47 - INFO:] train_loss: 0.486
[2023-09-07 16:26:47 - INFO:] test_acc: 78.311%  test_loss: 0.004
[2023-09-07 16:26:47 - INFO:] =========================================
[2023-09-07 16:28:32 - INFO:] epoch: 44
[2023-09-07 16:28:32 - INFO:] train_loss: 0.452
[2023-09-07 16:28:32 - INFO:] test_acc: 83.373%  test_loss: 0.004
[2023-09-07 16:28:32 - INFO:] =========================================
[2023-09-07 16:30:16 - INFO:] epoch: 45
[2023-09-07 16:30:16 - INFO:] train_loss: 0.449
[2023-09-07 16:30:16 - INFO:] test_acc: 83.311%  test_loss: 0.004
[2023-09-07 16:30:16 - INFO:] =========================================
[2023-09-07 16:32:01 - INFO:] epoch: 46
[2023-09-07 16:32:01 - INFO:] train_loss: 0.443
[2023-09-07 16:32:01 - INFO:] test_acc: 83.490%  test_loss: 0.004
[2023-09-07 16:32:01 - INFO:] =========================================
[2023-09-07 16:33:46 - INFO:] epoch: 47
[2023-09-07 16:33:46 - INFO:] train_loss: 0.478
[2023-09-07 16:33:46 - INFO:] test_acc: 83.378%  test_loss: 0.004
[2023-09-07 16:33:46 - INFO:] =========================================
[2023-09-07 16:35:31 - INFO:] epoch: 48
[2023-09-07 16:35:31 - INFO:] train_loss: 0.495
[2023-09-07 16:35:31 - INFO:] test_acc: 83.401%  test_loss: 0.004
[2023-09-07 16:35:31 - INFO:] =========================================
[2023-09-07 16:37:15 - INFO:] epoch: 49
[2023-09-07 16:37:15 - INFO:] train_loss: 0.455
[2023-09-07 16:37:15 - INFO:] test_acc: 83.490%  test_loss: 0.004
[2023-09-07 16:37:15 - INFO:] =========================================
