[2023-0803 1753 - INFO] <<< BEATs_iter3_plus_AS2M - 1 fc layer >>> 
[2023-0803 1753 - INFO] Add FrequencyMasking and TimeMasking
[2023-0803 1753 - INFO] # trainset_size = 17010
[2023-0803 1753 - INFO] # testset_size = 22970
[2023-0803 1753 - INFO] # train_a/p = 8505/8505
[2023-0803 1753 - INFO] # test_a/p = 20920/2050
[2023-0803 1753 - INFO] # batch_size = 128
[2023-0803 1753 - INFO] # learning_rate = 0.005
[2023-0803 1753 - INFO] # num_epochs = 100
[2023-0803 1753 - INFO] # padding_size = 3500
[2023-0803 1753 - INFO] # loss_fn = CE
[2023-0803 1753 - INFO] # scheduler = None
[2023-0803 1753 - INFO] # optimizer = AdamW (
Parameter Group 0
    amsgrad: False
    betas: (0.9, 0.999)
    capturable: False
    differentiable: False
    eps: 1e-08
    foreach: None
    fused: None
    lr: 0.005
    maximize: False
    weight_decay: 0.01
)
[2023-0803 1753 - INFO] -------------------------------------
[2023-0803 1754 - INFO] epoch: 1/100
[2023-0803 1754 - INFO] learning_rate: 0.0050
[2023-0803 1754 - INFO] train_acc: 72.446%, train_loss: 0.0042
[2023-0803 1754 - INFO] test_acc: 89.909%, test_loss: 0.0020
[2023-0803 1754 - INFO] max_train_acc: 72.446%
[2023-0803 1754 - INFO] max_test_acc: 89.909%
[2023-0803 1754 - INFO] max_lr: 0.0050, min_lr: 0.0050
[2023-0803 1754 - INFO] ======================================
[2023-0803 1756 - INFO] epoch: 2/100
[2023-0803 1756 - INFO] learning_rate: 0.0050
[2023-0803 1756 - INFO] train_acc: 73.768%, train_loss: 0.0041
[2023-0803 1756 - INFO] test_acc: 82.399%, test_loss: 0.0030
[2023-0803 1756 - INFO] max_train_acc: 73.768%
[2023-0803 1756 - INFO] max_test_acc: 89.909%
[2023-0803 1756 - INFO] max_lr: 0.0050, min_lr: 0.0050
[2023-0803 1756 - INFO] ======================================
[2023-0803 1757 - INFO] epoch: 3/100
[2023-0803 1757 - INFO] learning_rate: 0.0050
[2023-0803 1757 - INFO] train_acc: 73.710%, train_loss: 0.0040
[2023-0803 1757 - INFO] test_acc: 83.200%, test_loss: 0.0029
[2023-0803 1757 - INFO] max_train_acc: 73.768%
[2023-0803 1757 - INFO] max_test_acc: 89.909%
[2023-0803 1757 - INFO] max_lr: 0.0050, min_lr: 0.0050
[2023-0803 1757 - INFO] ======================================
[2023-0803 1758 - INFO] epoch: 4/100
[2023-0803 1758 - INFO] learning_rate: 0.0050
[2023-0803 1758 - INFO] train_acc: 73.621%, train_loss: 0.0041
[2023-0803 1758 - INFO] test_acc: 70.522%, test_loss: 0.0046
[2023-0803 1758 - INFO] max_train_acc: 73.768%
[2023-0803 1758 - INFO] max_test_acc: 89.909%
[2023-0803 1758 - INFO] max_lr: 0.0050, min_lr: 0.0050
[2023-0803 1758 - INFO] ======================================
[2023-0803 1800 - INFO] epoch: 5/100
[2023-0803 1800 - INFO] learning_rate: 0.0050
[2023-0803 1800 - INFO] train_acc: 73.945%, train_loss: 0.0040
[2023-0803 1800 - INFO] test_acc: 74.480%, test_loss: 0.0039
[2023-0803 1800 - INFO] max_train_acc: 73.945%
[2023-0803 1800 - INFO] max_test_acc: 89.909%
[2023-0803 1800 - INFO] max_lr: 0.0050, min_lr: 0.0050
[2023-0803 1800 - INFO] ======================================
[2023-0803 1801 - INFO] epoch: 6/100
[2023-0803 1801 - INFO] learning_rate: 0.0050
[2023-0803 1801 - INFO] train_acc: 74.362%, train_loss: 0.0040
[2023-0803 1801 - INFO] test_acc: 76.147%, test_loss: 0.0036
[2023-0803 1801 - INFO] max_train_acc: 74.362%
[2023-0803 1801 - INFO] max_test_acc: 89.909%
[2023-0803 1801 - INFO] max_lr: 0.0050, min_lr: 0.0050
[2023-0803 1801 - INFO] ======================================
[2023-0803 1802 - INFO] epoch: 7/100
[2023-0803 1802 - INFO] learning_rate: 0.0050
[2023-0803 1802 - INFO] train_acc: 73.827%, train_loss: 0.0041
[2023-0803 1802 - INFO] test_acc: 82.538%, test_loss: 0.0029
[2023-0803 1802 - INFO] max_train_acc: 74.362%
[2023-0803 1802 - INFO] max_test_acc: 89.909%
[2023-0803 1802 - INFO] max_lr: 0.0050, min_lr: 0.0050
[2023-0803 1802 - INFO] ======================================
[2023-0803 1804 - INFO] epoch: 8/100
[2023-0803 1804 - INFO] learning_rate: 0.0050
[2023-0803 1804 - INFO] train_acc: 74.033%, train_loss: 0.0040
[2023-0803 1804 - INFO] test_acc: 79.761%, test_loss: 0.0032
[2023-0803 1804 - INFO] max_train_acc: 74.362%
[2023-0803 1804 - INFO] max_test_acc: 89.909%
[2023-0803 1804 - INFO] max_lr: 0.0050, min_lr: 0.0050
[2023-0803 1804 - INFO] ======================================
[2023-0803 1805 - INFO] epoch: 9/100
[2023-0803 1805 - INFO] learning_rate: 0.0050
[2023-0803 1805 - INFO] train_acc: 73.498%, train_loss: 0.0040
[2023-0803 1805 - INFO] test_acc: 81.789%, test_loss: 0.0030
[2023-0803 1805 - INFO] max_train_acc: 74.362%
[2023-0803 1805 - INFO] max_test_acc: 89.909%
[2023-0803 1805 - INFO] max_lr: 0.0050, min_lr: 0.0050
[2023-0803 1805 - INFO] ======================================
[2023-0803 1806 - INFO] epoch: 10/100
[2023-0803 1806 - INFO] learning_rate: 0.0050
[2023-0803 1806 - INFO] train_acc: 74.074%, train_loss: 0.0040
[2023-0803 1806 - INFO] test_acc: 75.416%, test_loss: 0.0037
[2023-0803 1806 - INFO] max_train_acc: 74.362%
[2023-0803 1806 - INFO] max_test_acc: 89.909%
[2023-0803 1806 - INFO] max_lr: 0.0050, min_lr: 0.0050
[2023-0803 1806 - INFO] ======================================
[2023-0803 1808 - INFO] epoch: 11/100
[2023-0803 1808 - INFO] learning_rate: 0.0050
[2023-0803 1808 - INFO] train_acc: 74.403%, train_loss: 0.0040
[2023-0803 1808 - INFO] test_acc: 74.715%, test_loss: 0.0039
[2023-0803 1808 - INFO] max_train_acc: 74.403%
[2023-0803 1808 - INFO] max_test_acc: 89.909%
[2023-0803 1808 - INFO] max_lr: 0.0050, min_lr: 0.0050
[2023-0803 1808 - INFO] ======================================
[2023-0803 1809 - INFO] epoch: 12/100
[2023-0803 1809 - INFO] learning_rate: 0.0050
[2023-0803 1809 - INFO] train_acc: 73.386%, train_loss: 0.0041
[2023-0803 1809 - INFO] test_acc: 91.406%, test_loss: 0.0018
[2023-0803 1809 - INFO] max_train_acc: 74.403%
[2023-0803 1809 - INFO] max_test_acc: 91.406%
[2023-0803 1809 - INFO] max_lr: 0.0050, min_lr: 0.0050
[2023-0803 1809 - INFO] ======================================
[2023-0803 1810 - INFO] epoch: 13/100
[2023-0803 1810 - INFO] learning_rate: 0.0050
[2023-0803 1810 - INFO] train_acc: 74.198%, train_loss: 0.0040
[2023-0803 1810 - INFO] test_acc: 75.459%, test_loss: 0.0037
[2023-0803 1810 - INFO] max_train_acc: 74.403%
[2023-0803 1810 - INFO] max_test_acc: 91.406%
[2023-0803 1810 - INFO] max_lr: 0.0050, min_lr: 0.0050
[2023-0803 1810 - INFO] ======================================
[2023-0803 1812 - INFO] epoch: 14/100
[2023-0803 1812 - INFO] learning_rate: 0.0050
[2023-0803 1812 - INFO] train_acc: 74.068%, train_loss: 0.0040
[2023-0803 1812 - INFO] test_acc: 83.605%, test_loss: 0.0028
[2023-0803 1812 - INFO] max_train_acc: 74.403%
[2023-0803 1812 - INFO] max_test_acc: 91.406%
[2023-0803 1812 - INFO] max_lr: 0.0050, min_lr: 0.0050
[2023-0803 1812 - INFO] ======================================
[2023-0803 1813 - INFO] epoch: 15/100
[2023-0803 1813 - INFO] learning_rate: 0.0050
[2023-0803 1813 - INFO] train_acc: 74.427%, train_loss: 0.0040
[2023-0803 1813 - INFO] test_acc: 76.835%, test_loss: 0.0035
[2023-0803 1813 - INFO] max_train_acc: 74.427%
[2023-0803 1813 - INFO] max_test_acc: 91.406%
[2023-0803 1813 - INFO] max_lr: 0.0050, min_lr: 0.0050
[2023-0803 1813 - INFO] ======================================
[2023-0803 1814 - INFO] epoch: 16/100
[2023-0803 1814 - INFO] learning_rate: 0.0050
[2023-0803 1814 - INFO] train_acc: 74.092%, train_loss: 0.0040
[2023-0803 1814 - INFO] test_acc: 86.926%, test_loss: 0.0023
[2023-0803 1814 - INFO] max_train_acc: 74.427%
[2023-0803 1814 - INFO] max_test_acc: 91.406%
[2023-0803 1814 - INFO] max_lr: 0.0050, min_lr: 0.0050
[2023-0803 1814 - INFO] ======================================
[2023-0803 1816 - INFO] epoch: 17/100
[2023-0803 1816 - INFO] learning_rate: 0.0050
[2023-0803 1816 - INFO] train_acc: 73.992%, train_loss: 0.0040
[2023-0803 1816 - INFO] test_acc: 82.612%, test_loss: 0.0029
[2023-0803 1816 - INFO] max_train_acc: 74.427%
[2023-0803 1816 - INFO] max_test_acc: 91.406%
[2023-0803 1816 - INFO] max_lr: 0.0050, min_lr: 0.0050
[2023-0803 1816 - INFO] ======================================
[2023-0803 1817 - INFO] epoch: 18/100
[2023-0803 1817 - INFO] learning_rate: 0.0050
[2023-0803 1817 - INFO] train_acc: 73.833%, train_loss: 0.0040
[2023-0803 1817 - INFO] test_acc: 71.929%, test_loss: 0.0043
[2023-0803 1817 - INFO] max_train_acc: 74.427%
[2023-0803 1817 - INFO] max_test_acc: 91.406%
[2023-0803 1817 - INFO] max_lr: 0.0050, min_lr: 0.0050
[2023-0803 1817 - INFO] ======================================
[2023-0803 1818 - INFO] epoch: 19/100
[2023-0803 1818 - INFO] learning_rate: 0.0050
[2023-0803 1818 - INFO] train_acc: 73.527%, train_loss: 0.0040
[2023-0803 1818 - INFO] test_acc: 80.340%, test_loss: 0.0032
[2023-0803 1818 - INFO] max_train_acc: 74.427%
[2023-0803 1818 - INFO] max_test_acc: 91.406%
[2023-0803 1818 - INFO] max_lr: 0.0050, min_lr: 0.0050
[2023-0803 1818 - INFO] ======================================
[2023-0803 1819 - INFO] epoch: 20/100
[2023-0803 1819 - INFO] learning_rate: 0.0050
[2023-0803 1819 - INFO] train_acc: 73.704%, train_loss: 0.0040
[2023-0803 1819 - INFO] test_acc: 85.324%, test_loss: 0.0026
[2023-0803 1819 - INFO] max_train_acc: 74.427%
[2023-0803 1819 - INFO] max_test_acc: 91.406%
[2023-0803 1819 - INFO] max_lr: 0.0050, min_lr: 0.0050
[2023-0803 1819 - INFO] ======================================
[2023-0803 1821 - INFO] epoch: 21/100
[2023-0803 1821 - INFO] learning_rate: 0.0050
[2023-0803 1821 - INFO] train_acc: 73.939%, train_loss: 0.0040
[2023-0803 1821 - INFO] test_acc: 84.153%, test_loss: 0.0027
[2023-0803 1821 - INFO] max_train_acc: 74.427%
[2023-0803 1821 - INFO] max_test_acc: 91.406%
[2023-0803 1821 - INFO] max_lr: 0.0050, min_lr: 0.0050
[2023-0803 1821 - INFO] ======================================
[2023-0803 1822 - INFO] epoch: 22/100
[2023-0803 1822 - INFO] learning_rate: 0.0050
[2023-0803 1822 - INFO] train_acc: 74.268%, train_loss: 0.0040
[2023-0803 1822 - INFO] test_acc: 72.630%, test_loss: 0.0041
[2023-0803 1822 - INFO] max_train_acc: 74.427%
[2023-0803 1822 - INFO] max_test_acc: 91.406%
[2023-0803 1822 - INFO] max_lr: 0.0050, min_lr: 0.0050
[2023-0803 1822 - INFO] ======================================
[2023-0803 1823 - INFO] epoch: 23/100
[2023-0803 1823 - INFO] learning_rate: 0.0050
[2023-0803 1823 - INFO] train_acc: 73.404%, train_loss: 0.0041
[2023-0803 1823 - INFO] test_acc: 75.429%, test_loss: 0.0038
[2023-0803 1823 - INFO] max_train_acc: 74.427%
[2023-0803 1823 - INFO] max_test_acc: 91.406%
[2023-0803 1823 - INFO] max_lr: 0.0050, min_lr: 0.0050
[2023-0803 1823 - INFO] ======================================
[2023-0803 1825 - INFO] epoch: 24/100
[2023-0803 1825 - INFO] learning_rate: 0.0050
[2023-0803 1825 - INFO] train_acc: 74.333%, train_loss: 0.0040
[2023-0803 1825 - INFO] test_acc: 71.746%, test_loss: 0.0043
[2023-0803 1825 - INFO] max_train_acc: 74.427%
[2023-0803 1825 - INFO] max_test_acc: 91.406%
[2023-0803 1825 - INFO] max_lr: 0.0050, min_lr: 0.0050
[2023-0803 1825 - INFO] ======================================
[2023-0803 1826 - INFO] epoch: 25/100
[2023-0803 1826 - INFO] learning_rate: 0.0050
[2023-0803 1826 - INFO] train_acc: 74.056%, train_loss: 0.0040
[2023-0803 1826 - INFO] test_acc: 80.940%, test_loss: 0.0031
[2023-0803 1826 - INFO] max_train_acc: 74.427%
[2023-0803 1826 - INFO] max_test_acc: 91.406%
[2023-0803 1826 - INFO] max_lr: 0.0050, min_lr: 0.0050
[2023-0803 1826 - INFO] ======================================
[2023-0803 1827 - INFO] epoch: 26/100
[2023-0803 1827 - INFO] learning_rate: 0.0050
[2023-0803 1827 - INFO] train_acc: 73.945%, train_loss: 0.0040
[2023-0803 1827 - INFO] test_acc: 81.885%, test_loss: 0.0031
[2023-0803 1827 - INFO] max_train_acc: 74.427%
[2023-0803 1827 - INFO] max_test_acc: 91.406%
[2023-0803 1827 - INFO] max_lr: 0.0050, min_lr: 0.0050
[2023-0803 1827 - INFO] ======================================
[2023-0803 1829 - INFO] epoch: 27/100
[2023-0803 1829 - INFO] learning_rate: 0.0050
[2023-0803 1829 - INFO] train_acc: 74.039%, train_loss: 0.0040
[2023-0803 1829 - INFO] test_acc: 85.973%, test_loss: 0.0025
[2023-0803 1829 - INFO] max_train_acc: 74.427%
[2023-0803 1829 - INFO] max_test_acc: 91.406%
[2023-0803 1829 - INFO] max_lr: 0.0050, min_lr: 0.0050
[2023-0803 1829 - INFO] ======================================
[2023-0803 1830 - INFO] epoch: 28/100
[2023-0803 1830 - INFO] learning_rate: 0.0050
[2023-0803 1830 - INFO] train_acc: 74.004%, train_loss: 0.0040
[2023-0803 1830 - INFO] test_acc: 71.667%, test_loss: 0.0040
[2023-0803 1830 - INFO] max_train_acc: 74.427%
[2023-0803 1830 - INFO] max_test_acc: 91.406%
[2023-0803 1830 - INFO] max_lr: 0.0050, min_lr: 0.0050
[2023-0803 1830 - INFO] ======================================
[2023-0803 1831 - INFO] epoch: 29/100
[2023-0803 1831 - INFO] learning_rate: 0.0050
[2023-0803 1831 - INFO] train_acc: 73.898%, train_loss: 0.0040
[2023-0803 1831 - INFO] test_acc: 74.793%, test_loss: 0.0038
[2023-0803 1831 - INFO] max_train_acc: 74.427%
[2023-0803 1831 - INFO] max_test_acc: 91.406%
[2023-0803 1831 - INFO] max_lr: 0.0050, min_lr: 0.0050
[2023-0803 1831 - INFO] ======================================
[2023-0803 1833 - INFO] epoch: 30/100
[2023-0803 1833 - INFO] learning_rate: 0.0050
[2023-0803 1833 - INFO] train_acc: 74.656%, train_loss: 0.0040
[2023-0803 1833 - INFO] test_acc: 87.902%, test_loss: 0.0022
[2023-0803 1833 - INFO] max_train_acc: 74.656%
[2023-0803 1833 - INFO] max_test_acc: 91.406%
[2023-0803 1833 - INFO] max_lr: 0.0050, min_lr: 0.0050
[2023-0803 1833 - INFO] ======================================
[2023-0803 1834 - INFO] epoch: 31/100
[2023-0803 1834 - INFO] learning_rate: 0.0050
[2023-0803 1834 - INFO] train_acc: 74.315%, train_loss: 0.0040
[2023-0803 1834 - INFO] test_acc: 76.417%, test_loss: 0.0037
[2023-0803 1834 - INFO] max_train_acc: 74.656%
[2023-0803 1834 - INFO] max_test_acc: 91.406%
[2023-0803 1834 - INFO] max_lr: 0.0050, min_lr: 0.0050
[2023-0803 1834 - INFO] ======================================
[2023-0803 1835 - INFO] epoch: 32/100
[2023-0803 1835 - INFO] learning_rate: 0.0050
[2023-0803 1835 - INFO] train_acc: 74.033%, train_loss: 0.0040
[2023-0803 1835 - INFO] test_acc: 77.484%, test_loss: 0.0036
[2023-0803 1835 - INFO] max_train_acc: 74.656%
[2023-0803 1835 - INFO] max_test_acc: 91.406%
[2023-0803 1835 - INFO] max_lr: 0.0050, min_lr: 0.0050
[2023-0803 1835 - INFO] ======================================
[2023-0803 1837 - INFO] epoch: 33/100
[2023-0803 1837 - INFO] learning_rate: 0.0050
[2023-0803 1837 - INFO] train_acc: 74.885%, train_loss: 0.0039
[2023-0803 1837 - INFO] test_acc: 84.380%, test_loss: 0.0026
[2023-0803 1837 - INFO] max_train_acc: 74.885%
[2023-0803 1837 - INFO] max_test_acc: 91.406%
[2023-0803 1837 - INFO] max_lr: 0.0050, min_lr: 0.0050
[2023-0803 1837 - INFO] ======================================
[2023-0803 1838 - INFO] epoch: 34/100
[2023-0803 1838 - INFO] learning_rate: 0.0050
[2023-0803 1838 - INFO] train_acc: 73.327%, train_loss: 0.0041
[2023-0803 1838 - INFO] test_acc: 87.027%, test_loss: 0.0024
[2023-0803 1838 - INFO] max_train_acc: 74.885%
[2023-0803 1838 - INFO] max_test_acc: 91.406%
[2023-0803 1838 - INFO] max_lr: 0.0050, min_lr: 0.0050
[2023-0803 1838 - INFO] ======================================
[2023-0803 1839 - INFO] epoch: 35/100
[2023-0803 1839 - INFO] learning_rate: 0.0050
[2023-0803 1839 - INFO] train_acc: 74.668%, train_loss: 0.0040
[2023-0803 1839 - INFO] test_acc: 83.235%, test_loss: 0.0028
[2023-0803 1839 - INFO] max_train_acc: 74.885%
[2023-0803 1839 - INFO] max_test_acc: 91.406%
[2023-0803 1839 - INFO] max_lr: 0.0050, min_lr: 0.0050
[2023-0803 1839 - INFO] ======================================
[2023-0803 1841 - INFO] epoch: 36/100
[2023-0803 1841 - INFO] learning_rate: 0.0050
[2023-0803 1841 - INFO] train_acc: 74.544%, train_loss: 0.0040
[2023-0803 1841 - INFO] test_acc: 71.876%, test_loss: 0.0042
[2023-0803 1841 - INFO] max_train_acc: 74.885%
[2023-0803 1841 - INFO] max_test_acc: 91.406%
[2023-0803 1841 - INFO] max_lr: 0.0050, min_lr: 0.0050
[2023-0803 1841 - INFO] ======================================
[2023-0803 1842 - INFO] epoch: 37/100
[2023-0803 1842 - INFO] learning_rate: 0.0050
[2023-0803 1842 - INFO] train_acc: 74.180%, train_loss: 0.0040
[2023-0803 1842 - INFO] test_acc: 75.329%, test_loss: 0.0038
[2023-0803 1842 - INFO] max_train_acc: 74.885%
[2023-0803 1842 - INFO] max_test_acc: 91.406%
[2023-0803 1842 - INFO] max_lr: 0.0050, min_lr: 0.0050
[2023-0803 1842 - INFO] ======================================
[2023-0803 1843 - INFO] epoch: 38/100
[2023-0803 1843 - INFO] learning_rate: 0.0050
[2023-0803 1843 - INFO] train_acc: 74.103%, train_loss: 0.0040
[2023-0803 1843 - INFO] test_acc: 75.616%, test_loss: 0.0038
[2023-0803 1843 - INFO] max_train_acc: 74.885%
[2023-0803 1843 - INFO] max_test_acc: 91.406%
[2023-0803 1843 - INFO] max_lr: 0.0050, min_lr: 0.0050
[2023-0803 1843 - INFO] ======================================
[2023-0803 1845 - INFO] epoch: 39/100
[2023-0803 1845 - INFO] learning_rate: 0.0050
[2023-0803 1845 - INFO] train_acc: 74.586%, train_loss: 0.0040
[2023-0803 1845 - INFO] test_acc: 83.322%, test_loss: 0.0028
[2023-0803 1845 - INFO] max_train_acc: 74.885%
[2023-0803 1845 - INFO] max_test_acc: 91.406%
[2023-0803 1845 - INFO] max_lr: 0.0050, min_lr: 0.0050
[2023-0803 1845 - INFO] ======================================
[2023-0803 1846 - INFO] epoch: 40/100
[2023-0803 1846 - INFO] learning_rate: 0.0050
[2023-0803 1846 - INFO] train_acc: 74.497%, train_loss: 0.0040
[2023-0803 1846 - INFO] test_acc: 83.600%, test_loss: 0.0028
[2023-0803 1846 - INFO] max_train_acc: 74.885%
[2023-0803 1846 - INFO] max_test_acc: 91.406%
[2023-0803 1846 - INFO] max_lr: 0.0050, min_lr: 0.0050
[2023-0803 1846 - INFO] ======================================
[2023-0803 1847 - INFO] epoch: 41/100
[2023-0803 1847 - INFO] learning_rate: 0.0050
[2023-0803 1847 - INFO] train_acc: 73.874%, train_loss: 0.0040
[2023-0803 1847 - INFO] test_acc: 75.468%, test_loss: 0.0037
[2023-0803 1847 - INFO] max_train_acc: 74.885%
[2023-0803 1847 - INFO] max_test_acc: 91.406%
[2023-0803 1847 - INFO] max_lr: 0.0050, min_lr: 0.0050
[2023-0803 1847 - INFO] ======================================
[2023-0803 1848 - INFO] epoch: 42/100
[2023-0803 1848 - INFO] learning_rate: 0.0050
[2023-0803 1848 - INFO] train_acc: 73.874%, train_loss: 0.0040
[2023-0803 1848 - INFO] test_acc: 84.989%, test_loss: 0.0026
[2023-0803 1848 - INFO] max_train_acc: 74.885%
[2023-0803 1848 - INFO] max_test_acc: 91.406%
[2023-0803 1848 - INFO] max_lr: 0.0050, min_lr: 0.0050
[2023-0803 1848 - INFO] ======================================
[2023-0803 1850 - INFO] epoch: 43/100
[2023-0803 1850 - INFO] learning_rate: 0.0050
[2023-0803 1850 - INFO] train_acc: 74.297%, train_loss: 0.0040
[2023-0803 1850 - INFO] test_acc: 81.437%, test_loss: 0.0029
[2023-0803 1850 - INFO] max_train_acc: 74.885%
[2023-0803 1850 - INFO] max_test_acc: 91.406%
[2023-0803 1850 - INFO] max_lr: 0.0050, min_lr: 0.0050
[2023-0803 1850 - INFO] ======================================
[2023-0803 1851 - INFO] epoch: 44/100
[2023-0803 1851 - INFO] learning_rate: 0.0050
[2023-0803 1851 - INFO] train_acc: 74.150%, train_loss: 0.0040
[2023-0803 1851 - INFO] test_acc: 78.211%, test_loss: 0.0033
[2023-0803 1851 - INFO] max_train_acc: 74.885%
[2023-0803 1851 - INFO] max_test_acc: 91.406%
[2023-0803 1851 - INFO] max_lr: 0.0050, min_lr: 0.0050
[2023-0803 1851 - INFO] ======================================
[2023-0803 1852 - INFO] epoch: 45/100
[2023-0803 1852 - INFO] learning_rate: 0.0050
[2023-0803 1852 - INFO] train_acc: 73.327%, train_loss: 0.0041
[2023-0803 1852 - INFO] test_acc: 73.269%, test_loss: 0.0040
[2023-0803 1852 - INFO] max_train_acc: 74.885%
[2023-0803 1852 - INFO] max_test_acc: 91.406%
[2023-0803 1852 - INFO] max_lr: 0.0050, min_lr: 0.0050
[2023-0803 1852 - INFO] ======================================
[2023-0803 1854 - INFO] epoch: 46/100
[2023-0803 1854 - INFO] learning_rate: 0.0050
[2023-0803 1854 - INFO] train_acc: 74.139%, train_loss: 0.0040
[2023-0803 1854 - INFO] test_acc: 71.772%, test_loss: 0.0042
[2023-0803 1854 - INFO] max_train_acc: 74.885%
[2023-0803 1854 - INFO] max_test_acc: 91.406%
[2023-0803 1854 - INFO] max_lr: 0.0050, min_lr: 0.0050
[2023-0803 1854 - INFO] ======================================
[2023-0803 1855 - INFO] epoch: 47/100
[2023-0803 1855 - INFO] learning_rate: 0.0050
[2023-0803 1855 - INFO] train_acc: 74.009%, train_loss: 0.0040
[2023-0803 1855 - INFO] test_acc: 81.907%, test_loss: 0.0029
[2023-0803 1855 - INFO] max_train_acc: 74.885%
[2023-0803 1855 - INFO] max_test_acc: 91.406%
[2023-0803 1855 - INFO] max_lr: 0.0050, min_lr: 0.0050
[2023-0803 1855 - INFO] ======================================
[2023-0803 1856 - INFO] epoch: 48/100
[2023-0803 1856 - INFO] learning_rate: 0.0050
[2023-0803 1856 - INFO] train_acc: 74.109%, train_loss: 0.0040
[2023-0803 1856 - INFO] test_acc: 73.761%, test_loss: 0.0039
[2023-0803 1856 - INFO] max_train_acc: 74.885%
[2023-0803 1856 - INFO] max_test_acc: 91.406%
[2023-0803 1856 - INFO] max_lr: 0.0050, min_lr: 0.0050
[2023-0803 1856 - INFO] ======================================
[2023-0803 1858 - INFO] epoch: 49/100
[2023-0803 1858 - INFO] learning_rate: 0.0050
[2023-0803 1858 - INFO] train_acc: 74.092%, train_loss: 0.0040
[2023-0803 1858 - INFO] test_acc: 86.905%, test_loss: 0.0024
[2023-0803 1858 - INFO] max_train_acc: 74.885%
[2023-0803 1858 - INFO] max_test_acc: 91.406%
[2023-0803 1858 - INFO] max_lr: 0.0050, min_lr: 0.0050
[2023-0803 1858 - INFO] ======================================
[2023-0803 1859 - INFO] epoch: 50/100
[2023-0803 1859 - INFO] learning_rate: 0.0050
[2023-0803 1859 - INFO] train_acc: 74.239%, train_loss: 0.0040
[2023-0803 1859 - INFO] test_acc: 81.998%, test_loss: 0.0029
[2023-0803 1859 - INFO] max_train_acc: 74.885%
[2023-0803 1859 - INFO] max_test_acc: 91.406%
[2023-0803 1859 - INFO] max_lr: 0.0050, min_lr: 0.0050
[2023-0803 1859 - INFO] ======================================
[2023-0803 1900 - INFO] epoch: 51/100
[2023-0803 1900 - INFO] learning_rate: 0.0050
[2023-0803 1900 - INFO] train_acc: 74.009%, train_loss: 0.0040
[2023-0803 1900 - INFO] test_acc: 83.400%, test_loss: 0.0027
[2023-0803 1900 - INFO] max_train_acc: 74.885%
[2023-0803 1900 - INFO] max_test_acc: 91.406%
[2023-0803 1900 - INFO] max_lr: 0.0050, min_lr: 0.0050
[2023-0803 1900 - INFO] ======================================
[2023-0803 1902 - INFO] epoch: 52/100
[2023-0803 1902 - INFO] learning_rate: 0.0050
[2023-0803 1902 - INFO] train_acc: 74.156%, train_loss: 0.0040
[2023-0803 1902 - INFO] test_acc: 74.650%, test_loss: 0.0039
[2023-0803 1902 - INFO] max_train_acc: 74.885%
[2023-0803 1902 - INFO] max_test_acc: 91.406%
[2023-0803 1902 - INFO] max_lr: 0.0050, min_lr: 0.0050
[2023-0803 1902 - INFO] ======================================
[2023-0803 1903 - INFO] epoch: 53/100
[2023-0803 1903 - INFO] learning_rate: 0.0050
[2023-0803 1903 - INFO] train_acc: 73.945%, train_loss: 0.0040
[2023-0803 1903 - INFO] test_acc: 74.506%, test_loss: 0.0039
[2023-0803 1903 - INFO] max_train_acc: 74.885%
[2023-0803 1903 - INFO] max_test_acc: 91.406%
[2023-0803 1903 - INFO] max_lr: 0.0050, min_lr: 0.0050
[2023-0803 1903 - INFO] ======================================
[2023-0803 1904 - INFO] epoch: 54/100
[2023-0803 1904 - INFO] learning_rate: 0.0050
[2023-0803 1904 - INFO] train_acc: 74.192%, train_loss: 0.0040
[2023-0803 1904 - INFO] test_acc: 65.681%, test_loss: 0.0051
[2023-0803 1904 - INFO] max_train_acc: 74.885%
[2023-0803 1904 - INFO] max_test_acc: 91.406%
[2023-0803 1904 - INFO] max_lr: 0.0050, min_lr: 0.0050
[2023-0803 1904 - INFO] ======================================
[2023-0803 1906 - INFO] epoch: 55/100
[2023-0803 1906 - INFO] learning_rate: 0.0050
[2023-0803 1906 - INFO] train_acc: 74.403%, train_loss: 0.0040
[2023-0803 1906 - INFO] test_acc: 84.554%, test_loss: 0.0026
[2023-0803 1906 - INFO] max_train_acc: 74.885%
[2023-0803 1906 - INFO] max_test_acc: 91.406%
[2023-0803 1906 - INFO] max_lr: 0.0050, min_lr: 0.0050
[2023-0803 1906 - INFO] ======================================
[2023-0803 1907 - INFO] epoch: 56/100
[2023-0803 1907 - INFO] learning_rate: 0.0050
[2023-0803 1907 - INFO] train_acc: 74.168%, train_loss: 0.0040
[2023-0803 1907 - INFO] test_acc: 80.279%, test_loss: 0.0030
[2023-0803 1907 - INFO] max_train_acc: 74.885%
[2023-0803 1907 - INFO] max_test_acc: 91.406%
[2023-0803 1907 - INFO] max_lr: 0.0050, min_lr: 0.0050
[2023-0803 1907 - INFO] ======================================
[2023-0803 1908 - INFO] epoch: 57/100
[2023-0803 1908 - INFO] learning_rate: 0.0050
[2023-0803 1908 - INFO] train_acc: 73.686%, train_loss: 0.0040
[2023-0803 1908 - INFO] test_acc: 81.789%, test_loss: 0.0030
[2023-0803 1908 - INFO] max_train_acc: 74.885%
[2023-0803 1908 - INFO] max_test_acc: 91.406%
[2023-0803 1908 - INFO] max_lr: 0.0050, min_lr: 0.0050
[2023-0803 1908 - INFO] ======================================
[2023-0803 1910 - INFO] epoch: 58/100
[2023-0803 1910 - INFO] learning_rate: 0.0050
[2023-0803 1910 - INFO] train_acc: 73.827%, train_loss: 0.0040
[2023-0803 1910 - INFO] test_acc: 79.025%, test_loss: 0.0033
[2023-0803 1910 - INFO] max_train_acc: 74.885%
[2023-0803 1910 - INFO] max_test_acc: 91.406%
[2023-0803 1910 - INFO] max_lr: 0.0050, min_lr: 0.0050
[2023-0803 1910 - INFO] ======================================
[2023-0803 1911 - INFO] epoch: 59/100
[2023-0803 1911 - INFO] learning_rate: 0.0050
[2023-0803 1911 - INFO] train_acc: 74.256%, train_loss: 0.0040
[2023-0803 1911 - INFO] test_acc: 84.554%, test_loss: 0.0026
[2023-0803 1911 - INFO] max_train_acc: 74.885%
[2023-0803 1911 - INFO] max_test_acc: 91.406%
[2023-0803 1911 - INFO] max_lr: 0.0050, min_lr: 0.0050
[2023-0803 1911 - INFO] ======================================
[2023-0803 1912 - INFO] epoch: 60/100
[2023-0803 1912 - INFO] learning_rate: 0.0050
[2023-0803 1912 - INFO] train_acc: 74.392%, train_loss: 0.0040
[2023-0803 1912 - INFO] test_acc: 85.551%, test_loss: 0.0025
[2023-0803 1912 - INFO] max_train_acc: 74.885%
[2023-0803 1912 - INFO] max_test_acc: 91.406%
[2023-0803 1912 - INFO] max_lr: 0.0050, min_lr: 0.0050
[2023-0803 1912 - INFO] ======================================
[2023-0803 1914 - INFO] epoch: 61/100
[2023-0803 1914 - INFO] learning_rate: 0.0050
[2023-0803 1914 - INFO] train_acc: 73.892%, train_loss: 0.0040
[2023-0803 1914 - INFO] test_acc: 80.222%, test_loss: 0.0032
[2023-0803 1914 - INFO] max_train_acc: 74.885%
[2023-0803 1914 - INFO] max_test_acc: 91.406%
[2023-0803 1914 - INFO] max_lr: 0.0050, min_lr: 0.0050
[2023-0803 1914 - INFO] ======================================
[2023-0803 1915 - INFO] epoch: 62/100
[2023-0803 1915 - INFO] learning_rate: 0.0050
[2023-0803 1915 - INFO] train_acc: 73.733%, train_loss: 0.0040
[2023-0803 1915 - INFO] test_acc: 82.129%, test_loss: 0.0030
[2023-0803 1915 - INFO] max_train_acc: 74.885%
[2023-0803 1915 - INFO] max_test_acc: 91.406%
[2023-0803 1915 - INFO] max_lr: 0.0050, min_lr: 0.0050
[2023-0803 1915 - INFO] ======================================
[2023-0803 1916 - INFO] epoch: 63/100
[2023-0803 1916 - INFO] learning_rate: 0.0050
[2023-0803 1916 - INFO] train_acc: 73.451%, train_loss: 0.0041
[2023-0803 1916 - INFO] test_acc: 81.641%, test_loss: 0.0030
[2023-0803 1916 - INFO] max_train_acc: 74.885%
[2023-0803 1916 - INFO] max_test_acc: 91.406%
[2023-0803 1916 - INFO] max_lr: 0.0050, min_lr: 0.0050
[2023-0803 1916 - INFO] ======================================
[2023-0803 1917 - INFO] epoch: 64/100
[2023-0803 1917 - INFO] learning_rate: 0.0050
[2023-0803 1917 - INFO] train_acc: 74.098%, train_loss: 0.0040
[2023-0803 1917 - INFO] test_acc: 77.632%, test_loss: 0.0035
[2023-0803 1917 - INFO] max_train_acc: 74.885%
[2023-0803 1917 - INFO] max_test_acc: 91.406%
[2023-0803 1917 - INFO] max_lr: 0.0050, min_lr: 0.0050
[2023-0803 1917 - INFO] ======================================
[2023-0803 1919 - INFO] epoch: 65/100
[2023-0803 1919 - INFO] learning_rate: 0.0050
[2023-0803 1919 - INFO] train_acc: 73.798%, train_loss: 0.0040
[2023-0803 1919 - INFO] test_acc: 77.810%, test_loss: 0.0035
[2023-0803 1919 - INFO] max_train_acc: 74.885%
[2023-0803 1919 - INFO] max_test_acc: 91.406%
[2023-0803 1919 - INFO] max_lr: 0.0050, min_lr: 0.0050
[2023-0803 1919 - INFO] ======================================
[2023-0803 1920 - INFO] epoch: 66/100
[2023-0803 1920 - INFO] learning_rate: 0.0050
[2023-0803 1920 - INFO] train_acc: 73.404%, train_loss: 0.0041
[2023-0803 1920 - INFO] test_acc: 71.659%, test_loss: 0.0041
[2023-0803 1920 - INFO] max_train_acc: 74.885%
[2023-0803 1920 - INFO] max_test_acc: 91.406%
[2023-0803 1920 - INFO] max_lr: 0.0050, min_lr: 0.0050
[2023-0803 1920 - INFO] ======================================
[2023-0803 1921 - INFO] epoch: 67/100
[2023-0803 1921 - INFO] learning_rate: 0.0050
[2023-0803 1921 - INFO] train_acc: 73.269%, train_loss: 0.0040
[2023-0803 1921 - INFO] test_acc: 76.805%, test_loss: 0.0034
[2023-0803 1921 - INFO] max_train_acc: 74.885%
[2023-0803 1921 - INFO] max_test_acc: 91.406%
[2023-0803 1921 - INFO] max_lr: 0.0050, min_lr: 0.0050
[2023-0803 1921 - INFO] ======================================
[2023-0803 1923 - INFO] epoch: 68/100
[2023-0803 1923 - INFO] learning_rate: 0.0050
[2023-0803 1923 - INFO] train_acc: 73.974%, train_loss: 0.0040
[2023-0803 1923 - INFO] test_acc: 72.573%, test_loss: 0.0041
[2023-0803 1923 - INFO] max_train_acc: 74.885%
[2023-0803 1923 - INFO] max_test_acc: 91.406%
[2023-0803 1923 - INFO] max_lr: 0.0050, min_lr: 0.0050
[2023-0803 1923 - INFO] ======================================
[2023-0803 1924 - INFO] epoch: 69/100
[2023-0803 1924 - INFO] learning_rate: 0.0050
[2023-0803 1924 - INFO] train_acc: 73.857%, train_loss: 0.0040
[2023-0803 1924 - INFO] test_acc: 78.559%, test_loss: 0.0033
[2023-0803 1924 - INFO] max_train_acc: 74.885%
[2023-0803 1924 - INFO] max_test_acc: 91.406%
[2023-0803 1924 - INFO] max_lr: 0.0050, min_lr: 0.0050
[2023-0803 1924 - INFO] ======================================
[2023-0803 1925 - INFO] epoch: 70/100
[2023-0803 1925 - INFO] learning_rate: 0.0050
[2023-0803 1925 - INFO] train_acc: 74.339%, train_loss: 0.0040
[2023-0803 1925 - INFO] test_acc: 83.600%, test_loss: 0.0027
[2023-0803 1925 - INFO] max_train_acc: 74.885%
[2023-0803 1925 - INFO] max_test_acc: 91.406%
[2023-0803 1925 - INFO] max_lr: 0.0050, min_lr: 0.0050
[2023-0803 1925 - INFO] ======================================
[2023-0803 1927 - INFO] epoch: 71/100
[2023-0803 1927 - INFO] learning_rate: 0.0050
[2023-0803 1927 - INFO] train_acc: 74.356%, train_loss: 0.0040
[2023-0803 1927 - INFO] test_acc: 67.841%, test_loss: 0.0049
[2023-0803 1927 - INFO] max_train_acc: 74.885%
[2023-0803 1927 - INFO] max_test_acc: 91.406%
[2023-0803 1927 - INFO] max_lr: 0.0050, min_lr: 0.0050
[2023-0803 1927 - INFO] ======================================
[2023-0803 1928 - INFO] epoch: 72/100
[2023-0803 1928 - INFO] learning_rate: 0.0050
[2023-0803 1928 - INFO] train_acc: 74.192%, train_loss: 0.0040
[2023-0803 1928 - INFO] test_acc: 80.596%, test_loss: 0.0031
[2023-0803 1928 - INFO] max_train_acc: 74.885%
[2023-0803 1928 - INFO] max_test_acc: 91.406%
[2023-0803 1928 - INFO] max_lr: 0.0050, min_lr: 0.0050
[2023-0803 1928 - INFO] ======================================
[2023-0803 1929 - INFO] epoch: 73/100
[2023-0803 1929 - INFO] learning_rate: 0.0050
[2023-0803 1929 - INFO] train_acc: 74.362%, train_loss: 0.0039
[2023-0803 1929 - INFO] test_acc: 78.781%, test_loss: 0.0034
[2023-0803 1929 - INFO] max_train_acc: 74.885%
[2023-0803 1929 - INFO] max_test_acc: 91.406%
[2023-0803 1929 - INFO] max_lr: 0.0050, min_lr: 0.0050
[2023-0803 1929 - INFO] ======================================
[2023-0803 1931 - INFO] epoch: 74/100
[2023-0803 1931 - INFO] learning_rate: 0.0050
[2023-0803 1931 - INFO] train_acc: 73.810%, train_loss: 0.0040
[2023-0803 1931 - INFO] test_acc: 77.205%, test_loss: 0.0035
[2023-0803 1931 - INFO] max_train_acc: 74.885%
[2023-0803 1931 - INFO] max_test_acc: 91.406%
[2023-0803 1931 - INFO] max_lr: 0.0050, min_lr: 0.0050
[2023-0803 1931 - INFO] ======================================
[2023-0803 1932 - INFO] epoch: 75/100
[2023-0803 1932 - INFO] learning_rate: 0.0050
[2023-0803 1932 - INFO] train_acc: 74.068%, train_loss: 0.0040
[2023-0803 1932 - INFO] test_acc: 80.579%, test_loss: 0.0032
[2023-0803 1932 - INFO] max_train_acc: 74.885%
[2023-0803 1932 - INFO] max_test_acc: 91.406%
[2023-0803 1932 - INFO] max_lr: 0.0050, min_lr: 0.0050
[2023-0803 1932 - INFO] ======================================
[2023-0803 1933 - INFO] epoch: 76/100
[2023-0803 1933 - INFO] learning_rate: 0.0050
[2023-0803 1933 - INFO] train_acc: 74.115%, train_loss: 0.0040
[2023-0803 1933 - INFO] test_acc: 68.711%, test_loss: 0.0046
[2023-0803 1933 - INFO] max_train_acc: 74.885%
[2023-0803 1933 - INFO] max_test_acc: 91.406%
[2023-0803 1933 - INFO] max_lr: 0.0050, min_lr: 0.0050
[2023-0803 1933 - INFO] ======================================
[2023-0803 1935 - INFO] epoch: 77/100
[2023-0803 1935 - INFO] learning_rate: 0.0050
[2023-0803 1935 - INFO] train_acc: 73.927%, train_loss: 0.0040
[2023-0803 1935 - INFO] test_acc: 83.731%, test_loss: 0.0027
[2023-0803 1935 - INFO] max_train_acc: 74.885%
[2023-0803 1935 - INFO] max_test_acc: 91.406%
[2023-0803 1935 - INFO] max_lr: 0.0050, min_lr: 0.0050
[2023-0803 1935 - INFO] ======================================
[2023-0803 1936 - INFO] epoch: 78/100
[2023-0803 1936 - INFO] learning_rate: 0.0050
[2023-0803 1936 - INFO] train_acc: 73.892%, train_loss: 0.0040
[2023-0803 1936 - INFO] test_acc: 80.383%, test_loss: 0.0032
[2023-0803 1936 - INFO] max_train_acc: 74.885%
[2023-0803 1936 - INFO] max_test_acc: 91.406%
[2023-0803 1936 - INFO] max_lr: 0.0050, min_lr: 0.0050
[2023-0803 1936 - INFO] ======================================
[2023-0803 1937 - INFO] epoch: 79/100
[2023-0803 1937 - INFO] learning_rate: 0.0050
[2023-0803 1937 - INFO] train_acc: 74.738%, train_loss: 0.0040
[2023-0803 1937 - INFO] test_acc: 85.033%, test_loss: 0.0027
[2023-0803 1937 - INFO] max_train_acc: 74.885%
[2023-0803 1937 - INFO] max_test_acc: 91.406%
[2023-0803 1937 - INFO] max_lr: 0.0050, min_lr: 0.0050
[2023-0803 1937 - INFO] ======================================
[2023-0803 1939 - INFO] epoch: 80/100
[2023-0803 1939 - INFO] learning_rate: 0.0050
[2023-0803 1939 - INFO] train_acc: 73.310%, train_loss: 0.0041
[2023-0803 1939 - INFO] test_acc: 81.798%, test_loss: 0.0030
[2023-0803 1939 - INFO] max_train_acc: 74.885%
[2023-0803 1939 - INFO] max_test_acc: 91.406%
[2023-0803 1939 - INFO] max_lr: 0.0050, min_lr: 0.0050
[2023-0803 1939 - INFO] ======================================
[2023-0803 1940 - INFO] epoch: 81/100
[2023-0803 1940 - INFO] learning_rate: 0.0050
[2023-0803 1940 - INFO] train_acc: 74.227%, train_loss: 0.0040
[2023-0803 1940 - INFO] test_acc: 82.329%, test_loss: 0.0028
[2023-0803 1940 - INFO] max_train_acc: 74.885%
[2023-0803 1940 - INFO] max_test_acc: 91.406%
[2023-0803 1940 - INFO] max_lr: 0.0050, min_lr: 0.0050
[2023-0803 1940 - INFO] ======================================
[2023-0803 1941 - INFO] epoch: 82/100
[2023-0803 1941 - INFO] learning_rate: 0.0050
[2023-0803 1941 - INFO] train_acc: 73.833%, train_loss: 0.0040
[2023-0803 1941 - INFO] test_acc: 89.399%, test_loss: 0.0020
[2023-0803 1941 - INFO] max_train_acc: 74.885%
[2023-0803 1941 - INFO] max_test_acc: 91.406%
[2023-0803 1941 - INFO] max_lr: 0.0050, min_lr: 0.0050
[2023-0803 1941 - INFO] ======================================
[2023-0803 1942 - INFO] epoch: 83/100
[2023-0803 1942 - INFO] learning_rate: 0.0050
[2023-0803 1942 - INFO] train_acc: 74.203%, train_loss: 0.0040
[2023-0803 1942 - INFO] test_acc: 81.885%, test_loss: 0.0029
[2023-0803 1942 - INFO] max_train_acc: 74.885%
[2023-0803 1942 - INFO] max_test_acc: 91.406%
[2023-0803 1942 - INFO] max_lr: 0.0050, min_lr: 0.0050
[2023-0803 1942 - INFO] ======================================
[2023-0803 1944 - INFO] epoch: 84/100
[2023-0803 1944 - INFO] learning_rate: 0.0050
[2023-0803 1944 - INFO] train_acc: 74.574%, train_loss: 0.0039
[2023-0803 1944 - INFO] test_acc: 86.826%, test_loss: 0.0023
[2023-0803 1944 - INFO] max_train_acc: 74.885%
[2023-0803 1944 - INFO] max_test_acc: 91.406%
[2023-0803 1944 - INFO] max_lr: 0.0050, min_lr: 0.0050
[2023-0803 1944 - INFO] ======================================
[2023-0803 1945 - INFO] epoch: 85/100
[2023-0803 1945 - INFO] learning_rate: 0.0050
[2023-0803 1945 - INFO] train_acc: 74.292%, train_loss: 0.0039
[2023-0803 1945 - INFO] test_acc: 77.262%, test_loss: 0.0035
[2023-0803 1945 - INFO] max_train_acc: 74.885%
[2023-0803 1945 - INFO] max_test_acc: 91.406%
[2023-0803 1945 - INFO] max_lr: 0.0050, min_lr: 0.0050
[2023-0803 1945 - INFO] ======================================
[2023-0803 1946 - INFO] epoch: 86/100
[2023-0803 1946 - INFO] learning_rate: 0.0050
[2023-0803 1946 - INFO] train_acc: 73.574%, train_loss: 0.0041
[2023-0803 1946 - INFO] test_acc: 70.940%, test_loss: 0.0046
[2023-0803 1946 - INFO] max_train_acc: 74.885%
[2023-0803 1946 - INFO] max_test_acc: 91.406%
[2023-0803 1946 - INFO] max_lr: 0.0050, min_lr: 0.0050
[2023-0803 1946 - INFO] ======================================
[2023-0803 1948 - INFO] epoch: 87/100
[2023-0803 1948 - INFO] learning_rate: 0.0050
[2023-0803 1948 - INFO] train_acc: 74.209%, train_loss: 0.0040
[2023-0803 1948 - INFO] test_acc: 75.451%, test_loss: 0.0039
[2023-0803 1948 - INFO] max_train_acc: 74.885%
[2023-0803 1948 - INFO] max_test_acc: 91.406%
[2023-0803 1948 - INFO] max_lr: 0.0050, min_lr: 0.0050
[2023-0803 1948 - INFO] ======================================
[2023-0803 1949 - INFO] epoch: 88/100
[2023-0803 1949 - INFO] learning_rate: 0.0050
[2023-0803 1949 - INFO] train_acc: 74.015%, train_loss: 0.0040
[2023-0803 1949 - INFO] test_acc: 73.796%, test_loss: 0.0041
[2023-0803 1949 - INFO] max_train_acc: 74.885%
[2023-0803 1949 - INFO] max_test_acc: 91.406%
[2023-0803 1949 - INFO] max_lr: 0.0050, min_lr: 0.0050
[2023-0803 1949 - INFO] ======================================
[2023-0803 1950 - INFO] epoch: 89/100
[2023-0803 1950 - INFO] learning_rate: 0.0050
[2023-0803 1950 - INFO] train_acc: 74.068%, train_loss: 0.0040
[2023-0803 1950 - INFO] test_acc: 78.716%, test_loss: 0.0034
[2023-0803 1950 - INFO] max_train_acc: 74.885%
[2023-0803 1950 - INFO] max_test_acc: 91.406%
[2023-0803 1950 - INFO] max_lr: 0.0050, min_lr: 0.0050
[2023-0803 1950 - INFO] ======================================
[2023-0803 1952 - INFO] epoch: 90/100
[2023-0803 1952 - INFO] learning_rate: 0.0050
[2023-0803 1952 - INFO] train_acc: 74.539%, train_loss: 0.0040
[2023-0803 1952 - INFO] test_acc: 77.131%, test_loss: 0.0036
[2023-0803 1952 - INFO] max_train_acc: 74.885%
[2023-0803 1952 - INFO] max_test_acc: 91.406%
[2023-0803 1952 - INFO] max_lr: 0.0050, min_lr: 0.0050
[2023-0803 1952 - INFO] ======================================
[2023-0803 1953 - INFO] epoch: 91/100
[2023-0803 1953 - INFO] learning_rate: 0.0050
[2023-0803 1953 - INFO] train_acc: 74.333%, train_loss: 0.0040
[2023-0803 1953 - INFO] test_acc: 76.226%, test_loss: 0.0037
[2023-0803 1953 - INFO] max_train_acc: 74.885%
[2023-0803 1953 - INFO] max_test_acc: 91.406%
[2023-0803 1953 - INFO] max_lr: 0.0050, min_lr: 0.0050
[2023-0803 1953 - INFO] ======================================
[2023-0803 1954 - INFO] epoch: 92/100
[2023-0803 1954 - INFO] learning_rate: 0.0050
[2023-0803 1954 - INFO] train_acc: 74.056%, train_loss: 0.0040
[2023-0803 1954 - INFO] test_acc: 80.736%, test_loss: 0.0031
[2023-0803 1954 - INFO] max_train_acc: 74.885%
[2023-0803 1954 - INFO] max_test_acc: 91.406%
[2023-0803 1954 - INFO] max_lr: 0.0050, min_lr: 0.0050
[2023-0803 1954 - INFO] ======================================
[2023-0803 1956 - INFO] epoch: 93/100
[2023-0803 1956 - INFO] learning_rate: 0.0050
[2023-0803 1956 - INFO] train_acc: 74.527%, train_loss: 0.0040
[2023-0803 1956 - INFO] test_acc: 76.400%, test_loss: 0.0036
[2023-0803 1956 - INFO] max_train_acc: 74.885%
[2023-0803 1956 - INFO] max_test_acc: 91.406%
[2023-0803 1956 - INFO] max_lr: 0.0050, min_lr: 0.0050
[2023-0803 1956 - INFO] ======================================
[2023-0803 1957 - INFO] epoch: 94/100
[2023-0803 1957 - INFO] learning_rate: 0.0050
[2023-0803 1957 - INFO] train_acc: 74.051%, train_loss: 0.0039
[2023-0803 1957 - INFO] test_acc: 82.730%, test_loss: 0.0028
[2023-0803 1957 - INFO] max_train_acc: 74.885%
[2023-0803 1957 - INFO] max_test_acc: 91.406%
[2023-0803 1957 - INFO] max_lr: 0.0050, min_lr: 0.0050
[2023-0803 1957 - INFO] ======================================
[2023-0803 1958 - INFO] epoch: 95/100
[2023-0803 1958 - INFO] learning_rate: 0.0050
[2023-0803 1958 - INFO] train_acc: 73.586%, train_loss: 0.0040
[2023-0803 1958 - INFO] test_acc: 85.646%, test_loss: 0.0025
[2023-0803 1958 - INFO] max_train_acc: 74.885%
[2023-0803 1958 - INFO] max_test_acc: 91.406%
[2023-0803 1958 - INFO] max_lr: 0.0050, min_lr: 0.0050
[2023-0803 1958 - INFO] ======================================
[2023-0803 2000 - INFO] epoch: 96/100
[2023-0803 2000 - INFO] learning_rate: 0.0050
[2023-0803 2000 - INFO] train_acc: 74.362%, train_loss: 0.0040
[2023-0803 2000 - INFO] test_acc: 85.063%, test_loss: 0.0025
[2023-0803 2000 - INFO] max_train_acc: 74.885%
[2023-0803 2000 - INFO] max_test_acc: 91.406%
[2023-0803 2000 - INFO] max_lr: 0.0050, min_lr: 0.0050
[2023-0803 2000 - INFO] ======================================
[2023-0803 2001 - INFO] epoch: 97/100
[2023-0803 2001 - INFO] learning_rate: 0.0050
[2023-0803 2001 - INFO] train_acc: 73.998%, train_loss: 0.0040
[2023-0803 2001 - INFO] test_acc: 83.944%, test_loss: 0.0027
[2023-0803 2001 - INFO] max_train_acc: 74.885%
[2023-0803 2001 - INFO] max_test_acc: 91.406%
[2023-0803 2001 - INFO] max_lr: 0.0050, min_lr: 0.0050
[2023-0803 2001 - INFO] ======================================
[2023-0803 2002 - INFO] epoch: 98/100
[2023-0803 2002 - INFO] learning_rate: 0.0050
[2023-0803 2002 - INFO] train_acc: 73.992%, train_loss: 0.0040
[2023-0803 2002 - INFO] test_acc: 83.918%, test_loss: 0.0026
[2023-0803 2002 - INFO] max_train_acc: 74.885%
[2023-0803 2002 - INFO] max_test_acc: 91.406%
[2023-0803 2002 - INFO] max_lr: 0.0050, min_lr: 0.0050
[2023-0803 2002 - INFO] ======================================
[2023-0803 2004 - INFO] epoch: 99/100
[2023-0803 2004 - INFO] learning_rate: 0.0050
[2023-0803 2004 - INFO] train_acc: 74.245%, train_loss: 0.0040
[2023-0803 2004 - INFO] test_acc: 81.223%, test_loss: 0.0031
[2023-0803 2004 - INFO] max_train_acc: 74.885%
[2023-0803 2004 - INFO] max_test_acc: 91.406%
[2023-0803 2004 - INFO] max_lr: 0.0050, min_lr: 0.0050
[2023-0803 2004 - INFO] ======================================
[2023-0803 2005 - INFO] epoch: 100/100
[2023-0803 2005 - INFO] learning_rate: 0.0050
[2023-0803 2005 - INFO] train_acc: 73.868%, train_loss: 0.0040
[2023-0803 2005 - INFO] test_acc: 82.508%, test_loss: 0.0030
[2023-0803 2005 - INFO] max_train_acc: 74.885%
[2023-0803 2005 - INFO] max_test_acc: 91.406%
[2023-0803 2005 - INFO] max_lr: 0.0050, min_lr: 0.0050
[2023-0803 2005 - INFO] ======================================
