[2023-07-25 09:49:38 - INFO:] # batch_size = 300
[2023-07-25 09:49:38 - INFO:] # learning_rate = 0.005
[2023-07-25 09:49:38 - INFO:] # num_epochs = 200
[2023-07-25 09:49:38 - INFO:] # padding_size = 3500
[2023-07-25 09:49:38 - INFO:] # criterion = CrossEntropyLoss()
[2023-07-25 09:49:38 - INFO:] # scheduler = <torch.optim.lr_scheduler.CosineAnnealingLR object at 0x000001FFE450A460>
[2023-07-25 09:49:38 - INFO:] # optimizer = AdamW (
Parameter Group 0
    amsgrad: False
    betas: (0.9, 0.98)
    capturable: False
    differentiable: False
    eps: 1e-08
    foreach: None
    fused: None
    initial_lr: 0.005
    lr: 0.005
    maximize: False
    weight_decay: 0.01
)
[2023-07-25 09:49:38 - INFO:] -------------------------------
[2023-07-25 09:52:11 - INFO:] epoch: 1/200
[2023-07-25 09:52:11 - INFO:] learning_rate: 0.0049
[2023-07-25 09:52:11 - INFO:] train_acc: 90.7097%, train_loss: 0.0014
[2023-07-25 09:52:11 - INFO:] test_acc: 90.4092%, test_loss: 0.0013
[2023-07-25 09:52:11 - INFO:] max_train_acc: 0.9071
[2023-07-25 09:52:11 - INFO:] max_test_acc: 0.9041
[2023-07-25 09:52:11 - INFO:] max_lr: 0.0049, min_lr: 0.0049
[2023-07-25 09:52:11 - INFO:] ======================================
[2023-07-25 09:54:38 - INFO:] epoch: 2/200
[2023-07-25 09:54:38 - INFO:] learning_rate: 0.0045
[2023-07-25 09:54:38 - INFO:] train_acc: 90.8216%, train_loss: 0.0013
[2023-07-25 09:54:38 - INFO:] test_acc: 90.3831%, test_loss: 0.0013
[2023-07-25 09:54:38 - INFO:] max_train_acc: 0.9082
[2023-07-25 09:54:38 - INFO:] max_test_acc: 0.9041
[2023-07-25 09:54:38 - INFO:] max_lr: 0.0049, min_lr: 0.0045
[2023-07-25 09:54:38 - INFO:] ======================================
[2023-07-25 09:57:10 - INFO:] epoch: 3/200
[2023-07-25 09:57:10 - INFO:] learning_rate: 0.0040
[2023-07-25 09:57:10 - INFO:] train_acc: 90.8174%, train_loss: 0.0013
[2023-07-25 09:57:10 - INFO:] test_acc: 90.4136%, test_loss: 0.0013
[2023-07-25 09:57:10 - INFO:] max_train_acc: 0.9082
[2023-07-25 09:57:10 - INFO:] max_test_acc: 0.9041
[2023-07-25 09:57:10 - INFO:] max_lr: 0.0049, min_lr: 0.0040
[2023-07-25 09:57:10 - INFO:] ======================================
[2023-07-25 09:59:41 - INFO:] epoch: 4/200
[2023-07-25 09:59:41 - INFO:] learning_rate: 0.0033
[2023-07-25 09:59:41 - INFO:] train_acc: 90.8153%, train_loss: 0.0013
[2023-07-25 09:59:41 - INFO:] test_acc: 90.4179%, test_loss: 0.0013
[2023-07-25 09:59:41 - INFO:] max_train_acc: 0.9082
[2023-07-25 09:59:41 - INFO:] max_test_acc: 0.9042
[2023-07-25 09:59:41 - INFO:] max_lr: 0.0049, min_lr: 0.0033
[2023-07-25 09:59:41 - INFO:] ======================================
[2023-07-25 10:02:12 - INFO:] epoch: 5/200
[2023-07-25 10:02:12 - INFO:] learning_rate: 0.0025
[2023-07-25 10:02:12 - INFO:] train_acc: 90.8185%, train_loss: 0.0013
[2023-07-25 10:02:12 - INFO:] test_acc: 90.3831%, test_loss: 0.0013
[2023-07-25 10:02:12 - INFO:] max_train_acc: 0.9082
[2023-07-25 10:02:12 - INFO:] max_test_acc: 0.9042
[2023-07-25 10:02:12 - INFO:] max_lr: 0.0049, min_lr: 0.0025
[2023-07-25 10:02:12 - INFO:] ======================================
[2023-07-25 10:04:42 - INFO:] epoch: 6/200
[2023-07-25 10:04:42 - INFO:] learning_rate: 0.0017
[2023-07-25 10:04:42 - INFO:] train_acc: 90.8153%, train_loss: 0.0013
[2023-07-25 10:04:42 - INFO:] test_acc: 90.3788%, test_loss: 0.0013
[2023-07-25 10:04:42 - INFO:] max_train_acc: 0.9082
[2023-07-25 10:04:42 - INFO:] max_test_acc: 0.9042
[2023-07-25 10:04:42 - INFO:] max_lr: 0.0049, min_lr: 0.0017
[2023-07-25 10:04:42 - INFO:] ======================================
[2023-07-25 10:07:13 - INFO:] epoch: 7/200
[2023-07-25 10:07:13 - INFO:] learning_rate: 0.0010
[2023-07-25 10:07:13 - INFO:] train_acc: 90.8216%, train_loss: 0.0013
[2023-07-25 10:07:13 - INFO:] test_acc: 90.4049%, test_loss: 0.0013
[2023-07-25 10:07:13 - INFO:] max_train_acc: 0.9082
[2023-07-25 10:07:13 - INFO:] max_test_acc: 0.9042
[2023-07-25 10:07:13 - INFO:] max_lr: 0.0049, min_lr: 0.0010
[2023-07-25 10:07:13 - INFO:] ======================================
[2023-07-25 10:09:43 - INFO:] epoch: 8/200
[2023-07-25 10:09:43 - INFO:] learning_rate: 0.0005
[2023-07-25 10:09:43 - INFO:] train_acc: 90.8143%, train_loss: 0.0013
[2023-07-25 10:09:43 - INFO:] test_acc: 90.3918%, test_loss: 0.0013
[2023-07-25 10:09:43 - INFO:] max_train_acc: 0.9082
[2023-07-25 10:09:43 - INFO:] max_test_acc: 0.9042
[2023-07-25 10:09:43 - INFO:] max_lr: 0.0049, min_lr: 0.0005
[2023-07-25 10:09:43 - INFO:] ======================================
[2023-07-25 10:12:15 - INFO:] epoch: 9/200
[2023-07-25 10:12:15 - INFO:] learning_rate: 0.0001
[2023-07-25 10:12:15 - INFO:] train_acc: 90.8132%, train_loss: 0.0013
[2023-07-25 10:12:15 - INFO:] test_acc: 90.3875%, test_loss: 0.0013
[2023-07-25 10:12:15 - INFO:] max_train_acc: 0.9082
[2023-07-25 10:12:15 - INFO:] max_test_acc: 0.9042
[2023-07-25 10:12:15 - INFO:] max_lr: 0.0049, min_lr: 0.0001
[2023-07-25 10:12:15 - INFO:] ======================================
[2023-07-25 10:14:46 - INFO:] epoch: 10/200
[2023-07-25 10:14:46 - INFO:] learning_rate: 0.0000
[2023-07-25 10:14:46 - INFO:] train_acc: 90.8185%, train_loss: 0.0013
[2023-07-25 10:14:46 - INFO:] test_acc: 90.3831%, test_loss: 0.0013
[2023-07-25 10:14:46 - INFO:] max_train_acc: 0.9082
[2023-07-25 10:14:46 - INFO:] max_test_acc: 0.9042
[2023-07-25 10:14:46 - INFO:] max_lr: 0.0049, min_lr: 0.0000
[2023-07-25 10:14:46 - INFO:] ======================================
[2023-07-25 10:17:18 - INFO:] epoch: 11/200
[2023-07-25 10:17:18 - INFO:] learning_rate: 0.0001
[2023-07-25 10:17:18 - INFO:] train_acc: 90.8143%, train_loss: 0.0013
[2023-07-25 10:17:18 - INFO:] test_acc: 90.3875%, test_loss: 0.0013
[2023-07-25 10:17:18 - INFO:] max_train_acc: 0.9082
[2023-07-25 10:17:18 - INFO:] max_test_acc: 0.9042
[2023-07-25 10:17:18 - INFO:] max_lr: 0.0049, min_lr: 0.0000
[2023-07-25 10:17:18 - INFO:] ======================================
[2023-07-25 10:19:48 - INFO:] epoch: 12/200
[2023-07-25 10:19:48 - INFO:] learning_rate: 0.0005
[2023-07-25 10:19:48 - INFO:] train_acc: 90.8206%, train_loss: 0.0013
[2023-07-25 10:19:48 - INFO:] test_acc: 90.4005%, test_loss: 0.0013
[2023-07-25 10:19:48 - INFO:] max_train_acc: 0.9082
[2023-07-25 10:19:48 - INFO:] max_test_acc: 0.9042
[2023-07-25 10:19:48 - INFO:] max_lr: 0.0049, min_lr: 0.0000
[2023-07-25 10:19:48 - INFO:] ======================================
[2023-07-25 10:22:18 - INFO:] epoch: 13/200
[2023-07-25 10:22:18 - INFO:] learning_rate: 0.0010
[2023-07-25 10:22:18 - INFO:] train_acc: 90.8185%, train_loss: 0.0013
[2023-07-25 10:22:18 - INFO:] test_acc: 90.4049%, test_loss: 0.0013
[2023-07-25 10:22:18 - INFO:] max_train_acc: 0.9082
[2023-07-25 10:22:18 - INFO:] max_test_acc: 0.9042
[2023-07-25 10:22:18 - INFO:] max_lr: 0.0049, min_lr: 0.0000
[2023-07-25 10:22:18 - INFO:] ======================================
[2023-07-25 10:24:49 - INFO:] epoch: 14/200
[2023-07-25 10:24:49 - INFO:] learning_rate: 0.0017
[2023-07-25 10:24:49 - INFO:] train_acc: 90.8100%, train_loss: 0.0013
[2023-07-25 10:24:49 - INFO:] test_acc: 90.4049%, test_loss: 0.0013
[2023-07-25 10:24:49 - INFO:] max_train_acc: 0.9082
[2023-07-25 10:24:49 - INFO:] max_test_acc: 0.9042
[2023-07-25 10:24:49 - INFO:] max_lr: 0.0049, min_lr: 0.0000
[2023-07-25 10:24:49 - INFO:] ======================================
[2023-07-25 10:27:19 - INFO:] epoch: 15/200
[2023-07-25 10:27:19 - INFO:] learning_rate: 0.0025
[2023-07-25 10:27:19 - INFO:] train_acc: 90.8153%, train_loss: 0.0013
[2023-07-25 10:27:19 - INFO:] test_acc: 90.3962%, test_loss: 0.0013
[2023-07-25 10:27:19 - INFO:] max_train_acc: 0.9082
[2023-07-25 10:27:19 - INFO:] max_test_acc: 0.9042
[2023-07-25 10:27:19 - INFO:] max_lr: 0.0049, min_lr: 0.0000
[2023-07-25 10:27:19 - INFO:] ======================================
[2023-07-25 10:29:51 - INFO:] epoch: 16/200
[2023-07-25 10:29:51 - INFO:] learning_rate: 0.0033
[2023-07-25 10:29:51 - INFO:] train_acc: 90.8111%, train_loss: 0.0013
[2023-07-25 10:29:51 - INFO:] test_acc: 90.3918%, test_loss: 0.0013
[2023-07-25 10:29:51 - INFO:] max_train_acc: 0.9082
[2023-07-25 10:29:51 - INFO:] max_test_acc: 0.9042
[2023-07-25 10:29:51 - INFO:] max_lr: 0.0049, min_lr: 0.0000
[2023-07-25 10:29:51 - INFO:] ======================================
[2023-07-25 10:32:22 - INFO:] epoch: 17/200
[2023-07-25 10:32:22 - INFO:] learning_rate: 0.0040
[2023-07-25 10:32:22 - INFO:] train_acc: 90.8132%, train_loss: 0.0013
[2023-07-25 10:32:22 - INFO:] test_acc: 90.3875%, test_loss: 0.0013
[2023-07-25 10:32:22 - INFO:] max_train_acc: 0.9082
[2023-07-25 10:32:22 - INFO:] max_test_acc: 0.9042
[2023-07-25 10:32:22 - INFO:] max_lr: 0.0049, min_lr: 0.0000
[2023-07-25 10:32:22 - INFO:] ======================================
[2023-07-25 10:34:52 - INFO:] epoch: 18/200
[2023-07-25 10:34:52 - INFO:] learning_rate: 0.0045
[2023-07-25 10:34:52 - INFO:] train_acc: 90.8111%, train_loss: 0.0013
[2023-07-25 10:34:52 - INFO:] test_acc: 90.3962%, test_loss: 0.0013
[2023-07-25 10:34:52 - INFO:] max_train_acc: 0.9082
[2023-07-25 10:34:52 - INFO:] max_test_acc: 0.9042
[2023-07-25 10:34:52 - INFO:] max_lr: 0.0049, min_lr: 0.0000
[2023-07-25 10:34:52 - INFO:] ======================================
[2023-07-25 10:37:23 - INFO:] epoch: 19/200
[2023-07-25 10:37:23 - INFO:] learning_rate: 0.0049
[2023-07-25 10:37:23 - INFO:] train_acc: 90.8058%, train_loss: 0.0013
[2023-07-25 10:37:23 - INFO:] test_acc: 90.4092%, test_loss: 0.0013
[2023-07-25 10:37:23 - INFO:] max_train_acc: 0.9082
[2023-07-25 10:37:23 - INFO:] max_test_acc: 0.9042
[2023-07-25 10:37:23 - INFO:] max_lr: 0.0049, min_lr: 0.0000
[2023-07-25 10:37:23 - INFO:] ======================================
[2023-07-25 10:39:53 - INFO:] epoch: 20/200
[2023-07-25 10:39:53 - INFO:] learning_rate: 0.0050
[2023-07-25 10:39:53 - INFO:] train_acc: 90.8121%, train_loss: 0.0013
[2023-07-25 10:39:53 - INFO:] test_acc: 90.4179%, test_loss: 0.0013
[2023-07-25 10:39:53 - INFO:] max_train_acc: 0.9082
[2023-07-25 10:39:53 - INFO:] max_test_acc: 0.9042
[2023-07-25 10:39:53 - INFO:] max_lr: 0.0050, min_lr: 0.0000
[2023-07-25 10:39:53 - INFO:] ======================================
[2023-07-25 10:42:23 - INFO:] epoch: 21/200
[2023-07-25 10:42:23 - INFO:] learning_rate: 0.0049
[2023-07-25 10:42:23 - INFO:] train_acc: 90.8153%, train_loss: 0.0013
[2023-07-25 10:42:23 - INFO:] test_acc: 90.3962%, test_loss: 0.0013
[2023-07-25 10:42:23 - INFO:] max_train_acc: 0.9082
[2023-07-25 10:42:23 - INFO:] max_test_acc: 0.9042
[2023-07-25 10:42:23 - INFO:] max_lr: 0.0050, min_lr: 0.0000
[2023-07-25 10:42:23 - INFO:] ======================================
[2023-07-25 10:44:54 - INFO:] epoch: 22/200
[2023-07-25 10:44:54 - INFO:] learning_rate: 0.0045
[2023-07-25 10:44:54 - INFO:] train_acc: 90.8459%, train_loss: 0.0013
[2023-07-25 10:44:54 - INFO:] test_acc: 90.4615%, test_loss: 0.0013
[2023-07-25 10:44:54 - INFO:] max_train_acc: 0.9085
[2023-07-25 10:44:54 - INFO:] max_test_acc: 0.9046
[2023-07-25 10:44:54 - INFO:] max_lr: 0.0050, min_lr: 0.0000
[2023-07-25 10:44:54 - INFO:] ======================================
[2023-07-25 10:47:24 - INFO:] epoch: 23/200
[2023-07-25 10:47:24 - INFO:] learning_rate: 0.0040
[2023-07-25 10:47:24 - INFO:] train_acc: 90.9959%, train_loss: 0.0013
[2023-07-25 10:47:24 - INFO:] test_acc: 90.5355%, test_loss: 0.0013
[2023-07-25 10:47:24 - INFO:] max_train_acc: 0.9100
[2023-07-25 10:47:24 - INFO:] max_test_acc: 0.9054
[2023-07-25 10:47:24 - INFO:] max_lr: 0.0050, min_lr: 0.0000
[2023-07-25 10:47:24 - INFO:] ======================================
[2023-07-25 10:49:55 - INFO:] epoch: 24/200
[2023-07-25 10:49:55 - INFO:] learning_rate: 0.0033
[2023-07-25 10:49:55 - INFO:] train_acc: 91.0465%, train_loss: 0.0013
[2023-07-25 10:49:55 - INFO:] test_acc: 90.5790%, test_loss: 0.0013
[2023-07-25 10:49:55 - INFO:] max_train_acc: 0.9105
[2023-07-25 10:49:55 - INFO:] max_test_acc: 0.9058
[2023-07-25 10:49:55 - INFO:] max_lr: 0.0050, min_lr: 0.0000
[2023-07-25 10:49:55 - INFO:] ======================================
[2023-07-25 10:52:25 - INFO:] epoch: 25/200
[2023-07-25 10:52:25 - INFO:] learning_rate: 0.0025
[2023-07-25 10:52:25 - INFO:] train_acc: 91.0867%, train_loss: 0.0013
[2023-07-25 10:52:25 - INFO:] test_acc: 90.5268%, test_loss: 0.0013
[2023-07-25 10:52:25 - INFO:] max_train_acc: 0.9109
[2023-07-25 10:52:25 - INFO:] max_test_acc: 0.9058
[2023-07-25 10:52:25 - INFO:] max_lr: 0.0050, min_lr: 0.0000
[2023-07-25 10:52:25 - INFO:] ======================================
[2023-07-25 10:54:56 - INFO:] epoch: 26/200
[2023-07-25 10:54:56 - INFO:] learning_rate: 0.0017
[2023-07-25 10:54:56 - INFO:] train_acc: 91.0603%, train_loss: 0.0013
[2023-07-25 10:54:56 - INFO:] test_acc: 90.9621%, test_loss: 0.0013
[2023-07-25 10:54:56 - INFO:] max_train_acc: 0.9109
[2023-07-25 10:54:56 - INFO:] max_test_acc: 0.9096
[2023-07-25 10:54:56 - INFO:] max_lr: 0.0050, min_lr: 0.0000
[2023-07-25 10:54:56 - INFO:] ======================================
[2023-07-25 10:57:26 - INFO:] epoch: 27/200
[2023-07-25 10:57:26 - INFO:] learning_rate: 0.0010
[2023-07-25 10:57:26 - INFO:] train_acc: 91.0941%, train_loss: 0.0013
[2023-07-25 10:57:26 - INFO:] test_acc: 90.7836%, test_loss: 0.0013
[2023-07-25 10:57:26 - INFO:] max_train_acc: 0.9109
[2023-07-25 10:57:26 - INFO:] max_test_acc: 0.9096
[2023-07-25 10:57:26 - INFO:] max_lr: 0.0050, min_lr: 0.0000
[2023-07-25 10:57:26 - INFO:] ======================================
[2023-07-25 10:59:57 - INFO:] epoch: 28/200
[2023-07-25 10:59:57 - INFO:] learning_rate: 0.0005
[2023-07-25 10:59:57 - INFO:] train_acc: 91.1796%, train_loss: 0.0013
[2023-07-25 10:59:57 - INFO:] test_acc: 90.9404%, test_loss: 0.0013
[2023-07-25 10:59:57 - INFO:] max_train_acc: 0.9118
[2023-07-25 10:59:57 - INFO:] max_test_acc: 0.9096
[2023-07-25 10:59:57 - INFO:] max_lr: 0.0050, min_lr: 0.0000
[2023-07-25 10:59:57 - INFO:] ======================================
[2023-07-25 11:02:27 - INFO:] epoch: 29/200
[2023-07-25 11:02:27 - INFO:] learning_rate: 0.0001
[2023-07-25 11:02:27 - INFO:] train_acc: 91.1310%, train_loss: 0.0013
[2023-07-25 11:02:27 - INFO:] test_acc: 90.9142%, test_loss: 0.0013
[2023-07-25 11:02:27 - INFO:] max_train_acc: 0.9118
[2023-07-25 11:02:27 - INFO:] max_test_acc: 0.9096
[2023-07-25 11:02:27 - INFO:] max_lr: 0.0050, min_lr: 0.0000
[2023-07-25 11:02:27 - INFO:] ======================================
[2023-07-25 11:04:57 - INFO:] epoch: 30/200
[2023-07-25 11:04:57 - INFO:] learning_rate: 0.0000
[2023-07-25 11:04:57 - INFO:] train_acc: 91.1131%, train_loss: 0.0013
[2023-07-25 11:04:57 - INFO:] test_acc: 90.8533%, test_loss: 0.0013
[2023-07-25 11:04:57 - INFO:] max_train_acc: 0.9118
[2023-07-25 11:04:57 - INFO:] max_test_acc: 0.9096
[2023-07-25 11:04:57 - INFO:] max_lr: 0.0050, min_lr: 0.0000
[2023-07-25 11:04:57 - INFO:] ======================================
[2023-07-25 11:07:27 - INFO:] epoch: 31/200
[2023-07-25 11:07:27 - INFO:] learning_rate: 0.0001
[2023-07-25 11:07:27 - INFO:] train_acc: 91.1363%, train_loss: 0.0013
[2023-07-25 11:07:27 - INFO:] test_acc: 90.8533%, test_loss: 0.0013
[2023-07-25 11:07:27 - INFO:] max_train_acc: 0.9118
[2023-07-25 11:07:27 - INFO:] max_test_acc: 0.9096
[2023-07-25 11:07:27 - INFO:] max_lr: 0.0050, min_lr: 0.0000
[2023-07-25 11:07:27 - INFO:] ======================================
[2023-07-25 11:09:57 - INFO:] epoch: 32/200
[2023-07-25 11:09:57 - INFO:] learning_rate: 0.0005
[2023-07-25 11:09:57 - INFO:] train_acc: 91.1321%, train_loss: 0.0013
[2023-07-25 11:09:57 - INFO:] test_acc: 90.8533%, test_loss: 0.0013
[2023-07-25 11:09:57 - INFO:] max_train_acc: 0.9118
[2023-07-25 11:09:57 - INFO:] max_test_acc: 0.9096
[2023-07-25 11:09:57 - INFO:] max_lr: 0.0050, min_lr: 0.0000
[2023-07-25 11:09:57 - INFO:] ======================================
[2023-07-25 11:12:28 - INFO:] epoch: 33/200
[2023-07-25 11:12:28 - INFO:] learning_rate: 0.0010
[2023-07-25 11:12:28 - INFO:] train_acc: 91.1236%, train_loss: 0.0013
[2023-07-25 11:12:28 - INFO:] test_acc: 90.8141%, test_loss: 0.0013
[2023-07-25 11:12:28 - INFO:] max_train_acc: 0.9118
[2023-07-25 11:12:28 - INFO:] max_test_acc: 0.9096
[2023-07-25 11:12:28 - INFO:] max_lr: 0.0050, min_lr: 0.0000
[2023-07-25 11:12:28 - INFO:] ======================================
[2023-07-25 11:14:59 - INFO:] epoch: 34/200
[2023-07-25 11:14:59 - INFO:] learning_rate: 0.0017
[2023-07-25 11:14:59 - INFO:] train_acc: 91.1447%, train_loss: 0.0013
[2023-07-25 11:14:59 - INFO:] test_acc: 90.9186%, test_loss: 0.0013
[2023-07-25 11:14:59 - INFO:] max_train_acc: 0.9118
[2023-07-25 11:14:59 - INFO:] max_test_acc: 0.9096
[2023-07-25 11:14:59 - INFO:] max_lr: 0.0050, min_lr: 0.0000
[2023-07-25 11:14:59 - INFO:] ======================================
[2023-07-25 11:17:30 - INFO:] epoch: 35/200
[2023-07-25 11:17:30 - INFO:] learning_rate: 0.0025
[2023-07-25 11:17:30 - INFO:] train_acc: 91.1099%, train_loss: 0.0013
[2023-07-25 11:17:30 - INFO:] test_acc: 90.9316%, test_loss: 0.0013
[2023-07-25 11:17:30 - INFO:] max_train_acc: 0.9118
[2023-07-25 11:17:30 - INFO:] max_test_acc: 0.9096
[2023-07-25 11:17:30 - INFO:] max_lr: 0.0050, min_lr: 0.0000
[2023-07-25 11:17:30 - INFO:] ======================================
[2023-07-25 11:20:00 - INFO:] epoch: 36/200
[2023-07-25 11:20:00 - INFO:] learning_rate: 0.0033
[2023-07-25 11:20:00 - INFO:] train_acc: 91.1363%, train_loss: 0.0013
[2023-07-25 11:20:00 - INFO:] test_acc: 90.8359%, test_loss: 0.0013
[2023-07-25 11:20:00 - INFO:] max_train_acc: 0.9118
[2023-07-25 11:20:00 - INFO:] max_test_acc: 0.9096
[2023-07-25 11:20:00 - INFO:] max_lr: 0.0050, min_lr: 0.0000
[2023-07-25 11:20:00 - INFO:] ======================================
[2023-07-25 11:22:31 - INFO:] epoch: 37/200
[2023-07-25 11:22:31 - INFO:] learning_rate: 0.0040
[2023-07-25 11:22:31 - INFO:] train_acc: 91.1458%, train_loss: 0.0013
[2023-07-25 11:22:31 - INFO:] test_acc: 90.9316%, test_loss: 0.0013
[2023-07-25 11:22:31 - INFO:] max_train_acc: 0.9118
[2023-07-25 11:22:31 - INFO:] max_test_acc: 0.9096
[2023-07-25 11:22:31 - INFO:] max_lr: 0.0050, min_lr: 0.0000
[2023-07-25 11:22:31 - INFO:] ======================================
[2023-07-25 11:25:02 - INFO:] epoch: 38/200
[2023-07-25 11:25:02 - INFO:] learning_rate: 0.0045
[2023-07-25 11:25:02 - INFO:] train_acc: 91.1859%, train_loss: 0.0013
[2023-07-25 11:25:02 - INFO:] test_acc: 90.8707%, test_loss: 0.0013
[2023-07-25 11:25:02 - INFO:] max_train_acc: 0.9119
[2023-07-25 11:25:02 - INFO:] max_test_acc: 0.9096
[2023-07-25 11:25:02 - INFO:] max_lr: 0.0050, min_lr: 0.0000
[2023-07-25 11:25:02 - INFO:] ======================================
[2023-07-25 11:27:33 - INFO:] epoch: 39/200
[2023-07-25 11:27:33 - INFO:] learning_rate: 0.0049
[2023-07-25 11:27:33 - INFO:] train_acc: 91.2123%, train_loss: 0.0013
[2023-07-25 11:27:33 - INFO:] test_acc: 91.0535%, test_loss: 0.0013
[2023-07-25 11:27:33 - INFO:] max_train_acc: 0.9121
[2023-07-25 11:27:33 - INFO:] max_test_acc: 0.9105
[2023-07-25 11:27:33 - INFO:] max_lr: 0.0050, min_lr: 0.0000
[2023-07-25 11:27:33 - INFO:] ======================================
[2023-07-25 11:30:03 - INFO:] epoch: 40/200
[2023-07-25 11:30:03 - INFO:] learning_rate: 0.0050
[2023-07-25 11:30:03 - INFO:] train_acc: 91.2070%, train_loss: 0.0013
[2023-07-25 11:30:03 - INFO:] test_acc: 91.0535%, test_loss: 0.0013
[2023-07-25 11:30:03 - INFO:] max_train_acc: 0.9121
[2023-07-25 11:30:03 - INFO:] max_test_acc: 0.9105
[2023-07-25 11:30:03 - INFO:] max_lr: 0.0050, min_lr: 0.0000
[2023-07-25 11:30:03 - INFO:] ======================================
[2023-07-25 11:32:33 - INFO:] epoch: 41/200
[2023-07-25 11:32:33 - INFO:] learning_rate: 0.0049
[2023-07-25 11:32:33 - INFO:] train_acc: 91.2588%, train_loss: 0.0013
[2023-07-25 11:32:33 - INFO:] test_acc: 91.2886%, test_loss: 0.0013
[2023-07-25 11:32:33 - INFO:] max_train_acc: 0.9126
[2023-07-25 11:32:33 - INFO:] max_test_acc: 0.9129
[2023-07-25 11:32:33 - INFO:] max_lr: 0.0050, min_lr: 0.0000
[2023-07-25 11:32:33 - INFO:] ======================================
[2023-07-25 11:35:04 - INFO:] epoch: 42/200
[2023-07-25 11:35:04 - INFO:] learning_rate: 0.0045
[2023-07-25 11:35:04 - INFO:] train_acc: 91.3010%, train_loss: 0.0013
[2023-07-25 11:35:04 - INFO:] test_acc: 91.0971%, test_loss: 0.0013
[2023-07-25 11:35:04 - INFO:] max_train_acc: 0.9130
[2023-07-25 11:35:04 - INFO:] max_test_acc: 0.9129
[2023-07-25 11:35:04 - INFO:] max_lr: 0.0050, min_lr: 0.0000
[2023-07-25 11:35:04 - INFO:] ======================================
[2023-07-25 11:37:34 - INFO:] epoch: 43/200
[2023-07-25 11:37:34 - INFO:] learning_rate: 0.0040
[2023-07-25 11:37:34 - INFO:] train_acc: 91.2376%, train_loss: 0.0013
[2023-07-25 11:37:34 - INFO:] test_acc: 90.9316%, test_loss: 0.0013
[2023-07-25 11:37:34 - INFO:] max_train_acc: 0.9130
[2023-07-25 11:37:34 - INFO:] max_test_acc: 0.9129
[2023-07-25 11:37:34 - INFO:] max_lr: 0.0050, min_lr: 0.0000
[2023-07-25 11:37:34 - INFO:] ======================================
[2023-07-25 11:40:04 - INFO:] epoch: 44/200
[2023-07-25 11:40:04 - INFO:] learning_rate: 0.0033
[2023-07-25 11:40:04 - INFO:] train_acc: 91.3042%, train_loss: 0.0013
[2023-07-25 11:40:04 - INFO:] test_acc: 91.1406%, test_loss: 0.0013
[2023-07-25 11:40:04 - INFO:] max_train_acc: 0.9130
[2023-07-25 11:40:04 - INFO:] max_test_acc: 0.9129
[2023-07-25 11:40:04 - INFO:] max_lr: 0.0050, min_lr: 0.0000
[2023-07-25 11:40:04 - INFO:] ======================================
[2023-07-25 11:42:35 - INFO:] epoch: 45/200
[2023-07-25 11:42:35 - INFO:] learning_rate: 0.0025
[2023-07-25 11:42:35 - INFO:] train_acc: 91.2640%, train_loss: 0.0013
[2023-07-25 11:42:35 - INFO:] test_acc: 91.2886%, test_loss: 0.0013
[2023-07-25 11:42:35 - INFO:] max_train_acc: 0.9130
[2023-07-25 11:42:35 - INFO:] max_test_acc: 0.9129
[2023-07-25 11:42:35 - INFO:] max_lr: 0.0050, min_lr: 0.0000
[2023-07-25 11:42:35 - INFO:] ======================================
[2023-07-25 11:45:06 - INFO:] epoch: 46/200
[2023-07-25 11:45:06 - INFO:] learning_rate: 0.0017
[2023-07-25 11:45:06 - INFO:] train_acc: 91.2947%, train_loss: 0.0013
[2023-07-25 11:45:06 - INFO:] test_acc: 91.2016%, test_loss: 0.0013
[2023-07-25 11:45:06 - INFO:] max_train_acc: 0.9130
[2023-07-25 11:45:06 - INFO:] max_test_acc: 0.9129
[2023-07-25 11:45:06 - INFO:] max_lr: 0.0050, min_lr: 0.0000
[2023-07-25 11:45:06 - INFO:] ======================================
[2023-07-25 11:47:38 - INFO:] epoch: 47/200
[2023-07-25 11:47:38 - INFO:] learning_rate: 0.0010
[2023-07-25 11:47:38 - INFO:] train_acc: 91.3464%, train_loss: 0.0013
[2023-07-25 11:47:38 - INFO:] test_acc: 91.4236%, test_loss: 0.0013
[2023-07-25 11:47:38 - INFO:] max_train_acc: 0.9135
[2023-07-25 11:47:38 - INFO:] max_test_acc: 0.9142
[2023-07-25 11:47:38 - INFO:] max_lr: 0.0050, min_lr: 0.0000
[2023-07-25 11:47:38 - INFO:] ======================================
[2023-07-25 11:50:10 - INFO:] epoch: 48/200
[2023-07-25 11:50:10 - INFO:] learning_rate: 0.0005
[2023-07-25 11:50:10 - INFO:] train_acc: 91.2978%, train_loss: 0.0013
[2023-07-25 11:50:10 - INFO:] test_acc: 91.3322%, test_loss: 0.0013
[2023-07-25 11:50:10 - INFO:] max_train_acc: 0.9135
[2023-07-25 11:50:10 - INFO:] max_test_acc: 0.9142
[2023-07-25 11:50:10 - INFO:] max_lr: 0.0050, min_lr: 0.0000
[2023-07-25 11:50:10 - INFO:] ======================================
[2023-07-25 11:52:41 - INFO:] epoch: 49/200
[2023-07-25 11:52:41 - INFO:] learning_rate: 0.0001
[2023-07-25 11:52:41 - INFO:] train_acc: 91.3686%, train_loss: 0.0013
[2023-07-25 11:52:41 - INFO:] test_acc: 91.2625%, test_loss: 0.0013
[2023-07-25 11:52:41 - INFO:] max_train_acc: 0.9137
[2023-07-25 11:52:41 - INFO:] max_test_acc: 0.9142
[2023-07-25 11:52:41 - INFO:] max_lr: 0.0050, min_lr: 0.0000
[2023-07-25 11:52:41 - INFO:] ======================================
[2023-07-25 11:55:12 - INFO:] epoch: 50/200
[2023-07-25 11:55:12 - INFO:] learning_rate: 0.0000
[2023-07-25 11:55:12 - INFO:] train_acc: 91.3506%, train_loss: 0.0013
[2023-07-25 11:55:12 - INFO:] test_acc: 91.3626%, test_loss: 0.0013
[2023-07-25 11:55:12 - INFO:] max_train_acc: 0.9137
[2023-07-25 11:55:12 - INFO:] max_test_acc: 0.9142
[2023-07-25 11:55:12 - INFO:] max_lr: 0.0050, min_lr: 0.0000
[2023-07-25 11:55:12 - INFO:] ======================================
[2023-07-25 11:57:42 - INFO:] epoch: 51/200
[2023-07-25 11:57:42 - INFO:] learning_rate: 0.0001
[2023-07-25 11:57:42 - INFO:] train_acc: 91.3855%, train_loss: 0.0013
[2023-07-25 11:57:42 - INFO:] test_acc: 91.3583%, test_loss: 0.0013
[2023-07-25 11:57:42 - INFO:] max_train_acc: 0.9139
[2023-07-25 11:57:42 - INFO:] max_test_acc: 0.9142
[2023-07-25 11:57:42 - INFO:] max_lr: 0.0050, min_lr: 0.0000
[2023-07-25 11:57:42 - INFO:] ======================================
[2023-07-25 12:00:13 - INFO:] epoch: 52/200
[2023-07-25 12:00:13 - INFO:] learning_rate: 0.0005
[2023-07-25 12:00:13 - INFO:] train_acc: 91.3696%, train_loss: 0.0013
[2023-07-25 12:00:13 - INFO:] test_acc: 91.3888%, test_loss: 0.0013
[2023-07-25 12:00:13 - INFO:] max_train_acc: 0.9139
[2023-07-25 12:00:13 - INFO:] max_test_acc: 0.9142
[2023-07-25 12:00:13 - INFO:] max_lr: 0.0050, min_lr: 0.0000
[2023-07-25 12:00:13 - INFO:] ======================================
[2023-07-25 12:02:44 - INFO:] epoch: 53/200
[2023-07-25 12:02:44 - INFO:] learning_rate: 0.0010
[2023-07-25 12:02:44 - INFO:] train_acc: 91.3506%, train_loss: 0.0013
[2023-07-25 12:02:44 - INFO:] test_acc: 91.3017%, test_loss: 0.0013
[2023-07-25 12:02:44 - INFO:] max_train_acc: 0.9139
[2023-07-25 12:02:44 - INFO:] max_test_acc: 0.9142
[2023-07-25 12:02:44 - INFO:] max_lr: 0.0050, min_lr: 0.0000
[2023-07-25 12:02:44 - INFO:] ======================================
[2023-07-25 12:05:15 - INFO:] epoch: 54/200
[2023-07-25 12:05:15 - INFO:] learning_rate: 0.0017
[2023-07-25 12:05:15 - INFO:] train_acc: 91.3591%, train_loss: 0.0013
[2023-07-25 12:05:15 - INFO:] test_acc: 91.4279%, test_loss: 0.0013
[2023-07-25 12:05:15 - INFO:] max_train_acc: 0.9139
[2023-07-25 12:05:15 - INFO:] max_test_acc: 0.9143
[2023-07-25 12:05:15 - INFO:] max_lr: 0.0050, min_lr: 0.0000
[2023-07-25 12:05:15 - INFO:] ======================================
[2023-07-25 12:07:46 - INFO:] epoch: 55/200
[2023-07-25 12:07:46 - INFO:] learning_rate: 0.0025
[2023-07-25 12:07:46 - INFO:] train_acc: 91.3348%, train_loss: 0.0013
[2023-07-25 12:07:46 - INFO:] test_acc: 91.3235%, test_loss: 0.0013
[2023-07-25 12:07:46 - INFO:] max_train_acc: 0.9139
[2023-07-25 12:07:46 - INFO:] max_test_acc: 0.9143
[2023-07-25 12:07:46 - INFO:] max_lr: 0.0050, min_lr: 0.0000
[2023-07-25 12:07:46 - INFO:] ======================================
[2023-07-25 12:10:16 - INFO:] epoch: 56/200
[2023-07-25 12:10:16 - INFO:] learning_rate: 0.0033
[2023-07-25 12:10:16 - INFO:] train_acc: 91.3475%, train_loss: 0.0013
[2023-07-25 12:10:16 - INFO:] test_acc: 91.4628%, test_loss: 0.0013
[2023-07-25 12:10:16 - INFO:] max_train_acc: 0.9139
[2023-07-25 12:10:16 - INFO:] max_test_acc: 0.9146
[2023-07-25 12:10:16 - INFO:] max_lr: 0.0050, min_lr: 0.0000
[2023-07-25 12:10:16 - INFO:] ======================================
[2023-07-25 12:12:47 - INFO:] epoch: 57/200
[2023-07-25 12:12:47 - INFO:] learning_rate: 0.0040
[2023-07-25 12:12:47 - INFO:] train_acc: 91.3548%, train_loss: 0.0013
[2023-07-25 12:12:47 - INFO:] test_acc: 91.4758%, test_loss: 0.0013
[2023-07-25 12:12:47 - INFO:] max_train_acc: 0.9139
[2023-07-25 12:12:47 - INFO:] max_test_acc: 0.9148
[2023-07-25 12:12:47 - INFO:] max_lr: 0.0050, min_lr: 0.0000
[2023-07-25 12:12:47 - INFO:] ======================================
[2023-07-25 12:15:18 - INFO:] epoch: 58/200
[2023-07-25 12:15:18 - INFO:] learning_rate: 0.0045
[2023-07-25 12:15:18 - INFO:] train_acc: 91.3496%, train_loss: 0.0013
[2023-07-25 12:15:18 - INFO:] test_acc: 91.4497%, test_loss: 0.0013
[2023-07-25 12:15:18 - INFO:] max_train_acc: 0.9139
[2023-07-25 12:15:18 - INFO:] max_test_acc: 0.9148
[2023-07-25 12:15:18 - INFO:] max_lr: 0.0050, min_lr: 0.0000
[2023-07-25 12:15:18 - INFO:] ======================================
[2023-07-25 12:17:49 - INFO:] epoch: 59/200
[2023-07-25 12:17:49 - INFO:] learning_rate: 0.0049
[2023-07-25 12:17:49 - INFO:] train_acc: 91.3348%, train_loss: 0.0013
[2023-07-25 12:17:49 - INFO:] test_acc: 91.3278%, test_loss: 0.0013
[2023-07-25 12:17:49 - INFO:] max_train_acc: 0.9139
[2023-07-25 12:17:49 - INFO:] max_test_acc: 0.9148
[2023-07-25 12:17:49 - INFO:] max_lr: 0.0050, min_lr: 0.0000
[2023-07-25 12:17:49 - INFO:] ======================================
[2023-07-25 12:20:21 - INFO:] epoch: 60/200
[2023-07-25 12:20:21 - INFO:] learning_rate: 0.0050
[2023-07-25 12:20:21 - INFO:] train_acc: 91.3390%, train_loss: 0.0013
[2023-07-25 12:20:21 - INFO:] test_acc: 91.4976%, test_loss: 0.0013
[2023-07-25 12:20:21 - INFO:] max_train_acc: 0.9139
[2023-07-25 12:20:21 - INFO:] max_test_acc: 0.9150
[2023-07-25 12:20:21 - INFO:] max_lr: 0.0050, min_lr: 0.0000
[2023-07-25 12:20:21 - INFO:] ======================================
[2023-07-25 12:22:52 - INFO:] epoch: 61/200
[2023-07-25 12:22:52 - INFO:] learning_rate: 0.0049
[2023-07-25 12:22:52 - INFO:] train_acc: 91.3992%, train_loss: 0.0013
[2023-07-25 12:22:52 - INFO:] test_acc: 91.4497%, test_loss: 0.0013
[2023-07-25 12:22:52 - INFO:] max_train_acc: 0.9140
[2023-07-25 12:22:52 - INFO:] max_test_acc: 0.9150
[2023-07-25 12:22:52 - INFO:] max_lr: 0.0050, min_lr: 0.0000
[2023-07-25 12:22:52 - INFO:] ======================================
[2023-07-25 12:25:23 - INFO:] epoch: 62/200
[2023-07-25 12:25:23 - INFO:] learning_rate: 0.0045
[2023-07-25 12:25:23 - INFO:] train_acc: 91.4372%, train_loss: 0.0013
[2023-07-25 12:25:23 - INFO:] test_acc: 91.3801%, test_loss: 0.0013
[2023-07-25 12:25:23 - INFO:] max_train_acc: 0.9144
[2023-07-25 12:25:23 - INFO:] max_test_acc: 0.9150
[2023-07-25 12:25:23 - INFO:] max_lr: 0.0050, min_lr: 0.0000
[2023-07-25 12:25:23 - INFO:] ======================================
[2023-07-25 12:27:54 - INFO:] epoch: 63/200
[2023-07-25 12:27:54 - INFO:] learning_rate: 0.0040
[2023-07-25 12:27:54 - INFO:] train_acc: 91.4045%, train_loss: 0.0013
[2023-07-25 12:27:54 - INFO:] test_acc: 91.6021%, test_loss: 0.0013
[2023-07-25 12:27:54 - INFO:] max_train_acc: 0.9144
[2023-07-25 12:27:54 - INFO:] max_test_acc: 0.9160
[2023-07-25 12:27:54 - INFO:] max_lr: 0.0050, min_lr: 0.0000
[2023-07-25 12:27:54 - INFO:] ======================================
[2023-07-25 12:30:25 - INFO:] epoch: 64/200
[2023-07-25 12:30:25 - INFO:] learning_rate: 0.0033
[2023-07-25 12:30:25 - INFO:] train_acc: 91.4351%, train_loss: 0.0013
[2023-07-25 12:30:25 - INFO:] test_acc: 91.2146%, test_loss: 0.0013
[2023-07-25 12:30:25 - INFO:] max_train_acc: 0.9144
[2023-07-25 12:30:25 - INFO:] max_test_acc: 0.9160
[2023-07-25 12:30:25 - INFO:] max_lr: 0.0050, min_lr: 0.0000
[2023-07-25 12:30:25 - INFO:] ======================================
[2023-07-25 12:32:56 - INFO:] epoch: 65/200
[2023-07-25 12:32:56 - INFO:] learning_rate: 0.0025
[2023-07-25 12:32:56 - INFO:] train_acc: 91.3823%, train_loss: 0.0013
[2023-07-25 12:32:56 - INFO:] test_acc: 91.3975%, test_loss: 0.0013
[2023-07-25 12:32:56 - INFO:] max_train_acc: 0.9144
[2023-07-25 12:32:56 - INFO:] max_test_acc: 0.9160
[2023-07-25 12:32:56 - INFO:] max_lr: 0.0050, min_lr: 0.0000
[2023-07-25 12:32:56 - INFO:] ======================================
[2023-07-25 12:35:26 - INFO:] epoch: 66/200
[2023-07-25 12:35:26 - INFO:] learning_rate: 0.0017
[2023-07-25 12:35:26 - INFO:] train_acc: 91.4140%, train_loss: 0.0013
[2023-07-25 12:35:26 - INFO:] test_acc: 91.2843%, test_loss: 0.0013
[2023-07-25 12:35:26 - INFO:] max_train_acc: 0.9144
[2023-07-25 12:35:26 - INFO:] max_test_acc: 0.9160
[2023-07-25 12:35:26 - INFO:] max_lr: 0.0050, min_lr: 0.0000
[2023-07-25 12:35:26 - INFO:] ======================================
[2023-07-25 12:37:57 - INFO:] epoch: 67/200
[2023-07-25 12:37:57 - INFO:] learning_rate: 0.0010
[2023-07-25 12:37:57 - INFO:] train_acc: 91.4520%, train_loss: 0.0013
[2023-07-25 12:37:57 - INFO:] test_acc: 91.5368%, test_loss: 0.0013
[2023-07-25 12:37:57 - INFO:] max_train_acc: 0.9145
[2023-07-25 12:37:57 - INFO:] max_test_acc: 0.9160
[2023-07-25 12:37:57 - INFO:] max_lr: 0.0050, min_lr: 0.0000
[2023-07-25 12:37:57 - INFO:] ======================================
[2023-07-25 12:40:28 - INFO:] epoch: 68/200
[2023-07-25 12:40:28 - INFO:] learning_rate: 0.0005
[2023-07-25 12:40:28 - INFO:] train_acc: 91.4404%, train_loss: 0.0013
[2023-07-25 12:40:28 - INFO:] test_acc: 91.4889%, test_loss: 0.0013
[2023-07-25 12:40:28 - INFO:] max_train_acc: 0.9145
[2023-07-25 12:40:28 - INFO:] max_test_acc: 0.9160
[2023-07-25 12:40:28 - INFO:] max_lr: 0.0050, min_lr: 0.0000
[2023-07-25 12:40:28 - INFO:] ======================================
[2023-07-25 12:42:59 - INFO:] epoch: 69/200
[2023-07-25 12:42:59 - INFO:] learning_rate: 0.0001
[2023-07-25 12:42:59 - INFO:] train_acc: 91.4361%, train_loss: 0.0013
[2023-07-25 12:42:59 - INFO:] test_acc: 91.3714%, test_loss: 0.0013
[2023-07-25 12:42:59 - INFO:] max_train_acc: 0.9145
[2023-07-25 12:42:59 - INFO:] max_test_acc: 0.9160
[2023-07-25 12:42:59 - INFO:] max_lr: 0.0050, min_lr: 0.0000
[2023-07-25 12:42:59 - INFO:] ======================================
[2023-07-25 12:45:30 - INFO:] epoch: 70/200
[2023-07-25 12:45:30 - INFO:] learning_rate: 0.0000
[2023-07-25 12:45:30 - INFO:] train_acc: 91.4710%, train_loss: 0.0013
[2023-07-25 12:45:30 - INFO:] test_acc: 91.4976%, test_loss: 0.0013
[2023-07-25 12:45:30 - INFO:] max_train_acc: 0.9147
[2023-07-25 12:45:30 - INFO:] max_test_acc: 0.9160
[2023-07-25 12:45:30 - INFO:] max_lr: 0.0050, min_lr: 0.0000
[2023-07-25 12:45:30 - INFO:] ======================================
[2023-07-25 12:48:01 - INFO:] epoch: 71/200
[2023-07-25 12:48:01 - INFO:] learning_rate: 0.0001
[2023-07-25 12:48:01 - INFO:] train_acc: 91.4224%, train_loss: 0.0013
[2023-07-25 12:48:01 - INFO:] test_acc: 91.5237%, test_loss: 0.0013
[2023-07-25 12:48:01 - INFO:] max_train_acc: 0.9147
[2023-07-25 12:48:01 - INFO:] max_test_acc: 0.9160
[2023-07-25 12:48:01 - INFO:] max_lr: 0.0050, min_lr: 0.0000
[2023-07-25 12:48:01 - INFO:] ======================================
[2023-07-25 12:50:31 - INFO:] epoch: 72/200
[2023-07-25 12:50:31 - INFO:] learning_rate: 0.0005
[2023-07-25 12:50:31 - INFO:] train_acc: 91.3791%, train_loss: 0.0013
[2023-07-25 12:50:31 - INFO:] test_acc: 91.4454%, test_loss: 0.0013
[2023-07-25 12:50:31 - INFO:] max_train_acc: 0.9147
[2023-07-25 12:50:31 - INFO:] max_test_acc: 0.9160
[2023-07-25 12:50:31 - INFO:] max_lr: 0.0050, min_lr: 0.0000
[2023-07-25 12:50:31 - INFO:] ======================================
[2023-07-25 12:53:02 - INFO:] epoch: 73/200
[2023-07-25 12:53:02 - INFO:] learning_rate: 0.0010
[2023-07-25 12:53:02 - INFO:] train_acc: 91.3960%, train_loss: 0.0013
[2023-07-25 12:53:02 - INFO:] test_acc: 91.4758%, test_loss: 0.0013
[2023-07-25 12:53:02 - INFO:] max_train_acc: 0.9147
[2023-07-25 12:53:02 - INFO:] max_test_acc: 0.9160
[2023-07-25 12:53:02 - INFO:] max_lr: 0.0050, min_lr: 0.0000
[2023-07-25 12:53:02 - INFO:] ======================================
[2023-07-25 12:55:33 - INFO:] epoch: 74/200
[2023-07-25 12:55:33 - INFO:] learning_rate: 0.0017
[2023-07-25 12:55:33 - INFO:] train_acc: 91.4625%, train_loss: 0.0013
[2023-07-25 12:55:33 - INFO:] test_acc: 91.4454%, test_loss: 0.0013
[2023-07-25 12:55:33 - INFO:] max_train_acc: 0.9147
[2023-07-25 12:55:33 - INFO:] max_test_acc: 0.9160
[2023-07-25 12:55:33 - INFO:] max_lr: 0.0050, min_lr: 0.0000
[2023-07-25 12:55:33 - INFO:] ======================================
[2023-07-25 12:58:03 - INFO:] epoch: 75/200
[2023-07-25 12:58:03 - INFO:] learning_rate: 0.0025
[2023-07-25 12:58:03 - INFO:] train_acc: 91.4119%, train_loss: 0.0013
[2023-07-25 12:58:03 - INFO:] test_acc: 91.2756%, test_loss: 0.0013
[2023-07-25 12:58:03 - INFO:] max_train_acc: 0.9147
[2023-07-25 12:58:03 - INFO:] max_test_acc: 0.9160
[2023-07-25 12:58:03 - INFO:] max_lr: 0.0050, min_lr: 0.0000
[2023-07-25 12:58:03 - INFO:] ======================================
[2023-07-25 13:00:34 - INFO:] epoch: 76/200
[2023-07-25 13:00:34 - INFO:] learning_rate: 0.0033
[2023-07-25 13:00:34 - INFO:] train_acc: 91.3876%, train_loss: 0.0013
[2023-07-25 13:00:34 - INFO:] test_acc: 91.4671%, test_loss: 0.0013
[2023-07-25 13:00:34 - INFO:] max_train_acc: 0.9147
[2023-07-25 13:00:34 - INFO:] max_test_acc: 0.9160
[2023-07-25 13:00:34 - INFO:] max_lr: 0.0050, min_lr: 0.0000
[2023-07-25 13:00:34 - INFO:] ======================================
[2023-07-25 13:03:05 - INFO:] epoch: 77/200
[2023-07-25 13:03:05 - INFO:] learning_rate: 0.0040
[2023-07-25 13:03:05 - INFO:] train_acc: 91.4076%, train_loss: 0.0013
[2023-07-25 13:03:05 - INFO:] test_acc: 91.2930%, test_loss: 0.0013
[2023-07-25 13:03:05 - INFO:] max_train_acc: 0.9147
[2023-07-25 13:03:05 - INFO:] max_test_acc: 0.9160
[2023-07-25 13:03:05 - INFO:] max_lr: 0.0050, min_lr: 0.0000
[2023-07-25 13:03:05 - INFO:] ======================================
[2023-07-25 13:05:35 - INFO:] epoch: 78/200
[2023-07-25 13:05:35 - INFO:] learning_rate: 0.0045
[2023-07-25 13:05:35 - INFO:] train_acc: 91.4425%, train_loss: 0.0013
[2023-07-25 13:05:35 - INFO:] test_acc: 91.4584%, test_loss: 0.0013
[2023-07-25 13:05:35 - INFO:] max_train_acc: 0.9147
[2023-07-25 13:05:35 - INFO:] max_test_acc: 0.9160
[2023-07-25 13:05:35 - INFO:] max_lr: 0.0050, min_lr: 0.0000
[2023-07-25 13:05:35 - INFO:] ======================================
[2023-07-25 13:08:06 - INFO:] epoch: 79/200
[2023-07-25 13:08:06 - INFO:] learning_rate: 0.0049
[2023-07-25 13:08:06 - INFO:] train_acc: 91.3950%, train_loss: 0.0013
[2023-07-25 13:08:06 - INFO:] test_acc: 91.2930%, test_loss: 0.0013
[2023-07-25 13:08:06 - INFO:] max_train_acc: 0.9147
[2023-07-25 13:08:06 - INFO:] max_test_acc: 0.9160
[2023-07-25 13:08:06 - INFO:] max_lr: 0.0050, min_lr: 0.0000
[2023-07-25 13:08:06 - INFO:] ======================================
[2023-07-25 13:10:37 - INFO:] epoch: 80/200
[2023-07-25 13:10:37 - INFO:] learning_rate: 0.0050
[2023-07-25 13:10:37 - INFO:] train_acc: 91.4720%, train_loss: 0.0013
[2023-07-25 13:10:37 - INFO:] test_acc: 91.5411%, test_loss: 0.0013
[2023-07-25 13:10:37 - INFO:] max_train_acc: 0.9147
[2023-07-25 13:10:37 - INFO:] max_test_acc: 0.9160
[2023-07-25 13:10:37 - INFO:] max_lr: 0.0050, min_lr: 0.0000
[2023-07-25 13:10:37 - INFO:] ======================================
[2023-07-25 13:13:08 - INFO:] epoch: 81/200
[2023-07-25 13:13:08 - INFO:] learning_rate: 0.0049
[2023-07-25 13:13:08 - INFO:] train_acc: 91.4224%, train_loss: 0.0013
[2023-07-25 13:13:08 - INFO:] test_acc: 91.5803%, test_loss: 0.0013
[2023-07-25 13:13:08 - INFO:] max_train_acc: 0.9147
[2023-07-25 13:13:08 - INFO:] max_test_acc: 0.9160
[2023-07-25 13:13:08 - INFO:] max_lr: 0.0050, min_lr: 0.0000
[2023-07-25 13:13:08 - INFO:] ======================================
[2023-07-25 13:15:39 - INFO:] epoch: 82/200
[2023-07-25 13:15:39 - INFO:] learning_rate: 0.0045
[2023-07-25 13:15:39 - INFO:] train_acc: 91.4319%, train_loss: 0.0013
[2023-07-25 13:15:39 - INFO:] test_acc: 91.3539%, test_loss: 0.0013
[2023-07-25 13:15:39 - INFO:] max_train_acc: 0.9147
[2023-07-25 13:15:39 - INFO:] max_test_acc: 0.9160
[2023-07-25 13:15:39 - INFO:] max_lr: 0.0050, min_lr: 0.0000
[2023-07-25 13:15:39 - INFO:] ======================================
[2023-07-25 13:18:10 - INFO:] epoch: 83/200
[2023-07-25 13:18:10 - INFO:] learning_rate: 0.0040
[2023-07-25 13:18:10 - INFO:] train_acc: 91.3918%, train_loss: 0.0013
[2023-07-25 13:18:10 - INFO:] test_acc: 91.3496%, test_loss: 0.0013
[2023-07-25 13:18:10 - INFO:] max_train_acc: 0.9147
[2023-07-25 13:18:10 - INFO:] max_test_acc: 0.9160
[2023-07-25 13:18:10 - INFO:] max_lr: 0.0050, min_lr: 0.0000
[2023-07-25 13:18:10 - INFO:] ======================================
[2023-07-25 13:20:41 - INFO:] epoch: 84/200
[2023-07-25 13:20:41 - INFO:] learning_rate: 0.0033
[2023-07-25 13:20:41 - INFO:] train_acc: 91.3876%, train_loss: 0.0013
[2023-07-25 13:20:41 - INFO:] test_acc: 91.3539%, test_loss: 0.0013
[2023-07-25 13:20:41 - INFO:] max_train_acc: 0.9147
[2023-07-25 13:20:41 - INFO:] max_test_acc: 0.9160
[2023-07-25 13:20:41 - INFO:] max_lr: 0.0050, min_lr: 0.0000
[2023-07-25 13:20:41 - INFO:] ======================================
[2023-07-25 13:23:11 - INFO:] epoch: 85/200
[2023-07-25 13:23:11 - INFO:] learning_rate: 0.0025
[2023-07-25 13:23:11 - INFO:] train_acc: 91.4097%, train_loss: 0.0013
[2023-07-25 13:23:11 - INFO:] test_acc: 91.5586%, test_loss: 0.0013
[2023-07-25 13:23:11 - INFO:] max_train_acc: 0.9147
[2023-07-25 13:23:11 - INFO:] max_test_acc: 0.9160
[2023-07-25 13:23:11 - INFO:] max_lr: 0.0050, min_lr: 0.0000
[2023-07-25 13:23:11 - INFO:] ======================================
[2023-07-25 13:25:42 - INFO:] epoch: 86/200
[2023-07-25 13:25:42 - INFO:] learning_rate: 0.0017
[2023-07-25 13:25:42 - INFO:] train_acc: 91.3939%, train_loss: 0.0013
[2023-07-25 13:25:42 - INFO:] test_acc: 91.2364%, test_loss: 0.0013
[2023-07-25 13:25:42 - INFO:] max_train_acc: 0.9147
[2023-07-25 13:25:42 - INFO:] max_test_acc: 0.9160
[2023-07-25 13:25:42 - INFO:] max_lr: 0.0050, min_lr: 0.0000
[2023-07-25 13:25:42 - INFO:] ======================================
[2023-07-25 13:28:14 - INFO:] epoch: 87/200
[2023-07-25 13:28:14 - INFO:] learning_rate: 0.0010
[2023-07-25 13:28:14 - INFO:] train_acc: 91.3844%, train_loss: 0.0013
[2023-07-25 13:28:14 - INFO:] test_acc: 91.3888%, test_loss: 0.0013
[2023-07-25 13:28:14 - INFO:] max_train_acc: 0.9147
[2023-07-25 13:28:14 - INFO:] max_test_acc: 0.9160
[2023-07-25 13:28:14 - INFO:] max_lr: 0.0050, min_lr: 0.0000
[2023-07-25 13:28:14 - INFO:] ======================================
[2023-07-25 13:30:44 - INFO:] epoch: 88/200
[2023-07-25 13:30:44 - INFO:] learning_rate: 0.0005
[2023-07-25 13:30:44 - INFO:] train_acc: 91.4910%, train_loss: 0.0013
[2023-07-25 13:30:44 - INFO:] test_acc: 91.5542%, test_loss: 0.0013
[2023-07-25 13:30:44 - INFO:] max_train_acc: 0.9149
[2023-07-25 13:30:44 - INFO:] max_test_acc: 0.9160
[2023-07-25 13:30:44 - INFO:] max_lr: 0.0050, min_lr: 0.0000
[2023-07-25 13:30:44 - INFO:] ======================================
[2023-07-25 13:33:15 - INFO:] epoch: 89/200
[2023-07-25 13:33:15 - INFO:] learning_rate: 0.0001
[2023-07-25 13:33:15 - INFO:] train_acc: 91.4689%, train_loss: 0.0013
[2023-07-25 13:33:15 - INFO:] test_acc: 91.5629%, test_loss: 0.0013
[2023-07-25 13:33:15 - INFO:] max_train_acc: 0.9149
[2023-07-25 13:33:15 - INFO:] max_test_acc: 0.9160
[2023-07-25 13:33:15 - INFO:] max_lr: 0.0050, min_lr: 0.0000
[2023-07-25 13:33:15 - INFO:] ======================================
[2023-07-25 13:35:46 - INFO:] epoch: 90/200
[2023-07-25 13:35:46 - INFO:] learning_rate: 0.0000
[2023-07-25 13:35:46 - INFO:] train_acc: 91.4467%, train_loss: 0.0013
[2023-07-25 13:35:46 - INFO:] test_acc: 91.5150%, test_loss: 0.0013
[2023-07-25 13:35:46 - INFO:] max_train_acc: 0.9149
[2023-07-25 13:35:46 - INFO:] max_test_acc: 0.9160
[2023-07-25 13:35:46 - INFO:] max_lr: 0.0050, min_lr: 0.0000
[2023-07-25 13:35:46 - INFO:] ======================================
[2023-07-25 13:38:16 - INFO:] epoch: 91/200
[2023-07-25 13:38:16 - INFO:] learning_rate: 0.0001
[2023-07-25 13:38:16 - INFO:] train_acc: 91.4499%, train_loss: 0.0013
[2023-07-25 13:38:16 - INFO:] test_acc: 91.5107%, test_loss: 0.0013
[2023-07-25 13:38:16 - INFO:] max_train_acc: 0.9149
[2023-07-25 13:38:16 - INFO:] max_test_acc: 0.9160
[2023-07-25 13:38:16 - INFO:] max_lr: 0.0050, min_lr: 0.0000
[2023-07-25 13:38:16 - INFO:] ======================================
[2023-07-25 13:40:47 - INFO:] epoch: 92/200
[2023-07-25 13:40:47 - INFO:] learning_rate: 0.0005
[2023-07-25 13:40:47 - INFO:] train_acc: 91.5280%, train_loss: 0.0013
[2023-07-25 13:40:47 - INFO:] test_acc: 91.5150%, test_loss: 0.0013
[2023-07-25 13:40:47 - INFO:] max_train_acc: 0.9153
[2023-07-25 13:40:47 - INFO:] max_test_acc: 0.9160
[2023-07-25 13:40:47 - INFO:] max_lr: 0.0050, min_lr: 0.0000
[2023-07-25 13:40:47 - INFO:] ======================================
[2023-07-25 13:43:18 - INFO:] epoch: 93/200
[2023-07-25 13:43:18 - INFO:] learning_rate: 0.0010
[2023-07-25 13:43:18 - INFO:] train_acc: 91.4245%, train_loss: 0.0013
[2023-07-25 13:43:18 - INFO:] test_acc: 91.4802%, test_loss: 0.0013
[2023-07-25 13:43:18 - INFO:] max_train_acc: 0.9153
[2023-07-25 13:43:18 - INFO:] max_test_acc: 0.9160
[2023-07-25 13:43:18 - INFO:] max_lr: 0.0050, min_lr: 0.0000
[2023-07-25 13:43:18 - INFO:] ======================================
[2023-07-25 13:45:49 - INFO:] epoch: 94/200
[2023-07-25 13:45:49 - INFO:] learning_rate: 0.0017
[2023-07-25 13:45:49 - INFO:] train_acc: 91.4615%, train_loss: 0.0013
[2023-07-25 13:45:49 - INFO:] test_acc: 91.5063%, test_loss: 0.0013
[2023-07-25 13:45:49 - INFO:] max_train_acc: 0.9153
[2023-07-25 13:45:49 - INFO:] max_test_acc: 0.9160
[2023-07-25 13:45:49 - INFO:] max_lr: 0.0050, min_lr: 0.0000
[2023-07-25 13:45:49 - INFO:] ======================================
[2023-07-25 13:48:19 - INFO:] epoch: 95/200
[2023-07-25 13:48:19 - INFO:] learning_rate: 0.0025
[2023-07-25 13:48:19 - INFO:] train_acc: 91.4351%, train_loss: 0.0013
[2023-07-25 13:48:19 - INFO:] test_acc: 91.3888%, test_loss: 0.0013
[2023-07-25 13:48:19 - INFO:] max_train_acc: 0.9153
[2023-07-25 13:48:19 - INFO:] max_test_acc: 0.9160
[2023-07-25 13:48:19 - INFO:] max_lr: 0.0050, min_lr: 0.0000
[2023-07-25 13:48:19 - INFO:] ======================================
[2023-07-25 13:50:50 - INFO:] epoch: 96/200
[2023-07-25 13:50:50 - INFO:] learning_rate: 0.0033
[2023-07-25 13:50:50 - INFO:] train_acc: 91.4414%, train_loss: 0.0013
[2023-07-25 13:50:50 - INFO:] test_acc: 91.3670%, test_loss: 0.0013
[2023-07-25 13:50:50 - INFO:] max_train_acc: 0.9153
[2023-07-25 13:50:50 - INFO:] max_test_acc: 0.9160
[2023-07-25 13:50:50 - INFO:] max_lr: 0.0050, min_lr: 0.0000
[2023-07-25 13:50:50 - INFO:] ======================================
[2023-07-25 13:53:20 - INFO:] epoch: 97/200
[2023-07-25 13:53:20 - INFO:] learning_rate: 0.0040
[2023-07-25 13:53:20 - INFO:] train_acc: 91.4055%, train_loss: 0.0013
[2023-07-25 13:53:20 - INFO:] test_acc: 91.2843%, test_loss: 0.0013
[2023-07-25 13:53:20 - INFO:] max_train_acc: 0.9153
[2023-07-25 13:53:20 - INFO:] max_test_acc: 0.9160
[2023-07-25 13:53:20 - INFO:] max_lr: 0.0050, min_lr: 0.0000
[2023-07-25 13:53:20 - INFO:] ======================================
[2023-07-25 13:55:50 - INFO:] epoch: 98/200
[2023-07-25 13:55:50 - INFO:] learning_rate: 0.0045
[2023-07-25 13:55:50 - INFO:] train_acc: 91.4224%, train_loss: 0.0013
[2023-07-25 13:55:50 - INFO:] test_acc: 91.5542%, test_loss: 0.0013
[2023-07-25 13:55:50 - INFO:] max_train_acc: 0.9153
[2023-07-25 13:55:50 - INFO:] max_test_acc: 0.9160
[2023-07-25 13:55:50 - INFO:] max_lr: 0.0050, min_lr: 0.0000
[2023-07-25 13:55:50 - INFO:] ======================================
[2023-07-25 13:58:20 - INFO:] epoch: 99/200
[2023-07-25 13:58:20 - INFO:] learning_rate: 0.0049
[2023-07-25 13:58:20 - INFO:] train_acc: 91.4097%, train_loss: 0.0013
[2023-07-25 13:58:20 - INFO:] test_acc: 91.3278%, test_loss: 0.0013
[2023-07-25 13:58:20 - INFO:] max_train_acc: 0.9153
[2023-07-25 13:58:20 - INFO:] max_test_acc: 0.9160
[2023-07-25 13:58:20 - INFO:] max_lr: 0.0050, min_lr: 0.0000
[2023-07-25 13:58:20 - INFO:] ======================================
[2023-07-25 14:00:50 - INFO:] epoch: 100/200
[2023-07-25 14:00:50 - INFO:] learning_rate: 0.0050
[2023-07-25 14:00:50 - INFO:] train_acc: 91.4045%, train_loss: 0.0013
[2023-07-25 14:00:50 - INFO:] test_acc: 91.5455%, test_loss: 0.0013
[2023-07-25 14:00:50 - INFO:] max_train_acc: 0.9153
[2023-07-25 14:00:50 - INFO:] max_test_acc: 0.9160
[2023-07-25 14:00:50 - INFO:] max_lr: 0.0050, min_lr: 0.0000
[2023-07-25 14:00:50 - INFO:] ======================================
[2023-07-25 14:03:20 - INFO:] epoch: 101/200
[2023-07-25 14:03:20 - INFO:] learning_rate: 0.0049
[2023-07-25 14:03:20 - INFO:] train_acc: 91.3834%, train_loss: 0.0013
[2023-07-25 14:03:20 - INFO:] test_acc: 91.5673%, test_loss: 0.0013
[2023-07-25 14:03:20 - INFO:] max_train_acc: 0.9153
[2023-07-25 14:03:20 - INFO:] max_test_acc: 0.9160
[2023-07-25 14:03:20 - INFO:] max_lr: 0.0050, min_lr: 0.0000
[2023-07-25 14:03:20 - INFO:] ======================================
[2023-07-25 14:05:51 - INFO:] epoch: 102/200
[2023-07-25 14:05:51 - INFO:] learning_rate: 0.0045
[2023-07-25 14:05:51 - INFO:] train_acc: 91.3918%, train_loss: 0.0013
[2023-07-25 14:05:51 - INFO:] test_acc: 91.0100%, test_loss: 0.0013
[2023-07-25 14:05:51 - INFO:] max_train_acc: 0.9153
[2023-07-25 14:05:51 - INFO:] max_test_acc: 0.9160
[2023-07-25 14:05:51 - INFO:] max_lr: 0.0050, min_lr: 0.0000
[2023-07-25 14:05:51 - INFO:] ======================================
[2023-07-25 14:08:21 - INFO:] epoch: 103/200
[2023-07-25 14:08:21 - INFO:] learning_rate: 0.0040
[2023-07-25 14:08:21 - INFO:] train_acc: 91.3823%, train_loss: 0.0013
[2023-07-25 14:08:21 - INFO:] test_acc: 91.5847%, test_loss: 0.0013
[2023-07-25 14:08:21 - INFO:] max_train_acc: 0.9153
[2023-07-25 14:08:21 - INFO:] max_test_acc: 0.9160
[2023-07-25 14:08:21 - INFO:] max_lr: 0.0050, min_lr: 0.0000
[2023-07-25 14:08:21 - INFO:] ======================================
[2023-07-25 14:10:51 - INFO:] epoch: 104/200
[2023-07-25 14:10:51 - INFO:] learning_rate: 0.0033
[2023-07-25 14:10:51 - INFO:] train_acc: 91.4024%, train_loss: 0.0013
[2023-07-25 14:10:51 - INFO:] test_acc: 91.3365%, test_loss: 0.0013
[2023-07-25 14:10:51 - INFO:] max_train_acc: 0.9153
[2023-07-25 14:10:51 - INFO:] max_test_acc: 0.9160
[2023-07-25 14:10:51 - INFO:] max_lr: 0.0050, min_lr: 0.0000
[2023-07-25 14:10:51 - INFO:] ======================================
[2023-07-25 14:13:21 - INFO:] epoch: 105/200
[2023-07-25 14:13:21 - INFO:] learning_rate: 0.0025
[2023-07-25 14:13:21 - INFO:] train_acc: 91.4076%, train_loss: 0.0013
[2023-07-25 14:13:21 - INFO:] test_acc: 91.5542%, test_loss: 0.0013
[2023-07-25 14:13:21 - INFO:] max_train_acc: 0.9153
[2023-07-25 14:13:21 - INFO:] max_test_acc: 0.9160
[2023-07-25 14:13:21 - INFO:] max_lr: 0.0050, min_lr: 0.0000
[2023-07-25 14:13:21 - INFO:] ======================================
[2023-07-25 14:15:51 - INFO:] epoch: 106/200
[2023-07-25 14:15:51 - INFO:] learning_rate: 0.0017
[2023-07-25 14:15:51 - INFO:] train_acc: 91.4129%, train_loss: 0.0013
[2023-07-25 14:15:51 - INFO:] test_acc: 91.5194%, test_loss: 0.0013
[2023-07-25 14:15:51 - INFO:] max_train_acc: 0.9153
[2023-07-25 14:15:51 - INFO:] max_test_acc: 0.9160
[2023-07-25 14:15:51 - INFO:] max_lr: 0.0050, min_lr: 0.0000
[2023-07-25 14:15:51 - INFO:] ======================================
[2023-07-25 14:18:22 - INFO:] epoch: 107/200
[2023-07-25 14:18:22 - INFO:] learning_rate: 0.0010
[2023-07-25 14:18:22 - INFO:] train_acc: 91.5291%, train_loss: 0.0013
[2023-07-25 14:18:22 - INFO:] test_acc: 91.5629%, test_loss: 0.0013
[2023-07-25 14:18:22 - INFO:] max_train_acc: 0.9153
[2023-07-25 14:18:22 - INFO:] max_test_acc: 0.9160
[2023-07-25 14:18:22 - INFO:] max_lr: 0.0050, min_lr: 0.0000
[2023-07-25 14:18:22 - INFO:] ======================================
[2023-07-25 14:20:52 - INFO:] epoch: 108/200
[2023-07-25 14:20:52 - INFO:] learning_rate: 0.0005
[2023-07-25 14:20:52 - INFO:] train_acc: 91.4837%, train_loss: 0.0013
[2023-07-25 14:20:52 - INFO:] test_acc: 91.5629%, test_loss: 0.0013
[2023-07-25 14:20:52 - INFO:] max_train_acc: 0.9153
[2023-07-25 14:20:52 - INFO:] max_test_acc: 0.9160
[2023-07-25 14:20:52 - INFO:] max_lr: 0.0050, min_lr: 0.0000
[2023-07-25 14:20:52 - INFO:] ======================================
[2023-07-25 14:23:23 - INFO:] epoch: 109/200
[2023-07-25 14:23:23 - INFO:] learning_rate: 0.0001
[2023-07-25 14:23:23 - INFO:] train_acc: 91.4963%, train_loss: 0.0013
[2023-07-25 14:23:23 - INFO:] test_acc: 91.4976%, test_loss: 0.0013
[2023-07-25 14:23:23 - INFO:] max_train_acc: 0.9153
[2023-07-25 14:23:23 - INFO:] max_test_acc: 0.9160
[2023-07-25 14:23:23 - INFO:] max_lr: 0.0050, min_lr: 0.0000
[2023-07-25 14:23:23 - INFO:] ======================================
[2023-07-25 14:25:53 - INFO:] epoch: 110/200
[2023-07-25 14:25:53 - INFO:] learning_rate: 0.0000
[2023-07-25 14:25:53 - INFO:] train_acc: 91.4773%, train_loss: 0.0013
[2023-07-25 14:25:53 - INFO:] test_acc: 91.5368%, test_loss: 0.0013
[2023-07-25 14:25:53 - INFO:] max_train_acc: 0.9153
[2023-07-25 14:25:53 - INFO:] max_test_acc: 0.9160
[2023-07-25 14:25:53 - INFO:] max_lr: 0.0050, min_lr: 0.0000
[2023-07-25 14:25:53 - INFO:] ======================================
[2023-07-25 14:28:23 - INFO:] epoch: 111/200
[2023-07-25 14:28:23 - INFO:] learning_rate: 0.0001
[2023-07-25 14:28:23 - INFO:] train_acc: 91.4150%, train_loss: 0.0013
[2023-07-25 14:28:23 - INFO:] test_acc: 91.5324%, test_loss: 0.0013
[2023-07-25 14:28:23 - INFO:] max_train_acc: 0.9153
[2023-07-25 14:28:23 - INFO:] max_test_acc: 0.9160
[2023-07-25 14:28:23 - INFO:] max_lr: 0.0050, min_lr: 0.0000
[2023-07-25 14:28:23 - INFO:] ======================================
[2023-07-25 14:30:53 - INFO:] epoch: 112/200
[2023-07-25 14:30:53 - INFO:] learning_rate: 0.0005
[2023-07-25 14:30:53 - INFO:] train_acc: 91.4889%, train_loss: 0.0013
[2023-07-25 14:30:53 - INFO:] test_acc: 91.4933%, test_loss: 0.0013
[2023-07-25 14:30:53 - INFO:] max_train_acc: 0.9153
[2023-07-25 14:30:53 - INFO:] max_test_acc: 0.9160
[2023-07-25 14:30:53 - INFO:] max_lr: 0.0050, min_lr: 0.0000
[2023-07-25 14:30:53 - INFO:] ======================================
[2023-07-25 14:33:24 - INFO:] epoch: 113/200
[2023-07-25 14:33:24 - INFO:] learning_rate: 0.0010
[2023-07-25 14:33:24 - INFO:] train_acc: 91.5016%, train_loss: 0.0013
[2023-07-25 14:33:24 - INFO:] test_acc: 91.5890%, test_loss: 0.0013
[2023-07-25 14:33:24 - INFO:] max_train_acc: 0.9153
[2023-07-25 14:33:24 - INFO:] max_test_acc: 0.9160
[2023-07-25 14:33:24 - INFO:] max_lr: 0.0050, min_lr: 0.0000
[2023-07-25 14:33:24 - INFO:] ======================================
[2023-07-25 14:35:54 - INFO:] epoch: 114/200
[2023-07-25 14:35:54 - INFO:] learning_rate: 0.0017
[2023-07-25 14:35:54 - INFO:] train_acc: 91.5196%, train_loss: 0.0013
[2023-07-25 14:35:54 - INFO:] test_acc: 91.5324%, test_loss: 0.0013
[2023-07-25 14:35:54 - INFO:] max_train_acc: 0.9153
[2023-07-25 14:35:54 - INFO:] max_test_acc: 0.9160
[2023-07-25 14:35:54 - INFO:] max_lr: 0.0050, min_lr: 0.0000
[2023-07-25 14:35:54 - INFO:] ======================================
[2023-07-25 14:38:24 - INFO:] epoch: 115/200
[2023-07-25 14:38:24 - INFO:] learning_rate: 0.0025
[2023-07-25 14:38:24 - INFO:] train_acc: 91.3939%, train_loss: 0.0013
[2023-07-25 14:38:24 - INFO:] test_acc: 91.4062%, test_loss: 0.0013
[2023-07-25 14:38:24 - INFO:] max_train_acc: 0.9153
[2023-07-25 14:38:24 - INFO:] max_test_acc: 0.9160
[2023-07-25 14:38:24 - INFO:] max_lr: 0.0050, min_lr: 0.0000
[2023-07-25 14:38:24 - INFO:] ======================================
[2023-07-25 14:40:55 - INFO:] epoch: 116/200
[2023-07-25 14:40:55 - INFO:] learning_rate: 0.0033
[2023-07-25 14:40:55 - INFO:] train_acc: 91.4446%, train_loss: 0.0013
[2023-07-25 14:40:55 - INFO:] test_acc: 91.4497%, test_loss: 0.0013
[2023-07-25 14:40:55 - INFO:] max_train_acc: 0.9153
[2023-07-25 14:40:55 - INFO:] max_test_acc: 0.9160
[2023-07-25 14:40:55 - INFO:] max_lr: 0.0050, min_lr: 0.0000
[2023-07-25 14:40:55 - INFO:] ======================================
[2023-07-25 14:43:26 - INFO:] epoch: 117/200
[2023-07-25 14:43:26 - INFO:] learning_rate: 0.0040
[2023-07-25 14:43:26 - INFO:] train_acc: 91.4794%, train_loss: 0.0013
[2023-07-25 14:43:26 - INFO:] test_acc: 91.4454%, test_loss: 0.0013
[2023-07-25 14:43:26 - INFO:] max_train_acc: 0.9153
[2023-07-25 14:43:26 - INFO:] max_test_acc: 0.9160
[2023-07-25 14:43:26 - INFO:] max_lr: 0.0050, min_lr: 0.0000
[2023-07-25 14:43:26 - INFO:] ======================================
[2023-07-25 14:45:56 - INFO:] epoch: 118/200
[2023-07-25 14:45:56 - INFO:] learning_rate: 0.0045
[2023-07-25 14:45:56 - INFO:] train_acc: 91.4277%, train_loss: 0.0013
[2023-07-25 14:45:56 - INFO:] test_acc: 91.5760%, test_loss: 0.0013
[2023-07-25 14:45:56 - INFO:] max_train_acc: 0.9153
[2023-07-25 14:45:56 - INFO:] max_test_acc: 0.9160
[2023-07-25 14:45:56 - INFO:] max_lr: 0.0050, min_lr: 0.0000
[2023-07-25 14:45:56 - INFO:] ======================================
[2023-07-25 14:48:27 - INFO:] epoch: 119/200
[2023-07-25 14:48:27 - INFO:] learning_rate: 0.0049
[2023-07-25 14:48:27 - INFO:] train_acc: 91.4203%, train_loss: 0.0013
[2023-07-25 14:48:27 - INFO:] test_acc: 91.5803%, test_loss: 0.0013
[2023-07-25 14:48:27 - INFO:] max_train_acc: 0.9153
[2023-07-25 14:48:27 - INFO:] max_test_acc: 0.9160
[2023-07-25 14:48:27 - INFO:] max_lr: 0.0050, min_lr: 0.0000
[2023-07-25 14:48:27 - INFO:] ======================================
[2023-07-25 14:50:57 - INFO:] epoch: 120/200
[2023-07-25 14:50:57 - INFO:] learning_rate: 0.0050
[2023-07-25 14:50:57 - INFO:] train_acc: 91.4636%, train_loss: 0.0013
[2023-07-25 14:50:57 - INFO:] test_acc: 91.4454%, test_loss: 0.0013
[2023-07-25 14:50:57 - INFO:] max_train_acc: 0.9153
[2023-07-25 14:50:57 - INFO:] max_test_acc: 0.9160
[2023-07-25 14:50:57 - INFO:] max_lr: 0.0050, min_lr: 0.0000
[2023-07-25 14:50:57 - INFO:] ======================================
[2023-07-25 14:53:27 - INFO:] epoch: 121/200
[2023-07-25 14:53:27 - INFO:] learning_rate: 0.0049
[2023-07-25 14:53:27 - INFO:] train_acc: 91.3844%, train_loss: 0.0013
[2023-07-25 14:53:27 - INFO:] test_acc: 91.4933%, test_loss: 0.0013
[2023-07-25 14:53:27 - INFO:] max_train_acc: 0.9153
[2023-07-25 14:53:27 - INFO:] max_test_acc: 0.9160
[2023-07-25 14:53:27 - INFO:] max_lr: 0.0050, min_lr: 0.0000
[2023-07-25 14:53:27 - INFO:] ======================================
[2023-07-25 14:55:58 - INFO:] epoch: 122/200
[2023-07-25 14:55:58 - INFO:] learning_rate: 0.0045
[2023-07-25 14:55:58 - INFO:] train_acc: 91.4171%, train_loss: 0.0013
[2023-07-25 14:55:58 - INFO:] test_acc: 91.1711%, test_loss: 0.0013
[2023-07-25 14:55:58 - INFO:] max_train_acc: 0.9153
[2023-07-25 14:55:58 - INFO:] max_test_acc: 0.9160
[2023-07-25 14:55:58 - INFO:] max_lr: 0.0050, min_lr: 0.0000
[2023-07-25 14:55:58 - INFO:] ======================================
[2023-07-25 14:58:29 - INFO:] epoch: 123/200
[2023-07-25 14:58:29 - INFO:] learning_rate: 0.0040
[2023-07-25 14:58:29 - INFO:] train_acc: 91.4055%, train_loss: 0.0013
[2023-07-25 14:58:29 - INFO:] test_acc: 91.5281%, test_loss: 0.0013
[2023-07-25 14:58:29 - INFO:] max_train_acc: 0.9153
[2023-07-25 14:58:29 - INFO:] max_test_acc: 0.9160
[2023-07-25 14:58:29 - INFO:] max_lr: 0.0050, min_lr: 0.0000
[2023-07-25 14:58:29 - INFO:] ======================================
[2023-07-25 15:01:00 - INFO:] epoch: 124/200
[2023-07-25 15:01:00 - INFO:] learning_rate: 0.0033
[2023-07-25 15:01:00 - INFO:] train_acc: 91.4636%, train_loss: 0.0013
[2023-07-25 15:01:00 - INFO:] test_acc: 91.5281%, test_loss: 0.0013
[2023-07-25 15:01:00 - INFO:] max_train_acc: 0.9153
[2023-07-25 15:01:00 - INFO:] max_test_acc: 0.9160
[2023-07-25 15:01:00 - INFO:] max_lr: 0.0050, min_lr: 0.0000
[2023-07-25 15:01:00 - INFO:] ======================================
[2023-07-25 15:03:30 - INFO:] epoch: 125/200
[2023-07-25 15:03:30 - INFO:] learning_rate: 0.0025
[2023-07-25 15:03:30 - INFO:] train_acc: 91.5048%, train_loss: 0.0013
[2023-07-25 15:03:30 - INFO:] test_acc: 91.5890%, test_loss: 0.0013
[2023-07-25 15:03:30 - INFO:] max_train_acc: 0.9153
[2023-07-25 15:03:30 - INFO:] max_test_acc: 0.9160
[2023-07-25 15:03:30 - INFO:] max_lr: 0.0050, min_lr: 0.0000
[2023-07-25 15:03:30 - INFO:] ======================================
[2023-07-25 15:06:00 - INFO:] epoch: 126/200
[2023-07-25 15:06:00 - INFO:] learning_rate: 0.0017
[2023-07-25 15:06:00 - INFO:] train_acc: 91.4731%, train_loss: 0.0013
[2023-07-25 15:06:00 - INFO:] test_acc: 91.4933%, test_loss: 0.0013
[2023-07-25 15:06:00 - INFO:] max_train_acc: 0.9153
[2023-07-25 15:06:00 - INFO:] max_test_acc: 0.9160
[2023-07-25 15:06:00 - INFO:] max_lr: 0.0050, min_lr: 0.0000
[2023-07-25 15:06:00 - INFO:] ======================================
[2023-07-25 15:08:30 - INFO:] epoch: 127/200
[2023-07-25 15:08:30 - INFO:] learning_rate: 0.0010
[2023-07-25 15:08:30 - INFO:] train_acc: 91.4805%, train_loss: 0.0013
[2023-07-25 15:08:30 - INFO:] test_acc: 91.5586%, test_loss: 0.0013
[2023-07-25 15:08:30 - INFO:] max_train_acc: 0.9153
[2023-07-25 15:08:30 - INFO:] max_test_acc: 0.9160
[2023-07-25 15:08:30 - INFO:] max_lr: 0.0050, min_lr: 0.0000
[2023-07-25 15:08:30 - INFO:] ======================================
[2023-07-25 15:11:00 - INFO:] epoch: 128/200
[2023-07-25 15:11:00 - INFO:] learning_rate: 0.0005
[2023-07-25 15:11:00 - INFO:] train_acc: 91.5090%, train_loss: 0.0013
[2023-07-25 15:11:00 - INFO:] test_acc: 91.5498%, test_loss: 0.0013
[2023-07-25 15:11:00 - INFO:] max_train_acc: 0.9153
[2023-07-25 15:11:00 - INFO:] max_test_acc: 0.9160
[2023-07-25 15:11:01 - INFO:] max_lr: 0.0050, min_lr: 0.0000
[2023-07-25 15:11:01 - INFO:] ======================================
[2023-07-25 15:13:31 - INFO:] epoch: 129/200
[2023-07-25 15:13:31 - INFO:] learning_rate: 0.0001
[2023-07-25 15:13:31 - INFO:] train_acc: 91.4879%, train_loss: 0.0013
[2023-07-25 15:13:31 - INFO:] test_acc: 91.5107%, test_loss: 0.0013
[2023-07-25 15:13:31 - INFO:] max_train_acc: 0.9153
[2023-07-25 15:13:31 - INFO:] max_test_acc: 0.9160
[2023-07-25 15:13:31 - INFO:] max_lr: 0.0050, min_lr: 0.0000
[2023-07-25 15:13:31 - INFO:] ======================================
[2023-07-25 15:16:01 - INFO:] epoch: 130/200
[2023-07-25 15:16:01 - INFO:] learning_rate: 0.0000
[2023-07-25 15:16:01 - INFO:] train_acc: 91.4974%, train_loss: 0.0013
[2023-07-25 15:16:01 - INFO:] test_acc: 91.5586%, test_loss: 0.0013
[2023-07-25 15:16:01 - INFO:] max_train_acc: 0.9153
[2023-07-25 15:16:01 - INFO:] max_test_acc: 0.9160
[2023-07-25 15:16:01 - INFO:] max_lr: 0.0050, min_lr: 0.0000
[2023-07-25 15:16:01 - INFO:] ======================================
[2023-07-25 15:18:32 - INFO:] epoch: 131/200
[2023-07-25 15:18:32 - INFO:] learning_rate: 0.0001
[2023-07-25 15:18:32 - INFO:] train_acc: 91.4984%, train_loss: 0.0013
[2023-07-25 15:18:32 - INFO:] test_acc: 91.5760%, test_loss: 0.0013
[2023-07-25 15:18:32 - INFO:] max_train_acc: 0.9153
[2023-07-25 15:18:32 - INFO:] max_test_acc: 0.9160
[2023-07-25 15:18:32 - INFO:] max_lr: 0.0050, min_lr: 0.0000
[2023-07-25 15:18:32 - INFO:] ======================================
[2023-07-25 15:21:03 - INFO:] epoch: 132/200
[2023-07-25 15:21:03 - INFO:] learning_rate: 0.0005
[2023-07-25 15:21:03 - INFO:] train_acc: 91.4910%, train_loss: 0.0013
[2023-07-25 15:21:03 - INFO:] test_acc: 91.5150%, test_loss: 0.0013
[2023-07-25 15:21:03 - INFO:] max_train_acc: 0.9153
[2023-07-25 15:21:03 - INFO:] max_test_acc: 0.9160
[2023-07-25 15:21:03 - INFO:] max_lr: 0.0050, min_lr: 0.0000
[2023-07-25 15:21:03 - INFO:] ======================================
[2023-07-25 15:23:34 - INFO:] epoch: 133/200
[2023-07-25 15:23:34 - INFO:] learning_rate: 0.0010
[2023-07-25 15:23:34 - INFO:] train_acc: 91.4488%, train_loss: 0.0013
[2023-07-25 15:23:34 - INFO:] test_acc: 91.5716%, test_loss: 0.0013
[2023-07-25 15:23:34 - INFO:] max_train_acc: 0.9153
[2023-07-25 15:23:34 - INFO:] max_test_acc: 0.9160
[2023-07-25 15:23:34 - INFO:] max_lr: 0.0050, min_lr: 0.0000
[2023-07-25 15:23:34 - INFO:] ======================================
[2023-07-25 15:26:05 - INFO:] epoch: 134/200
[2023-07-25 15:26:05 - INFO:] learning_rate: 0.0017
[2023-07-25 15:26:05 - INFO:] train_acc: 91.4805%, train_loss: 0.0013
[2023-07-25 15:26:05 - INFO:] test_acc: 91.5542%, test_loss: 0.0013
[2023-07-25 15:26:05 - INFO:] max_train_acc: 0.9153
[2023-07-25 15:26:05 - INFO:] max_test_acc: 0.9160
[2023-07-25 15:26:05 - INFO:] max_lr: 0.0050, min_lr: 0.0000
[2023-07-25 15:26:05 - INFO:] ======================================
[2023-07-25 15:28:35 - INFO:] epoch: 135/200
[2023-07-25 15:28:35 - INFO:] learning_rate: 0.0025
[2023-07-25 15:28:35 - INFO:] train_acc: 91.4594%, train_loss: 0.0013
[2023-07-25 15:28:35 - INFO:] test_acc: 91.4454%, test_loss: 0.0013
[2023-07-25 15:28:35 - INFO:] max_train_acc: 0.9153
[2023-07-25 15:28:35 - INFO:] max_test_acc: 0.9160
[2023-07-25 15:28:35 - INFO:] max_lr: 0.0050, min_lr: 0.0000
[2023-07-25 15:28:35 - INFO:] ======================================
[2023-07-25 15:31:06 - INFO:] epoch: 136/200
[2023-07-25 15:31:06 - INFO:] learning_rate: 0.0033
[2023-07-25 15:31:06 - INFO:] train_acc: 91.4551%, train_loss: 0.0013
[2023-07-25 15:31:06 - INFO:] test_acc: 91.5150%, test_loss: 0.0013
[2023-07-25 15:31:06 - INFO:] max_train_acc: 0.9153
[2023-07-25 15:31:06 - INFO:] max_test_acc: 0.9160
[2023-07-25 15:31:06 - INFO:] max_lr: 0.0050, min_lr: 0.0000
[2023-07-25 15:31:06 - INFO:] ======================================
[2023-07-25 15:33:36 - INFO:] epoch: 137/200
[2023-07-25 15:33:36 - INFO:] learning_rate: 0.0040
[2023-07-25 15:33:36 - INFO:] train_acc: 91.4266%, train_loss: 0.0013
[2023-07-25 15:33:36 - INFO:] test_acc: 91.5629%, test_loss: 0.0013
[2023-07-25 15:33:36 - INFO:] max_train_acc: 0.9153
[2023-07-25 15:33:36 - INFO:] max_test_acc: 0.9160
[2023-07-25 15:33:36 - INFO:] max_lr: 0.0050, min_lr: 0.0000
[2023-07-25 15:33:36 - INFO:] ======================================
[2023-07-25 15:36:07 - INFO:] epoch: 138/200
[2023-07-25 15:36:07 - INFO:] learning_rate: 0.0045
[2023-07-25 15:36:07 - INFO:] train_acc: 91.4171%, train_loss: 0.0013
[2023-07-25 15:36:07 - INFO:] test_acc: 91.4149%, test_loss: 0.0013
[2023-07-25 15:36:07 - INFO:] max_train_acc: 0.9153
[2023-07-25 15:36:07 - INFO:] max_test_acc: 0.9160
[2023-07-25 15:36:07 - INFO:] max_lr: 0.0050, min_lr: 0.0000
[2023-07-25 15:36:07 - INFO:] ======================================
[2023-07-25 15:38:38 - INFO:] epoch: 139/200
[2023-07-25 15:38:38 - INFO:] learning_rate: 0.0049
[2023-07-25 15:38:38 - INFO:] train_acc: 91.4520%, train_loss: 0.0013
[2023-07-25 15:38:38 - INFO:] test_acc: 91.5586%, test_loss: 0.0013
[2023-07-25 15:38:38 - INFO:] max_train_acc: 0.9153
[2023-07-25 15:38:38 - INFO:] max_test_acc: 0.9160
[2023-07-25 15:38:38 - INFO:] max_lr: 0.0050, min_lr: 0.0000
[2023-07-25 15:38:38 - INFO:] ======================================
[2023-07-25 15:41:08 - INFO:] epoch: 140/200
[2023-07-25 15:41:08 - INFO:] learning_rate: 0.0050
[2023-07-25 15:41:08 - INFO:] train_acc: 91.4446%, train_loss: 0.0013
[2023-07-25 15:41:08 - INFO:] test_acc: 91.5803%, test_loss: 0.0013
[2023-07-25 15:41:08 - INFO:] max_train_acc: 0.9153
[2023-07-25 15:41:08 - INFO:] max_test_acc: 0.9160
[2023-07-25 15:41:08 - INFO:] max_lr: 0.0050, min_lr: 0.0000
[2023-07-25 15:41:08 - INFO:] ======================================
[2023-07-25 15:43:39 - INFO:] epoch: 141/200
[2023-07-25 15:43:39 - INFO:] learning_rate: 0.0049
[2023-07-25 15:43:39 - INFO:] train_acc: 91.5101%, train_loss: 0.0013
[2023-07-25 15:43:39 - INFO:] test_acc: 91.6630%, test_loss: 0.0013
[2023-07-25 15:43:39 - INFO:] max_train_acc: 0.9153
[2023-07-25 15:43:39 - INFO:] max_test_acc: 0.9166
[2023-07-25 15:43:39 - INFO:] max_lr: 0.0050, min_lr: 0.0000
[2023-07-25 15:43:39 - INFO:] ======================================
[2023-07-25 15:46:10 - INFO:] epoch: 142/200
[2023-07-25 15:46:10 - INFO:] learning_rate: 0.0045
[2023-07-25 15:46:10 - INFO:] train_acc: 91.4361%, train_loss: 0.0013
[2023-07-25 15:46:10 - INFO:] test_acc: 91.3844%, test_loss: 0.0013
[2023-07-25 15:46:10 - INFO:] max_train_acc: 0.9153
[2023-07-25 15:46:10 - INFO:] max_test_acc: 0.9166
[2023-07-25 15:46:10 - INFO:] max_lr: 0.0050, min_lr: 0.0000
[2023-07-25 15:46:10 - INFO:] ======================================
[2023-07-25 15:48:40 - INFO:] epoch: 143/200
[2023-07-25 15:48:40 - INFO:] learning_rate: 0.0040
[2023-07-25 15:48:40 - INFO:] train_acc: 91.4963%, train_loss: 0.0013
[2023-07-25 15:48:40 - INFO:] test_acc: 91.4454%, test_loss: 0.0013
[2023-07-25 15:48:40 - INFO:] max_train_acc: 0.9153
[2023-07-25 15:48:40 - INFO:] max_test_acc: 0.9166
[2023-07-25 15:48:40 - INFO:] max_lr: 0.0050, min_lr: 0.0000
[2023-07-25 15:48:40 - INFO:] ======================================
[2023-07-25 15:51:11 - INFO:] epoch: 144/200
[2023-07-25 15:51:11 - INFO:] learning_rate: 0.0033
[2023-07-25 15:51:11 - INFO:] train_acc: 91.4657%, train_loss: 0.0013
[2023-07-25 15:51:11 - INFO:] test_acc: 91.4541%, test_loss: 0.0013
[2023-07-25 15:51:11 - INFO:] max_train_acc: 0.9153
[2023-07-25 15:51:11 - INFO:] max_test_acc: 0.9166
[2023-07-25 15:51:11 - INFO:] max_lr: 0.0050, min_lr: 0.0000
[2023-07-25 15:51:11 - INFO:] ======================================
[2023-07-25 15:53:42 - INFO:] epoch: 145/200
[2023-07-25 15:53:42 - INFO:] learning_rate: 0.0025
[2023-07-25 15:53:42 - INFO:] train_acc: 91.4266%, train_loss: 0.0013
[2023-07-25 15:53:42 - INFO:] test_acc: 91.6892%, test_loss: 0.0013
[2023-07-25 15:53:42 - INFO:] max_train_acc: 0.9153
[2023-07-25 15:53:42 - INFO:] max_test_acc: 0.9169
[2023-07-25 15:53:42 - INFO:] max_lr: 0.0050, min_lr: 0.0000
[2023-07-25 15:53:42 - INFO:] ======================================
[2023-07-25 15:56:13 - INFO:] epoch: 146/200
[2023-07-25 15:56:13 - INFO:] learning_rate: 0.0017
[2023-07-25 15:56:13 - INFO:] train_acc: 91.4298%, train_loss: 0.0013
[2023-07-25 15:56:13 - INFO:] test_acc: 91.5673%, test_loss: 0.0013
[2023-07-25 15:56:13 - INFO:] max_train_acc: 0.9153
[2023-07-25 15:56:13 - INFO:] max_test_acc: 0.9169
[2023-07-25 15:56:13 - INFO:] max_lr: 0.0050, min_lr: 0.0000
[2023-07-25 15:56:13 - INFO:] ======================================
[2023-07-25 15:58:44 - INFO:] epoch: 147/200
[2023-07-25 15:58:44 - INFO:] learning_rate: 0.0010
[2023-07-25 15:58:44 - INFO:] train_acc: 91.5217%, train_loss: 0.0013
[2023-07-25 15:58:44 - INFO:] test_acc: 91.5194%, test_loss: 0.0013
[2023-07-25 15:58:44 - INFO:] max_train_acc: 0.9153
[2023-07-25 15:58:44 - INFO:] max_test_acc: 0.9169
[2023-07-25 15:58:44 - INFO:] max_lr: 0.0050, min_lr: 0.0000
[2023-07-25 15:58:44 - INFO:] ======================================
[2023-07-25 16:01:15 - INFO:] epoch: 148/200
[2023-07-25 16:01:15 - INFO:] learning_rate: 0.0005
[2023-07-25 16:01:15 - INFO:] train_acc: 91.4573%, train_loss: 0.0013
[2023-07-25 16:01:15 - INFO:] test_acc: 91.5281%, test_loss: 0.0013
[2023-07-25 16:01:15 - INFO:] max_train_acc: 0.9153
[2023-07-25 16:01:15 - INFO:] max_test_acc: 0.9169
[2023-07-25 16:01:15 - INFO:] max_lr: 0.0050, min_lr: 0.0000
[2023-07-25 16:01:15 - INFO:] ======================================
[2023-07-25 16:03:45 - INFO:] epoch: 149/200
[2023-07-25 16:03:45 - INFO:] learning_rate: 0.0001
[2023-07-25 16:03:45 - INFO:] train_acc: 91.4298%, train_loss: 0.0013
[2023-07-25 16:03:45 - INFO:] test_acc: 91.5716%, test_loss: 0.0013
[2023-07-25 16:03:45 - INFO:] max_train_acc: 0.9153
[2023-07-25 16:03:45 - INFO:] max_test_acc: 0.9169
[2023-07-25 16:03:45 - INFO:] max_lr: 0.0050, min_lr: 0.0000
[2023-07-25 16:03:45 - INFO:] ======================================
[2023-07-25 16:06:16 - INFO:] epoch: 150/200
[2023-07-25 16:06:16 - INFO:] learning_rate: 0.0000
[2023-07-25 16:06:16 - INFO:] train_acc: 91.4636%, train_loss: 0.0013
[2023-07-25 16:06:16 - INFO:] test_acc: 91.5586%, test_loss: 0.0013
[2023-07-25 16:06:16 - INFO:] max_train_acc: 0.9153
[2023-07-25 16:06:16 - INFO:] max_test_acc: 0.9169
[2023-07-25 16:06:16 - INFO:] max_lr: 0.0050, min_lr: 0.0000
[2023-07-25 16:06:16 - INFO:] ======================================
[2023-07-25 16:08:46 - INFO:] epoch: 151/200
[2023-07-25 16:08:46 - INFO:] learning_rate: 0.0001
[2023-07-25 16:08:46 - INFO:] train_acc: 91.4625%, train_loss: 0.0013
[2023-07-25 16:08:46 - INFO:] test_acc: 91.5716%, test_loss: 0.0013
[2023-07-25 16:08:46 - INFO:] max_train_acc: 0.9153
[2023-07-25 16:08:46 - INFO:] max_test_acc: 0.9169
[2023-07-25 16:08:46 - INFO:] max_lr: 0.0050, min_lr: 0.0000
[2023-07-25 16:08:46 - INFO:] ======================================
[2023-07-25 16:11:17 - INFO:] epoch: 152/200
[2023-07-25 16:11:17 - INFO:] learning_rate: 0.0005
[2023-07-25 16:11:17 - INFO:] train_acc: 91.4815%, train_loss: 0.0013
[2023-07-25 16:11:17 - INFO:] test_acc: 91.5455%, test_loss: 0.0013
[2023-07-25 16:11:17 - INFO:] max_train_acc: 0.9153
[2023-07-25 16:11:17 - INFO:] max_test_acc: 0.9169
[2023-07-25 16:11:17 - INFO:] max_lr: 0.0050, min_lr: 0.0000
[2023-07-25 16:11:17 - INFO:] ======================================
[2023-07-25 16:13:47 - INFO:] epoch: 153/200
[2023-07-25 16:13:47 - INFO:] learning_rate: 0.0010
[2023-07-25 16:13:47 - INFO:] train_acc: 91.4858%, train_loss: 0.0013
[2023-07-25 16:13:47 - INFO:] test_acc: 91.5977%, test_loss: 0.0013
[2023-07-25 16:13:47 - INFO:] max_train_acc: 0.9153
[2023-07-25 16:13:47 - INFO:] max_test_acc: 0.9169
[2023-07-25 16:13:47 - INFO:] max_lr: 0.0050, min_lr: 0.0000
[2023-07-25 16:13:47 - INFO:] ======================================
[2023-07-25 16:16:18 - INFO:] epoch: 154/200
[2023-07-25 16:16:18 - INFO:] learning_rate: 0.0017
[2023-07-25 16:16:18 - INFO:] train_acc: 91.4974%, train_loss: 0.0013
[2023-07-25 16:16:18 - INFO:] test_acc: 91.5803%, test_loss: 0.0013
[2023-07-25 16:16:18 - INFO:] max_train_acc: 0.9153
[2023-07-25 16:16:18 - INFO:] max_test_acc: 0.9169
[2023-07-25 16:16:18 - INFO:] max_lr: 0.0050, min_lr: 0.0000
[2023-07-25 16:16:18 - INFO:] ======================================
[2023-07-25 16:18:48 - INFO:] epoch: 155/200
[2023-07-25 16:18:48 - INFO:] learning_rate: 0.0025
[2023-07-25 16:18:48 - INFO:] train_acc: 91.4720%, train_loss: 0.0013
[2023-07-25 16:18:48 - INFO:] test_acc: 91.6021%, test_loss: 0.0013
[2023-07-25 16:18:48 - INFO:] max_train_acc: 0.9153
[2023-07-25 16:18:48 - INFO:] max_test_acc: 0.9169
[2023-07-25 16:18:48 - INFO:] max_lr: 0.0050, min_lr: 0.0000
[2023-07-25 16:18:48 - INFO:] ======================================
[2023-07-25 16:21:19 - INFO:] epoch: 156/200
[2023-07-25 16:21:19 - INFO:] learning_rate: 0.0033
[2023-07-25 16:21:19 - INFO:] train_acc: 91.4805%, train_loss: 0.0013
[2023-07-25 16:21:19 - INFO:] test_acc: 91.6369%, test_loss: 0.0013
[2023-07-25 16:21:19 - INFO:] max_train_acc: 0.9153
[2023-07-25 16:21:19 - INFO:] max_test_acc: 0.9169
[2023-07-25 16:21:19 - INFO:] max_lr: 0.0050, min_lr: 0.0000
[2023-07-25 16:21:19 - INFO:] ======================================
[2023-07-25 16:23:50 - INFO:] epoch: 157/200
[2023-07-25 16:23:50 - INFO:] learning_rate: 0.0040
[2023-07-25 16:23:50 - INFO:] train_acc: 91.3981%, train_loss: 0.0013
[2023-07-25 16:23:50 - INFO:] test_acc: 91.4497%, test_loss: 0.0013
[2023-07-25 16:23:50 - INFO:] max_train_acc: 0.9153
[2023-07-25 16:23:50 - INFO:] max_test_acc: 0.9169
[2023-07-25 16:23:50 - INFO:] max_lr: 0.0050, min_lr: 0.0000
[2023-07-25 16:23:50 - INFO:] ======================================
[2023-07-25 16:26:20 - INFO:] epoch: 158/200
[2023-07-25 16:26:20 - INFO:] learning_rate: 0.0045
[2023-07-25 16:26:20 - INFO:] train_acc: 91.4868%, train_loss: 0.0013
[2023-07-25 16:26:20 - INFO:] test_acc: 91.5020%, test_loss: 0.0013
[2023-07-25 16:26:20 - INFO:] max_train_acc: 0.9153
[2023-07-25 16:26:20 - INFO:] max_test_acc: 0.9169
[2023-07-25 16:26:20 - INFO:] max_lr: 0.0050, min_lr: 0.0000
[2023-07-25 16:26:20 - INFO:] ======================================
[2023-07-25 16:28:51 - INFO:] epoch: 159/200
[2023-07-25 16:28:51 - INFO:] learning_rate: 0.0049
[2023-07-25 16:28:51 - INFO:] train_acc: 91.4826%, train_loss: 0.0013
[2023-07-25 16:28:51 - INFO:] test_acc: 91.4236%, test_loss: 0.0013
[2023-07-25 16:28:51 - INFO:] max_train_acc: 0.9153
[2023-07-25 16:28:51 - INFO:] max_test_acc: 0.9169
[2023-07-25 16:28:51 - INFO:] max_lr: 0.0050, min_lr: 0.0000
[2023-07-25 16:28:51 - INFO:] ======================================
[2023-07-25 16:31:22 - INFO:] epoch: 160/200
[2023-07-25 16:31:22 - INFO:] learning_rate: 0.0050
[2023-07-25 16:31:22 - INFO:] train_acc: 91.4425%, train_loss: 0.0013
[2023-07-25 16:31:22 - INFO:] test_acc: 91.5411%, test_loss: 0.0013
[2023-07-25 16:31:22 - INFO:] max_train_acc: 0.9153
[2023-07-25 16:31:22 - INFO:] max_test_acc: 0.9169
[2023-07-25 16:31:22 - INFO:] max_lr: 0.0050, min_lr: 0.0000
[2023-07-25 16:31:22 - INFO:] ======================================
[2023-07-25 16:33:53 - INFO:] epoch: 161/200
[2023-07-25 16:33:53 - INFO:] learning_rate: 0.0049
[2023-07-25 16:33:53 - INFO:] train_acc: 91.4794%, train_loss: 0.0013
[2023-07-25 16:33:53 - INFO:] test_acc: 91.4715%, test_loss: 0.0013
[2023-07-25 16:33:53 - INFO:] max_train_acc: 0.9153
[2023-07-25 16:33:53 - INFO:] max_test_acc: 0.9169
[2023-07-25 16:33:53 - INFO:] max_lr: 0.0050, min_lr: 0.0000
[2023-07-25 16:33:53 - INFO:] ======================================
[2023-07-25 16:36:23 - INFO:] epoch: 162/200
[2023-07-25 16:36:23 - INFO:] learning_rate: 0.0045
[2023-07-25 16:36:23 - INFO:] train_acc: 91.4467%, train_loss: 0.0013
[2023-07-25 16:36:23 - INFO:] test_acc: 91.3757%, test_loss: 0.0013
[2023-07-25 16:36:23 - INFO:] max_train_acc: 0.9153
[2023-07-25 16:36:23 - INFO:] max_test_acc: 0.9169
[2023-07-25 16:36:23 - INFO:] max_lr: 0.0050, min_lr: 0.0000
[2023-07-25 16:36:23 - INFO:] ======================================
[2023-07-25 16:38:53 - INFO:] epoch: 163/200
[2023-07-25 16:38:53 - INFO:] learning_rate: 0.0040
[2023-07-25 16:38:53 - INFO:] train_acc: 91.3939%, train_loss: 0.0013
[2023-07-25 16:38:53 - INFO:] test_acc: 91.5411%, test_loss: 0.0013
[2023-07-25 16:38:53 - INFO:] max_train_acc: 0.9153
[2023-07-25 16:38:53 - INFO:] max_test_acc: 0.9169
[2023-07-25 16:38:53 - INFO:] max_lr: 0.0050, min_lr: 0.0000
[2023-07-25 16:38:53 - INFO:] ======================================
[2023-07-25 16:41:23 - INFO:] epoch: 164/200
[2023-07-25 16:41:23 - INFO:] learning_rate: 0.0033
[2023-07-25 16:41:23 - INFO:] train_acc: 91.3791%, train_loss: 0.0013
[2023-07-25 16:41:23 - INFO:] test_acc: 91.5063%, test_loss: 0.0013
[2023-07-25 16:41:23 - INFO:] max_train_acc: 0.9153
[2023-07-25 16:41:23 - INFO:] max_test_acc: 0.9169
[2023-07-25 16:41:23 - INFO:] max_lr: 0.0050, min_lr: 0.0000
[2023-07-25 16:41:23 - INFO:] ======================================
[2023-07-25 16:43:54 - INFO:] epoch: 165/200
[2023-07-25 16:43:54 - INFO:] learning_rate: 0.0025
[2023-07-25 16:43:54 - INFO:] train_acc: 91.4604%, train_loss: 0.0013
[2023-07-25 16:43:54 - INFO:] test_acc: 91.5629%, test_loss: 0.0013
[2023-07-25 16:43:54 - INFO:] max_train_acc: 0.9153
[2023-07-25 16:43:54 - INFO:] max_test_acc: 0.9169
[2023-07-25 16:43:54 - INFO:] max_lr: 0.0050, min_lr: 0.0000
[2023-07-25 16:43:54 - INFO:] ======================================
[2023-07-25 16:46:25 - INFO:] epoch: 166/200
[2023-07-25 16:46:25 - INFO:] learning_rate: 0.0017
[2023-07-25 16:46:25 - INFO:] train_acc: 91.4752%, train_loss: 0.0013
[2023-07-25 16:46:25 - INFO:] test_acc: 91.5716%, test_loss: 0.0013
[2023-07-25 16:46:25 - INFO:] max_train_acc: 0.9153
[2023-07-25 16:46:25 - INFO:] max_test_acc: 0.9169
[2023-07-25 16:46:25 - INFO:] max_lr: 0.0050, min_lr: 0.0000
[2023-07-25 16:46:25 - INFO:] ======================================
[2023-07-25 16:48:55 - INFO:] epoch: 167/200
[2023-07-25 16:48:55 - INFO:] learning_rate: 0.0010
[2023-07-25 16:48:55 - INFO:] train_acc: 91.3960%, train_loss: 0.0013
[2023-07-25 16:48:55 - INFO:] test_acc: 91.5629%, test_loss: 0.0013
[2023-07-25 16:48:55 - INFO:] max_train_acc: 0.9153
[2023-07-25 16:48:55 - INFO:] max_test_acc: 0.9169
[2023-07-25 16:48:55 - INFO:] max_lr: 0.0050, min_lr: 0.0000
[2023-07-25 16:48:55 - INFO:] ======================================
[2023-07-25 16:51:25 - INFO:] epoch: 168/200
[2023-07-25 16:51:25 - INFO:] learning_rate: 0.0005
[2023-07-25 16:51:25 - INFO:] train_acc: 91.5459%, train_loss: 0.0013
[2023-07-25 16:51:25 - INFO:] test_acc: 91.4802%, test_loss: 0.0013
[2023-07-25 16:51:25 - INFO:] max_train_acc: 0.9155
[2023-07-25 16:51:25 - INFO:] max_test_acc: 0.9169
[2023-07-25 16:51:25 - INFO:] max_lr: 0.0050, min_lr: 0.0000
[2023-07-25 16:51:25 - INFO:] ======================================
[2023-07-25 16:53:56 - INFO:] epoch: 169/200
[2023-07-25 16:53:56 - INFO:] learning_rate: 0.0001
[2023-07-25 16:53:56 - INFO:] train_acc: 91.4763%, train_loss: 0.0013
[2023-07-25 16:53:56 - INFO:] test_acc: 91.5586%, test_loss: 0.0013
[2023-07-25 16:53:56 - INFO:] max_train_acc: 0.9155
[2023-07-25 16:53:56 - INFO:] max_test_acc: 0.9169
[2023-07-25 16:53:56 - INFO:] max_lr: 0.0050, min_lr: 0.0000
[2023-07-25 16:53:56 - INFO:] ======================================
[2023-07-25 16:56:26 - INFO:] epoch: 170/200
[2023-07-25 16:56:26 - INFO:] learning_rate: 0.0000
[2023-07-25 16:56:26 - INFO:] train_acc: 91.4657%, train_loss: 0.0013
[2023-07-25 16:56:26 - INFO:] test_acc: 91.5586%, test_loss: 0.0013
[2023-07-25 16:56:26 - INFO:] max_train_acc: 0.9155
[2023-07-25 16:56:26 - INFO:] max_test_acc: 0.9169
[2023-07-25 16:56:26 - INFO:] max_lr: 0.0050, min_lr: 0.0000
[2023-07-25 16:56:26 - INFO:] ======================================
[2023-07-25 16:58:57 - INFO:] epoch: 171/200
[2023-07-25 16:58:57 - INFO:] learning_rate: 0.0001
[2023-07-25 16:58:57 - INFO:] train_acc: 91.5238%, train_loss: 0.0013
[2023-07-25 16:58:57 - INFO:] test_acc: 91.5411%, test_loss: 0.0013
[2023-07-25 16:58:57 - INFO:] max_train_acc: 0.9155
[2023-07-25 16:58:57 - INFO:] max_test_acc: 0.9169
[2023-07-25 16:58:57 - INFO:] max_lr: 0.0050, min_lr: 0.0000
[2023-07-25 16:58:57 - INFO:] ======================================
[2023-07-25 17:01:27 - INFO:] epoch: 172/200
[2023-07-25 17:01:27 - INFO:] learning_rate: 0.0005
[2023-07-25 17:01:27 - INFO:] train_acc: 91.4773%, train_loss: 0.0013
[2023-07-25 17:01:27 - INFO:] test_acc: 91.5498%, test_loss: 0.0013
[2023-07-25 17:01:27 - INFO:] max_train_acc: 0.9155
[2023-07-25 17:01:27 - INFO:] max_test_acc: 0.9169
[2023-07-25 17:01:27 - INFO:] max_lr: 0.0050, min_lr: 0.0000
[2023-07-25 17:01:27 - INFO:] ======================================
[2023-07-25 17:03:57 - INFO:] epoch: 173/200
[2023-07-25 17:03:57 - INFO:] learning_rate: 0.0010
[2023-07-25 17:03:57 - INFO:] train_acc: 91.4414%, train_loss: 0.0013
[2023-07-25 17:03:57 - INFO:] test_acc: 91.5542%, test_loss: 0.0013
[2023-07-25 17:03:57 - INFO:] max_train_acc: 0.9155
[2023-07-25 17:03:57 - INFO:] max_test_acc: 0.9169
[2023-07-25 17:03:57 - INFO:] max_lr: 0.0050, min_lr: 0.0000
[2023-07-25 17:03:57 - INFO:] ======================================
[2023-07-25 17:06:28 - INFO:] epoch: 174/200
[2023-07-25 17:06:28 - INFO:] learning_rate: 0.0017
[2023-07-25 17:06:28 - INFO:] train_acc: 91.4868%, train_loss: 0.0013
[2023-07-25 17:06:28 - INFO:] test_acc: 91.5498%, test_loss: 0.0013
[2023-07-25 17:06:28 - INFO:] max_train_acc: 0.9155
[2023-07-25 17:06:28 - INFO:] max_test_acc: 0.9169
[2023-07-25 17:06:28 - INFO:] max_lr: 0.0050, min_lr: 0.0000
[2023-07-25 17:06:28 - INFO:] ======================================
[2023-07-25 17:08:58 - INFO:] epoch: 175/200
[2023-07-25 17:08:58 - INFO:] learning_rate: 0.0025
[2023-07-25 17:08:58 - INFO:] train_acc: 91.5069%, train_loss: 0.0013
[2023-07-25 17:08:58 - INFO:] test_acc: 91.6239%, test_loss: 0.0013
[2023-07-25 17:08:58 - INFO:] max_train_acc: 0.9155
[2023-07-25 17:08:58 - INFO:] max_test_acc: 0.9169
[2023-07-25 17:08:58 - INFO:] max_lr: 0.0050, min_lr: 0.0000
[2023-07-25 17:08:58 - INFO:] ======================================
[2023-07-25 17:11:28 - INFO:] epoch: 176/200
[2023-07-25 17:11:28 - INFO:] learning_rate: 0.0033
[2023-07-25 17:11:28 - INFO:] train_acc: 91.4826%, train_loss: 0.0013
[2023-07-25 17:11:28 - INFO:] test_acc: 91.6587%, test_loss: 0.0013
[2023-07-25 17:11:28 - INFO:] max_train_acc: 0.9155
[2023-07-25 17:11:28 - INFO:] max_test_acc: 0.9169
[2023-07-25 17:11:28 - INFO:] max_lr: 0.0050, min_lr: 0.0000
[2023-07-25 17:11:28 - INFO:] ======================================
[2023-07-25 17:13:58 - INFO:] epoch: 177/200
[2023-07-25 17:13:58 - INFO:] learning_rate: 0.0040
[2023-07-25 17:13:58 - INFO:] train_acc: 91.4351%, train_loss: 0.0013
[2023-07-25 17:13:58 - INFO:] test_acc: 91.4192%, test_loss: 0.0013
[2023-07-25 17:13:58 - INFO:] max_train_acc: 0.9155
[2023-07-25 17:13:58 - INFO:] max_test_acc: 0.9169
[2023-07-25 17:13:58 - INFO:] max_lr: 0.0050, min_lr: 0.0000
[2023-07-25 17:13:58 - INFO:] ======================================
[2023-07-25 17:16:29 - INFO:] epoch: 178/200
[2023-07-25 17:16:29 - INFO:] learning_rate: 0.0045
[2023-07-25 17:16:29 - INFO:] train_acc: 91.4879%, train_loss: 0.0013
[2023-07-25 17:16:29 - INFO:] test_acc: 91.6064%, test_loss: 0.0013
[2023-07-25 17:16:29 - INFO:] max_train_acc: 0.9155
[2023-07-25 17:16:29 - INFO:] max_test_acc: 0.9169
[2023-07-25 17:16:29 - INFO:] max_lr: 0.0050, min_lr: 0.0000
[2023-07-25 17:16:29 - INFO:] ======================================
[2023-07-25 17:19:00 - INFO:] epoch: 179/200
[2023-07-25 17:19:00 - INFO:] learning_rate: 0.0049
[2023-07-25 17:19:00 - INFO:] train_acc: 91.3992%, train_loss: 0.0013
[2023-07-25 17:19:00 - INFO:] test_acc: 91.5455%, test_loss: 0.0013
[2023-07-25 17:19:00 - INFO:] max_train_acc: 0.9155
[2023-07-25 17:19:00 - INFO:] max_test_acc: 0.9169
[2023-07-25 17:19:00 - INFO:] max_lr: 0.0050, min_lr: 0.0000
[2023-07-25 17:19:00 - INFO:] ======================================
[2023-07-25 17:21:30 - INFO:] epoch: 180/200
[2023-07-25 17:21:30 - INFO:] learning_rate: 0.0050
[2023-07-25 17:21:30 - INFO:] train_acc: 91.4097%, train_loss: 0.0013
[2023-07-25 17:21:30 - INFO:] test_acc: 91.4628%, test_loss: 0.0013
[2023-07-25 17:21:30 - INFO:] max_train_acc: 0.9155
[2023-07-25 17:21:30 - INFO:] max_test_acc: 0.9169
[2023-07-25 17:21:30 - INFO:] max_lr: 0.0050, min_lr: 0.0000
[2023-07-25 17:21:30 - INFO:] ======================================
[2023-07-25 17:24:00 - INFO:] epoch: 181/200
[2023-07-25 17:24:00 - INFO:] learning_rate: 0.0049
[2023-07-25 17:24:00 - INFO:] train_acc: 91.4256%, train_loss: 0.0013
[2023-07-25 17:24:00 - INFO:] test_acc: 91.4758%, test_loss: 0.0013
[2023-07-25 17:24:00 - INFO:] max_train_acc: 0.9155
[2023-07-25 17:24:00 - INFO:] max_test_acc: 0.9169
[2023-07-25 17:24:00 - INFO:] max_lr: 0.0050, min_lr: 0.0000
[2023-07-25 17:24:00 - INFO:] ======================================
[2023-07-25 17:26:31 - INFO:] epoch: 182/200
[2023-07-25 17:26:31 - INFO:] learning_rate: 0.0045
[2023-07-25 17:26:31 - INFO:] train_acc: 91.4108%, train_loss: 0.0013
[2023-07-25 17:26:31 - INFO:] test_acc: 91.2582%, test_loss: 0.0013
[2023-07-25 17:26:31 - INFO:] max_train_acc: 0.9155
[2023-07-25 17:26:31 - INFO:] max_test_acc: 0.9169
[2023-07-25 17:26:31 - INFO:] max_lr: 0.0050, min_lr: 0.0000
[2023-07-25 17:26:31 - INFO:] ======================================
[2023-07-25 17:29:02 - INFO:] epoch: 183/200
[2023-07-25 17:29:02 - INFO:] learning_rate: 0.0040
[2023-07-25 17:29:02 - INFO:] train_acc: 91.4351%, train_loss: 0.0013
[2023-07-25 17:29:02 - INFO:] test_acc: 91.2538%, test_loss: 0.0013
[2023-07-25 17:29:02 - INFO:] max_train_acc: 0.9155
[2023-07-25 17:29:02 - INFO:] max_test_acc: 0.9169
[2023-07-25 17:29:02 - INFO:] max_lr: 0.0050, min_lr: 0.0000
[2023-07-25 17:29:02 - INFO:] ======================================
[2023-07-25 17:31:32 - INFO:] epoch: 184/200
[2023-07-25 17:31:32 - INFO:] learning_rate: 0.0033
[2023-07-25 17:31:32 - INFO:] train_acc: 91.4910%, train_loss: 0.0013
[2023-07-25 17:31:32 - INFO:] test_acc: 91.3365%, test_loss: 0.0013
[2023-07-25 17:31:32 - INFO:] max_train_acc: 0.9155
[2023-07-25 17:31:32 - INFO:] max_test_acc: 0.9169
[2023-07-25 17:31:32 - INFO:] max_lr: 0.0050, min_lr: 0.0000
[2023-07-25 17:31:32 - INFO:] ======================================
[2023-07-25 17:34:02 - INFO:] epoch: 185/200
[2023-07-25 17:34:02 - INFO:] learning_rate: 0.0025
[2023-07-25 17:34:02 - INFO:] train_acc: 91.4383%, train_loss: 0.0013
[2023-07-25 17:34:02 - INFO:] test_acc: 91.5977%, test_loss: 0.0013
[2023-07-25 17:34:02 - INFO:] max_train_acc: 0.9155
[2023-07-25 17:34:02 - INFO:] max_test_acc: 0.9169
[2023-07-25 17:34:02 - INFO:] max_lr: 0.0050, min_lr: 0.0000
[2023-07-25 17:34:02 - INFO:] ======================================
[2023-07-25 17:36:33 - INFO:] epoch: 186/200
[2023-07-25 17:36:33 - INFO:] learning_rate: 0.0017
[2023-07-25 17:36:33 - INFO:] train_acc: 91.4171%, train_loss: 0.0013
[2023-07-25 17:36:33 - INFO:] test_acc: 91.4236%, test_loss: 0.0013
[2023-07-25 17:36:33 - INFO:] max_train_acc: 0.9155
[2023-07-25 17:36:33 - INFO:] max_test_acc: 0.9169
[2023-07-25 17:36:33 - INFO:] max_lr: 0.0050, min_lr: 0.0000
[2023-07-25 17:36:33 - INFO:] ======================================
[2023-07-25 17:39:04 - INFO:] epoch: 187/200
[2023-07-25 17:39:04 - INFO:] learning_rate: 0.0010
[2023-07-25 17:39:04 - INFO:] train_acc: 91.4583%, train_loss: 0.0013
[2023-07-25 17:39:04 - INFO:] test_acc: 91.4323%, test_loss: 0.0013
[2023-07-25 17:39:04 - INFO:] max_train_acc: 0.9155
[2023-07-25 17:39:04 - INFO:] max_test_acc: 0.9169
[2023-07-25 17:39:04 - INFO:] max_lr: 0.0050, min_lr: 0.0000
[2023-07-25 17:39:04 - INFO:] ======================================
[2023-07-25 17:41:34 - INFO:] epoch: 188/200
[2023-07-25 17:41:34 - INFO:] learning_rate: 0.0005
[2023-07-25 17:41:34 - INFO:] train_acc: 91.4815%, train_loss: 0.0013
[2023-07-25 17:41:34 - INFO:] test_acc: 91.5890%, test_loss: 0.0013
[2023-07-25 17:41:34 - INFO:] max_train_acc: 0.9155
[2023-07-25 17:41:34 - INFO:] max_test_acc: 0.9169
[2023-07-25 17:41:34 - INFO:] max_lr: 0.0050, min_lr: 0.0000
[2023-07-25 17:41:34 - INFO:] ======================================
[2023-07-25 17:44:04 - INFO:] epoch: 189/200
[2023-07-25 17:44:04 - INFO:] learning_rate: 0.0001
[2023-07-25 17:44:04 - INFO:] train_acc: 91.4647%, train_loss: 0.0013
[2023-07-25 17:44:04 - INFO:] test_acc: 91.5542%, test_loss: 0.0013
[2023-07-25 17:44:04 - INFO:] max_train_acc: 0.9155
[2023-07-25 17:44:04 - INFO:] max_test_acc: 0.9169
[2023-07-25 17:44:04 - INFO:] max_lr: 0.0050, min_lr: 0.0000
[2023-07-25 17:44:04 - INFO:] ======================================
[2023-07-25 17:46:35 - INFO:] epoch: 190/200
[2023-07-25 17:46:35 - INFO:] learning_rate: 0.0000
[2023-07-25 17:46:35 - INFO:] train_acc: 91.4773%, train_loss: 0.0013
[2023-07-25 17:46:35 - INFO:] test_acc: 91.5020%, test_loss: 0.0013
[2023-07-25 17:46:35 - INFO:] max_train_acc: 0.9155
[2023-07-25 17:46:35 - INFO:] max_test_acc: 0.9169
[2023-07-25 17:46:35 - INFO:] max_lr: 0.0050, min_lr: 0.0000
[2023-07-25 17:46:35 - INFO:] ======================================
[2023-07-25 17:49:06 - INFO:] epoch: 191/200
[2023-07-25 17:49:06 - INFO:] learning_rate: 0.0001
[2023-07-25 17:49:06 - INFO:] train_acc: 91.4974%, train_loss: 0.0013
[2023-07-25 17:49:06 - INFO:] test_acc: 91.5107%, test_loss: 0.0013
[2023-07-25 17:49:06 - INFO:] max_train_acc: 0.9155
[2023-07-25 17:49:06 - INFO:] max_test_acc: 0.9169
[2023-07-25 17:49:06 - INFO:] max_lr: 0.0050, min_lr: 0.0000
[2023-07-25 17:49:06 - INFO:] ======================================
[2023-07-25 17:51:36 - INFO:] epoch: 192/200
[2023-07-25 17:51:36 - INFO:] learning_rate: 0.0005
[2023-07-25 17:51:36 - INFO:] train_acc: 91.4478%, train_loss: 0.0013
[2023-07-25 17:51:36 - INFO:] test_acc: 91.4933%, test_loss: 0.0013
[2023-07-25 17:51:36 - INFO:] max_train_acc: 0.9155
[2023-07-25 17:51:36 - INFO:] max_test_acc: 0.9169
[2023-07-25 17:51:36 - INFO:] max_lr: 0.0050, min_lr: 0.0000
[2023-07-25 17:51:36 - INFO:] ======================================
[2023-07-25 17:54:06 - INFO:] epoch: 193/200
[2023-07-25 17:54:06 - INFO:] learning_rate: 0.0010
[2023-07-25 17:54:06 - INFO:] train_acc: 91.5196%, train_loss: 0.0013
[2023-07-25 17:54:06 - INFO:] test_acc: 91.5542%, test_loss: 0.0013
[2023-07-25 17:54:06 - INFO:] max_train_acc: 0.9155
[2023-07-25 17:54:06 - INFO:] max_test_acc: 0.9169
[2023-07-25 17:54:06 - INFO:] max_lr: 0.0050, min_lr: 0.0000
[2023-07-25 17:54:06 - INFO:] ======================================
[2023-07-25 17:56:37 - INFO:] epoch: 194/200
[2023-07-25 17:56:37 - INFO:] learning_rate: 0.0017
[2023-07-25 17:56:37 - INFO:] train_acc: 91.5269%, train_loss: 0.0013
[2023-07-25 17:56:37 - INFO:] test_acc: 91.4933%, test_loss: 0.0013
[2023-07-25 17:56:37 - INFO:] max_train_acc: 0.9155
[2023-07-25 17:56:37 - INFO:] max_test_acc: 0.9169
[2023-07-25 17:56:37 - INFO:] max_lr: 0.0050, min_lr: 0.0000
[2023-07-25 17:56:37 - INFO:] ======================================
[2023-07-25 17:59:07 - INFO:] epoch: 195/200
[2023-07-25 17:59:07 - INFO:] learning_rate: 0.0025
[2023-07-25 17:59:07 - INFO:] train_acc: 91.4119%, train_loss: 0.0013
[2023-07-25 17:59:07 - INFO:] test_acc: 91.5281%, test_loss: 0.0013
[2023-07-25 17:59:07 - INFO:] max_train_acc: 0.9155
[2023-07-25 17:59:07 - INFO:] max_test_acc: 0.9169
[2023-07-25 17:59:07 - INFO:] max_lr: 0.0050, min_lr: 0.0000
[2023-07-25 17:59:07 - INFO:] ======================================
[2023-07-25 18:01:37 - INFO:] epoch: 196/200
[2023-07-25 18:01:37 - INFO:] learning_rate: 0.0033
[2023-07-25 18:01:37 - INFO:] train_acc: 91.4858%, train_loss: 0.0013
[2023-07-25 18:01:37 - INFO:] test_acc: 91.4889%, test_loss: 0.0013
[2023-07-25 18:01:37 - INFO:] max_train_acc: 0.9155
[2023-07-25 18:01:37 - INFO:] max_test_acc: 0.9169
[2023-07-25 18:01:37 - INFO:] max_lr: 0.0050, min_lr: 0.0000
[2023-07-25 18:01:37 - INFO:] ======================================
[2023-07-25 18:04:08 - INFO:] epoch: 197/200
[2023-07-25 18:04:08 - INFO:] learning_rate: 0.0040
[2023-07-25 18:04:08 - INFO:] train_acc: 91.4509%, train_loss: 0.0013
[2023-07-25 18:04:08 - INFO:] test_acc: 91.5542%, test_loss: 0.0013
[2023-07-25 18:04:08 - INFO:] max_train_acc: 0.9155
[2023-07-25 18:04:08 - INFO:] max_test_acc: 0.9169
[2023-07-25 18:04:08 - INFO:] max_lr: 0.0050, min_lr: 0.0000
[2023-07-25 18:04:08 - INFO:] ======================================
[2023-07-25 18:06:40 - INFO:] epoch: 198/200
[2023-07-25 18:06:40 - INFO:] learning_rate: 0.0045
[2023-07-25 18:06:40 - INFO:] train_acc: 91.4752%, train_loss: 0.0013
[2023-07-25 18:06:40 - INFO:] test_acc: 91.6369%, test_loss: 0.0013
[2023-07-25 18:06:40 - INFO:] max_train_acc: 0.9155
[2023-07-25 18:06:40 - INFO:] max_test_acc: 0.9169
[2023-07-25 18:06:40 - INFO:] max_lr: 0.0050, min_lr: 0.0000
[2023-07-25 18:06:40 - INFO:] ======================================
[2023-07-25 18:09:10 - INFO:] epoch: 199/200
[2023-07-25 18:09:10 - INFO:] learning_rate: 0.0049
[2023-07-25 18:09:10 - INFO:] train_acc: 91.4826%, train_loss: 0.0013
[2023-07-25 18:09:10 - INFO:] test_acc: 91.4018%, test_loss: 0.0013
[2023-07-25 18:09:10 - INFO:] max_train_acc: 0.9155
[2023-07-25 18:09:10 - INFO:] max_test_acc: 0.9169
[2023-07-25 18:09:10 - INFO:] max_lr: 0.0050, min_lr: 0.0000
[2023-07-25 18:09:10 - INFO:] ======================================
[2023-07-25 18:11:41 - INFO:] epoch: 200/200
[2023-07-25 18:11:41 - INFO:] learning_rate: 0.0050
[2023-07-25 18:11:41 - INFO:] train_acc: 91.4731%, train_loss: 0.0013
[2023-07-25 18:11:41 - INFO:] test_acc: 91.3148%, test_loss: 0.0013
[2023-07-25 18:11:41 - INFO:] max_train_acc: 0.9155
[2023-07-25 18:11:41 - INFO:] max_test_acc: 0.9169
[2023-07-25 18:11:41 - INFO:] max_lr: 0.0050, min_lr: 0.0000
[2023-07-25 18:11:41 - INFO:] ======================================
