[2023-0802 1913 - INFO] <<< BEATs_iter3_plus_AS2M - 1 fc layer >>> 
[2023-0802 1913 - INFO] # trainset_size = 17010
[2023-0802 1913 - INFO] # testset_size = 22970
[2023-0802 1913 - INFO] # train_a/p = 8505/8505
[2023-0802 1913 - INFO] # test_a/p = 20920/2050
[2023-0802 1913 - INFO] # batch_size = 128
[2023-0802 1913 - INFO] # learning_rate = 0.001
[2023-0802 1913 - INFO] # num_epochs = 100
[2023-0802 1913 - INFO] # padding_size = 3500
[2023-0802 1913 - INFO] # loss_fn = CE
[2023-0802 1913 - INFO] # scheduler = None
[2023-0802 1913 - INFO] # optimizer = AdamW (
Parameter Group 0
    amsgrad: False
    betas: (0.9, 0.999)
    capturable: False
    differentiable: False
    eps: 1e-08
    foreach: None
    fused: None
    lr: 0.001
    maximize: False
    weight_decay: 0.01
)
[2023-0802 1913 - INFO] -------------------------------------
[2023-0802 1914 - INFO] epoch: 1/100
[2023-0802 1914 - INFO] learning_rate: 0.0010
[2023-0802 1914 - INFO] train_acc: 71.470%, train_loss: 0.0043
[2023-0802 1914 - INFO] test_acc: 79.639%, test_loss: 0.0035
[2023-0802 1914 - INFO] max_train_acc: 71.470%
[2023-0802 1914 - INFO] max_test_acc: 79.639%
[2023-0802 1914 - INFO] max_lr: 0.0010, min_lr: 0.0010
[2023-0802 1914 - INFO] ======================================
[2023-0802 1915 - INFO] epoch: 2/100
[2023-0802 1915 - INFO] learning_rate: 0.0010
[2023-0802 1915 - INFO] train_acc: 74.227%, train_loss: 0.0040
[2023-0802 1915 - INFO] test_acc: 78.167%, test_loss: 0.0035
[2023-0802 1915 - INFO] max_train_acc: 74.227%
[2023-0802 1915 - INFO] max_test_acc: 79.639%
[2023-0802 1915 - INFO] max_lr: 0.0010, min_lr: 0.0010
[2023-0802 1915 - INFO] ======================================
