[2023-0727 1701 - INFO] <<< BEATs_iter3_plus_AS2M >>>
[2023-0727 1701 - INFO] # trainset_size = 17010
[2023-0727 1701 - INFO] # testset_size = 22970
[2023-0727 1701 - INFO] # train_a/p = 8505/8505
[2023-0727 1701 - INFO] # test_a/p = 20866/2050
[2023-0727 1701 - INFO] # batch_size = 64
[2023-0727 1701 - INFO] # learning_rate = 0.0001
[2023-0727 1701 - INFO] # num_epochs = 100
[2023-0727 1701 - INFO] # padding_size = 3500
[2023-0727 1701 - INFO] # criterion = CrossEntropyLoss()
[2023-0727 1701 - INFO] # optimizer = AdamW (
Parameter Group 0
    amsgrad: False
    betas: (0.9, 0.98)
    capturable: False
    differentiable: False
    eps: 1e-08
    foreach: None
    fused: None
    lr: 0.0001
    maximize: False
    weight_decay: 0.01
)
[2023-0727 1701 - INFO] -------------------------------
[2023-0727 1702 - INFO] epoch: 1/100
[2023-0727 1702 - INFO] learning_rate: 0.0001
[2023-0727 1702 - INFO] train_acc: 68.019%, train_loss: 0.0103
[2023-0727 1702 - INFO] test_acc: 66.757%, test_loss: 0.0102
[2023-0727 1702 - INFO] max_train_acc: 68.019%
[2023-0727 1702 - INFO] max_test_acc: 66.757%
[2023-0727 1702 - INFO] max_lr: 0.0001, min_lr: 0.0001
[2023-0727 1702 - INFO] ======================================
[2023-0727 1703 - INFO] epoch: 2/100
[2023-0727 1703 - INFO] learning_rate: 0.0001
[2023-0727 1703 - INFO] train_acc: 69.771%, train_loss: 0.0097
[2023-0727 1703 - INFO] test_acc: 67.088%, test_loss: 0.0095
[2023-0727 1703 - INFO] max_train_acc: 69.771%
[2023-0727 1703 - INFO] max_test_acc: 67.088%
[2023-0727 1703 - INFO] max_lr: 0.0001, min_lr: 0.0001
[2023-0727 1703 - INFO] ======================================
[2023-0727 1704 - INFO] epoch: 3/100
[2023-0727 1704 - INFO] learning_rate: 0.0001
[2023-0727 1704 - INFO] train_acc: 69.853%, train_loss: 0.0094
[2023-0727 1704 - INFO] test_acc: 67.310%, test_loss: 0.0093
[2023-0727 1704 - INFO] max_train_acc: 69.853%
[2023-0727 1704 - INFO] max_test_acc: 67.310%
[2023-0727 1704 - INFO] max_lr: 0.0001, min_lr: 0.0001
[2023-0727 1704 - INFO] ======================================
[2023-0727 1705 - INFO] epoch: 4/100
[2023-0727 1705 - INFO] learning_rate: 0.0001
[2023-0727 1705 - INFO] train_acc: 70.141%, train_loss: 0.0093
[2023-0727 1705 - INFO] test_acc: 67.910%, test_loss: 0.0091
[2023-0727 1705 - INFO] max_train_acc: 70.141%
[2023-0727 1705 - INFO] max_test_acc: 67.910%
[2023-0727 1705 - INFO] max_lr: 0.0001, min_lr: 0.0001
[2023-0727 1705 - INFO] ======================================
[2023-0727 1706 - INFO] epoch: 5/100
[2023-0727 1706 - INFO] learning_rate: 0.0001
[2023-0727 1706 - INFO] train_acc: 70.758%, train_loss: 0.0092
[2023-0727 1706 - INFO] test_acc: 69.782%, test_loss: 0.0089
[2023-0727 1706 - INFO] max_train_acc: 70.758%
[2023-0727 1706 - INFO] max_test_acc: 69.782%
[2023-0727 1706 - INFO] max_lr: 0.0001, min_lr: 0.0001
[2023-0727 1706 - INFO] ======================================
[2023-0727 1707 - INFO] epoch: 6/100
[2023-0727 1707 - INFO] learning_rate: 0.0001
[2023-0727 1707 - INFO] train_acc: 71.088%, train_loss: 0.0091
[2023-0727 1707 - INFO] test_acc: 71.162%, test_loss: 0.0089
[2023-0727 1707 - INFO] max_train_acc: 71.088%
[2023-0727 1707 - INFO] max_test_acc: 71.162%
[2023-0727 1707 - INFO] max_lr: 0.0001, min_lr: 0.0001
[2023-0727 1707 - INFO] ======================================
[2023-0727 1709 - INFO] epoch: 7/100
[2023-0727 1709 - INFO] learning_rate: 0.0001
[2023-0727 1709 - INFO] train_acc: 71.864%, train_loss: 0.0090
[2023-0727 1709 - INFO] test_acc: 73.535%, test_loss: 0.0087
[2023-0727 1709 - INFO] max_train_acc: 71.864%
[2023-0727 1709 - INFO] max_test_acc: 73.535%
[2023-0727 1709 - INFO] max_lr: 0.0001, min_lr: 0.0001
[2023-0727 1709 - INFO] ======================================
[2023-0727 1710 - INFO] epoch: 8/100
[2023-0727 1710 - INFO] learning_rate: 0.0001
[2023-0727 1710 - INFO] train_acc: 72.440%, train_loss: 0.0090
[2023-0727 1710 - INFO] test_acc: 76.548%, test_loss: 0.0085
[2023-0727 1710 - INFO] max_train_acc: 72.440%
[2023-0727 1710 - INFO] max_test_acc: 76.548%
[2023-0727 1710 - INFO] max_lr: 0.0001, min_lr: 0.0001
[2023-0727 1710 - INFO] ======================================
[2023-0727 1711 - INFO] epoch: 9/100
[2023-0727 1711 - INFO] learning_rate: 0.0001
[2023-0727 1711 - INFO] train_acc: 72.675%, train_loss: 0.0089
[2023-0727 1711 - INFO] test_acc: 77.192%, test_loss: 0.0084
[2023-0727 1711 - INFO] max_train_acc: 72.675%
[2023-0727 1711 - INFO] max_test_acc: 77.192%
[2023-0727 1711 - INFO] max_lr: 0.0001, min_lr: 0.0001
[2023-0727 1711 - INFO] ======================================
[2023-0727 1712 - INFO] epoch: 10/100
[2023-0727 1712 - INFO] learning_rate: 0.0001
[2023-0727 1712 - INFO] train_acc: 73.275%, train_loss: 0.0089
[2023-0727 1712 - INFO] test_acc: 77.579%, test_loss: 0.0084
[2023-0727 1712 - INFO] max_train_acc: 73.275%
[2023-0727 1712 - INFO] max_test_acc: 77.579%
[2023-0727 1712 - INFO] max_lr: 0.0001, min_lr: 0.0001
[2023-0727 1712 - INFO] ======================================
[2023-0727 1713 - INFO] epoch: 11/100
[2023-0727 1713 - INFO] learning_rate: 0.0001
[2023-0727 1713 - INFO] train_acc: 73.480%, train_loss: 0.0088
[2023-0727 1713 - INFO] test_acc: 78.141%, test_loss: 0.0083
[2023-0727 1713 - INFO] max_train_acc: 73.480%
[2023-0727 1713 - INFO] max_test_acc: 78.141%
[2023-0727 1713 - INFO] max_lr: 0.0001, min_lr: 0.0001
[2023-0727 1713 - INFO] ======================================
[2023-0727 1714 - INFO] epoch: 12/100
[2023-0727 1714 - INFO] learning_rate: 0.0001
[2023-0727 1714 - INFO] train_acc: 73.639%, train_loss: 0.0088
[2023-0727 1714 - INFO] test_acc: 77.989%, test_loss: 0.0083
[2023-0727 1714 - INFO] max_train_acc: 73.639%
[2023-0727 1714 - INFO] max_test_acc: 78.141%
[2023-0727 1714 - INFO] max_lr: 0.0001, min_lr: 0.0001
[2023-0727 1714 - INFO] ======================================
[2023-0727 1715 - INFO] epoch: 13/100
[2023-0727 1715 - INFO] learning_rate: 0.0001
[2023-0727 1715 - INFO] train_acc: 73.663%, train_loss: 0.0088
[2023-0727 1715 - INFO] test_acc: 78.228%, test_loss: 0.0083
[2023-0727 1715 - INFO] max_train_acc: 73.663%
[2023-0727 1715 - INFO] max_test_acc: 78.228%
[2023-0727 1715 - INFO] max_lr: 0.0001, min_lr: 0.0001
[2023-0727 1715 - INFO] ======================================
[2023-0727 1716 - INFO] epoch: 14/100
[2023-0727 1716 - INFO] learning_rate: 0.0001
[2023-0727 1716 - INFO] train_acc: 74.051%, train_loss: 0.0088
[2023-0727 1716 - INFO] test_acc: 78.511%, test_loss: 0.0082
[2023-0727 1716 - INFO] max_train_acc: 74.051%
[2023-0727 1716 - INFO] max_test_acc: 78.511%
[2023-0727 1716 - INFO] max_lr: 0.0001, min_lr: 0.0001
[2023-0727 1716 - INFO] ======================================
[2023-0727 1717 - INFO] epoch: 15/100
[2023-0727 1717 - INFO] learning_rate: 0.0001
[2023-0727 1717 - INFO] train_acc: 74.403%, train_loss: 0.0087
[2023-0727 1717 - INFO] test_acc: 78.707%, test_loss: 0.0082
[2023-0727 1717 - INFO] max_train_acc: 74.403%
[2023-0727 1717 - INFO] max_test_acc: 78.707%
[2023-0727 1717 - INFO] max_lr: 0.0001, min_lr: 0.0001
[2023-0727 1717 - INFO] ======================================
[2023-0727 1718 - INFO] epoch: 16/100
[2023-0727 1718 - INFO] learning_rate: 0.0001
[2023-0727 1718 - INFO] train_acc: 74.691%, train_loss: 0.0087
[2023-0727 1718 - INFO] test_acc: 79.155%, test_loss: 0.0081
[2023-0727 1718 - INFO] max_train_acc: 74.691%
[2023-0727 1718 - INFO] max_test_acc: 79.155%
[2023-0727 1718 - INFO] max_lr: 0.0001, min_lr: 0.0001
[2023-0727 1718 - INFO] ======================================
[2023-0727 1719 - INFO] epoch: 17/100
[2023-0727 1719 - INFO] learning_rate: 0.0001
[2023-0727 1719 - INFO] train_acc: 74.550%, train_loss: 0.0087
[2023-0727 1719 - INFO] test_acc: 79.168%, test_loss: 0.0081
[2023-0727 1719 - INFO] max_train_acc: 74.691%
[2023-0727 1719 - INFO] max_test_acc: 79.168%
[2023-0727 1719 - INFO] max_lr: 0.0001, min_lr: 0.0001
[2023-0727 1719 - INFO] ======================================
[2023-0727 1720 - INFO] epoch: 18/100
[2023-0727 1720 - INFO] learning_rate: 0.0001
[2023-0727 1720 - INFO] train_acc: 74.515%, train_loss: 0.0087
[2023-0727 1720 - INFO] test_acc: 79.212%, test_loss: 0.0081
[2023-0727 1720 - INFO] max_train_acc: 74.691%
[2023-0727 1720 - INFO] max_test_acc: 79.212%
[2023-0727 1720 - INFO] max_lr: 0.0001, min_lr: 0.0001
[2023-0727 1720 - INFO] ======================================
[2023-0727 1721 - INFO] epoch: 19/100
[2023-0727 1721 - INFO] learning_rate: 0.0001
[2023-0727 1721 - INFO] train_acc: 74.927%, train_loss: 0.0087
[2023-0727 1721 - INFO] test_acc: 78.986%, test_loss: 0.0081
[2023-0727 1721 - INFO] max_train_acc: 74.927%
[2023-0727 1721 - INFO] max_test_acc: 79.212%
[2023-0727 1721 - INFO] max_lr: 0.0001, min_lr: 0.0001
[2023-0727 1721 - INFO] ======================================
[2023-0727 1722 - INFO] epoch: 20/100
[2023-0727 1722 - INFO] learning_rate: 0.0001
[2023-0727 1722 - INFO] train_acc: 74.797%, train_loss: 0.0087
[2023-0727 1722 - INFO] test_acc: 79.460%, test_loss: 0.0081
[2023-0727 1722 - INFO] max_train_acc: 74.927%
[2023-0727 1722 - INFO] max_test_acc: 79.460%
[2023-0727 1722 - INFO] max_lr: 0.0001, min_lr: 0.0001
[2023-0727 1722 - INFO] ======================================
[2023-0727 1723 - INFO] epoch: 21/100
[2023-0727 1723 - INFO] learning_rate: 0.0001
[2023-0727 1723 - INFO] train_acc: 74.762%, train_loss: 0.0086
[2023-0727 1723 - INFO] test_acc: 79.756%, test_loss: 0.0080
[2023-0727 1723 - INFO] max_train_acc: 74.927%
[2023-0727 1723 - INFO] max_test_acc: 79.756%
[2023-0727 1723 - INFO] max_lr: 0.0001, min_lr: 0.0001
[2023-0727 1723 - INFO] ======================================
[2023-0727 1724 - INFO] epoch: 22/100
[2023-0727 1724 - INFO] learning_rate: 0.0001
[2023-0727 1724 - INFO] train_acc: 74.938%, train_loss: 0.0086
[2023-0727 1724 - INFO] test_acc: 79.769%, test_loss: 0.0080
[2023-0727 1724 - INFO] max_train_acc: 74.938%
[2023-0727 1724 - INFO] max_test_acc: 79.769%
[2023-0727 1724 - INFO] max_lr: 0.0001, min_lr: 0.0001
[2023-0727 1724 - INFO] ======================================
[2023-0727 1725 - INFO] epoch: 23/100
[2023-0727 1725 - INFO] learning_rate: 0.0001
[2023-0727 1725 - INFO] train_acc: 75.203%, train_loss: 0.0086
[2023-0727 1725 - INFO] test_acc: 79.094%, test_loss: 0.0081
[2023-0727 1725 - INFO] max_train_acc: 75.203%
[2023-0727 1725 - INFO] max_test_acc: 79.769%
[2023-0727 1725 - INFO] max_lr: 0.0001, min_lr: 0.0001
[2023-0727 1725 - INFO] ======================================
[2023-0727 1726 - INFO] epoch: 24/100
[2023-0727 1726 - INFO] learning_rate: 0.0001
[2023-0727 1726 - INFO] train_acc: 75.103%, train_loss: 0.0086
[2023-0727 1726 - INFO] test_acc: 79.543%, test_loss: 0.0080
[2023-0727 1726 - INFO] max_train_acc: 75.203%
[2023-0727 1726 - INFO] max_test_acc: 79.769%
[2023-0727 1726 - INFO] max_lr: 0.0001, min_lr: 0.0001
[2023-0727 1726 - INFO] ======================================
[2023-0727 1727 - INFO] epoch: 25/100
[2023-0727 1727 - INFO] learning_rate: 0.0001
[2023-0727 1727 - INFO] train_acc: 75.050%, train_loss: 0.0086
[2023-0727 1727 - INFO] test_acc: 79.578%, test_loss: 0.0080
[2023-0727 1727 - INFO] max_train_acc: 75.203%
[2023-0727 1727 - INFO] max_test_acc: 79.769%
[2023-0727 1727 - INFO] max_lr: 0.0001, min_lr: 0.0001
[2023-0727 1727 - INFO] ======================================
[2023-0727 1728 - INFO] epoch: 26/100
[2023-0727 1728 - INFO] learning_rate: 0.0001
[2023-0727 1728 - INFO] train_acc: 74.709%, train_loss: 0.0086
[2023-0727 1728 - INFO] test_acc: 79.943%, test_loss: 0.0079
[2023-0727 1728 - INFO] max_train_acc: 75.203%
[2023-0727 1728 - INFO] max_test_acc: 79.943%
[2023-0727 1728 - INFO] max_lr: 0.0001, min_lr: 0.0001
[2023-0727 1728 - INFO] ======================================
[2023-0727 1729 - INFO] epoch: 27/100
[2023-0727 1729 - INFO] learning_rate: 0.0001
[2023-0727 1729 - INFO] train_acc: 75.209%, train_loss: 0.0086
[2023-0727 1729 - INFO] test_acc: 79.565%, test_loss: 0.0080
[2023-0727 1729 - INFO] max_train_acc: 75.209%
[2023-0727 1729 - INFO] max_test_acc: 79.943%
[2023-0727 1729 - INFO] max_lr: 0.0001, min_lr: 0.0001
[2023-0727 1729 - INFO] ======================================
[2023-0727 1730 - INFO] epoch: 28/100
[2023-0727 1730 - INFO] learning_rate: 0.0001
[2023-0727 1730 - INFO] train_acc: 75.438%, train_loss: 0.0086
[2023-0727 1730 - INFO] test_acc: 79.656%, test_loss: 0.0080
[2023-0727 1730 - INFO] max_train_acc: 75.438%
[2023-0727 1730 - INFO] max_test_acc: 79.943%
[2023-0727 1730 - INFO] max_lr: 0.0001, min_lr: 0.0001
[2023-0727 1730 - INFO] ======================================
[2023-0727 1731 - INFO] epoch: 29/100
[2023-0727 1731 - INFO] learning_rate: 0.0001
[2023-0727 1731 - INFO] train_acc: 75.614%, train_loss: 0.0086
[2023-0727 1731 - INFO] test_acc: 79.234%, test_loss: 0.0080
[2023-0727 1731 - INFO] max_train_acc: 75.614%
[2023-0727 1731 - INFO] max_test_acc: 79.943%
[2023-0727 1731 - INFO] max_lr: 0.0001, min_lr: 0.0001
[2023-0727 1731 - INFO] ======================================
[2023-0727 1732 - INFO] epoch: 30/100
[2023-0727 1732 - INFO] learning_rate: 0.0001
[2023-0727 1732 - INFO] train_acc: 75.479%, train_loss: 0.0086
[2023-0727 1732 - INFO] test_acc: 79.399%, test_loss: 0.0080
[2023-0727 1732 - INFO] max_train_acc: 75.614%
[2023-0727 1732 - INFO] max_test_acc: 79.943%
[2023-0727 1732 - INFO] max_lr: 0.0001, min_lr: 0.0001
[2023-0727 1732 - INFO] ======================================
[2023-0727 1733 - INFO] epoch: 31/100
[2023-0727 1733 - INFO] learning_rate: 0.0001
[2023-0727 1733 - INFO] train_acc: 75.391%, train_loss: 0.0085
[2023-0727 1733 - INFO] test_acc: 79.308%, test_loss: 0.0080
[2023-0727 1733 - INFO] max_train_acc: 75.614%
[2023-0727 1733 - INFO] max_test_acc: 79.943%
[2023-0727 1733 - INFO] max_lr: 0.0001, min_lr: 0.0001
[2023-0727 1733 - INFO] ======================================
[2023-0727 1734 - INFO] epoch: 32/100
[2023-0727 1734 - INFO] learning_rate: 0.0001
[2023-0727 1734 - INFO] train_acc: 75.379%, train_loss: 0.0085
[2023-0727 1734 - INFO] test_acc: 80.379%, test_loss: 0.0078
[2023-0727 1734 - INFO] max_train_acc: 75.614%
[2023-0727 1734 - INFO] max_test_acc: 80.379%
[2023-0727 1734 - INFO] max_lr: 0.0001, min_lr: 0.0001
[2023-0727 1734 - INFO] ======================================
[2023-0727 1735 - INFO] epoch: 33/100
[2023-0727 1735 - INFO] learning_rate: 0.0001
[2023-0727 1735 - INFO] train_acc: 75.262%, train_loss: 0.0085
[2023-0727 1735 - INFO] test_acc: 79.134%, test_loss: 0.0080
[2023-0727 1735 - INFO] max_train_acc: 75.614%
[2023-0727 1735 - INFO] max_test_acc: 80.379%
[2023-0727 1735 - INFO] max_lr: 0.0001, min_lr: 0.0001
[2023-0727 1735 - INFO] ======================================
[2023-0727 1736 - INFO] epoch: 34/100
[2023-0727 1736 - INFO] learning_rate: 0.0001
[2023-0727 1736 - INFO] train_acc: 75.538%, train_loss: 0.0085
[2023-0727 1736 - INFO] test_acc: 79.695%, test_loss: 0.0079
[2023-0727 1736 - INFO] max_train_acc: 75.614%
[2023-0727 1736 - INFO] max_test_acc: 80.379%
[2023-0727 1736 - INFO] max_lr: 0.0001, min_lr: 0.0001
[2023-0727 1736 - INFO] ======================================
[2023-0727 1737 - INFO] epoch: 35/100
[2023-0727 1737 - INFO] learning_rate: 0.0001
[2023-0727 1737 - INFO] train_acc: 75.350%, train_loss: 0.0085
[2023-0727 1737 - INFO] test_acc: 79.595%, test_loss: 0.0079
[2023-0727 1737 - INFO] max_train_acc: 75.614%
[2023-0727 1737 - INFO] max_test_acc: 80.379%
[2023-0727 1737 - INFO] max_lr: 0.0001, min_lr: 0.0001
[2023-0727 1737 - INFO] ======================================
[2023-0727 1738 - INFO] epoch: 36/100
[2023-0727 1738 - INFO] learning_rate: 0.0001
[2023-0727 1738 - INFO] train_acc: 75.456%, train_loss: 0.0085
[2023-0727 1738 - INFO] test_acc: 79.721%, test_loss: 0.0079
[2023-0727 1738 - INFO] max_train_acc: 75.614%
[2023-0727 1738 - INFO] max_test_acc: 80.379%
[2023-0727 1738 - INFO] max_lr: 0.0001, min_lr: 0.0001
[2023-0727 1738 - INFO] ======================================
[2023-0727 1739 - INFO] epoch: 37/100
[2023-0727 1739 - INFO] learning_rate: 0.0001
[2023-0727 1739 - INFO] train_acc: 75.461%, train_loss: 0.0085
[2023-0727 1739 - INFO] test_acc: 79.900%, test_loss: 0.0079
[2023-0727 1739 - INFO] max_train_acc: 75.614%
[2023-0727 1739 - INFO] max_test_acc: 80.379%
[2023-0727 1739 - INFO] max_lr: 0.0001, min_lr: 0.0001
[2023-0727 1739 - INFO] ======================================
[2023-0727 1740 - INFO] epoch: 38/100
[2023-0727 1740 - INFO] learning_rate: 0.0001
[2023-0727 1740 - INFO] train_acc: 75.503%, train_loss: 0.0085
[2023-0727 1740 - INFO] test_acc: 79.795%, test_loss: 0.0079
[2023-0727 1740 - INFO] max_train_acc: 75.614%
[2023-0727 1740 - INFO] max_test_acc: 80.379%
[2023-0727 1740 - INFO] max_lr: 0.0001, min_lr: 0.0001
[2023-0727 1740 - INFO] ======================================
[2023-0727 1741 - INFO] epoch: 39/100
[2023-0727 1741 - INFO] learning_rate: 0.0001
[2023-0727 1741 - INFO] train_acc: 75.526%, train_loss: 0.0085
[2023-0727 1741 - INFO] test_acc: 79.891%, test_loss: 0.0079
[2023-0727 1741 - INFO] max_train_acc: 75.614%
[2023-0727 1741 - INFO] max_test_acc: 80.379%
[2023-0727 1741 - INFO] max_lr: 0.0001, min_lr: 0.0001
[2023-0727 1741 - INFO] ======================================
[2023-0727 1742 - INFO] epoch: 40/100
[2023-0727 1742 - INFO] learning_rate: 0.0001
[2023-0727 1742 - INFO] train_acc: 75.620%, train_loss: 0.0085
[2023-0727 1742 - INFO] test_acc: 78.851%, test_loss: 0.0080
[2023-0727 1742 - INFO] max_train_acc: 75.620%
[2023-0727 1742 - INFO] max_test_acc: 80.379%
[2023-0727 1742 - INFO] max_lr: 0.0001, min_lr: 0.0001
[2023-0727 1742 - INFO] ======================================
[2023-0727 1743 - INFO] epoch: 41/100
[2023-0727 1743 - INFO] learning_rate: 0.0001
[2023-0727 1743 - INFO] train_acc: 75.538%, train_loss: 0.0085
[2023-0727 1743 - INFO] test_acc: 79.277%, test_loss: 0.0080
[2023-0727 1743 - INFO] max_train_acc: 75.620%
[2023-0727 1743 - INFO] max_test_acc: 80.379%
[2023-0727 1743 - INFO] max_lr: 0.0001, min_lr: 0.0001
[2023-0727 1743 - INFO] ======================================
[2023-0727 1744 - INFO] epoch: 42/100
[2023-0727 1744 - INFO] learning_rate: 0.0001
[2023-0727 1744 - INFO] train_acc: 75.509%, train_loss: 0.0085
[2023-0727 1744 - INFO] test_acc: 79.573%, test_loss: 0.0079
[2023-0727 1744 - INFO] max_train_acc: 75.620%
[2023-0727 1744 - INFO] max_test_acc: 80.379%
[2023-0727 1744 - INFO] max_lr: 0.0001, min_lr: 0.0001
[2023-0727 1744 - INFO] ======================================
[2023-0727 1745 - INFO] epoch: 43/100
[2023-0727 1745 - INFO] learning_rate: 0.0001
[2023-0727 1745 - INFO] train_acc: 75.738%, train_loss: 0.0085
[2023-0727 1745 - INFO] test_acc: 79.713%, test_loss: 0.0079
[2023-0727 1745 - INFO] max_train_acc: 75.738%
[2023-0727 1745 - INFO] max_test_acc: 80.379%
[2023-0727 1745 - INFO] max_lr: 0.0001, min_lr: 0.0001
[2023-0727 1745 - INFO] ======================================
[2023-0727 1746 - INFO] epoch: 44/100
[2023-0727 1746 - INFO] learning_rate: 0.0001
[2023-0727 1746 - INFO] train_acc: 75.914%, train_loss: 0.0085
[2023-0727 1746 - INFO] test_acc: 80.379%, test_loss: 0.0078
[2023-0727 1746 - INFO] max_train_acc: 75.914%
[2023-0727 1746 - INFO] max_test_acc: 80.379%
[2023-0727 1746 - INFO] max_lr: 0.0001, min_lr: 0.0001
[2023-0727 1746 - INFO] ======================================
[2023-0727 1747 - INFO] epoch: 45/100
[2023-0727 1747 - INFO] learning_rate: 0.0001
[2023-0727 1747 - INFO] train_acc: 75.838%, train_loss: 0.0085
[2023-0727 1747 - INFO] test_acc: 79.652%, test_loss: 0.0079
[2023-0727 1747 - INFO] max_train_acc: 75.914%
[2023-0727 1747 - INFO] max_test_acc: 80.379%
[2023-0727 1747 - INFO] max_lr: 0.0001, min_lr: 0.0001
[2023-0727 1747 - INFO] ======================================
[2023-0727 1748 - INFO] epoch: 46/100
[2023-0727 1748 - INFO] learning_rate: 0.0001
[2023-0727 1748 - INFO] train_acc: 76.179%, train_loss: 0.0085
[2023-0727 1748 - INFO] test_acc: 80.370%, test_loss: 0.0078
[2023-0727 1748 - INFO] max_train_acc: 76.179%
[2023-0727 1748 - INFO] max_test_acc: 80.379%
[2023-0727 1748 - INFO] max_lr: 0.0001, min_lr: 0.0001
[2023-0727 1748 - INFO] ======================================
[2023-0727 1749 - INFO] epoch: 47/100
[2023-0727 1749 - INFO] learning_rate: 0.0001
[2023-0727 1749 - INFO] train_acc: 75.826%, train_loss: 0.0085
[2023-0727 1749 - INFO] test_acc: 80.235%, test_loss: 0.0078
[2023-0727 1749 - INFO] max_train_acc: 76.179%
[2023-0727 1749 - INFO] max_test_acc: 80.379%
[2023-0727 1749 - INFO] max_lr: 0.0001, min_lr: 0.0001
[2023-0727 1749 - INFO] ======================================
[2023-0727 1750 - INFO] epoch: 48/100
[2023-0727 1750 - INFO] learning_rate: 0.0001
[2023-0727 1750 - INFO] train_acc: 75.867%, train_loss: 0.0085
[2023-0727 1750 - INFO] test_acc: 80.104%, test_loss: 0.0078
[2023-0727 1750 - INFO] max_train_acc: 76.179%
[2023-0727 1750 - INFO] max_test_acc: 80.379%
[2023-0727 1750 - INFO] max_lr: 0.0001, min_lr: 0.0001
[2023-0727 1750 - INFO] ======================================
[2023-0727 1751 - INFO] epoch: 49/100
[2023-0727 1751 - INFO] learning_rate: 0.0001
[2023-0727 1751 - INFO] train_acc: 75.608%, train_loss: 0.0085
[2023-0727 1751 - INFO] test_acc: 79.652%, test_loss: 0.0079
[2023-0727 1751 - INFO] max_train_acc: 76.179%
[2023-0727 1751 - INFO] max_test_acc: 80.379%
[2023-0727 1751 - INFO] max_lr: 0.0001, min_lr: 0.0001
[2023-0727 1751 - INFO] ======================================
[2023-0727 1752 - INFO] epoch: 50/100
[2023-0727 1752 - INFO] learning_rate: 0.0001
[2023-0727 1752 - INFO] train_acc: 75.885%, train_loss: 0.0085
[2023-0727 1752 - INFO] test_acc: 80.009%, test_loss: 0.0078
[2023-0727 1752 - INFO] max_train_acc: 76.179%
[2023-0727 1752 - INFO] max_test_acc: 80.379%
[2023-0727 1752 - INFO] max_lr: 0.0001, min_lr: 0.0001
[2023-0727 1752 - INFO] ======================================
[2023-0727 1753 - INFO] epoch: 51/100
[2023-0727 1753 - INFO] learning_rate: 0.0001
[2023-0727 1753 - INFO] train_acc: 75.908%, train_loss: 0.0085
[2023-0727 1753 - INFO] test_acc: 79.800%, test_loss: 0.0079
[2023-0727 1753 - INFO] max_train_acc: 76.179%
[2023-0727 1753 - INFO] max_test_acc: 80.379%
[2023-0727 1753 - INFO] max_lr: 0.0001, min_lr: 0.0001
[2023-0727 1753 - INFO] ======================================
[2023-0727 1754 - INFO] epoch: 52/100
[2023-0727 1754 - INFO] learning_rate: 0.0001
[2023-0727 1754 - INFO] train_acc: 75.920%, train_loss: 0.0085
[2023-0727 1754 - INFO] test_acc: 79.782%, test_loss: 0.0079
[2023-0727 1754 - INFO] max_train_acc: 76.179%
[2023-0727 1754 - INFO] max_test_acc: 80.379%
[2023-0727 1754 - INFO] max_lr: 0.0001, min_lr: 0.0001
[2023-0727 1754 - INFO] ======================================
[2023-0727 1755 - INFO] epoch: 53/100
[2023-0727 1755 - INFO] learning_rate: 0.0001
[2023-0727 1755 - INFO] train_acc: 75.938%, train_loss: 0.0085
[2023-0727 1755 - INFO] test_acc: 80.605%, test_loss: 0.0078
[2023-0727 1755 - INFO] max_train_acc: 76.179%
[2023-0727 1755 - INFO] max_test_acc: 80.605%
[2023-0727 1755 - INFO] max_lr: 0.0001, min_lr: 0.0001
[2023-0727 1755 - INFO] ======================================
[2023-0727 1756 - INFO] epoch: 54/100
[2023-0727 1756 - INFO] learning_rate: 0.0001
[2023-0727 1756 - INFO] train_acc: 75.520%, train_loss: 0.0085
[2023-0727 1756 - INFO] test_acc: 80.340%, test_loss: 0.0078
[2023-0727 1756 - INFO] max_train_acc: 76.179%
[2023-0727 1756 - INFO] max_test_acc: 80.605%
[2023-0727 1756 - INFO] max_lr: 0.0001, min_lr: 0.0001
[2023-0727 1756 - INFO] ======================================
[2023-0727 1757 - INFO] epoch: 55/100
[2023-0727 1757 - INFO] learning_rate: 0.0001
[2023-0727 1757 - INFO] train_acc: 76.044%, train_loss: 0.0084
[2023-0727 1757 - INFO] test_acc: 79.621%, test_loss: 0.0079
[2023-0727 1757 - INFO] max_train_acc: 76.179%
[2023-0727 1757 - INFO] max_test_acc: 80.605%
[2023-0727 1757 - INFO] max_lr: 0.0001, min_lr: 0.0001
[2023-0727 1757 - INFO] ======================================
[2023-0727 1758 - INFO] epoch: 56/100
[2023-0727 1758 - INFO] learning_rate: 0.0001
[2023-0727 1758 - INFO] train_acc: 76.285%, train_loss: 0.0084
[2023-0727 1758 - INFO] test_acc: 80.549%, test_loss: 0.0078
[2023-0727 1758 - INFO] max_train_acc: 76.285%
[2023-0727 1758 - INFO] max_test_acc: 80.605%
[2023-0727 1758 - INFO] max_lr: 0.0001, min_lr: 0.0001
[2023-0727 1758 - INFO] ======================================
[2023-0727 1759 - INFO] epoch: 57/100
[2023-0727 1759 - INFO] learning_rate: 0.0001
[2023-0727 1759 - INFO] train_acc: 75.614%, train_loss: 0.0085
[2023-0727 1759 - INFO] test_acc: 80.157%, test_loss: 0.0078
[2023-0727 1759 - INFO] max_train_acc: 76.285%
[2023-0727 1759 - INFO] max_test_acc: 80.605%
[2023-0727 1759 - INFO] max_lr: 0.0001, min_lr: 0.0001
[2023-0727 1759 - INFO] ======================================
[2023-0727 1800 - INFO] epoch: 58/100
[2023-0727 1800 - INFO] learning_rate: 0.0001
[2023-0727 1800 - INFO] train_acc: 75.814%, train_loss: 0.0085
[2023-0727 1800 - INFO] test_acc: 79.539%, test_loss: 0.0079
[2023-0727 1800 - INFO] max_train_acc: 76.285%
[2023-0727 1800 - INFO] max_test_acc: 80.605%
[2023-0727 1800 - INFO] max_lr: 0.0001, min_lr: 0.0001
[2023-0727 1800 - INFO] ======================================
[2023-0727 1801 - INFO] epoch: 59/100
[2023-0727 1801 - INFO] learning_rate: 0.0001
[2023-0727 1801 - INFO] train_acc: 75.991%, train_loss: 0.0085
[2023-0727 1801 - INFO] test_acc: 79.922%, test_loss: 0.0078
[2023-0727 1801 - INFO] max_train_acc: 76.285%
[2023-0727 1801 - INFO] max_test_acc: 80.605%
[2023-0727 1801 - INFO] max_lr: 0.0001, min_lr: 0.0001
[2023-0727 1801 - INFO] ======================================
[2023-0727 1802 - INFO] epoch: 60/100
[2023-0727 1802 - INFO] learning_rate: 0.0001
[2023-0727 1802 - INFO] train_acc: 76.114%, train_loss: 0.0084
[2023-0727 1802 - INFO] test_acc: 79.743%, test_loss: 0.0079
[2023-0727 1802 - INFO] max_train_acc: 76.285%
[2023-0727 1802 - INFO] max_test_acc: 80.605%
[2023-0727 1802 - INFO] max_lr: 0.0001, min_lr: 0.0001
[2023-0727 1802 - INFO] ======================================
[2023-0727 1803 - INFO] epoch: 61/100
[2023-0727 1803 - INFO] learning_rate: 0.0001
[2023-0727 1803 - INFO] train_acc: 76.120%, train_loss: 0.0084
[2023-0727 1803 - INFO] test_acc: 79.830%, test_loss: 0.0079
[2023-0727 1803 - INFO] max_train_acc: 76.285%
[2023-0727 1803 - INFO] max_test_acc: 80.605%
[2023-0727 1803 - INFO] max_lr: 0.0001, min_lr: 0.0001
[2023-0727 1803 - INFO] ======================================
[2023-0727 1804 - INFO] epoch: 62/100
[2023-0727 1804 - INFO] learning_rate: 0.0001
[2023-0727 1804 - INFO] train_acc: 75.920%, train_loss: 0.0085
[2023-0727 1804 - INFO] test_acc: 80.535%, test_loss: 0.0078
[2023-0727 1804 - INFO] max_train_acc: 76.285%
[2023-0727 1804 - INFO] max_test_acc: 80.605%
[2023-0727 1804 - INFO] max_lr: 0.0001, min_lr: 0.0001
[2023-0727 1804 - INFO] ======================================
[2023-0727 1805 - INFO] epoch: 63/100
[2023-0727 1805 - INFO] learning_rate: 0.0001
[2023-0727 1805 - INFO] train_acc: 75.755%, train_loss: 0.0085
[2023-0727 1805 - INFO] test_acc: 79.952%, test_loss: 0.0078
[2023-0727 1805 - INFO] max_train_acc: 76.285%
[2023-0727 1805 - INFO] max_test_acc: 80.605%
[2023-0727 1805 - INFO] max_lr: 0.0001, min_lr: 0.0001
[2023-0727 1805 - INFO] ======================================
[2023-0727 1806 - INFO] epoch: 64/100
[2023-0727 1806 - INFO] learning_rate: 0.0001
[2023-0727 1806 - INFO] train_acc: 75.808%, train_loss: 0.0085
[2023-0727 1806 - INFO] test_acc: 79.774%, test_loss: 0.0079
[2023-0727 1806 - INFO] max_train_acc: 76.285%
[2023-0727 1806 - INFO] max_test_acc: 80.605%
[2023-0727 1806 - INFO] max_lr: 0.0001, min_lr: 0.0001
[2023-0727 1806 - INFO] ======================================
[2023-0727 1807 - INFO] epoch: 65/100
[2023-0727 1807 - INFO] learning_rate: 0.0001
[2023-0727 1807 - INFO] train_acc: 76.414%, train_loss: 0.0084
[2023-0727 1807 - INFO] test_acc: 79.260%, test_loss: 0.0079
[2023-0727 1807 - INFO] max_train_acc: 76.414%
[2023-0727 1807 - INFO] max_test_acc: 80.605%
[2023-0727 1807 - INFO] max_lr: 0.0001, min_lr: 0.0001
[2023-0727 1807 - INFO] ======================================
[2023-0727 1808 - INFO] epoch: 66/100
[2023-0727 1808 - INFO] learning_rate: 0.0001
[2023-0727 1808 - INFO] train_acc: 75.838%, train_loss: 0.0084
[2023-0727 1808 - INFO] test_acc: 80.335%, test_loss: 0.0078
[2023-0727 1808 - INFO] max_train_acc: 76.414%
[2023-0727 1808 - INFO] max_test_acc: 80.605%
[2023-0727 1808 - INFO] max_lr: 0.0001, min_lr: 0.0001
[2023-0727 1808 - INFO] ======================================
[2023-0727 1809 - INFO] epoch: 67/100
[2023-0727 1809 - INFO] learning_rate: 0.0001
[2023-0727 1809 - INFO] train_acc: 76.008%, train_loss: 0.0084
[2023-0727 1809 - INFO] test_acc: 79.347%, test_loss: 0.0079
[2023-0727 1809 - INFO] max_train_acc: 76.414%
[2023-0727 1809 - INFO] max_test_acc: 80.605%
[2023-0727 1809 - INFO] max_lr: 0.0001, min_lr: 0.0001
[2023-0727 1809 - INFO] ======================================
[2023-0727 1810 - INFO] epoch: 68/100
[2023-0727 1810 - INFO] learning_rate: 0.0001
[2023-0727 1810 - INFO] train_acc: 76.161%, train_loss: 0.0084
[2023-0727 1810 - INFO] test_acc: 79.273%, test_loss: 0.0079
[2023-0727 1810 - INFO] max_train_acc: 76.414%
[2023-0727 1810 - INFO] max_test_acc: 80.605%
[2023-0727 1810 - INFO] max_lr: 0.0001, min_lr: 0.0001
[2023-0727 1810 - INFO] ======================================
[2023-0727 1811 - INFO] epoch: 69/100
[2023-0727 1811 - INFO] learning_rate: 0.0001
[2023-0727 1811 - INFO] train_acc: 76.055%, train_loss: 0.0084
[2023-0727 1811 - INFO] test_acc: 79.225%, test_loss: 0.0079
[2023-0727 1811 - INFO] max_train_acc: 76.414%
[2023-0727 1811 - INFO] max_test_acc: 80.605%
[2023-0727 1811 - INFO] max_lr: 0.0001, min_lr: 0.0001
[2023-0727 1811 - INFO] ======================================
[2023-0727 1812 - INFO] epoch: 70/100
[2023-0727 1812 - INFO] learning_rate: 0.0001
[2023-0727 1812 - INFO] train_acc: 76.102%, train_loss: 0.0084
[2023-0727 1812 - INFO] test_acc: 79.556%, test_loss: 0.0079
[2023-0727 1812 - INFO] max_train_acc: 76.414%
[2023-0727 1812 - INFO] max_test_acc: 80.605%
[2023-0727 1812 - INFO] max_lr: 0.0001, min_lr: 0.0001
[2023-0727 1812 - INFO] ======================================
[2023-0727 1813 - INFO] epoch: 71/100
[2023-0727 1813 - INFO] learning_rate: 0.0001
[2023-0727 1813 - INFO] train_acc: 76.531%, train_loss: 0.0084
[2023-0727 1813 - INFO] test_acc: 79.138%, test_loss: 0.0079
[2023-0727 1813 - INFO] max_train_acc: 76.531%
[2023-0727 1813 - INFO] max_test_acc: 80.605%
[2023-0727 1813 - INFO] max_lr: 0.0001, min_lr: 0.0001
[2023-0727 1813 - INFO] ======================================
[2023-0727 1814 - INFO] epoch: 72/100
[2023-0727 1814 - INFO] learning_rate: 0.0001
[2023-0727 1814 - INFO] train_acc: 75.985%, train_loss: 0.0084
[2023-0727 1814 - INFO] test_acc: 79.856%, test_loss: 0.0078
[2023-0727 1814 - INFO] max_train_acc: 76.531%
[2023-0727 1814 - INFO] max_test_acc: 80.605%
[2023-0727 1814 - INFO] max_lr: 0.0001, min_lr: 0.0001
[2023-0727 1814 - INFO] ======================================
[2023-0727 1815 - INFO] epoch: 73/100
[2023-0727 1815 - INFO] learning_rate: 0.0001
[2023-0727 1815 - INFO] train_acc: 76.261%, train_loss: 0.0084
[2023-0727 1815 - INFO] test_acc: 79.665%, test_loss: 0.0079
[2023-0727 1815 - INFO] max_train_acc: 76.531%
[2023-0727 1815 - INFO] max_test_acc: 80.605%
[2023-0727 1815 - INFO] max_lr: 0.0001, min_lr: 0.0001
[2023-0727 1815 - INFO] ======================================
[2023-0727 1816 - INFO] epoch: 74/100
[2023-0727 1816 - INFO] learning_rate: 0.0001
[2023-0727 1816 - INFO] train_acc: 76.161%, train_loss: 0.0084
[2023-0727 1816 - INFO] test_acc: 80.061%, test_loss: 0.0078
[2023-0727 1816 - INFO] max_train_acc: 76.531%
[2023-0727 1816 - INFO] max_test_acc: 80.605%
[2023-0727 1816 - INFO] max_lr: 0.0001, min_lr: 0.0001
[2023-0727 1816 - INFO] ======================================
[2023-0727 1817 - INFO] epoch: 75/100
[2023-0727 1817 - INFO] learning_rate: 0.0001
[2023-0727 1817 - INFO] train_acc: 76.326%, train_loss: 0.0084
[2023-0727 1817 - INFO] test_acc: 80.209%, test_loss: 0.0078
[2023-0727 1817 - INFO] max_train_acc: 76.531%
[2023-0727 1817 - INFO] max_test_acc: 80.605%
[2023-0727 1817 - INFO] max_lr: 0.0001, min_lr: 0.0001
[2023-0727 1817 - INFO] ======================================
[2023-0727 1818 - INFO] epoch: 76/100
[2023-0727 1818 - INFO] learning_rate: 0.0001
[2023-0727 1818 - INFO] train_acc: 76.226%, train_loss: 0.0084
[2023-0727 1818 - INFO] test_acc: 79.769%, test_loss: 0.0078
[2023-0727 1818 - INFO] max_train_acc: 76.531%
[2023-0727 1818 - INFO] max_test_acc: 80.605%
[2023-0727 1818 - INFO] max_lr: 0.0001, min_lr: 0.0001
[2023-0727 1818 - INFO] ======================================
[2023-0727 1819 - INFO] epoch: 77/100
[2023-0727 1819 - INFO] learning_rate: 0.0001
[2023-0727 1819 - INFO] train_acc: 76.096%, train_loss: 0.0084
[2023-0727 1819 - INFO] test_acc: 80.653%, test_loss: 0.0077
[2023-0727 1819 - INFO] max_train_acc: 76.531%
[2023-0727 1819 - INFO] max_test_acc: 80.653%
[2023-0727 1819 - INFO] max_lr: 0.0001, min_lr: 0.0001
[2023-0727 1819 - INFO] ======================================
[2023-0727 1820 - INFO] epoch: 78/100
[2023-0727 1820 - INFO] learning_rate: 0.0001
[2023-0727 1820 - INFO] train_acc: 76.008%, train_loss: 0.0084
[2023-0727 1820 - INFO] test_acc: 80.401%, test_loss: 0.0078
[2023-0727 1820 - INFO] max_train_acc: 76.531%
[2023-0727 1820 - INFO] max_test_acc: 80.653%
[2023-0727 1820 - INFO] max_lr: 0.0001, min_lr: 0.0001
[2023-0727 1820 - INFO] ======================================
[2023-0727 1821 - INFO] epoch: 79/100
[2023-0727 1821 - INFO] learning_rate: 0.0001
[2023-0727 1821 - INFO] train_acc: 75.973%, train_loss: 0.0084
[2023-0727 1821 - INFO] test_acc: 80.226%, test_loss: 0.0078
[2023-0727 1821 - INFO] max_train_acc: 76.531%
[2023-0727 1821 - INFO] max_test_acc: 80.653%
[2023-0727 1821 - INFO] max_lr: 0.0001, min_lr: 0.0001
[2023-0727 1821 - INFO] ======================================
[2023-0727 1822 - INFO] epoch: 80/100
[2023-0727 1822 - INFO] learning_rate: 0.0001
[2023-0727 1822 - INFO] train_acc: 76.214%, train_loss: 0.0084
[2023-0727 1822 - INFO] test_acc: 80.283%, test_loss: 0.0078
[2023-0727 1822 - INFO] max_train_acc: 76.531%
[2023-0727 1822 - INFO] max_test_acc: 80.653%
[2023-0727 1822 - INFO] max_lr: 0.0001, min_lr: 0.0001
[2023-0727 1822 - INFO] ======================================
[2023-0727 1823 - INFO] epoch: 81/100
[2023-0727 1823 - INFO] learning_rate: 0.0001
[2023-0727 1823 - INFO] train_acc: 76.020%, train_loss: 0.0084
[2023-0727 1823 - INFO] test_acc: 80.292%, test_loss: 0.0078
[2023-0727 1823 - INFO] max_train_acc: 76.531%
[2023-0727 1823 - INFO] max_test_acc: 80.653%
[2023-0727 1823 - INFO] max_lr: 0.0001, min_lr: 0.0001
[2023-0727 1823 - INFO] ======================================
[2023-0727 1824 - INFO] epoch: 82/100
[2023-0727 1824 - INFO] learning_rate: 0.0001
[2023-0727 1824 - INFO] train_acc: 75.996%, train_loss: 0.0084
[2023-0727 1824 - INFO] test_acc: 80.379%, test_loss: 0.0078
[2023-0727 1824 - INFO] max_train_acc: 76.531%
[2023-0727 1824 - INFO] max_test_acc: 80.653%
[2023-0727 1824 - INFO] max_lr: 0.0001, min_lr: 0.0001
[2023-0727 1824 - INFO] ======================================
[2023-0727 1825 - INFO] epoch: 83/100
[2023-0727 1825 - INFO] learning_rate: 0.0001
[2023-0727 1825 - INFO] train_acc: 76.055%, train_loss: 0.0084
[2023-0727 1825 - INFO] test_acc: 79.399%, test_loss: 0.0079
[2023-0727 1825 - INFO] max_train_acc: 76.531%
[2023-0727 1825 - INFO] max_test_acc: 80.653%
[2023-0727 1825 - INFO] max_lr: 0.0001, min_lr: 0.0001
[2023-0727 1825 - INFO] ======================================
[2023-0727 1826 - INFO] epoch: 84/100
[2023-0727 1826 - INFO] learning_rate: 0.0001
[2023-0727 1826 - INFO] train_acc: 75.908%, train_loss: 0.0084
[2023-0727 1826 - INFO] test_acc: 80.030%, test_loss: 0.0078
[2023-0727 1826 - INFO] max_train_acc: 76.531%
[2023-0727 1826 - INFO] max_test_acc: 80.653%
[2023-0727 1826 - INFO] max_lr: 0.0001, min_lr: 0.0001
[2023-0727 1826 - INFO] ======================================
[2023-0727 1827 - INFO] epoch: 85/100
[2023-0727 1827 - INFO] learning_rate: 0.0001
[2023-0727 1827 - INFO] train_acc: 76.314%, train_loss: 0.0084
[2023-0727 1827 - INFO] test_acc: 80.771%, test_loss: 0.0077
[2023-0727 1827 - INFO] max_train_acc: 76.531%
[2023-0727 1827 - INFO] max_test_acc: 80.771%
[2023-0727 1827 - INFO] max_lr: 0.0001, min_lr: 0.0001
[2023-0727 1827 - INFO] ======================================
[2023-0727 1828 - INFO] epoch: 86/100
[2023-0727 1828 - INFO] learning_rate: 0.0001
[2023-0727 1828 - INFO] train_acc: 76.014%, train_loss: 0.0084
[2023-0727 1828 - INFO] test_acc: 80.144%, test_loss: 0.0078
[2023-0727 1828 - INFO] max_train_acc: 76.531%
[2023-0727 1828 - INFO] max_test_acc: 80.771%
[2023-0727 1828 - INFO] max_lr: 0.0001, min_lr: 0.0001
[2023-0727 1828 - INFO] ======================================
[2023-0727 1829 - INFO] epoch: 87/100
[2023-0727 1829 - INFO] learning_rate: 0.0001
[2023-0727 1829 - INFO] train_acc: 76.320%, train_loss: 0.0084
[2023-0727 1829 - INFO] test_acc: 80.231%, test_loss: 0.0078
[2023-0727 1829 - INFO] max_train_acc: 76.531%
[2023-0727 1829 - INFO] max_test_acc: 80.771%
[2023-0727 1829 - INFO] max_lr: 0.0001, min_lr: 0.0001
[2023-0727 1829 - INFO] ======================================
[2023-0727 1830 - INFO] epoch: 88/100
[2023-0727 1830 - INFO] learning_rate: 0.0001
[2023-0727 1830 - INFO] train_acc: 76.314%, train_loss: 0.0084
[2023-0727 1830 - INFO] test_acc: 79.599%, test_loss: 0.0079
[2023-0727 1830 - INFO] max_train_acc: 76.531%
[2023-0727 1830 - INFO] max_test_acc: 80.771%
[2023-0727 1830 - INFO] max_lr: 0.0001, min_lr: 0.0001
[2023-0727 1830 - INFO] ======================================
[2023-0727 1831 - INFO] epoch: 89/100
[2023-0727 1831 - INFO] learning_rate: 0.0001
[2023-0727 1831 - INFO] train_acc: 76.173%, train_loss: 0.0084
[2023-0727 1831 - INFO] test_acc: 80.653%, test_loss: 0.0077
[2023-0727 1831 - INFO] max_train_acc: 76.531%
[2023-0727 1831 - INFO] max_test_acc: 80.771%
[2023-0727 1831 - INFO] max_lr: 0.0001, min_lr: 0.0001
[2023-0727 1831 - INFO] ======================================
[2023-0727 1832 - INFO] epoch: 90/100
[2023-0727 1832 - INFO] learning_rate: 0.0001
[2023-0727 1832 - INFO] train_acc: 76.384%, train_loss: 0.0084
[2023-0727 1832 - INFO] test_acc: 79.896%, test_loss: 0.0078
[2023-0727 1832 - INFO] max_train_acc: 76.531%
[2023-0727 1832 - INFO] max_test_acc: 80.771%
[2023-0727 1832 - INFO] max_lr: 0.0001, min_lr: 0.0001
[2023-0727 1832 - INFO] ======================================
[2023-0727 1833 - INFO] epoch: 91/100
[2023-0727 1833 - INFO] learning_rate: 0.0001
[2023-0727 1833 - INFO] train_acc: 76.302%, train_loss: 0.0084
[2023-0727 1833 - INFO] test_acc: 80.313%, test_loss: 0.0078
[2023-0727 1833 - INFO] max_train_acc: 76.531%
[2023-0727 1833 - INFO] max_test_acc: 80.771%
[2023-0727 1833 - INFO] max_lr: 0.0001, min_lr: 0.0001
[2023-0727 1833 - INFO] ======================================
[2023-0727 1834 - INFO] epoch: 92/100
[2023-0727 1834 - INFO] learning_rate: 0.0001
[2023-0727 1834 - INFO] train_acc: 76.249%, train_loss: 0.0084
[2023-0727 1834 - INFO] test_acc: 80.670%, test_loss: 0.0077
[2023-0727 1834 - INFO] max_train_acc: 76.531%
[2023-0727 1834 - INFO] max_test_acc: 80.771%
[2023-0727 1834 - INFO] max_lr: 0.0001, min_lr: 0.0001
[2023-0727 1834 - INFO] ======================================
[2023-0727 1835 - INFO] epoch: 93/100
[2023-0727 1835 - INFO] learning_rate: 0.0001
[2023-0727 1835 - INFO] train_acc: 76.249%, train_loss: 0.0084
[2023-0727 1835 - INFO] test_acc: 80.091%, test_loss: 0.0078
[2023-0727 1835 - INFO] max_train_acc: 76.531%
[2023-0727 1835 - INFO] max_test_acc: 80.771%
[2023-0727 1835 - INFO] max_lr: 0.0001, min_lr: 0.0001
[2023-0727 1835 - INFO] ======================================
[2023-0727 1836 - INFO] epoch: 94/100
[2023-0727 1836 - INFO] learning_rate: 0.0001
[2023-0727 1836 - INFO] train_acc: 76.085%, train_loss: 0.0084
[2023-0727 1836 - INFO] test_acc: 80.718%, test_loss: 0.0077
[2023-0727 1836 - INFO] max_train_acc: 76.531%
[2023-0727 1836 - INFO] max_test_acc: 80.771%
[2023-0727 1836 - INFO] max_lr: 0.0001, min_lr: 0.0001
[2023-0727 1836 - INFO] ======================================
[2023-0727 1837 - INFO] epoch: 95/100
[2023-0727 1837 - INFO] learning_rate: 0.0001
[2023-0727 1837 - INFO] train_acc: 75.979%, train_loss: 0.0084
[2023-0727 1837 - INFO] test_acc: 79.795%, test_loss: 0.0078
[2023-0727 1837 - INFO] max_train_acc: 76.531%
[2023-0727 1837 - INFO] max_test_acc: 80.771%
[2023-0727 1837 - INFO] max_lr: 0.0001, min_lr: 0.0001
[2023-0727 1837 - INFO] ======================================
[2023-0727 1838 - INFO] epoch: 96/100
[2023-0727 1838 - INFO] learning_rate: 0.0001
[2023-0727 1838 - INFO] train_acc: 76.408%, train_loss: 0.0084
[2023-0727 1838 - INFO] test_acc: 79.634%, test_loss: 0.0079
[2023-0727 1838 - INFO] max_train_acc: 76.531%
[2023-0727 1838 - INFO] max_test_acc: 80.771%
[2023-0727 1838 - INFO] max_lr: 0.0001, min_lr: 0.0001
[2023-0727 1838 - INFO] ======================================
[2023-0727 1839 - INFO] epoch: 97/100
[2023-0727 1839 - INFO] learning_rate: 0.0001
[2023-0727 1839 - INFO] train_acc: 76.290%, train_loss: 0.0084
[2023-0727 1839 - INFO] test_acc: 80.509%, test_loss: 0.0077
[2023-0727 1839 - INFO] max_train_acc: 76.531%
[2023-0727 1839 - INFO] max_test_acc: 80.771%
[2023-0727 1839 - INFO] max_lr: 0.0001, min_lr: 0.0001
[2023-0727 1839 - INFO] ======================================
[2023-0727 1840 - INFO] epoch: 98/100
[2023-0727 1840 - INFO] learning_rate: 0.0001
[2023-0727 1840 - INFO] train_acc: 76.326%, train_loss: 0.0084
[2023-0727 1840 - INFO] test_acc: 80.740%, test_loss: 0.0077
[2023-0727 1840 - INFO] max_train_acc: 76.531%
[2023-0727 1840 - INFO] max_test_acc: 80.771%
[2023-0727 1840 - INFO] max_lr: 0.0001, min_lr: 0.0001
[2023-0727 1840 - INFO] ======================================
[2023-0727 1841 - INFO] epoch: 99/100
[2023-0727 1841 - INFO] learning_rate: 0.0001
[2023-0727 1841 - INFO] train_acc: 76.408%, train_loss: 0.0084
[2023-0727 1841 - INFO] test_acc: 79.447%, test_loss: 0.0079
[2023-0727 1841 - INFO] max_train_acc: 76.531%
[2023-0727 1841 - INFO] max_test_acc: 80.771%
[2023-0727 1841 - INFO] max_lr: 0.0001, min_lr: 0.0001
[2023-0727 1841 - INFO] ======================================
[2023-0727 1842 - INFO] epoch: 100/100
[2023-0727 1842 - INFO] learning_rate: 0.0001
[2023-0727 1842 - INFO] train_acc: 76.267%, train_loss: 0.0084
[2023-0727 1842 - INFO] test_acc: 79.743%, test_loss: 0.0078
[2023-0727 1842 - INFO] max_train_acc: 76.531%
[2023-0727 1842 - INFO] max_test_acc: 80.771%
[2023-0727 1842 - INFO] max_lr: 0.0001, min_lr: 0.0001
[2023-0727 1842 - INFO] ======================================
