[2023-21-07 08:22:13 - INFO:] ======================================
[2023-21-07 08:24:39 - INFO:] epoch: 294/500
[2023-21-07 08:24:39 - INFO:] train_loss: 0.393
[2023-21-07 08:24:39 - INFO:] test_acc: 91.402%, test_loss: 0.001[2023-21-07 08:24:39 - INFO:] ======================================
[2023-21-07 08:27:05 - INFO:] epoch: 295/500
[2023-21-07 08:27:05 - INFO:] train_loss: 0.379
[2023-21-07 08:27:05 - INFO:] test_acc: 91.411%, test_loss: 0.001[2023-21-07 08:27:05 - INFO:] ======================================
[2023-21-07 08:29:30 - INFO:] epoch: 296/500
[2023-21-07 08:29:30 - INFO:] train_loss: 0.384
[2023-21-07 08:29:30 - INFO:] test_acc: 91.476%, test_loss: 0.001[2023-21-07 08:29:30 - INFO:] ======================================
[2023-21-07 08:31:56 - INFO:] epoch: 297/500
[2023-21-07 08:31:56 - INFO:] train_loss: 0.399
[2023-21-07 08:31:56 - INFO:] test_acc: 91.498%, test_loss: 0.001[2023-21-07 08:31:56 - INFO:] ======================================
[2023-21-07 08:34:22 - INFO:] epoch: 298/500
[2023-21-07 08:34:22 - INFO:] train_loss: 0.409
[2023-21-07 08:34:22 - INFO:] test_acc: 91.393%, test_loss: 0.001[2023-21-07 08:34:22 - INFO:] ======================================
[2023-21-07 08:36:47 - INFO:] epoch: 299/500
[2023-21-07 08:36:47 - INFO:] train_loss: 0.393
[2023-21-07 08:36:47 - INFO:] test_acc: 91.471%, test_loss: 0.001[2023-21-07 08:36:47 - INFO:] ======================================
[2023-21-07 08:39:13 - INFO:] epoch: 300/500
[2023-21-07 08:39:13 - INFO:] train_loss: 0.392
[2023-21-07 08:39:13 - INFO:] test_acc: 91.306%, test_loss: 0.001[2023-21-07 08:39:13 - INFO:] ======================================
[2023-21-07 08:41:39 - INFO:] epoch: 301/500
[2023-21-07 08:41:39 - INFO:] train_loss: 0.419
[2023-21-07 08:41:39 - INFO:] test_acc: 91.441%, test_loss: 0.001[2023-21-07 08:41:39 - INFO:] ======================================
[2023-21-07 08:44:05 - INFO:] epoch: 302/500
[2023-21-07 08:44:05 - INFO:] train_loss: 0.404
[2023-21-07 08:44:05 - INFO:] test_acc: 91.445%, test_loss: 0.001[2023-21-07 08:44:05 - INFO:] ======================================
[2023-21-07 08:46:31 - INFO:] epoch: 303/500
[2023-21-07 08:46:31 - INFO:] train_loss: 0.404
[2023-21-07 08:46:31 - INFO:] test_acc: 91.345%, test_loss: 0.001[2023-21-07 08:46:31 - INFO:] ======================================
[2023-21-07 08:48:57 - INFO:] epoch: 304/500
[2023-21-07 08:48:57 - INFO:] train_loss: 0.396
[2023-21-07 08:48:57 - INFO:] test_acc: 91.354%, test_loss: 0.001[2023-21-07 08:48:57 - INFO:] ======================================
[2023-21-07 08:51:22 - INFO:] epoch: 305/500
[2023-21-07 08:51:22 - INFO:] train_loss: 0.385
[2023-21-07 08:51:22 - INFO:] test_acc: 91.441%, test_loss: 0.001[2023-21-07 08:51:22 - INFO:] ======================================
[2023-21-07 08:53:48 - INFO:] epoch: 306/500
[2023-21-07 08:53:48 - INFO:] train_loss: 0.402
[2023-21-07 08:53:48 - INFO:] test_acc: 91.415%, test_loss: 0.001[2023-21-07 08:53:48 - INFO:] ======================================
[2023-21-07 08:56:14 - INFO:] epoch: 307/500
[2023-21-07 08:56:14 - INFO:] train_loss: 0.386
[2023-21-07 08:56:14 - INFO:] test_acc: 91.432%, test_loss: 0.001[2023-21-07 08:56:14 - INFO:] ======================================
[2023-21-07 08:58:40 - INFO:] epoch: 308/500
[2023-21-07 08:58:40 - INFO:] train_loss: 0.367
[2023-21-07 08:58:40 - INFO:] test_acc: 91.415%, test_loss: 0.001[2023-21-07 08:58:40 - INFO:] ======================================
[2023-21-07 09:01:05 - INFO:] epoch: 309/500
[2023-21-07 09:01:05 - INFO:] train_loss: 0.391
[2023-21-07 09:01:05 - INFO:] test_acc: 91.424%, test_loss: 0.001[2023-21-07 09:01:05 - INFO:] ======================================
[2023-21-07 09:03:31 - INFO:] epoch: 310/500
[2023-21-07 09:03:31 - INFO:] train_loss: 0.414
[2023-21-07 09:03:31 - INFO:] test_acc: 91.428%, test_loss: 0.001[2023-21-07 09:03:31 - INFO:] ======================================
[2023-21-07 09:05:57 - INFO:] epoch: 311/500
[2023-21-07 09:05:57 - INFO:] train_loss: 0.392
[2023-21-07 09:05:57 - INFO:] test_acc: 91.454%, test_loss: 0.001[2023-21-07 09:05:57 - INFO:] ======================================
[2023-21-07 09:08:23 - INFO:] epoch: 312/500
[2023-21-07 09:08:23 - INFO:] train_loss: 0.390
[2023-21-07 09:08:23 - INFO:] test_acc: 91.406%, test_loss: 0.001[2023-21-07 09:08:23 - INFO:] ======================================
[2023-21-07 09:10:48 - INFO:] epoch: 313/500
[2023-21-07 09:10:48 - INFO:] train_loss: 0.395
[2023-21-07 09:10:48 - INFO:] test_acc: 91.424%, test_loss: 0.001[2023-21-07 09:10:48 - INFO:] ======================================
[2023-21-07 09:13:14 - INFO:] epoch: 314/500
[2023-21-07 09:13:14 - INFO:] train_loss: 0.367
[2023-21-07 09:13:14 - INFO:] test_acc: 91.441%, test_loss: 0.001[2023-21-07 09:13:14 - INFO:] ======================================
[2023-21-07 09:15:40 - INFO:] epoch: 315/500
[2023-21-07 09:15:40 - INFO:] train_loss: 0.373
[2023-21-07 09:15:40 - INFO:] test_acc: 91.380%, test_loss: 0.001[2023-21-07 09:15:40 - INFO:] ======================================
[2023-21-07 09:18:06 - INFO:] epoch: 316/500
[2023-21-07 09:18:06 - INFO:] train_loss: 0.385
[2023-21-07 09:18:06 - INFO:] test_acc: 91.310%, test_loss: 0.001[2023-21-07 09:18:06 - INFO:] ======================================
[2023-21-07 09:20:32 - INFO:] epoch: 317/500
[2023-21-07 09:20:32 - INFO:] train_loss: 0.393
[2023-21-07 09:20:32 - INFO:] test_acc: 91.332%, test_loss: 0.001[2023-21-07 09:20:32 - INFO:] ======================================
[2023-21-07 09:22:57 - INFO:] epoch: 318/500
[2023-21-07 09:22:57 - INFO:] train_loss: 0.371
[2023-21-07 09:22:57 - INFO:] test_acc: 91.384%, test_loss: 0.001[2023-21-07 09:22:57 - INFO:] ======================================
[2023-21-07 09:25:23 - INFO:] epoch: 319/500
[2023-21-07 09:25:23 - INFO:] train_loss: 0.375
[2023-21-07 09:25:23 - INFO:] test_acc: 91.337%, test_loss: 0.001[2023-21-07 09:25:23 - INFO:] ======================================
[2023-21-07 09:27:49 - INFO:] epoch: 320/500
[2023-21-07 09:27:49 - INFO:] train_loss: 0.399
[2023-21-07 09:27:49 - INFO:] test_acc: 91.502%, test_loss: 0.001[2023-21-07 09:27:49 - INFO:] ======================================
[2023-21-07 09:30:15 - INFO:] epoch: 321/500
[2023-21-07 09:30:15 - INFO:] train_loss: 0.413
[2023-21-07 09:30:15 - INFO:] test_acc: 91.389%, test_loss: 0.001[2023-21-07 09:30:15 - INFO:] ======================================
[2023-21-07 09:32:41 - INFO:] epoch: 322/500
[2023-21-07 09:32:41 - INFO:] train_loss: 0.406
[2023-21-07 09:32:41 - INFO:] test_acc: 91.554%, test_loss: 0.001[2023-21-07 09:32:41 - INFO:] ======================================
[2023-21-07 09:35:07 - INFO:] epoch: 323/500
[2023-21-07 09:35:07 - INFO:] train_loss: 0.412
[2023-21-07 09:35:07 - INFO:] test_acc: 91.358%, test_loss: 0.001[2023-21-07 09:35:07 - INFO:] ======================================
[2023-21-07 09:37:33 - INFO:] epoch: 324/500
[2023-21-07 09:37:33 - INFO:] train_loss: 0.408
[2023-21-07 09:37:33 - INFO:] test_acc: 91.506%, test_loss: 0.001[2023-21-07 09:37:33 - INFO:] ======================================
[2023-21-07 09:39:58 - INFO:] epoch: 325/500
[2023-21-07 09:39:58 - INFO:] train_loss: 0.392
[2023-21-07 09:39:58 - INFO:] test_acc: 91.463%, test_loss: 0.001[2023-21-07 09:39:58 - INFO:] ======================================
[2023-21-07 09:42:24 - INFO:] epoch: 326/500
[2023-21-07 09:42:24 - INFO:] train_loss: 0.397
[2023-21-07 09:42:24 - INFO:] test_acc: 91.384%, test_loss: 0.001[2023-21-07 09:42:24 - INFO:] ======================================
[2023-21-07 09:44:50 - INFO:] epoch: 327/500
[2023-21-07 09:44:50 - INFO:] train_loss: 0.403
[2023-21-07 09:44:50 - INFO:] test_acc: 91.480%, test_loss: 0.001[2023-21-07 09:44:50 - INFO:] ======================================
[2023-21-07 09:47:16 - INFO:] epoch: 328/500
[2023-21-07 09:47:16 - INFO:] train_loss: 0.399
[2023-21-07 09:47:16 - INFO:] test_acc: 91.485%, test_loss: 0.001[2023-21-07 09:47:16 - INFO:] ======================================
[2023-21-07 09:49:42 - INFO:] epoch: 329/500
[2023-21-07 09:49:42 - INFO:] train_loss: 0.396
[2023-21-07 09:49:42 - INFO:] test_acc: 91.441%, test_loss: 0.001[2023-21-07 09:49:42 - INFO:] ======================================
[2023-21-07 09:52:08 - INFO:] epoch: 330/500
[2023-21-07 09:52:08 - INFO:] train_loss: 0.409
[2023-21-07 09:52:08 - INFO:] test_acc: 91.432%, test_loss: 0.001[2023-21-07 09:52:08 - INFO:] ======================================
[2023-21-07 09:54:34 - INFO:] epoch: 331/500
[2023-21-07 09:54:34 - INFO:] train_loss: 0.397
[2023-21-07 09:54:34 - INFO:] test_acc: 91.454%, test_loss: 0.001[2023-21-07 09:54:34 - INFO:] ======================================
[2023-21-07 09:57:00 - INFO:] epoch: 332/500
[2023-21-07 09:57:00 - INFO:] train_loss: 0.396
[2023-21-07 09:57:00 - INFO:] test_acc: 91.441%, test_loss: 0.001[2023-21-07 09:57:00 - INFO:] ======================================
[2023-21-07 09:59:26 - INFO:] epoch: 333/500
[2023-21-07 09:59:26 - INFO:] train_loss: 0.407
[2023-21-07 09:59:26 - INFO:] test_acc: 91.467%, test_loss: 0.001[2023-21-07 09:59:26 - INFO:] ======================================
[2023-21-07 10:01:52 - INFO:] epoch: 334/500
[2023-21-07 10:01:52 - INFO:] train_loss: 0.373
[2023-21-07 10:01:52 - INFO:] test_acc: 91.419%, test_loss: 0.001[2023-21-07 10:01:52 - INFO:] ======================================
[2023-21-07 10:04:18 - INFO:] epoch: 335/500
[2023-21-07 10:04:18 - INFO:] train_loss: 0.389
[2023-21-07 10:04:18 - INFO:] test_acc: 91.450%, test_loss: 0.001[2023-21-07 10:04:18 - INFO:] ======================================
[2023-21-07 10:06:44 - INFO:] epoch: 336/500
[2023-21-07 10:06:44 - INFO:] train_loss: 0.413
[2023-21-07 10:06:44 - INFO:] test_acc: 91.515%, test_loss: 0.001[2023-21-07 10:06:44 - INFO:] ======================================
[2023-21-07 10:09:09 - INFO:] epoch: 337/500
[2023-21-07 10:09:09 - INFO:] train_loss: 0.396
[2023-21-07 10:09:09 - INFO:] test_acc: 91.463%, test_loss: 0.001[2023-21-07 10:09:09 - INFO:] ======================================
[2023-21-07 10:11:35 - INFO:] epoch: 338/500
[2023-21-07 10:11:35 - INFO:] train_loss: 0.394
[2023-21-07 10:11:35 - INFO:] test_acc: 91.450%, test_loss: 0.001[2023-21-07 10:11:35 - INFO:] ======================================
[2023-21-07 10:14:02 - INFO:] epoch: 339/500
[2023-21-07 10:14:02 - INFO:] train_loss: 0.393
[2023-21-07 10:14:02 - INFO:] test_acc: 91.471%, test_loss: 0.001[2023-21-07 10:14:02 - INFO:] ======================================
[2023-21-07 10:16:28 - INFO:] epoch: 340/500
[2023-21-07 10:16:28 - INFO:] train_loss: 0.382
[2023-21-07 10:16:28 - INFO:] test_acc: 91.463%, test_loss: 0.001[2023-21-07 10:16:28 - INFO:] ======================================
[2023-21-07 10:18:54 - INFO:] epoch: 341/500
[2023-21-07 10:18:54 - INFO:] train_loss: 0.398
[2023-21-07 10:18:54 - INFO:] test_acc: 91.524%, test_loss: 0.001[2023-21-07 10:18:54 - INFO:] ======================================
[2023-21-07 10:21:20 - INFO:] epoch: 342/500
[2023-21-07 10:21:20 - INFO:] train_loss: 0.377
[2023-21-07 10:21:20 - INFO:] test_acc: 91.463%, test_loss: 0.001[2023-21-07 10:21:20 - INFO:] ======================================
[2023-21-07 10:23:46 - INFO:] epoch: 343/500
[2023-21-07 10:23:46 - INFO:] train_loss: 0.387
[2023-21-07 10:23:46 - INFO:] test_acc: 91.502%, test_loss: 0.001[2023-21-07 10:23:46 - INFO:] ======================================
[2023-21-07 10:26:12 - INFO:] epoch: 344/500
[2023-21-07 10:26:12 - INFO:] train_loss: 0.400
[2023-21-07 10:26:12 - INFO:] test_acc: 91.489%, test_loss: 0.001[2023-21-07 10:26:12 - INFO:] ======================================
[2023-21-07 10:28:38 - INFO:] epoch: 345/500
[2023-21-07 10:28:38 - INFO:] train_loss: 0.377
[2023-21-07 10:28:38 - INFO:] test_acc: 91.389%, test_loss: 0.001[2023-21-07 10:28:38 - INFO:] ======================================
[2023-21-07 10:31:04 - INFO:] epoch: 346/500
[2023-21-07 10:31:04 - INFO:] train_loss: 0.388
[2023-21-07 10:31:04 - INFO:] test_acc: 91.367%, test_loss: 0.001[2023-21-07 10:31:04 - INFO:] ======================================
[2023-21-07 10:33:30 - INFO:] epoch: 347/500
[2023-21-07 10:33:30 - INFO:] train_loss: 0.378
[2023-21-07 10:33:30 - INFO:] test_acc: 91.519%, test_loss: 0.001[2023-21-07 10:33:30 - INFO:] ======================================
[2023-21-07 10:35:56 - INFO:] epoch: 348/500
[2023-21-07 10:35:56 - INFO:] train_loss: 0.415
[2023-21-07 10:35:56 - INFO:] test_acc: 91.419%, test_loss: 0.001[2023-21-07 10:35:56 - INFO:] ======================================
[2023-21-07 10:38:22 - INFO:] epoch: 349/500
[2023-21-07 10:38:22 - INFO:] train_loss: 0.387
[2023-21-07 10:38:22 - INFO:] test_acc: 91.493%, test_loss: 0.001[2023-21-07 10:38:22 - INFO:] ======================================
[2023-21-07 10:40:48 - INFO:] epoch: 350/500
[2023-21-07 10:40:48 - INFO:] train_loss: 0.392
[2023-21-07 10:40:48 - INFO:] test_acc: 91.450%, test_loss: 0.001[2023-21-07 10:40:48 - INFO:] ======================================
[2023-21-07 10:43:14 - INFO:] epoch: 351/500
[2023-21-07 10:43:14 - INFO:] train_loss: 0.399
[2023-21-07 10:43:14 - INFO:] test_acc: 91.445%, test_loss: 0.001[2023-21-07 10:43:14 - INFO:] ======================================
[2023-21-07 10:45:40 - INFO:] epoch: 352/500
[2023-21-07 10:45:40 - INFO:] train_loss: 0.413
[2023-21-07 10:45:40 - INFO:] test_acc: 91.450%, test_loss: 0.001[2023-21-07 10:45:40 - INFO:] ======================================
[2023-21-07 10:48:07 - INFO:] epoch: 353/500
[2023-21-07 10:48:07 - INFO:] train_loss: 0.382
[2023-21-07 10:48:07 - INFO:] test_acc: 91.419%, test_loss: 0.001[2023-21-07 10:48:07 - INFO:] ======================================
[2023-21-07 10:50:33 - INFO:] epoch: 354/500
[2023-21-07 10:50:33 - INFO:] train_loss: 0.405
[2023-21-07 10:50:33 - INFO:] test_acc: 91.419%, test_loss: 0.001[2023-21-07 10:50:33 - INFO:] ======================================
[2023-21-07 10:53:00 - INFO:] epoch: 355/500
[2023-21-07 10:53:00 - INFO:] train_loss: 0.373
[2023-21-07 10:53:00 - INFO:] test_acc: 91.467%, test_loss: 0.001[2023-21-07 10:53:00 - INFO:] ======================================
[2023-21-07 10:55:26 - INFO:] epoch: 356/500
[2023-21-07 10:55:26 - INFO:] train_loss: 0.402
[2023-21-07 10:55:26 - INFO:] test_acc: 91.380%, test_loss: 0.001[2023-21-07 10:55:26 - INFO:] ======================================
[2023-21-07 10:57:52 - INFO:] epoch: 357/500
[2023-21-07 10:57:52 - INFO:] train_loss: 0.398
[2023-21-07 10:57:52 - INFO:] test_acc: 91.419%, test_loss: 0.001[2023-21-07 10:57:52 - INFO:] ======================================
[2023-21-07 11:00:18 - INFO:] epoch: 358/500
[2023-21-07 11:00:18 - INFO:] train_loss: 0.370
[2023-21-07 11:00:18 - INFO:] test_acc: 91.471%, test_loss: 0.001[2023-21-07 11:00:18 - INFO:] ======================================
[2023-21-07 11:02:45 - INFO:] epoch: 359/500
[2023-21-07 11:02:45 - INFO:] train_loss: 0.383
[2023-21-07 11:02:45 - INFO:] test_acc: 91.389%, test_loss: 0.001[2023-21-07 11:02:45 - INFO:] ======================================
[2023-21-07 11:05:11 - INFO:] epoch: 360/500
[2023-21-07 11:05:11 - INFO:] train_loss: 0.379
[2023-21-07 11:05:11 - INFO:] test_acc: 91.432%, test_loss: 0.001[2023-21-07 11:05:11 - INFO:] ======================================
[2023-21-07 11:07:37 - INFO:] epoch: 361/500
[2023-21-07 11:07:37 - INFO:] train_loss: 0.380
[2023-21-07 11:07:37 - INFO:] test_acc: 91.541%, test_loss: 0.001[2023-21-07 11:07:37 - INFO:] ======================================
[2023-21-07 11:10:03 - INFO:] epoch: 362/500
[2023-21-07 11:10:03 - INFO:] train_loss: 0.385
[2023-21-07 11:10:03 - INFO:] test_acc: 91.419%, test_loss: 0.001[2023-21-07 11:10:03 - INFO:] ======================================
[2023-21-07 11:12:29 - INFO:] epoch: 363/500
[2023-21-07 11:12:29 - INFO:] train_loss: 0.397
[2023-21-07 11:12:30 - INFO:] test_acc: 91.502%, test_loss: 0.001[2023-21-07 11:12:30 - INFO:] ======================================
[2023-21-07 11:14:56 - INFO:] epoch: 364/500
[2023-21-07 11:14:56 - INFO:] train_loss: 0.398
[2023-21-07 11:14:56 - INFO:] test_acc: 91.367%, test_loss: 0.001[2023-21-07 11:14:56 - INFO:] ======================================
[2023-21-07 11:17:22 - INFO:] epoch: 365/500
[2023-21-07 11:17:22 - INFO:] train_loss: 0.394
[2023-21-07 11:17:22 - INFO:] test_acc: 91.445%, test_loss: 0.001[2023-21-07 11:17:22 - INFO:] ======================================
[2023-21-07 11:19:48 - INFO:] epoch: 366/500
[2023-21-07 11:19:48 - INFO:] train_loss: 0.407
[2023-21-07 11:19:48 - INFO:] test_acc: 91.467%, test_loss: 0.001[2023-21-07 11:19:48 - INFO:] ======================================
[2023-21-07 11:22:14 - INFO:] epoch: 367/500
[2023-21-07 11:22:14 - INFO:] train_loss: 0.404
[2023-21-07 11:22:14 - INFO:] test_acc: 91.502%, test_loss: 0.001[2023-21-07 11:22:14 - INFO:] ======================================
[2023-21-07 11:24:40 - INFO:] epoch: 368/500
[2023-21-07 11:24:40 - INFO:] train_loss: 0.396
[2023-21-07 11:24:40 - INFO:] test_acc: 91.471%, test_loss: 0.001[2023-21-07 11:24:40 - INFO:] ======================================
[2023-21-07 11:27:07 - INFO:] epoch: 369/500
[2023-21-07 11:27:07 - INFO:] train_loss: 0.421
[2023-21-07 11:27:07 - INFO:] test_acc: 91.402%, test_loss: 0.001[2023-21-07 11:27:07 - INFO:] ======================================
[2023-21-07 11:29:33 - INFO:] epoch: 370/500
[2023-21-07 11:29:33 - INFO:] train_loss: 0.379
[2023-21-07 11:29:33 - INFO:] test_acc: 91.432%, test_loss: 0.001[2023-21-07 11:29:33 - INFO:] ======================================
[2023-21-07 11:31:59 - INFO:] epoch: 371/500
[2023-21-07 11:31:59 - INFO:] train_loss: 0.400
[2023-21-07 11:31:59 - INFO:] test_acc: 91.458%, test_loss: 0.001[2023-21-07 11:31:59 - INFO:] ======================================
[2023-21-07 11:34:25 - INFO:] epoch: 372/500
[2023-21-07 11:34:25 - INFO:] train_loss: 0.407
[2023-21-07 11:34:25 - INFO:] test_acc: 91.476%, test_loss: 0.001[2023-21-07 11:34:25 - INFO:] ======================================
[2023-21-07 11:36:51 - INFO:] epoch: 373/500
[2023-21-07 11:36:51 - INFO:] train_loss: 0.380
[2023-21-07 11:36:51 - INFO:] test_acc: 91.463%, test_loss: 0.001[2023-21-07 11:36:51 - INFO:] ======================================
[2023-21-07 11:39:17 - INFO:] epoch: 374/500
[2023-21-07 11:39:17 - INFO:] train_loss: 0.414
[2023-21-07 11:39:17 - INFO:] test_acc: 91.445%, test_loss: 0.001[2023-21-07 11:39:17 - INFO:] ======================================
[2023-21-07 11:41:43 - INFO:] epoch: 375/500
[2023-21-07 11:41:43 - INFO:] train_loss: 0.414
[2023-21-07 11:41:43 - INFO:] test_acc: 91.524%, test_loss: 0.001[2023-21-07 11:41:43 - INFO:] ======================================
[2023-21-07 11:44:09 - INFO:] epoch: 376/500
[2023-21-07 11:44:09 - INFO:] train_loss: 0.371
[2023-21-07 11:44:09 - INFO:] test_acc: 91.445%, test_loss: 0.001[2023-21-07 11:44:09 - INFO:] ======================================
[2023-21-07 11:46:35 - INFO:] epoch: 377/500
[2023-21-07 11:46:35 - INFO:] train_loss: 0.412
[2023-21-07 11:46:35 - INFO:] test_acc: 91.506%, test_loss: 0.001[2023-21-07 11:46:35 - INFO:] ======================================
[2023-21-07 11:49:02 - INFO:] epoch: 378/500
[2023-21-07 11:49:02 - INFO:] train_loss: 0.408
[2023-21-07 11:49:02 - INFO:] test_acc: 91.480%, test_loss: 0.001[2023-21-07 11:49:02 - INFO:] ======================================
[2023-21-07 11:51:28 - INFO:] epoch: 379/500
[2023-21-07 11:51:28 - INFO:] train_loss: 0.396
[2023-21-07 11:51:28 - INFO:] test_acc: 91.528%, test_loss: 0.001[2023-21-07 11:51:28 - INFO:] ======================================
[2023-21-07 11:53:54 - INFO:] epoch: 380/500
[2023-21-07 11:53:54 - INFO:] train_loss: 0.379
[2023-21-07 11:53:54 - INFO:] test_acc: 91.528%, test_loss: 0.001[2023-21-07 11:53:54 - INFO:] ======================================
[2023-21-07 11:56:20 - INFO:] epoch: 381/500
[2023-21-07 11:56:20 - INFO:] train_loss: 0.402
[2023-21-07 11:56:20 - INFO:] test_acc: 91.419%, test_loss: 0.001[2023-21-07 11:56:20 - INFO:] ======================================
[2023-21-07 11:58:46 - INFO:] epoch: 382/500
[2023-21-07 11:58:46 - INFO:] train_loss: 0.394
[2023-21-07 11:58:46 - INFO:] test_acc: 91.498%, test_loss: 0.001[2023-21-07 11:58:46 - INFO:] ======================================
[2023-21-07 12:01:12 - INFO:] epoch: 383/500
[2023-21-07 12:01:12 - INFO:] train_loss: 0.397
[2023-21-07 12:01:12 - INFO:] test_acc: 91.545%, test_loss: 0.001[2023-21-07 12:01:12 - INFO:] ======================================
[2023-21-07 12:03:39 - INFO:] epoch: 384/500
[2023-21-07 12:03:39 - INFO:] train_loss: 0.424
[2023-21-07 12:03:39 - INFO:] test_acc: 91.428%, test_loss: 0.001[2023-21-07 12:03:39 - INFO:] ======================================
[2023-21-07 12:06:05 - INFO:] epoch: 385/500
[2023-21-07 12:06:05 - INFO:] train_loss: 0.384
[2023-21-07 12:06:05 - INFO:] test_acc: 91.424%, test_loss: 0.001[2023-21-07 12:06:05 - INFO:] ======================================
[2023-21-07 12:08:32 - INFO:] epoch: 386/500
[2023-21-07 12:08:32 - INFO:] train_loss: 0.406
[2023-21-07 12:08:32 - INFO:] test_acc: 91.485%, test_loss: 0.001[2023-21-07 12:08:32 - INFO:] ======================================
[2023-21-07 12:10:58 - INFO:] epoch: 387/500
[2023-21-07 12:10:58 - INFO:] train_loss: 0.419
[2023-21-07 12:10:58 - INFO:] test_acc: 91.550%, test_loss: 0.001[2023-21-07 12:10:58 - INFO:] ======================================
[2023-21-07 12:13:25 - INFO:] epoch: 388/500
[2023-21-07 12:13:25 - INFO:] train_loss: 0.415
[2023-21-07 12:13:25 - INFO:] test_acc: 91.519%, test_loss: 0.001[2023-21-07 12:13:25 - INFO:] ======================================
[2023-21-07 12:15:51 - INFO:] epoch: 389/500
[2023-21-07 12:15:51 - INFO:] train_loss: 0.395
[2023-21-07 12:15:51 - INFO:] test_acc: 91.485%, test_loss: 0.001[2023-21-07 12:15:51 - INFO:] ======================================
[2023-21-07 12:18:17 - INFO:] epoch: 390/500
[2023-21-07 12:18:17 - INFO:] train_loss: 0.412
[2023-21-07 12:18:17 - INFO:] test_acc: 91.493%, test_loss: 0.001[2023-21-07 12:18:18 - INFO:] ======================================
[2023-21-07 12:20:44 - INFO:] epoch: 391/500
[2023-21-07 12:20:44 - INFO:] train_loss: 0.415
[2023-21-07 12:20:44 - INFO:] test_acc: 91.515%, test_loss: 0.001[2023-21-07 12:20:44 - INFO:] ======================================
[2023-21-07 12:23:10 - INFO:] epoch: 392/500
[2023-21-07 12:23:10 - INFO:] train_loss: 0.382
[2023-21-07 12:23:10 - INFO:] test_acc: 91.493%, test_loss: 0.001[2023-21-07 12:23:10 - INFO:] ======================================
[2023-21-07 12:25:36 - INFO:] epoch: 393/500
[2023-21-07 12:25:36 - INFO:] train_loss: 0.384
[2023-21-07 12:25:36 - INFO:] test_acc: 91.519%, test_loss: 0.001[2023-21-07 12:25:36 - INFO:] ======================================
[2023-21-07 12:28:02 - INFO:] epoch: 394/500
[2023-21-07 12:28:02 - INFO:] train_loss: 0.420
[2023-21-07 12:28:02 - INFO:] test_acc: 91.528%, test_loss: 0.001[2023-21-07 12:28:02 - INFO:] ======================================
[2023-21-07 12:30:28 - INFO:] epoch: 395/500
[2023-21-07 12:30:28 - INFO:] train_loss: 0.401
[2023-21-07 12:30:28 - INFO:] test_acc: 91.424%, test_loss: 0.001[2023-21-07 12:30:28 - INFO:] ======================================
[2023-21-07 12:32:54 - INFO:] epoch: 396/500
[2023-21-07 12:32:54 - INFO:] train_loss: 0.397
[2023-21-07 12:32:54 - INFO:] test_acc: 91.515%, test_loss: 0.001[2023-21-07 12:32:54 - INFO:] ======================================
[2023-21-07 12:35:20 - INFO:] epoch: 397/500
[2023-21-07 12:35:20 - INFO:] train_loss: 0.371
[2023-21-07 12:35:20 - INFO:] test_acc: 91.476%, test_loss: 0.001[2023-21-07 12:35:20 - INFO:] ======================================
[2023-21-07 12:37:46 - INFO:] epoch: 398/500
[2023-21-07 12:37:46 - INFO:] train_loss: 0.407
[2023-21-07 12:37:46 - INFO:] test_acc: 91.506%, test_loss: 0.001[2023-21-07 12:37:46 - INFO:] ======================================
[2023-21-07 12:40:12 - INFO:] epoch: 399/500
[2023-21-07 12:40:12 - INFO:] train_loss: 0.414
[2023-21-07 12:40:12 - INFO:] test_acc: 91.432%, test_loss: 0.001[2023-21-07 12:40:12 - INFO:] ======================================
[2023-21-07 12:42:38 - INFO:] epoch: 400/500
[2023-21-07 12:42:38 - INFO:] train_loss: 0.387
[2023-21-07 12:42:38 - INFO:] test_acc: 91.485%, test_loss: 0.001[2023-21-07 12:42:38 - INFO:] ======================================
[2023-21-07 12:45:04 - INFO:] epoch: 401/500
[2023-21-07 12:45:04 - INFO:] train_loss: 0.378
[2023-21-07 12:45:04 - INFO:] test_acc: 91.332%, test_loss: 0.001[2023-21-07 12:45:04 - INFO:] ======================================
[2023-21-07 12:47:30 - INFO:] epoch: 402/500
[2023-21-07 12:47:30 - INFO:] train_loss: 0.412
[2023-21-07 12:47:30 - INFO:] test_acc: 91.376%, test_loss: 0.001[2023-21-07 12:47:30 - INFO:] ======================================
[2023-21-07 12:49:56 - INFO:] epoch: 403/500
[2023-21-07 12:49:56 - INFO:] train_loss: 0.390
[2023-21-07 12:49:56 - INFO:] test_acc: 91.485%, test_loss: 0.001[2023-21-07 12:49:56 - INFO:] ======================================
[2023-21-07 12:52:22 - INFO:] epoch: 404/500
[2023-21-07 12:52:22 - INFO:] train_loss: 0.404
[2023-21-07 12:52:22 - INFO:] test_acc: 91.511%, test_loss: 0.001[2023-21-07 12:52:22 - INFO:] ======================================
[2023-21-07 12:54:48 - INFO:] epoch: 405/500
[2023-21-07 12:54:48 - INFO:] train_loss: 0.402
[2023-21-07 12:54:48 - INFO:] test_acc: 91.445%, test_loss: 0.001[2023-21-07 12:54:48 - INFO:] ======================================
[2023-21-07 12:57:14 - INFO:] epoch: 406/500
[2023-21-07 12:57:14 - INFO:] train_loss: 0.432
[2023-21-07 12:57:14 - INFO:] test_acc: 91.524%, test_loss: 0.001[2023-21-07 12:57:14 - INFO:] ======================================
[2023-21-07 12:59:40 - INFO:] epoch: 407/500
[2023-21-07 12:59:40 - INFO:] train_loss: 0.404
[2023-21-07 12:59:40 - INFO:] test_acc: 91.528%, test_loss: 0.001[2023-21-07 12:59:40 - INFO:] ======================================
[2023-21-07 13:02:06 - INFO:] epoch: 408/500
[2023-21-07 13:02:06 - INFO:] train_loss: 0.406
[2023-21-07 13:02:06 - INFO:] test_acc: 91.493%, test_loss: 0.001[2023-21-07 13:02:06 - INFO:] ======================================
[2023-21-07 13:04:32 - INFO:] epoch: 409/500
[2023-21-07 13:04:32 - INFO:] train_loss: 0.403
[2023-21-07 13:04:32 - INFO:] test_acc: 91.515%, test_loss: 0.001[2023-21-07 13:04:32 - INFO:] ======================================
[2023-21-07 13:06:58 - INFO:] epoch: 410/500
[2023-21-07 13:06:58 - INFO:] train_loss: 0.383
[2023-21-07 13:06:58 - INFO:] test_acc: 91.506%, test_loss: 0.001[2023-21-07 13:06:58 - INFO:] ======================================
[2023-21-07 13:09:24 - INFO:] epoch: 411/500
[2023-21-07 13:09:24 - INFO:] train_loss: 0.393
[2023-21-07 13:09:24 - INFO:] test_acc: 91.476%, test_loss: 0.001[2023-21-07 13:09:24 - INFO:] ======================================
[2023-21-07 13:11:50 - INFO:] epoch: 412/500
[2023-21-07 13:11:50 - INFO:] train_loss: 0.411
[2023-21-07 13:11:50 - INFO:] test_acc: 91.498%, test_loss: 0.001[2023-21-07 13:11:50 - INFO:] ======================================
[2023-21-07 13:14:16 - INFO:] epoch: 413/500
[2023-21-07 13:14:16 - INFO:] train_loss: 0.382
[2023-21-07 13:14:16 - INFO:] test_acc: 91.537%, test_loss: 0.001[2023-21-07 13:14:16 - INFO:] ======================================
[2023-21-07 13:16:42 - INFO:] epoch: 414/500
[2023-21-07 13:16:42 - INFO:] train_loss: 0.401
[2023-21-07 13:16:42 - INFO:] test_acc: 91.506%, test_loss: 0.001[2023-21-07 13:16:42 - INFO:] ======================================
[2023-21-07 13:19:08 - INFO:] epoch: 415/500
[2023-21-07 13:19:08 - INFO:] train_loss: 0.414
[2023-21-07 13:19:08 - INFO:] test_acc: 91.454%, test_loss: 0.001[2023-21-07 13:19:08 - INFO:] ======================================
[2023-21-07 13:21:35 - INFO:] epoch: 416/500
[2023-21-07 13:21:35 - INFO:] train_loss: 0.378
[2023-21-07 13:21:35 - INFO:] test_acc: 91.467%, test_loss: 0.001[2023-21-07 13:21:35 - INFO:] ======================================
[2023-21-07 13:24:01 - INFO:] epoch: 417/500
[2023-21-07 13:24:01 - INFO:] train_loss: 0.406
[2023-21-07 13:24:01 - INFO:] test_acc: 91.376%, test_loss: 0.001[2023-21-07 13:24:01 - INFO:] ======================================
[2023-21-07 13:26:27 - INFO:] epoch: 418/500
[2023-21-07 13:26:27 - INFO:] train_loss: 0.393
[2023-21-07 13:26:27 - INFO:] test_acc: 91.363%, test_loss: 0.001[2023-21-07 13:26:27 - INFO:] ======================================
[2023-21-07 13:28:53 - INFO:] epoch: 419/500
[2023-21-07 13:28:53 - INFO:] train_loss: 0.411
[2023-21-07 13:28:53 - INFO:] test_acc: 91.450%, test_loss: 0.001[2023-21-07 13:28:53 - INFO:] ======================================
[2023-21-07 13:31:19 - INFO:] epoch: 420/500
[2023-21-07 13:31:19 - INFO:] train_loss: 0.395
[2023-21-07 13:31:19 - INFO:] test_acc: 91.363%, test_loss: 0.001[2023-21-07 13:31:19 - INFO:] ======================================
[2023-21-07 13:33:45 - INFO:] epoch: 421/500
[2023-21-07 13:33:45 - INFO:] train_loss: 0.399
[2023-21-07 13:33:45 - INFO:] test_acc: 91.502%, test_loss: 0.001[2023-21-07 13:33:45 - INFO:] ======================================
[2023-21-07 13:36:11 - INFO:] epoch: 422/500
[2023-21-07 13:36:11 - INFO:] train_loss: 0.389
[2023-21-07 13:36:11 - INFO:] test_acc: 91.493%, test_loss: 0.001[2023-21-07 13:36:11 - INFO:] ======================================
[2023-21-07 13:38:37 - INFO:] epoch: 423/500
[2023-21-07 13:38:37 - INFO:] train_loss: 0.392
[2023-21-07 13:38:37 - INFO:] test_acc: 91.532%, test_loss: 0.001[2023-21-07 13:38:37 - INFO:] ======================================
[2023-21-07 13:41:03 - INFO:] epoch: 424/500
[2023-21-07 13:41:03 - INFO:] train_loss: 0.375
[2023-21-07 13:41:03 - INFO:] test_acc: 91.419%, test_loss: 0.001[2023-21-07 13:41:03 - INFO:] ======================================
[2023-21-07 13:43:29 - INFO:] epoch: 425/500
[2023-21-07 13:43:29 - INFO:] train_loss: 0.432
[2023-21-07 13:43:29 - INFO:] test_acc: 91.363%, test_loss: 0.001[2023-21-07 13:43:29 - INFO:] ======================================
[2023-21-07 13:45:55 - INFO:] epoch: 426/500
[2023-21-07 13:45:55 - INFO:] train_loss: 0.402
[2023-21-07 13:45:55 - INFO:] test_acc: 91.528%, test_loss: 0.001[2023-21-07 13:45:55 - INFO:] ======================================
[2023-21-07 13:48:21 - INFO:] epoch: 427/500
[2023-21-07 13:48:21 - INFO:] train_loss: 0.408
[2023-21-07 13:48:21 - INFO:] test_acc: 91.476%, test_loss: 0.001[2023-21-07 13:48:21 - INFO:] ======================================
[2023-21-07 13:50:47 - INFO:] epoch: 428/500
[2023-21-07 13:50:47 - INFO:] train_loss: 0.424
[2023-21-07 13:50:47 - INFO:] test_acc: 91.437%, test_loss: 0.001[2023-21-07 13:50:47 - INFO:] ======================================
[2023-21-07 13:53:13 - INFO:] epoch: 429/500
[2023-21-07 13:53:13 - INFO:] train_loss: 0.372
[2023-21-07 13:53:13 - INFO:] test_acc: 91.537%, test_loss: 0.001[2023-21-07 13:53:13 - INFO:] ======================================
[2023-21-07 13:55:39 - INFO:] epoch: 430/500
[2023-21-07 13:55:39 - INFO:] train_loss: 0.396
[2023-21-07 13:55:39 - INFO:] test_acc: 91.528%, test_loss: 0.001[2023-21-07 13:55:39 - INFO:] ======================================
[2023-21-07 13:58:05 - INFO:] epoch: 431/500
[2023-21-07 13:58:05 - INFO:] train_loss: 0.426
[2023-21-07 13:58:05 - INFO:] test_acc: 91.519%, test_loss: 0.001[2023-21-07 13:58:05 - INFO:] ======================================
[2023-21-07 14:00:32 - INFO:] epoch: 432/500
[2023-21-07 14:00:32 - INFO:] train_loss: 0.400
[2023-21-07 14:00:32 - INFO:] test_acc: 91.511%, test_loss: 0.001[2023-21-07 14:00:32 - INFO:] ======================================
[2023-21-07 14:02:58 - INFO:] epoch: 433/500
[2023-21-07 14:02:58 - INFO:] train_loss: 0.396
[2023-21-07 14:02:58 - INFO:] test_acc: 91.489%, test_loss: 0.001[2023-21-07 14:02:58 - INFO:] ======================================
[2023-21-07 14:05:24 - INFO:] epoch: 434/500
[2023-21-07 14:05:24 - INFO:] train_loss: 0.400
[2023-21-07 14:05:24 - INFO:] test_acc: 91.463%, test_loss: 0.001[2023-21-07 14:05:24 - INFO:] ======================================
[2023-21-07 14:07:50 - INFO:] epoch: 435/500
[2023-21-07 14:07:50 - INFO:] train_loss: 0.404
[2023-21-07 14:07:50 - INFO:] test_acc: 91.454%, test_loss: 0.001[2023-21-07 14:07:50 - INFO:] ======================================
[2023-21-07 14:10:16 - INFO:] epoch: 436/500
[2023-21-07 14:10:16 - INFO:] train_loss: 0.391
[2023-21-07 14:10:16 - INFO:] test_acc: 91.519%, test_loss: 0.001[2023-21-07 14:10:16 - INFO:] ======================================
[2023-21-07 14:12:42 - INFO:] epoch: 437/500
[2023-21-07 14:12:42 - INFO:] train_loss: 0.396
[2023-21-07 14:12:42 - INFO:] test_acc: 91.389%, test_loss: 0.001[2023-21-07 14:12:42 - INFO:] ======================================
[2023-21-07 14:15:09 - INFO:] epoch: 438/500
[2023-21-07 14:15:09 - INFO:] train_loss: 0.409
[2023-21-07 14:15:09 - INFO:] test_acc: 91.506%, test_loss: 0.001[2023-21-07 14:15:09 - INFO:] ======================================
[2023-21-07 14:17:35 - INFO:] epoch: 439/500
[2023-21-07 14:17:35 - INFO:] train_loss: 0.404
[2023-21-07 14:17:35 - INFO:] test_acc: 91.485%, test_loss: 0.001[2023-21-07 14:17:35 - INFO:] ======================================
[2023-21-07 14:20:01 - INFO:] epoch: 440/500
[2023-21-07 14:20:01 - INFO:] train_loss: 0.390
[2023-21-07 14:20:01 - INFO:] test_acc: 91.550%, test_loss: 0.001[2023-21-07 14:20:01 - INFO:] ======================================
[2023-21-07 14:22:27 - INFO:] epoch: 441/500
[2023-21-07 14:22:27 - INFO:] train_loss: 0.383
[2023-21-07 14:22:27 - INFO:] test_acc: 91.528%, test_loss: 0.001[2023-21-07 14:22:27 - INFO:] ======================================
[2023-21-07 14:24:53 - INFO:] epoch: 442/500
[2023-21-07 14:24:53 - INFO:] train_loss: 0.371
[2023-21-07 14:24:53 - INFO:] test_acc: 91.489%, test_loss: 0.001[2023-21-07 14:24:53 - INFO:] ======================================
[2023-21-07 14:27:19 - INFO:] epoch: 443/500
[2023-21-07 14:27:19 - INFO:] train_loss: 0.408
[2023-21-07 14:27:19 - INFO:] test_acc: 91.384%, test_loss: 0.001[2023-21-07 14:27:19 - INFO:] ======================================
[2023-21-07 14:29:45 - INFO:] epoch: 444/500
[2023-21-07 14:29:45 - INFO:] train_loss: 0.382
[2023-21-07 14:29:45 - INFO:] test_acc: 91.463%, test_loss: 0.001[2023-21-07 14:29:45 - INFO:] ======================================
[2023-21-07 14:32:11 - INFO:] epoch: 445/500
[2023-21-07 14:32:11 - INFO:] train_loss: 0.400
[2023-21-07 14:32:11 - INFO:] test_acc: 91.524%, test_loss: 0.001[2023-21-07 14:32:11 - INFO:] ======================================
[2023-21-07 14:34:38 - INFO:] epoch: 446/500
[2023-21-07 14:34:38 - INFO:] train_loss: 0.389
[2023-21-07 14:34:38 - INFO:] test_acc: 91.493%, test_loss: 0.001[2023-21-07 14:34:38 - INFO:] ======================================
[2023-21-07 14:37:04 - INFO:] epoch: 447/500
[2023-21-07 14:37:04 - INFO:] train_loss: 0.388
[2023-21-07 14:37:04 - INFO:] test_acc: 91.498%, test_loss: 0.001[2023-21-07 14:37:04 - INFO:] ======================================
[2023-21-07 14:39:30 - INFO:] epoch: 448/500
[2023-21-07 14:39:30 - INFO:] train_loss: 0.361
[2023-21-07 14:39:30 - INFO:] test_acc: 91.532%, test_loss: 0.001[2023-21-07 14:39:30 - INFO:] ======================================
[2023-21-07 14:41:56 - INFO:] epoch: 449/500
[2023-21-07 14:41:56 - INFO:] train_loss: 0.433
[2023-21-07 14:41:56 - INFO:] test_acc: 91.532%, test_loss: 0.001[2023-21-07 14:41:56 - INFO:] ======================================
[2023-21-07 14:44:22 - INFO:] epoch: 450/500
[2023-21-07 14:44:22 - INFO:] train_loss: 0.418
[2023-21-07 14:44:22 - INFO:] test_acc: 91.515%, test_loss: 0.001[2023-21-07 14:44:22 - INFO:] ======================================
[2023-21-07 14:46:48 - INFO:] epoch: 451/500
[2023-21-07 14:46:48 - INFO:] train_loss: 0.398
[2023-21-07 14:46:48 - INFO:] test_acc: 91.506%, test_loss: 0.001[2023-21-07 14:46:48 - INFO:] ======================================
[2023-21-07 14:49:15 - INFO:] epoch: 452/500
[2023-21-07 14:49:15 - INFO:] train_loss: 0.381
[2023-21-07 14:49:15 - INFO:] test_acc: 91.485%, test_loss: 0.001[2023-21-07 14:49:15 - INFO:] ======================================
[2023-21-07 14:51:41 - INFO:] epoch: 453/500
[2023-21-07 14:51:41 - INFO:] train_loss: 0.383
[2023-21-07 14:51:41 - INFO:] test_acc: 91.458%, test_loss: 0.001[2023-21-07 14:51:41 - INFO:] ======================================
[2023-21-07 14:54:07 - INFO:] epoch: 454/500
[2023-21-07 14:54:07 - INFO:] train_loss: 0.400
[2023-21-07 14:54:07 - INFO:] test_acc: 91.524%, test_loss: 0.001[2023-21-07 14:54:07 - INFO:] ======================================
[2023-21-07 14:56:33 - INFO:] epoch: 455/500
[2023-21-07 14:56:33 - INFO:] train_loss: 0.380
[2023-21-07 14:56:33 - INFO:] test_acc: 91.432%, test_loss: 0.001[2023-21-07 14:56:33 - INFO:] ======================================
[2023-21-07 14:58:59 - INFO:] epoch: 456/500
[2023-21-07 14:58:59 - INFO:] train_loss: 0.420
[2023-21-07 14:58:59 - INFO:] test_acc: 91.528%, test_loss: 0.001[2023-21-07 14:58:59 - INFO:] ======================================
[2023-21-07 15:01:25 - INFO:] epoch: 457/500
[2023-21-07 15:01:25 - INFO:] train_loss: 0.381
[2023-21-07 15:01:25 - INFO:] test_acc: 91.550%, test_loss: 0.001[2023-21-07 15:01:25 - INFO:] ======================================
[2023-21-07 15:03:52 - INFO:] epoch: 458/500
[2023-21-07 15:03:52 - INFO:] train_loss: 0.379
[2023-21-07 15:03:52 - INFO:] test_acc: 91.511%, test_loss: 0.001[2023-21-07 15:03:52 - INFO:] ======================================
[2023-21-07 15:06:18 - INFO:] epoch: 459/500
[2023-21-07 15:06:18 - INFO:] train_loss: 0.399
[2023-21-07 15:06:18 - INFO:] test_acc: 91.485%, test_loss: 0.001[2023-21-07 15:06:18 - INFO:] ======================================
[2023-21-07 15:08:44 - INFO:] epoch: 460/500
[2023-21-07 15:08:44 - INFO:] train_loss: 0.388
[2023-21-07 15:08:44 - INFO:] test_acc: 91.493%, test_loss: 0.001[2023-21-07 15:08:44 - INFO:] ======================================
[2023-21-07 15:11:09 - INFO:] epoch: 461/500
[2023-21-07 15:11:09 - INFO:] train_loss: 0.402
[2023-21-07 15:11:09 - INFO:] test_acc: 91.471%, test_loss: 0.001[2023-21-07 15:11:09 - INFO:] ======================================
[2023-21-07 15:13:36 - INFO:] epoch: 462/500
[2023-21-07 15:13:36 - INFO:] train_loss: 0.389
[2023-21-07 15:13:36 - INFO:] test_acc: 91.537%, test_loss: 0.001[2023-21-07 15:13:36 - INFO:] ======================================
[2023-21-07 15:16:02 - INFO:] epoch: 463/500
[2023-21-07 15:16:02 - INFO:] train_loss: 0.389
[2023-21-07 15:16:02 - INFO:] test_acc: 91.502%, test_loss: 0.001[2023-21-07 15:16:02 - INFO:] ======================================
[2023-21-07 15:18:28 - INFO:] epoch: 464/500
[2023-21-07 15:18:28 - INFO:] train_loss: 0.394
[2023-21-07 15:18:28 - INFO:] test_acc: 91.467%, test_loss: 0.001[2023-21-07 15:18:28 - INFO:] ======================================
[2023-21-07 15:20:54 - INFO:] epoch: 465/500
[2023-21-07 15:20:54 - INFO:] train_loss: 0.387
[2023-21-07 15:20:54 - INFO:] test_acc: 91.550%, test_loss: 0.001[2023-21-07 15:20:54 - INFO:] ======================================
[2023-21-07 15:23:20 - INFO:] epoch: 466/500
[2023-21-07 15:23:20 - INFO:] train_loss: 0.392
[2023-21-07 15:23:20 - INFO:] test_acc: 91.471%, test_loss: 0.001[2023-21-07 15:23:20 - INFO:] ======================================
[2023-21-07 15:25:46 - INFO:] epoch: 467/500
[2023-21-07 15:25:46 - INFO:] train_loss: 0.385
[2023-21-07 15:25:46 - INFO:] test_acc: 91.480%, test_loss: 0.001[2023-21-07 15:25:46 - INFO:] ======================================
[2023-21-07 15:28:13 - INFO:] epoch: 468/500
[2023-21-07 15:28:13 - INFO:] train_loss: 0.387
[2023-21-07 15:28:13 - INFO:] test_acc: 91.397%, test_loss: 0.001[2023-21-07 15:28:13 - INFO:] ======================================
[2023-21-07 15:30:39 - INFO:] epoch: 469/500
[2023-21-07 15:30:39 - INFO:] train_loss: 0.376
[2023-21-07 15:30:39 - INFO:] test_acc: 91.415%, test_loss: 0.001[2023-21-07 15:30:39 - INFO:] ======================================
[2023-21-07 15:33:05 - INFO:] epoch: 470/500
[2023-21-07 15:33:05 - INFO:] train_loss: 0.446
[2023-21-07 15:33:05 - INFO:] test_acc: 91.493%, test_loss: 0.001[2023-21-07 15:33:05 - INFO:] ======================================
[2023-21-07 15:35:31 - INFO:] epoch: 471/500
[2023-21-07 15:35:31 - INFO:] train_loss: 0.428
[2023-21-07 15:35:31 - INFO:] test_acc: 91.489%, test_loss: 0.001[2023-21-07 15:35:31 - INFO:] ======================================
[2023-21-07 15:37:57 - INFO:] epoch: 472/500
[2023-21-07 15:37:57 - INFO:] train_loss: 0.396
[2023-21-07 15:37:57 - INFO:] test_acc: 91.515%, test_loss: 0.001[2023-21-07 15:37:57 - INFO:] ======================================
[2023-21-07 15:40:23 - INFO:] epoch: 473/500
[2023-21-07 15:40:23 - INFO:] train_loss: 0.373
[2023-21-07 15:40:23 - INFO:] test_acc: 91.450%, test_loss: 0.001[2023-21-07 15:40:23 - INFO:] ======================================
[2023-21-07 15:42:49 - INFO:] epoch: 474/500
[2023-21-07 15:42:49 - INFO:] train_loss: 0.397
[2023-21-07 15:42:49 - INFO:] test_acc: 91.432%, test_loss: 0.001[2023-21-07 15:42:49 - INFO:] ======================================
[2023-21-07 15:45:15 - INFO:] epoch: 475/500
[2023-21-07 15:45:15 - INFO:] train_loss: 0.420
[2023-21-07 15:45:15 - INFO:] test_acc: 91.528%, test_loss: 0.001[2023-21-07 15:45:15 - INFO:] ======================================
[2023-21-07 15:47:41 - INFO:] epoch: 476/500
[2023-21-07 15:47:41 - INFO:] train_loss: 0.401
[2023-21-07 15:47:41 - INFO:] test_acc: 91.576%, test_loss: 0.001[2023-21-07 15:47:41 - INFO:] ======================================
[2023-21-07 15:50:07 - INFO:] epoch: 477/500
[2023-21-07 15:50:07 - INFO:] train_loss: 0.423
[2023-21-07 15:50:07 - INFO:] test_acc: 91.532%, test_loss: 0.001[2023-21-07 15:50:07 - INFO:] ======================================
[2023-21-07 15:52:34 - INFO:] epoch: 478/500
[2023-21-07 15:52:34 - INFO:] train_loss: 0.388
[2023-21-07 15:52:34 - INFO:] test_acc: 91.485%, test_loss: 0.001[2023-21-07 15:52:34 - INFO:] ======================================
[2023-21-07 15:55:00 - INFO:] epoch: 479/500
[2023-21-07 15:55:00 - INFO:] train_loss: 0.389
[2023-21-07 15:55:00 - INFO:] test_acc: 91.432%, test_loss: 0.001[2023-21-07 15:55:00 - INFO:] ======================================
[2023-21-07 15:57:26 - INFO:] epoch: 480/500
[2023-21-07 15:57:26 - INFO:] train_loss: 0.428
[2023-21-07 15:57:26 - INFO:] test_acc: 91.454%, test_loss: 0.001[2023-21-07 15:57:26 - INFO:] ======================================
[2023-21-07 15:59:52 - INFO:] epoch: 481/500
[2023-21-07 15:59:52 - INFO:] train_loss: 0.395
[2023-21-07 15:59:52 - INFO:] test_acc: 91.593%, test_loss: 0.001[2023-21-07 15:59:52 - INFO:] ======================================
[2023-21-07 16:02:18 - INFO:] epoch: 482/500
[2023-21-07 16:02:18 - INFO:] train_loss: 0.388
[2023-21-07 16:02:18 - INFO:] test_acc: 91.563%, test_loss: 0.001[2023-21-07 16:02:18 - INFO:] ======================================
[2023-21-07 16:04:44 - INFO:] epoch: 483/500
[2023-21-07 16:04:44 - INFO:] train_loss: 0.406
[2023-21-07 16:04:44 - INFO:] test_acc: 91.506%, test_loss: 0.001[2023-21-07 16:04:44 - INFO:] ======================================
[2023-21-07 16:07:10 - INFO:] epoch: 484/500
[2023-21-07 16:07:10 - INFO:] train_loss: 0.373
[2023-21-07 16:07:10 - INFO:] test_acc: 91.493%, test_loss: 0.001[2023-21-07 16:07:10 - INFO:] ======================================
[2023-21-07 16:09:36 - INFO:] epoch: 485/500
[2023-21-07 16:09:36 - INFO:] train_loss: 0.430
[2023-21-07 16:09:36 - INFO:] test_acc: 91.559%, test_loss: 0.001[2023-21-07 16:09:36 - INFO:] ======================================
[2023-21-07 16:12:03 - INFO:] epoch: 486/500
[2023-21-07 16:12:03 - INFO:] train_loss: 0.389
[2023-21-07 16:12:03 - INFO:] test_acc: 91.437%, test_loss: 0.001[2023-21-07 16:12:03 - INFO:] ======================================
[2023-21-07 16:14:29 - INFO:] epoch: 487/500
[2023-21-07 16:14:29 - INFO:] train_loss: 0.362
[2023-21-07 16:14:29 - INFO:] test_acc: 91.471%, test_loss: 0.001[2023-21-07 16:14:29 - INFO:] ======================================
[2023-21-07 16:16:55 - INFO:] epoch: 488/500
[2023-21-07 16:16:55 - INFO:] train_loss: 0.398
[2023-21-07 16:16:55 - INFO:] test_acc: 91.537%, test_loss: 0.001
[2023-21-07 16:16:55 - INFO:] ======================================
[2023-21-07 16:19:21 - INFO:] epoch: 489/500
[2023-21-07 16:19:21 - INFO:] train_loss: 0.380
[2023-21-07 16:19:21 - INFO:] test_acc: 91.489%, test_loss: 0.001
[2023-21-07 16:19:21 - INFO:] ======================================
[2023-21-07 16:21:47 - INFO:] epoch: 490/500
[2023-21-07 16:21:47 - INFO:] train_loss: 0.397
[2023-21-07 16:21:47 - INFO:] test_acc: 91.519%, test_loss: 0.001[2023-21-07 16:21:47 - INFO:] ======================================
[2023-21-07 16:24:13 - INFO:] epoch: 491/500
[2023-21-07 16:24:13 - INFO:] train_loss: 0.401
[2023-21-07 16:24:13 - INFO:] test_acc: 91.498%, test_loss: 0.001[2023-21-07 16:24:13 - INFO:] ======================================
[2023-21-07 16:26:39 - INFO:] epoch: 492/500
[2023-21-07 16:26:39 - INFO:] train_loss: 0.404
[2023-21-07 16:26:39 - INFO:] test_acc: 91.545%, test_loss: 0.001[2023-21-07 16:26:39 - INFO:] ======================================
[2023-21-07 16:29:05 - INFO:] epoch: 493/500
[2023-21-07 16:29:05 - INFO:] train_loss: 0.389
[2023-21-07 16:29:05 - INFO:] test_acc: 91.489%, test_loss: 0.001[2023-21-07 16:33:58 - INFO:] epoch: 495/500
[2023-21-07 16:33:58 - INFO:] train_loss: 0.405
[2023-21-07 16:33:58 - INFO:] test_acc: 91.519%, test_loss: 0.001[2023-21-07 16:33:58 - INFO:] ======================================
[2023-21-07 16:36:24 - INFO:] epoch: 496/500
[2023-21-07 16:36:24 - INFO:] train_loss: 0.405
[2023-21-07 16:36:24 - INFO:] test_acc: 91.532%, test_loss: 0.001[2023-21-07 16:36:24 - INFO:] ======================================
[2023-21-07 16:38:50 - INFO:] epoch: 497/500
[2023-21-07 16:38:50 - INFO:] train_loss: 0.404
[2023-21-07 16:38:50 - INFO:] test_acc: 91.471%, test_loss: 0.001[2023-21-07 16:38:50 - INFO:] ======================================
[2023-21-07 16:41:16 - INFO:] epoch: 498/500
[2023-21-07 16:41:16 - INFO:] train_loss: 0.390
[2023-21-07 16:41:16 - INFO:] test_acc: 91.389%, test_loss: 0.001[2023-21-07 16:41:16 - INFO:] ======================================
[2023-21-07 16:43:42 - INFO:] epoch: 499/500
[2023-21-07 16:43:42 - INFO:] train_loss: 0.395
[2023-21-07 16:43:42 - INFO:] test_acc: 91.393%, test_loss: 0.001[2023-21-07 16:43:42 - INFO:] ======================================
[2023-21-07 16:46:08 - INFO:] epoch: 500/500
[2023-21-07 16:46:08 - INFO:] train_loss: 0.402
[2023-21-07 16:46:08 - INFO:] test_acc: 91.424%, test_loss: 0.001[2023-21-07 16:46:08 - INFO:] ======================================