[2023-0805 0849 - INFO] <<< BEATs_iter3_plus_AS2M - 1 fc layer >>> 
[2023-0805 0849 - INFO] Add FrequencyMasking and TimeMasking
[2023-0805 0849 - INFO] Add time_stretch 0.8 and time_stretch 1.2
[2023-0805 0849 - INFO] # trainset_size = 17010
[2023-0805 0849 - INFO] # testset_size = 4100
[2023-0805 0849 - INFO] # train_a/p = 8505/8505
[2023-0805 0849 - INFO] # test_a/p = 2050/2050
[2023-0805 0849 - INFO] # batch_size = 128
[2023-0805 0849 - INFO] # learning_rate = 0.0005
[2023-0805 0849 - INFO] # weight_decay = 0.01
[2023-0805 0849 - INFO] # num_epochs = 100
[2023-0805 0849 - INFO] # padding_size = 3500
[2023-0805 0849 - INFO] # loss_fn = CE
[2023-0805 0849 - INFO] # scheduler = None
[2023-0805 0849 - INFO] # optimizer = AdamW (
Parameter Group 0
    amsgrad: False
    betas: (0.9, 0.98)
    capturable: False
    differentiable: False
    eps: 1e-08
    foreach: None
    fused: None
    lr: 0.0005
    maximize: False
    weight_decay: 0.01
)
[2023-0805 0849 - INFO] -------------------------------------
[2023-0805 0850 - INFO] epoch: 1/100
[2023-0805 0850 - INFO] learning_rate: 0.0005
[2023-0805 0850 - INFO] train_acc: 49.653%, train_loss: nan
[2023-0805 0850 - INFO] test_acc: 49.927%, test_loss: 0.0057
[2023-0805 0850 - INFO] max_train_acc: 49.653%
[2023-0805 0850 - INFO] max_test_acc: 49.927%
[2023-0805 0850 - INFO] max_lr: 0.0005, min_lr: 0.0005
[2023-0805 0850 - INFO] ======================================
[2023-0805 0851 - INFO] epoch: 2/100
[2023-0805 0851 - INFO] learning_rate: 0.0005
[2023-0805 0851 - INFO] train_acc: 49.665%, train_loss: nan
[2023-0805 0851 - INFO] test_acc: 49.902%, test_loss: 0.0057
[2023-0805 0851 - INFO] max_train_acc: 49.665%
[2023-0805 0851 - INFO] max_test_acc: 49.927%
[2023-0805 0851 - INFO] max_lr: 0.0005, min_lr: 0.0005
[2023-0805 0851 - INFO] ======================================
[2023-0805 0851 - INFO] epoch: 3/100
[2023-0805 0851 - INFO] learning_rate: 0.0005
[2023-0805 0851 - INFO] train_acc: 49.624%, train_loss: nan
[2023-0805 0851 - INFO] test_acc: 49.902%, test_loss: 0.0057
[2023-0805 0851 - INFO] max_train_acc: 49.665%
[2023-0805 0851 - INFO] max_test_acc: 49.927%
[2023-0805 0851 - INFO] max_lr: 0.0005, min_lr: 0.0005
[2023-0805 0851 - INFO] ======================================
[2023-0805 0852 - INFO] epoch: 4/100
[2023-0805 0852 - INFO] learning_rate: 0.0005
[2023-0805 0852 - INFO] train_acc: 49.671%, train_loss: nan
[2023-0805 0852 - INFO] test_acc: 49.878%, test_loss: 0.0057
[2023-0805 0852 - INFO] max_train_acc: 49.671%
[2023-0805 0852 - INFO] max_test_acc: 49.927%
[2023-0805 0852 - INFO] max_lr: 0.0005, min_lr: 0.0005
[2023-0805 0852 - INFO] ======================================
[2023-0805 0852 - INFO] epoch: 5/100
[2023-0805 0852 - INFO] learning_rate: 0.0005
[2023-0805 0852 - INFO] train_acc: 49.671%, train_loss: nan
[2023-0805 0852 - INFO] test_acc: 49.951%, test_loss: 0.0057
[2023-0805 0852 - INFO] max_train_acc: 49.671%
[2023-0805 0852 - INFO] max_test_acc: 49.951%
[2023-0805 0852 - INFO] max_lr: 0.0005, min_lr: 0.0005
[2023-0805 0852 - INFO] ======================================
[2023-0805 0853 - INFO] epoch: 6/100
[2023-0805 0853 - INFO] learning_rate: 0.0005
[2023-0805 0853 - INFO] train_acc: 49.630%, train_loss: nan
[2023-0805 0853 - INFO] test_acc: 49.902%, test_loss: 0.0057
[2023-0805 0853 - INFO] max_train_acc: 49.671%
[2023-0805 0853 - INFO] max_test_acc: 49.951%
[2023-0805 0853 - INFO] max_lr: 0.0005, min_lr: 0.0005
[2023-0805 0853 - INFO] ======================================
[2023-0805 0854 - INFO] epoch: 7/100
[2023-0805 0854 - INFO] learning_rate: 0.0005
[2023-0805 0854 - INFO] train_acc: 49.671%, train_loss: nan
[2023-0805 0854 - INFO] test_acc: 49.976%, test_loss: 0.0057
[2023-0805 0854 - INFO] max_train_acc: 49.671%
[2023-0805 0854 - INFO] max_test_acc: 49.976%
[2023-0805 0854 - INFO] max_lr: 0.0005, min_lr: 0.0005
[2023-0805 0854 - INFO] ======================================
[2023-0805 0855 - INFO] epoch: 8/100
[2023-0805 0855 - INFO] learning_rate: 0.0005
[2023-0805 0855 - INFO] train_acc: 49.653%, train_loss: nan
[2023-0805 0855 - INFO] test_acc: 49.951%, test_loss: 0.0057
[2023-0805 0855 - INFO] max_train_acc: 49.671%
[2023-0805 0855 - INFO] max_test_acc: 49.976%
[2023-0805 0855 - INFO] max_lr: 0.0005, min_lr: 0.0005
[2023-0805 0855 - INFO] ======================================
[2023-0805 0856 - INFO] epoch: 9/100
[2023-0805 0856 - INFO] learning_rate: 0.0005
[2023-0805 0856 - INFO] train_acc: 49.677%, train_loss: nan
[2023-0805 0856 - INFO] test_acc: 49.902%, test_loss: 0.0057
[2023-0805 0856 - INFO] max_train_acc: 49.677%
[2023-0805 0856 - INFO] max_test_acc: 49.976%
[2023-0805 0856 - INFO] max_lr: 0.0005, min_lr: 0.0005
[2023-0805 0856 - INFO] ======================================
[2023-0805 0856 - INFO] epoch: 10/100
[2023-0805 0856 - INFO] learning_rate: 0.0005
[2023-0805 0856 - INFO] train_acc: 49.641%, train_loss: nan
[2023-0805 0856 - INFO] test_acc: 49.951%, test_loss: 0.0057
[2023-0805 0856 - INFO] max_train_acc: 49.677%
[2023-0805 0856 - INFO] max_test_acc: 49.976%
[2023-0805 0856 - INFO] max_lr: 0.0005, min_lr: 0.0005
[2023-0805 0856 - INFO] ======================================
[2023-0805 0857 - INFO] epoch: 11/100
[2023-0805 0857 - INFO] learning_rate: 0.0005
[2023-0805 0857 - INFO] train_acc: 49.677%, train_loss: nan
[2023-0805 0857 - INFO] test_acc: 49.902%, test_loss: 0.0057
[2023-0805 0857 - INFO] max_train_acc: 49.677%
[2023-0805 0857 - INFO] max_test_acc: 49.976%
[2023-0805 0857 - INFO] max_lr: 0.0005, min_lr: 0.0005
[2023-0805 0857 - INFO] ======================================
[2023-0805 0858 - INFO] epoch: 12/100
[2023-0805 0858 - INFO] learning_rate: 0.0005
[2023-0805 0858 - INFO] train_acc: 49.671%, train_loss: nan
[2023-0805 0858 - INFO] test_acc: 49.878%, test_loss: 0.0057
[2023-0805 0858 - INFO] max_train_acc: 49.677%
[2023-0805 0858 - INFO] max_test_acc: 49.976%
[2023-0805 0858 - INFO] max_lr: 0.0005, min_lr: 0.0005
[2023-0805 0858 - INFO] ======================================
[2023-0805 0858 - INFO] epoch: 13/100
[2023-0805 0858 - INFO] learning_rate: 0.0005
[2023-0805 0858 - INFO] train_acc: 49.659%, train_loss: nan
[2023-0805 0858 - INFO] test_acc: 49.976%, test_loss: 0.0057
[2023-0805 0858 - INFO] max_train_acc: 49.677%
[2023-0805 0858 - INFO] max_test_acc: 49.976%
[2023-0805 0858 - INFO] max_lr: 0.0005, min_lr: 0.0005
[2023-0805 0858 - INFO] ======================================
[2023-0805 0859 - INFO] epoch: 14/100
[2023-0805 0859 - INFO] learning_rate: 0.0005
[2023-0805 0859 - INFO] train_acc: 49.653%, train_loss: nan
[2023-0805 0859 - INFO] test_acc: 49.927%, test_loss: 0.0057
[2023-0805 0859 - INFO] max_train_acc: 49.677%
[2023-0805 0859 - INFO] max_test_acc: 49.976%
[2023-0805 0859 - INFO] max_lr: 0.0005, min_lr: 0.0005
[2023-0805 0859 - INFO] ======================================
[2023-0805 0859 - INFO] epoch: 15/100
[2023-0805 0859 - INFO] learning_rate: 0.0005
[2023-0805 0859 - INFO] train_acc: 49.647%, train_loss: nan
[2023-0805 0859 - INFO] test_acc: 49.951%, test_loss: 0.0057
[2023-0805 0859 - INFO] max_train_acc: 49.677%
[2023-0805 0859 - INFO] max_test_acc: 49.976%
[2023-0805 0859 - INFO] max_lr: 0.0005, min_lr: 0.0005
[2023-0805 0859 - INFO] ======================================
[2023-0805 0900 - INFO] epoch: 16/100
[2023-0805 0900 - INFO] learning_rate: 0.0005
[2023-0805 0900 - INFO] train_acc: 49.677%, train_loss: nan
[2023-0805 0900 - INFO] test_acc: 49.878%, test_loss: 0.0057
[2023-0805 0900 - INFO] max_train_acc: 49.677%
[2023-0805 0900 - INFO] max_test_acc: 49.976%
[2023-0805 0900 - INFO] max_lr: 0.0005, min_lr: 0.0005
[2023-0805 0900 - INFO] ======================================
[2023-0805 0900 - INFO] epoch: 17/100
[2023-0805 0900 - INFO] learning_rate: 0.0005
[2023-0805 0900 - INFO] train_acc: 49.671%, train_loss: nan
[2023-0805 0900 - INFO] test_acc: 49.878%, test_loss: 0.0057
[2023-0805 0900 - INFO] max_train_acc: 49.677%
[2023-0805 0900 - INFO] max_test_acc: 49.976%
[2023-0805 0900 - INFO] max_lr: 0.0005, min_lr: 0.0005
[2023-0805 0900 - INFO] ======================================
[2023-0805 0901 - INFO] epoch: 18/100
[2023-0805 0901 - INFO] learning_rate: 0.0005
[2023-0805 0901 - INFO] train_acc: 49.659%, train_loss: nan
[2023-0805 0901 - INFO] test_acc: 49.878%, test_loss: 0.0057
[2023-0805 0901 - INFO] max_train_acc: 49.677%
[2023-0805 0901 - INFO] max_test_acc: 49.976%
[2023-0805 0901 - INFO] max_lr: 0.0005, min_lr: 0.0005
[2023-0805 0901 - INFO] ======================================
[2023-0805 0902 - INFO] epoch: 19/100
[2023-0805 0902 - INFO] learning_rate: 0.0005
[2023-0805 0902 - INFO] train_acc: 49.724%, train_loss: nan
[2023-0805 0902 - INFO] test_acc: 49.878%, test_loss: 0.0057
[2023-0805 0902 - INFO] max_train_acc: 49.724%
[2023-0805 0902 - INFO] max_test_acc: 49.976%
[2023-0805 0902 - INFO] max_lr: 0.0005, min_lr: 0.0005
[2023-0805 0902 - INFO] ======================================
[2023-0805 0902 - INFO] epoch: 20/100
[2023-0805 0902 - INFO] learning_rate: 0.0005
[2023-0805 0902 - INFO] train_acc: 49.671%, train_loss: nan
[2023-0805 0902 - INFO] test_acc: 49.951%, test_loss: 0.0057
[2023-0805 0902 - INFO] max_train_acc: 49.724%
[2023-0805 0902 - INFO] max_test_acc: 49.976%
[2023-0805 0902 - INFO] max_lr: 0.0005, min_lr: 0.0005
[2023-0805 0902 - INFO] ======================================
[2023-0805 0903 - INFO] epoch: 21/100
[2023-0805 0903 - INFO] learning_rate: 0.0005
[2023-0805 0903 - INFO] train_acc: 49.677%, train_loss: nan
[2023-0805 0903 - INFO] test_acc: 49.976%, test_loss: 0.0057
[2023-0805 0903 - INFO] max_train_acc: 49.724%
[2023-0805 0903 - INFO] max_test_acc: 49.976%
[2023-0805 0903 - INFO] max_lr: 0.0005, min_lr: 0.0005
[2023-0805 0903 - INFO] ======================================
[2023-0805 0903 - INFO] epoch: 22/100
[2023-0805 0903 - INFO] learning_rate: 0.0005
[2023-0805 0903 - INFO] train_acc: 49.665%, train_loss: nan
[2023-0805 0903 - INFO] test_acc: 49.951%, test_loss: 0.0057
[2023-0805 0903 - INFO] max_train_acc: 49.724%
[2023-0805 0903 - INFO] max_test_acc: 49.976%
[2023-0805 0903 - INFO] max_lr: 0.0005, min_lr: 0.0005
[2023-0805 0903 - INFO] ======================================
[2023-0805 0904 - INFO] epoch: 23/100
[2023-0805 0904 - INFO] learning_rate: 0.0005
[2023-0805 0904 - INFO] train_acc: 49.694%, train_loss: nan
[2023-0805 0904 - INFO] test_acc: 49.951%, test_loss: 0.0057
[2023-0805 0904 - INFO] max_train_acc: 49.724%
[2023-0805 0904 - INFO] max_test_acc: 49.976%
[2023-0805 0904 - INFO] max_lr: 0.0005, min_lr: 0.0005
[2023-0805 0904 - INFO] ======================================
[2023-0805 0905 - INFO] epoch: 24/100
[2023-0805 0905 - INFO] learning_rate: 0.0005
[2023-0805 0905 - INFO] train_acc: 49.636%, train_loss: nan
[2023-0805 0905 - INFO] test_acc: 49.927%, test_loss: 0.0057
[2023-0805 0905 - INFO] max_train_acc: 49.724%
[2023-0805 0905 - INFO] max_test_acc: 49.976%
[2023-0805 0905 - INFO] max_lr: 0.0005, min_lr: 0.0005
[2023-0805 0905 - INFO] ======================================
[2023-0805 0905 - INFO] epoch: 25/100
[2023-0805 0905 - INFO] learning_rate: 0.0005
[2023-0805 0905 - INFO] train_acc: 49.647%, train_loss: nan
[2023-0805 0905 - INFO] test_acc: 49.927%, test_loss: 0.0057
[2023-0805 0905 - INFO] max_train_acc: 49.724%
[2023-0805 0905 - INFO] max_test_acc: 49.976%
[2023-0805 0905 - INFO] max_lr: 0.0005, min_lr: 0.0005
[2023-0805 0905 - INFO] ======================================
[2023-0805 0906 - INFO] epoch: 26/100
[2023-0805 0906 - INFO] learning_rate: 0.0005
[2023-0805 0906 - INFO] train_acc: 49.677%, train_loss: nan
[2023-0805 0906 - INFO] test_acc: 49.927%, test_loss: 0.0057
[2023-0805 0906 - INFO] max_train_acc: 49.724%
[2023-0805 0906 - INFO] max_test_acc: 49.976%
[2023-0805 0906 - INFO] max_lr: 0.0005, min_lr: 0.0005
[2023-0805 0906 - INFO] ======================================
[2023-0805 0906 - INFO] epoch: 27/100
[2023-0805 0906 - INFO] learning_rate: 0.0005
[2023-0805 0906 - INFO] train_acc: 49.730%, train_loss: nan
[2023-0805 0906 - INFO] test_acc: 49.927%, test_loss: 0.0057
[2023-0805 0906 - INFO] max_train_acc: 49.730%
[2023-0805 0906 - INFO] max_test_acc: 49.976%
[2023-0805 0906 - INFO] max_lr: 0.0005, min_lr: 0.0005
[2023-0805 0906 - INFO] ======================================
