[2023-0727 1619 - INFO] <<< BEATs_iter3_plus_AS20K >>>
[2023-0727 1619 - INFO] # trainset_size = 17010
[2023-0727 1619 - INFO] # testset_size = 4100
[2023-0727 1619 - INFO] # batch_size = 64
[2023-0727 1619 - INFO] # learning_rate = 0.0001
[2023-0727 1619 - INFO] # num_epochs = 50
[2023-0727 1619 - INFO] # padding_size = 3500
[2023-0727 1619 - INFO] # criterion = CrossEntropyLoss()
[2023-0727 1619 - INFO] # optimizer = AdamW (
Parameter Group 0
    amsgrad: False
    betas: (0.9, 0.98)
    capturable: False
    differentiable: False
    eps: 1e-08
    foreach: None
    fused: None
    lr: 0.0001
    maximize: False
    weight_decay: 0.01
)
[2023-0727 1619 - INFO] -------------------------------
[2023-0727 1620 - INFO] epoch: 1/50
[2023-0727 1620 - INFO] learning_rate: 0.0001
[2023-0727 1620 - INFO] train_acc: 65.7202%, train_loss: 0.0102
[2023-0727 1620 - INFO] test_acc: 70.5122%, test_loss: 0.0097
[2023-0727 1620 - INFO] max_train_acc: 65.7202%
[2023-0727 1620 - INFO] max_test_acc: 70.5122%
[2023-0727 1620 - INFO] max_lr: 0.0001, min_lr: 0.0001
[2023-0727 1620 - INFO] ======================================
[2023-0727 1621 - INFO] epoch: 2/50
[2023-0727 1621 - INFO] learning_rate: 0.0001
[2023-0727 1621 - INFO] train_acc: 69.4121%, train_loss: 0.0097
[2023-0727 1621 - INFO] test_acc: 70.5610%, test_loss: 0.0093
[2023-0727 1621 - INFO] max_train_acc: 69.4121%
[2023-0727 1621 - INFO] max_test_acc: 70.5610%
[2023-0727 1621 - INFO] max_lr: 0.0001, min_lr: 0.0001
[2023-0727 1621 - INFO] ======================================
[2023-0727 1621 - INFO] epoch: 3/50
[2023-0727 1621 - INFO] learning_rate: 0.0001
[2023-0727 1621 - INFO] train_acc: 69.6414%, train_loss: 0.0094
[2023-0727 1621 - INFO] test_acc: 70.5854%, test_loss: 0.0091
[2023-0727 1621 - INFO] max_train_acc: 69.6414%
[2023-0727 1621 - INFO] max_test_acc: 70.5854%
[2023-0727 1621 - INFO] max_lr: 0.0001, min_lr: 0.0001
[2023-0727 1621 - INFO] ======================================
[2023-0727 1622 - INFO] epoch: 4/50
[2023-0727 1622 - INFO] learning_rate: 0.0001
[2023-0727 1622 - INFO] train_acc: 69.9177%, train_loss: 0.0093
[2023-0727 1622 - INFO] test_acc: 70.8293%, test_loss: 0.0089
[2023-0727 1622 - INFO] max_train_acc: 69.9177%
[2023-0727 1622 - INFO] max_test_acc: 70.8293%
[2023-0727 1622 - INFO] max_lr: 0.0001, min_lr: 0.0001
[2023-0727 1622 - INFO] ======================================
[2023-0727 1622 - INFO] epoch: 5/50
[2023-0727 1622 - INFO] learning_rate: 0.0001
[2023-0727 1622 - INFO] train_acc: 69.9941%, train_loss: 0.0092
[2023-0727 1622 - INFO] test_acc: 71.8049%, test_loss: 0.0088
[2023-0727 1622 - INFO] max_train_acc: 69.9941%
[2023-0727 1622 - INFO] max_test_acc: 71.8049%
[2023-0727 1622 - INFO] max_lr: 0.0001, min_lr: 0.0001
[2023-0727 1622 - INFO] ======================================
[2023-0727 1623 - INFO] epoch: 6/50
[2023-0727 1623 - INFO] learning_rate: 0.0001
[2023-0727 1623 - INFO] train_acc: 70.6408%, train_loss: 0.0092
[2023-0727 1623 - INFO] test_acc: 73.1951%, test_loss: 0.0087
[2023-0727 1623 - INFO] max_train_acc: 70.6408%
[2023-0727 1623 - INFO] max_test_acc: 73.1951%
[2023-0727 1623 - INFO] max_lr: 0.0001, min_lr: 0.0001
[2023-0727 1623 - INFO] ======================================
[2023-0727 1623 - INFO] epoch: 7/50
[2023-0727 1623 - INFO] learning_rate: 0.0001
[2023-0727 1623 - INFO] train_acc: 71.3228%, train_loss: 0.0091
[2023-0727 1623 - INFO] test_acc: 74.2927%, test_loss: 0.0086
[2023-0727 1623 - INFO] max_train_acc: 71.3228%
[2023-0727 1623 - INFO] max_test_acc: 74.2927%
[2023-0727 1623 - INFO] max_lr: 0.0001, min_lr: 0.0001
[2023-0727 1623 - INFO] ======================================
[2023-0727 1624 - INFO] epoch: 8/50
[2023-0727 1624 - INFO] learning_rate: 0.0001
[2023-0727 1624 - INFO] train_acc: 71.6872%, train_loss: 0.0091
[2023-0727 1624 - INFO] test_acc: 75.5122%, test_loss: 0.0085
[2023-0727 1624 - INFO] max_train_acc: 71.6872%
[2023-0727 1624 - INFO] max_test_acc: 75.5122%
[2023-0727 1624 - INFO] max_lr: 0.0001, min_lr: 0.0001
[2023-0727 1624 - INFO] ======================================
[2023-0727 1624 - INFO] epoch: 9/50
[2023-0727 1624 - INFO] learning_rate: 0.0001
[2023-0727 1624 - INFO] train_acc: 72.4045%, train_loss: 0.0090
[2023-0727 1624 - INFO] test_acc: 76.0976%, test_loss: 0.0084
[2023-0727 1624 - INFO] max_train_acc: 72.4045%
[2023-0727 1624 - INFO] max_test_acc: 76.0976%
[2023-0727 1624 - INFO] max_lr: 0.0001, min_lr: 0.0001
[2023-0727 1624 - INFO] ======================================
[2023-0727 1625 - INFO] epoch: 10/50
[2023-0727 1625 - INFO] learning_rate: 0.0001
[2023-0727 1625 - INFO] train_acc: 72.5103%, train_loss: 0.0090
[2023-0727 1625 - INFO] test_acc: 76.6098%, test_loss: 0.0084
[2023-0727 1625 - INFO] max_train_acc: 72.5103%
[2023-0727 1625 - INFO] max_test_acc: 76.6098%
[2023-0727 1625 - INFO] max_lr: 0.0001, min_lr: 0.0001
[2023-0727 1625 - INFO] ======================================
[2023-0727 1625 - INFO] epoch: 11/50
[2023-0727 1625 - INFO] learning_rate: 0.0001
[2023-0727 1625 - INFO] train_acc: 73.1452%, train_loss: 0.0089
[2023-0727 1625 - INFO] test_acc: 77.6585%, test_loss: 0.0083
[2023-0727 1625 - INFO] max_train_acc: 73.1452%
[2023-0727 1625 - INFO] max_test_acc: 77.6585%
[2023-0727 1625 - INFO] max_lr: 0.0001, min_lr: 0.0001
[2023-0727 1625 - INFO] ======================================
[2023-0727 1626 - INFO] epoch: 12/50
[2023-0727 1626 - INFO] learning_rate: 0.0001
[2023-0727 1626 - INFO] train_acc: 73.1099%, train_loss: 0.0089
[2023-0727 1626 - INFO] test_acc: 78.1707%, test_loss: 0.0083
[2023-0727 1626 - INFO] max_train_acc: 73.1452%
[2023-0727 1626 - INFO] max_test_acc: 78.1707%
[2023-0727 1626 - INFO] max_lr: 0.0001, min_lr: 0.0001
[2023-0727 1626 - INFO] ======================================
[2023-0727 1627 - INFO] epoch: 13/50
[2023-0727 1627 - INFO] learning_rate: 0.0001
[2023-0727 1627 - INFO] train_acc: 73.2393%, train_loss: 0.0089
[2023-0727 1627 - INFO] test_acc: 78.6585%, test_loss: 0.0082
[2023-0727 1627 - INFO] max_train_acc: 73.2393%
[2023-0727 1627 - INFO] max_test_acc: 78.6585%
[2023-0727 1627 - INFO] max_lr: 0.0001, min_lr: 0.0001
[2023-0727 1627 - INFO] ======================================
[2023-0727 1627 - INFO] epoch: 14/50
[2023-0727 1627 - INFO] learning_rate: 0.0001
[2023-0727 1627 - INFO] train_acc: 73.4274%, train_loss: 0.0089
[2023-0727 1627 - INFO] test_acc: 78.6829%, test_loss: 0.0082
[2023-0727 1627 - INFO] max_train_acc: 73.4274%
[2023-0727 1627 - INFO] max_test_acc: 78.6829%
[2023-0727 1627 - INFO] max_lr: 0.0001, min_lr: 0.0001
[2023-0727 1627 - INFO] ======================================
[2023-0727 1628 - INFO] epoch: 15/50
[2023-0727 1628 - INFO] learning_rate: 0.0001
[2023-0727 1628 - INFO] train_acc: 73.5802%, train_loss: 0.0088
[2023-0727 1628 - INFO] test_acc: 79.0732%, test_loss: 0.0082
[2023-0727 1628 - INFO] max_train_acc: 73.5802%
[2023-0727 1628 - INFO] max_test_acc: 79.0732%
[2023-0727 1628 - INFO] max_lr: 0.0001, min_lr: 0.0001
[2023-0727 1628 - INFO] ======================================
[2023-0727 1628 - INFO] epoch: 16/50
[2023-0727 1628 - INFO] learning_rate: 0.0001
[2023-0727 1628 - INFO] train_acc: 73.5391%, train_loss: 0.0088
[2023-0727 1628 - INFO] test_acc: 79.1220%, test_loss: 0.0082
[2023-0727 1628 - INFO] max_train_acc: 73.5802%
[2023-0727 1628 - INFO] max_test_acc: 79.1220%
[2023-0727 1628 - INFO] max_lr: 0.0001, min_lr: 0.0001
[2023-0727 1628 - INFO] ======================================
[2023-0727 1629 - INFO] epoch: 17/50
[2023-0727 1629 - INFO] learning_rate: 0.0001
[2023-0727 1629 - INFO] train_acc: 73.9741%, train_loss: 0.0088
[2023-0727 1629 - INFO] test_acc: 79.0976%, test_loss: 0.0081
[2023-0727 1629 - INFO] max_train_acc: 73.9741%
[2023-0727 1629 - INFO] max_test_acc: 79.1220%
[2023-0727 1632 - INFO] max_lr: 0.0001, min_lr: 0.0001
[2023-0727 1632 - INFO] ======================================
[2023-0727 1633 - INFO] epoch: 18/50
[2023-0727 1633 - INFO] learning_rate: 0.0001
[2023-0727 1633 - INFO] train_acc: 73.9683%, train_loss: 0.0088
[2023-0727 1633 - INFO] test_acc: 79.3171%, test_loss: 0.0081
[2023-0727 1633 - INFO] max_train_acc: 73.9741%
[2023-0727 1633 - INFO] max_test_acc: 79.3171%
[2023-0727 1633 - INFO] max_lr: 0.0001, min_lr: 0.0001
[2023-0727 1633 - INFO] ======================================
[2023-0727 1633 - INFO] epoch: 19/50
[2023-0727 1633 - INFO] learning_rate: 0.0001
[2023-0727 1633 - INFO] train_acc: 73.8859%, train_loss: 0.0088
[2023-0727 1633 - INFO] test_acc: 79.2927%, test_loss: 0.0081
[2023-0727 1633 - INFO] max_train_acc: 73.9741%
[2023-0727 1633 - INFO] max_test_acc: 79.3171%
[2023-0727 1633 - INFO] max_lr: 0.0001, min_lr: 0.0001
[2023-0727 1633 - INFO] ======================================
[2023-0727 1634 - INFO] epoch: 20/50
[2023-0727 1634 - INFO] learning_rate: 0.0001
[2023-0727 1634 - INFO] train_acc: 73.9153%, train_loss: 0.0088
[2023-0727 1634 - INFO] test_acc: 79.2927%, test_loss: 0.0081
[2023-0727 1634 - INFO] max_train_acc: 73.9741%
[2023-0727 1634 - INFO] max_test_acc: 79.3171%
[2023-0727 1634 - INFO] max_lr: 0.0001, min_lr: 0.0001
[2023-0727 1634 - INFO] ======================================
[2023-0727 1634 - INFO] epoch: 21/50
[2023-0727 1634 - INFO] learning_rate: 0.0001
[2023-0727 1634 - INFO] train_acc: 73.6273%, train_loss: 0.0088
[2023-0727 1634 - INFO] test_acc: 79.4878%, test_loss: 0.0081
[2023-0727 1634 - INFO] max_train_acc: 73.9741%
[2023-0727 1634 - INFO] max_test_acc: 79.4878%
[2023-0727 1634 - INFO] max_lr: 0.0001, min_lr: 0.0001
[2023-0727 1634 - INFO] ======================================
[2023-0727 1635 - INFO] epoch: 22/50
[2023-0727 1635 - INFO] learning_rate: 0.0001
[2023-0727 1635 - INFO] train_acc: 74.0270%, train_loss: 0.0087
[2023-0727 1635 - INFO] test_acc: 79.4146%, test_loss: 0.0081
[2023-0727 1635 - INFO] max_train_acc: 74.0270%
[2023-0727 1635 - INFO] max_test_acc: 79.4878%
[2023-0727 1635 - INFO] max_lr: 0.0001, min_lr: 0.0001
[2023-0727 1635 - INFO] ======================================
[2023-0727 1635 - INFO] epoch: 23/50
[2023-0727 1635 - INFO] learning_rate: 0.0001
[2023-0727 1635 - INFO] train_acc: 74.2328%, train_loss: 0.0087
[2023-0727 1635 - INFO] test_acc: 79.5610%, test_loss: 0.0080
[2023-0727 1635 - INFO] max_train_acc: 74.2328%
[2023-0727 1635 - INFO] max_test_acc: 79.5610%
[2023-0727 1635 - INFO] max_lr: 0.0001, min_lr: 0.0001
[2023-0727 1635 - INFO] ======================================
[2023-0727 1636 - INFO] epoch: 24/50
[2023-0727 1636 - INFO] learning_rate: 0.0001
[2023-0727 1636 - INFO] train_acc: 73.9271%, train_loss: 0.0087
[2023-0727 1636 - INFO] test_acc: 79.4878%, test_loss: 0.0080
[2023-0727 1636 - INFO] max_train_acc: 74.2328%
[2023-0727 1636 - INFO] max_test_acc: 79.5610%
[2023-0727 1636 - INFO] max_lr: 0.0001, min_lr: 0.0001
[2023-0727 1636 - INFO] ======================================
[2023-0727 1636 - INFO] epoch: 25/50
[2023-0727 1636 - INFO] learning_rate: 0.0001
[2023-0727 1636 - INFO] train_acc: 74.3151%, train_loss: 0.0087
[2023-0727 1636 - INFO] test_acc: 79.6585%, test_loss: 0.0080
[2023-0727 1636 - INFO] max_train_acc: 74.3151%
[2023-0727 1636 - INFO] max_test_acc: 79.6585%
[2023-0727 1636 - INFO] max_lr: 0.0001, min_lr: 0.0001
[2023-0727 1636 - INFO] ======================================
[2023-0727 1637 - INFO] epoch: 26/50
[2023-0727 1637 - INFO] learning_rate: 0.0001
[2023-0727 1637 - INFO] train_acc: 73.9976%, train_loss: 0.0087
[2023-0727 1637 - INFO] test_acc: 79.6098%, test_loss: 0.0080
[2023-0727 1637 - INFO] max_train_acc: 74.3151%
[2023-0727 1637 - INFO] max_test_acc: 79.6585%
[2023-0727 1637 - INFO] max_lr: 0.0001, min_lr: 0.0001
[2023-0727 1637 - INFO] ======================================
[2023-0727 1637 - INFO] epoch: 27/50
[2023-0727 1637 - INFO] learning_rate: 0.0001
[2023-0727 1637 - INFO] train_acc: 74.0094%, train_loss: 0.0087
[2023-0727 1637 - INFO] test_acc: 79.6829%, test_loss: 0.0080
[2023-0727 1637 - INFO] max_train_acc: 74.3151%
[2023-0727 1637 - INFO] max_test_acc: 79.6829%
[2023-0727 1637 - INFO] max_lr: 0.0001, min_lr: 0.0001
[2023-0727 1637 - INFO] ======================================
[2023-0727 1638 - INFO] epoch: 28/50
[2023-0727 1638 - INFO] learning_rate: 0.0001
[2023-0727 1638 - INFO] train_acc: 74.5503%, train_loss: 0.0087
[2023-0727 1638 - INFO] test_acc: 79.7317%, test_loss: 0.0080
[2023-0727 1638 - INFO] max_train_acc: 74.5503%
[2023-0727 1638 - INFO] max_test_acc: 79.7317%
[2023-0727 1638 - INFO] max_lr: 0.0001, min_lr: 0.0001
[2023-0727 1638 - INFO] ======================================
[2023-0727 1638 - INFO] epoch: 29/50
[2023-0727 1638 - INFO] learning_rate: 0.0001
[2023-0727 1638 - INFO] train_acc: 74.4856%, train_loss: 0.0087
[2023-0727 1638 - INFO] test_acc: 79.6585%, test_loss: 0.0080
[2023-0727 1638 - INFO] max_train_acc: 74.5503%
[2023-0727 1638 - INFO] max_test_acc: 79.7317%
[2023-0727 1638 - INFO] max_lr: 0.0001, min_lr: 0.0001
[2023-0727 1638 - INFO] ======================================
[2023-0727 1639 - INFO] epoch: 30/50
[2023-0727 1639 - INFO] learning_rate: 0.0001
[2023-0727 1639 - INFO] train_acc: 74.2328%, train_loss: 0.0087
[2023-0727 1639 - INFO] test_acc: 79.8293%, test_loss: 0.0080
[2023-0727 1639 - INFO] max_train_acc: 74.5503%
[2023-0727 1639 - INFO] max_test_acc: 79.8293%
[2023-0727 1639 - INFO] max_lr: 0.0001, min_lr: 0.0001
[2023-0727 1639 - INFO] ======================================
[2023-0727 1640 - INFO] epoch: 31/50
[2023-0727 1640 - INFO] learning_rate: 0.0001
[2023-0727 1640 - INFO] train_acc: 74.4503%, train_loss: 0.0087
[2023-0727 1640 - INFO] test_acc: 79.6829%, test_loss: 0.0080
[2023-0727 1640 - INFO] max_train_acc: 74.5503%
[2023-0727 1640 - INFO] max_test_acc: 79.8293%
[2023-0727 1640 - INFO] max_lr: 0.0001, min_lr: 0.0001
[2023-0727 1640 - INFO] ======================================
[2023-0727 1640 - INFO] epoch: 32/50
[2023-0727 1640 - INFO] learning_rate: 0.0001
[2023-0727 1640 - INFO] train_acc: 73.9976%, train_loss: 0.0087
[2023-0727 1640 - INFO] test_acc: 79.7805%, test_loss: 0.0080
[2023-0727 1640 - INFO] max_train_acc: 74.5503%
[2023-0727 1640 - INFO] max_test_acc: 79.8293%
[2023-0727 1640 - INFO] max_lr: 0.0001, min_lr: 0.0001
[2023-0727 1640 - INFO] ======================================
[2023-0727 1641 - INFO] epoch: 33/50
[2023-0727 1641 - INFO] learning_rate: 0.0001
[2023-0727 1641 - INFO] train_acc: 74.0682%, train_loss: 0.0087
[2023-0727 1641 - INFO] test_acc: 80.0244%, test_loss: 0.0080
[2023-0727 1641 - INFO] max_train_acc: 74.5503%
[2023-0727 1641 - INFO] max_test_acc: 80.0244%
[2023-0727 1641 - INFO] max_lr: 0.0001, min_lr: 0.0001
[2023-0727 1641 - INFO] ======================================
[2023-0727 1641 - INFO] epoch: 34/50
[2023-0727 1641 - INFO] learning_rate: 0.0001
[2023-0727 1641 - INFO] train_acc: 74.4033%, train_loss: 0.0087
[2023-0727 1641 - INFO] test_acc: 79.7317%, test_loss: 0.0079
[2023-0727 1641 - INFO] max_train_acc: 74.5503%
[2023-0727 1641 - INFO] max_test_acc: 80.0244%
[2023-0727 1641 - INFO] max_lr: 0.0001, min_lr: 0.0001
[2023-0727 1641 - INFO] ======================================
[2023-0727 1642 - INFO] epoch: 35/50
[2023-0727 1642 - INFO] learning_rate: 0.0001
[2023-0727 1642 - INFO] train_acc: 74.4797%, train_loss: 0.0086
[2023-0727 1642 - INFO] test_acc: 79.8537%, test_loss: 0.0079
[2023-0727 1642 - INFO] max_train_acc: 74.5503%
[2023-0727 1642 - INFO] max_test_acc: 80.0244%
[2023-0727 1642 - INFO] max_lr: 0.0001, min_lr: 0.0001
[2023-0727 1642 - INFO] ======================================
[2023-0727 1642 - INFO] epoch: 36/50
[2023-0727 1642 - INFO] learning_rate: 0.0001
[2023-0727 1642 - INFO] train_acc: 74.2916%, train_loss: 0.0087
[2023-0727 1642 - INFO] test_acc: 79.8780%, test_loss: 0.0079
[2023-0727 1642 - INFO] max_train_acc: 74.5503%
[2023-0727 1642 - INFO] max_test_acc: 80.0244%
[2023-0727 1642 - INFO] max_lr: 0.0001, min_lr: 0.0001
[2023-0727 1642 - INFO] ======================================
[2023-0727 1643 - INFO] epoch: 37/50
[2023-0727 1643 - INFO] learning_rate: 0.0001
[2023-0727 1643 - INFO] train_acc: 74.7854%, train_loss: 0.0086
[2023-0727 1643 - INFO] test_acc: 79.9268%, test_loss: 0.0079
[2023-0727 1643 - INFO] max_train_acc: 74.7854%
[2023-0727 1643 - INFO] max_test_acc: 80.0244%
[2023-0727 1643 - INFO] max_lr: 0.0001, min_lr: 0.0001
[2023-0727 1643 - INFO] ======================================
[2023-0727 1643 - INFO] epoch: 38/50
[2023-0727 1643 - INFO] learning_rate: 0.0001
[2023-0727 1643 - INFO] train_acc: 74.5503%, train_loss: 0.0086
[2023-0727 1643 - INFO] test_acc: 79.8780%, test_loss: 0.0079
[2023-0727 1643 - INFO] max_train_acc: 74.7854%
[2023-0727 1643 - INFO] max_test_acc: 80.0244%
[2023-0727 1643 - INFO] max_lr: 0.0001, min_lr: 0.0001
[2023-0727 1643 - INFO] ======================================
[2023-0727 1644 - INFO] epoch: 39/50
[2023-0727 1644 - INFO] learning_rate: 0.0001
[2023-0727 1644 - INFO] train_acc: 74.3034%, train_loss: 0.0086
[2023-0727 1644 - INFO] test_acc: 79.8537%, test_loss: 0.0079
[2023-0727 1644 - INFO] max_train_acc: 74.7854%
[2023-0727 1644 - INFO] max_test_acc: 80.0244%
[2023-0727 1644 - INFO] max_lr: 0.0001, min_lr: 0.0001
[2023-0727 1644 - INFO] ======================================
[2023-0727 1644 - INFO] epoch: 40/50
[2023-0727 1644 - INFO] learning_rate: 0.0001
[2023-0727 1644 - INFO] train_acc: 74.2798%, train_loss: 0.0086
[2023-0727 1644 - INFO] test_acc: 79.9024%, test_loss: 0.0079
[2023-0727 1644 - INFO] max_train_acc: 74.7854%
[2023-0727 1644 - INFO] max_test_acc: 80.0244%
[2023-0727 1644 - INFO] max_lr: 0.0001, min_lr: 0.0001
[2023-0727 1644 - INFO] ======================================
[2023-0727 1645 - INFO] epoch: 41/50
[2023-0727 1645 - INFO] learning_rate: 0.0001
[2023-0727 1645 - INFO] train_acc: 74.3798%, train_loss: 0.0086
[2023-0727 1645 - INFO] test_acc: 79.8780%, test_loss: 0.0079
[2023-0727 1645 - INFO] max_train_acc: 74.7854%
[2023-0727 1645 - INFO] max_test_acc: 80.0244%
[2023-0727 1645 - INFO] max_lr: 0.0001, min_lr: 0.0001
[2023-0727 1645 - INFO] ======================================
[2023-0727 1645 - INFO] epoch: 42/50
[2023-0727 1645 - INFO] learning_rate: 0.0001
[2023-0727 1645 - INFO] train_acc: 74.5797%, train_loss: 0.0086
[2023-0727 1645 - INFO] test_acc: 80.0244%, test_loss: 0.0079
[2023-0727 1645 - INFO] max_train_acc: 74.7854%
[2023-0727 1645 - INFO] max_test_acc: 80.0244%
[2023-0727 1645 - INFO] max_lr: 0.0001, min_lr: 0.0001
[2023-0727 1645 - INFO] ======================================
[2023-0727 1646 - INFO] epoch: 43/50
[2023-0727 1646 - INFO] learning_rate: 0.0001
[2023-0727 1646 - INFO] train_acc: 74.2740%, train_loss: 0.0086
[2023-0727 1646 - INFO] test_acc: 79.9512%, test_loss: 0.0079
[2023-0727 1646 - INFO] max_train_acc: 74.7854%
[2023-0727 1646 - INFO] max_test_acc: 80.0244%
[2023-0727 1646 - INFO] max_lr: 0.0001, min_lr: 0.0001
[2023-0727 1646 - INFO] ======================================
[2023-0727 1646 - INFO] epoch: 44/50
[2023-0727 1646 - INFO] learning_rate: 0.0001
[2023-0727 1646 - INFO] train_acc: 74.7266%, train_loss: 0.0086
[2023-0727 1646 - INFO] test_acc: 79.9512%, test_loss: 0.0079
[2023-0727 1646 - INFO] max_train_acc: 74.7854%
[2023-0727 1646 - INFO] max_test_acc: 80.0244%
[2023-0727 1646 - INFO] max_lr: 0.0001, min_lr: 0.0001
[2023-0727 1646 - INFO] ======================================
[2023-0727 1647 - INFO] epoch: 45/50
[2023-0727 1647 - INFO] learning_rate: 0.0001
[2023-0727 1647 - INFO] train_acc: 74.6502%, train_loss: 0.0086
[2023-0727 1647 - INFO] test_acc: 79.8780%, test_loss: 0.0079
[2023-0727 1647 - INFO] max_train_acc: 74.7854%
[2023-0727 1647 - INFO] max_test_acc: 80.0244%
[2023-0727 1647 - INFO] max_lr: 0.0001, min_lr: 0.0001
[2023-0727 1647 - INFO] ======================================
[2023-0727 1647 - INFO] epoch: 46/50
[2023-0727 1647 - INFO] learning_rate: 0.0001
[2023-0727 1647 - INFO] train_acc: 74.5797%, train_loss: 0.0086
[2023-0727 1647 - INFO] test_acc: 80.1707%, test_loss: 0.0079
[2023-0727 1647 - INFO] max_train_acc: 74.7854%
[2023-0727 1647 - INFO] max_test_acc: 80.1707%
[2023-0727 1647 - INFO] max_lr: 0.0001, min_lr: 0.0001
[2023-0727 1647 - INFO] ======================================
[2023-0727 1648 - INFO] epoch: 47/50
[2023-0727 1648 - INFO] learning_rate: 0.0001
[2023-0727 1648 - INFO] train_acc: 74.5209%, train_loss: 0.0086
[2023-0727 1648 - INFO] test_acc: 80.1463%, test_loss: 0.0079
[2023-0727 1648 - INFO] max_train_acc: 74.7854%
[2023-0727 1648 - INFO] max_test_acc: 80.1707%
[2023-0727 1648 - INFO] max_lr: 0.0001, min_lr: 0.0001
[2023-0727 1648 - INFO] ======================================
[2023-0727 1648 - INFO] epoch: 48/50
[2023-0727 1648 - INFO] learning_rate: 0.0001
[2023-0727 1648 - INFO] train_acc: 74.7795%, train_loss: 0.0086
[2023-0727 1648 - INFO] test_acc: 80.2439%, test_loss: 0.0079
[2023-0727 1648 - INFO] max_train_acc: 74.7854%
[2023-0727 1648 - INFO] max_test_acc: 80.2439%
[2023-0727 1648 - INFO] max_lr: 0.0001, min_lr: 0.0001
[2023-0727 1648 - INFO] ======================================
[2023-0727 1649 - INFO] epoch: 49/50
[2023-0727 1649 - INFO] learning_rate: 0.0001
[2023-0727 1649 - INFO] train_acc: 74.6149%, train_loss: 0.0086
[2023-0727 1649 - INFO] test_acc: 79.9512%, test_loss: 0.0079
[2023-0727 1649 - INFO] max_train_acc: 74.7854%
[2023-0727 1649 - INFO] max_test_acc: 80.2439%
[2023-0727 1649 - INFO] max_lr: 0.0001, min_lr: 0.0001
[2023-0727 1649 - INFO] ======================================
[2023-0727 1650 - INFO] epoch: 50/50
[2023-0727 1650 - INFO] learning_rate: 0.0001
[2023-0727 1650 - INFO] train_acc: 74.8089%, train_loss: 0.0086
[2023-0727 1650 - INFO] test_acc: 80.2195%, test_loss: 0.0079
[2023-0727 1650 - INFO] max_train_acc: 74.8089%
[2023-0727 1650 - INFO] max_test_acc: 80.2439%
[2023-0727 1650 - INFO] max_lr: 0.0001, min_lr: 0.0001
[2023-0727 1650 - INFO] ======================================
