[2023-19-07 23:17:29 - INFO:] # batch_size = 128
[2023-19-07 23:17:29 - INFO:] # learning_rate = 0.0005
[2023-19-07 23:17:29 - INFO:] # num_epochs = 100
[2023-19-07 23:17:29 - INFO:] # padding_size = 3500
[2023-19-07 23:17:29 - INFO:] # optimizer = AdamW (
Parameter Group 0
    amsgrad: False
    betas: (0.9, 0.999)
    capturable: False
    differentiable: False
    eps: 1e-08
    foreach: None
    fused: None
    lr: 0.0005
    maximize: False
    weight_decay: 0.01
)
[2023-19-07 23:17:29 - INFO:] # criterion = CrossEntropyLoss()
[2023-19-07 23:17:29 - INFO:] ------------------------------------
[2023-19-07 23:20:29 - INFO:] epoch: 0/100
[2023-19-07 23:20:29 - INFO:] train_loss: 0.462
[2023-19-07 23:20:29 - INFO:] test_acc: 90.836%, test_loss: 0.003
[2023-19-07 23:20:29 - INFO:] ======================================
[2023-19-07 23:23:41 - INFO:] epoch: 1/100
[2023-19-07 23:23:41 - INFO:] train_loss: 0.368
[2023-19-07 23:23:41 - INFO:] test_acc: 90.849%, test_loss: 0.003
[2023-19-07 23:23:41 - INFO:] ======================================
[2023-19-07 23:26:53 - INFO:] epoch: 2/100
[2023-19-07 23:26:53 - INFO:] train_loss: 0.384
[2023-19-07 23:26:53 - INFO:] test_acc: 90.849%, test_loss: 0.003
[2023-19-07 23:26:53 - INFO:] ======================================
[2023-19-07 23:30:04 - INFO:] epoch: 3/100
[2023-19-07 23:30:04 - INFO:] train_loss: 0.423
[2023-19-07 23:30:04 - INFO:] test_acc: 90.849%, test_loss: 0.003
[2023-19-07 23:30:04 - INFO:] ======================================
[2023-19-07 23:33:16 - INFO:] epoch: 4/100
[2023-19-07 23:33:16 - INFO:] train_loss: 0.384
[2023-19-07 23:33:16 - INFO:] test_acc: 90.853%, test_loss: 0.003
[2023-19-07 23:33:16 - INFO:] ======================================
[2023-19-07 23:36:28 - INFO:] epoch: 5/100
[2023-19-07 23:36:28 - INFO:] train_loss: 0.376
[2023-19-07 23:36:28 - INFO:] test_acc: 90.845%, test_loss: 0.003
[2023-19-07 23:36:28 - INFO:] ======================================
[2023-19-07 23:39:39 - INFO:] epoch: 6/100
[2023-19-07 23:39:39 - INFO:] train_loss: 0.376
[2023-19-07 23:39:39 - INFO:] test_acc: 90.849%, test_loss: 0.003
[2023-19-07 23:39:39 - INFO:] ======================================
[2023-19-07 23:42:51 - INFO:] epoch: 7/100
[2023-19-07 23:42:51 - INFO:] train_loss: 0.399
[2023-19-07 23:42:51 - INFO:] test_acc: 90.853%, test_loss: 0.003
[2023-19-07 23:42:51 - INFO:] ======================================
[2023-19-07 23:46:03 - INFO:] epoch: 8/100
[2023-19-07 23:46:03 - INFO:] train_loss: 0.415
[2023-19-07 23:46:03 - INFO:] test_acc: 90.827%, test_loss: 0.003
[2023-19-07 23:46:03 - INFO:] ======================================
[2023-19-07 23:49:14 - INFO:] epoch: 9/100
[2023-19-07 23:49:14 - INFO:] train_loss: 0.399
[2023-19-07 23:49:14 - INFO:] test_acc: 90.862%, test_loss: 0.003
[2023-19-07 23:49:14 - INFO:] ======================================
[2023-19-07 23:52:26 - INFO:] epoch: 10/100
[2023-19-07 23:52:26 - INFO:] train_loss: 0.404
[2023-19-07 23:52:26 - INFO:] test_acc: 90.901%, test_loss: 0.003
[2023-19-07 23:52:26 - INFO:] ======================================
[2023-19-07 23:55:37 - INFO:] epoch: 11/100
[2023-19-07 23:55:37 - INFO:] train_loss: 0.402
[2023-19-07 23:55:37 - INFO:] test_acc: 90.910%, test_loss: 0.003
[2023-19-07 23:55:37 - INFO:] ======================================
[2023-19-07 23:58:49 - INFO:] epoch: 12/100
[2023-19-07 23:58:49 - INFO:] train_loss: 0.398
[2023-19-07 23:58:49 - INFO:] test_acc: 90.897%, test_loss: 0.003
[2023-19-07 23:58:49 - INFO:] ======================================
[2023-20-07 00:02:00 - INFO:] epoch: 13/100
[2023-20-07 00:02:00 - INFO:] train_loss: 0.410
[2023-20-07 00:02:00 - INFO:] test_acc: 90.897%, test_loss: 0.003
[2023-20-07 00:02:00 - INFO:] ======================================
[2023-20-07 00:05:12 - INFO:] epoch: 14/100
[2023-20-07 00:05:12 - INFO:] train_loss: 0.408
[2023-20-07 00:05:12 - INFO:] test_acc: 90.875%, test_loss: 0.003
[2023-20-07 00:05:12 - INFO:] ======================================
[2023-20-07 00:08:24 - INFO:] epoch: 15/100
[2023-20-07 00:08:24 - INFO:] train_loss: 0.415
[2023-20-07 00:08:24 - INFO:] test_acc: 90.858%, test_loss: 0.003
[2023-20-07 00:08:24 - INFO:] ======================================
[2023-20-07 00:11:35 - INFO:] epoch: 16/100
[2023-20-07 00:11:35 - INFO:] train_loss: 0.424
[2023-20-07 00:11:35 - INFO:] test_acc: 90.906%, test_loss: 0.003
[2023-20-07 00:11:35 - INFO:] ======================================
[2023-20-07 00:14:47 - INFO:] epoch: 17/100
[2023-20-07 00:14:47 - INFO:] train_loss: 0.353
[2023-20-07 00:14:47 - INFO:] test_acc: 90.892%, test_loss: 0.003
[2023-20-07 00:14:47 - INFO:] ======================================
[2023-20-07 00:17:58 - INFO:] epoch: 18/100
[2023-20-07 00:17:58 - INFO:] train_loss: 0.376
[2023-20-07 00:17:58 - INFO:] test_acc: 90.945%, test_loss: 0.003
[2023-20-07 00:17:59 - INFO:] ======================================
[2023-20-07 00:21:10 - INFO:] epoch: 19/100
[2023-20-07 00:21:10 - INFO:] train_loss: 0.427
[2023-20-07 00:21:10 - INFO:] test_acc: 91.062%, test_loss: 0.003
[2023-20-07 00:21:10 - INFO:] ======================================
[2023-20-07 00:24:22 - INFO:] epoch: 20/100
[2023-20-07 00:24:22 - INFO:] train_loss: 0.399
[2023-20-07 00:24:22 - INFO:] test_acc: 91.088%, test_loss: 0.003
[2023-20-07 00:24:22 - INFO:] ======================================
[2023-20-07 00:27:33 - INFO:] epoch: 21/100
[2023-20-07 00:27:33 - INFO:] train_loss: 0.381
[2023-20-07 00:27:33 - INFO:] test_acc: 90.984%, test_loss: 0.003
[2023-20-07 00:27:33 - INFO:] ======================================
[2023-20-07 00:30:45 - INFO:] epoch: 22/100
[2023-20-07 00:30:45 - INFO:] train_loss: 0.381
[2023-20-07 00:30:45 - INFO:] test_acc: 90.984%, test_loss: 0.003
[2023-20-07 00:30:45 - INFO:] ======================================
[2023-20-07 00:33:56 - INFO:] epoch: 23/100
[2023-20-07 00:33:56 - INFO:] train_loss: 0.364
[2023-20-07 00:33:56 - INFO:] test_acc: 91.010%, test_loss: 0.003
[2023-20-07 00:33:56 - INFO:] ======================================
[2023-20-07 00:37:08 - INFO:] epoch: 24/100
[2023-20-07 00:37:08 - INFO:] train_loss: 0.426
[2023-20-07 00:37:08 - INFO:] test_acc: 91.062%, test_loss: 0.003
[2023-20-07 00:37:08 - INFO:] ======================================
[2023-20-07 00:40:20 - INFO:] epoch: 25/100
[2023-20-07 00:40:20 - INFO:] train_loss: 0.433
[2023-20-07 00:40:20 - INFO:] test_acc: 91.141%, test_loss: 0.003
[2023-20-07 00:40:20 - INFO:] ======================================
[2023-20-07 00:43:31 - INFO:] epoch: 26/100
[2023-20-07 00:43:31 - INFO:] train_loss: 0.374
[2023-20-07 00:43:31 - INFO:] test_acc: 91.202%, test_loss: 0.003
[2023-20-07 00:43:31 - INFO:] ======================================
[2023-20-07 00:46:43 - INFO:] epoch: 27/100
[2023-20-07 00:46:43 - INFO:] train_loss: 0.392
[2023-20-07 00:46:43 - INFO:] test_acc: 91.158%, test_loss: 0.003
[2023-20-07 00:46:43 - INFO:] ======================================
[2023-20-07 00:49:54 - INFO:] epoch: 28/100
[2023-20-07 00:49:54 - INFO:] train_loss: 0.378
[2023-20-07 00:49:54 - INFO:] test_acc: 91.036%, test_loss: 0.003
[2023-20-07 00:49:54 - INFO:] ======================================
[2023-20-07 00:53:06 - INFO:] epoch: 29/100
[2023-20-07 00:53:06 - INFO:] train_loss: 0.406
[2023-20-07 00:53:06 - INFO:] test_acc: 91.158%, test_loss: 0.003
[2023-20-07 00:53:06 - INFO:] ======================================
[2023-20-07 00:56:17 - INFO:] epoch: 30/100
[2023-20-07 00:56:17 - INFO:] train_loss: 0.432
[2023-20-07 00:56:17 - INFO:] test_acc: 91.167%, test_loss: 0.003
[2023-20-07 00:56:17 - INFO:] ======================================
[2023-20-07 00:59:29 - INFO:] epoch: 31/100
[2023-20-07 00:59:29 - INFO:] train_loss: 0.374
[2023-20-07 00:59:29 - INFO:] test_acc: 91.128%, test_loss: 0.003
[2023-20-07 00:59:29 - INFO:] ======================================
[2023-20-07 01:02:41 - INFO:] epoch: 32/100
[2023-20-07 01:02:41 - INFO:] train_loss: 0.418
[2023-20-07 01:02:41 - INFO:] test_acc: 91.184%, test_loss: 0.003
[2023-20-07 01:02:41 - INFO:] ======================================
[2023-20-07 01:05:52 - INFO:] epoch: 33/100
[2023-20-07 01:05:52 - INFO:] train_loss: 0.409
[2023-20-07 01:05:52 - INFO:] test_acc: 91.206%, test_loss: 0.003
[2023-20-07 01:05:52 - INFO:] ======================================
[2023-20-07 01:09:04 - INFO:] epoch: 34/100
[2023-20-07 01:09:04 - INFO:] train_loss: 0.385
[2023-20-07 01:09:04 - INFO:] test_acc: 91.236%, test_loss: 0.003
[2023-20-07 01:09:04 - INFO:] ======================================
[2023-20-07 01:12:16 - INFO:] epoch: 35/100
[2023-20-07 01:12:16 - INFO:] train_loss: 0.435
[2023-20-07 01:12:16 - INFO:] test_acc: 91.206%, test_loss: 0.003
[2023-20-07 01:12:16 - INFO:] ======================================
[2023-20-07 01:15:27 - INFO:] epoch: 36/100
[2023-20-07 01:15:27 - INFO:] train_loss: 0.382
[2023-20-07 01:15:27 - INFO:] test_acc: 91.254%, test_loss: 0.003
[2023-20-07 01:15:27 - INFO:] ======================================
[2023-20-07 01:18:39 - INFO:] epoch: 37/100
[2023-20-07 01:18:39 - INFO:] train_loss: 0.423
[2023-20-07 01:18:39 - INFO:] test_acc: 91.263%, test_loss: 0.003
[2023-20-07 01:18:39 - INFO:] ======================================
[2023-20-07 01:21:51 - INFO:] epoch: 38/100
[2023-20-07 01:21:51 - INFO:] train_loss: 0.410
[2023-20-07 01:21:51 - INFO:] test_acc: 91.315%, test_loss: 0.003
[2023-20-07 01:21:51 - INFO:] ======================================
[2023-20-07 01:25:03 - INFO:] epoch: 39/100
[2023-20-07 01:25:03 - INFO:] train_loss: 0.374
[2023-20-07 01:25:03 - INFO:] test_acc: 91.297%, test_loss: 0.003
[2023-20-07 01:25:03 - INFO:] ======================================
[2023-20-07 01:28:14 - INFO:] epoch: 40/100
[2023-20-07 01:28:14 - INFO:] train_loss: 0.399
[2023-20-07 01:28:14 - INFO:] test_acc: 91.332%, test_loss: 0.003
[2023-20-07 01:28:14 - INFO:] ======================================
[2023-20-07 01:31:26 - INFO:] epoch: 41/100
[2023-20-07 01:31:26 - INFO:] train_loss: 0.388
[2023-20-07 01:31:26 - INFO:] test_acc: 91.306%, test_loss: 0.003
[2023-20-07 01:31:26 - INFO:] ======================================
[2023-20-07 01:34:37 - INFO:] epoch: 42/100
[2023-20-07 01:34:37 - INFO:] train_loss: 0.397
[2023-20-07 01:34:37 - INFO:] test_acc: 91.363%, test_loss: 0.003
[2023-20-07 01:34:37 - INFO:] ======================================
[2023-20-07 01:37:49 - INFO:] epoch: 43/100
[2023-20-07 01:37:49 - INFO:] train_loss: 0.425
[2023-20-07 01:37:49 - INFO:] test_acc: 91.471%, test_loss: 0.003
[2023-20-07 01:37:49 - INFO:] ======================================
[2023-20-07 01:41:00 - INFO:] epoch: 44/100
[2023-20-07 01:41:00 - INFO:] train_loss: 0.399
[2023-20-07 01:41:00 - INFO:] test_acc: 91.376%, test_loss: 0.003
[2023-20-07 01:41:00 - INFO:] ======================================
[2023-20-07 01:44:12 - INFO:] epoch: 45/100
[2023-20-07 01:44:12 - INFO:] train_loss: 0.379
[2023-20-07 01:44:12 - INFO:] test_acc: 91.341%, test_loss: 0.003
[2023-20-07 01:44:12 - INFO:] ======================================
[2023-20-07 01:47:23 - INFO:] epoch: 46/100
[2023-20-07 01:47:23 - INFO:] train_loss: 0.399
[2023-20-07 01:47:23 - INFO:] test_acc: 91.489%, test_loss: 0.003
[2023-20-07 01:47:23 - INFO:] ======================================
[2023-20-07 01:50:35 - INFO:] epoch: 47/100
[2023-20-07 01:50:35 - INFO:] train_loss: 0.448
[2023-20-07 01:50:35 - INFO:] test_acc: 91.437%, test_loss: 0.003
[2023-20-07 01:50:35 - INFO:] ======================================
[2023-20-07 01:53:47 - INFO:] epoch: 48/100
[2023-20-07 01:53:47 - INFO:] train_loss: 0.406
[2023-20-07 01:53:47 - INFO:] test_acc: 91.598%, test_loss: 0.003
[2023-20-07 01:53:47 - INFO:] ======================================
[2023-20-07 01:56:58 - INFO:] epoch: 49/100
[2023-20-07 01:56:58 - INFO:] train_loss: 0.424
[2023-20-07 01:56:58 - INFO:] test_acc: 91.498%, test_loss: 0.003
[2023-20-07 01:56:58 - INFO:] ======================================
[2023-20-07 02:00:10 - INFO:] epoch: 50/100
[2023-20-07 02:00:10 - INFO:] train_loss: 0.377
[2023-20-07 02:00:10 - INFO:] test_acc: 91.489%, test_loss: 0.003
[2023-20-07 02:00:10 - INFO:] ======================================
[2023-20-07 02:03:22 - INFO:] epoch: 51/100
[2023-20-07 02:03:22 - INFO:] train_loss: 0.400
[2023-20-07 02:03:22 - INFO:] test_acc: 91.659%, test_loss: 0.003
[2023-20-07 02:03:22 - INFO:] ======================================
[2023-20-07 02:06:33 - INFO:] epoch: 52/100
[2023-20-07 02:06:33 - INFO:] train_loss: 0.407
[2023-20-07 02:06:33 - INFO:] test_acc: 91.458%, test_loss: 0.003
[2023-20-07 02:06:33 - INFO:] ======================================
[2023-20-07 02:09:45 - INFO:] epoch: 53/100
[2023-20-07 02:09:45 - INFO:] train_loss: 0.369
[2023-20-07 02:09:45 - INFO:] test_acc: 91.441%, test_loss: 0.003
[2023-20-07 02:09:45 - INFO:] ======================================
[2023-20-07 02:12:57 - INFO:] epoch: 54/100
[2023-20-07 02:12:57 - INFO:] train_loss: 0.359
[2023-20-07 02:12:57 - INFO:] test_acc: 91.541%, test_loss: 0.003
[2023-20-07 02:12:57 - INFO:] ======================================
[2023-20-07 02:16:08 - INFO:] epoch: 55/100
[2023-20-07 02:16:08 - INFO:] train_loss: 0.367
[2023-20-07 02:16:08 - INFO:] test_acc: 91.480%, test_loss: 0.003
[2023-20-07 02:16:08 - INFO:] ======================================
[2023-20-07 02:19:20 - INFO:] epoch: 56/100
[2023-20-07 02:19:20 - INFO:] train_loss: 0.415
[2023-20-07 02:19:20 - INFO:] test_acc: 91.498%, test_loss: 0.003
[2023-20-07 02:19:20 - INFO:] ======================================
[2023-20-07 02:22:32 - INFO:] epoch: 57/100
[2023-20-07 02:22:32 - INFO:] train_loss: 0.383
[2023-20-07 02:22:32 - INFO:] test_acc: 91.524%, test_loss: 0.003
[2023-20-07 02:22:32 - INFO:] ======================================
[2023-20-07 02:25:43 - INFO:] epoch: 58/100
[2023-20-07 02:25:43 - INFO:] train_loss: 0.378
[2023-20-07 02:25:43 - INFO:] test_acc: 91.511%, test_loss: 0.003
[2023-20-07 02:25:43 - INFO:] ======================================
[2023-20-07 02:28:55 - INFO:] epoch: 59/100
[2023-20-07 02:28:55 - INFO:] train_loss: 0.395
[2023-20-07 02:28:55 - INFO:] test_acc: 91.628%, test_loss: 0.003
[2023-20-07 02:28:55 - INFO:] ======================================
[2023-20-07 02:32:07 - INFO:] epoch: 60/100
[2023-20-07 02:32:07 - INFO:] train_loss: 0.397
[2023-20-07 02:32:07 - INFO:] test_acc: 91.493%, test_loss: 0.003
[2023-20-07 02:32:07 - INFO:] ======================================
[2023-20-07 02:35:18 - INFO:] epoch: 61/100
[2023-20-07 02:35:18 - INFO:] train_loss: 0.397
[2023-20-07 02:35:18 - INFO:] test_acc: 91.519%, test_loss: 0.003
[2023-20-07 02:35:18 - INFO:] ======================================
[2023-20-07 02:38:30 - INFO:] epoch: 62/100
[2023-20-07 02:38:30 - INFO:] train_loss: 0.414
[2023-20-07 02:38:30 - INFO:] test_acc: 91.741%, test_loss: 0.003
[2023-20-07 02:38:30 - INFO:] ======================================
[2023-20-07 02:41:42 - INFO:] epoch: 63/100
[2023-20-07 02:41:42 - INFO:] train_loss: 0.409
[2023-20-07 02:41:42 - INFO:] test_acc: 91.711%, test_loss: 0.003
[2023-20-07 02:41:42 - INFO:] ======================================
[2023-20-07 02:44:54 - INFO:] epoch: 64/100
[2023-20-07 02:44:54 - INFO:] train_loss: 0.380
[2023-20-07 02:44:54 - INFO:] test_acc: 91.598%, test_loss: 0.003
[2023-20-07 02:44:54 - INFO:] ======================================
[2023-20-07 02:48:05 - INFO:] epoch: 65/100
[2023-20-07 02:48:05 - INFO:] train_loss: 0.386
[2023-20-07 02:48:05 - INFO:] test_acc: 91.515%, test_loss: 0.003
[2023-20-07 02:48:05 - INFO:] ======================================
[2023-20-07 02:51:17 - INFO:] epoch: 66/100
[2023-20-07 02:51:17 - INFO:] train_loss: 0.389
[2023-20-07 02:51:17 - INFO:] test_acc: 91.602%, test_loss: 0.003
[2023-20-07 02:51:17 - INFO:] ======================================
[2023-20-07 02:54:28 - INFO:] epoch: 67/100
[2023-20-07 02:54:28 - INFO:] train_loss: 0.385
[2023-20-07 02:54:28 - INFO:] test_acc: 91.641%, test_loss: 0.003
[2023-20-07 02:54:28 - INFO:] ======================================
[2023-20-07 02:57:40 - INFO:] epoch: 68/100
[2023-20-07 02:57:40 - INFO:] train_loss: 0.387
[2023-20-07 02:57:40 - INFO:] test_acc: 91.772%, test_loss: 0.003
[2023-20-07 02:57:40 - INFO:] ======================================
[2023-20-07 03:00:52 - INFO:] epoch: 69/100
[2023-20-07 03:00:52 - INFO:] train_loss: 0.376
[2023-20-07 03:00:52 - INFO:] test_acc: 91.733%, test_loss: 0.003
[2023-20-07 03:00:52 - INFO:] ======================================
[2023-20-07 03:04:03 - INFO:] epoch: 70/100
[2023-20-07 03:04:03 - INFO:] train_loss: 0.420
[2023-20-07 03:04:03 - INFO:] test_acc: 91.794%, test_loss: 0.003
[2023-20-07 03:04:03 - INFO:] ======================================
[2023-20-07 03:07:15 - INFO:] epoch: 71/100
[2023-20-07 03:07:15 - INFO:] train_loss: 0.431
[2023-20-07 03:07:15 - INFO:] test_acc: 91.694%, test_loss: 0.003
[2023-20-07 03:07:15 - INFO:] ======================================
[2023-20-07 03:10:26 - INFO:] epoch: 72/100
[2023-20-07 03:10:26 - INFO:] train_loss: 0.440
[2023-20-07 03:10:26 - INFO:] test_acc: 91.802%, test_loss: 0.003
[2023-20-07 03:10:26 - INFO:] ======================================
[2023-20-07 03:13:38 - INFO:] epoch: 73/100
[2023-20-07 03:13:38 - INFO:] train_loss: 0.399
[2023-20-07 03:13:38 - INFO:] test_acc: 91.715%, test_loss: 0.003
[2023-20-07 03:13:38 - INFO:] ======================================
[2023-20-07 03:16:50 - INFO:] epoch: 74/100
[2023-20-07 03:16:50 - INFO:] train_loss: 0.410
[2023-20-07 03:16:50 - INFO:] test_acc: 91.781%, test_loss: 0.003
[2023-20-07 03:16:50 - INFO:] ======================================
[2023-20-07 03:20:02 - INFO:] epoch: 75/100
[2023-20-07 03:20:02 - INFO:] train_loss: 0.404
[2023-20-07 03:20:02 - INFO:] test_acc: 91.593%, test_loss: 0.003
[2023-20-07 03:20:02 - INFO:] ======================================
[2023-20-07 03:23:13 - INFO:] epoch: 76/100
[2023-20-07 03:23:13 - INFO:] train_loss: 0.423
[2023-20-07 03:23:13 - INFO:] test_acc: 91.798%, test_loss: 0.003
[2023-20-07 03:23:13 - INFO:] ======================================
[2023-20-07 03:26:25 - INFO:] epoch: 77/100
[2023-20-07 03:26:25 - INFO:] train_loss: 0.389
[2023-20-07 03:26:25 - INFO:] test_acc: 91.802%, test_loss: 0.003
[2023-20-07 03:26:25 - INFO:] ======================================
[2023-20-07 03:29:36 - INFO:] epoch: 78/100
[2023-20-07 03:29:36 - INFO:] train_loss: 0.395
[2023-20-07 03:29:36 - INFO:] test_acc: 91.863%, test_loss: 0.003
[2023-20-07 03:29:36 - INFO:] ======================================
[2023-20-07 03:32:47 - INFO:] epoch: 79/100
[2023-20-07 03:32:47 - INFO:] train_loss: 0.367
[2023-20-07 03:32:47 - INFO:] test_acc: 91.715%, test_loss: 0.003
[2023-20-07 03:32:47 - INFO:] ======================================
[2023-20-07 03:35:59 - INFO:] epoch: 80/100
[2023-20-07 03:35:59 - INFO:] train_loss: 0.404
[2023-20-07 03:35:59 - INFO:] test_acc: 91.750%, test_loss: 0.003
[2023-20-07 03:35:59 - INFO:] ======================================
[2023-20-07 03:39:10 - INFO:] epoch: 81/100
[2023-20-07 03:39:10 - INFO:] train_loss: 0.415
[2023-20-07 03:39:10 - INFO:] test_acc: 91.781%, test_loss: 0.003
[2023-20-07 03:39:10 - INFO:] ======================================
[2023-20-07 03:42:22 - INFO:] epoch: 82/100
[2023-20-07 03:42:22 - INFO:] train_loss: 0.405
[2023-20-07 03:42:22 - INFO:] test_acc: 91.802%, test_loss: 0.003
[2023-20-07 03:42:22 - INFO:] ======================================
[2023-20-07 03:45:34 - INFO:] epoch: 83/100
[2023-20-07 03:45:34 - INFO:] train_loss: 0.421
[2023-20-07 03:45:34 - INFO:] test_acc: 91.685%, test_loss: 0.003
[2023-20-07 03:45:34 - INFO:] ======================================
[2023-20-07 03:48:45 - INFO:] epoch: 84/100
[2023-20-07 03:48:45 - INFO:] train_loss: 0.363
[2023-20-07 03:48:45 - INFO:] test_acc: 91.815%, test_loss: 0.003
[2023-20-07 03:48:45 - INFO:] ======================================
[2023-20-07 03:51:57 - INFO:] epoch: 85/100
[2023-20-07 03:51:57 - INFO:] train_loss: 0.398
[2023-20-07 03:51:57 - INFO:] test_acc: 91.815%, test_loss: 0.003
[2023-20-07 03:51:57 - INFO:] ======================================
[2023-20-07 03:55:08 - INFO:] epoch: 86/100
[2023-20-07 03:55:08 - INFO:] train_loss: 0.438
[2023-20-07 03:55:08 - INFO:] test_acc: 91.741%, test_loss: 0.003
[2023-20-07 03:55:08 - INFO:] ======================================
[2023-20-07 03:58:20 - INFO:] epoch: 87/100
[2023-20-07 03:58:20 - INFO:] train_loss: 0.358
[2023-20-07 03:58:20 - INFO:] test_acc: 91.763%, test_loss: 0.003
[2023-20-07 03:58:20 - INFO:] ======================================
[2023-20-07 04:01:32 - INFO:] epoch: 88/100
[2023-20-07 04:01:32 - INFO:] train_loss: 0.413
[2023-20-07 04:01:32 - INFO:] test_acc: 91.763%, test_loss: 0.003
[2023-20-07 04:01:32 - INFO:] ======================================
[2023-20-07 04:04:43 - INFO:] epoch: 89/100
[2023-20-07 04:04:43 - INFO:] train_loss: 0.415
[2023-20-07 04:04:43 - INFO:] test_acc: 91.624%, test_loss: 0.003
[2023-20-07 04:04:43 - INFO:] ======================================
[2023-20-07 04:07:55 - INFO:] epoch: 90/100
[2023-20-07 04:07:55 - INFO:] train_loss: 0.391
[2023-20-07 04:07:55 - INFO:] test_acc: 91.889%, test_loss: 0.003
[2023-20-07 04:07:55 - INFO:] ======================================
[2023-20-07 04:11:07 - INFO:] epoch: 91/100
[2023-20-07 04:11:07 - INFO:] train_loss: 0.389
[2023-20-07 04:11:07 - INFO:] test_acc: 91.794%, test_loss: 0.003
[2023-20-07 04:11:07 - INFO:] ======================================
[2023-20-07 04:14:18 - INFO:] epoch: 92/100
[2023-20-07 04:14:18 - INFO:] train_loss: 0.398
[2023-20-07 04:14:18 - INFO:] test_acc: 91.759%, test_loss: 0.003
[2023-20-07 04:14:18 - INFO:] ======================================
[2023-20-07 04:17:30 - INFO:] epoch: 93/100
[2023-20-07 04:17:30 - INFO:] train_loss: 0.380
[2023-20-07 04:17:30 - INFO:] test_acc: 91.733%, test_loss: 0.003
[2023-20-07 04:17:30 - INFO:] ======================================
[2023-20-07 04:20:41 - INFO:] epoch: 94/100
[2023-20-07 04:20:41 - INFO:] train_loss: 0.365
[2023-20-07 04:20:41 - INFO:] test_acc: 91.728%, test_loss: 0.003
[2023-20-07 04:20:41 - INFO:] ======================================
[2023-20-07 04:23:53 - INFO:] epoch: 95/100
[2023-20-07 04:23:53 - INFO:] train_loss: 0.412
[2023-20-07 04:23:53 - INFO:] test_acc: 91.754%, test_loss: 0.003
[2023-20-07 04:23:53 - INFO:] ======================================
[2023-20-07 04:27:05 - INFO:] epoch: 96/100
[2023-20-07 04:27:05 - INFO:] train_loss: 0.376
[2023-20-07 04:27:05 - INFO:] test_acc: 91.789%, test_loss: 0.003
[2023-20-07 04:27:05 - INFO:] ======================================
[2023-20-07 04:30:16 - INFO:] epoch: 97/100
[2023-20-07 04:30:16 - INFO:] train_loss: 0.361
[2023-20-07 04:30:16 - INFO:] test_acc: 91.859%, test_loss: 0.003
[2023-20-07 04:30:16 - INFO:] ======================================
[2023-20-07 04:33:28 - INFO:] epoch: 98/100
[2023-20-07 04:33:28 - INFO:] train_loss: 0.410
[2023-20-07 04:33:28 - INFO:] test_acc: 91.763%, test_loss: 0.003
[2023-20-07 04:33:28 - INFO:] ======================================
[2023-20-07 04:36:40 - INFO:] epoch: 99/100
[2023-20-07 04:36:40 - INFO:] train_loss: 0.403
[2023-20-07 04:36:40 - INFO:] test_acc: 91.785%, test_loss: 0.003
[2023-20-07 04:36:40 - INFO:] ======================================
