[2023-0805 0947 - INFO] <<< BEATs_iter3_plus_AS2M - 2 fc layer >>> 
[2023-0805 0947 - INFO] Add FrequencyMasking and TimeMasking
[2023-0805 0947 - INFO] Add time_stretch 0.8 and time_stretch 1.2
[2023-0805 0947 - INFO] # trainset_size = 17010
[2023-0805 0947 - INFO] # testset_size = 4100
[2023-0805 0947 - INFO] # train_a/p = 8505/8505
[2023-0805 0947 - INFO] # test_a/p = 2050/2050
[2023-0805 0947 - INFO] # batch_size = 128
[2023-0805 0947 - INFO] # learning_rate = 0.001
[2023-0805 0947 - INFO] # weight_decay = 0.01
[2023-0805 0947 - INFO] # num_epochs = 100
[2023-0805 0947 - INFO] # padding_size = 3500
[2023-0805 0947 - INFO] # loss_fn = CE
[2023-0805 0947 - INFO] # scheduler = None
[2023-0805 0947 - INFO] # optimizer = AdamW (
Parameter Group 0
    amsgrad: False
    betas: (0.9, 0.98)
    capturable: False
    differentiable: False
    eps: 1e-08
    foreach: None
    fused: None
    lr: 0.001
    maximize: False
    weight_decay: 0.01
)
[2023-0805 0947 - INFO] # comments : 
[2023-0805 0947 - INFO] -------------------------------------
[2023-0805 0947 - INFO] epoch: 1/100
[2023-0805 0947 - INFO] learning_rate: 0.0010
[2023-0805 0947 - INFO] train_acc: 49.677%, train_loss: nan
[2023-0805 0947 - INFO] test_acc: 52.610%, test_loss: 0.0054
[2023-0805 0947 - INFO] max_train_acc: 49.677%
[2023-0805 0947 - INFO] max_test_acc: 52.610%
[2023-0805 0947 - INFO] max_lr: 0.0010, min_lr: 0.0010
[2023-0805 0947 - INFO] ======================================
[2023-0805 0948 - INFO] epoch: 2/100
[2023-0805 0948 - INFO] learning_rate: 0.0010
[2023-0805 0948 - INFO] train_acc: 49.700%, train_loss: nan
[2023-0805 0948 - INFO] test_acc: 52.683%, test_loss: 0.0054
[2023-0805 0948 - INFO] max_train_acc: 49.700%
[2023-0805 0948 - INFO] max_test_acc: 52.683%
[2023-0805 0948 - INFO] max_lr: 0.0010, min_lr: 0.0010
[2023-0805 0948 - INFO] ======================================
[2023-0805 0949 - INFO] epoch: 3/100
[2023-0805 0949 - INFO] learning_rate: 0.0010
[2023-0805 0949 - INFO] train_acc: 49.618%, train_loss: nan
[2023-0805 0949 - INFO] test_acc: 52.634%, test_loss: 0.0054
[2023-0805 0949 - INFO] max_train_acc: 49.700%
[2023-0805 0949 - INFO] max_test_acc: 52.683%
[2023-0805 0949 - INFO] max_lr: 0.0010, min_lr: 0.0010
[2023-0805 0949 - INFO] ======================================
[2023-0805 0949 - INFO] epoch: 4/100
[2023-0805 0949 - INFO] learning_rate: 0.0010
[2023-0805 0949 - INFO] train_acc: 49.677%, train_loss: nan
[2023-0805 0949 - INFO] test_acc: 52.634%, test_loss: 0.0054
[2023-0805 0949 - INFO] max_train_acc: 49.700%
[2023-0805 0949 - INFO] max_test_acc: 52.683%
[2023-0805 0949 - INFO] max_lr: 0.0010, min_lr: 0.0010
[2023-0805 0949 - INFO] ======================================
[2023-0805 0950 - INFO] epoch: 5/100
[2023-0805 0950 - INFO] learning_rate: 0.0010
[2023-0805 0950 - INFO] train_acc: 49.683%, train_loss: nan
[2023-0805 0950 - INFO] test_acc: 52.659%, test_loss: 0.0054
[2023-0805 0950 - INFO] max_train_acc: 49.700%
[2023-0805 0950 - INFO] max_test_acc: 52.683%
[2023-0805 0950 - INFO] max_lr: 0.0010, min_lr: 0.0010
[2023-0805 0950 - INFO] ======================================
[2023-0805 0950 - INFO] epoch: 6/100
[2023-0805 0950 - INFO] learning_rate: 0.0010
[2023-0805 0950 - INFO] train_acc: 49.583%, train_loss: nan
[2023-0805 0950 - INFO] test_acc: 52.634%, test_loss: 0.0054
[2023-0805 0950 - INFO] max_train_acc: 49.700%
[2023-0805 0950 - INFO] max_test_acc: 52.683%
[2023-0805 0950 - INFO] max_lr: 0.0010, min_lr: 0.0010
[2023-0805 0950 - INFO] ======================================
[2023-0805 0951 - INFO] epoch: 7/100
[2023-0805 0951 - INFO] learning_rate: 0.0010
[2023-0805 0951 - INFO] train_acc: 49.688%, train_loss: nan
[2023-0805 0951 - INFO] test_acc: 52.683%, test_loss: 0.0054
[2023-0805 0951 - INFO] max_train_acc: 49.700%
[2023-0805 0951 - INFO] max_test_acc: 52.683%
[2023-0805 0951 - INFO] max_lr: 0.0010, min_lr: 0.0010
[2023-0805 0951 - INFO] ======================================
[2023-0805 0951 - INFO] epoch: 8/100
[2023-0805 0951 - INFO] learning_rate: 0.0010
[2023-0805 0951 - INFO] train_acc: 49.641%, train_loss: nan
[2023-0805 0951 - INFO] test_acc: 52.659%, test_loss: 0.0054
[2023-0805 0951 - INFO] max_train_acc: 49.700%
[2023-0805 0951 - INFO] max_test_acc: 52.683%
[2023-0805 0951 - INFO] max_lr: 0.0010, min_lr: 0.0010
[2023-0805 0951 - INFO] ======================================
[2023-0805 0952 - INFO] epoch: 9/100
[2023-0805 0952 - INFO] learning_rate: 0.0010
[2023-0805 0952 - INFO] train_acc: 49.712%, train_loss: nan
[2023-0805 0952 - INFO] test_acc: 52.707%, test_loss: 0.0054
[2023-0805 0952 - INFO] max_train_acc: 49.712%
[2023-0805 0952 - INFO] max_test_acc: 52.707%
[2023-0805 0952 - INFO] max_lr: 0.0010, min_lr: 0.0010
[2023-0805 0952 - INFO] ======================================
[2023-0805 0953 - INFO] epoch: 10/100
[2023-0805 0953 - INFO] learning_rate: 0.0010
[2023-0805 0953 - INFO] train_acc: 49.706%, train_loss: nan
[2023-0805 0953 - INFO] test_acc: 52.634%, test_loss: 0.0054
[2023-0805 0953 - INFO] max_train_acc: 49.712%
[2023-0805 0953 - INFO] max_test_acc: 52.707%
[2023-0805 0953 - INFO] max_lr: 0.0010, min_lr: 0.0010
[2023-0805 0953 - INFO] ======================================
[2023-0805 0953 - INFO] epoch: 11/100
[2023-0805 0953 - INFO] learning_rate: 0.0010
[2023-0805 0953 - INFO] train_acc: 49.630%, train_loss: nan
[2023-0805 0953 - INFO] test_acc: 52.659%, test_loss: 0.0054
[2023-0805 0953 - INFO] max_train_acc: 49.712%
[2023-0805 0953 - INFO] max_test_acc: 52.707%
[2023-0805 0953 - INFO] max_lr: 0.0010, min_lr: 0.0010
[2023-0805 0953 - INFO] ======================================
[2023-0805 0954 - INFO] epoch: 12/100
[2023-0805 0954 - INFO] learning_rate: 0.0010
[2023-0805 0954 - INFO] train_acc: 49.683%, train_loss: nan
[2023-0805 0954 - INFO] test_acc: 52.659%, test_loss: 0.0054
[2023-0805 0954 - INFO] max_train_acc: 49.712%
[2023-0805 0954 - INFO] max_test_acc: 52.707%
[2023-0805 0954 - INFO] max_lr: 0.0010, min_lr: 0.0010
[2023-0805 0954 - INFO] ======================================
[2023-0805 0954 - INFO] epoch: 13/100
[2023-0805 0954 - INFO] learning_rate: 0.0010
[2023-0805 0954 - INFO] train_acc: 49.630%, train_loss: nan
[2023-0805 0954 - INFO] test_acc: 52.683%, test_loss: 0.0054
[2023-0805 0954 - INFO] max_train_acc: 49.712%
[2023-0805 0954 - INFO] max_test_acc: 52.707%
[2023-0805 0954 - INFO] max_lr: 0.0010, min_lr: 0.0010
[2023-0805 0954 - INFO] ======================================
[2023-0805 0955 - INFO] epoch: 14/100
[2023-0805 0955 - INFO] learning_rate: 0.0010
[2023-0805 0955 - INFO] train_acc: 49.665%, train_loss: nan
[2023-0805 0955 - INFO] test_acc: 52.659%, test_loss: 0.0054
[2023-0805 0955 - INFO] max_train_acc: 49.712%
[2023-0805 0955 - INFO] max_test_acc: 52.707%
[2023-0805 0955 - INFO] max_lr: 0.0010, min_lr: 0.0010
[2023-0805 0955 - INFO] ======================================
[2023-0805 0956 - INFO] epoch: 15/100
[2023-0805 0956 - INFO] learning_rate: 0.0010
[2023-0805 0956 - INFO] train_acc: 49.659%, train_loss: nan
[2023-0805 0956 - INFO] test_acc: 52.659%, test_loss: 0.0054
[2023-0805 0956 - INFO] max_train_acc: 49.712%
[2023-0805 0956 - INFO] max_test_acc: 52.707%
[2023-0805 0956 - INFO] max_lr: 0.0010, min_lr: 0.0010
[2023-0805 0956 - INFO] ======================================
[2023-0805 0956 - INFO] epoch: 16/100
[2023-0805 0956 - INFO] learning_rate: 0.0010
[2023-0805 0956 - INFO] train_acc: 49.694%, train_loss: nan
[2023-0805 0956 - INFO] test_acc: 52.634%, test_loss: 0.0054
[2023-0805 0956 - INFO] max_train_acc: 49.712%
[2023-0805 0956 - INFO] max_test_acc: 52.707%
[2023-0805 0956 - INFO] max_lr: 0.0010, min_lr: 0.0010
[2023-0805 0956 - INFO] ======================================
[2023-0805 0957 - INFO] epoch: 17/100
[2023-0805 0957 - INFO] learning_rate: 0.0010
[2023-0805 0957 - INFO] train_acc: 49.677%, train_loss: nan
[2023-0805 0957 - INFO] test_acc: 52.634%, test_loss: 0.0054
[2023-0805 0957 - INFO] max_train_acc: 49.712%
[2023-0805 0957 - INFO] max_test_acc: 52.707%
[2023-0805 0957 - INFO] max_lr: 0.0010, min_lr: 0.0010
[2023-0805 0957 - INFO] ======================================
[2023-0805 0957 - INFO] epoch: 18/100
[2023-0805 0957 - INFO] learning_rate: 0.0010
[2023-0805 0957 - INFO] train_acc: 49.630%, train_loss: nan
[2023-0805 0957 - INFO] test_acc: 52.707%, test_loss: 0.0054
[2023-0805 0957 - INFO] max_train_acc: 49.712%
[2023-0805 0957 - INFO] max_test_acc: 52.707%
[2023-0805 0957 - INFO] max_lr: 0.0010, min_lr: 0.0010
[2023-0805 0957 - INFO] ======================================
[2023-0805 0958 - INFO] epoch: 19/100
[2023-0805 0958 - INFO] learning_rate: 0.0010
[2023-0805 0958 - INFO] train_acc: 49.624%, train_loss: nan
[2023-0805 0958 - INFO] test_acc: 52.634%, test_loss: 0.0054
[2023-0805 0958 - INFO] max_train_acc: 49.712%
[2023-0805 0958 - INFO] max_test_acc: 52.707%
[2023-0805 0958 - INFO] max_lr: 0.0010, min_lr: 0.0010
[2023-0805 0958 - INFO] ======================================
[2023-0805 0958 - INFO] epoch: 20/100
[2023-0805 0958 - INFO] learning_rate: 0.0010
[2023-0805 0958 - INFO] train_acc: 49.647%, train_loss: nan
[2023-0805 0958 - INFO] test_acc: 52.659%, test_loss: 0.0054
[2023-0805 0958 - INFO] max_train_acc: 49.712%
[2023-0805 0958 - INFO] max_test_acc: 52.707%
[2023-0805 0958 - INFO] max_lr: 0.0010, min_lr: 0.0010
[2023-0805 0958 - INFO] ======================================
[2023-0805 0959 - INFO] epoch: 21/100
[2023-0805 0959 - INFO] learning_rate: 0.0010
[2023-0805 0959 - INFO] train_acc: 49.624%, train_loss: nan
[2023-0805 0959 - INFO] test_acc: 52.683%, test_loss: 0.0054
[2023-0805 0959 - INFO] max_train_acc: 49.712%
[2023-0805 0959 - INFO] max_test_acc: 52.707%
[2023-0805 0959 - INFO] max_lr: 0.0010, min_lr: 0.0010
[2023-0805 0959 - INFO] ======================================
[2023-0805 1000 - INFO] epoch: 22/100
[2023-0805 1000 - INFO] learning_rate: 0.0010
[2023-0805 1000 - INFO] train_acc: 49.653%, train_loss: nan
[2023-0805 1000 - INFO] test_acc: 52.683%, test_loss: 0.0054
[2023-0805 1000 - INFO] max_train_acc: 49.712%
[2023-0805 1000 - INFO] max_test_acc: 52.707%
[2023-0805 1000 - INFO] max_lr: 0.0010, min_lr: 0.0010
[2023-0805 1000 - INFO] ======================================
[2023-0805 1000 - INFO] epoch: 23/100
[2023-0805 1000 - INFO] learning_rate: 0.0010
[2023-0805 1000 - INFO] train_acc: 49.653%, train_loss: nan
[2023-0805 1000 - INFO] test_acc: 52.683%, test_loss: 0.0054
[2023-0805 1000 - INFO] max_train_acc: 49.712%
[2023-0805 1000 - INFO] max_test_acc: 52.707%
[2023-0805 1000 - INFO] max_lr: 0.0010, min_lr: 0.0010
[2023-0805 1000 - INFO] ======================================
[2023-0805 1001 - INFO] epoch: 24/100
[2023-0805 1001 - INFO] learning_rate: 0.0010
[2023-0805 1001 - INFO] train_acc: 49.641%, train_loss: nan
[2023-0805 1001 - INFO] test_acc: 52.683%, test_loss: 0.0054
[2023-0805 1001 - INFO] max_train_acc: 49.712%
[2023-0805 1001 - INFO] max_test_acc: 52.707%
[2023-0805 1001 - INFO] max_lr: 0.0010, min_lr: 0.0010
[2023-0805 1001 - INFO] ======================================
[2023-0805 1001 - INFO] epoch: 25/100
[2023-0805 1001 - INFO] learning_rate: 0.0010
[2023-0805 1001 - INFO] train_acc: 49.665%, train_loss: nan
[2023-0805 1001 - INFO] test_acc: 52.634%, test_loss: 0.0054
[2023-0805 1001 - INFO] max_train_acc: 49.712%
[2023-0805 1001 - INFO] max_test_acc: 52.707%
[2023-0805 1001 - INFO] max_lr: 0.0010, min_lr: 0.0010
[2023-0805 1001 - INFO] ======================================
[2023-0805 1002 - INFO] epoch: 26/100
[2023-0805 1002 - INFO] learning_rate: 0.0010
[2023-0805 1002 - INFO] train_acc: 49.659%, train_loss: nan
[2023-0805 1002 - INFO] test_acc: 52.683%, test_loss: 0.0054
[2023-0805 1002 - INFO] max_train_acc: 49.712%
[2023-0805 1002 - INFO] max_test_acc: 52.707%
[2023-0805 1002 - INFO] max_lr: 0.0010, min_lr: 0.0010
[2023-0805 1002 - INFO] ======================================
[2023-0805 1003 - INFO] epoch: 27/100
[2023-0805 1003 - INFO] learning_rate: 0.0010
[2023-0805 1003 - INFO] train_acc: 49.606%, train_loss: nan
[2023-0805 1003 - INFO] test_acc: 52.659%, test_loss: 0.0054
[2023-0805 1003 - INFO] max_train_acc: 49.712%
[2023-0805 1003 - INFO] max_test_acc: 52.707%
[2023-0805 1003 - INFO] max_lr: 0.0010, min_lr: 0.0010
[2023-0805 1003 - INFO] ======================================
[2023-0805 1003 - INFO] epoch: 28/100
[2023-0805 1003 - INFO] learning_rate: 0.0010
[2023-0805 1003 - INFO] train_acc: 49.688%, train_loss: nan
[2023-0805 1003 - INFO] test_acc: 52.634%, test_loss: 0.0054
[2023-0805 1003 - INFO] max_train_acc: 49.712%
[2023-0805 1003 - INFO] max_test_acc: 52.707%
[2023-0805 1003 - INFO] max_lr: 0.0010, min_lr: 0.0010
[2023-0805 1003 - INFO] ======================================
[2023-0805 1004 - INFO] epoch: 29/100
[2023-0805 1004 - INFO] learning_rate: 0.0010
[2023-0805 1004 - INFO] train_acc: 49.671%, train_loss: nan
[2023-0805 1004 - INFO] test_acc: 52.659%, test_loss: 0.0054
[2023-0805 1004 - INFO] max_train_acc: 49.712%
[2023-0805 1004 - INFO] max_test_acc: 52.707%
[2023-0805 1004 - INFO] max_lr: 0.0010, min_lr: 0.0010
[2023-0805 1004 - INFO] ======================================
[2023-0805 1004 - INFO] epoch: 30/100
[2023-0805 1004 - INFO] learning_rate: 0.0010
[2023-0805 1004 - INFO] train_acc: 49.671%, train_loss: nan
[2023-0805 1004 - INFO] test_acc: 52.683%, test_loss: 0.0054
[2023-0805 1004 - INFO] max_train_acc: 49.712%
[2023-0805 1004 - INFO] max_test_acc: 52.707%
[2023-0805 1004 - INFO] max_lr: 0.0010, min_lr: 0.0010
[2023-0805 1004 - INFO] ======================================
[2023-0805 1005 - INFO] epoch: 31/100
[2023-0805 1005 - INFO] learning_rate: 0.0010
[2023-0805 1005 - INFO] train_acc: 49.677%, train_loss: nan
[2023-0805 1005 - INFO] test_acc: 52.634%, test_loss: 0.0054
[2023-0805 1005 - INFO] max_train_acc: 49.712%
[2023-0805 1005 - INFO] max_test_acc: 52.707%
[2023-0805 1005 - INFO] max_lr: 0.0010, min_lr: 0.0010
[2023-0805 1005 - INFO] ======================================
[2023-0805 1005 - INFO] epoch: 32/100
[2023-0805 1005 - INFO] learning_rate: 0.0010
[2023-0805 1005 - INFO] train_acc: 49.730%, train_loss: nan
[2023-0805 1005 - INFO] test_acc: 52.683%, test_loss: 0.0054
[2023-0805 1005 - INFO] max_train_acc: 49.730%
[2023-0805 1005 - INFO] max_test_acc: 52.707%
[2023-0805 1005 - INFO] max_lr: 0.0010, min_lr: 0.0010
[2023-0805 1005 - INFO] ======================================
[2023-0805 1006 - INFO] epoch: 33/100
[2023-0805 1006 - INFO] learning_rate: 0.0010
[2023-0805 1006 - INFO] train_acc: 49.677%, train_loss: nan
[2023-0805 1006 - INFO] test_acc: 52.683%, test_loss: 0.0054
[2023-0805 1006 - INFO] max_train_acc: 49.730%
[2023-0805 1006 - INFO] max_test_acc: 52.707%
[2023-0805 1006 - INFO] max_lr: 0.0010, min_lr: 0.0010
[2023-0805 1006 - INFO] ======================================
[2023-0805 1007 - INFO] epoch: 34/100
[2023-0805 1007 - INFO] learning_rate: 0.0010
[2023-0805 1007 - INFO] train_acc: 49.659%, train_loss: nan
[2023-0805 1007 - INFO] test_acc: 52.659%, test_loss: 0.0054
[2023-0805 1007 - INFO] max_train_acc: 49.730%
[2023-0805 1007 - INFO] max_test_acc: 52.707%
[2023-0805 1007 - INFO] max_lr: 0.0010, min_lr: 0.0010
[2023-0805 1007 - INFO] ======================================
[2023-0805 1007 - INFO] epoch: 35/100
[2023-0805 1007 - INFO] learning_rate: 0.0010
[2023-0805 1007 - INFO] train_acc: 49.636%, train_loss: nan
[2023-0805 1007 - INFO] test_acc: 52.659%, test_loss: 0.0054
[2023-0805 1007 - INFO] max_train_acc: 49.730%
[2023-0805 1007 - INFO] max_test_acc: 52.707%
[2023-0805 1007 - INFO] max_lr: 0.0010, min_lr: 0.0010
[2023-0805 1007 - INFO] ======================================
[2023-0805 1008 - INFO] epoch: 36/100
[2023-0805 1008 - INFO] learning_rate: 0.0010
[2023-0805 1008 - INFO] train_acc: 49.606%, train_loss: nan
[2023-0805 1008 - INFO] test_acc: 52.659%, test_loss: 0.0054
[2023-0805 1008 - INFO] max_train_acc: 49.730%
[2023-0805 1008 - INFO] max_test_acc: 52.707%
[2023-0805 1008 - INFO] max_lr: 0.0010, min_lr: 0.0010
[2023-0805 1008 - INFO] ======================================
[2023-0805 1008 - INFO] epoch: 37/100
[2023-0805 1008 - INFO] learning_rate: 0.0010
[2023-0805 1008 - INFO] train_acc: 49.624%, train_loss: nan
[2023-0805 1008 - INFO] test_acc: 52.659%, test_loss: 0.0054
[2023-0805 1008 - INFO] max_train_acc: 49.730%
[2023-0805 1008 - INFO] max_test_acc: 52.707%
[2023-0805 1008 - INFO] max_lr: 0.0010, min_lr: 0.0010
[2023-0805 1008 - INFO] ======================================
[2023-0805 1009 - INFO] epoch: 38/100
[2023-0805 1009 - INFO] learning_rate: 0.0010
[2023-0805 1009 - INFO] train_acc: 49.688%, train_loss: nan
[2023-0805 1009 - INFO] test_acc: 52.659%, test_loss: 0.0054
[2023-0805 1009 - INFO] max_train_acc: 49.730%
[2023-0805 1009 - INFO] max_test_acc: 52.707%
[2023-0805 1009 - INFO] max_lr: 0.0010, min_lr: 0.0010
[2023-0805 1009 - INFO] ======================================
[2023-0805 1010 - INFO] epoch: 39/100
[2023-0805 1010 - INFO] learning_rate: 0.0010
[2023-0805 1010 - INFO] train_acc: 49.641%, train_loss: nan
[2023-0805 1010 - INFO] test_acc: 52.634%, test_loss: 0.0054
[2023-0805 1010 - INFO] max_train_acc: 49.730%
[2023-0805 1010 - INFO] max_test_acc: 52.707%
[2023-0805 1010 - INFO] max_lr: 0.0010, min_lr: 0.0010
[2023-0805 1010 - INFO] ======================================
[2023-0805 1010 - INFO] epoch: 40/100
[2023-0805 1010 - INFO] learning_rate: 0.0010
[2023-0805 1010 - INFO] train_acc: 49.677%, train_loss: nan
[2023-0805 1010 - INFO] test_acc: 52.683%, test_loss: 0.0054
[2023-0805 1010 - INFO] max_train_acc: 49.730%
[2023-0805 1010 - INFO] max_test_acc: 52.707%
[2023-0805 1010 - INFO] max_lr: 0.0010, min_lr: 0.0010
[2023-0805 1010 - INFO] ======================================
[2023-0805 1011 - INFO] epoch: 41/100
[2023-0805 1011 - INFO] learning_rate: 0.0010
[2023-0805 1011 - INFO] train_acc: 49.688%, train_loss: nan
[2023-0805 1011 - INFO] test_acc: 52.659%, test_loss: 0.0054
[2023-0805 1011 - INFO] max_train_acc: 49.730%
[2023-0805 1011 - INFO] max_test_acc: 52.707%
[2023-0805 1011 - INFO] max_lr: 0.0010, min_lr: 0.0010
[2023-0805 1011 - INFO] ======================================
[2023-0805 1011 - INFO] epoch: 42/100
[2023-0805 1011 - INFO] learning_rate: 0.0010
[2023-0805 1011 - INFO] train_acc: 49.700%, train_loss: nan
[2023-0805 1011 - INFO] test_acc: 52.634%, test_loss: 0.0054
[2023-0805 1011 - INFO] max_train_acc: 49.730%
[2023-0805 1011 - INFO] max_test_acc: 52.707%
[2023-0805 1011 - INFO] max_lr: 0.0010, min_lr: 0.0010
[2023-0805 1011 - INFO] ======================================
[2023-0805 1012 - INFO] epoch: 43/100
[2023-0805 1012 - INFO] learning_rate: 0.0010
[2023-0805 1012 - INFO] train_acc: 49.694%, train_loss: nan
[2023-0805 1012 - INFO] test_acc: 52.659%, test_loss: 0.0054
[2023-0805 1012 - INFO] max_train_acc: 49.730%
[2023-0805 1012 - INFO] max_test_acc: 52.707%
[2023-0805 1012 - INFO] max_lr: 0.0010, min_lr: 0.0010
[2023-0805 1012 - INFO] ======================================
[2023-0805 1012 - INFO] epoch: 44/100
[2023-0805 1012 - INFO] learning_rate: 0.0010
[2023-0805 1012 - INFO] train_acc: 49.688%, train_loss: nan
[2023-0805 1012 - INFO] test_acc: 52.634%, test_loss: 0.0054
[2023-0805 1012 - INFO] max_train_acc: 49.730%
[2023-0805 1012 - INFO] max_test_acc: 52.707%
[2023-0805 1012 - INFO] max_lr: 0.0010, min_lr: 0.0010
[2023-0805 1012 - INFO] ======================================
[2023-0805 1013 - INFO] epoch: 45/100
[2023-0805 1013 - INFO] learning_rate: 0.0010
[2023-0805 1013 - INFO] train_acc: 49.677%, train_loss: nan
[2023-0805 1013 - INFO] test_acc: 52.683%, test_loss: 0.0054
[2023-0805 1013 - INFO] max_train_acc: 49.730%
[2023-0805 1013 - INFO] max_test_acc: 52.707%
[2023-0805 1013 - INFO] max_lr: 0.0010, min_lr: 0.0010
[2023-0805 1013 - INFO] ======================================
[2023-0805 1014 - INFO] epoch: 46/100
[2023-0805 1014 - INFO] learning_rate: 0.0010
[2023-0805 1014 - INFO] train_acc: 49.624%, train_loss: nan
[2023-0805 1014 - INFO] test_acc: 52.634%, test_loss: 0.0054
[2023-0805 1014 - INFO] max_train_acc: 49.730%
[2023-0805 1014 - INFO] max_test_acc: 52.707%
[2023-0805 1014 - INFO] max_lr: 0.0010, min_lr: 0.0010
[2023-0805 1014 - INFO] ======================================
[2023-0805 1014 - INFO] epoch: 47/100
[2023-0805 1014 - INFO] learning_rate: 0.0010
[2023-0805 1014 - INFO] train_acc: 49.665%, train_loss: nan
[2023-0805 1014 - INFO] test_acc: 52.683%, test_loss: 0.0054
[2023-0805 1014 - INFO] max_train_acc: 49.730%
[2023-0805 1014 - INFO] max_test_acc: 52.707%
[2023-0805 1014 - INFO] max_lr: 0.0010, min_lr: 0.0010
[2023-0805 1014 - INFO] ======================================
[2023-0805 1015 - INFO] epoch: 48/100
[2023-0805 1015 - INFO] learning_rate: 0.0010
[2023-0805 1015 - INFO] train_acc: 49.683%, train_loss: nan
[2023-0805 1015 - INFO] test_acc: 52.659%, test_loss: 0.0054
[2023-0805 1015 - INFO] max_train_acc: 49.730%
[2023-0805 1015 - INFO] max_test_acc: 52.707%
[2023-0805 1015 - INFO] max_lr: 0.0010, min_lr: 0.0010
[2023-0805 1015 - INFO] ======================================
[2023-0805 1015 - INFO] epoch: 49/100
[2023-0805 1015 - INFO] learning_rate: 0.0010
[2023-0805 1015 - INFO] train_acc: 49.671%, train_loss: nan
[2023-0805 1015 - INFO] test_acc: 52.634%, test_loss: 0.0054
[2023-0805 1015 - INFO] max_train_acc: 49.730%
[2023-0805 1015 - INFO] max_test_acc: 52.707%
[2023-0805 1015 - INFO] max_lr: 0.0010, min_lr: 0.0010
[2023-0805 1015 - INFO] ======================================
[2023-0805 1016 - INFO] epoch: 50/100
[2023-0805 1016 - INFO] learning_rate: 0.0010
[2023-0805 1016 - INFO] train_acc: 49.683%, train_loss: nan
[2023-0805 1016 - INFO] test_acc: 52.634%, test_loss: 0.0054
[2023-0805 1016 - INFO] max_train_acc: 49.730%
[2023-0805 1016 - INFO] max_test_acc: 52.707%
[2023-0805 1016 - INFO] max_lr: 0.0010, min_lr: 0.0010
[2023-0805 1016 - INFO] ======================================
[2023-0805 1017 - INFO] epoch: 51/100
[2023-0805 1017 - INFO] learning_rate: 0.0010
[2023-0805 1017 - INFO] train_acc: 49.671%, train_loss: nan
[2023-0805 1017 - INFO] test_acc: 52.634%, test_loss: 0.0054
[2023-0805 1017 - INFO] max_train_acc: 49.730%
[2023-0805 1017 - INFO] max_test_acc: 52.707%
[2023-0805 1017 - INFO] max_lr: 0.0010, min_lr: 0.0010
[2023-0805 1017 - INFO] ======================================
[2023-0805 1017 - INFO] epoch: 52/100
[2023-0805 1017 - INFO] learning_rate: 0.0010
[2023-0805 1017 - INFO] train_acc: 49.706%, train_loss: nan
[2023-0805 1017 - INFO] test_acc: 52.659%, test_loss: 0.0054
[2023-0805 1017 - INFO] max_train_acc: 49.730%
[2023-0805 1017 - INFO] max_test_acc: 52.707%
[2023-0805 1017 - INFO] max_lr: 0.0010, min_lr: 0.0010
[2023-0805 1017 - INFO] ======================================
[2023-0805 1018 - INFO] epoch: 53/100
[2023-0805 1018 - INFO] learning_rate: 0.0010
[2023-0805 1018 - INFO] train_acc: 49.659%, train_loss: nan
[2023-0805 1018 - INFO] test_acc: 52.634%, test_loss: 0.0054
[2023-0805 1018 - INFO] max_train_acc: 49.730%
[2023-0805 1018 - INFO] max_test_acc: 52.707%
[2023-0805 1018 - INFO] max_lr: 0.0010, min_lr: 0.0010
[2023-0805 1018 - INFO] ======================================
[2023-0805 1018 - INFO] epoch: 54/100
[2023-0805 1018 - INFO] learning_rate: 0.0010
[2023-0805 1018 - INFO] train_acc: 49.641%, train_loss: nan
[2023-0805 1018 - INFO] test_acc: 52.634%, test_loss: 0.0054
[2023-0805 1018 - INFO] max_train_acc: 49.730%
[2023-0805 1018 - INFO] max_test_acc: 52.707%
[2023-0805 1018 - INFO] max_lr: 0.0010, min_lr: 0.0010
[2023-0805 1018 - INFO] ======================================
[2023-0805 1019 - INFO] epoch: 55/100
[2023-0805 1019 - INFO] learning_rate: 0.0010
[2023-0805 1019 - INFO] train_acc: 49.671%, train_loss: nan
[2023-0805 1019 - INFO] test_acc: 52.634%, test_loss: 0.0054
[2023-0805 1019 - INFO] max_train_acc: 49.730%
[2023-0805 1019 - INFO] max_test_acc: 52.707%
[2023-0805 1019 - INFO] max_lr: 0.0010, min_lr: 0.0010
[2023-0805 1019 - INFO] ======================================
[2023-0805 1019 - INFO] epoch: 56/100
[2023-0805 1019 - INFO] learning_rate: 0.0010
[2023-0805 1019 - INFO] train_acc: 49.712%, train_loss: nan
[2023-0805 1019 - INFO] test_acc: 52.659%, test_loss: 0.0054
[2023-0805 1019 - INFO] max_train_acc: 49.730%
[2023-0805 1019 - INFO] max_test_acc: 52.707%
[2023-0805 1019 - INFO] max_lr: 0.0010, min_lr: 0.0010
[2023-0805 1019 - INFO] ======================================
[2023-0805 1020 - INFO] epoch: 57/100
[2023-0805 1020 - INFO] learning_rate: 0.0010
[2023-0805 1020 - INFO] train_acc: 49.688%, train_loss: nan
[2023-0805 1020 - INFO] test_acc: 52.659%, test_loss: 0.0054
[2023-0805 1020 - INFO] max_train_acc: 49.730%
[2023-0805 1020 - INFO] max_test_acc: 52.707%
[2023-0805 1020 - INFO] max_lr: 0.0010, min_lr: 0.0010
[2023-0805 1020 - INFO] ======================================
[2023-0805 1021 - INFO] epoch: 58/100
[2023-0805 1021 - INFO] learning_rate: 0.0010
[2023-0805 1021 - INFO] train_acc: 49.647%, train_loss: nan
[2023-0805 1021 - INFO] test_acc: 52.634%, test_loss: 0.0054
[2023-0805 1021 - INFO] max_train_acc: 49.730%
[2023-0805 1021 - INFO] max_test_acc: 52.707%
[2023-0805 1021 - INFO] max_lr: 0.0010, min_lr: 0.0010
[2023-0805 1021 - INFO] ======================================
[2023-0805 1021 - INFO] epoch: 59/100
[2023-0805 1021 - INFO] learning_rate: 0.0010
[2023-0805 1021 - INFO] train_acc: 49.624%, train_loss: nan
[2023-0805 1021 - INFO] test_acc: 52.634%, test_loss: 0.0054
[2023-0805 1021 - INFO] max_train_acc: 49.730%
[2023-0805 1021 - INFO] max_test_acc: 52.707%
[2023-0805 1021 - INFO] max_lr: 0.0010, min_lr: 0.0010
[2023-0805 1021 - INFO] ======================================
[2023-0805 1022 - INFO] epoch: 60/100
[2023-0805 1022 - INFO] learning_rate: 0.0010
[2023-0805 1022 - INFO] train_acc: 49.647%, train_loss: nan
[2023-0805 1022 - INFO] test_acc: 52.634%, test_loss: 0.0054
[2023-0805 1022 - INFO] max_train_acc: 49.730%
[2023-0805 1022 - INFO] max_test_acc: 52.707%
[2023-0805 1022 - INFO] max_lr: 0.0010, min_lr: 0.0010
[2023-0805 1022 - INFO] ======================================
[2023-0805 1022 - INFO] epoch: 61/100
[2023-0805 1022 - INFO] learning_rate: 0.0010
[2023-0805 1022 - INFO] train_acc: 49.653%, train_loss: nan
[2023-0805 1022 - INFO] test_acc: 52.707%, test_loss: 0.0054
[2023-0805 1022 - INFO] max_train_acc: 49.730%
[2023-0805 1022 - INFO] max_test_acc: 52.707%
[2023-0805 1022 - INFO] max_lr: 0.0010, min_lr: 0.0010
[2023-0805 1022 - INFO] ======================================
[2023-0805 1023 - INFO] epoch: 62/100
[2023-0805 1023 - INFO] learning_rate: 0.0010
[2023-0805 1023 - INFO] train_acc: 49.659%, train_loss: nan
[2023-0805 1023 - INFO] test_acc: 52.634%, test_loss: 0.0054
[2023-0805 1023 - INFO] max_train_acc: 49.730%
[2023-0805 1023 - INFO] max_test_acc: 52.707%
[2023-0805 1023 - INFO] max_lr: 0.0010, min_lr: 0.0010
[2023-0805 1023 - INFO] ======================================
[2023-0805 1024 - INFO] epoch: 63/100
[2023-0805 1024 - INFO] learning_rate: 0.0010
[2023-0805 1024 - INFO] train_acc: 49.653%, train_loss: nan
[2023-0805 1024 - INFO] test_acc: 52.659%, test_loss: 0.0054
[2023-0805 1024 - INFO] max_train_acc: 49.730%
[2023-0805 1024 - INFO] max_test_acc: 52.707%
[2023-0805 1024 - INFO] max_lr: 0.0010, min_lr: 0.0010
[2023-0805 1024 - INFO] ======================================
[2023-0805 1024 - INFO] epoch: 64/100
[2023-0805 1024 - INFO] learning_rate: 0.0010
[2023-0805 1024 - INFO] train_acc: 49.688%, train_loss: nan
[2023-0805 1024 - INFO] test_acc: 52.634%, test_loss: 0.0054
[2023-0805 1024 - INFO] max_train_acc: 49.730%
[2023-0805 1024 - INFO] max_test_acc: 52.707%
[2023-0805 1024 - INFO] max_lr: 0.0010, min_lr: 0.0010
[2023-0805 1024 - INFO] ======================================
[2023-0805 1025 - INFO] epoch: 65/100
[2023-0805 1025 - INFO] learning_rate: 0.0010
[2023-0805 1025 - INFO] train_acc: 49.641%, train_loss: nan
[2023-0805 1025 - INFO] test_acc: 52.659%, test_loss: 0.0054
[2023-0805 1025 - INFO] max_train_acc: 49.730%
[2023-0805 1025 - INFO] max_test_acc: 52.707%
[2023-0805 1025 - INFO] max_lr: 0.0010, min_lr: 0.0010
[2023-0805 1025 - INFO] ======================================
[2023-0805 1025 - INFO] epoch: 66/100
[2023-0805 1025 - INFO] learning_rate: 0.0010
[2023-0805 1025 - INFO] train_acc: 49.647%, train_loss: nan
[2023-0805 1025 - INFO] test_acc: 52.659%, test_loss: 0.0054
[2023-0805 1025 - INFO] max_train_acc: 49.730%
[2023-0805 1025 - INFO] max_test_acc: 52.707%
[2023-0805 1025 - INFO] max_lr: 0.0010, min_lr: 0.0010
[2023-0805 1025 - INFO] ======================================
[2023-0805 1026 - INFO] epoch: 67/100
[2023-0805 1026 - INFO] learning_rate: 0.0010
[2023-0805 1026 - INFO] train_acc: 49.659%, train_loss: nan
[2023-0805 1026 - INFO] test_acc: 52.634%, test_loss: 0.0054
[2023-0805 1026 - INFO] max_train_acc: 49.730%
[2023-0805 1026 - INFO] max_test_acc: 52.707%
[2023-0805 1026 - INFO] max_lr: 0.0010, min_lr: 0.0010
[2023-0805 1026 - INFO] ======================================
[2023-0805 1026 - INFO] epoch: 68/100
[2023-0805 1026 - INFO] learning_rate: 0.0010
[2023-0805 1026 - INFO] train_acc: 49.665%, train_loss: nan
[2023-0805 1026 - INFO] test_acc: 52.659%, test_loss: 0.0054
[2023-0805 1026 - INFO] max_train_acc: 49.730%
[2023-0805 1026 - INFO] max_test_acc: 52.707%
[2023-0805 1026 - INFO] max_lr: 0.0010, min_lr: 0.0010
[2023-0805 1026 - INFO] ======================================
[2023-0805 1027 - INFO] epoch: 69/100
[2023-0805 1027 - INFO] learning_rate: 0.0010
[2023-0805 1027 - INFO] train_acc: 49.659%, train_loss: nan
[2023-0805 1027 - INFO] test_acc: 52.659%, test_loss: 0.0054
[2023-0805 1027 - INFO] max_train_acc: 49.730%
[2023-0805 1027 - INFO] max_test_acc: 52.707%
[2023-0805 1027 - INFO] max_lr: 0.0010, min_lr: 0.0010
[2023-0805 1027 - INFO] ======================================
[2023-0805 1028 - INFO] epoch: 70/100
[2023-0805 1028 - INFO] learning_rate: 0.0010
[2023-0805 1028 - INFO] train_acc: 49.641%, train_loss: nan
[2023-0805 1028 - INFO] test_acc: 52.634%, test_loss: 0.0054
[2023-0805 1028 - INFO] max_train_acc: 49.730%
[2023-0805 1028 - INFO] max_test_acc: 52.707%
[2023-0805 1028 - INFO] max_lr: 0.0010, min_lr: 0.0010
[2023-0805 1028 - INFO] ======================================
[2023-0805 1028 - INFO] epoch: 71/100
[2023-0805 1028 - INFO] learning_rate: 0.0010
[2023-0805 1028 - INFO] train_acc: 49.683%, train_loss: nan
[2023-0805 1028 - INFO] test_acc: 52.659%, test_loss: 0.0054
[2023-0805 1028 - INFO] max_train_acc: 49.730%
[2023-0805 1028 - INFO] max_test_acc: 52.707%
[2023-0805 1028 - INFO] max_lr: 0.0010, min_lr: 0.0010
[2023-0805 1028 - INFO] ======================================
[2023-0805 1029 - INFO] epoch: 72/100
[2023-0805 1029 - INFO] learning_rate: 0.0010
[2023-0805 1029 - INFO] train_acc: 49.647%, train_loss: nan
[2023-0805 1029 - INFO] test_acc: 52.707%, test_loss: 0.0054
[2023-0805 1029 - INFO] max_train_acc: 49.730%
[2023-0805 1029 - INFO] max_test_acc: 52.707%
[2023-0805 1029 - INFO] max_lr: 0.0010, min_lr: 0.0010
[2023-0805 1029 - INFO] ======================================
[2023-0805 1029 - INFO] epoch: 73/100
[2023-0805 1029 - INFO] learning_rate: 0.0010
[2023-0805 1029 - INFO] train_acc: 49.677%, train_loss: nan
[2023-0805 1029 - INFO] test_acc: 52.683%, test_loss: 0.0054
[2023-0805 1029 - INFO] max_train_acc: 49.730%
[2023-0805 1029 - INFO] max_test_acc: 52.707%
[2023-0805 1029 - INFO] max_lr: 0.0010, min_lr: 0.0010
[2023-0805 1029 - INFO] ======================================
[2023-0805 1030 - INFO] epoch: 74/100
[2023-0805 1030 - INFO] learning_rate: 0.0010
[2023-0805 1030 - INFO] train_acc: 49.612%, train_loss: nan
[2023-0805 1030 - INFO] test_acc: 52.683%, test_loss: 0.0054
[2023-0805 1030 - INFO] max_train_acc: 49.730%
[2023-0805 1030 - INFO] max_test_acc: 52.707%
[2023-0805 1030 - INFO] max_lr: 0.0010, min_lr: 0.0010
[2023-0805 1030 - INFO] ======================================
[2023-0805 1030 - INFO] epoch: 75/100
[2023-0805 1030 - INFO] learning_rate: 0.0010
[2023-0805 1030 - INFO] train_acc: 49.653%, train_loss: nan
[2023-0805 1030 - INFO] test_acc: 52.634%, test_loss: 0.0054
[2023-0805 1030 - INFO] max_train_acc: 49.730%
[2023-0805 1030 - INFO] max_test_acc: 52.707%
[2023-0805 1030 - INFO] max_lr: 0.0010, min_lr: 0.0010
[2023-0805 1030 - INFO] ======================================
[2023-0805 1031 - INFO] epoch: 76/100
[2023-0805 1031 - INFO] learning_rate: 0.0010
[2023-0805 1031 - INFO] train_acc: 49.671%, train_loss: nan
[2023-0805 1031 - INFO] test_acc: 52.610%, test_loss: 0.0054
[2023-0805 1031 - INFO] max_train_acc: 49.730%
[2023-0805 1031 - INFO] max_test_acc: 52.707%
[2023-0805 1031 - INFO] max_lr: 0.0010, min_lr: 0.0010
[2023-0805 1031 - INFO] ======================================
[2023-0805 1032 - INFO] epoch: 77/100
[2023-0805 1032 - INFO] learning_rate: 0.0010
[2023-0805 1032 - INFO] train_acc: 49.671%, train_loss: nan
[2023-0805 1032 - INFO] test_acc: 52.659%, test_loss: 0.0054
[2023-0805 1032 - INFO] max_train_acc: 49.730%
[2023-0805 1032 - INFO] max_test_acc: 52.707%
[2023-0805 1032 - INFO] max_lr: 0.0010, min_lr: 0.0010
[2023-0805 1032 - INFO] ======================================
[2023-0805 1032 - INFO] epoch: 78/100
[2023-0805 1032 - INFO] learning_rate: 0.0010
[2023-0805 1032 - INFO] train_acc: 49.688%, train_loss: nan
[2023-0805 1032 - INFO] test_acc: 52.707%, test_loss: 0.0054
[2023-0805 1032 - INFO] max_train_acc: 49.730%
[2023-0805 1032 - INFO] max_test_acc: 52.707%
[2023-0805 1032 - INFO] max_lr: 0.0010, min_lr: 0.0010
[2023-0805 1032 - INFO] ======================================
[2023-0805 1033 - INFO] epoch: 79/100
[2023-0805 1033 - INFO] learning_rate: 0.0010
[2023-0805 1033 - INFO] train_acc: 49.653%, train_loss: nan
[2023-0805 1033 - INFO] test_acc: 52.683%, test_loss: 0.0054
[2023-0805 1033 - INFO] max_train_acc: 49.730%
[2023-0805 1033 - INFO] max_test_acc: 52.707%
[2023-0805 1033 - INFO] max_lr: 0.0010, min_lr: 0.0010
[2023-0805 1033 - INFO] ======================================
[2023-0805 1033 - INFO] epoch: 80/100
[2023-0805 1033 - INFO] learning_rate: 0.0010
[2023-0805 1033 - INFO] train_acc: 49.700%, train_loss: nan
[2023-0805 1033 - INFO] test_acc: 52.659%, test_loss: 0.0054
[2023-0805 1033 - INFO] max_train_acc: 49.730%
[2023-0805 1033 - INFO] max_test_acc: 52.707%
[2023-0805 1033 - INFO] max_lr: 0.0010, min_lr: 0.0010
[2023-0805 1033 - INFO] ======================================
[2023-0805 1034 - INFO] epoch: 81/100
[2023-0805 1034 - INFO] learning_rate: 0.0010
[2023-0805 1034 - INFO] train_acc: 49.630%, train_loss: nan
[2023-0805 1034 - INFO] test_acc: 52.659%, test_loss: 0.0054
[2023-0805 1034 - INFO] max_train_acc: 49.730%
[2023-0805 1034 - INFO] max_test_acc: 52.707%
[2023-0805 1034 - INFO] max_lr: 0.0010, min_lr: 0.0010
[2023-0805 1034 - INFO] ======================================
[2023-0805 1035 - INFO] epoch: 82/100
[2023-0805 1035 - INFO] learning_rate: 0.0010
[2023-0805 1035 - INFO] train_acc: 49.630%, train_loss: nan
[2023-0805 1035 - INFO] test_acc: 52.659%, test_loss: 0.0054
[2023-0805 1035 - INFO] max_train_acc: 49.730%
[2023-0805 1035 - INFO] max_test_acc: 52.707%
[2023-0805 1035 - INFO] max_lr: 0.0010, min_lr: 0.0010
[2023-0805 1035 - INFO] ======================================
[2023-0805 1035 - INFO] epoch: 83/100
[2023-0805 1035 - INFO] learning_rate: 0.0010
[2023-0805 1035 - INFO] train_acc: 49.665%, train_loss: nan
[2023-0805 1035 - INFO] test_acc: 52.659%, test_loss: 0.0054
[2023-0805 1035 - INFO] max_train_acc: 49.730%
[2023-0805 1035 - INFO] max_test_acc: 52.707%
[2023-0805 1035 - INFO] max_lr: 0.0010, min_lr: 0.0010
[2023-0805 1035 - INFO] ======================================
[2023-0805 1036 - INFO] epoch: 84/100
[2023-0805 1036 - INFO] learning_rate: 0.0010
[2023-0805 1036 - INFO] train_acc: 49.712%, train_loss: nan
[2023-0805 1036 - INFO] test_acc: 52.659%, test_loss: 0.0054
[2023-0805 1036 - INFO] max_train_acc: 49.730%
[2023-0805 1036 - INFO] max_test_acc: 52.707%
[2023-0805 1036 - INFO] max_lr: 0.0010, min_lr: 0.0010
[2023-0805 1036 - INFO] ======================================
[2023-0805 1036 - INFO] epoch: 85/100
[2023-0805 1036 - INFO] learning_rate: 0.0010
[2023-0805 1036 - INFO] train_acc: 49.659%, train_loss: nan
[2023-0805 1036 - INFO] test_acc: 52.659%, test_loss: 0.0054
[2023-0805 1036 - INFO] max_train_acc: 49.730%
[2023-0805 1036 - INFO] max_test_acc: 52.707%
[2023-0805 1036 - INFO] max_lr: 0.0010, min_lr: 0.0010
[2023-0805 1036 - INFO] ======================================
[2023-0805 1037 - INFO] epoch: 86/100
[2023-0805 1037 - INFO] learning_rate: 0.0010
[2023-0805 1037 - INFO] train_acc: 49.659%, train_loss: nan
[2023-0805 1037 - INFO] test_acc: 52.683%, test_loss: 0.0054
[2023-0805 1037 - INFO] max_train_acc: 49.730%
[2023-0805 1037 - INFO] max_test_acc: 52.707%
[2023-0805 1037 - INFO] max_lr: 0.0010, min_lr: 0.0010
[2023-0805 1037 - INFO] ======================================
[2023-0805 1037 - INFO] epoch: 87/100
[2023-0805 1037 - INFO] learning_rate: 0.0010
[2023-0805 1037 - INFO] train_acc: 49.677%, train_loss: nan
[2023-0805 1037 - INFO] test_acc: 52.634%, test_loss: 0.0054
[2023-0805 1037 - INFO] max_train_acc: 49.730%
[2023-0805 1037 - INFO] max_test_acc: 52.707%
[2023-0805 1037 - INFO] max_lr: 0.0010, min_lr: 0.0010
[2023-0805 1037 - INFO] ======================================
[2023-0805 1038 - INFO] epoch: 88/100
[2023-0805 1038 - INFO] learning_rate: 0.0010
[2023-0805 1038 - INFO] train_acc: 49.665%, train_loss: nan
[2023-0805 1038 - INFO] test_acc: 52.683%, test_loss: 0.0054
[2023-0805 1038 - INFO] max_train_acc: 49.730%
[2023-0805 1038 - INFO] max_test_acc: 52.707%
[2023-0805 1038 - INFO] max_lr: 0.0010, min_lr: 0.0010
[2023-0805 1038 - INFO] ======================================
[2023-0805 1039 - INFO] epoch: 89/100
[2023-0805 1039 - INFO] learning_rate: 0.0010
[2023-0805 1039 - INFO] train_acc: 49.677%, train_loss: nan
[2023-0805 1039 - INFO] test_acc: 52.659%, test_loss: 0.0054
[2023-0805 1039 - INFO] max_train_acc: 49.730%
[2023-0805 1039 - INFO] max_test_acc: 52.707%
[2023-0805 1039 - INFO] max_lr: 0.0010, min_lr: 0.0010
[2023-0805 1039 - INFO] ======================================
[2023-0805 1039 - INFO] epoch: 90/100
[2023-0805 1039 - INFO] learning_rate: 0.0010
[2023-0805 1039 - INFO] train_acc: 49.688%, train_loss: nan
[2023-0805 1039 - INFO] test_acc: 52.659%, test_loss: 0.0054
[2023-0805 1039 - INFO] max_train_acc: 49.730%
[2023-0805 1039 - INFO] max_test_acc: 52.707%
[2023-0805 1039 - INFO] max_lr: 0.0010, min_lr: 0.0010
[2023-0805 1039 - INFO] ======================================
[2023-0805 1040 - INFO] epoch: 91/100
[2023-0805 1040 - INFO] learning_rate: 0.0010
[2023-0805 1040 - INFO] train_acc: 49.694%, train_loss: nan
[2023-0805 1040 - INFO] test_acc: 52.634%, test_loss: 0.0054
[2023-0805 1040 - INFO] max_train_acc: 49.730%
[2023-0805 1040 - INFO] max_test_acc: 52.707%
[2023-0805 1040 - INFO] max_lr: 0.0010, min_lr: 0.0010
[2023-0805 1040 - INFO] ======================================
[2023-0805 1040 - INFO] epoch: 92/100
[2023-0805 1040 - INFO] learning_rate: 0.0010
[2023-0805 1040 - INFO] train_acc: 49.641%, train_loss: nan
[2023-0805 1040 - INFO] test_acc: 52.683%, test_loss: 0.0054
[2023-0805 1040 - INFO] max_train_acc: 49.730%
[2023-0805 1040 - INFO] max_test_acc: 52.707%
[2023-0805 1040 - INFO] max_lr: 0.0010, min_lr: 0.0010
[2023-0805 1040 - INFO] ======================================
[2023-0805 1041 - INFO] epoch: 93/100
[2023-0805 1041 - INFO] learning_rate: 0.0010
[2023-0805 1041 - INFO] train_acc: 49.659%, train_loss: nan
[2023-0805 1041 - INFO] test_acc: 52.683%, test_loss: 0.0054
[2023-0805 1041 - INFO] max_train_acc: 49.730%
[2023-0805 1041 - INFO] max_test_acc: 52.707%
[2023-0805 1041 - INFO] max_lr: 0.0010, min_lr: 0.0010
[2023-0805 1041 - INFO] ======================================
[2023-0805 1042 - INFO] epoch: 94/100
[2023-0805 1042 - INFO] learning_rate: 0.0010
[2023-0805 1042 - INFO] train_acc: 49.665%, train_loss: nan
[2023-0805 1042 - INFO] test_acc: 52.659%, test_loss: 0.0054
[2023-0805 1042 - INFO] max_train_acc: 49.730%
[2023-0805 1042 - INFO] max_test_acc: 52.707%
[2023-0805 1042 - INFO] max_lr: 0.0010, min_lr: 0.0010
[2023-0805 1042 - INFO] ======================================
[2023-0805 1042 - INFO] epoch: 95/100
[2023-0805 1042 - INFO] learning_rate: 0.0010
[2023-0805 1042 - INFO] train_acc: 49.712%, train_loss: nan
[2023-0805 1042 - INFO] test_acc: 52.659%, test_loss: 0.0054
[2023-0805 1042 - INFO] max_train_acc: 49.730%
[2023-0805 1042 - INFO] max_test_acc: 52.707%
[2023-0805 1042 - INFO] max_lr: 0.0010, min_lr: 0.0010
[2023-0805 1042 - INFO] ======================================
[2023-0805 1043 - INFO] epoch: 96/100
[2023-0805 1043 - INFO] learning_rate: 0.0010
[2023-0805 1043 - INFO] train_acc: 49.718%, train_loss: nan
[2023-0805 1043 - INFO] test_acc: 52.683%, test_loss: 0.0054
[2023-0805 1043 - INFO] max_train_acc: 49.730%
[2023-0805 1043 - INFO] max_test_acc: 52.707%
[2023-0805 1043 - INFO] max_lr: 0.0010, min_lr: 0.0010
[2023-0805 1043 - INFO] ======================================
[2023-0805 1043 - INFO] epoch: 97/100
[2023-0805 1043 - INFO] learning_rate: 0.0010
[2023-0805 1043 - INFO] train_acc: 49.665%, train_loss: nan
[2023-0805 1043 - INFO] test_acc: 52.683%, test_loss: 0.0054
[2023-0805 1043 - INFO] max_train_acc: 49.730%
[2023-0805 1043 - INFO] max_test_acc: 52.707%
[2023-0805 1043 - INFO] max_lr: 0.0010, min_lr: 0.0010
[2023-0805 1043 - INFO] ======================================
[2023-0805 1044 - INFO] epoch: 98/100
[2023-0805 1044 - INFO] learning_rate: 0.0010
[2023-0805 1044 - INFO] train_acc: 49.624%, train_loss: nan
[2023-0805 1044 - INFO] test_acc: 52.707%, test_loss: 0.0054
[2023-0805 1044 - INFO] max_train_acc: 49.730%
[2023-0805 1044 - INFO] max_test_acc: 52.707%
[2023-0805 1044 - INFO] max_lr: 0.0010, min_lr: 0.0010
[2023-0805 1044 - INFO] ======================================
[2023-0805 1044 - INFO] epoch: 99/100
[2023-0805 1044 - INFO] learning_rate: 0.0010
[2023-0805 1044 - INFO] train_acc: 49.647%, train_loss: nan
[2023-0805 1044 - INFO] test_acc: 52.659%, test_loss: 0.0054
[2023-0805 1044 - INFO] max_train_acc: 49.730%
[2023-0805 1044 - INFO] max_test_acc: 52.707%
[2023-0805 1044 - INFO] max_lr: 0.0010, min_lr: 0.0010
[2023-0805 1044 - INFO] ======================================
[2023-0805 1045 - INFO] epoch: 100/100
[2023-0805 1045 - INFO] learning_rate: 0.0010
[2023-0805 1045 - INFO] train_acc: 49.700%, train_loss: nan
[2023-0805 1045 - INFO] test_acc: 52.707%, test_loss: 0.0054
[2023-0805 1045 - INFO] max_train_acc: 49.730%
[2023-0805 1045 - INFO] max_test_acc: 52.707%
[2023-0805 1045 - INFO] max_lr: 0.0010, min_lr: 0.0010
[2023-0805 1045 - INFO] ======================================
