[2023-07-26 14:40:06 - INFO:] # batch_size = 128
[2023-07-26 14:40:06 - INFO:] # learning_rate = 0.005
[2023-07-26 14:40:06 - INFO:] # num_epochs = 200
[2023-07-26 14:40:06 - INFO:] # padding_size = 3500
[2023-07-26 14:40:06 - INFO:] # criterion = CrossEntropyLoss()
[2023-07-26 14:40:06 - INFO:] # scheduler = <torch.optim.lr_scheduler.LambdaLR object at 0x00000256C2217460>
[2023-07-26 14:40:06 - INFO:] # optimizer = AdamW (
Parameter Group 0
    amsgrad: False
    betas: (0.9, 0.98)
    capturable: False
    differentiable: False
    eps: 1e-08
    foreach: None
    fused: None
    initial_lr: 0.005
    lr: 0.0
    maximize: False
    weight_decay: 0.01
)
[2023-07-26 14:40:06 - INFO:] -------------------------------
[2023-07-26 14:42:58 - INFO:] epoch: 1/200
[2023-07-26 14:42:58 - INFO:] learning_rate: 0.0000
[2023-07-26 14:42:58 - INFO:] train_acc: 82.6843%, train_loss: 0.0053
[2023-07-26 14:42:58 - INFO:] test_acc: 87.9103%, test_loss: 0.0053
[2023-07-26 14:42:58 - INFO:] max_train_acc: 82.6843%
[2023-07-26 14:42:58 - INFO:] max_test_acc: 87.9103%
[2023-07-26 14:42:58 - INFO:] max_lr: 0.0000, min_lr: 0.0000
[2023-07-26 14:42:58 - INFO:] ======================================
