[2023-0727 2053 - INFO] <<< BEATs_iter3_plus_AS20K - 2 fc layers>>>
[2023-0727 2053 - INFO] # trainset_size = 17010
[2023-0727 2053 - INFO] # testset_size = 22970
[2023-0727 2053 - INFO] # train_a/p = 8505/8505
[2023-0727 2053 - INFO] # test_a/p = 20866/2050
[2023-0727 2053 - INFO] # batch_size = 64
[2023-0727 2053 - INFO] # learning_rate = 0.0001
[2023-0727 2053 - INFO] # num_epochs = 100
[2023-0727 2053 - INFO] # padding_size = 3500
[2023-0727 2053 - INFO] # criterion = CrossEntropyLoss()
[2023-0727 2053 - INFO] # scheduler = None
[2023-0727 2053 - INFO] # optimizer = AdamW (
Parameter Group 0
    amsgrad: False
    betas: (0.9, 0.98)
    capturable: False
    differentiable: False
    eps: 1e-08
    foreach: None
    fused: None
    lr: 0.0001
    maximize: False
    weight_decay: 0.01
)
[2023-0727 2053 - INFO] -------------------------------
[2023-0727 2054 - INFO] epoch: 1/100
[2023-0727 2054 - INFO] learning_rate: 0.0001
[2023-0727 2054 - INFO] train_acc: 66.961%, train_loss: 0.0104
[2023-0727 2054 - INFO] test_acc: 66.700%, test_loss: 0.0099
[2023-0727 2054 - INFO] max_train_acc: 66.961%
[2023-0727 2054 - INFO] max_test_acc: 66.700%
[2023-0727 2054 - INFO] max_lr: 0.0001, min_lr: 0.0001
[2023-0727 2054 - INFO] ======================================
[2023-0727 2055 - INFO] epoch: 2/100
[2023-0727 2055 - INFO] learning_rate: 0.0001
[2023-0727 2055 - INFO] train_acc: 69.906%, train_loss: 0.0099
[2023-0727 2055 - INFO] test_acc: 66.674%, test_loss: 0.0098
[2023-0727 2055 - INFO] max_train_acc: 69.906%
[2023-0727 2055 - INFO] max_test_acc: 66.700%
[2023-0727 2055 - INFO] max_lr: 0.0001, min_lr: 0.0001
[2023-0727 2055 - INFO] ======================================
[2023-0727 2056 - INFO] epoch: 3/100
[2023-0727 2056 - INFO] learning_rate: 0.0001
[2023-0727 2056 - INFO] train_acc: 69.906%, train_loss: 0.0096
[2023-0727 2056 - INFO] test_acc: 66.635%, test_loss: 0.0097
[2023-0727 2056 - INFO] max_train_acc: 69.906%
[2023-0727 2056 - INFO] max_test_acc: 66.700%
[2023-0727 2056 - INFO] max_lr: 0.0001, min_lr: 0.0001
[2023-0727 2056 - INFO] ======================================
[2023-0727 2057 - INFO] epoch: 4/100
[2023-0727 2057 - INFO] learning_rate: 0.0001
[2023-0727 2057 - INFO] train_acc: 69.718%, train_loss: 0.0095
[2023-0727 2057 - INFO] test_acc: 66.639%, test_loss: 0.0096
[2023-0727 2057 - INFO] max_train_acc: 69.906%
[2023-0727 2057 - INFO] max_test_acc: 66.700%
[2023-0727 2057 - INFO] max_lr: 0.0001, min_lr: 0.0001
[2023-0727 2057 - INFO] ======================================
[2023-0727 2058 - INFO] epoch: 5/100
[2023-0727 2058 - INFO] learning_rate: 0.0001
[2023-0727 2058 - INFO] train_acc: 70.000%, train_loss: 0.0094
[2023-0727 2058 - INFO] test_acc: 66.639%, test_loss: 0.0096
[2023-0727 2058 - INFO] max_train_acc: 70.000%
[2023-0727 2058 - INFO] max_test_acc: 66.700%
[2023-0727 2058 - INFO] max_lr: 0.0001, min_lr: 0.0001
[2023-0727 2058 - INFO] ======================================
[2023-0727 2059 - INFO] epoch: 6/100
[2023-0727 2059 - INFO] learning_rate: 0.0001
[2023-0727 2059 - INFO] train_acc: 70.053%, train_loss: 0.0093
[2023-0727 2059 - INFO] test_acc: 66.713%, test_loss: 0.0096
[2023-0727 2059 - INFO] max_train_acc: 70.053%
[2023-0727 2059 - INFO] max_test_acc: 66.713%
[2023-0727 2059 - INFO] max_lr: 0.0001, min_lr: 0.0001
[2023-0727 2059 - INFO] ======================================
[2023-0727 2100 - INFO] epoch: 7/100
[2023-0727 2100 - INFO] learning_rate: 0.0001
[2023-0727 2100 - INFO] train_acc: 70.176%, train_loss: 0.0092
[2023-0727 2100 - INFO] test_acc: 66.713%, test_loss: 0.0095
[2023-0727 2100 - INFO] max_train_acc: 70.176%
[2023-0727 2100 - INFO] max_test_acc: 66.713%
[2023-0727 2100 - INFO] max_lr: 0.0001, min_lr: 0.0001
[2023-0727 2100 - INFO] ======================================
[2023-0727 2101 - INFO] epoch: 8/100
[2023-0727 2101 - INFO] learning_rate: 0.0001
[2023-0727 2101 - INFO] train_acc: 70.329%, train_loss: 0.0092
[2023-0727 2101 - INFO] test_acc: 66.783%, test_loss: 0.0095
[2023-0727 2101 - INFO] max_train_acc: 70.329%
[2023-0727 2101 - INFO] max_test_acc: 66.783%
[2023-0727 2101 - INFO] max_lr: 0.0001, min_lr: 0.0001
[2023-0727 2101 - INFO] ======================================
[2023-0727 2102 - INFO] epoch: 9/100
[2023-0727 2102 - INFO] learning_rate: 0.0001
[2023-0727 2102 - INFO] train_acc: 70.506%, train_loss: 0.0092
[2023-0727 2102 - INFO] test_acc: 66.865%, test_loss: 0.0095
[2023-0727 2102 - INFO] max_train_acc: 70.506%
[2023-0727 2102 - INFO] max_test_acc: 66.865%
[2023-0727 2102 - INFO] max_lr: 0.0001, min_lr: 0.0001
[2023-0727 2102 - INFO] ======================================
[2023-0727 2103 - INFO] epoch: 10/100
[2023-0727 2103 - INFO] learning_rate: 0.0001
[2023-0727 2103 - INFO] train_acc: 70.588%, train_loss: 0.0092
[2023-0727 2103 - INFO] test_acc: 66.966%, test_loss: 0.0095
[2023-0727 2103 - INFO] max_train_acc: 70.588%
[2023-0727 2103 - INFO] max_test_acc: 66.966%
[2023-0727 2103 - INFO] max_lr: 0.0001, min_lr: 0.0001
[2023-0727 2103 - INFO] ======================================
[2023-0727 2104 - INFO] epoch: 11/100
[2023-0727 2104 - INFO] learning_rate: 0.0001
[2023-0727 2104 - INFO] train_acc: 70.923%, train_loss: 0.0092
[2023-0727 2104 - INFO] test_acc: 67.022%, test_loss: 0.0095
[2023-0727 2104 - INFO] max_train_acc: 70.923%
[2023-0727 2104 - INFO] max_test_acc: 67.022%
[2023-0727 2104 - INFO] max_lr: 0.0001, min_lr: 0.0001
[2023-0727 2104 - INFO] ======================================
[2023-0727 2105 - INFO] epoch: 12/100
[2023-0727 2105 - INFO] learning_rate: 0.0001
[2023-0727 2105 - INFO] train_acc: 71.111%, train_loss: 0.0091
[2023-0727 2105 - INFO] test_acc: 67.131%, test_loss: 0.0095
[2023-0727 2105 - INFO] max_train_acc: 71.111%
[2023-0727 2105 - INFO] max_test_acc: 67.131%
[2023-0727 2105 - INFO] max_lr: 0.0001, min_lr: 0.0001
[2023-0727 2105 - INFO] ======================================
[2023-0727 2106 - INFO] epoch: 13/100
[2023-0727 2106 - INFO] learning_rate: 0.0001
[2023-0727 2106 - INFO] train_acc: 71.399%, train_loss: 0.0091
[2023-0727 2106 - INFO] test_acc: 67.109%, test_loss: 0.0094
[2023-0727 2106 - INFO] max_train_acc: 71.399%
[2023-0727 2106 - INFO] max_test_acc: 67.131%
[2023-0727 2106 - INFO] max_lr: 0.0001, min_lr: 0.0001
[2023-0727 2106 - INFO] ======================================
[2023-0727 2107 - INFO] epoch: 14/100
[2023-0727 2107 - INFO] learning_rate: 0.0001
[2023-0727 2107 - INFO] train_acc: 71.640%, train_loss: 0.0091
[2023-0727 2107 - INFO] test_acc: 67.214%, test_loss: 0.0093
[2023-0727 2107 - INFO] max_train_acc: 71.640%
[2023-0727 2107 - INFO] max_test_acc: 67.214%
[2023-0727 2107 - INFO] max_lr: 0.0001, min_lr: 0.0001
[2023-0727 2107 - INFO] ======================================
[2023-0727 2108 - INFO] epoch: 15/100
[2023-0727 2108 - INFO] learning_rate: 0.0001
[2023-0727 2108 - INFO] train_acc: 71.828%, train_loss: 0.0090
[2023-0727 2108 - INFO] test_acc: 67.214%, test_loss: 0.0094
[2023-0727 2108 - INFO] max_train_acc: 71.828%
[2023-0727 2108 - INFO] max_test_acc: 67.214%
[2023-0727 2108 - INFO] max_lr: 0.0001, min_lr: 0.0001
[2023-0727 2108 - INFO] ======================================
[2023-0727 2109 - INFO] epoch: 16/100
[2023-0727 2109 - INFO] learning_rate: 0.0001
[2023-0727 2109 - INFO] train_acc: 71.999%, train_loss: 0.0090
[2023-0727 2109 - INFO] test_acc: 67.296%, test_loss: 0.0093
[2023-0727 2109 - INFO] max_train_acc: 71.999%
[2023-0727 2109 - INFO] max_test_acc: 67.296%
[2023-0727 2109 - INFO] max_lr: 0.0001, min_lr: 0.0001
[2023-0727 2109 - INFO] ======================================
[2023-0727 2110 - INFO] epoch: 17/100
[2023-0727 2110 - INFO] learning_rate: 0.0001
[2023-0727 2110 - INFO] train_acc: 72.081%, train_loss: 0.0090
[2023-0727 2110 - INFO] test_acc: 67.323%, test_loss: 0.0093
[2023-0727 2110 - INFO] max_train_acc: 72.081%
[2023-0727 2110 - INFO] max_test_acc: 67.323%
[2023-0727 2110 - INFO] max_lr: 0.0001, min_lr: 0.0001
[2023-0727 2110 - INFO] ======================================
[2023-0727 2111 - INFO] epoch: 18/100
[2023-0727 2111 - INFO] learning_rate: 0.0001
[2023-0727 2111 - INFO] train_acc: 72.516%, train_loss: 0.0090
[2023-0727 2111 - INFO] test_acc: 67.558%, test_loss: 0.0092
[2023-0727 2111 - INFO] max_train_acc: 72.516%
[2023-0727 2111 - INFO] max_test_acc: 67.558%
[2023-0727 2111 - INFO] max_lr: 0.0001, min_lr: 0.0001
[2023-0727 2111 - INFO] ======================================
[2023-0727 2112 - INFO] epoch: 19/100
[2023-0727 2112 - INFO] learning_rate: 0.0001
[2023-0727 2112 - INFO] train_acc: 72.510%, train_loss: 0.0090
[2023-0727 2112 - INFO] test_acc: 67.423%, test_loss: 0.0092
[2023-0727 2112 - INFO] max_train_acc: 72.516%
[2023-0727 2112 - INFO] max_test_acc: 67.558%
[2023-0727 2112 - INFO] max_lr: 0.0001, min_lr: 0.0001
[2023-0727 2112 - INFO] ======================================
[2023-0727 2113 - INFO] epoch: 20/100
[2023-0727 2113 - INFO] learning_rate: 0.0001
[2023-0727 2113 - INFO] train_acc: 72.704%, train_loss: 0.0089
[2023-0727 2113 - INFO] test_acc: 67.915%, test_loss: 0.0091
[2023-0727 2113 - INFO] max_train_acc: 72.704%
[2023-0727 2113 - INFO] max_test_acc: 67.915%
[2023-0727 2113 - INFO] max_lr: 0.0001, min_lr: 0.0001
[2023-0727 2113 - INFO] ======================================
[2023-0727 2114 - INFO] epoch: 21/100
[2023-0727 2114 - INFO] learning_rate: 0.0001
[2023-0727 2114 - INFO] train_acc: 72.769%, train_loss: 0.0089
[2023-0727 2114 - INFO] test_acc: 67.671%, test_loss: 0.0092
[2023-0727 2114 - INFO] max_train_acc: 72.769%
[2023-0727 2114 - INFO] max_test_acc: 67.915%
[2023-0727 2114 - INFO] max_lr: 0.0001, min_lr: 0.0001
[2023-0727 2114 - INFO] ======================================
[2023-0727 2115 - INFO] epoch: 22/100
[2023-0727 2115 - INFO] learning_rate: 0.0001
[2023-0727 2115 - INFO] train_acc: 72.910%, train_loss: 0.0089
[2023-0727 2115 - INFO] test_acc: 67.819%, test_loss: 0.0091
[2023-0727 2115 - INFO] max_train_acc: 72.910%
[2023-0727 2115 - INFO] max_test_acc: 67.915%
[2023-0727 2115 - INFO] max_lr: 0.0001, min_lr: 0.0001
[2023-0727 2115 - INFO] ======================================
[2023-0727 2116 - INFO] epoch: 23/100
[2023-0727 2116 - INFO] learning_rate: 0.0001
[2023-0727 2116 - INFO] train_acc: 73.163%, train_loss: 0.0089
[2023-0727 2116 - INFO] test_acc: 68.076%, test_loss: 0.0091
[2023-0727 2116 - INFO] max_train_acc: 73.163%
[2023-0727 2116 - INFO] max_test_acc: 68.076%
[2023-0727 2116 - INFO] max_lr: 0.0001, min_lr: 0.0001
[2023-0727 2116 - INFO] ======================================
[2023-0727 2117 - INFO] epoch: 24/100
[2023-0727 2117 - INFO] learning_rate: 0.0001
[2023-0727 2117 - INFO] train_acc: 73.275%, train_loss: 0.0089
[2023-0727 2117 - INFO] test_acc: 68.563%, test_loss: 0.0090
[2023-0727 2117 - INFO] max_train_acc: 73.275%
[2023-0727 2117 - INFO] max_test_acc: 68.563%
[2023-0727 2117 - INFO] max_lr: 0.0001, min_lr: 0.0001
[2023-0727 2117 - INFO] ======================================
[2023-0727 2118 - INFO] epoch: 25/100
[2023-0727 2118 - INFO] learning_rate: 0.0001
[2023-0727 2118 - INFO] train_acc: 73.280%, train_loss: 0.0089
[2023-0727 2118 - INFO] test_acc: 67.971%, test_loss: 0.0091
[2023-0727 2118 - INFO] max_train_acc: 73.280%
[2023-0727 2118 - INFO] max_test_acc: 68.563%
[2023-0727 2118 - INFO] max_lr: 0.0001, min_lr: 0.0001
[2023-0727 2118 - INFO] ======================================
[2023-0727 2119 - INFO] epoch: 26/100
[2023-0727 2119 - INFO] learning_rate: 0.0001
[2023-0727 2119 - INFO] train_acc: 73.251%, train_loss: 0.0089
[2023-0727 2119 - INFO] test_acc: 68.650%, test_loss: 0.0090
[2023-0727 2119 - INFO] max_train_acc: 73.280%
[2023-0727 2119 - INFO] max_test_acc: 68.650%
[2023-0727 2119 - INFO] max_lr: 0.0001, min_lr: 0.0001
[2023-0727 2119 - INFO] ======================================
[2023-0727 2120 - INFO] epoch: 27/100
[2023-0727 2120 - INFO] learning_rate: 0.0001
[2023-0727 2120 - INFO] train_acc: 73.433%, train_loss: 0.0089
[2023-0727 2120 - INFO] test_acc: 68.585%, test_loss: 0.0090
[2023-0727 2120 - INFO] max_train_acc: 73.433%
[2023-0727 2120 - INFO] max_test_acc: 68.650%
[2023-0727 2120 - INFO] max_lr: 0.0001, min_lr: 0.0001
[2023-0727 2120 - INFO] ======================================
[2023-0727 2121 - INFO] epoch: 28/100
[2023-0727 2121 - INFO] learning_rate: 0.0001
[2023-0727 2121 - INFO] train_acc: 73.804%, train_loss: 0.0088
[2023-0727 2121 - INFO] test_acc: 68.772%, test_loss: 0.0090
[2023-0727 2121 - INFO] max_train_acc: 73.804%
[2023-0727 2121 - INFO] max_test_acc: 68.772%
[2023-0727 2121 - INFO] max_lr: 0.0001, min_lr: 0.0001
[2023-0727 2121 - INFO] ======================================
[2023-0727 2122 - INFO] epoch: 29/100
[2023-0727 2122 - INFO] learning_rate: 0.0001
[2023-0727 2122 - INFO] train_acc: 73.369%, train_loss: 0.0089
[2023-0727 2122 - INFO] test_acc: 68.772%, test_loss: 0.0090
[2023-0727 2122 - INFO] max_train_acc: 73.804%
[2023-0727 2122 - INFO] max_test_acc: 68.772%
[2023-0727 2122 - INFO] max_lr: 0.0001, min_lr: 0.0001
[2023-0727 2122 - INFO] ======================================
[2023-0727 2123 - INFO] epoch: 30/100
[2023-0727 2123 - INFO] learning_rate: 0.0001
[2023-0727 2123 - INFO] train_acc: 73.322%, train_loss: 0.0088
[2023-0727 2123 - INFO] test_acc: 69.212%, test_loss: 0.0089
[2023-0727 2123 - INFO] max_train_acc: 73.804%
[2023-0727 2123 - INFO] max_test_acc: 69.212%
[2023-0727 2123 - INFO] max_lr: 0.0001, min_lr: 0.0001
[2023-0727 2123 - INFO] ======================================
[2023-0727 2124 - INFO] epoch: 31/100
[2023-0727 2124 - INFO] learning_rate: 0.0001
[2023-0727 2124 - INFO] train_acc: 73.710%, train_loss: 0.0088
[2023-0727 2124 - INFO] test_acc: 69.525%, test_loss: 0.0089
[2023-0727 2124 - INFO] max_train_acc: 73.804%
[2023-0727 2124 - INFO] max_test_acc: 69.525%
[2023-0727 2124 - INFO] max_lr: 0.0001, min_lr: 0.0001
[2023-0727 2124 - INFO] ======================================
[2023-0727 2125 - INFO] epoch: 32/100
[2023-0727 2125 - INFO] learning_rate: 0.0001
[2023-0727 2125 - INFO] train_acc: 73.545%, train_loss: 0.0088
[2023-0727 2125 - INFO] test_acc: 69.377%, test_loss: 0.0089
[2023-0727 2125 - INFO] max_train_acc: 73.804%
[2023-0727 2125 - INFO] max_test_acc: 69.525%
[2023-0727 2125 - INFO] max_lr: 0.0001, min_lr: 0.0001
[2023-0727 2125 - INFO] ======================================
[2023-0727 2126 - INFO] epoch: 33/100
[2023-0727 2126 - INFO] learning_rate: 0.0001
[2023-0727 2126 - INFO] train_acc: 73.980%, train_loss: 0.0088
[2023-0727 2126 - INFO] test_acc: 69.665%, test_loss: 0.0089
[2023-0727 2126 - INFO] max_train_acc: 73.980%
[2023-0727 2126 - INFO] max_test_acc: 69.665%
[2023-0727 2126 - INFO] max_lr: 0.0001, min_lr: 0.0001
[2023-0727 2126 - INFO] ======================================
[2023-0727 2127 - INFO] epoch: 34/100
[2023-0727 2127 - INFO] learning_rate: 0.0001
[2023-0727 2127 - INFO] train_acc: 73.663%, train_loss: 0.0088
[2023-0727 2127 - INFO] test_acc: 69.765%, test_loss: 0.0089
[2023-0727 2127 - INFO] max_train_acc: 73.980%
[2023-0727 2127 - INFO] max_test_acc: 69.765%
[2023-0727 2127 - INFO] max_lr: 0.0001, min_lr: 0.0001
[2023-0727 2127 - INFO] ======================================
[2023-0727 2128 - INFO] epoch: 35/100
[2023-0727 2128 - INFO] learning_rate: 0.0001
[2023-0727 2128 - INFO] train_acc: 73.580%, train_loss: 0.0088
[2023-0727 2128 - INFO] test_acc: 69.382%, test_loss: 0.0089
[2023-0727 2128 - INFO] max_train_acc: 73.980%
[2023-0727 2128 - INFO] max_test_acc: 69.765%
[2023-0727 2128 - INFO] max_lr: 0.0001, min_lr: 0.0001
[2023-0727 2128 - INFO] ======================================
[2023-0727 2129 - INFO] epoch: 36/100
[2023-0727 2129 - INFO] learning_rate: 0.0001
[2023-0727 2129 - INFO] train_acc: 73.815%, train_loss: 0.0088
[2023-0727 2129 - INFO] test_acc: 69.451%, test_loss: 0.0089
[2023-0727 2129 - INFO] max_train_acc: 73.980%
[2023-0727 2129 - INFO] max_test_acc: 69.765%
[2023-0727 2129 - INFO] max_lr: 0.0001, min_lr: 0.0001
[2023-0727 2129 - INFO] ======================================
[2023-0727 2130 - INFO] epoch: 37/100
[2023-0727 2130 - INFO] learning_rate: 0.0001
[2023-0727 2130 - INFO] train_acc: 73.674%, train_loss: 0.0088
[2023-0727 2130 - INFO] test_acc: 69.626%, test_loss: 0.0089
[2023-0727 2130 - INFO] max_train_acc: 73.980%
[2023-0727 2130 - INFO] max_test_acc: 69.765%
[2023-0727 2130 - INFO] max_lr: 0.0001, min_lr: 0.0001
[2023-0727 2130 - INFO] ======================================
[2023-0727 2131 - INFO] epoch: 38/100
[2023-0727 2131 - INFO] learning_rate: 0.0001
[2023-0727 2131 - INFO] train_acc: 73.839%, train_loss: 0.0088
[2023-0727 2131 - INFO] test_acc: 70.253%, test_loss: 0.0088
[2023-0727 2131 - INFO] max_train_acc: 73.980%
[2023-0727 2131 - INFO] max_test_acc: 70.253%
[2023-0727 2131 - INFO] max_lr: 0.0001, min_lr: 0.0001
[2023-0727 2131 - INFO] ======================================
[2023-0727 2132 - INFO] epoch: 39/100
[2023-0727 2132 - INFO] learning_rate: 0.0001
[2023-0727 2132 - INFO] train_acc: 73.710%, train_loss: 0.0088
[2023-0727 2132 - INFO] test_acc: 70.196%, test_loss: 0.0088
[2023-0727 2132 - INFO] max_train_acc: 73.980%
[2023-0727 2132 - INFO] max_test_acc: 70.253%
[2023-0727 2132 - INFO] max_lr: 0.0001, min_lr: 0.0001
[2023-0727 2132 - INFO] ======================================
[2023-0727 2133 - INFO] epoch: 40/100
[2023-0727 2133 - INFO] learning_rate: 0.0001
[2023-0727 2133 - INFO] train_acc: 73.868%, train_loss: 0.0088
[2023-0727 2133 - INFO] test_acc: 70.949%, test_loss: 0.0087
[2023-0727 2133 - INFO] max_train_acc: 73.980%
[2023-0727 2133 - INFO] max_test_acc: 70.949%
[2023-0727 2133 - INFO] max_lr: 0.0001, min_lr: 0.0001
[2023-0727 2133 - INFO] ======================================
[2023-0727 2134 - INFO] epoch: 41/100
[2023-0727 2134 - INFO] learning_rate: 0.0001
[2023-0727 2134 - INFO] train_acc: 74.068%, train_loss: 0.0088
[2023-0727 2134 - INFO] test_acc: 70.753%, test_loss: 0.0088
[2023-0727 2134 - INFO] max_train_acc: 74.068%
[2023-0727 2134 - INFO] max_test_acc: 70.949%
[2023-0727 2134 - INFO] max_lr: 0.0001, min_lr: 0.0001
[2023-0727 2134 - INFO] ======================================
[2023-0727 2135 - INFO] epoch: 42/100
[2023-0727 2135 - INFO] learning_rate: 0.0001
[2023-0727 2135 - INFO] train_acc: 73.962%, train_loss: 0.0088
[2023-0727 2135 - INFO] test_acc: 70.623%, test_loss: 0.0088
[2023-0727 2135 - INFO] max_train_acc: 74.068%
[2023-0727 2135 - INFO] max_test_acc: 70.949%
[2023-0727 2135 - INFO] max_lr: 0.0001, min_lr: 0.0001
[2023-0727 2135 - INFO] ======================================
[2023-0727 2136 - INFO] epoch: 43/100
[2023-0727 2136 - INFO] learning_rate: 0.0001
[2023-0727 2136 - INFO] train_acc: 73.951%, train_loss: 0.0088
[2023-0727 2136 - INFO] test_acc: 71.036%, test_loss: 0.0087
[2023-0727 2136 - INFO] max_train_acc: 74.068%
[2023-0727 2136 - INFO] max_test_acc: 71.036%
[2023-0727 2136 - INFO] max_lr: 0.0001, min_lr: 0.0001
[2023-0727 2136 - INFO] ======================================
[2023-0727 2137 - INFO] epoch: 44/100
[2023-0727 2137 - INFO] learning_rate: 0.0001
[2023-0727 2137 - INFO] train_acc: 74.203%, train_loss: 0.0087
[2023-0727 2137 - INFO] test_acc: 71.097%, test_loss: 0.0087
[2023-0727 2137 - INFO] max_train_acc: 74.203%
[2023-0727 2137 - INFO] max_test_acc: 71.097%
[2023-0727 2137 - INFO] max_lr: 0.0001, min_lr: 0.0001
[2023-0727 2137 - INFO] ======================================
[2023-0727 2138 - INFO] epoch: 45/100
[2023-0727 2138 - INFO] learning_rate: 0.0001
[2023-0727 2138 - INFO] train_acc: 73.968%, train_loss: 0.0088
[2023-0727 2138 - INFO] test_acc: 70.313%, test_loss: 0.0088
[2023-0727 2138 - INFO] max_train_acc: 74.203%
[2023-0727 2138 - INFO] max_test_acc: 71.097%
[2023-0727 2138 - INFO] max_lr: 0.0001, min_lr: 0.0001
[2023-0727 2138 - INFO] ======================================
[2023-0727 2139 - INFO] epoch: 46/100
[2023-0727 2139 - INFO] learning_rate: 0.0001
[2023-0727 2139 - INFO] train_acc: 73.616%, train_loss: 0.0088
[2023-0727 2139 - INFO] test_acc: 70.884%, test_loss: 0.0088
[2023-0727 2139 - INFO] max_train_acc: 74.203%
[2023-0727 2139 - INFO] max_test_acc: 71.097%
[2023-0727 2139 - INFO] max_lr: 0.0001, min_lr: 0.0001
[2023-0727 2139 - INFO] ======================================
[2023-0727 2140 - INFO] epoch: 47/100
[2023-0727 2140 - INFO] learning_rate: 0.0001
[2023-0727 2140 - INFO] train_acc: 74.062%, train_loss: 0.0087
[2023-0727 2140 - INFO] test_acc: 70.871%, test_loss: 0.0088
[2023-0727 2140 - INFO] max_train_acc: 74.203%
[2023-0727 2140 - INFO] max_test_acc: 71.097%
[2023-0727 2140 - INFO] max_lr: 0.0001, min_lr: 0.0001
[2023-0727 2140 - INFO] ======================================
[2023-0727 2141 - INFO] epoch: 48/100
[2023-0727 2141 - INFO] learning_rate: 0.0001
[2023-0727 2141 - INFO] train_acc: 74.127%, train_loss: 0.0087
[2023-0727 2141 - INFO] test_acc: 71.728%, test_loss: 0.0087
[2023-0727 2141 - INFO] max_train_acc: 74.203%
[2023-0727 2141 - INFO] max_test_acc: 71.728%
[2023-0727 2141 - INFO] max_lr: 0.0001, min_lr: 0.0001
[2023-0727 2141 - INFO] ======================================
[2023-0727 2142 - INFO] epoch: 49/100
[2023-0727 2142 - INFO] learning_rate: 0.0001
[2023-0727 2142 - INFO] train_acc: 74.115%, train_loss: 0.0087
[2023-0727 2142 - INFO] test_acc: 70.213%, test_loss: 0.0089
[2023-0727 2142 - INFO] max_train_acc: 74.203%
[2023-0727 2142 - INFO] max_test_acc: 71.728%
[2023-0727 2142 - INFO] max_lr: 0.0001, min_lr: 0.0001
[2023-0727 2142 - INFO] ======================================
[2023-0727 2143 - INFO] epoch: 50/100
[2023-0727 2143 - INFO] learning_rate: 0.0001
[2023-0727 2143 - INFO] train_acc: 73.762%, train_loss: 0.0087
[2023-0727 2143 - INFO] test_acc: 71.175%, test_loss: 0.0087
[2023-0727 2143 - INFO] max_train_acc: 74.203%
[2023-0727 2143 - INFO] max_test_acc: 71.728%
[2023-0727 2143 - INFO] max_lr: 0.0001, min_lr: 0.0001
[2023-0727 2143 - INFO] ======================================
[2023-0727 2144 - INFO] epoch: 51/100
[2023-0727 2144 - INFO] learning_rate: 0.0001
[2023-0727 2144 - INFO] train_acc: 74.039%, train_loss: 0.0087
[2023-0727 2144 - INFO] test_acc: 71.354%, test_loss: 0.0087
[2023-0727 2144 - INFO] max_train_acc: 74.203%
[2023-0727 2144 - INFO] max_test_acc: 71.728%
[2023-0727 2144 - INFO] max_lr: 0.0001, min_lr: 0.0001
[2023-0727 2144 - INFO] ======================================
[2023-0727 2145 - INFO] epoch: 52/100
[2023-0727 2145 - INFO] learning_rate: 0.0001
[2023-0727 2145 - INFO] train_acc: 74.039%, train_loss: 0.0087
[2023-0727 2145 - INFO] test_acc: 71.920%, test_loss: 0.0086
[2023-0727 2145 - INFO] max_train_acc: 74.203%
[2023-0727 2145 - INFO] max_test_acc: 71.920%
[2023-0727 2145 - INFO] max_lr: 0.0001, min_lr: 0.0001
[2023-0727 2145 - INFO] ======================================
[2023-0727 2146 - INFO] epoch: 53/100
[2023-0727 2146 - INFO] learning_rate: 0.0001
[2023-0727 2146 - INFO] train_acc: 74.150%, train_loss: 0.0087
[2023-0727 2146 - INFO] test_acc: 70.845%, test_loss: 0.0088
[2023-0727 2146 - INFO] max_train_acc: 74.203%
[2023-0727 2146 - INFO] max_test_acc: 71.920%
[2023-0727 2146 - INFO] max_lr: 0.0001, min_lr: 0.0001
[2023-0727 2146 - INFO] ======================================
[2023-0727 2147 - INFO] epoch: 54/100
[2023-0727 2147 - INFO] learning_rate: 0.0001
[2023-0727 2147 - INFO] train_acc: 74.168%, train_loss: 0.0087
[2023-0727 2147 - INFO] test_acc: 70.779%, test_loss: 0.0088
[2023-0727 2147 - INFO] max_train_acc: 74.203%
[2023-0727 2147 - INFO] max_test_acc: 71.920%
[2023-0727 2147 - INFO] max_lr: 0.0001, min_lr: 0.0001
[2023-0727 2147 - INFO] ======================================
[2023-0727 2148 - INFO] epoch: 55/100
[2023-0727 2148 - INFO] learning_rate: 0.0001
[2023-0727 2148 - INFO] train_acc: 73.892%, train_loss: 0.0087
[2023-0727 2148 - INFO] test_acc: 71.145%, test_loss: 0.0087
[2023-0727 2148 - INFO] max_train_acc: 74.203%
[2023-0727 2148 - INFO] max_test_acc: 71.920%
[2023-0727 2148 - INFO] max_lr: 0.0001, min_lr: 0.0001
[2023-0727 2148 - INFO] ======================================
[2023-0727 2149 - INFO] epoch: 56/100
[2023-0727 2149 - INFO] learning_rate: 0.0001
[2023-0727 2149 - INFO] train_acc: 74.327%, train_loss: 0.0087
[2023-0727 2149 - INFO] test_acc: 71.128%, test_loss: 0.0087
[2023-0727 2149 - INFO] max_train_acc: 74.327%
[2023-0727 2149 - INFO] max_test_acc: 71.920%
[2023-0727 2149 - INFO] max_lr: 0.0001, min_lr: 0.0001
[2023-0727 2149 - INFO] ======================================
[2023-0727 2150 - INFO] epoch: 57/100
[2023-0727 2150 - INFO] learning_rate: 0.0001
[2023-0727 2150 - INFO] train_acc: 74.004%, train_loss: 0.0087
[2023-0727 2150 - INFO] test_acc: 71.994%, test_loss: 0.0086
[2023-0727 2150 - INFO] max_train_acc: 74.327%
[2023-0727 2150 - INFO] max_test_acc: 71.994%
[2023-0727 2150 - INFO] max_lr: 0.0001, min_lr: 0.0001
[2023-0727 2150 - INFO] ======================================
[2023-0727 2151 - INFO] epoch: 58/100
[2023-0727 2151 - INFO] learning_rate: 0.0001
[2023-0727 2151 - INFO] train_acc: 74.245%, train_loss: 0.0087
[2023-0727 2151 - INFO] test_acc: 71.781%, test_loss: 0.0087
[2023-0727 2151 - INFO] max_train_acc: 74.327%
[2023-0727 2151 - INFO] max_test_acc: 71.994%
[2023-0727 2151 - INFO] max_lr: 0.0001, min_lr: 0.0001
[2023-0727 2151 - INFO] ======================================
[2023-0727 2152 - INFO] epoch: 59/100
[2023-0727 2152 - INFO] learning_rate: 0.0001
[2023-0727 2152 - INFO] train_acc: 74.468%, train_loss: 0.0087
[2023-0727 2152 - INFO] test_acc: 71.759%, test_loss: 0.0087
[2023-0727 2152 - INFO] max_train_acc: 74.468%
[2023-0727 2152 - INFO] max_test_acc: 71.994%
[2023-0727 2152 - INFO] max_lr: 0.0001, min_lr: 0.0001
[2023-0727 2152 - INFO] ======================================
[2023-0727 2153 - INFO] epoch: 60/100
[2023-0727 2153 - INFO] learning_rate: 0.0001
[2023-0727 2153 - INFO] train_acc: 74.286%, train_loss: 0.0087
[2023-0727 2153 - INFO] test_acc: 71.402%, test_loss: 0.0087
[2023-0727 2153 - INFO] max_train_acc: 74.468%
[2023-0727 2153 - INFO] max_test_acc: 71.994%
[2023-0727 2153 - INFO] max_lr: 0.0001, min_lr: 0.0001
[2023-0727 2153 - INFO] ======================================
[2023-0727 2154 - INFO] epoch: 61/100
[2023-0727 2154 - INFO] learning_rate: 0.0001
[2023-0727 2154 - INFO] train_acc: 74.086%, train_loss: 0.0087
[2023-0727 2154 - INFO] test_acc: 71.106%, test_loss: 0.0087
[2023-0727 2154 - INFO] max_train_acc: 74.468%
[2023-0727 2154 - INFO] max_test_acc: 71.994%
[2023-0727 2154 - INFO] max_lr: 0.0001, min_lr: 0.0001
[2023-0727 2154 - INFO] ======================================
[2023-0727 2155 - INFO] epoch: 62/100
[2023-0727 2155 - INFO] learning_rate: 0.0001
[2023-0727 2155 - INFO] train_acc: 74.409%, train_loss: 0.0087
[2023-0727 2155 - INFO] test_acc: 71.263%, test_loss: 0.0087
[2023-0727 2155 - INFO] max_train_acc: 74.468%
[2023-0727 2155 - INFO] max_test_acc: 71.994%
[2023-0727 2155 - INFO] max_lr: 0.0001, min_lr: 0.0001
[2023-0727 2155 - INFO] ======================================
[2023-0727 2156 - INFO] epoch: 63/100
[2023-0727 2156 - INFO] learning_rate: 0.0001
[2023-0727 2156 - INFO] train_acc: 74.521%, train_loss: 0.0087
[2023-0727 2156 - INFO] test_acc: 71.289%, test_loss: 0.0087
[2023-0727 2156 - INFO] max_train_acc: 74.521%
[2023-0727 2156 - INFO] max_test_acc: 71.994%
[2023-0727 2156 - INFO] max_lr: 0.0001, min_lr: 0.0001
[2023-0727 2156 - INFO] ======================================
[2023-0727 2157 - INFO] epoch: 64/100
[2023-0727 2157 - INFO] learning_rate: 0.0001
[2023-0727 2157 - INFO] train_acc: 74.374%, train_loss: 0.0087
[2023-0727 2157 - INFO] test_acc: 72.138%, test_loss: 0.0086
[2023-0727 2157 - INFO] max_train_acc: 74.521%
[2023-0727 2157 - INFO] max_test_acc: 72.138%
[2023-0727 2157 - INFO] max_lr: 0.0001, min_lr: 0.0001
[2023-0727 2157 - INFO] ======================================
[2023-0727 2158 - INFO] epoch: 65/100
[2023-0727 2158 - INFO] learning_rate: 0.0001
[2023-0727 2158 - INFO] train_acc: 74.368%, train_loss: 0.0087
[2023-0727 2158 - INFO] test_acc: 71.676%, test_loss: 0.0087
[2023-0727 2158 - INFO] max_train_acc: 74.521%
[2023-0727 2158 - INFO] max_test_acc: 72.138%
[2023-0727 2158 - INFO] max_lr: 0.0001, min_lr: 0.0001
[2023-0727 2158 - INFO] ======================================
[2023-0727 2159 - INFO] epoch: 66/100
[2023-0727 2159 - INFO] learning_rate: 0.0001
[2023-0727 2159 - INFO] train_acc: 74.068%, train_loss: 0.0087
[2023-0727 2159 - INFO] test_acc: 71.498%, test_loss: 0.0087
[2023-0727 2159 - INFO] max_train_acc: 74.521%
[2023-0727 2159 - INFO] max_test_acc: 72.138%
[2023-0727 2159 - INFO] max_lr: 0.0001, min_lr: 0.0001
[2023-0727 2159 - INFO] ======================================
[2023-0727 2200 - INFO] epoch: 67/100
[2023-0727 2200 - INFO] learning_rate: 0.0001
[2023-0727 2200 - INFO] train_acc: 74.333%, train_loss: 0.0087
[2023-0727 2200 - INFO] test_acc: 72.172%, test_loss: 0.0086
[2023-0727 2200 - INFO] max_train_acc: 74.521%
[2023-0727 2200 - INFO] max_test_acc: 72.172%
[2023-0727 2200 - INFO] max_lr: 0.0001, min_lr: 0.0001
[2023-0727 2200 - INFO] ======================================
[2023-0727 2201 - INFO] epoch: 68/100
[2023-0727 2201 - INFO] learning_rate: 0.0001
[2023-0727 2201 - INFO] train_acc: 74.439%, train_loss: 0.0087
[2023-0727 2201 - INFO] test_acc: 71.128%, test_loss: 0.0087
[2023-0727 2201 - INFO] max_train_acc: 74.521%
[2023-0727 2201 - INFO] max_test_acc: 72.172%
[2023-0727 2201 - INFO] max_lr: 0.0001, min_lr: 0.0001
[2023-0727 2201 - INFO] ======================================
[2023-0727 2202 - INFO] epoch: 69/100
[2023-0727 2202 - INFO] learning_rate: 0.0001
[2023-0727 2202 - INFO] train_acc: 74.386%, train_loss: 0.0087
[2023-0727 2202 - INFO] test_acc: 71.454%, test_loss: 0.0087
[2023-0727 2202 - INFO] max_train_acc: 74.521%
[2023-0727 2202 - INFO] max_test_acc: 72.172%
[2023-0727 2202 - INFO] max_lr: 0.0001, min_lr: 0.0001
[2023-0727 2202 - INFO] ======================================
[2023-0727 2203 - INFO] epoch: 70/100
[2023-0727 2203 - INFO] learning_rate: 0.0001
[2023-0727 2203 - INFO] train_acc: 74.550%, train_loss: 0.0087
[2023-0727 2203 - INFO] test_acc: 72.155%, test_loss: 0.0086
[2023-0727 2203 - INFO] max_train_acc: 74.550%
[2023-0727 2203 - INFO] max_test_acc: 72.172%
[2023-0727 2203 - INFO] max_lr: 0.0001, min_lr: 0.0001
[2023-0727 2203 - INFO] ======================================
[2023-0727 2204 - INFO] epoch: 71/100
[2023-0727 2204 - INFO] learning_rate: 0.0001
[2023-0727 2204 - INFO] train_acc: 74.015%, train_loss: 0.0087
[2023-0727 2204 - INFO] test_acc: 71.593%, test_loss: 0.0087
[2023-0727 2204 - INFO] max_train_acc: 74.550%
[2023-0727 2204 - INFO] max_test_acc: 72.172%
[2023-0727 2204 - INFO] max_lr: 0.0001, min_lr: 0.0001
[2023-0727 2204 - INFO] ======================================
[2023-0727 2205 - INFO] epoch: 72/100
[2023-0727 2205 - INFO] learning_rate: 0.0001
[2023-0727 2205 - INFO] train_acc: 74.491%, train_loss: 0.0087
[2023-0727 2205 - INFO] test_acc: 71.798%, test_loss: 0.0086
[2023-0727 2205 - INFO] max_train_acc: 74.550%
[2023-0727 2205 - INFO] max_test_acc: 72.172%
[2023-0727 2205 - INFO] max_lr: 0.0001, min_lr: 0.0001
[2023-0727 2205 - INFO] ======================================
[2023-0727 2206 - INFO] epoch: 73/100
[2023-0727 2206 - INFO] learning_rate: 0.0001
[2023-0727 2206 - INFO] train_acc: 74.209%, train_loss: 0.0087
[2023-0727 2206 - INFO] test_acc: 71.524%, test_loss: 0.0087
[2023-0727 2206 - INFO] max_train_acc: 74.550%
[2023-0727 2206 - INFO] max_test_acc: 72.172%
[2023-0727 2206 - INFO] max_lr: 0.0001, min_lr: 0.0001
[2023-0727 2206 - INFO] ======================================
[2023-0727 2207 - INFO] epoch: 74/100
[2023-0727 2207 - INFO] learning_rate: 0.0001
[2023-0727 2207 - INFO] train_acc: 74.539%, train_loss: 0.0086
[2023-0727 2207 - INFO] test_acc: 71.424%, test_loss: 0.0087
[2023-0727 2207 - INFO] max_train_acc: 74.550%
[2023-0727 2207 - INFO] max_test_acc: 72.172%
[2023-0727 2207 - INFO] max_lr: 0.0001, min_lr: 0.0001
[2023-0727 2207 - INFO] ======================================
[2023-0727 2208 - INFO] epoch: 75/100
[2023-0727 2208 - INFO] learning_rate: 0.0001
[2023-0727 2208 - INFO] train_acc: 74.427%, train_loss: 0.0087
[2023-0727 2208 - INFO] test_acc: 71.781%, test_loss: 0.0086
[2023-0727 2208 - INFO] max_train_acc: 74.550%
[2023-0727 2208 - INFO] max_test_acc: 72.172%
[2023-0727 2208 - INFO] max_lr: 0.0001, min_lr: 0.0001
[2023-0727 2208 - INFO] ======================================
[2023-0727 2209 - INFO] epoch: 76/100
[2023-0727 2209 - INFO] learning_rate: 0.0001
[2023-0727 2209 - INFO] train_acc: 74.633%, train_loss: 0.0086
[2023-0727 2209 - INFO] test_acc: 71.393%, test_loss: 0.0087
[2023-0727 2209 - INFO] max_train_acc: 74.633%
[2023-0727 2209 - INFO] max_test_acc: 72.172%
[2023-0727 2209 - INFO] max_lr: 0.0001, min_lr: 0.0001
[2023-0727 2209 - INFO] ======================================
[2023-0727 2210 - INFO] epoch: 77/100
[2023-0727 2210 - INFO] learning_rate: 0.0001
[2023-0727 2210 - INFO] train_acc: 74.444%, train_loss: 0.0086
[2023-0727 2210 - INFO] test_acc: 71.933%, test_loss: 0.0086
[2023-0727 2210 - INFO] max_train_acc: 74.633%
[2023-0727 2210 - INFO] max_test_acc: 72.172%
[2023-0727 2210 - INFO] max_lr: 0.0001, min_lr: 0.0001
[2023-0727 2210 - INFO] ======================================
[2023-0727 2211 - INFO] epoch: 78/100
[2023-0727 2211 - INFO] learning_rate: 0.0001
[2023-0727 2211 - INFO] train_acc: 74.656%, train_loss: 0.0086
[2023-0727 2211 - INFO] test_acc: 71.424%, test_loss: 0.0087
[2023-0727 2211 - INFO] max_train_acc: 74.656%
[2023-0727 2211 - INFO] max_test_acc: 72.172%
[2023-0727 2211 - INFO] max_lr: 0.0001, min_lr: 0.0001
[2023-0727 2211 - INFO] ======================================
[2023-0727 2212 - INFO] epoch: 79/100
[2023-0727 2212 - INFO] learning_rate: 0.0001
[2023-0727 2212 - INFO] train_acc: 74.691%, train_loss: 0.0086
[2023-0727 2212 - INFO] test_acc: 72.020%, test_loss: 0.0086
[2023-0727 2212 - INFO] max_train_acc: 74.691%
[2023-0727 2212 - INFO] max_test_acc: 72.172%
[2023-0727 2212 - INFO] max_lr: 0.0001, min_lr: 0.0001
[2023-0727 2212 - INFO] ======================================
[2023-0727 2213 - INFO] epoch: 80/100
[2023-0727 2213 - INFO] learning_rate: 0.0001
[2023-0727 2213 - INFO] train_acc: 74.832%, train_loss: 0.0086
[2023-0727 2213 - INFO] test_acc: 71.506%, test_loss: 0.0087
[2023-0727 2213 - INFO] max_train_acc: 74.832%
[2023-0727 2213 - INFO] max_test_acc: 72.172%
[2023-0727 2213 - INFO] max_lr: 0.0001, min_lr: 0.0001
[2023-0727 2213 - INFO] ======================================
[2023-0727 2214 - INFO] epoch: 81/100
[2023-0727 2214 - INFO] learning_rate: 0.0001
[2023-0727 2214 - INFO] train_acc: 74.286%, train_loss: 0.0087
[2023-0727 2214 - INFO] test_acc: 72.246%, test_loss: 0.0086
[2023-0727 2214 - INFO] max_train_acc: 74.832%
[2023-0727 2214 - INFO] max_test_acc: 72.246%
[2023-0727 2214 - INFO] max_lr: 0.0001, min_lr: 0.0001
[2023-0727 2214 - INFO] ======================================
[2023-0727 2215 - INFO] epoch: 82/100
[2023-0727 2215 - INFO] learning_rate: 0.0001
[2023-0727 2215 - INFO] train_acc: 74.650%, train_loss: 0.0086
[2023-0727 2215 - INFO] test_acc: 72.116%, test_loss: 0.0086
[2023-0727 2215 - INFO] max_train_acc: 74.832%
[2023-0727 2215 - INFO] max_test_acc: 72.246%
[2023-0727 2215 - INFO] max_lr: 0.0001, min_lr: 0.0001
[2023-0727 2215 - INFO] ======================================
[2023-0727 2216 - INFO] epoch: 83/100
[2023-0727 2216 - INFO] learning_rate: 0.0001
[2023-0727 2216 - INFO] train_acc: 74.462%, train_loss: 0.0086
[2023-0727 2216 - INFO] test_acc: 71.485%, test_loss: 0.0087
[2023-0727 2216 - INFO] max_train_acc: 74.832%
[2023-0727 2216 - INFO] max_test_acc: 72.246%
[2023-0727 2216 - INFO] max_lr: 0.0001, min_lr: 0.0001
[2023-0727 2216 - INFO] ======================================
[2023-0727 2217 - INFO] epoch: 84/100
[2023-0727 2217 - INFO] learning_rate: 0.0001
[2023-0727 2217 - INFO] train_acc: 73.980%, train_loss: 0.0087
[2023-0727 2217 - INFO] test_acc: 71.097%, test_loss: 0.0087
[2023-0727 2217 - INFO] max_train_acc: 74.832%
[2023-0727 2217 - INFO] max_test_acc: 72.246%
[2023-0727 2217 - INFO] max_lr: 0.0001, min_lr: 0.0001
[2023-0727 2217 - INFO] ======================================
[2023-0727 2218 - INFO] epoch: 85/100
[2023-0727 2218 - INFO] learning_rate: 0.0001
[2023-0727 2218 - INFO] train_acc: 74.474%, train_loss: 0.0086
[2023-0727 2218 - INFO] test_acc: 71.515%, test_loss: 0.0087
[2023-0727 2218 - INFO] max_train_acc: 74.832%
[2023-0727 2218 - INFO] max_test_acc: 72.246%
[2023-0727 2218 - INFO] max_lr: 0.0001, min_lr: 0.0001
[2023-0727 2218 - INFO] ======================================
[2023-0727 2219 - INFO] epoch: 86/100
[2023-0727 2219 - INFO] learning_rate: 0.0001
[2023-0727 2219 - INFO] train_acc: 74.486%, train_loss: 0.0086
[2023-0727 2219 - INFO] test_acc: 72.468%, test_loss: 0.0086
[2023-0727 2219 - INFO] max_train_acc: 74.832%
[2023-0727 2219 - INFO] max_test_acc: 72.468%
[2023-0727 2219 - INFO] max_lr: 0.0001, min_lr: 0.0001
[2023-0727 2219 - INFO] ======================================
[2023-0727 2220 - INFO] epoch: 87/100
[2023-0727 2220 - INFO] learning_rate: 0.0001
[2023-0727 2220 - INFO] train_acc: 74.580%, train_loss: 0.0086
[2023-0727 2220 - INFO] test_acc: 71.367%, test_loss: 0.0087
[2023-0727 2220 - INFO] max_train_acc: 74.832%
[2023-0727 2220 - INFO] max_test_acc: 72.468%
[2023-0727 2220 - INFO] max_lr: 0.0001, min_lr: 0.0001
[2023-0727 2220 - INFO] ======================================
[2023-0727 2221 - INFO] epoch: 88/100
[2023-0727 2221 - INFO] learning_rate: 0.0001
[2023-0727 2221 - INFO] train_acc: 74.439%, train_loss: 0.0086
[2023-0727 2221 - INFO] test_acc: 72.081%, test_loss: 0.0086
[2023-0727 2221 - INFO] max_train_acc: 74.832%
[2023-0727 2221 - INFO] max_test_acc: 72.468%
[2023-0727 2221 - INFO] max_lr: 0.0001, min_lr: 0.0001
[2023-0727 2221 - INFO] ======================================
[2023-0727 2222 - INFO] epoch: 89/100
[2023-0727 2222 - INFO] learning_rate: 0.0001
[2023-0727 2222 - INFO] train_acc: 74.703%, train_loss: 0.0086
[2023-0727 2222 - INFO] test_acc: 72.508%, test_loss: 0.0085
[2023-0727 2222 - INFO] max_train_acc: 74.832%
[2023-0727 2222 - INFO] max_test_acc: 72.508%
[2023-0727 2222 - INFO] max_lr: 0.0001, min_lr: 0.0001
[2023-0727 2222 - INFO] ======================================
[2023-0727 2223 - INFO] epoch: 90/100
[2023-0727 2223 - INFO] learning_rate: 0.0001
[2023-0727 2223 - INFO] train_acc: 74.309%, train_loss: 0.0086
[2023-0727 2223 - INFO] test_acc: 71.293%, test_loss: 0.0087
[2023-0727 2223 - INFO] max_train_acc: 74.832%
[2023-0727 2223 - INFO] max_test_acc: 72.508%
[2023-0727 2223 - INFO] max_lr: 0.0001, min_lr: 0.0001
[2023-0727 2223 - INFO] ======================================
[2023-0727 2224 - INFO] epoch: 91/100
[2023-0727 2224 - INFO] learning_rate: 0.0001
[2023-0727 2224 - INFO] train_acc: 74.979%, train_loss: 0.0086
[2023-0727 2224 - INFO] test_acc: 71.559%, test_loss: 0.0087
[2023-0727 2224 - INFO] max_train_acc: 74.979%
[2023-0727 2224 - INFO] max_test_acc: 72.508%
[2023-0727 2224 - INFO] max_lr: 0.0001, min_lr: 0.0001
[2023-0727 2224 - INFO] ======================================
[2023-0727 2225 - INFO] epoch: 92/100
[2023-0727 2225 - INFO] learning_rate: 0.0001
[2023-0727 2225 - INFO] train_acc: 74.809%, train_loss: 0.0086
[2023-0727 2225 - INFO] test_acc: 71.171%, test_loss: 0.0087
[2023-0727 2225 - INFO] max_train_acc: 74.979%
[2023-0727 2225 - INFO] max_test_acc: 72.508%
[2023-0727 2225 - INFO] max_lr: 0.0001, min_lr: 0.0001
[2023-0727 2225 - INFO] ======================================
[2023-0727 2226 - INFO] epoch: 93/100
[2023-0727 2226 - INFO] learning_rate: 0.0001
[2023-0727 2226 - INFO] train_acc: 74.533%, train_loss: 0.0086
[2023-0727 2226 - INFO] test_acc: 72.081%, test_loss: 0.0086
[2023-0727 2226 - INFO] max_train_acc: 74.979%
[2023-0727 2226 - INFO] max_test_acc: 72.508%
[2023-0727 2226 - INFO] max_lr: 0.0001, min_lr: 0.0001
[2023-0727 2226 - INFO] ======================================
[2023-0727 2227 - INFO] epoch: 94/100
[2023-0727 2227 - INFO] learning_rate: 0.0001
[2023-0727 2227 - INFO] train_acc: 74.691%, train_loss: 0.0086
[2023-0727 2227 - INFO] test_acc: 71.855%, test_loss: 0.0086
[2023-0727 2227 - INFO] max_train_acc: 74.979%
[2023-0727 2227 - INFO] max_test_acc: 72.508%
[2023-0727 2227 - INFO] max_lr: 0.0001, min_lr: 0.0001
[2023-0727 2227 - INFO] ======================================
[2023-0727 2228 - INFO] epoch: 95/100
[2023-0727 2228 - INFO] learning_rate: 0.0001
[2023-0727 2228 - INFO] train_acc: 74.468%, train_loss: 0.0086
[2023-0727 2228 - INFO] test_acc: 71.916%, test_loss: 0.0086
[2023-0727 2228 - INFO] max_train_acc: 74.979%
[2023-0727 2228 - INFO] max_test_acc: 72.508%
[2023-0727 2228 - INFO] max_lr: 0.0001, min_lr: 0.0001
[2023-0727 2228 - INFO] ======================================
[2023-0727 2229 - INFO] epoch: 96/100
[2023-0727 2229 - INFO] learning_rate: 0.0001
[2023-0727 2229 - INFO] train_acc: 74.827%, train_loss: 0.0086
[2023-0727 2229 - INFO] test_acc: 72.199%, test_loss: 0.0086
[2023-0727 2229 - INFO] max_train_acc: 74.979%
[2023-0727 2229 - INFO] max_test_acc: 72.508%
[2023-0727 2229 - INFO] max_lr: 0.0001, min_lr: 0.0001
[2023-0727 2229 - INFO] ======================================
[2023-0727 2230 - INFO] epoch: 97/100
[2023-0727 2230 - INFO] learning_rate: 0.0001
[2023-0727 2230 - INFO] train_acc: 74.862%, train_loss: 0.0086
[2023-0727 2230 - INFO] test_acc: 72.717%, test_loss: 0.0085
[2023-0727 2230 - INFO] max_train_acc: 74.979%
[2023-0727 2230 - INFO] max_test_acc: 72.717%
[2023-0727 2230 - INFO] max_lr: 0.0001, min_lr: 0.0001
[2023-0727 2230 - INFO] ======================================
[2023-0727 2231 - INFO] epoch: 98/100
[2023-0727 2231 - INFO] learning_rate: 0.0001
[2023-0727 2231 - INFO] train_acc: 74.633%, train_loss: 0.0086
[2023-0727 2231 - INFO] test_acc: 71.432%, test_loss: 0.0087
[2023-0727 2231 - INFO] max_train_acc: 74.979%
[2023-0727 2231 - INFO] max_test_acc: 72.717%
[2023-0727 2231 - INFO] max_lr: 0.0001, min_lr: 0.0001
[2023-0727 2231 - INFO] ======================================
[2023-0727 2232 - INFO] epoch: 99/100
[2023-0727 2232 - INFO] learning_rate: 0.0001
[2023-0727 2232 - INFO] train_acc: 74.627%, train_loss: 0.0086
[2023-0727 2232 - INFO] test_acc: 71.981%, test_loss: 0.0086
[2023-0727 2232 - INFO] max_train_acc: 74.979%
[2023-0727 2232 - INFO] max_test_acc: 72.717%
[2023-0727 2232 - INFO] max_lr: 0.0001, min_lr: 0.0001
[2023-0727 2232 - INFO] ======================================
[2023-0727 2233 - INFO] epoch: 100/100
[2023-0727 2233 - INFO] learning_rate: 0.0001
[2023-0727 2233 - INFO] train_acc: 74.885%, train_loss: 0.0086
[2023-0727 2233 - INFO] test_acc: 71.441%, test_loss: 0.0087
[2023-0727 2233 - INFO] max_train_acc: 74.979%
[2023-0727 2233 - INFO] max_test_acc: 72.717%
[2023-0727 2233 - INFO] max_lr: 0.0001, min_lr: 0.0001
[2023-0727 2233 - INFO] ======================================
