[2023-07-24 21:01:27 - INFO:] # batch_size = 300
[2023-07-24 21:01:27 - INFO:] # learning_rate = 3e-05
[2023-07-24 21:01:27 - INFO:] # num_epochs = 200
[2023-07-24 21:01:27 - INFO:] # padding_size = 3500
[2023-07-24 21:01:27 - INFO:] # criterion = CrossEntropyLoss()
[2023-07-24 21:01:27 - INFO:] # scheduler = <torch.optim.lr_scheduler.CosineAnnealingLR object at 0x00000213BE01D460>
[2023-07-24 21:01:27 - INFO:] # optimizer = AdamW (
Parameter Group 0
    amsgrad: False
    betas: (0.9, 0.98)
    capturable: False
    differentiable: False
    eps: 1e-08
    foreach: None
    fused: None
    initial_lr: 3e-05
    lr: 3e-05
    maximize: False
    weight_decay: 0.01
)
[2023-07-24 21:01:27 - INFO:] -------------------------------
[2023-07-24 21:04:00 - INFO:] epoch: 1/200
[2023-07-24 21:04:00 - INFO:] learning_rate: 0.0000
[2023-07-24 21:04:00 - INFO:] train_acc: 72.0373%, train_loss: 0.0022
[2023-07-24 21:04:00 - INFO:] test_acc: 90.3657%, test_loss: 0.0019
[2023-07-24 21:04:00 - INFO:] max_train_acc: 0.7204
[2023-07-24 21:04:00 - INFO:] max_test_acc: 0.9037
[2023-07-24 21:04:00 - INFO:] max_lr: 0.0000, min_lr: 0.0000
[2023-07-24 21:04:00 - INFO:] ======================================
[2023-07-24 21:06:28 - INFO:] epoch: 2/200
[2023-07-24 21:06:28 - INFO:] learning_rate: 0.0000
[2023-07-24 21:06:28 - INFO:] train_acc: 90.8227%, train_loss: 0.0017
[2023-07-24 21:06:28 - INFO:] test_acc: 90.4092%, test_loss: 0.0016
[2023-07-24 21:06:28 - INFO:] max_train_acc: 0.9082
[2023-07-24 21:06:28 - INFO:] max_test_acc: 0.9041
[2023-07-24 21:06:28 - INFO:] max_lr: 0.0000, min_lr: 0.0000
[2023-07-24 21:06:28 - INFO:] ======================================
[2023-07-24 21:08:56 - INFO:] epoch: 3/200
[2023-07-24 21:08:56 - INFO:] learning_rate: 0.0000
[2023-07-24 21:08:56 - INFO:] train_acc: 90.8153%, train_loss: 0.0015
[2023-07-24 21:08:56 - INFO:] test_acc: 90.4005%, test_loss: 0.0014
[2023-07-24 21:08:56 - INFO:] max_train_acc: 0.9082
[2023-07-24 21:08:56 - INFO:] max_test_acc: 0.9041
[2023-07-24 21:08:56 - INFO:] max_lr: 0.0000, min_lr: 0.0000
[2023-07-24 21:08:56 - INFO:] ======================================
[2023-07-24 21:11:25 - INFO:] epoch: 4/200
[2023-07-24 21:11:25 - INFO:] learning_rate: 0.0000
[2023-07-24 21:11:25 - INFO:] train_acc: 90.8111%, train_loss: 0.0014
[2023-07-24 21:11:25 - INFO:] test_acc: 90.3875%, test_loss: 0.0014
[2023-07-24 21:11:25 - INFO:] max_train_acc: 0.9082
[2023-07-24 21:11:25 - INFO:] max_test_acc: 0.9041
[2023-07-24 21:11:25 - INFO:] max_lr: 0.0000, min_lr: 0.0000
[2023-07-24 21:11:25 - INFO:] ======================================
[2023-07-24 21:13:54 - INFO:] epoch: 5/200
[2023-07-24 21:13:54 - INFO:] learning_rate: 0.0000
[2023-07-24 21:13:54 - INFO:] train_acc: 90.8121%, train_loss: 0.0014
[2023-07-24 21:13:54 - INFO:] test_acc: 90.3918%, test_loss: 0.0014
[2023-07-24 21:13:54 - INFO:] max_train_acc: 0.9082
[2023-07-24 21:13:54 - INFO:] max_test_acc: 0.9041
[2023-07-24 21:13:54 - INFO:] max_lr: 0.0000, min_lr: 0.0000
[2023-07-24 21:13:54 - INFO:] ======================================
[2023-07-24 21:16:22 - INFO:] epoch: 6/200
[2023-07-24 21:16:22 - INFO:] learning_rate: 0.0000
[2023-07-24 21:16:22 - INFO:] train_acc: 90.8090%, train_loss: 0.0014
[2023-07-24 21:16:22 - INFO:] test_acc: 90.4049%, test_loss: 0.0013
[2023-07-24 21:16:22 - INFO:] max_train_acc: 0.9082
[2023-07-24 21:16:22 - INFO:] max_test_acc: 0.9041
[2023-07-24 21:16:22 - INFO:] max_lr: 0.0000, min_lr: 0.0000
[2023-07-24 21:16:22 - INFO:] ======================================
[2023-07-24 21:18:51 - INFO:] epoch: 7/200
[2023-07-24 21:18:51 - INFO:] learning_rate: 0.0000
[2023-07-24 21:18:51 - INFO:] train_acc: 90.8164%, train_loss: 0.0014
[2023-07-24 21:18:51 - INFO:] test_acc: 90.4179%, test_loss: 0.0013
[2023-07-24 21:18:51 - INFO:] max_train_acc: 0.9082
[2023-07-24 21:18:51 - INFO:] max_test_acc: 0.9042
[2023-07-24 21:18:51 - INFO:] max_lr: 0.0000, min_lr: 0.0000
[2023-07-24 21:18:51 - INFO:] ======================================
[2023-07-24 21:21:19 - INFO:] epoch: 8/200
[2023-07-24 21:21:19 - INFO:] learning_rate: 0.0000
[2023-07-24 21:21:19 - INFO:] train_acc: 90.8143%, train_loss: 0.0014
[2023-07-24 21:21:19 - INFO:] test_acc: 90.3875%, test_loss: 0.0013
[2023-07-24 21:21:19 - INFO:] max_train_acc: 0.9082
[2023-07-24 21:21:19 - INFO:] max_test_acc: 0.9042
[2023-07-24 21:21:19 - INFO:] max_lr: 0.0000, min_lr: 0.0000
[2023-07-24 21:21:19 - INFO:] ======================================
[2023-07-24 21:23:48 - INFO:] epoch: 9/200
[2023-07-24 21:23:48 - INFO:] learning_rate: 0.0000
[2023-07-24 21:23:48 - INFO:] train_acc: 90.8227%, train_loss: 0.0014
[2023-07-24 21:23:48 - INFO:] test_acc: 90.4005%, test_loss: 0.0013
[2023-07-24 21:23:48 - INFO:] max_train_acc: 0.9082
[2023-07-24 21:23:48 - INFO:] max_test_acc: 0.9042
[2023-07-24 21:23:48 - INFO:] max_lr: 0.0000, min_lr: 0.0000
[2023-07-24 21:23:48 - INFO:] ======================================
[2023-07-24 21:26:17 - INFO:] epoch: 10/200
[2023-07-24 21:26:17 - INFO:] learning_rate: 0.0000
[2023-07-24 21:26:17 - INFO:] train_acc: 90.8195%, train_loss: 0.0014
[2023-07-24 21:26:17 - INFO:] test_acc: 90.3918%, test_loss: 0.0013
[2023-07-24 21:26:17 - INFO:] max_train_acc: 0.9082
[2023-07-24 21:26:17 - INFO:] max_test_acc: 0.9042
[2023-07-24 21:26:17 - INFO:] max_lr: 0.0000, min_lr: 0.0000
[2023-07-24 21:26:17 - INFO:] ======================================
[2023-07-24 21:28:46 - INFO:] epoch: 11/200
[2023-07-24 21:28:46 - INFO:] learning_rate: 0.0000
[2023-07-24 21:28:46 - INFO:] train_acc: 90.8185%, train_loss: 0.0014
[2023-07-24 21:28:46 - INFO:] test_acc: 90.3962%, test_loss: 0.0013
[2023-07-24 21:28:46 - INFO:] max_train_acc: 0.9082
[2023-07-24 21:28:46 - INFO:] max_test_acc: 0.9042
[2023-07-24 21:28:46 - INFO:] max_lr: 0.0000, min_lr: 0.0000
[2023-07-24 21:28:46 - INFO:] ======================================
[2023-07-24 21:31:14 - INFO:] epoch: 12/200
[2023-07-24 21:31:14 - INFO:] learning_rate: 0.0000
[2023-07-24 21:31:14 - INFO:] train_acc: 90.8143%, train_loss: 0.0014
[2023-07-24 21:31:14 - INFO:] test_acc: 90.4223%, test_loss: 0.0013
[2023-07-24 21:31:14 - INFO:] max_train_acc: 0.9082
[2023-07-24 21:31:14 - INFO:] max_test_acc: 0.9042
[2023-07-24 21:31:14 - INFO:] max_lr: 0.0000, min_lr: 0.0000
[2023-07-24 21:31:14 - INFO:] ======================================
[2023-07-24 21:33:43 - INFO:] epoch: 13/200
[2023-07-24 21:33:43 - INFO:] learning_rate: 0.0000
[2023-07-24 21:33:43 - INFO:] train_acc: 90.8185%, train_loss: 0.0014
[2023-07-24 21:33:43 - INFO:] test_acc: 90.4005%, test_loss: 0.0013
[2023-07-24 21:33:43 - INFO:] max_train_acc: 0.9082
[2023-07-24 21:33:43 - INFO:] max_test_acc: 0.9042
[2023-07-24 21:33:43 - INFO:] max_lr: 0.0000, min_lr: 0.0000
[2023-07-24 21:33:43 - INFO:] ======================================
[2023-07-24 21:36:11 - INFO:] epoch: 14/200
[2023-07-24 21:36:11 - INFO:] learning_rate: 0.0000
[2023-07-24 21:36:11 - INFO:] train_acc: 90.8100%, train_loss: 0.0014
[2023-07-24 21:36:11 - INFO:] test_acc: 90.4136%, test_loss: 0.0013
[2023-07-24 21:36:11 - INFO:] max_train_acc: 0.9082
[2023-07-24 21:36:11 - INFO:] max_test_acc: 0.9042
[2023-07-24 21:36:11 - INFO:] max_lr: 0.0000, min_lr: 0.0000
[2023-07-24 21:36:11 - INFO:] ======================================
[2023-07-24 21:38:40 - INFO:] epoch: 15/200
[2023-07-24 21:38:40 - INFO:] learning_rate: 0.0000
[2023-07-24 21:38:40 - INFO:] train_acc: 90.8206%, train_loss: 0.0014
[2023-07-24 21:38:40 - INFO:] test_acc: 90.4136%, test_loss: 0.0013
[2023-07-24 21:38:40 - INFO:] max_train_acc: 0.9082
[2023-07-24 21:38:40 - INFO:] max_test_acc: 0.9042
[2023-07-24 21:38:40 - INFO:] max_lr: 0.0000, min_lr: 0.0000
[2023-07-24 21:38:40 - INFO:] ======================================
[2023-07-24 21:41:08 - INFO:] epoch: 16/200
[2023-07-24 21:41:08 - INFO:] learning_rate: 0.0000
[2023-07-24 21:41:08 - INFO:] train_acc: 90.8185%, train_loss: 0.0013
[2023-07-24 21:41:08 - INFO:] test_acc: 90.3962%, test_loss: 0.0013
[2023-07-24 21:41:08 - INFO:] max_train_acc: 0.9082
[2023-07-24 21:41:08 - INFO:] max_test_acc: 0.9042
[2023-07-24 21:41:08 - INFO:] max_lr: 0.0000, min_lr: 0.0000
[2023-07-24 21:41:08 - INFO:] ======================================
[2023-07-24 21:43:37 - INFO:] epoch: 17/200
[2023-07-24 21:43:37 - INFO:] learning_rate: 0.0000
[2023-07-24 21:43:37 - INFO:] train_acc: 90.8143%, train_loss: 0.0013
[2023-07-24 21:43:37 - INFO:] test_acc: 90.3831%, test_loss: 0.0013
[2023-07-24 21:43:37 - INFO:] max_train_acc: 0.9082
[2023-07-24 21:43:37 - INFO:] max_test_acc: 0.9042
[2023-07-24 21:43:37 - INFO:] max_lr: 0.0000, min_lr: 0.0000
[2023-07-24 21:43:37 - INFO:] ======================================
[2023-07-24 21:46:06 - INFO:] epoch: 18/200
[2023-07-24 21:46:06 - INFO:] learning_rate: 0.0000
[2023-07-24 21:46:06 - INFO:] train_acc: 90.8143%, train_loss: 0.0013
[2023-07-24 21:46:06 - INFO:] test_acc: 90.4005%, test_loss: 0.0013
[2023-07-24 21:46:06 - INFO:] max_train_acc: 0.9082
[2023-07-24 21:46:06 - INFO:] max_test_acc: 0.9042
[2023-07-24 21:46:06 - INFO:] max_lr: 0.0000, min_lr: 0.0000
[2023-07-24 21:46:06 - INFO:] ======================================
[2023-07-24 21:48:34 - INFO:] epoch: 19/200
[2023-07-24 21:48:34 - INFO:] learning_rate: 0.0000
[2023-07-24 21:48:34 - INFO:] train_acc: 90.8111%, train_loss: 0.0013
[2023-07-24 21:48:34 - INFO:] test_acc: 90.4005%, test_loss: 0.0013
[2023-07-24 21:48:34 - INFO:] max_train_acc: 0.9082
[2023-07-24 21:48:34 - INFO:] max_test_acc: 0.9042
[2023-07-24 21:48:34 - INFO:] max_lr: 0.0000, min_lr: 0.0000
[2023-07-24 21:48:34 - INFO:] ======================================
[2023-07-24 21:51:02 - INFO:] epoch: 20/200
[2023-07-24 21:51:02 - INFO:] learning_rate: 0.0000
[2023-07-24 21:51:02 - INFO:] train_acc: 90.8121%, train_loss: 0.0013
[2023-07-24 21:51:02 - INFO:] test_acc: 90.4049%, test_loss: 0.0013
[2023-07-24 21:51:02 - INFO:] max_train_acc: 0.9082
[2023-07-24 21:51:02 - INFO:] max_test_acc: 0.9042
[2023-07-24 21:51:02 - INFO:] max_lr: 0.0000, min_lr: 0.0000
[2023-07-24 21:51:02 - INFO:] ======================================
[2023-07-24 21:53:31 - INFO:] epoch: 21/200
[2023-07-24 21:53:31 - INFO:] learning_rate: 0.0000
[2023-07-24 21:53:31 - INFO:] train_acc: 90.8174%, train_loss: 0.0013
[2023-07-24 21:53:31 - INFO:] test_acc: 90.4136%, test_loss: 0.0013
[2023-07-24 21:53:31 - INFO:] max_train_acc: 0.9082
[2023-07-24 21:53:31 - INFO:] max_test_acc: 0.9042
[2023-07-24 21:53:31 - INFO:] max_lr: 0.0000, min_lr: 0.0000
[2023-07-24 21:53:31 - INFO:] ======================================
[2023-07-24 21:55:59 - INFO:] epoch: 22/200
[2023-07-24 21:55:59 - INFO:] learning_rate: 0.0000
[2023-07-24 21:55:59 - INFO:] train_acc: 90.8185%, train_loss: 0.0013
[2023-07-24 21:55:59 - INFO:] test_acc: 90.3788%, test_loss: 0.0013
[2023-07-24 21:55:59 - INFO:] max_train_acc: 0.9082
[2023-07-24 21:55:59 - INFO:] max_test_acc: 0.9042
[2023-07-24 21:55:59 - INFO:] max_lr: 0.0000, min_lr: 0.0000
[2023-07-24 21:55:59 - INFO:] ======================================
[2023-07-24 21:58:28 - INFO:] epoch: 23/200
[2023-07-24 21:58:28 - INFO:] learning_rate: 0.0000
[2023-07-24 21:58:28 - INFO:] train_acc: 90.8111%, train_loss: 0.0013
[2023-07-24 21:58:28 - INFO:] test_acc: 90.4005%, test_loss: 0.0013
[2023-07-24 21:58:28 - INFO:] max_train_acc: 0.9082
[2023-07-24 21:58:28 - INFO:] max_test_acc: 0.9042
[2023-07-24 21:58:28 - INFO:] max_lr: 0.0000, min_lr: 0.0000
[2023-07-24 21:58:28 - INFO:] ======================================
[2023-07-24 22:00:56 - INFO:] epoch: 24/200
[2023-07-24 22:00:56 - INFO:] learning_rate: 0.0000
[2023-07-24 22:00:56 - INFO:] train_acc: 90.8121%, train_loss: 0.0013
[2023-07-24 22:00:57 - INFO:] test_acc: 90.3788%, test_loss: 0.0013
[2023-07-24 22:00:57 - INFO:] max_train_acc: 0.9082
[2023-07-24 22:00:57 - INFO:] max_test_acc: 0.9042
[2023-07-24 22:00:57 - INFO:] max_lr: 0.0000, min_lr: 0.0000
[2023-07-24 22:00:57 - INFO:] ======================================
[2023-07-24 22:03:25 - INFO:] epoch: 25/200
[2023-07-24 22:03:25 - INFO:] learning_rate: 0.0000
[2023-07-24 22:03:25 - INFO:] train_acc: 90.8164%, train_loss: 0.0013
[2023-07-24 22:03:25 - INFO:] test_acc: 90.3918%, test_loss: 0.0013
[2023-07-24 22:03:25 - INFO:] max_train_acc: 0.9082
[2023-07-24 22:03:25 - INFO:] max_test_acc: 0.9042
[2023-07-24 22:03:25 - INFO:] max_lr: 0.0000, min_lr: 0.0000
[2023-07-24 22:03:25 - INFO:] ======================================
[2023-07-24 22:05:54 - INFO:] epoch: 26/200
[2023-07-24 22:05:54 - INFO:] learning_rate: 0.0000
[2023-07-24 22:05:54 - INFO:] train_acc: 90.8174%, train_loss: 0.0013
[2023-07-24 22:05:54 - INFO:] test_acc: 90.4005%, test_loss: 0.0013
[2023-07-24 22:05:54 - INFO:] max_train_acc: 0.9082
[2023-07-24 22:05:54 - INFO:] max_test_acc: 0.9042
[2023-07-24 22:05:54 - INFO:] max_lr: 0.0000, min_lr: 0.0000
[2023-07-24 22:05:54 - INFO:] ======================================
[2023-07-24 22:08:22 - INFO:] epoch: 27/200
[2023-07-24 22:08:22 - INFO:] learning_rate: 0.0000
[2023-07-24 22:08:22 - INFO:] train_acc: 90.8174%, train_loss: 0.0013
[2023-07-24 22:08:22 - INFO:] test_acc: 90.3831%, test_loss: 0.0013
[2023-07-24 22:08:22 - INFO:] max_train_acc: 0.9082
[2023-07-24 22:08:22 - INFO:] max_test_acc: 0.9042
[2023-07-24 22:08:22 - INFO:] max_lr: 0.0000, min_lr: 0.0000
[2023-07-24 22:08:22 - INFO:] ======================================
[2023-07-24 22:10:51 - INFO:] epoch: 28/200
[2023-07-24 22:10:51 - INFO:] learning_rate: 0.0000
[2023-07-24 22:10:51 - INFO:] train_acc: 90.8143%, train_loss: 0.0013
[2023-07-24 22:10:51 - INFO:] test_acc: 90.4049%, test_loss: 0.0013
[2023-07-24 22:10:51 - INFO:] max_train_acc: 0.9082
[2023-07-24 22:10:51 - INFO:] max_test_acc: 0.9042
[2023-07-24 22:10:51 - INFO:] max_lr: 0.0000, min_lr: 0.0000
[2023-07-24 22:10:51 - INFO:] ======================================
[2023-07-24 22:13:19 - INFO:] epoch: 29/200
[2023-07-24 22:13:19 - INFO:] learning_rate: 0.0000
[2023-07-24 22:13:19 - INFO:] train_acc: 90.8185%, train_loss: 0.0013
[2023-07-24 22:13:19 - INFO:] test_acc: 90.3788%, test_loss: 0.0013
[2023-07-24 22:13:19 - INFO:] max_train_acc: 0.9082
[2023-07-24 22:13:19 - INFO:] max_test_acc: 0.9042
[2023-07-24 22:13:19 - INFO:] max_lr: 0.0000, min_lr: 0.0000
[2023-07-24 22:13:19 - INFO:] ======================================
[2023-07-24 22:15:48 - INFO:] epoch: 30/200
[2023-07-24 22:15:48 - INFO:] learning_rate: 0.0000
[2023-07-24 22:15:48 - INFO:] train_acc: 90.8143%, train_loss: 0.0013
[2023-07-24 22:15:48 - INFO:] test_acc: 90.3962%, test_loss: 0.0013
[2023-07-24 22:15:48 - INFO:] max_train_acc: 0.9082
[2023-07-24 22:15:48 - INFO:] max_test_acc: 0.9042
[2023-07-24 22:15:48 - INFO:] max_lr: 0.0000, min_lr: 0.0000
[2023-07-24 22:15:48 - INFO:] ======================================
[2023-07-24 22:18:16 - INFO:] epoch: 31/200
[2023-07-24 22:18:16 - INFO:] learning_rate: 0.0000
[2023-07-24 22:18:16 - INFO:] train_acc: 90.8206%, train_loss: 0.0013
[2023-07-24 22:18:16 - INFO:] test_acc: 90.4179%, test_loss: 0.0013
[2023-07-24 22:18:16 - INFO:] max_train_acc: 0.9082
[2023-07-24 22:18:16 - INFO:] max_test_acc: 0.9042
[2023-07-24 22:18:16 - INFO:] max_lr: 0.0000, min_lr: 0.0000
[2023-07-24 22:18:16 - INFO:] ======================================
[2023-07-24 22:20:45 - INFO:] epoch: 32/200
[2023-07-24 22:20:45 - INFO:] learning_rate: 0.0000
[2023-07-24 22:20:45 - INFO:] train_acc: 90.8206%, train_loss: 0.0013
[2023-07-24 22:20:45 - INFO:] test_acc: 90.4005%, test_loss: 0.0013
[2023-07-24 22:20:45 - INFO:] max_train_acc: 0.9082
[2023-07-24 22:20:45 - INFO:] max_test_acc: 0.9042
[2023-07-24 22:20:45 - INFO:] max_lr: 0.0000, min_lr: 0.0000
[2023-07-24 22:20:45 - INFO:] ======================================
[2023-07-24 22:23:13 - INFO:] epoch: 33/200
[2023-07-24 22:23:13 - INFO:] learning_rate: 0.0000
[2023-07-24 22:23:13 - INFO:] train_acc: 90.8143%, train_loss: 0.0013
[2023-07-24 22:23:13 - INFO:] test_acc: 90.3962%, test_loss: 0.0013
[2023-07-24 22:23:13 - INFO:] max_train_acc: 0.9082
[2023-07-24 22:23:13 - INFO:] max_test_acc: 0.9042
[2023-07-24 22:23:13 - INFO:] max_lr: 0.0000, min_lr: 0.0000
[2023-07-24 22:23:13 - INFO:] ======================================
[2023-07-24 22:25:42 - INFO:] epoch: 34/200
[2023-07-24 22:25:42 - INFO:] learning_rate: 0.0000
[2023-07-24 22:25:42 - INFO:] train_acc: 90.8206%, train_loss: 0.0013
[2023-07-24 22:25:42 - INFO:] test_acc: 90.4005%, test_loss: 0.0013
[2023-07-24 22:25:42 - INFO:] max_train_acc: 0.9082
[2023-07-24 22:25:42 - INFO:] max_test_acc: 0.9042
[2023-07-24 22:25:42 - INFO:] max_lr: 0.0000, min_lr: 0.0000
[2023-07-24 22:25:42 - INFO:] ======================================
[2023-07-24 22:28:11 - INFO:] epoch: 35/200
[2023-07-24 22:28:11 - INFO:] learning_rate: 0.0000
[2023-07-24 22:28:11 - INFO:] train_acc: 90.8238%, train_loss: 0.0013
[2023-07-24 22:28:11 - INFO:] test_acc: 90.4049%, test_loss: 0.0013
[2023-07-24 22:28:11 - INFO:] max_train_acc: 0.9082
[2023-07-24 22:28:11 - INFO:] max_test_acc: 0.9042
[2023-07-24 22:28:11 - INFO:] max_lr: 0.0000, min_lr: 0.0000
[2023-07-24 22:28:11 - INFO:] ======================================
[2023-07-24 22:30:39 - INFO:] epoch: 36/200
[2023-07-24 22:30:39 - INFO:] learning_rate: 0.0000
[2023-07-24 22:30:39 - INFO:] train_acc: 90.8164%, train_loss: 0.0013
[2023-07-24 22:30:39 - INFO:] test_acc: 90.4049%, test_loss: 0.0013
[2023-07-24 22:30:39 - INFO:] max_train_acc: 0.9082
[2023-07-24 22:30:39 - INFO:] max_test_acc: 0.9042
[2023-07-24 22:30:39 - INFO:] max_lr: 0.0000, min_lr: 0.0000
[2023-07-24 22:30:39 - INFO:] ======================================
[2023-07-24 22:33:07 - INFO:] epoch: 37/200
[2023-07-24 22:33:07 - INFO:] learning_rate: 0.0000
[2023-07-24 22:33:07 - INFO:] train_acc: 90.8153%, train_loss: 0.0013
[2023-07-24 22:33:07 - INFO:] test_acc: 90.4005%, test_loss: 0.0013
[2023-07-24 22:33:07 - INFO:] max_train_acc: 0.9082
[2023-07-24 22:33:07 - INFO:] max_test_acc: 0.9042
[2023-07-24 22:33:07 - INFO:] max_lr: 0.0000, min_lr: 0.0000
[2023-07-24 22:33:07 - INFO:] ======================================
[2023-07-24 22:35:36 - INFO:] epoch: 38/200
[2023-07-24 22:35:36 - INFO:] learning_rate: 0.0000
[2023-07-24 22:35:36 - INFO:] train_acc: 90.8216%, train_loss: 0.0013
[2023-07-24 22:35:36 - INFO:] test_acc: 90.3875%, test_loss: 0.0013
[2023-07-24 22:35:36 - INFO:] max_train_acc: 0.9082
[2023-07-24 22:35:36 - INFO:] max_test_acc: 0.9042
[2023-07-24 22:35:36 - INFO:] max_lr: 0.0000, min_lr: 0.0000
[2023-07-24 22:35:36 - INFO:] ======================================
[2023-07-24 22:38:04 - INFO:] epoch: 39/200
[2023-07-24 22:38:04 - INFO:] learning_rate: 0.0000
[2023-07-24 22:38:04 - INFO:] train_acc: 90.8143%, train_loss: 0.0013
[2023-07-24 22:38:04 - INFO:] test_acc: 90.3918%, test_loss: 0.0013
[2023-07-24 22:38:04 - INFO:] max_train_acc: 0.9082
[2023-07-24 22:38:04 - INFO:] max_test_acc: 0.9042
[2023-07-24 22:38:04 - INFO:] max_lr: 0.0000, min_lr: 0.0000
[2023-07-24 22:38:04 - INFO:] ======================================
[2023-07-24 22:40:33 - INFO:] epoch: 40/200
[2023-07-24 22:40:33 - INFO:] learning_rate: 0.0000
[2023-07-24 22:40:33 - INFO:] train_acc: 90.8174%, train_loss: 0.0013
[2023-07-24 22:40:33 - INFO:] test_acc: 90.3788%, test_loss: 0.0013
[2023-07-24 22:40:33 - INFO:] max_train_acc: 0.9082
[2023-07-24 22:40:33 - INFO:] max_test_acc: 0.9042
[2023-07-24 22:40:33 - INFO:] max_lr: 0.0000, min_lr: 0.0000
[2023-07-24 22:40:33 - INFO:] ======================================
[2023-07-24 22:43:01 - INFO:] epoch: 41/200
[2023-07-24 22:43:01 - INFO:] learning_rate: 0.0000
[2023-07-24 22:43:01 - INFO:] train_acc: 90.8121%, train_loss: 0.0013
[2023-07-24 22:43:01 - INFO:] test_acc: 90.4179%, test_loss: 0.0013
[2023-07-24 22:43:01 - INFO:] max_train_acc: 0.9082
[2023-07-24 22:43:01 - INFO:] max_test_acc: 0.9042
[2023-07-24 22:43:01 - INFO:] max_lr: 0.0000, min_lr: 0.0000
[2023-07-24 22:43:01 - INFO:] ======================================
[2023-07-24 22:45:30 - INFO:] epoch: 42/200
[2023-07-24 22:45:30 - INFO:] learning_rate: 0.0000
[2023-07-24 22:45:30 - INFO:] train_acc: 90.8153%, train_loss: 0.0013
[2023-07-24 22:45:30 - INFO:] test_acc: 90.4092%, test_loss: 0.0013
[2023-07-24 22:45:30 - INFO:] max_train_acc: 0.9082
[2023-07-24 22:45:30 - INFO:] max_test_acc: 0.9042
[2023-07-24 22:45:30 - INFO:] max_lr: 0.0000, min_lr: 0.0000
[2023-07-24 22:45:30 - INFO:] ======================================
[2023-07-24 22:47:58 - INFO:] epoch: 43/200
[2023-07-24 22:47:58 - INFO:] learning_rate: 0.0000
[2023-07-24 22:47:58 - INFO:] train_acc: 90.8069%, train_loss: 0.0013
[2023-07-24 22:47:58 - INFO:] test_acc: 90.3918%, test_loss: 0.0013
[2023-07-24 22:47:58 - INFO:] max_train_acc: 0.9082
[2023-07-24 22:47:58 - INFO:] max_test_acc: 0.9042
[2023-07-24 22:47:58 - INFO:] max_lr: 0.0000, min_lr: 0.0000
[2023-07-24 22:47:58 - INFO:] ======================================
[2023-07-24 22:50:30 - INFO:] epoch: 44/200
[2023-07-24 22:50:30 - INFO:] learning_rate: 0.0000
[2023-07-24 22:50:30 - INFO:] train_acc: 90.8164%, train_loss: 0.0013
[2023-07-24 22:50:30 - INFO:] test_acc: 90.3875%, test_loss: 0.0013
[2023-07-24 22:50:30 - INFO:] max_train_acc: 0.9082
[2023-07-24 22:50:30 - INFO:] max_test_acc: 0.9042
[2023-07-24 22:50:30 - INFO:] max_lr: 0.0000, min_lr: 0.0000
[2023-07-24 22:50:30 - INFO:] ======================================
[2023-07-24 22:53:01 - INFO:] epoch: 45/200
[2023-07-24 22:53:01 - INFO:] learning_rate: 0.0000
[2023-07-24 22:53:01 - INFO:] train_acc: 90.8227%, train_loss: 0.0013
[2023-07-24 22:53:01 - INFO:] test_acc: 90.4136%, test_loss: 0.0013
[2023-07-24 22:53:01 - INFO:] max_train_acc: 0.9082
[2023-07-24 22:53:01 - INFO:] max_test_acc: 0.9042
[2023-07-24 22:53:01 - INFO:] max_lr: 0.0000, min_lr: 0.0000
[2023-07-24 22:53:01 - INFO:] ======================================
[2023-07-24 22:55:33 - INFO:] epoch: 46/200
[2023-07-24 22:55:33 - INFO:] learning_rate: 0.0000
[2023-07-24 22:55:33 - INFO:] train_acc: 90.8132%, train_loss: 0.0013
[2023-07-24 22:55:33 - INFO:] test_acc: 90.3962%, test_loss: 0.0013
[2023-07-24 22:55:33 - INFO:] max_train_acc: 0.9082
[2023-07-24 22:55:33 - INFO:] max_test_acc: 0.9042
[2023-07-24 22:55:33 - INFO:] max_lr: 0.0000, min_lr: 0.0000
[2023-07-24 22:55:33 - INFO:] ======================================
[2023-07-24 22:58:04 - INFO:] epoch: 47/200
[2023-07-24 22:58:04 - INFO:] learning_rate: 0.0000
[2023-07-24 22:58:04 - INFO:] train_acc: 90.8206%, train_loss: 0.0013
[2023-07-24 22:58:04 - INFO:] test_acc: 90.4136%, test_loss: 0.0013
[2023-07-24 22:58:04 - INFO:] max_train_acc: 0.9082
[2023-07-24 22:58:04 - INFO:] max_test_acc: 0.9042
[2023-07-24 22:58:04 - INFO:] max_lr: 0.0000, min_lr: 0.0000
[2023-07-24 22:58:04 - INFO:] ======================================
[2023-07-24 23:00:34 - INFO:] epoch: 48/200
[2023-07-24 23:00:34 - INFO:] learning_rate: 0.0000
[2023-07-24 23:00:34 - INFO:] train_acc: 90.8111%, train_loss: 0.0013
[2023-07-24 23:00:34 - INFO:] test_acc: 90.3875%, test_loss: 0.0013
[2023-07-24 23:00:34 - INFO:] max_train_acc: 0.9082
[2023-07-24 23:00:34 - INFO:] max_test_acc: 0.9042
[2023-07-24 23:00:34 - INFO:] max_lr: 0.0000, min_lr: 0.0000
[2023-07-24 23:00:34 - INFO:] ======================================
[2023-07-24 23:03:03 - INFO:] epoch: 49/200
[2023-07-24 23:03:03 - INFO:] learning_rate: 0.0000
[2023-07-24 23:03:03 - INFO:] train_acc: 90.8143%, train_loss: 0.0013
[2023-07-24 23:03:03 - INFO:] test_acc: 90.4049%, test_loss: 0.0013
[2023-07-24 23:03:03 - INFO:] max_train_acc: 0.9082
[2023-07-24 23:03:03 - INFO:] max_test_acc: 0.9042
[2023-07-24 23:03:03 - INFO:] max_lr: 0.0000, min_lr: 0.0000
[2023-07-24 23:03:03 - INFO:] ======================================
[2023-07-24 23:05:32 - INFO:] epoch: 50/200
[2023-07-24 23:05:32 - INFO:] learning_rate: 0.0000
[2023-07-24 23:05:32 - INFO:] train_acc: 90.8174%, train_loss: 0.0013
[2023-07-24 23:05:32 - INFO:] test_acc: 90.3918%, test_loss: 0.0013
[2023-07-24 23:05:32 - INFO:] max_train_acc: 0.9082
[2023-07-24 23:05:32 - INFO:] max_test_acc: 0.9042
[2023-07-24 23:05:32 - INFO:] max_lr: 0.0000, min_lr: 0.0000
[2023-07-24 23:05:32 - INFO:] ======================================
[2023-07-24 23:08:02 - INFO:] epoch: 51/200
[2023-07-24 23:08:02 - INFO:] learning_rate: 0.0000
[2023-07-24 23:08:02 - INFO:] train_acc: 90.8248%, train_loss: 0.0013
[2023-07-24 23:08:02 - INFO:] test_acc: 90.4354%, test_loss: 0.0013
[2023-07-24 23:08:02 - INFO:] max_train_acc: 0.9082
[2023-07-24 23:08:02 - INFO:] max_test_acc: 0.9044
[2023-07-24 23:08:02 - INFO:] max_lr: 0.0000, min_lr: 0.0000
[2023-07-24 23:08:02 - INFO:] ======================================
[2023-07-24 23:10:33 - INFO:] epoch: 52/200
[2023-07-24 23:10:33 - INFO:] learning_rate: 0.0000
[2023-07-24 23:10:33 - INFO:] train_acc: 90.8153%, train_loss: 0.0013
[2023-07-24 23:10:33 - INFO:] test_acc: 90.4092%, test_loss: 0.0013
[2023-07-24 23:10:33 - INFO:] max_train_acc: 0.9082
[2023-07-24 23:10:33 - INFO:] max_test_acc: 0.9044
[2023-07-24 23:10:33 - INFO:] max_lr: 0.0000, min_lr: 0.0000
[2023-07-24 23:10:33 - INFO:] ======================================
[2023-07-24 23:13:05 - INFO:] epoch: 53/200
[2023-07-24 23:13:05 - INFO:] learning_rate: 0.0000
[2023-07-24 23:13:05 - INFO:] train_acc: 90.8143%, train_loss: 0.0013
[2023-07-24 23:13:05 - INFO:] test_acc: 90.3918%, test_loss: 0.0013
[2023-07-24 23:13:05 - INFO:] max_train_acc: 0.9082
[2023-07-24 23:13:05 - INFO:] max_test_acc: 0.9044
[2023-07-24 23:13:05 - INFO:] max_lr: 0.0000, min_lr: 0.0000
[2023-07-24 23:13:05 - INFO:] ======================================
[2023-07-24 23:16:09 - INFO:] epoch: 54/200
[2023-07-24 23:16:09 - INFO:] learning_rate: 0.0000
[2023-07-24 23:16:09 - INFO:] train_acc: 90.8153%, train_loss: 0.0013
[2023-07-24 23:16:09 - INFO:] test_acc: 90.4223%, test_loss: 0.0013
[2023-07-24 23:16:09 - INFO:] max_train_acc: 0.9082
[2023-07-24 23:16:09 - INFO:] max_test_acc: 0.9044
[2023-07-24 23:16:09 - INFO:] max_lr: 0.0000, min_lr: 0.0000
[2023-07-24 23:16:09 - INFO:] ======================================
[2023-07-24 23:18:38 - INFO:] epoch: 55/200
[2023-07-24 23:18:38 - INFO:] learning_rate: 0.0000
[2023-07-24 23:18:38 - INFO:] train_acc: 90.8259%, train_loss: 0.0013
[2023-07-24 23:18:38 - INFO:] test_acc: 90.4266%, test_loss: 0.0013
[2023-07-24 23:18:38 - INFO:] max_train_acc: 0.9083
[2023-07-24 23:18:38 - INFO:] max_test_acc: 0.9044
[2023-07-24 23:18:38 - INFO:] max_lr: 0.0000, min_lr: 0.0000
[2023-07-24 23:18:38 - INFO:] ======================================
[2023-07-24 23:21:07 - INFO:] epoch: 56/200
[2023-07-24 23:21:07 - INFO:] learning_rate: 0.0000
[2023-07-24 23:21:07 - INFO:] train_acc: 90.8153%, train_loss: 0.0013
[2023-07-24 23:21:07 - INFO:] test_acc: 90.4179%, test_loss: 0.0013
[2023-07-24 23:21:07 - INFO:] max_train_acc: 0.9083
[2023-07-24 23:21:07 - INFO:] max_test_acc: 0.9044
[2023-07-24 23:21:07 - INFO:] max_lr: 0.0000, min_lr: 0.0000
[2023-07-24 23:21:07 - INFO:] ======================================
[2023-07-24 23:23:37 - INFO:] epoch: 57/200
[2023-07-24 23:23:37 - INFO:] learning_rate: 0.0000
[2023-07-24 23:23:37 - INFO:] train_acc: 90.8206%, train_loss: 0.0013
[2023-07-24 23:23:37 - INFO:] test_acc: 90.4092%, test_loss: 0.0013
[2023-07-24 23:23:37 - INFO:] max_train_acc: 0.9083
[2023-07-24 23:23:37 - INFO:] max_test_acc: 0.9044
[2023-07-24 23:23:37 - INFO:] max_lr: 0.0000, min_lr: 0.0000
[2023-07-24 23:23:37 - INFO:] ======================================
[2023-07-24 23:26:06 - INFO:] epoch: 58/200
[2023-07-24 23:26:06 - INFO:] learning_rate: 0.0000
[2023-07-24 23:26:06 - INFO:] train_acc: 90.8227%, train_loss: 0.0013
[2023-07-24 23:26:06 - INFO:] test_acc: 90.3875%, test_loss: 0.0013
[2023-07-24 23:26:06 - INFO:] max_train_acc: 0.9083
[2023-07-24 23:26:06 - INFO:] max_test_acc: 0.9044
[2023-07-24 23:26:06 - INFO:] max_lr: 0.0000, min_lr: 0.0000
[2023-07-24 23:26:06 - INFO:] ======================================
[2023-07-24 23:28:35 - INFO:] epoch: 59/200
[2023-07-24 23:28:35 - INFO:] learning_rate: 0.0000
[2023-07-24 23:28:35 - INFO:] train_acc: 90.8153%, train_loss: 0.0013
[2023-07-24 23:28:35 - INFO:] test_acc: 90.4266%, test_loss: 0.0013
[2023-07-24 23:28:35 - INFO:] max_train_acc: 0.9083
[2023-07-24 23:28:35 - INFO:] max_test_acc: 0.9044
[2023-07-24 23:28:35 - INFO:] max_lr: 0.0000, min_lr: 0.0000
[2023-07-24 23:28:35 - INFO:] ======================================
[2023-07-24 23:31:04 - INFO:] epoch: 60/200
[2023-07-24 23:31:04 - INFO:] learning_rate: 0.0000
[2023-07-24 23:31:04 - INFO:] train_acc: 90.8195%, train_loss: 0.0013
[2023-07-24 23:31:04 - INFO:] test_acc: 90.3918%, test_loss: 0.0013
[2023-07-24 23:31:04 - INFO:] max_train_acc: 0.9083
[2023-07-24 23:31:04 - INFO:] max_test_acc: 0.9044
[2023-07-24 23:31:04 - INFO:] max_lr: 0.0000, min_lr: 0.0000
[2023-07-24 23:31:04 - INFO:] ======================================
[2023-07-24 23:33:33 - INFO:] epoch: 61/200
[2023-07-24 23:33:33 - INFO:] learning_rate: 0.0000
[2023-07-24 23:33:33 - INFO:] train_acc: 90.8164%, train_loss: 0.0013
[2023-07-24 23:33:33 - INFO:] test_acc: 90.4049%, test_loss: 0.0013
[2023-07-24 23:33:33 - INFO:] max_train_acc: 0.9083
[2023-07-24 23:33:33 - INFO:] max_test_acc: 0.9044
[2023-07-24 23:33:33 - INFO:] max_lr: 0.0000, min_lr: 0.0000
[2023-07-24 23:33:33 - INFO:] ======================================
[2023-07-24 23:36:03 - INFO:] epoch: 62/200
[2023-07-24 23:36:03 - INFO:] learning_rate: 0.0000
[2023-07-24 23:36:03 - INFO:] train_acc: 90.8227%, train_loss: 0.0013
[2023-07-24 23:36:03 - INFO:] test_acc: 90.3744%, test_loss: 0.0013
[2023-07-24 23:36:03 - INFO:] max_train_acc: 0.9083
[2023-07-24 23:36:03 - INFO:] max_test_acc: 0.9044
[2023-07-24 23:36:03 - INFO:] max_lr: 0.0000, min_lr: 0.0000
[2023-07-24 23:36:03 - INFO:] ======================================
[2023-07-24 23:38:32 - INFO:] epoch: 63/200
[2023-07-24 23:38:32 - INFO:] learning_rate: 0.0000
[2023-07-24 23:38:32 - INFO:] train_acc: 90.8206%, train_loss: 0.0013
[2023-07-24 23:38:32 - INFO:] test_acc: 90.4092%, test_loss: 0.0013
[2023-07-24 23:38:32 - INFO:] max_train_acc: 0.9083
[2023-07-24 23:38:32 - INFO:] max_test_acc: 0.9044
[2023-07-24 23:38:32 - INFO:] max_lr: 0.0000, min_lr: 0.0000
[2023-07-24 23:38:32 - INFO:] ======================================
[2023-07-24 23:41:01 - INFO:] epoch: 64/200
[2023-07-24 23:41:01 - INFO:] learning_rate: 0.0000
[2023-07-24 23:41:01 - INFO:] train_acc: 90.8111%, train_loss: 0.0013
[2023-07-24 23:41:01 - INFO:] test_acc: 90.4049%, test_loss: 0.0013
[2023-07-24 23:41:01 - INFO:] max_train_acc: 0.9083
[2023-07-24 23:41:01 - INFO:] max_test_acc: 0.9044
[2023-07-24 23:41:01 - INFO:] max_lr: 0.0000, min_lr: 0.0000
[2023-07-24 23:41:01 - INFO:] ======================================
[2023-07-24 23:43:30 - INFO:] epoch: 65/200
[2023-07-24 23:43:30 - INFO:] learning_rate: 0.0000
[2023-07-24 23:43:30 - INFO:] train_acc: 90.8164%, train_loss: 0.0013
[2023-07-24 23:43:30 - INFO:] test_acc: 90.4005%, test_loss: 0.0013
[2023-07-24 23:43:30 - INFO:] max_train_acc: 0.9083
[2023-07-24 23:43:30 - INFO:] max_test_acc: 0.9044
[2023-07-24 23:43:30 - INFO:] max_lr: 0.0000, min_lr: 0.0000
[2023-07-24 23:43:30 - INFO:] ======================================
[2023-07-24 23:45:58 - INFO:] epoch: 66/200
[2023-07-24 23:45:58 - INFO:] learning_rate: 0.0000
[2023-07-24 23:45:58 - INFO:] train_acc: 90.8195%, train_loss: 0.0013
[2023-07-24 23:45:58 - INFO:] test_acc: 90.3788%, test_loss: 0.0013
[2023-07-24 23:45:58 - INFO:] max_train_acc: 0.9083
[2023-07-24 23:45:58 - INFO:] max_test_acc: 0.9044
[2023-07-24 23:45:58 - INFO:] max_lr: 0.0000, min_lr: 0.0000
[2023-07-24 23:45:58 - INFO:] ======================================
[2023-07-24 23:48:27 - INFO:] epoch: 67/200
[2023-07-24 23:48:27 - INFO:] learning_rate: 0.0000
[2023-07-24 23:48:27 - INFO:] train_acc: 90.8174%, train_loss: 0.0013
[2023-07-24 23:48:27 - INFO:] test_acc: 90.4136%, test_loss: 0.0013
[2023-07-24 23:48:27 - INFO:] max_train_acc: 0.9083
[2023-07-24 23:48:27 - INFO:] max_test_acc: 0.9044
[2023-07-24 23:48:27 - INFO:] max_lr: 0.0000, min_lr: 0.0000
[2023-07-24 23:48:27 - INFO:] ======================================
[2023-07-24 23:50:56 - INFO:] epoch: 68/200
[2023-07-24 23:50:56 - INFO:] learning_rate: 0.0000
[2023-07-24 23:50:56 - INFO:] train_acc: 90.8100%, train_loss: 0.0013
[2023-07-24 23:50:56 - INFO:] test_acc: 90.4136%, test_loss: 0.0013
[2023-07-24 23:50:56 - INFO:] max_train_acc: 0.9083
[2023-07-24 23:50:56 - INFO:] max_test_acc: 0.9044
[2023-07-24 23:50:56 - INFO:] max_lr: 0.0000, min_lr: 0.0000
[2023-07-24 23:50:56 - INFO:] ======================================
[2023-07-24 23:53:25 - INFO:] epoch: 69/200
[2023-07-24 23:53:25 - INFO:] learning_rate: 0.0000
[2023-07-24 23:53:25 - INFO:] train_acc: 90.8132%, train_loss: 0.0013
[2023-07-24 23:53:25 - INFO:] test_acc: 90.3700%, test_loss: 0.0013
[2023-07-24 23:53:25 - INFO:] max_train_acc: 0.9083
[2023-07-24 23:53:25 - INFO:] max_test_acc: 0.9044
[2023-07-24 23:53:25 - INFO:] max_lr: 0.0000, min_lr: 0.0000
[2023-07-24 23:53:25 - INFO:] ======================================
[2023-07-24 23:55:53 - INFO:] epoch: 70/200
[2023-07-24 23:55:53 - INFO:] learning_rate: 0.0000
[2023-07-24 23:55:53 - INFO:] train_acc: 90.8143%, train_loss: 0.0013
[2023-07-24 23:55:53 - INFO:] test_acc: 90.3962%, test_loss: 0.0013
[2023-07-24 23:55:53 - INFO:] max_train_acc: 0.9083
[2023-07-24 23:55:53 - INFO:] max_test_acc: 0.9044
[2023-07-24 23:55:53 - INFO:] max_lr: 0.0000, min_lr: 0.0000
[2023-07-24 23:55:53 - INFO:] ======================================
[2023-07-24 23:58:23 - INFO:] epoch: 71/200
[2023-07-24 23:58:23 - INFO:] learning_rate: 0.0000
[2023-07-24 23:58:23 - INFO:] train_acc: 90.8121%, train_loss: 0.0013
[2023-07-24 23:58:23 - INFO:] test_acc: 90.3962%, test_loss: 0.0013
[2023-07-24 23:58:23 - INFO:] max_train_acc: 0.9083
[2023-07-24 23:58:23 - INFO:] max_test_acc: 0.9044
[2023-07-24 23:58:23 - INFO:] max_lr: 0.0000, min_lr: 0.0000
[2023-07-24 23:58:23 - INFO:] ======================================
[2023-07-25 00:00:52 - INFO:] epoch: 72/200
[2023-07-25 00:00:52 - INFO:] learning_rate: 0.0000
[2023-07-25 00:00:52 - INFO:] train_acc: 90.8164%, train_loss: 0.0013
[2023-07-25 00:00:52 - INFO:] test_acc: 90.4136%, test_loss: 0.0013
[2023-07-25 00:00:52 - INFO:] max_train_acc: 0.9083
[2023-07-25 00:00:52 - INFO:] max_test_acc: 0.9044
[2023-07-25 00:00:52 - INFO:] max_lr: 0.0000, min_lr: 0.0000
[2023-07-25 00:00:52 - INFO:] ======================================
[2023-07-25 00:03:20 - INFO:] epoch: 73/200
[2023-07-25 00:03:21 - INFO:] learning_rate: 0.0000
[2023-07-25 00:03:21 - INFO:] train_acc: 90.8143%, train_loss: 0.0013
[2023-07-25 00:03:21 - INFO:] test_acc: 90.4049%, test_loss: 0.0013
[2023-07-25 00:03:21 - INFO:] max_train_acc: 0.9083
[2023-07-25 00:03:21 - INFO:] max_test_acc: 0.9044
[2023-07-25 00:03:21 - INFO:] max_lr: 0.0000, min_lr: 0.0000
[2023-07-25 00:03:21 - INFO:] ======================================
[2023-07-25 00:05:49 - INFO:] epoch: 74/200
[2023-07-25 00:05:49 - INFO:] learning_rate: 0.0000
[2023-07-25 00:05:49 - INFO:] train_acc: 90.8153%, train_loss: 0.0013
[2023-07-25 00:05:49 - INFO:] test_acc: 90.4136%, test_loss: 0.0013
[2023-07-25 00:05:49 - INFO:] max_train_acc: 0.9083
[2023-07-25 00:05:49 - INFO:] max_test_acc: 0.9044
[2023-07-25 00:05:49 - INFO:] max_lr: 0.0000, min_lr: 0.0000
[2023-07-25 00:05:49 - INFO:] ======================================
[2023-07-25 00:08:18 - INFO:] epoch: 75/200
[2023-07-25 00:08:18 - INFO:] learning_rate: 0.0000
[2023-07-25 00:08:18 - INFO:] train_acc: 90.8121%, train_loss: 0.0013
[2023-07-25 00:08:18 - INFO:] test_acc: 90.4310%, test_loss: 0.0013
[2023-07-25 00:08:18 - INFO:] max_train_acc: 0.9083
[2023-07-25 00:08:18 - INFO:] max_test_acc: 0.9044
[2023-07-25 00:08:18 - INFO:] max_lr: 0.0000, min_lr: 0.0000
[2023-07-25 00:08:18 - INFO:] ======================================
[2023-07-25 00:10:47 - INFO:] epoch: 76/200
[2023-07-25 00:10:47 - INFO:] learning_rate: 0.0000
[2023-07-25 00:10:47 - INFO:] train_acc: 90.8216%, train_loss: 0.0013
[2023-07-25 00:10:47 - INFO:] test_acc: 90.4136%, test_loss: 0.0013
[2023-07-25 00:10:47 - INFO:] max_train_acc: 0.9083
[2023-07-25 00:10:47 - INFO:] max_test_acc: 0.9044
[2023-07-25 00:10:47 - INFO:] max_lr: 0.0000, min_lr: 0.0000
[2023-07-25 00:10:47 - INFO:] ======================================
[2023-07-25 00:13:16 - INFO:] epoch: 77/200
[2023-07-25 00:13:16 - INFO:] learning_rate: 0.0000
[2023-07-25 00:13:16 - INFO:] train_acc: 90.8121%, train_loss: 0.0013
[2023-07-25 00:13:16 - INFO:] test_acc: 90.4092%, test_loss: 0.0013
[2023-07-25 00:13:16 - INFO:] max_train_acc: 0.9083
[2023-07-25 00:13:16 - INFO:] max_test_acc: 0.9044
[2023-07-25 00:13:16 - INFO:] max_lr: 0.0000, min_lr: 0.0000
[2023-07-25 00:13:16 - INFO:] ======================================
[2023-07-25 00:15:45 - INFO:] epoch: 78/200
[2023-07-25 00:15:45 - INFO:] learning_rate: 0.0000
[2023-07-25 00:15:45 - INFO:] train_acc: 90.8153%, train_loss: 0.0013
[2023-07-25 00:15:45 - INFO:] test_acc: 90.3918%, test_loss: 0.0013
[2023-07-25 00:15:45 - INFO:] max_train_acc: 0.9083
[2023-07-25 00:15:45 - INFO:] max_test_acc: 0.9044
[2023-07-25 00:15:45 - INFO:] max_lr: 0.0000, min_lr: 0.0000
[2023-07-25 00:15:45 - INFO:] ======================================
[2023-07-25 00:18:13 - INFO:] epoch: 79/200
[2023-07-25 00:18:13 - INFO:] learning_rate: 0.0000
[2023-07-25 00:18:13 - INFO:] train_acc: 90.8227%, train_loss: 0.0013
[2023-07-25 00:18:13 - INFO:] test_acc: 90.4223%, test_loss: 0.0013
[2023-07-25 00:18:13 - INFO:] max_train_acc: 0.9083
[2023-07-25 00:18:13 - INFO:] max_test_acc: 0.9044
[2023-07-25 00:18:13 - INFO:] max_lr: 0.0000, min_lr: 0.0000
[2023-07-25 00:18:13 - INFO:] ======================================
[2023-07-25 00:20:42 - INFO:] epoch: 80/200
[2023-07-25 00:20:42 - INFO:] learning_rate: 0.0000
[2023-07-25 00:20:42 - INFO:] train_acc: 90.8185%, train_loss: 0.0013
[2023-07-25 00:20:42 - INFO:] test_acc: 90.4266%, test_loss: 0.0013
[2023-07-25 00:20:42 - INFO:] max_train_acc: 0.9083
[2023-07-25 00:20:42 - INFO:] max_test_acc: 0.9044
[2023-07-25 00:20:42 - INFO:] max_lr: 0.0000, min_lr: 0.0000
[2023-07-25 00:20:42 - INFO:] ======================================
[2023-07-25 00:23:11 - INFO:] epoch: 81/200
[2023-07-25 00:23:11 - INFO:] learning_rate: 0.0000
[2023-07-25 00:23:11 - INFO:] train_acc: 90.8164%, train_loss: 0.0013
[2023-07-25 00:23:11 - INFO:] test_acc: 90.4005%, test_loss: 0.0013
[2023-07-25 00:23:11 - INFO:] max_train_acc: 0.9083
[2023-07-25 00:23:11 - INFO:] max_test_acc: 0.9044
[2023-07-25 00:23:11 - INFO:] max_lr: 0.0000, min_lr: 0.0000
[2023-07-25 00:23:11 - INFO:] ======================================
[2023-07-25 00:25:40 - INFO:] epoch: 82/200
[2023-07-25 00:25:40 - INFO:] learning_rate: 0.0000
[2023-07-25 00:25:40 - INFO:] train_acc: 90.8132%, train_loss: 0.0013
[2023-07-25 00:25:40 - INFO:] test_acc: 90.4223%, test_loss: 0.0013
[2023-07-25 00:25:40 - INFO:] max_train_acc: 0.9083
[2023-07-25 00:25:40 - INFO:] max_test_acc: 0.9044
[2023-07-25 00:25:40 - INFO:] max_lr: 0.0000, min_lr: 0.0000
[2023-07-25 00:25:40 - INFO:] ======================================
[2023-07-25 00:28:09 - INFO:] epoch: 83/200
[2023-07-25 00:28:09 - INFO:] learning_rate: 0.0000
[2023-07-25 00:28:09 - INFO:] train_acc: 90.8174%, train_loss: 0.0013
[2023-07-25 00:28:09 - INFO:] test_acc: 90.3962%, test_loss: 0.0013
[2023-07-25 00:28:09 - INFO:] max_train_acc: 0.9083
[2023-07-25 00:28:09 - INFO:] max_test_acc: 0.9044
[2023-07-25 00:28:09 - INFO:] max_lr: 0.0000, min_lr: 0.0000
[2023-07-25 00:28:09 - INFO:] ======================================
[2023-07-25 00:30:38 - INFO:] epoch: 84/200
[2023-07-25 00:30:38 - INFO:] learning_rate: 0.0000
[2023-07-25 00:30:38 - INFO:] train_acc: 90.8132%, train_loss: 0.0013
[2023-07-25 00:30:38 - INFO:] test_acc: 90.3831%, test_loss: 0.0013
[2023-07-25 00:30:38 - INFO:] max_train_acc: 0.9083
[2023-07-25 00:30:38 - INFO:] max_test_acc: 0.9044
[2023-07-25 00:30:38 - INFO:] max_lr: 0.0000, min_lr: 0.0000
[2023-07-25 00:30:38 - INFO:] ======================================
[2023-07-25 00:33:07 - INFO:] epoch: 85/200
[2023-07-25 00:33:07 - INFO:] learning_rate: 0.0000
[2023-07-25 00:33:07 - INFO:] train_acc: 90.8174%, train_loss: 0.0013
[2023-07-25 00:33:07 - INFO:] test_acc: 90.3831%, test_loss: 0.0013
[2023-07-25 00:33:07 - INFO:] max_train_acc: 0.9083
[2023-07-25 00:33:07 - INFO:] max_test_acc: 0.9044
[2023-07-25 00:33:07 - INFO:] max_lr: 0.0000, min_lr: 0.0000
[2023-07-25 00:33:07 - INFO:] ======================================
[2023-07-25 00:35:35 - INFO:] epoch: 86/200
[2023-07-25 00:35:35 - INFO:] learning_rate: 0.0000
[2023-07-25 00:35:35 - INFO:] train_acc: 90.8216%, train_loss: 0.0013
[2023-07-25 00:35:35 - INFO:] test_acc: 90.3875%, test_loss: 0.0013
[2023-07-25 00:35:35 - INFO:] max_train_acc: 0.9083
[2023-07-25 00:35:36 - INFO:] max_test_acc: 0.9044
[2023-07-25 00:35:36 - INFO:] max_lr: 0.0000, min_lr: 0.0000
[2023-07-25 00:35:36 - INFO:] ======================================
[2023-07-25 00:38:04 - INFO:] epoch: 87/200
[2023-07-25 00:38:04 - INFO:] learning_rate: 0.0000
[2023-07-25 00:38:04 - INFO:] train_acc: 90.8132%, train_loss: 0.0013
[2023-07-25 00:38:04 - INFO:] test_acc: 90.3788%, test_loss: 0.0013
[2023-07-25 00:38:04 - INFO:] max_train_acc: 0.9083
[2023-07-25 00:38:04 - INFO:] max_test_acc: 0.9044
[2023-07-25 00:38:04 - INFO:] max_lr: 0.0000, min_lr: 0.0000
[2023-07-25 00:38:04 - INFO:] ======================================
[2023-07-25 00:40:33 - INFO:] epoch: 88/200
[2023-07-25 00:40:33 - INFO:] learning_rate: 0.0000
[2023-07-25 00:40:33 - INFO:] train_acc: 90.8164%, train_loss: 0.0013
[2023-07-25 00:40:33 - INFO:] test_acc: 90.4179%, test_loss: 0.0013
[2023-07-25 00:40:33 - INFO:] max_train_acc: 0.9083
[2023-07-25 00:40:33 - INFO:] max_test_acc: 0.9044
[2023-07-25 00:40:33 - INFO:] max_lr: 0.0000, min_lr: 0.0000
[2023-07-25 00:40:33 - INFO:] ======================================
[2023-07-25 00:43:01 - INFO:] epoch: 89/200
[2023-07-25 00:43:01 - INFO:] learning_rate: 0.0000
[2023-07-25 00:43:01 - INFO:] train_acc: 90.8132%, train_loss: 0.0013
[2023-07-25 00:43:01 - INFO:] test_acc: 90.3788%, test_loss: 0.0013
[2023-07-25 00:43:01 - INFO:] max_train_acc: 0.9083
[2023-07-25 00:43:01 - INFO:] max_test_acc: 0.9044
[2023-07-25 00:43:01 - INFO:] max_lr: 0.0000, min_lr: 0.0000
[2023-07-25 00:43:01 - INFO:] ======================================
[2023-07-25 00:45:30 - INFO:] epoch: 90/200
[2023-07-25 00:45:30 - INFO:] learning_rate: 0.0000
[2023-07-25 00:45:30 - INFO:] train_acc: 90.8216%, train_loss: 0.0013
[2023-07-25 00:45:30 - INFO:] test_acc: 90.4005%, test_loss: 0.0013
[2023-07-25 00:45:30 - INFO:] max_train_acc: 0.9083
[2023-07-25 00:45:30 - INFO:] max_test_acc: 0.9044
[2023-07-25 00:45:30 - INFO:] max_lr: 0.0000, min_lr: 0.0000
[2023-07-25 00:45:30 - INFO:] ======================================
[2023-07-25 00:47:59 - INFO:] epoch: 91/200
[2023-07-25 00:47:59 - INFO:] learning_rate: 0.0000
[2023-07-25 00:47:59 - INFO:] train_acc: 90.8185%, train_loss: 0.0013
[2023-07-25 00:47:59 - INFO:] test_acc: 90.3918%, test_loss: 0.0013
[2023-07-25 00:47:59 - INFO:] max_train_acc: 0.9083
[2023-07-25 00:47:59 - INFO:] max_test_acc: 0.9044
[2023-07-25 00:47:59 - INFO:] max_lr: 0.0000, min_lr: 0.0000
[2023-07-25 00:47:59 - INFO:] ======================================
[2023-07-25 00:50:28 - INFO:] epoch: 92/200
[2023-07-25 00:50:28 - INFO:] learning_rate: 0.0000
[2023-07-25 00:50:28 - INFO:] train_acc: 90.8153%, train_loss: 0.0013
[2023-07-25 00:50:28 - INFO:] test_acc: 90.3962%, test_loss: 0.0013
[2023-07-25 00:50:28 - INFO:] max_train_acc: 0.9083
[2023-07-25 00:50:28 - INFO:] max_test_acc: 0.9044
[2023-07-25 00:50:28 - INFO:] max_lr: 0.0000, min_lr: 0.0000
[2023-07-25 00:50:28 - INFO:] ======================================
[2023-07-25 00:52:57 - INFO:] epoch: 93/200
[2023-07-25 00:52:57 - INFO:] learning_rate: 0.0000
[2023-07-25 00:52:57 - INFO:] train_acc: 90.8164%, train_loss: 0.0013
[2023-07-25 00:52:57 - INFO:] test_acc: 90.4223%, test_loss: 0.0013
[2023-07-25 00:52:57 - INFO:] max_train_acc: 0.9083
[2023-07-25 00:52:57 - INFO:] max_test_acc: 0.9044
[2023-07-25 00:52:57 - INFO:] max_lr: 0.0000, min_lr: 0.0000
[2023-07-25 00:52:57 - INFO:] ======================================
[2023-07-25 00:55:26 - INFO:] epoch: 94/200
[2023-07-25 00:55:26 - INFO:] learning_rate: 0.0000
[2023-07-25 00:55:26 - INFO:] train_acc: 90.8111%, train_loss: 0.0013
[2023-07-25 00:55:26 - INFO:] test_acc: 90.3918%, test_loss: 0.0013
[2023-07-25 00:55:26 - INFO:] max_train_acc: 0.9083
[2023-07-25 00:55:26 - INFO:] max_test_acc: 0.9044
[2023-07-25 00:55:26 - INFO:] max_lr: 0.0000, min_lr: 0.0000
[2023-07-25 00:55:26 - INFO:] ======================================
[2023-07-25 00:57:55 - INFO:] epoch: 95/200
[2023-07-25 00:57:55 - INFO:] learning_rate: 0.0000
[2023-07-25 00:57:55 - INFO:] train_acc: 90.8132%, train_loss: 0.0013
[2023-07-25 00:57:55 - INFO:] test_acc: 90.4049%, test_loss: 0.0013
[2023-07-25 00:57:55 - INFO:] max_train_acc: 0.9083
[2023-07-25 00:57:55 - INFO:] max_test_acc: 0.9044
[2023-07-25 00:57:55 - INFO:] max_lr: 0.0000, min_lr: 0.0000
[2023-07-25 00:57:55 - INFO:] ======================================
[2023-07-25 01:00:23 - INFO:] epoch: 96/200
[2023-07-25 01:00:23 - INFO:] learning_rate: 0.0000
[2023-07-25 01:00:23 - INFO:] train_acc: 90.8164%, train_loss: 0.0013
[2023-07-25 01:00:23 - INFO:] test_acc: 90.4049%, test_loss: 0.0013
[2023-07-25 01:00:23 - INFO:] max_train_acc: 0.9083
[2023-07-25 01:00:23 - INFO:] max_test_acc: 0.9044
[2023-07-25 01:00:23 - INFO:] max_lr: 0.0000, min_lr: 0.0000
[2023-07-25 01:00:23 - INFO:] ======================================
[2023-07-25 01:02:52 - INFO:] epoch: 97/200
[2023-07-25 01:02:52 - INFO:] learning_rate: 0.0000
[2023-07-25 01:02:52 - INFO:] train_acc: 90.8143%, train_loss: 0.0013
[2023-07-25 01:02:52 - INFO:] test_acc: 90.3831%, test_loss: 0.0013
[2023-07-25 01:02:52 - INFO:] max_train_acc: 0.9083
[2023-07-25 01:02:52 - INFO:] max_test_acc: 0.9044
[2023-07-25 01:02:52 - INFO:] max_lr: 0.0000, min_lr: 0.0000
[2023-07-25 01:02:52 - INFO:] ======================================
[2023-07-25 01:05:21 - INFO:] epoch: 98/200
[2023-07-25 01:05:21 - INFO:] learning_rate: 0.0000
[2023-07-25 01:05:21 - INFO:] train_acc: 90.8153%, train_loss: 0.0013
[2023-07-25 01:05:21 - INFO:] test_acc: 90.4049%, test_loss: 0.0013
[2023-07-25 01:05:21 - INFO:] max_train_acc: 0.9083
[2023-07-25 01:05:21 - INFO:] max_test_acc: 0.9044
[2023-07-25 01:05:21 - INFO:] max_lr: 0.0000, min_lr: 0.0000
[2023-07-25 01:05:21 - INFO:] ======================================
[2023-07-25 01:07:50 - INFO:] epoch: 99/200
[2023-07-25 01:07:50 - INFO:] learning_rate: 0.0000
[2023-07-25 01:07:50 - INFO:] train_acc: 90.8164%, train_loss: 0.0013
[2023-07-25 01:07:50 - INFO:] test_acc: 90.4049%, test_loss: 0.0013
[2023-07-25 01:07:50 - INFO:] max_train_acc: 0.9083
[2023-07-25 01:07:50 - INFO:] max_test_acc: 0.9044
[2023-07-25 01:07:50 - INFO:] max_lr: 0.0000, min_lr: 0.0000
[2023-07-25 01:07:50 - INFO:] ======================================
[2023-07-25 01:10:19 - INFO:] epoch: 100/200
[2023-07-25 01:10:19 - INFO:] learning_rate: 0.0000
[2023-07-25 01:10:19 - INFO:] train_acc: 90.8174%, train_loss: 0.0013
[2023-07-25 01:10:19 - INFO:] test_acc: 90.3962%, test_loss: 0.0013
[2023-07-25 01:10:19 - INFO:] max_train_acc: 0.9083
[2023-07-25 01:10:19 - INFO:] max_test_acc: 0.9044
[2023-07-25 01:10:19 - INFO:] max_lr: 0.0000, min_lr: 0.0000
[2023-07-25 01:10:19 - INFO:] ======================================
[2023-07-25 01:12:48 - INFO:] epoch: 101/200
[2023-07-25 01:12:48 - INFO:] learning_rate: 0.0000
[2023-07-25 01:12:48 - INFO:] train_acc: 90.8164%, train_loss: 0.0013
[2023-07-25 01:12:48 - INFO:] test_acc: 90.4354%, test_loss: 0.0013
[2023-07-25 01:12:48 - INFO:] max_train_acc: 0.9083
[2023-07-25 01:12:48 - INFO:] max_test_acc: 0.9044
[2023-07-25 01:12:48 - INFO:] max_lr: 0.0000, min_lr: 0.0000
[2023-07-25 01:12:48 - INFO:] ======================================
[2023-07-25 01:15:17 - INFO:] epoch: 102/200
[2023-07-25 01:15:17 - INFO:] learning_rate: 0.0000
[2023-07-25 01:15:17 - INFO:] train_acc: 90.8174%, train_loss: 0.0013
[2023-07-25 01:15:17 - INFO:] test_acc: 90.3831%, test_loss: 0.0013
[2023-07-25 01:15:17 - INFO:] max_train_acc: 0.9083
[2023-07-25 01:15:17 - INFO:] max_test_acc: 0.9044
[2023-07-25 01:15:17 - INFO:] max_lr: 0.0000, min_lr: 0.0000
[2023-07-25 01:15:17 - INFO:] ======================================
[2023-07-25 01:17:46 - INFO:] epoch: 103/200
[2023-07-25 01:17:46 - INFO:] learning_rate: 0.0000
[2023-07-25 01:17:46 - INFO:] train_acc: 90.8153%, train_loss: 0.0013
[2023-07-25 01:17:46 - INFO:] test_acc: 90.3918%, test_loss: 0.0013
[2023-07-25 01:17:46 - INFO:] max_train_acc: 0.9083
[2023-07-25 01:17:46 - INFO:] max_test_acc: 0.9044
[2023-07-25 01:17:46 - INFO:] max_lr: 0.0000, min_lr: 0.0000
[2023-07-25 01:17:46 - INFO:] ======================================
[2023-07-25 01:20:15 - INFO:] epoch: 104/200
[2023-07-25 01:20:15 - INFO:] learning_rate: 0.0000
[2023-07-25 01:20:15 - INFO:] train_acc: 90.8153%, train_loss: 0.0013
[2023-07-25 01:20:15 - INFO:] test_acc: 90.3962%, test_loss: 0.0013
[2023-07-25 01:20:15 - INFO:] max_train_acc: 0.9083
[2023-07-25 01:20:15 - INFO:] max_test_acc: 0.9044
[2023-07-25 01:20:15 - INFO:] max_lr: 0.0000, min_lr: 0.0000
[2023-07-25 01:20:15 - INFO:] ======================================
[2023-07-25 01:22:43 - INFO:] epoch: 105/200
[2023-07-25 01:22:43 - INFO:] learning_rate: 0.0000
[2023-07-25 01:22:43 - INFO:] train_acc: 90.8100%, train_loss: 0.0013
[2023-07-25 01:22:43 - INFO:] test_acc: 90.4049%, test_loss: 0.0013
[2023-07-25 01:22:43 - INFO:] max_train_acc: 0.9083
[2023-07-25 01:22:43 - INFO:] max_test_acc: 0.9044
[2023-07-25 01:22:43 - INFO:] max_lr: 0.0000, min_lr: 0.0000
[2023-07-25 01:22:43 - INFO:] ======================================
[2023-07-25 01:25:12 - INFO:] epoch: 106/200
[2023-07-25 01:25:12 - INFO:] learning_rate: 0.0000
[2023-07-25 01:25:12 - INFO:] train_acc: 90.8164%, train_loss: 0.0013
[2023-07-25 01:25:12 - INFO:] test_acc: 90.4136%, test_loss: 0.0013
[2023-07-25 01:25:12 - INFO:] max_train_acc: 0.9083
[2023-07-25 01:25:12 - INFO:] max_test_acc: 0.9044
[2023-07-25 01:25:12 - INFO:] max_lr: 0.0000, min_lr: 0.0000
[2023-07-25 01:25:12 - INFO:] ======================================
[2023-07-25 01:27:41 - INFO:] epoch: 107/200
[2023-07-25 01:27:41 - INFO:] learning_rate: 0.0000
[2023-07-25 01:27:41 - INFO:] train_acc: 90.8079%, train_loss: 0.0013
[2023-07-25 01:27:41 - INFO:] test_acc: 90.4179%, test_loss: 0.0013
[2023-07-25 01:27:41 - INFO:] max_train_acc: 0.9083
[2023-07-25 01:27:41 - INFO:] max_test_acc: 0.9044
[2023-07-25 01:27:41 - INFO:] max_lr: 0.0000, min_lr: 0.0000
[2023-07-25 01:27:41 - INFO:] ======================================
[2023-07-25 01:30:10 - INFO:] epoch: 108/200
[2023-07-25 01:30:10 - INFO:] learning_rate: 0.0000
[2023-07-25 01:30:10 - INFO:] train_acc: 90.8111%, train_loss: 0.0013
[2023-07-25 01:30:10 - INFO:] test_acc: 90.4092%, test_loss: 0.0013
[2023-07-25 01:30:10 - INFO:] max_train_acc: 0.9083
[2023-07-25 01:30:10 - INFO:] max_test_acc: 0.9044
[2023-07-25 01:30:10 - INFO:] max_lr: 0.0000, min_lr: 0.0000
[2023-07-25 01:30:10 - INFO:] ======================================
[2023-07-25 01:32:39 - INFO:] epoch: 109/200
[2023-07-25 01:32:39 - INFO:] learning_rate: 0.0000
[2023-07-25 01:32:39 - INFO:] train_acc: 90.8238%, train_loss: 0.0013
[2023-07-25 01:32:39 - INFO:] test_acc: 90.4136%, test_loss: 0.0013
[2023-07-25 01:32:39 - INFO:] max_train_acc: 0.9083
[2023-07-25 01:32:39 - INFO:] max_test_acc: 0.9044
[2023-07-25 01:32:39 - INFO:] max_lr: 0.0000, min_lr: 0.0000
[2023-07-25 01:32:39 - INFO:] ======================================
[2023-07-25 01:35:08 - INFO:] epoch: 110/200
[2023-07-25 01:35:08 - INFO:] learning_rate: 0.0000
[2023-07-25 01:35:08 - INFO:] train_acc: 90.8195%, train_loss: 0.0013
[2023-07-25 01:35:08 - INFO:] test_acc: 90.3788%, test_loss: 0.0013
[2023-07-25 01:35:08 - INFO:] max_train_acc: 0.9083
[2023-07-25 01:35:08 - INFO:] max_test_acc: 0.9044
[2023-07-25 01:35:08 - INFO:] max_lr: 0.0000, min_lr: 0.0000
[2023-07-25 01:35:08 - INFO:] ======================================
[2023-07-25 01:37:37 - INFO:] epoch: 111/200
[2023-07-25 01:37:37 - INFO:] learning_rate: 0.0000
[2023-07-25 01:37:37 - INFO:] train_acc: 90.8195%, train_loss: 0.0013
[2023-07-25 01:37:37 - INFO:] test_acc: 90.4441%, test_loss: 0.0013
[2023-07-25 01:37:37 - INFO:] max_train_acc: 0.9083
[2023-07-25 01:37:37 - INFO:] max_test_acc: 0.9044
[2023-07-25 01:37:37 - INFO:] max_lr: 0.0000, min_lr: 0.0000
[2023-07-25 01:37:37 - INFO:] ======================================
[2023-07-25 01:40:06 - INFO:] epoch: 112/200
[2023-07-25 01:40:06 - INFO:] learning_rate: 0.0000
[2023-07-25 01:40:06 - INFO:] train_acc: 90.8111%, train_loss: 0.0013
[2023-07-25 01:40:06 - INFO:] test_acc: 90.4136%, test_loss: 0.0013
[2023-07-25 01:40:06 - INFO:] max_train_acc: 0.9083
[2023-07-25 01:40:06 - INFO:] max_test_acc: 0.9044
[2023-07-25 01:40:06 - INFO:] max_lr: 0.0000, min_lr: 0.0000
[2023-07-25 01:40:06 - INFO:] ======================================
[2023-07-25 01:42:35 - INFO:] epoch: 113/200
[2023-07-25 01:42:35 - INFO:] learning_rate: 0.0000
[2023-07-25 01:42:35 - INFO:] train_acc: 90.8206%, train_loss: 0.0013
[2023-07-25 01:42:35 - INFO:] test_acc: 90.4528%, test_loss: 0.0013
[2023-07-25 01:42:35 - INFO:] max_train_acc: 0.9083
[2023-07-25 01:42:35 - INFO:] max_test_acc: 0.9045
[2023-07-25 01:42:35 - INFO:] max_lr: 0.0000, min_lr: 0.0000
[2023-07-25 01:42:35 - INFO:] ======================================
[2023-07-25 01:45:03 - INFO:] epoch: 114/200
[2023-07-25 01:45:03 - INFO:] learning_rate: 0.0000
[2023-07-25 01:45:03 - INFO:] train_acc: 90.8164%, train_loss: 0.0013
[2023-07-25 01:45:03 - INFO:] test_acc: 90.4397%, test_loss: 0.0013
[2023-07-25 01:45:03 - INFO:] max_train_acc: 0.9083
[2023-07-25 01:45:03 - INFO:] max_test_acc: 0.9045
[2023-07-25 01:45:03 - INFO:] max_lr: 0.0000, min_lr: 0.0000
[2023-07-25 01:45:03 - INFO:] ======================================
[2023-07-25 01:47:31 - INFO:] epoch: 115/200
[2023-07-25 01:47:31 - INFO:] learning_rate: 0.0000
[2023-07-25 01:47:31 - INFO:] train_acc: 90.8058%, train_loss: 0.0013
[2023-07-25 01:47:31 - INFO:] test_acc: 90.4223%, test_loss: 0.0013
[2023-07-25 01:47:31 - INFO:] max_train_acc: 0.9083
[2023-07-25 01:47:31 - INFO:] max_test_acc: 0.9045
[2023-07-25 01:47:31 - INFO:] max_lr: 0.0000, min_lr: 0.0000
[2023-07-25 01:47:31 - INFO:] ======================================
[2023-07-25 01:50:00 - INFO:] epoch: 116/200
[2023-07-25 01:50:00 - INFO:] learning_rate: 0.0000
[2023-07-25 01:50:00 - INFO:] train_acc: 90.8206%, train_loss: 0.0013
[2023-07-25 01:50:00 - INFO:] test_acc: 90.3962%, test_loss: 0.0013
[2023-07-25 01:50:00 - INFO:] max_train_acc: 0.9083
[2023-07-25 01:50:00 - INFO:] max_test_acc: 0.9045
[2023-07-25 01:50:00 - INFO:] max_lr: 0.0000, min_lr: 0.0000
[2023-07-25 01:50:00 - INFO:] ======================================
[2023-07-25 01:52:28 - INFO:] epoch: 117/200
[2023-07-25 01:52:28 - INFO:] learning_rate: 0.0000
[2023-07-25 01:52:28 - INFO:] train_acc: 90.8216%, train_loss: 0.0013
[2023-07-25 01:52:28 - INFO:] test_acc: 90.3962%, test_loss: 0.0013
[2023-07-25 01:52:28 - INFO:] max_train_acc: 0.9083
[2023-07-25 01:52:28 - INFO:] max_test_acc: 0.9045
[2023-07-25 01:52:28 - INFO:] max_lr: 0.0000, min_lr: 0.0000
[2023-07-25 01:52:28 - INFO:] ======================================
[2023-07-25 01:54:56 - INFO:] epoch: 118/200
[2023-07-25 01:54:56 - INFO:] learning_rate: 0.0000
[2023-07-25 01:54:56 - INFO:] train_acc: 90.8185%, train_loss: 0.0013
[2023-07-25 01:54:56 - INFO:] test_acc: 90.4136%, test_loss: 0.0013
[2023-07-25 01:54:56 - INFO:] max_train_acc: 0.9083
[2023-07-25 01:54:56 - INFO:] max_test_acc: 0.9045
[2023-07-25 01:54:56 - INFO:] max_lr: 0.0000, min_lr: 0.0000
[2023-07-25 01:54:56 - INFO:] ======================================
[2023-07-25 01:57:25 - INFO:] epoch: 119/200
[2023-07-25 01:57:25 - INFO:] learning_rate: 0.0000
[2023-07-25 01:57:25 - INFO:] train_acc: 90.8195%, train_loss: 0.0013
[2023-07-25 01:57:25 - INFO:] test_acc: 90.4136%, test_loss: 0.0013
[2023-07-25 01:57:25 - INFO:] max_train_acc: 0.9083
[2023-07-25 01:57:25 - INFO:] max_test_acc: 0.9045
[2023-07-25 01:57:25 - INFO:] max_lr: 0.0000, min_lr: 0.0000
[2023-07-25 01:57:25 - INFO:] ======================================
[2023-07-25 01:59:54 - INFO:] epoch: 120/200
[2023-07-25 01:59:54 - INFO:] learning_rate: 0.0000
[2023-07-25 01:59:54 - INFO:] train_acc: 90.8174%, train_loss: 0.0013
[2023-07-25 01:59:54 - INFO:] test_acc: 90.4179%, test_loss: 0.0013
[2023-07-25 01:59:54 - INFO:] max_train_acc: 0.9083
[2023-07-25 01:59:54 - INFO:] max_test_acc: 0.9045
[2023-07-25 01:59:54 - INFO:] max_lr: 0.0000, min_lr: 0.0000
[2023-07-25 01:59:54 - INFO:] ======================================
[2023-07-25 02:02:22 - INFO:] epoch: 121/200
[2023-07-25 02:02:22 - INFO:] learning_rate: 0.0000
[2023-07-25 02:02:22 - INFO:] train_acc: 90.8164%, train_loss: 0.0013
[2023-07-25 02:02:22 - INFO:] test_acc: 90.4266%, test_loss: 0.0013
[2023-07-25 02:02:22 - INFO:] max_train_acc: 0.9083
[2023-07-25 02:02:22 - INFO:] max_test_acc: 0.9045
[2023-07-25 02:02:22 - INFO:] max_lr: 0.0000, min_lr: 0.0000
[2023-07-25 02:02:22 - INFO:] ======================================
[2023-07-25 02:04:51 - INFO:] epoch: 122/200
[2023-07-25 02:04:51 - INFO:] learning_rate: 0.0000
[2023-07-25 02:04:51 - INFO:] train_acc: 90.8280%, train_loss: 0.0013
[2023-07-25 02:04:51 - INFO:] test_acc: 90.3962%, test_loss: 0.0013
[2023-07-25 02:04:51 - INFO:] max_train_acc: 0.9083
[2023-07-25 02:04:51 - INFO:] max_test_acc: 0.9045
[2023-07-25 02:04:51 - INFO:] max_lr: 0.0000, min_lr: 0.0000
[2023-07-25 02:04:51 - INFO:] ======================================
[2023-07-25 02:07:19 - INFO:] epoch: 123/200
[2023-07-25 02:07:19 - INFO:] learning_rate: 0.0000
[2023-07-25 02:07:19 - INFO:] train_acc: 90.8195%, train_loss: 0.0013
[2023-07-25 02:07:19 - INFO:] test_acc: 90.3831%, test_loss: 0.0013
[2023-07-25 02:07:19 - INFO:] max_train_acc: 0.9083
[2023-07-25 02:07:19 - INFO:] max_test_acc: 0.9045
[2023-07-25 02:07:19 - INFO:] max_lr: 0.0000, min_lr: 0.0000
[2023-07-25 02:07:19 - INFO:] ======================================
[2023-07-25 02:09:48 - INFO:] epoch: 124/200
[2023-07-25 02:09:48 - INFO:] learning_rate: 0.0000
[2023-07-25 02:09:48 - INFO:] train_acc: 90.8121%, train_loss: 0.0013
[2023-07-25 02:09:48 - INFO:] test_acc: 90.4005%, test_loss: 0.0013
[2023-07-25 02:09:48 - INFO:] max_train_acc: 0.9083
[2023-07-25 02:09:48 - INFO:] max_test_acc: 0.9045
[2023-07-25 02:09:48 - INFO:] max_lr: 0.0000, min_lr: 0.0000
[2023-07-25 02:09:48 - INFO:] ======================================
[2023-07-25 02:12:16 - INFO:] epoch: 125/200
[2023-07-25 02:12:16 - INFO:] learning_rate: 0.0000
[2023-07-25 02:12:16 - INFO:] train_acc: 90.8195%, train_loss: 0.0013
[2023-07-25 02:12:16 - INFO:] test_acc: 90.4049%, test_loss: 0.0013
[2023-07-25 02:12:16 - INFO:] max_train_acc: 0.9083
[2023-07-25 02:12:16 - INFO:] max_test_acc: 0.9045
[2023-07-25 02:12:16 - INFO:] max_lr: 0.0000, min_lr: 0.0000
[2023-07-25 02:12:16 - INFO:] ======================================
[2023-07-25 02:14:44 - INFO:] epoch: 126/200
[2023-07-25 02:14:44 - INFO:] learning_rate: 0.0000
[2023-07-25 02:14:44 - INFO:] train_acc: 90.8238%, train_loss: 0.0013
[2023-07-25 02:14:44 - INFO:] test_acc: 90.3962%, test_loss: 0.0013
[2023-07-25 02:14:44 - INFO:] max_train_acc: 0.9083
[2023-07-25 02:14:44 - INFO:] max_test_acc: 0.9045
[2023-07-25 02:14:44 - INFO:] max_lr: 0.0000, min_lr: 0.0000
[2023-07-25 02:14:44 - INFO:] ======================================
[2023-07-25 02:17:13 - INFO:] epoch: 127/200
[2023-07-25 02:17:13 - INFO:] learning_rate: 0.0000
[2023-07-25 02:17:13 - INFO:] train_acc: 90.8216%, train_loss: 0.0013
[2023-07-25 02:17:13 - INFO:] test_acc: 90.3831%, test_loss: 0.0013
[2023-07-25 02:17:13 - INFO:] max_train_acc: 0.9083
[2023-07-25 02:17:13 - INFO:] max_test_acc: 0.9045
[2023-07-25 02:17:13 - INFO:] max_lr: 0.0000, min_lr: 0.0000
[2023-07-25 02:17:13 - INFO:] ======================================
[2023-07-25 02:19:41 - INFO:] epoch: 128/200
[2023-07-25 02:19:41 - INFO:] learning_rate: 0.0000
[2023-07-25 02:19:41 - INFO:] train_acc: 90.8100%, train_loss: 0.0013
[2023-07-25 02:19:41 - INFO:] test_acc: 90.3962%, test_loss: 0.0013
[2023-07-25 02:19:41 - INFO:] max_train_acc: 0.9083
[2023-07-25 02:19:41 - INFO:] max_test_acc: 0.9045
[2023-07-25 02:19:41 - INFO:] max_lr: 0.0000, min_lr: 0.0000
[2023-07-25 02:19:41 - INFO:] ======================================
[2023-07-25 02:22:09 - INFO:] epoch: 129/200
[2023-07-25 02:22:09 - INFO:] learning_rate: 0.0000
[2023-07-25 02:22:09 - INFO:] train_acc: 90.8206%, train_loss: 0.0013
[2023-07-25 02:22:09 - INFO:] test_acc: 90.3875%, test_loss: 0.0013
[2023-07-25 02:22:09 - INFO:] max_train_acc: 0.9083
[2023-07-25 02:22:09 - INFO:] max_test_acc: 0.9045
[2023-07-25 02:22:09 - INFO:] max_lr: 0.0000, min_lr: 0.0000
[2023-07-25 02:22:09 - INFO:] ======================================
[2023-07-25 02:24:38 - INFO:] epoch: 130/200
[2023-07-25 02:24:38 - INFO:] learning_rate: 0.0000
[2023-07-25 02:24:38 - INFO:] train_acc: 90.8216%, train_loss: 0.0013
[2023-07-25 02:24:38 - INFO:] test_acc: 90.3831%, test_loss: 0.0013
[2023-07-25 02:24:38 - INFO:] max_train_acc: 0.9083
[2023-07-25 02:24:38 - INFO:] max_test_acc: 0.9045
[2023-07-25 02:24:38 - INFO:] max_lr: 0.0000, min_lr: 0.0000
[2023-07-25 02:24:38 - INFO:] ======================================
[2023-07-25 02:27:06 - INFO:] epoch: 131/200
[2023-07-25 02:27:06 - INFO:] learning_rate: 0.0000
[2023-07-25 02:27:06 - INFO:] train_acc: 90.8164%, train_loss: 0.0013
[2023-07-25 02:27:06 - INFO:] test_acc: 90.4092%, test_loss: 0.0013
[2023-07-25 02:27:06 - INFO:] max_train_acc: 0.9083
[2023-07-25 02:27:06 - INFO:] max_test_acc: 0.9045
[2023-07-25 02:27:06 - INFO:] max_lr: 0.0000, min_lr: 0.0000
[2023-07-25 02:27:06 - INFO:] ======================================
[2023-07-25 02:29:35 - INFO:] epoch: 132/200
[2023-07-25 02:29:35 - INFO:] learning_rate: 0.0000
[2023-07-25 02:29:35 - INFO:] train_acc: 90.8174%, train_loss: 0.0013
[2023-07-25 02:29:35 - INFO:] test_acc: 90.3831%, test_loss: 0.0013
[2023-07-25 02:29:35 - INFO:] max_train_acc: 0.9083
[2023-07-25 02:29:35 - INFO:] max_test_acc: 0.9045
[2023-07-25 02:29:35 - INFO:] max_lr: 0.0000, min_lr: 0.0000
[2023-07-25 02:29:35 - INFO:] ======================================
[2023-07-25 02:32:03 - INFO:] epoch: 133/200
[2023-07-25 02:32:03 - INFO:] learning_rate: 0.0000
[2023-07-25 02:32:03 - INFO:] train_acc: 90.8174%, train_loss: 0.0013
[2023-07-25 02:32:03 - INFO:] test_acc: 90.3744%, test_loss: 0.0013
[2023-07-25 02:32:03 - INFO:] max_train_acc: 0.9083
[2023-07-25 02:32:03 - INFO:] max_test_acc: 0.9045
[2023-07-25 02:32:03 - INFO:] max_lr: 0.0000, min_lr: 0.0000
[2023-07-25 02:32:03 - INFO:] ======================================
[2023-07-25 02:34:32 - INFO:] epoch: 134/200
[2023-07-25 02:34:32 - INFO:] learning_rate: 0.0000
[2023-07-25 02:34:32 - INFO:] train_acc: 90.8195%, train_loss: 0.0013
[2023-07-25 02:34:32 - INFO:] test_acc: 90.4049%, test_loss: 0.0013
[2023-07-25 02:34:32 - INFO:] max_train_acc: 0.9083
[2023-07-25 02:34:32 - INFO:] max_test_acc: 0.9045
[2023-07-25 02:34:32 - INFO:] max_lr: 0.0000, min_lr: 0.0000
[2023-07-25 02:34:32 - INFO:] ======================================
[2023-07-25 02:37:00 - INFO:] epoch: 135/200
[2023-07-25 02:37:00 - INFO:] learning_rate: 0.0000
[2023-07-25 02:37:00 - INFO:] train_acc: 90.8206%, train_loss: 0.0013
[2023-07-25 02:37:00 - INFO:] test_acc: 90.3962%, test_loss: 0.0013
[2023-07-25 02:37:00 - INFO:] max_train_acc: 0.9083
[2023-07-25 02:37:00 - INFO:] max_test_acc: 0.9045
[2023-07-25 02:37:00 - INFO:] max_lr: 0.0000, min_lr: 0.0000
[2023-07-25 02:37:00 - INFO:] ======================================
[2023-07-25 02:39:29 - INFO:] epoch: 136/200
[2023-07-25 02:39:29 - INFO:] learning_rate: 0.0000
[2023-07-25 02:39:29 - INFO:] train_acc: 90.8185%, train_loss: 0.0013
[2023-07-25 02:39:29 - INFO:] test_acc: 90.4092%, test_loss: 0.0013
[2023-07-25 02:39:29 - INFO:] max_train_acc: 0.9083
[2023-07-25 02:39:29 - INFO:] max_test_acc: 0.9045
[2023-07-25 02:39:29 - INFO:] max_lr: 0.0000, min_lr: 0.0000
[2023-07-25 02:39:29 - INFO:] ======================================
[2023-07-25 02:41:57 - INFO:] epoch: 137/200
[2023-07-25 02:41:57 - INFO:] learning_rate: 0.0000
[2023-07-25 02:41:57 - INFO:] train_acc: 90.8216%, train_loss: 0.0013
[2023-07-25 02:41:57 - INFO:] test_acc: 90.3700%, test_loss: 0.0013
[2023-07-25 02:41:57 - INFO:] max_train_acc: 0.9083
[2023-07-25 02:41:57 - INFO:] max_test_acc: 0.9045
[2023-07-25 02:41:57 - INFO:] max_lr: 0.0000, min_lr: 0.0000
[2023-07-25 02:41:57 - INFO:] ======================================
[2023-07-25 02:44:25 - INFO:] epoch: 138/200
[2023-07-25 02:44:25 - INFO:] learning_rate: 0.0000
[2023-07-25 02:44:25 - INFO:] train_acc: 90.8121%, train_loss: 0.0013
[2023-07-25 02:44:25 - INFO:] test_acc: 90.3875%, test_loss: 0.0013
[2023-07-25 02:44:25 - INFO:] max_train_acc: 0.9083
[2023-07-25 02:44:25 - INFO:] max_test_acc: 0.9045
[2023-07-25 02:44:25 - INFO:] max_lr: 0.0000, min_lr: 0.0000
[2023-07-25 02:44:25 - INFO:] ======================================
[2023-07-25 02:46:54 - INFO:] epoch: 139/200
[2023-07-25 02:46:54 - INFO:] learning_rate: 0.0000
[2023-07-25 02:46:54 - INFO:] train_acc: 90.8121%, train_loss: 0.0013
[2023-07-25 02:46:54 - INFO:] test_acc: 90.4179%, test_loss: 0.0013
[2023-07-25 02:46:54 - INFO:] max_train_acc: 0.9083
[2023-07-25 02:46:54 - INFO:] max_test_acc: 0.9045
[2023-07-25 02:46:54 - INFO:] max_lr: 0.0000, min_lr: 0.0000
[2023-07-25 02:46:54 - INFO:] ======================================
[2023-07-25 02:49:22 - INFO:] epoch: 140/200
[2023-07-25 02:49:22 - INFO:] learning_rate: 0.0000
[2023-07-25 02:49:22 - INFO:] train_acc: 90.8153%, train_loss: 0.0013
[2023-07-25 02:49:22 - INFO:] test_acc: 90.3700%, test_loss: 0.0013
[2023-07-25 02:49:22 - INFO:] max_train_acc: 0.9083
[2023-07-25 02:49:22 - INFO:] max_test_acc: 0.9045
[2023-07-25 02:49:22 - INFO:] max_lr: 0.0000, min_lr: 0.0000
[2023-07-25 02:49:22 - INFO:] ======================================
[2023-07-25 02:51:51 - INFO:] epoch: 141/200
[2023-07-25 02:51:51 - INFO:] learning_rate: 0.0000
[2023-07-25 02:51:51 - INFO:] train_acc: 90.8143%, train_loss: 0.0013
[2023-07-25 02:51:51 - INFO:] test_acc: 90.3962%, test_loss: 0.0013
[2023-07-25 02:51:51 - INFO:] max_train_acc: 0.9083
[2023-07-25 02:51:51 - INFO:] max_test_acc: 0.9045
[2023-07-25 02:51:51 - INFO:] max_lr: 0.0000, min_lr: 0.0000
[2023-07-25 02:51:51 - INFO:] ======================================
[2023-07-25 02:54:20 - INFO:] epoch: 142/200
[2023-07-25 02:54:20 - INFO:] learning_rate: 0.0000
[2023-07-25 02:54:20 - INFO:] train_acc: 90.8132%, train_loss: 0.0013
[2023-07-25 02:54:20 - INFO:] test_acc: 90.3875%, test_loss: 0.0013
[2023-07-25 02:54:20 - INFO:] max_train_acc: 0.9083
[2023-07-25 02:54:20 - INFO:] max_test_acc: 0.9045
[2023-07-25 02:54:20 - INFO:] max_lr: 0.0000, min_lr: 0.0000
[2023-07-25 02:54:20 - INFO:] ======================================
[2023-07-25 02:56:48 - INFO:] epoch: 143/200
[2023-07-25 02:56:48 - INFO:] learning_rate: 0.0000
[2023-07-25 02:56:48 - INFO:] train_acc: 90.8206%, train_loss: 0.0013
[2023-07-25 02:56:48 - INFO:] test_acc: 90.4005%, test_loss: 0.0013
[2023-07-25 02:56:48 - INFO:] max_train_acc: 0.9083
[2023-07-25 02:56:48 - INFO:] max_test_acc: 0.9045
[2023-07-25 02:56:48 - INFO:] max_lr: 0.0000, min_lr: 0.0000
[2023-07-25 02:56:48 - INFO:] ======================================
[2023-07-25 02:59:17 - INFO:] epoch: 144/200
[2023-07-25 02:59:17 - INFO:] learning_rate: 0.0000
[2023-07-25 02:59:17 - INFO:] train_acc: 90.8195%, train_loss: 0.0013
[2023-07-25 02:59:17 - INFO:] test_acc: 90.4049%, test_loss: 0.0013
[2023-07-25 02:59:17 - INFO:] max_train_acc: 0.9083
[2023-07-25 02:59:17 - INFO:] max_test_acc: 0.9045
[2023-07-25 02:59:17 - INFO:] max_lr: 0.0000, min_lr: 0.0000
[2023-07-25 02:59:17 - INFO:] ======================================
[2023-07-25 03:01:45 - INFO:] epoch: 145/200
[2023-07-25 03:01:45 - INFO:] learning_rate: 0.0000
[2023-07-25 03:01:45 - INFO:] train_acc: 90.8058%, train_loss: 0.0013
[2023-07-25 03:01:45 - INFO:] test_acc: 90.3962%, test_loss: 0.0013
[2023-07-25 03:01:45 - INFO:] max_train_acc: 0.9083
[2023-07-25 03:01:45 - INFO:] max_test_acc: 0.9045
[2023-07-25 03:01:45 - INFO:] max_lr: 0.0000, min_lr: 0.0000
[2023-07-25 03:01:45 - INFO:] ======================================
[2023-07-25 03:04:14 - INFO:] epoch: 146/200
[2023-07-25 03:04:14 - INFO:] learning_rate: 0.0000
[2023-07-25 03:04:14 - INFO:] train_acc: 90.8132%, train_loss: 0.0013
[2023-07-25 03:04:14 - INFO:] test_acc: 90.4310%, test_loss: 0.0013
[2023-07-25 03:04:14 - INFO:] max_train_acc: 0.9083
[2023-07-25 03:04:14 - INFO:] max_test_acc: 0.9045
[2023-07-25 03:04:14 - INFO:] max_lr: 0.0000, min_lr: 0.0000
[2023-07-25 03:04:14 - INFO:] ======================================
[2023-07-25 03:06:42 - INFO:] epoch: 147/200
[2023-07-25 03:06:42 - INFO:] learning_rate: 0.0000
[2023-07-25 03:06:42 - INFO:] train_acc: 90.8111%, train_loss: 0.0013
[2023-07-25 03:06:42 - INFO:] test_acc: 90.4092%, test_loss: 0.0013
[2023-07-25 03:06:42 - INFO:] max_train_acc: 0.9083
[2023-07-25 03:06:42 - INFO:] max_test_acc: 0.9045
[2023-07-25 03:06:42 - INFO:] max_lr: 0.0000, min_lr: 0.0000
[2023-07-25 03:06:42 - INFO:] ======================================
[2023-07-25 03:09:11 - INFO:] epoch: 148/200
[2023-07-25 03:09:11 - INFO:] learning_rate: 0.0000
[2023-07-25 03:09:11 - INFO:] train_acc: 90.8174%, train_loss: 0.0013
[2023-07-25 03:09:11 - INFO:] test_acc: 90.4528%, test_loss: 0.0013
[2023-07-25 03:09:11 - INFO:] max_train_acc: 0.9083
[2023-07-25 03:09:11 - INFO:] max_test_acc: 0.9045
[2023-07-25 03:09:11 - INFO:] max_lr: 0.0000, min_lr: 0.0000
[2023-07-25 03:09:11 - INFO:] ======================================
[2023-07-25 03:11:39 - INFO:] epoch: 149/200
[2023-07-25 03:11:39 - INFO:] learning_rate: 0.0000
[2023-07-25 03:11:39 - INFO:] train_acc: 90.8111%, train_loss: 0.0013
[2023-07-25 03:11:39 - INFO:] test_acc: 90.3962%, test_loss: 0.0013
[2023-07-25 03:11:39 - INFO:] max_train_acc: 0.9083
[2023-07-25 03:11:39 - INFO:] max_test_acc: 0.9045
[2023-07-25 03:11:39 - INFO:] max_lr: 0.0000, min_lr: 0.0000
[2023-07-25 03:11:39 - INFO:] ======================================
[2023-07-25 03:14:08 - INFO:] epoch: 150/200
[2023-07-25 03:14:08 - INFO:] learning_rate: 0.0000
[2023-07-25 03:14:08 - INFO:] train_acc: 90.8174%, train_loss: 0.0013
[2023-07-25 03:14:08 - INFO:] test_acc: 90.3918%, test_loss: 0.0013
[2023-07-25 03:14:08 - INFO:] max_train_acc: 0.9083
[2023-07-25 03:14:08 - INFO:] max_test_acc: 0.9045
[2023-07-25 03:14:08 - INFO:] max_lr: 0.0000, min_lr: 0.0000
[2023-07-25 03:14:08 - INFO:] ======================================
[2023-07-25 03:16:37 - INFO:] epoch: 151/200
[2023-07-25 03:16:37 - INFO:] learning_rate: 0.0000
[2023-07-25 03:16:37 - INFO:] train_acc: 90.8248%, train_loss: 0.0013
[2023-07-25 03:16:37 - INFO:] test_acc: 90.4005%, test_loss: 0.0013
[2023-07-25 03:16:37 - INFO:] max_train_acc: 0.9083
[2023-07-25 03:16:37 - INFO:] max_test_acc: 0.9045
[2023-07-25 03:16:37 - INFO:] max_lr: 0.0000, min_lr: 0.0000
[2023-07-25 03:16:37 - INFO:] ======================================
[2023-07-25 03:19:06 - INFO:] epoch: 152/200
[2023-07-25 03:19:06 - INFO:] learning_rate: 0.0000
[2023-07-25 03:19:06 - INFO:] train_acc: 90.8143%, train_loss: 0.0013
[2023-07-25 03:19:06 - INFO:] test_acc: 90.3962%, test_loss: 0.0013
[2023-07-25 03:19:06 - INFO:] max_train_acc: 0.9083
[2023-07-25 03:19:06 - INFO:] max_test_acc: 0.9045
[2023-07-25 03:19:06 - INFO:] max_lr: 0.0000, min_lr: 0.0000
[2023-07-25 03:19:06 - INFO:] ======================================
[2023-07-25 03:21:35 - INFO:] epoch: 153/200
[2023-07-25 03:21:35 - INFO:] learning_rate: 0.0000
[2023-07-25 03:21:35 - INFO:] train_acc: 90.8153%, train_loss: 0.0013
[2023-07-25 03:21:35 - INFO:] test_acc: 90.4310%, test_loss: 0.0013
[2023-07-25 03:21:35 - INFO:] max_train_acc: 0.9083
[2023-07-25 03:21:35 - INFO:] max_test_acc: 0.9045
[2023-07-25 03:21:35 - INFO:] max_lr: 0.0000, min_lr: 0.0000
[2023-07-25 03:21:35 - INFO:] ======================================
[2023-07-25 03:24:04 - INFO:] epoch: 154/200
[2023-07-25 03:24:04 - INFO:] learning_rate: 0.0000
[2023-07-25 03:24:04 - INFO:] train_acc: 90.8153%, train_loss: 0.0013
[2023-07-25 03:24:04 - INFO:] test_acc: 90.3918%, test_loss: 0.0013
[2023-07-25 03:24:04 - INFO:] max_train_acc: 0.9083
[2023-07-25 03:24:04 - INFO:] max_test_acc: 0.9045
[2023-07-25 03:24:04 - INFO:] max_lr: 0.0000, min_lr: 0.0000
[2023-07-25 03:24:04 - INFO:] ======================================
[2023-07-25 03:26:32 - INFO:] epoch: 155/200
[2023-07-25 03:26:32 - INFO:] learning_rate: 0.0000
[2023-07-25 03:26:32 - INFO:] train_acc: 90.8164%, train_loss: 0.0013
[2023-07-25 03:26:32 - INFO:] test_acc: 90.3831%, test_loss: 0.0013
[2023-07-25 03:26:32 - INFO:] max_train_acc: 0.9083
[2023-07-25 03:26:32 - INFO:] max_test_acc: 0.9045
[2023-07-25 03:26:32 - INFO:] max_lr: 0.0000, min_lr: 0.0000
[2023-07-25 03:26:32 - INFO:] ======================================
[2023-07-25 03:29:00 - INFO:] epoch: 156/200
[2023-07-25 03:29:00 - INFO:] learning_rate: 0.0000
[2023-07-25 03:29:00 - INFO:] train_acc: 90.8121%, train_loss: 0.0013
[2023-07-25 03:29:00 - INFO:] test_acc: 90.3831%, test_loss: 0.0013
[2023-07-25 03:29:00 - INFO:] max_train_acc: 0.9083
[2023-07-25 03:29:00 - INFO:] max_test_acc: 0.9045
[2023-07-25 03:29:00 - INFO:] max_lr: 0.0000, min_lr: 0.0000
[2023-07-25 03:29:00 - INFO:] ======================================
[2023-07-25 03:31:28 - INFO:] epoch: 157/200
[2023-07-25 03:31:28 - INFO:] learning_rate: 0.0000
[2023-07-25 03:31:28 - INFO:] train_acc: 90.8269%, train_loss: 0.0013
[2023-07-25 03:31:28 - INFO:] test_acc: 90.4092%, test_loss: 0.0013
[2023-07-25 03:31:28 - INFO:] max_train_acc: 0.9083
[2023-07-25 03:31:28 - INFO:] max_test_acc: 0.9045
[2023-07-25 03:31:28 - INFO:] max_lr: 0.0000, min_lr: 0.0000
[2023-07-25 03:31:28 - INFO:] ======================================
[2023-07-25 03:33:57 - INFO:] epoch: 158/200
[2023-07-25 03:33:57 - INFO:] learning_rate: 0.0000
[2023-07-25 03:33:57 - INFO:] train_acc: 90.8132%, train_loss: 0.0013
[2023-07-25 03:33:57 - INFO:] test_acc: 90.3918%, test_loss: 0.0013
[2023-07-25 03:33:57 - INFO:] max_train_acc: 0.9083
[2023-07-25 03:33:57 - INFO:] max_test_acc: 0.9045
[2023-07-25 03:33:57 - INFO:] max_lr: 0.0000, min_lr: 0.0000
[2023-07-25 03:33:57 - INFO:] ======================================
[2023-07-25 03:36:25 - INFO:] epoch: 159/200
[2023-07-25 03:36:25 - INFO:] learning_rate: 0.0000
[2023-07-25 03:36:25 - INFO:] train_acc: 90.8185%, train_loss: 0.0013
[2023-07-25 03:36:25 - INFO:] test_acc: 90.3918%, test_loss: 0.0013
[2023-07-25 03:36:25 - INFO:] max_train_acc: 0.9083
[2023-07-25 03:36:25 - INFO:] max_test_acc: 0.9045
[2023-07-25 03:36:25 - INFO:] max_lr: 0.0000, min_lr: 0.0000
[2023-07-25 03:36:25 - INFO:] ======================================
[2023-07-25 03:38:53 - INFO:] epoch: 160/200
[2023-07-25 03:38:53 - INFO:] learning_rate: 0.0000
[2023-07-25 03:38:53 - INFO:] train_acc: 90.8206%, train_loss: 0.0013
[2023-07-25 03:38:53 - INFO:] test_acc: 90.4136%, test_loss: 0.0013
[2023-07-25 03:38:53 - INFO:] max_train_acc: 0.9083
[2023-07-25 03:38:53 - INFO:] max_test_acc: 0.9045
[2023-07-25 03:38:53 - INFO:] max_lr: 0.0000, min_lr: 0.0000
[2023-07-25 03:38:53 - INFO:] ======================================
[2023-07-25 03:41:22 - INFO:] epoch: 161/200
[2023-07-25 03:41:22 - INFO:] learning_rate: 0.0000
[2023-07-25 03:41:22 - INFO:] train_acc: 90.8216%, train_loss: 0.0013
[2023-07-25 03:41:22 - INFO:] test_acc: 90.4092%, test_loss: 0.0013
[2023-07-25 03:41:22 - INFO:] max_train_acc: 0.9083
[2023-07-25 03:41:22 - INFO:] max_test_acc: 0.9045
[2023-07-25 03:41:22 - INFO:] max_lr: 0.0000, min_lr: 0.0000
[2023-07-25 03:41:22 - INFO:] ======================================
[2023-07-25 03:43:50 - INFO:] epoch: 162/200
[2023-07-25 03:43:50 - INFO:] learning_rate: 0.0000
[2023-07-25 03:43:50 - INFO:] train_acc: 90.8290%, train_loss: 0.0013
[2023-07-25 03:43:50 - INFO:] test_acc: 90.4310%, test_loss: 0.0013
[2023-07-25 03:43:50 - INFO:] max_train_acc: 0.9083
[2023-07-25 03:43:50 - INFO:] max_test_acc: 0.9045
[2023-07-25 03:43:50 - INFO:] max_lr: 0.0000, min_lr: 0.0000
[2023-07-25 03:43:50 - INFO:] ======================================
[2023-07-25 03:46:18 - INFO:] epoch: 163/200
[2023-07-25 03:46:18 - INFO:] learning_rate: 0.0000
[2023-07-25 03:46:18 - INFO:] train_acc: 90.8238%, train_loss: 0.0013
[2023-07-25 03:46:18 - INFO:] test_acc: 90.4092%, test_loss: 0.0013
[2023-07-25 03:46:18 - INFO:] max_train_acc: 0.9083
[2023-07-25 03:46:18 - INFO:] max_test_acc: 0.9045
[2023-07-25 03:46:18 - INFO:] max_lr: 0.0000, min_lr: 0.0000
[2023-07-25 03:46:18 - INFO:] ======================================
[2023-07-25 03:48:47 - INFO:] epoch: 164/200
[2023-07-25 03:48:47 - INFO:] learning_rate: 0.0000
[2023-07-25 03:48:47 - INFO:] train_acc: 90.8248%, train_loss: 0.0013
[2023-07-25 03:48:47 - INFO:] test_acc: 90.4397%, test_loss: 0.0013
[2023-07-25 03:48:47 - INFO:] max_train_acc: 0.9083
[2023-07-25 03:48:47 - INFO:] max_test_acc: 0.9045
[2023-07-25 03:48:47 - INFO:] max_lr: 0.0000, min_lr: 0.0000
[2023-07-25 03:48:47 - INFO:] ======================================
[2023-07-25 03:51:15 - INFO:] epoch: 165/200
[2023-07-25 03:51:15 - INFO:] learning_rate: 0.0000
[2023-07-25 03:51:15 - INFO:] train_acc: 90.8195%, train_loss: 0.0013
[2023-07-25 03:51:15 - INFO:] test_acc: 90.4745%, test_loss: 0.0013
[2023-07-25 03:51:15 - INFO:] max_train_acc: 0.9083
[2023-07-25 03:51:15 - INFO:] max_test_acc: 0.9047
[2023-07-25 03:51:15 - INFO:] max_lr: 0.0000, min_lr: 0.0000
[2023-07-25 03:51:15 - INFO:] ======================================
[2023-07-25 03:53:43 - INFO:] epoch: 166/200
[2023-07-25 03:53:43 - INFO:] learning_rate: 0.0000
[2023-07-25 03:53:43 - INFO:] train_acc: 90.8354%, train_loss: 0.0013
[2023-07-25 03:53:43 - INFO:] test_acc: 90.4919%, test_loss: 0.0013
[2023-07-25 03:53:43 - INFO:] max_train_acc: 0.9084
[2023-07-25 03:53:43 - INFO:] max_test_acc: 0.9049
[2023-07-25 03:53:43 - INFO:] max_lr: 0.0000, min_lr: 0.0000
[2023-07-25 03:53:43 - INFO:] ======================================
[2023-07-25 03:56:11 - INFO:] epoch: 167/200
[2023-07-25 03:56:11 - INFO:] learning_rate: 0.0000
[2023-07-25 03:56:11 - INFO:] train_acc: 90.8238%, train_loss: 0.0013
[2023-07-25 03:56:11 - INFO:] test_acc: 90.4571%, test_loss: 0.0013
[2023-07-25 03:56:11 - INFO:] max_train_acc: 0.9084
[2023-07-25 03:56:11 - INFO:] max_test_acc: 0.9049
[2023-07-25 03:56:11 - INFO:] max_lr: 0.0000, min_lr: 0.0000
[2023-07-25 03:56:11 - INFO:] ======================================
[2023-07-25 03:58:39 - INFO:] epoch: 168/200
[2023-07-25 03:58:39 - INFO:] learning_rate: 0.0000
[2023-07-25 03:58:39 - INFO:] train_acc: 90.8301%, train_loss: 0.0013
[2023-07-25 03:58:39 - INFO:] test_acc: 90.4441%, test_loss: 0.0013
[2023-07-25 03:58:39 - INFO:] max_train_acc: 0.9084
[2023-07-25 03:58:39 - INFO:] max_test_acc: 0.9049
[2023-07-25 03:58:39 - INFO:] max_lr: 0.0000, min_lr: 0.0000
[2023-07-25 03:58:39 - INFO:] ======================================
[2023-07-25 04:01:08 - INFO:] epoch: 169/200
[2023-07-25 04:01:08 - INFO:] learning_rate: 0.0000
[2023-07-25 04:01:08 - INFO:] train_acc: 90.8238%, train_loss: 0.0013
[2023-07-25 04:01:08 - INFO:] test_acc: 90.4179%, test_loss: 0.0013
[2023-07-25 04:01:08 - INFO:] max_train_acc: 0.9084
[2023-07-25 04:01:08 - INFO:] max_test_acc: 0.9049
[2023-07-25 04:01:08 - INFO:] max_lr: 0.0000, min_lr: 0.0000
[2023-07-25 04:01:08 - INFO:] ======================================
[2023-07-25 04:03:36 - INFO:] epoch: 170/200
[2023-07-25 04:03:36 - INFO:] learning_rate: 0.0000
[2023-07-25 04:03:36 - INFO:] train_acc: 90.8312%, train_loss: 0.0013
[2023-07-25 04:03:36 - INFO:] test_acc: 90.4571%, test_loss: 0.0013
[2023-07-25 04:03:36 - INFO:] max_train_acc: 0.9084
[2023-07-25 04:03:36 - INFO:] max_test_acc: 0.9049
[2023-07-25 04:03:36 - INFO:] max_lr: 0.0000, min_lr: 0.0000
[2023-07-25 04:03:36 - INFO:] ======================================
[2023-07-25 04:06:04 - INFO:] epoch: 171/200
[2023-07-25 04:06:04 - INFO:] learning_rate: 0.0000
[2023-07-25 04:06:04 - INFO:] train_acc: 90.8174%, train_loss: 0.0013
[2023-07-25 04:06:04 - INFO:] test_acc: 90.4397%, test_loss: 0.0013
[2023-07-25 04:06:04 - INFO:] max_train_acc: 0.9084
[2023-07-25 04:06:04 - INFO:] max_test_acc: 0.9049
[2023-07-25 04:06:04 - INFO:] max_lr: 0.0000, min_lr: 0.0000
[2023-07-25 04:06:04 - INFO:] ======================================
[2023-07-25 04:08:32 - INFO:] epoch: 172/200
[2023-07-25 04:08:32 - INFO:] learning_rate: 0.0000
[2023-07-25 04:08:32 - INFO:] train_acc: 90.8354%, train_loss: 0.0013
[2023-07-25 04:08:32 - INFO:] test_acc: 90.4528%, test_loss: 0.0013
[2023-07-25 04:08:32 - INFO:] max_train_acc: 0.9084
[2023-07-25 04:08:32 - INFO:] max_test_acc: 0.9049
[2023-07-25 04:08:32 - INFO:] max_lr: 0.0000, min_lr: 0.0000
[2023-07-25 04:08:32 - INFO:] ======================================
[2023-07-25 04:11:00 - INFO:] epoch: 173/200
[2023-07-25 04:11:00 - INFO:] learning_rate: 0.0000
[2023-07-25 04:11:00 - INFO:] train_acc: 90.8301%, train_loss: 0.0013
[2023-07-25 04:11:00 - INFO:] test_acc: 90.4484%, test_loss: 0.0013
[2023-07-25 04:11:00 - INFO:] max_train_acc: 0.9084
[2023-07-25 04:11:00 - INFO:] max_test_acc: 0.9049
[2023-07-25 04:11:00 - INFO:] max_lr: 0.0000, min_lr: 0.0000
[2023-07-25 04:11:00 - INFO:] ======================================
[2023-07-25 04:13:29 - INFO:] epoch: 174/200
[2023-07-25 04:13:29 - INFO:] learning_rate: 0.0000
[2023-07-25 04:13:29 - INFO:] train_acc: 90.8343%, train_loss: 0.0013
[2023-07-25 04:13:29 - INFO:] test_acc: 90.4702%, test_loss: 0.0013
[2023-07-25 04:13:29 - INFO:] max_train_acc: 0.9084
[2023-07-25 04:13:29 - INFO:] max_test_acc: 0.9049
[2023-07-25 04:13:29 - INFO:] max_lr: 0.0000, min_lr: 0.0000
[2023-07-25 04:13:29 - INFO:] ======================================
[2023-07-25 04:15:57 - INFO:] epoch: 175/200
[2023-07-25 04:15:57 - INFO:] learning_rate: 0.0000
[2023-07-25 04:15:57 - INFO:] train_acc: 90.8259%, train_loss: 0.0013
[2023-07-25 04:15:57 - INFO:] test_acc: 90.4441%, test_loss: 0.0013
[2023-07-25 04:15:57 - INFO:] max_train_acc: 0.9084
[2023-07-25 04:15:57 - INFO:] max_test_acc: 0.9049
[2023-07-25 04:15:57 - INFO:] max_lr: 0.0000, min_lr: 0.0000
[2023-07-25 04:15:57 - INFO:] ======================================
[2023-07-25 04:18:25 - INFO:] epoch: 176/200
[2023-07-25 04:18:25 - INFO:] learning_rate: 0.0000
[2023-07-25 04:18:25 - INFO:] train_acc: 90.8280%, train_loss: 0.0013
[2023-07-25 04:18:25 - INFO:] test_acc: 90.4484%, test_loss: 0.0013
[2023-07-25 04:18:25 - INFO:] max_train_acc: 0.9084
[2023-07-25 04:18:25 - INFO:] max_test_acc: 0.9049
[2023-07-25 04:18:25 - INFO:] max_lr: 0.0000, min_lr: 0.0000
[2023-07-25 04:18:25 - INFO:] ======================================
[2023-07-25 04:20:54 - INFO:] epoch: 177/200
[2023-07-25 04:20:54 - INFO:] learning_rate: 0.0000
[2023-07-25 04:20:54 - INFO:] train_acc: 90.8322%, train_loss: 0.0013
[2023-07-25 04:20:54 - INFO:] test_acc: 90.4441%, test_loss: 0.0013
[2023-07-25 04:20:54 - INFO:] max_train_acc: 0.9084
[2023-07-25 04:20:54 - INFO:] max_test_acc: 0.9049
[2023-07-25 04:20:54 - INFO:] max_lr: 0.0000, min_lr: 0.0000
[2023-07-25 04:20:54 - INFO:] ======================================
[2023-07-25 04:23:22 - INFO:] epoch: 178/200
[2023-07-25 04:23:22 - INFO:] learning_rate: 0.0000
[2023-07-25 04:23:22 - INFO:] train_acc: 90.8216%, train_loss: 0.0013
[2023-07-25 04:23:22 - INFO:] test_acc: 90.4005%, test_loss: 0.0013
[2023-07-25 04:23:22 - INFO:] max_train_acc: 0.9084
[2023-07-25 04:23:22 - INFO:] max_test_acc: 0.9049
[2023-07-25 04:23:22 - INFO:] max_lr: 0.0000, min_lr: 0.0000
[2023-07-25 04:23:22 - INFO:] ======================================
[2023-07-25 04:25:50 - INFO:] epoch: 179/200
[2023-07-25 04:25:50 - INFO:] learning_rate: 0.0000
[2023-07-25 04:25:50 - INFO:] train_acc: 90.8385%, train_loss: 0.0013
[2023-07-25 04:25:50 - INFO:] test_acc: 90.4397%, test_loss: 0.0013
[2023-07-25 04:25:50 - INFO:] max_train_acc: 0.9084
[2023-07-25 04:25:50 - INFO:] max_test_acc: 0.9049
[2023-07-25 04:25:50 - INFO:] max_lr: 0.0000, min_lr: 0.0000
[2023-07-25 04:25:50 - INFO:] ======================================
[2023-07-25 04:28:18 - INFO:] epoch: 180/200
[2023-07-25 04:28:18 - INFO:] learning_rate: 0.0000
[2023-07-25 04:28:18 - INFO:] train_acc: 90.8375%, train_loss: 0.0013
[2023-07-25 04:28:19 - INFO:] test_acc: 90.4223%, test_loss: 0.0013
[2023-07-25 04:28:19 - INFO:] max_train_acc: 0.9084
[2023-07-25 04:28:19 - INFO:] max_test_acc: 0.9049
[2023-07-25 04:28:19 - INFO:] max_lr: 0.0000, min_lr: 0.0000
[2023-07-25 04:28:19 - INFO:] ======================================
[2023-07-25 04:30:47 - INFO:] epoch: 181/200
[2023-07-25 04:30:47 - INFO:] learning_rate: 0.0000
[2023-07-25 04:30:47 - INFO:] train_acc: 90.8195%, train_loss: 0.0013
[2023-07-25 04:30:47 - INFO:] test_acc: 90.4136%, test_loss: 0.0013
[2023-07-25 04:30:47 - INFO:] max_train_acc: 0.9084
[2023-07-25 04:30:47 - INFO:] max_test_acc: 0.9049
[2023-07-25 04:30:47 - INFO:] max_lr: 0.0000, min_lr: 0.0000
[2023-07-25 04:30:47 - INFO:] ======================================
[2023-07-25 04:33:15 - INFO:] epoch: 182/200
[2023-07-25 04:33:15 - INFO:] learning_rate: 0.0000
[2023-07-25 04:33:15 - INFO:] train_acc: 90.8554%, train_loss: 0.0013
[2023-07-25 04:33:15 - INFO:] test_acc: 90.3918%, test_loss: 0.0013
[2023-07-25 04:33:15 - INFO:] max_train_acc: 0.9086
[2023-07-25 04:33:15 - INFO:] max_test_acc: 0.9049
[2023-07-25 04:33:15 - INFO:] max_lr: 0.0000, min_lr: 0.0000
[2023-07-25 04:33:15 - INFO:] ======================================
[2023-07-25 04:35:43 - INFO:] epoch: 183/200
[2023-07-25 04:35:43 - INFO:] learning_rate: 0.0000
[2023-07-25 04:35:43 - INFO:] train_acc: 90.8248%, train_loss: 0.0013
[2023-07-25 04:35:43 - INFO:] test_acc: 90.3875%, test_loss: 0.0013
[2023-07-25 04:35:43 - INFO:] max_train_acc: 0.9086
[2023-07-25 04:35:43 - INFO:] max_test_acc: 0.9049
[2023-07-25 04:35:43 - INFO:] max_lr: 0.0000, min_lr: 0.0000
[2023-07-25 04:35:43 - INFO:] ======================================
[2023-07-25 04:38:11 - INFO:] epoch: 184/200
[2023-07-25 04:38:11 - INFO:] learning_rate: 0.0000
[2023-07-25 04:38:11 - INFO:] train_acc: 90.8396%, train_loss: 0.0013
[2023-07-25 04:38:11 - INFO:] test_acc: 90.4092%, test_loss: 0.0013
[2023-07-25 04:38:11 - INFO:] max_train_acc: 0.9086
[2023-07-25 04:38:11 - INFO:] max_test_acc: 0.9049
[2023-07-25 04:38:11 - INFO:] max_lr: 0.0000, min_lr: 0.0000
[2023-07-25 04:38:11 - INFO:] ======================================
[2023-07-25 04:40:40 - INFO:] epoch: 185/200
[2023-07-25 04:40:40 - INFO:] learning_rate: 0.0000
[2023-07-25 04:40:40 - INFO:] train_acc: 90.8438%, train_loss: 0.0013
[2023-07-25 04:40:40 - INFO:] test_acc: 90.4092%, test_loss: 0.0013
[2023-07-25 04:40:40 - INFO:] max_train_acc: 0.9086
[2023-07-25 04:40:40 - INFO:] max_test_acc: 0.9049
[2023-07-25 04:40:40 - INFO:] max_lr: 0.0000, min_lr: 0.0000
[2023-07-25 04:40:40 - INFO:] ======================================
[2023-07-25 04:43:08 - INFO:] epoch: 186/200
[2023-07-25 04:43:08 - INFO:] learning_rate: 0.0000
[2023-07-25 04:43:08 - INFO:] train_acc: 90.8354%, train_loss: 0.0013
[2023-07-25 04:43:08 - INFO:] test_acc: 90.3875%, test_loss: 0.0013
[2023-07-25 04:43:08 - INFO:] max_train_acc: 0.9086
[2023-07-25 04:43:08 - INFO:] max_test_acc: 0.9049
[2023-07-25 04:43:08 - INFO:] max_lr: 0.0000, min_lr: 0.0000
[2023-07-25 04:43:08 - INFO:] ======================================
[2023-07-25 04:45:36 - INFO:] epoch: 187/200
[2023-07-25 04:45:36 - INFO:] learning_rate: 0.0000
[2023-07-25 04:45:36 - INFO:] train_acc: 90.8523%, train_loss: 0.0013
[2023-07-25 04:45:36 - INFO:] test_acc: 90.3788%, test_loss: 0.0013
[2023-07-25 04:45:36 - INFO:] max_train_acc: 0.9086
[2023-07-25 04:45:36 - INFO:] max_test_acc: 0.9049
[2023-07-25 04:45:36 - INFO:] max_lr: 0.0000, min_lr: 0.0000
[2023-07-25 04:45:36 - INFO:] ======================================
[2023-07-25 04:48:05 - INFO:] epoch: 188/200
[2023-07-25 04:48:05 - INFO:] learning_rate: 0.0000
[2023-07-25 04:48:05 - INFO:] train_acc: 90.8533%, train_loss: 0.0013
[2023-07-25 04:48:05 - INFO:] test_acc: 90.3918%, test_loss: 0.0013
[2023-07-25 04:48:05 - INFO:] max_train_acc: 0.9086
[2023-07-25 04:48:05 - INFO:] max_test_acc: 0.9049
[2023-07-25 04:48:05 - INFO:] max_lr: 0.0000, min_lr: 0.0000
[2023-07-25 04:48:05 - INFO:] ======================================
[2023-07-25 04:50:33 - INFO:] epoch: 189/200
[2023-07-25 04:50:33 - INFO:] learning_rate: 0.0000
[2023-07-25 04:50:33 - INFO:] train_acc: 90.8354%, train_loss: 0.0013
[2023-07-25 04:50:33 - INFO:] test_acc: 90.3875%, test_loss: 0.0013
[2023-07-25 04:50:33 - INFO:] max_train_acc: 0.9086
[2023-07-25 04:50:33 - INFO:] max_test_acc: 0.9049
[2023-07-25 04:50:33 - INFO:] max_lr: 0.0000, min_lr: 0.0000
[2023-07-25 04:50:33 - INFO:] ======================================
[2023-07-25 04:53:02 - INFO:] epoch: 190/200
[2023-07-25 04:53:02 - INFO:] learning_rate: 0.0000
[2023-07-25 04:53:02 - INFO:] train_acc: 90.8290%, train_loss: 0.0013
[2023-07-25 04:53:02 - INFO:] test_acc: 90.3875%, test_loss: 0.0013
[2023-07-25 04:53:02 - INFO:] max_train_acc: 0.9086
[2023-07-25 04:53:02 - INFO:] max_test_acc: 0.9049
[2023-07-25 04:53:02 - INFO:] max_lr: 0.0000, min_lr: 0.0000
[2023-07-25 04:53:02 - INFO:] ======================================
[2023-07-25 04:55:30 - INFO:] epoch: 191/200
[2023-07-25 04:55:30 - INFO:] learning_rate: 0.0000
[2023-07-25 04:55:30 - INFO:] train_acc: 90.8407%, train_loss: 0.0013
[2023-07-25 04:55:30 - INFO:] test_acc: 90.3918%, test_loss: 0.0013
[2023-07-25 04:55:30 - INFO:] max_train_acc: 0.9086
[2023-07-25 04:55:30 - INFO:] max_test_acc: 0.9049
[2023-07-25 04:55:30 - INFO:] max_lr: 0.0000, min_lr: 0.0000
[2023-07-25 04:55:30 - INFO:] ======================================
[2023-07-25 04:57:58 - INFO:] epoch: 192/200
[2023-07-25 04:57:58 - INFO:] learning_rate: 0.0000
[2023-07-25 04:57:58 - INFO:] train_acc: 90.8248%, train_loss: 0.0013
[2023-07-25 04:57:58 - INFO:] test_acc: 90.3962%, test_loss: 0.0013
[2023-07-25 04:57:58 - INFO:] max_train_acc: 0.9086
[2023-07-25 04:57:58 - INFO:] max_test_acc: 0.9049
[2023-07-25 04:57:58 - INFO:] max_lr: 0.0000, min_lr: 0.0000
[2023-07-25 04:57:58 - INFO:] ======================================
[2023-07-25 05:00:27 - INFO:] epoch: 193/200
[2023-07-25 05:00:27 - INFO:] learning_rate: 0.0000
[2023-07-25 05:00:27 - INFO:] train_acc: 90.8385%, train_loss: 0.0013
[2023-07-25 05:00:27 - INFO:] test_acc: 90.4005%, test_loss: 0.0013
[2023-07-25 05:00:27 - INFO:] max_train_acc: 0.9086
[2023-07-25 05:00:27 - INFO:] max_test_acc: 0.9049
[2023-07-25 05:00:27 - INFO:] max_lr: 0.0000, min_lr: 0.0000
[2023-07-25 05:00:27 - INFO:] ======================================
[2023-07-25 05:02:55 - INFO:] epoch: 194/200
[2023-07-25 05:02:55 - INFO:] learning_rate: 0.0000
[2023-07-25 05:02:55 - INFO:] train_acc: 90.8544%, train_loss: 0.0013
[2023-07-25 05:02:55 - INFO:] test_acc: 90.3788%, test_loss: 0.0013
[2023-07-25 05:02:55 - INFO:] max_train_acc: 0.9086
[2023-07-25 05:02:55 - INFO:] max_test_acc: 0.9049
[2023-07-25 05:02:55 - INFO:] max_lr: 0.0000, min_lr: 0.0000
[2023-07-25 05:02:55 - INFO:] ======================================
[2023-07-25 05:05:24 - INFO:] epoch: 195/200
[2023-07-25 05:05:24 - INFO:] learning_rate: 0.0000
[2023-07-25 05:05:24 - INFO:] train_acc: 90.8575%, train_loss: 0.0013
[2023-07-25 05:05:24 - INFO:] test_acc: 90.4049%, test_loss: 0.0013
[2023-07-25 05:05:24 - INFO:] max_train_acc: 0.9086
[2023-07-25 05:05:24 - INFO:] max_test_acc: 0.9049
[2023-07-25 05:05:24 - INFO:] max_lr: 0.0000, min_lr: 0.0000
[2023-07-25 05:05:24 - INFO:] ======================================
[2023-07-25 05:07:52 - INFO:] epoch: 196/200
[2023-07-25 05:07:52 - INFO:] learning_rate: 0.0000
[2023-07-25 05:07:52 - INFO:] train_acc: 90.8428%, train_loss: 0.0013
[2023-07-25 05:07:52 - INFO:] test_acc: 90.3831%, test_loss: 0.0013
[2023-07-25 05:07:52 - INFO:] max_train_acc: 0.9086
[2023-07-25 05:07:52 - INFO:] max_test_acc: 0.9049
[2023-07-25 05:07:52 - INFO:] max_lr: 0.0000, min_lr: 0.0000
[2023-07-25 05:07:52 - INFO:] ======================================
[2023-07-25 05:10:20 - INFO:] epoch: 197/200
[2023-07-25 05:10:20 - INFO:] learning_rate: 0.0000
[2023-07-25 05:10:20 - INFO:] train_acc: 90.8385%, train_loss: 0.0013
[2023-07-25 05:10:20 - INFO:] test_acc: 90.3962%, test_loss: 0.0013
[2023-07-25 05:10:20 - INFO:] max_train_acc: 0.9086
[2023-07-25 05:10:20 - INFO:] max_test_acc: 0.9049
[2023-07-25 05:10:20 - INFO:] max_lr: 0.0000, min_lr: 0.0000
[2023-07-25 05:10:20 - INFO:] ======================================
[2023-07-25 05:12:49 - INFO:] epoch: 198/200
[2023-07-25 05:12:49 - INFO:] learning_rate: 0.0000
[2023-07-25 05:12:49 - INFO:] train_acc: 90.8597%, train_loss: 0.0013
[2023-07-25 05:12:49 - INFO:] test_acc: 90.4092%, test_loss: 0.0013
[2023-07-25 05:12:49 - INFO:] max_train_acc: 0.9086
[2023-07-25 05:12:49 - INFO:] max_test_acc: 0.9049
[2023-07-25 05:12:49 - INFO:] max_lr: 0.0000, min_lr: 0.0000
[2023-07-25 05:12:49 - INFO:] ======================================
[2023-07-25 05:15:17 - INFO:] epoch: 199/200
[2023-07-25 05:15:17 - INFO:] learning_rate: 0.0000
[2023-07-25 05:15:17 - INFO:] train_acc: 90.8280%, train_loss: 0.0013
[2023-07-25 05:15:17 - INFO:] test_acc: 90.3918%, test_loss: 0.0013
[2023-07-25 05:15:17 - INFO:] max_train_acc: 0.9086
[2023-07-25 05:15:17 - INFO:] max_test_acc: 0.9049
[2023-07-25 05:15:17 - INFO:] max_lr: 0.0000, min_lr: 0.0000
[2023-07-25 05:15:17 - INFO:] ======================================
[2023-07-25 05:17:46 - INFO:] epoch: 200/200
[2023-07-25 05:17:46 - INFO:] learning_rate: 0.0000
[2023-07-25 05:17:46 - INFO:] train_acc: 90.8575%, train_loss: 0.0013
[2023-07-25 05:17:46 - INFO:] test_acc: 90.3831%, test_loss: 0.0013
[2023-07-25 05:17:46 - INFO:] max_train_acc: 0.9086
[2023-07-25 05:17:46 - INFO:] max_test_acc: 0.9049
[2023-07-25 05:17:46 - INFO:] max_lr: 0.0000, min_lr: 0.0000
[2023-07-25 05:17:46 - INFO:] ======================================
