[2023-0730 1810 - INFO] <<< BEATs_iter3_plus_AS2M - 1 fc layer >>>
[2023-0730 1810 - INFO] # trainset_size = 17010
[2023-0730 1810 - INFO] # testset_size = 22970
[2023-0730 1810 - INFO] # train_a/p = 8505/8505
[2023-0730 1810 - INFO] # test_a/p = 20920/2050
[2023-0730 1810 - INFO] # batch_size = 128
[2023-0730 1810 - INFO] # learning_rate = 0.001
[2023-0730 1810 - INFO] # num_epochs = 100
[2023-0730 1810 - INFO] # padding_size = 3500
[2023-0730 1810 - INFO] # criterion = CrossEntropyLoss()
[2023-0730 1810 - INFO] # scheduler = None
[2023-0730 1810 - INFO] # optimizer = AdamW (
Parameter Group 0
    amsgrad: False
    betas: (0.9, 0.999)
    capturable: False
    differentiable: False
    eps: 1e-08
    foreach: None
    fused: None
    lr: 0.001
    maximize: False
    weight_decay: 0.01
)
[2023-0730 1810 - INFO] -------------------------------
[2023-0730 1811 - INFO] epoch: 1/100
[2023-0730 1811 - INFO] learning_rate: 0.0010
[2023-0730 1811 - INFO] train_acc: 69.042%, train_loss: 0.0048
[2023-0730 1811 - INFO] test_acc: 71.881%, test_loss: 0.0044  
[2023-0730 1811 - INFO] max_train_acc: 69.042%
[2023-0730 1811 - INFO] max_test_acc: 71.881%
[2023-0730 1811 - INFO] max_lr: 0.0010, min_lr: 0.0010        
[2023-0730 1811 - INFO] ======================================
[2023-0730 1811 - INFO] epoch: 2/100
[2023-0730 1811 - INFO] learning_rate: 0.0010
[2023-0730 1811 - INFO] train_acc: 71.564%, train_loss: 0.0045
[2023-0730 1811 - INFO] test_acc: 77.923%, test_loss: 0.0042
[2023-0730 1811 - INFO] max_train_acc: 71.564%
[2023-0730 1811 - INFO] max_test_acc: 77.923%
[2023-0730 1811 - INFO] max_lr: 0.0010, min_lr: 0.0010
[2023-0730 1811 - INFO] ======================================
[2023-0730 1812 - INFO] epoch: 3/100
[2023-0730 1812 - INFO] learning_rate: 0.0010
[2023-0730 1812 - INFO] train_acc: 73.310%, train_loss: 0.0044
[2023-0730 1812 - INFO] test_acc: 81.054%, test_loss: 0.0039
[2023-0730 1812 - INFO] max_train_acc: 73.310%
[2023-0730 1812 - INFO] max_test_acc: 81.054%
[2023-0730 1812 - INFO] max_lr: 0.0010, min_lr: 0.0010
[2023-0730 1812 - INFO] ======================================
[2023-0730 1813 - INFO] epoch: 4/100
[2023-0730 1813 - INFO] learning_rate: 0.0010
[2023-0730 1813 - INFO] train_acc: 73.839%, train_loss: 0.0044
[2023-0730 1813 - INFO] test_acc: 81.132%, test_loss: 0.0039
[2023-0730 1813 - INFO] max_train_acc: 73.839%
[2023-0730 1813 - INFO] max_test_acc: 81.132%
[2023-0730 1813 - INFO] max_lr: 0.0010, min_lr: 0.0010
[2023-0730 1813 - INFO] ======================================
[2023-0730 1814 - INFO] epoch: 5/100
[2023-0730 1814 - INFO] learning_rate: 0.0010
[2023-0730 1814 - INFO] train_acc: 74.909%, train_loss: 0.0043
[2023-0730 1814 - INFO] test_acc: 80.131%, test_loss: 0.0040
[2023-0730 1814 - INFO] max_train_acc: 74.909%
[2023-0730 1814 - INFO] max_test_acc: 81.132%
[2023-0730 1814 - INFO] max_lr: 0.0010, min_lr: 0.0010
[2023-0730 1814 - INFO] ======================================
[2023-0730 1815 - INFO] epoch: 6/100
[2023-0730 1815 - INFO] learning_rate: 0.0010
[2023-0730 1815 - INFO] train_acc: 74.744%, train_loss: 0.0043
[2023-0730 1815 - INFO] test_acc: 77.553%, test_loss: 0.0041
[2023-0730 1815 - INFO] max_train_acc: 74.909%
[2023-0730 1815 - INFO] max_test_acc: 81.132%
[2023-0730 1815 - INFO] max_lr: 0.0010, min_lr: 0.0010
[2023-0730 1815 - INFO] ======================================
[2023-0730 1816 - INFO] epoch: 7/100
[2023-0730 1816 - INFO] learning_rate: 0.0010
[2023-0730 1816 - INFO] train_acc: 75.091%, train_loss: 0.0043
[2023-0730 1816 - INFO] test_acc: 81.119%, test_loss: 0.0039
[2023-0730 1816 - INFO] max_train_acc: 75.091%
[2023-0730 1816 - INFO] max_test_acc: 81.132%
[2023-0730 1816 - INFO] max_lr: 0.0010, min_lr: 0.0010
[2023-0730 1816 - INFO] ======================================
[2023-0730 1817 - INFO] epoch: 8/100
[2023-0730 1817 - INFO] learning_rate: 0.0010
[2023-0730 1817 - INFO] train_acc: 75.391%, train_loss: 0.0042
[2023-0730 1817 - INFO] test_acc: 81.045%, test_loss: 0.0039
[2023-0730 1817 - INFO] max_train_acc: 75.391%
[2023-0730 1817 - INFO] max_test_acc: 81.132%
[2023-0730 1817 - INFO] max_lr: 0.0010, min_lr: 0.0010
[2023-0730 1817 - INFO] ======================================
[2023-0730 1818 - INFO] epoch: 9/100
[2023-0730 1818 - INFO] learning_rate: 0.0010
[2023-0730 1818 - INFO] train_acc: 75.220%, train_loss: 0.0042
[2023-0730 1818 - INFO] test_acc: 80.270%, test_loss: 0.0039
[2023-0730 1818 - INFO] max_train_acc: 75.391%
[2023-0730 1818 - INFO] max_test_acc: 81.132%
[2023-0730 1818 - INFO] max_lr: 0.0010, min_lr: 0.0010
[2023-0730 1818 - INFO] ======================================
[2023-0730 1819 - INFO] epoch: 10/100
[2023-0730 1819 - INFO] learning_rate: 0.0010
[2023-0730 1819 - INFO] train_acc: 75.644%, train_loss: 0.0042
[2023-0730 1819 - INFO] test_acc: 80.853%, test_loss: 0.0039
[2023-0730 1819 - INFO] max_train_acc: 75.644%
[2023-0730 1819 - INFO] max_test_acc: 81.132%
[2023-0730 1819 - INFO] max_lr: 0.0010, min_lr: 0.0010
[2023-0730 1819 - INFO] ======================================
[2023-0730 1820 - INFO] epoch: 11/100
[2023-0730 1820 - INFO] learning_rate: 0.0010
[2023-0730 1820 - INFO] train_acc: 75.420%, train_loss: 0.0042
[2023-0730 1820 - INFO] test_acc: 81.846%, test_loss: 0.0038
[2023-0730 1820 - INFO] max_train_acc: 75.644%
[2023-0730 1820 - INFO] max_test_acc: 81.846%
[2023-0730 1820 - INFO] max_lr: 0.0010, min_lr: 0.0010
[2023-0730 1820 - INFO] ======================================
[2023-0730 1821 - INFO] epoch: 12/100
[2023-0730 1821 - INFO] learning_rate: 0.0010
[2023-0730 1821 - INFO] train_acc: 75.479%, train_loss: 0.0042
[2023-0730 1821 - INFO] test_acc: 81.245%, test_loss: 0.0038
[2023-0730 1821 - INFO] max_train_acc: 75.644%
[2023-0730 1821 - INFO] max_test_acc: 81.846%
[2023-0730 1821 - INFO] max_lr: 0.0010, min_lr: 0.0010
[2023-0730 1821 - INFO] ======================================
[2023-0730 1822 - INFO] epoch: 13/100
[2023-0730 1822 - INFO] learning_rate: 0.0010
[2023-0730 1822 - INFO] train_acc: 75.309%, train_loss: 0.0042
[2023-0730 1822 - INFO] test_acc: 82.181%, test_loss: 0.0038
[2023-0730 1822 - INFO] max_train_acc: 75.644%
[2023-0730 1822 - INFO] max_test_acc: 82.181%
[2023-0730 1822 - INFO] max_lr: 0.0010, min_lr: 0.0010
[2023-0730 1822 - INFO] ======================================
[2023-0730 1823 - INFO] epoch: 14/100
[2023-0730 1823 - INFO] learning_rate: 0.0010
[2023-0730 1823 - INFO] train_acc: 75.855%, train_loss: 0.0042
[2023-0730 1823 - INFO] test_acc: 79.874%, test_loss: 0.0039
[2023-0730 1823 - INFO] max_train_acc: 75.855%
[2023-0730 1823 - INFO] max_test_acc: 82.181%
[2023-0730 1823 - INFO] max_lr: 0.0010, min_lr: 0.0010
[2023-0730 1823 - INFO] ======================================
[2023-0730 1824 - INFO] epoch: 15/100
[2023-0730 1824 - INFO] learning_rate: 0.0010
[2023-0730 1824 - INFO] train_acc: 75.844%, train_loss: 0.0042
[2023-0730 1824 - INFO] test_acc: 82.912%, test_loss: 0.0037
[2023-0730 1824 - INFO] max_train_acc: 75.855%
[2023-0730 1824 - INFO] max_test_acc: 82.912%
[2023-0730 1824 - INFO] max_lr: 0.0010, min_lr: 0.0010
[2023-0730 1824 - INFO] ======================================
[2023-0730 1825 - INFO] epoch: 16/100
[2023-0730 1825 - INFO] learning_rate: 0.0010
[2023-0730 1825 - INFO] train_acc: 75.220%, train_loss: 0.0042
[2023-0730 1825 - INFO] test_acc: 82.325%, test_loss: 0.0038
[2023-0730 1825 - INFO] max_train_acc: 75.855%
[2023-0730 1825 - INFO] max_test_acc: 82.912%
[2023-0730 1825 - INFO] max_lr: 0.0010, min_lr: 0.0010
[2023-0730 1825 - INFO] ======================================
[2023-0730 1826 - INFO] epoch: 17/100
[2023-0730 1826 - INFO] learning_rate: 0.0010
[2023-0730 1826 - INFO] train_acc: 75.885%, train_loss: 0.0042
[2023-0730 1826 - INFO] test_acc: 83.396%, test_loss: 0.0037
[2023-0730 1826 - INFO] max_train_acc: 75.885%
[2023-0730 1826 - INFO] max_test_acc: 83.396%
[2023-0730 1826 - INFO] max_lr: 0.0010, min_lr: 0.0010
[2023-0730 1826 - INFO] ======================================
[2023-0730 1827 - INFO] epoch: 18/100
[2023-0730 1827 - INFO] learning_rate: 0.0010
[2023-0730 1827 - INFO] train_acc: 75.467%, train_loss: 0.0042
[2023-0730 1827 - INFO] test_acc: 80.779%, test_loss: 0.0039
[2023-0730 1827 - INFO] max_train_acc: 75.885%
[2023-0730 1827 - INFO] max_test_acc: 83.396%
[2023-0730 1827 - INFO] max_lr: 0.0010, min_lr: 0.0010
[2023-0730 1827 - INFO] ======================================
[2023-0730 1827 - INFO] epoch: 19/100
[2023-0730 1827 - INFO] learning_rate: 0.0010
[2023-0730 1827 - INFO] train_acc: 75.855%, train_loss: 0.0042
[2023-0730 1827 - INFO] test_acc: 83.156%, test_loss: 0.0037
[2023-0730 1827 - INFO] max_train_acc: 75.885%
[2023-0730 1827 - INFO] max_test_acc: 83.396%
[2023-0730 1827 - INFO] max_lr: 0.0010, min_lr: 0.0010
[2023-0730 1827 - INFO] ======================================
[2023-0730 1828 - INFO] epoch: 20/100
[2023-0730 1828 - INFO] learning_rate: 0.0010
[2023-0730 1828 - INFO] train_acc: 75.932%, train_loss: 0.0042
[2023-0730 1828 - INFO] test_acc: 80.788%, test_loss: 0.0039
[2023-0730 1828 - INFO] max_train_acc: 75.932%
[2023-0730 1828 - INFO] max_test_acc: 83.396%
[2023-0730 1828 - INFO] max_lr: 0.0010, min_lr: 0.0010
[2023-0730 1828 - INFO] ======================================
[2023-0730 1829 - INFO] epoch: 21/100
[2023-0730 1829 - INFO] learning_rate: 0.0010
[2023-0730 1829 - INFO] train_acc: 75.961%, train_loss: 0.0042
[2023-0730 1829 - INFO] test_acc: 81.589%, test_loss: 0.0038
[2023-0730 1829 - INFO] max_train_acc: 75.961%
[2023-0730 1829 - INFO] max_test_acc: 83.396%
[2023-0730 1829 - INFO] max_lr: 0.0010, min_lr: 0.0010
[2023-0730 1829 - INFO] ======================================
[2023-0730 1830 - INFO] epoch: 22/100
[2023-0730 1830 - INFO] learning_rate: 0.0010
[2023-0730 1830 - INFO] train_acc: 76.149%, train_loss: 0.0042
[2023-0730 1830 - INFO] test_acc: 81.872%, test_loss: 0.0038
[2023-0730 1830 - INFO] max_train_acc: 76.149%
[2023-0730 1830 - INFO] max_test_acc: 83.396%
[2023-0730 1830 - INFO] max_lr: 0.0010, min_lr: 0.0010
[2023-0730 1830 - INFO] ======================================
[2023-0730 1831 - INFO] epoch: 23/100
[2023-0730 1831 - INFO] learning_rate: 0.0010
[2023-0730 1831 - INFO] train_acc: 75.932%, train_loss: 0.0042
[2023-0730 1831 - INFO] test_acc: 82.373%, test_loss: 0.0038
[2023-0730 1831 - INFO] max_train_acc: 76.149%
[2023-0730 1831 - INFO] max_test_acc: 83.396%
[2023-0730 1831 - INFO] max_lr: 0.0010, min_lr: 0.0010
[2023-0730 1831 - INFO] ======================================
[2023-0730 1832 - INFO] epoch: 24/100
[2023-0730 1832 - INFO] learning_rate: 0.0010
[2023-0730 1832 - INFO] train_acc: 75.955%, train_loss: 0.0042
[2023-0730 1832 - INFO] test_acc: 82.865%, test_loss: 0.0037
[2023-0730 1832 - INFO] max_train_acc: 76.149%
[2023-0730 1832 - INFO] max_test_acc: 83.396%
[2023-0730 1832 - INFO] max_lr: 0.0010, min_lr: 0.0010
[2023-0730 1832 - INFO] ======================================
[2023-0730 1833 - INFO] epoch: 25/100
[2023-0730 1833 - INFO] learning_rate: 0.0010
[2023-0730 1833 - INFO] train_acc: 75.703%, train_loss: 0.0042
[2023-0730 1833 - INFO] test_acc: 83.104%, test_loss: 0.0037
[2023-0730 1833 - INFO] max_train_acc: 76.149%
[2023-0730 1833 - INFO] max_test_acc: 83.396%
[2023-0730 1833 - INFO] max_lr: 0.0010, min_lr: 0.0010
[2023-0730 1833 - INFO] ======================================
[2023-0730 1834 - INFO] epoch: 26/100
[2023-0730 1834 - INFO] learning_rate: 0.0010
[2023-0730 1834 - INFO] train_acc: 75.932%, train_loss: 0.0042
[2023-0730 1834 - INFO] test_acc: 83.126%, test_loss: 0.0037
[2023-0730 1834 - INFO] max_train_acc: 76.149%
[2023-0730 1834 - INFO] max_test_acc: 83.396%
[2023-0730 1834 - INFO] max_lr: 0.0010, min_lr: 0.0010
[2023-0730 1834 - INFO] ======================================
[2023-0730 1835 - INFO] epoch: 27/100
[2023-0730 1835 - INFO] learning_rate: 0.0010
[2023-0730 1835 - INFO] train_acc: 76.032%, train_loss: 0.0042
[2023-0730 1835 - INFO] test_acc: 81.384%, test_loss: 0.0038
[2023-0730 1835 - INFO] max_train_acc: 76.149%
[2023-0730 1835 - INFO] max_test_acc: 83.396%
[2023-0730 1835 - INFO] max_lr: 0.0010, min_lr: 0.0010
[2023-0730 1835 - INFO] ======================================
[2023-0730 1836 - INFO] epoch: 28/100
[2023-0730 1836 - INFO] learning_rate: 0.0010
[2023-0730 1836 - INFO] train_acc: 75.979%, train_loss: 0.0042
[2023-0730 1836 - INFO] test_acc: 80.932%, test_loss: 0.0038
[2023-0730 1836 - INFO] max_train_acc: 76.149%
[2023-0730 1836 - INFO] max_test_acc: 83.396%
[2023-0730 1836 - INFO] max_lr: 0.0010, min_lr: 0.0010
[2023-0730 1836 - INFO] ======================================
[2023-0730 1837 - INFO] epoch: 29/100
[2023-0730 1837 - INFO] learning_rate: 0.0010
[2023-0730 1837 - INFO] train_acc: 75.991%, train_loss: 0.0041
[2023-0730 1837 - INFO] test_acc: 82.873%, test_loss: 0.0037
[2023-0730 1837 - INFO] max_train_acc: 76.149%
[2023-0730 1837 - INFO] max_test_acc: 83.396%
[2023-0730 1837 - INFO] max_lr: 0.0010, min_lr: 0.0010
[2023-0730 1837 - INFO] ======================================
[2023-0730 1838 - INFO] epoch: 30/100
[2023-0730 1838 - INFO] learning_rate: 0.0010
[2023-0730 1838 - INFO] train_acc: 75.850%, train_loss: 0.0042
[2023-0730 1838 - INFO] test_acc: 81.942%, test_loss: 0.0038
[2023-0730 1838 - INFO] max_train_acc: 76.149%
[2023-0730 1838 - INFO] max_test_acc: 83.396%
[2023-0730 1838 - INFO] max_lr: 0.0010, min_lr: 0.0010
[2023-0730 1838 - INFO] ======================================
[2023-0730 1839 - INFO] epoch: 31/100
[2023-0730 1839 - INFO] learning_rate: 0.0010
[2023-0730 1839 - INFO] train_acc: 75.855%, train_loss: 0.0042
[2023-0730 1839 - INFO] test_acc: 81.733%, test_loss: 0.0038
[2023-0730 1839 - INFO] max_train_acc: 76.149%
[2023-0730 1839 - INFO] max_test_acc: 83.396%
[2023-0730 1839 - INFO] max_lr: 0.0010, min_lr: 0.0010
[2023-0730 1839 - INFO] ======================================
[2023-0730 1840 - INFO] epoch: 32/100
[2023-0730 1840 - INFO] learning_rate: 0.0010
[2023-0730 1840 - INFO] train_acc: 76.232%, train_loss: 0.0041
[2023-0730 1840 - INFO] test_acc: 81.045%, test_loss: 0.0038
[2023-0730 1840 - INFO] max_train_acc: 76.232%
[2023-0730 1840 - INFO] max_test_acc: 83.396%
[2023-0730 1840 - INFO] max_lr: 0.0010, min_lr: 0.0010
[2023-0730 1840 - INFO] ======================================
[2023-0730 1841 - INFO] epoch: 33/100
[2023-0730 1841 - INFO] learning_rate: 0.0010
[2023-0730 1841 - INFO] train_acc: 76.238%, train_loss: 0.0041
[2023-0730 1841 - INFO] test_acc: 79.094%, test_loss: 0.0040
[2023-0730 1841 - INFO] max_train_acc: 76.238%
[2023-0730 1841 - INFO] max_test_acc: 83.396%
[2023-0730 1841 - INFO] max_lr: 0.0010, min_lr: 0.0010
[2023-0730 1841 - INFO] ======================================
[2023-0730 1842 - INFO] epoch: 34/100
[2023-0730 1842 - INFO] learning_rate: 0.0010
[2023-0730 1842 - INFO] train_acc: 76.038%, train_loss: 0.0042
[2023-0730 1842 - INFO] test_acc: 80.797%, test_loss: 0.0038
[2023-0730 1842 - INFO] max_train_acc: 76.238%
[2023-0730 1842 - INFO] max_test_acc: 83.396%
[2023-0730 1842 - INFO] max_lr: 0.0010, min_lr: 0.0010
[2023-0730 1842 - INFO] ======================================
[2023-0730 1842 - INFO] epoch: 35/100
[2023-0730 1842 - INFO] learning_rate: 0.0010
[2023-0730 1842 - INFO] train_acc: 76.055%, train_loss: 0.0041
[2023-0730 1842 - INFO] test_acc: 80.200%, test_loss: 0.0039
[2023-0730 1842 - INFO] max_train_acc: 76.238%
[2023-0730 1842 - INFO] max_test_acc: 83.396%
[2023-0730 1842 - INFO] max_lr: 0.0010, min_lr: 0.0010
[2023-0730 1842 - INFO] ======================================
[2023-0730 1843 - INFO] epoch: 36/100
[2023-0730 1843 - INFO] learning_rate: 0.0010
[2023-0730 1843 - INFO] train_acc: 75.985%, train_loss: 0.0041
[2023-0730 1843 - INFO] test_acc: 81.284%, test_loss: 0.0038
[2023-0730 1843 - INFO] max_train_acc: 76.238%
[2023-0730 1843 - INFO] max_test_acc: 83.396%
[2023-0730 1843 - INFO] max_lr: 0.0010, min_lr: 0.0010
[2023-0730 1843 - INFO] ======================================
[2023-0730 1844 - INFO] epoch: 37/100
[2023-0730 1844 - INFO] learning_rate: 0.0010
[2023-0730 1844 - INFO] train_acc: 75.714%, train_loss: 0.0042
[2023-0730 1844 - INFO] test_acc: 81.898%, test_loss: 0.0038
[2023-0730 1844 - INFO] max_train_acc: 76.238%
[2023-0730 1844 - INFO] max_test_acc: 83.396%
[2023-0730 1844 - INFO] max_lr: 0.0010, min_lr: 0.0010
[2023-0730 1844 - INFO] ======================================
[2023-0730 1845 - INFO] epoch: 38/100
[2023-0730 1845 - INFO] learning_rate: 0.0010
[2023-0730 1845 - INFO] train_acc: 76.238%, train_loss: 0.0041
[2023-0730 1845 - INFO] test_acc: 81.241%, test_loss: 0.0038
[2023-0730 1845 - INFO] max_train_acc: 76.238%
[2023-0730 1845 - INFO] max_test_acc: 83.396%
[2023-0730 1845 - INFO] max_lr: 0.0010, min_lr: 0.0010
[2023-0730 1845 - INFO] ======================================
[2023-0730 1846 - INFO] epoch: 39/100
[2023-0730 1846 - INFO] learning_rate: 0.0010
[2023-0730 1846 - INFO] train_acc: 76.185%, train_loss: 0.0041
[2023-0730 1846 - INFO] test_acc: 80.300%, test_loss: 0.0039
[2023-0730 1846 - INFO] max_train_acc: 76.238%
[2023-0730 1846 - INFO] max_test_acc: 83.396%
[2023-0730 1846 - INFO] max_lr: 0.0010, min_lr: 0.0010
[2023-0730 1846 - INFO] ======================================
[2023-0730 1847 - INFO] epoch: 40/100
[2023-0730 1847 - INFO] learning_rate: 0.0010
[2023-0730 1847 - INFO] train_acc: 75.873%, train_loss: 0.0041
[2023-0730 1847 - INFO] test_acc: 81.498%, test_loss: 0.0038
[2023-0730 1847 - INFO] max_train_acc: 76.238%
[2023-0730 1847 - INFO] max_test_acc: 83.396%
[2023-0730 1847 - INFO] max_lr: 0.0010, min_lr: 0.0010
[2023-0730 1847 - INFO] ======================================
[2023-0730 1848 - INFO] epoch: 41/100
[2023-0730 1848 - INFO] learning_rate: 0.0010
[2023-0730 1848 - INFO] train_acc: 75.826%, train_loss: 0.0042
[2023-0730 1848 - INFO] test_acc: 83.239%, test_loss: 0.0037
[2023-0730 1848 - INFO] max_train_acc: 76.238%
[2023-0730 1848 - INFO] max_test_acc: 83.396%
[2023-0730 1848 - INFO] max_lr: 0.0010, min_lr: 0.0010
[2023-0730 1848 - INFO] ======================================
[2023-0730 1849 - INFO] epoch: 42/100
[2023-0730 1849 - INFO] learning_rate: 0.0010
[2023-0730 1849 - INFO] train_acc: 76.085%, train_loss: 0.0042
[2023-0730 1849 - INFO] test_acc: 80.771%, test_loss: 0.0038
[2023-0730 1849 - INFO] max_train_acc: 76.238%
[2023-0730 1849 - INFO] max_test_acc: 83.396%
[2023-0730 1849 - INFO] max_lr: 0.0010, min_lr: 0.0010
[2023-0730 1849 - INFO] ======================================
[2023-0730 1850 - INFO] epoch: 43/100
[2023-0730 1850 - INFO] learning_rate: 0.0010
[2023-0730 1850 - INFO] train_acc: 76.390%, train_loss: 0.0041
[2023-0730 1850 - INFO] test_acc: 81.249%, test_loss: 0.0038
[2023-0730 1850 - INFO] max_train_acc: 76.390%
[2023-0730 1850 - INFO] max_test_acc: 83.396%
[2023-0730 1850 - INFO] max_lr: 0.0010, min_lr: 0.0010
[2023-0730 1850 - INFO] ======================================
[2023-0730 1851 - INFO] epoch: 44/100
[2023-0730 1851 - INFO] learning_rate: 0.0010
[2023-0730 1851 - INFO] train_acc: 76.049%, train_loss: 0.0041
[2023-0730 1851 - INFO] test_acc: 81.589%, test_loss: 0.0038
[2023-0730 1851 - INFO] max_train_acc: 76.390%
[2023-0730 1851 - INFO] max_test_acc: 83.396%
[2023-0730 1851 - INFO] max_lr: 0.0010, min_lr: 0.0010
[2023-0730 1851 - INFO] ======================================
[2023-0730 1852 - INFO] epoch: 45/100
[2023-0730 1852 - INFO] learning_rate: 0.0010
[2023-0730 1852 - INFO] train_acc: 76.002%, train_loss: 0.0041
[2023-0730 1852 - INFO] test_acc: 81.271%, test_loss: 0.0038
[2023-0730 1852 - INFO] max_train_acc: 76.390%
[2023-0730 1852 - INFO] max_test_acc: 83.396%
[2023-0730 1852 - INFO] max_lr: 0.0010, min_lr: 0.0010
[2023-0730 1852 - INFO] ======================================
[2023-0730 1853 - INFO] epoch: 46/100
[2023-0730 1853 - INFO] learning_rate: 0.0010
[2023-0730 1853 - INFO] train_acc: 76.055%, train_loss: 0.0041
[2023-0730 1853 - INFO] test_acc: 80.731%, test_loss: 0.0039
[2023-0730 1853 - INFO] max_train_acc: 76.390%
[2023-0730 1853 - INFO] max_test_acc: 83.396%
[2023-0730 1853 - INFO] max_lr: 0.0010, min_lr: 0.0010
[2023-0730 1853 - INFO] ======================================
[2023-0730 1854 - INFO] epoch: 47/100
[2023-0730 1854 - INFO] learning_rate: 0.0010
[2023-0730 1854 - INFO] train_acc: 76.185%, train_loss: 0.0041
[2023-0730 1854 - INFO] test_acc: 79.090%, test_loss: 0.0040
[2023-0730 1854 - INFO] max_train_acc: 76.390%
[2023-0730 1854 - INFO] max_test_acc: 83.396%
[2023-0730 1854 - INFO] max_lr: 0.0010, min_lr: 0.0010
[2023-0730 1854 - INFO] ======================================
[2023-0730 1855 - INFO] epoch: 48/100
[2023-0730 1855 - INFO] learning_rate: 0.0010
[2023-0730 1855 - INFO] train_acc: 75.879%, train_loss: 0.0042
[2023-0730 1855 - INFO] test_acc: 81.689%, test_loss: 0.0038
[2023-0730 1855 - INFO] max_train_acc: 76.390%
[2023-0730 1855 - INFO] max_test_acc: 83.396%
[2023-0730 1855 - INFO] max_lr: 0.0010, min_lr: 0.0010
[2023-0730 1855 - INFO] ======================================
[2023-0730 1856 - INFO] epoch: 49/100
[2023-0730 1856 - INFO] learning_rate: 0.0010
[2023-0730 1856 - INFO] train_acc: 76.384%, train_loss: 0.0041
[2023-0730 1856 - INFO] test_acc: 82.634%, test_loss: 0.0037
[2023-0730 1856 - INFO] max_train_acc: 76.390%
[2023-0730 1856 - INFO] max_test_acc: 83.396%
[2023-0730 1856 - INFO] max_lr: 0.0010, min_lr: 0.0010
[2023-0730 1856 - INFO] ======================================
[2023-0730 1856 - INFO] epoch: 50/100
[2023-0730 1856 - INFO] learning_rate: 0.0010
[2023-0730 1856 - INFO] train_acc: 76.255%, train_loss: 0.0041
[2023-0730 1856 - INFO] test_acc: 78.677%, test_loss: 0.0040
[2023-0730 1856 - INFO] max_train_acc: 76.390%
[2023-0730 1856 - INFO] max_test_acc: 83.396%
[2023-0730 1856 - INFO] max_lr: 0.0010, min_lr: 0.0010
[2023-0730 1856 - INFO] ======================================
[2023-0730 1857 - INFO] epoch: 51/100
[2023-0730 1857 - INFO] learning_rate: 0.0010
[2023-0730 1857 - INFO] train_acc: 76.226%, train_loss: 0.0041
[2023-0730 1857 - INFO] test_acc: 79.634%, test_loss: 0.0039
[2023-0730 1857 - INFO] max_train_acc: 76.390%
[2023-0730 1857 - INFO] max_test_acc: 83.396%
[2023-0730 1857 - INFO] max_lr: 0.0010, min_lr: 0.0010
[2023-0730 1857 - INFO] ======================================
[2023-0730 1858 - INFO] epoch: 52/100
[2023-0730 1858 - INFO] learning_rate: 0.0010
[2023-0730 1858 - INFO] train_acc: 76.085%, train_loss: 0.0041
[2023-0730 1858 - INFO] test_acc: 80.980%, test_loss: 0.0038
[2023-0730 1858 - INFO] max_train_acc: 76.390%
[2023-0730 1858 - INFO] max_test_acc: 83.396%
[2023-0730 1858 - INFO] max_lr: 0.0010, min_lr: 0.0010
[2023-0730 1858 - INFO] ======================================
[2023-0730 1859 - INFO] epoch: 53/100
[2023-0730 1859 - INFO] learning_rate: 0.0010
[2023-0730 1859 - INFO] train_acc: 76.273%, train_loss: 0.0041
[2023-0730 1859 - INFO] test_acc: 81.489%, test_loss: 0.0038
[2023-0730 1859 - INFO] max_train_acc: 76.390%
[2023-0730 1859 - INFO] max_test_acc: 83.396%
[2023-0730 1859 - INFO] max_lr: 0.0010, min_lr: 0.0010
[2023-0730 1859 - INFO] ======================================
[2023-0730 1900 - INFO] epoch: 54/100
[2023-0730 1900 - INFO] learning_rate: 0.0010
[2023-0730 1900 - INFO] train_acc: 76.185%, train_loss: 0.0041
[2023-0730 1900 - INFO] test_acc: 81.123%, test_loss: 0.0038
[2023-0730 1900 - INFO] max_train_acc: 76.390%
[2023-0730 1900 - INFO] max_test_acc: 83.396%
[2023-0730 1900 - INFO] max_lr: 0.0010, min_lr: 0.0010
[2023-0730 1900 - INFO] ======================================
[2023-0730 1901 - INFO] epoch: 55/100
[2023-0730 1901 - INFO] learning_rate: 0.0010
[2023-0730 1901 - INFO] train_acc: 76.196%, train_loss: 0.0041
[2023-0730 1901 - INFO] test_acc: 79.351%, test_loss: 0.0039
[2023-0730 1901 - INFO] max_train_acc: 76.390%
[2023-0730 1901 - INFO] max_test_acc: 83.396%
[2023-0730 1901 - INFO] max_lr: 0.0010, min_lr: 0.0010
[2023-0730 1901 - INFO] ======================================
[2023-0730 1902 - INFO] epoch: 56/100
[2023-0730 1902 - INFO] learning_rate: 0.0010
[2023-0730 1902 - INFO] train_acc: 76.337%, train_loss: 0.0041
[2023-0730 1902 - INFO] test_acc: 78.964%, test_loss: 0.0040
[2023-0730 1902 - INFO] max_train_acc: 76.390%
[2023-0730 1902 - INFO] max_test_acc: 83.396%
[2023-0730 1902 - INFO] max_lr: 0.0010, min_lr: 0.0010
[2023-0730 1902 - INFO] ======================================
[2023-0730 1903 - INFO] epoch: 57/100
[2023-0730 1903 - INFO] learning_rate: 0.0010
[2023-0730 1903 - INFO] train_acc: 76.731%, train_loss: 0.0041
[2023-0730 1903 - INFO] test_acc: 81.267%, test_loss: 0.0038
[2023-0730 1903 - INFO] max_train_acc: 76.731%
[2023-0730 1903 - INFO] max_test_acc: 83.396%
[2023-0730 1903 - INFO] max_lr: 0.0010, min_lr: 0.0010
[2023-0730 1903 - INFO] ======================================
[2023-0730 1904 - INFO] epoch: 58/100
[2023-0730 1904 - INFO] learning_rate: 0.0010
[2023-0730 1904 - INFO] train_acc: 76.467%, train_loss: 0.0041
[2023-0730 1904 - INFO] test_acc: 82.438%, test_loss: 0.0037
[2023-0730 1904 - INFO] max_train_acc: 76.731%
[2023-0730 1904 - INFO] max_test_acc: 83.396%
[2023-0730 1904 - INFO] max_lr: 0.0010, min_lr: 0.0010
[2023-0730 1904 - INFO] ======================================
[2023-0730 1905 - INFO] epoch: 59/100
[2023-0730 1905 - INFO] learning_rate: 0.0010
[2023-0730 1905 - INFO] train_acc: 76.255%, train_loss: 0.0041
[2023-0730 1905 - INFO] test_acc: 80.697%, test_loss: 0.0038
[2023-0730 1905 - INFO] max_train_acc: 76.731%
[2023-0730 1905 - INFO] max_test_acc: 83.396%
[2023-0730 1905 - INFO] max_lr: 0.0010, min_lr: 0.0010
[2023-0730 1905 - INFO] ======================================
[2023-0730 1906 - INFO] epoch: 60/100
[2023-0730 1906 - INFO] learning_rate: 0.0010
[2023-0730 1906 - INFO] train_acc: 76.349%, train_loss: 0.0041
[2023-0730 1906 - INFO] test_acc: 79.887%, test_loss: 0.0039
[2023-0730 1906 - INFO] max_train_acc: 76.731%
[2023-0730 1906 - INFO] max_test_acc: 83.396%
[2023-0730 1906 - INFO] max_lr: 0.0010, min_lr: 0.0010
[2023-0730 1906 - INFO] ======================================
[2023-0730 1907 - INFO] epoch: 61/100
[2023-0730 1907 - INFO] learning_rate: 0.0010
[2023-0730 1907 - INFO] train_acc: 76.602%, train_loss: 0.0041
[2023-0730 1907 - INFO] test_acc: 81.981%, test_loss: 0.0038
[2023-0730 1907 - INFO] max_train_acc: 76.731%
[2023-0730 1907 - INFO] max_test_acc: 83.396%
[2023-0730 1907 - INFO] max_lr: 0.0010, min_lr: 0.0010
[2023-0730 1907 - INFO] ======================================
[2023-0730 1908 - INFO] epoch: 62/100
[2023-0730 1908 - INFO] learning_rate: 0.0010
[2023-0730 1908 - INFO] train_acc: 76.202%, train_loss: 0.0041
[2023-0730 1908 - INFO] test_acc: 81.332%, test_loss: 0.0038
[2023-0730 1908 - INFO] max_train_acc: 76.731%
[2023-0730 1908 - INFO] max_test_acc: 83.396%
[2023-0730 1908 - INFO] max_lr: 0.0010, min_lr: 0.0010
[2023-0730 1908 - INFO] ======================================
[2023-0730 1909 - INFO] epoch: 63/100
[2023-0730 1909 - INFO] learning_rate: 0.0010
[2023-0730 1909 - INFO] train_acc: 76.543%, train_loss: 0.0041
[2023-0730 1909 - INFO] test_acc: 81.158%, test_loss: 0.0038
[2023-0730 1909 - INFO] max_train_acc: 76.731%
[2023-0730 1909 - INFO] max_test_acc: 83.396%
[2023-0730 1909 - INFO] max_lr: 0.0010, min_lr: 0.0010
[2023-0730 1909 - INFO] ======================================
[2023-0730 1910 - INFO] epoch: 64/100
[2023-0730 1910 - INFO] learning_rate: 0.0010
[2023-0730 1910 - INFO] train_acc: 76.108%, train_loss: 0.0041
[2023-0730 1910 - INFO] test_acc: 80.305%, test_loss: 0.0039
[2023-0730 1910 - INFO] max_train_acc: 76.731%
[2023-0730 1910 - INFO] max_test_acc: 83.396%
[2023-0730 1910 - INFO] max_lr: 0.0010, min_lr: 0.0010
[2023-0730 1910 - INFO] ======================================
[2023-0730 1910 - INFO] epoch: 65/100
[2023-0730 1910 - INFO] learning_rate: 0.0010
[2023-0730 1910 - INFO] train_acc: 76.132%, train_loss: 0.0041
[2023-0730 1910 - INFO] test_acc: 81.363%, test_loss: 0.0038
[2023-0730 1910 - INFO] max_train_acc: 76.731%
[2023-0730 1910 - INFO] max_test_acc: 83.396%
[2023-0730 1910 - INFO] max_lr: 0.0010, min_lr: 0.0010
[2023-0730 1910 - INFO] ======================================
[2023-0730 1911 - INFO] epoch: 66/100
[2023-0730 1911 - INFO] learning_rate: 0.0010
[2023-0730 1911 - INFO] train_acc: 76.032%, train_loss: 0.0041
[2023-0730 1911 - INFO] test_acc: 79.774%, test_loss: 0.0039
[2023-0730 1911 - INFO] max_train_acc: 76.731%
[2023-0730 1911 - INFO] max_test_acc: 83.396%
[2023-0730 1911 - INFO] max_lr: 0.0010, min_lr: 0.0010
[2023-0730 1911 - INFO] ======================================
[2023-0730 1912 - INFO] epoch: 67/100
[2023-0730 1912 - INFO] learning_rate: 0.0010
[2023-0730 1912 - INFO] train_acc: 76.073%, train_loss: 0.0041
[2023-0730 1912 - INFO] test_acc: 79.869%, test_loss: 0.0039
[2023-0730 1912 - INFO] max_train_acc: 76.731%
[2023-0730 1912 - INFO] max_test_acc: 83.396%
[2023-0730 1912 - INFO] max_lr: 0.0010, min_lr: 0.0010
[2023-0730 1912 - INFO] ======================================
[2023-0730 1913 - INFO] epoch: 68/100
[2023-0730 1913 - INFO] learning_rate: 0.0010
[2023-0730 1913 - INFO] train_acc: 76.461%, train_loss: 0.0041
[2023-0730 1913 - INFO] test_acc: 78.764%, test_loss: 0.0040
[2023-0730 1913 - INFO] max_train_acc: 76.731%
[2023-0730 1913 - INFO] max_test_acc: 83.396%
[2023-0730 1913 - INFO] max_lr: 0.0010, min_lr: 0.0010
[2023-0730 1913 - INFO] ======================================
[2023-0730 1914 - INFO] epoch: 69/100
[2023-0730 1914 - INFO] learning_rate: 0.0010
[2023-0730 1914 - INFO] train_acc: 76.479%, train_loss: 0.0041
[2023-0730 1914 - INFO] test_acc: 81.506%, test_loss: 0.0038
[2023-0730 1914 - INFO] max_train_acc: 76.731%
[2023-0730 1914 - INFO] max_test_acc: 83.396%
[2023-0730 1914 - INFO] max_lr: 0.0010, min_lr: 0.0010
[2023-0730 1914 - INFO] ======================================
[2023-0730 1915 - INFO] epoch: 70/100
[2023-0730 1915 - INFO] learning_rate: 0.0010
[2023-0730 1915 - INFO] train_acc: 76.520%, train_loss: 0.0041
[2023-0730 1915 - INFO] test_acc: 81.097%, test_loss: 0.0038
[2023-0730 1915 - INFO] max_train_acc: 76.731%
[2023-0730 1915 - INFO] max_test_acc: 83.396%
[2023-0730 1915 - INFO] max_lr: 0.0010, min_lr: 0.0010
[2023-0730 1915 - INFO] ======================================
[2023-0730 1916 - INFO] epoch: 71/100
[2023-0730 1916 - INFO] learning_rate: 0.0010
[2023-0730 1916 - INFO] train_acc: 76.214%, train_loss: 0.0041
[2023-0730 1916 - INFO] test_acc: 82.934%, test_loss: 0.0037
[2023-0730 1916 - INFO] max_train_acc: 76.731%
[2023-0730 1916 - INFO] max_test_acc: 83.396%
[2023-0730 1916 - INFO] max_lr: 0.0010, min_lr: 0.0010
[2023-0730 1916 - INFO] ======================================
[2023-0730 1917 - INFO] epoch: 72/100
[2023-0730 1917 - INFO] learning_rate: 0.0010
[2023-0730 1917 - INFO] train_acc: 76.196%, train_loss: 0.0041
[2023-0730 1917 - INFO] test_acc: 80.666%, test_loss: 0.0038
[2023-0730 1917 - INFO] max_train_acc: 76.731%
[2023-0730 1917 - INFO] max_test_acc: 83.396%
[2023-0730 1917 - INFO] max_lr: 0.0010, min_lr: 0.0010
[2023-0730 1917 - INFO] ======================================
[2023-0730 1918 - INFO] epoch: 73/100
[2023-0730 1918 - INFO] learning_rate: 0.0010
[2023-0730 1918 - INFO] train_acc: 76.255%, train_loss: 0.0041
[2023-0730 1918 - INFO] test_acc: 79.952%, test_loss: 0.0039
[2023-0730 1918 - INFO] max_train_acc: 76.731%
[2023-0730 1918 - INFO] max_test_acc: 83.396%
[2023-0730 1918 - INFO] max_lr: 0.0010, min_lr: 0.0010
[2023-0730 1918 - INFO] ======================================
[2023-0730 1919 - INFO] epoch: 74/100
[2023-0730 1919 - INFO] learning_rate: 0.0010
[2023-0730 1919 - INFO] train_acc: 76.273%, train_loss: 0.0041
[2023-0730 1919 - INFO] test_acc: 81.750%, test_loss: 0.0038
[2023-0730 1919 - INFO] max_train_acc: 76.731%
[2023-0730 1919 - INFO] max_test_acc: 83.396%
[2023-0730 1919 - INFO] max_lr: 0.0010, min_lr: 0.0010
[2023-0730 1919 - INFO] ======================================
[2023-0730 1920 - INFO] epoch: 75/100
[2023-0730 1920 - INFO] learning_rate: 0.0010
[2023-0730 1920 - INFO] train_acc: 76.314%, train_loss: 0.0041
[2023-0730 1920 - INFO] test_acc: 80.183%, test_loss: 0.0039
[2023-0730 1920 - INFO] max_train_acc: 76.731%
[2023-0730 1920 - INFO] max_test_acc: 83.396%
[2023-0730 1920 - INFO] max_lr: 0.0010, min_lr: 0.0010
[2023-0730 1920 - INFO] ======================================
[2023-0730 1921 - INFO] epoch: 76/100
[2023-0730 1921 - INFO] learning_rate: 0.0010
[2023-0730 1921 - INFO] train_acc: 76.432%, train_loss: 0.0041
[2023-0730 1921 - INFO] test_acc: 81.985%, test_loss: 0.0037
[2023-0730 1921 - INFO] max_train_acc: 76.731%
[2023-0730 1921 - INFO] max_test_acc: 83.396%
[2023-0730 1921 - INFO] max_lr: 0.0010, min_lr: 0.0010
[2023-0730 1921 - INFO] ======================================
[2023-0730 1922 - INFO] epoch: 77/100
[2023-0730 1922 - INFO] learning_rate: 0.0010
[2023-0730 1922 - INFO] train_acc: 76.608%, train_loss: 0.0041
[2023-0730 1922 - INFO] test_acc: 82.856%, test_loss: 0.0037
[2023-0730 1922 - INFO] max_train_acc: 76.731%
[2023-0730 1922 - INFO] max_test_acc: 83.396%
[2023-0730 1922 - INFO] max_lr: 0.0010, min_lr: 0.0010
[2023-0730 1922 - INFO] ======================================
[2023-0730 1923 - INFO] epoch: 78/100
[2023-0730 1923 - INFO] learning_rate: 0.0010
[2023-0730 1923 - INFO] train_acc: 76.890%, train_loss: 0.0041
[2023-0730 1923 - INFO] test_acc: 80.457%, test_loss: 0.0039
[2023-0730 1923 - INFO] max_train_acc: 76.890%
[2023-0730 1923 - INFO] max_test_acc: 83.396%
[2023-0730 1923 - INFO] max_lr: 0.0010, min_lr: 0.0010
[2023-0730 1923 - INFO] ======================================
[2023-0730 1923 - INFO] epoch: 79/100
[2023-0730 1923 - INFO] learning_rate: 0.0010
[2023-0730 1923 - INFO] train_acc: 76.420%, train_loss: 0.0041
[2023-0730 1923 - INFO] test_acc: 80.109%, test_loss: 0.0039
[2023-0730 1923 - INFO] max_train_acc: 76.890%
[2023-0730 1923 - INFO] max_test_acc: 83.396%
[2023-0730 1923 - INFO] max_lr: 0.0010, min_lr: 0.0010
[2023-0730 1923 - INFO] ======================================
[2023-0730 1924 - INFO] epoch: 80/100
[2023-0730 1924 - INFO] learning_rate: 0.0010
[2023-0730 1924 - INFO] train_acc: 76.479%, train_loss: 0.0041
[2023-0730 1924 - INFO] test_acc: 81.733%, test_loss: 0.0038
[2023-0730 1924 - INFO] max_train_acc: 76.890%
[2023-0730 1924 - INFO] max_test_acc: 83.396%
[2023-0730 1924 - INFO] max_lr: 0.0010, min_lr: 0.0010
[2023-0730 1924 - INFO] ======================================
[2023-0730 1925 - INFO] epoch: 81/100
[2023-0730 1925 - INFO] learning_rate: 0.0010
[2023-0730 1925 - INFO] train_acc: 76.238%, train_loss: 0.0041
[2023-0730 1925 - INFO] test_acc: 82.059%, test_loss: 0.0037
[2023-0730 1925 - INFO] max_train_acc: 76.890%
[2023-0730 1925 - INFO] max_test_acc: 83.396%
[2023-0730 1925 - INFO] max_lr: 0.0010, min_lr: 0.0010
[2023-0730 1925 - INFO] ======================================
[2023-0730 1926 - INFO] epoch: 82/100
[2023-0730 1926 - INFO] learning_rate: 0.0010
[2023-0730 1926 - INFO] train_acc: 76.432%, train_loss: 0.0041
[2023-0730 1926 - INFO] test_acc: 81.097%, test_loss: 0.0038
[2023-0730 1926 - INFO] max_train_acc: 76.890%
[2023-0730 1926 - INFO] max_test_acc: 83.396%
[2023-0730 1926 - INFO] max_lr: 0.0010, min_lr: 0.0010
[2023-0730 1926 - INFO] ======================================
[2023-0730 1927 - INFO] epoch: 83/100
[2023-0730 1927 - INFO] learning_rate: 0.0010
[2023-0730 1927 - INFO] train_acc: 76.643%, train_loss: 0.0041
[2023-0730 1927 - INFO] test_acc: 80.335%, test_loss: 0.0039
[2023-0730 1927 - INFO] max_train_acc: 76.890%
[2023-0730 1927 - INFO] max_test_acc: 83.396%
[2023-0730 1927 - INFO] max_lr: 0.0010, min_lr: 0.0010
[2023-0730 1927 - INFO] ======================================
[2023-0730 1928 - INFO] epoch: 84/100
[2023-0730 1928 - INFO] learning_rate: 0.0010
[2023-0730 1928 - INFO] train_acc: 76.578%, train_loss: 0.0041
[2023-0730 1928 - INFO] test_acc: 80.866%, test_loss: 0.0038
[2023-0730 1928 - INFO] max_train_acc: 76.890%
[2023-0730 1928 - INFO] max_test_acc: 83.396%
[2023-0730 1928 - INFO] max_lr: 0.0010, min_lr: 0.0010
[2023-0730 1928 - INFO] ======================================
[2023-0730 1929 - INFO] epoch: 85/100
[2023-0730 1929 - INFO] learning_rate: 0.0010
[2023-0730 1929 - INFO] train_acc: 76.091%, train_loss: 0.0041
[2023-0730 1929 - INFO] test_acc: 80.231%, test_loss: 0.0039
[2023-0730 1929 - INFO] max_train_acc: 76.890%
[2023-0730 1929 - INFO] max_test_acc: 83.396%
[2023-0730 1929 - INFO] max_lr: 0.0010, min_lr: 0.0010
[2023-0730 1929 - INFO] ======================================
[2023-0730 1930 - INFO] epoch: 86/100
[2023-0730 1930 - INFO] learning_rate: 0.0010
[2023-0730 1930 - INFO] train_acc: 76.355%, train_loss: 0.0041
[2023-0730 1930 - INFO] test_acc: 80.496%, test_loss: 0.0038
[2023-0730 1930 - INFO] max_train_acc: 76.890%
[2023-0730 1930 - INFO] max_test_acc: 83.396%
[2023-0730 1930 - INFO] max_lr: 0.0010, min_lr: 0.0010
[2023-0730 1930 - INFO] ======================================
[2023-0730 1931 - INFO] epoch: 87/100
[2023-0730 1931 - INFO] learning_rate: 0.0010
[2023-0730 1931 - INFO] train_acc: 76.479%, train_loss: 0.0041
[2023-0730 1931 - INFO] test_acc: 81.580%, test_loss: 0.0038
[2023-0730 1931 - INFO] max_train_acc: 76.890%
[2023-0730 1931 - INFO] max_test_acc: 83.396%
[2023-0730 1931 - INFO] max_lr: 0.0010, min_lr: 0.0010
[2023-0730 1931 - INFO] ======================================
[2023-0730 1932 - INFO] epoch: 88/100
[2023-0730 1932 - INFO] learning_rate: 0.0010
[2023-0730 1932 - INFO] train_acc: 76.326%, train_loss: 0.0041
[2023-0730 1932 - INFO] test_acc: 80.283%, test_loss: 0.0039
[2023-0730 1932 - INFO] max_train_acc: 76.890%
[2023-0730 1932 - INFO] max_test_acc: 83.396%
[2023-0730 1932 - INFO] max_lr: 0.0010, min_lr: 0.0010
[2023-0730 1932 - INFO] ======================================
[2023-0730 1933 - INFO] epoch: 89/100
[2023-0730 1933 - INFO] learning_rate: 0.0010
[2023-0730 1933 - INFO] train_acc: 76.367%, train_loss: 0.0041
[2023-0730 1933 - INFO] test_acc: 82.786%, test_loss: 0.0037
[2023-0730 1933 - INFO] max_train_acc: 76.890%
[2023-0730 1933 - INFO] max_test_acc: 83.396%
[2023-0730 1933 - INFO] max_lr: 0.0010, min_lr: 0.0010
[2023-0730 1933 - INFO] ======================================
[2023-0730 1934 - INFO] epoch: 90/100
[2023-0730 1934 - INFO] learning_rate: 0.0010
[2023-0730 1934 - INFO] train_acc: 76.520%, train_loss: 0.0041
[2023-0730 1934 - INFO] test_acc: 80.527%, test_loss: 0.0038
[2023-0730 1934 - INFO] max_train_acc: 76.890%
[2023-0730 1934 - INFO] max_test_acc: 83.396%
[2023-0730 1934 - INFO] max_lr: 0.0010, min_lr: 0.0010
[2023-0730 1934 - INFO] ======================================
[2023-0730 1935 - INFO] epoch: 91/100
[2023-0730 1935 - INFO] learning_rate: 0.0010
[2023-0730 1935 - INFO] train_acc: 76.238%, train_loss: 0.0041
[2023-0730 1935 - INFO] test_acc: 81.537%, test_loss: 0.0038
[2023-0730 1935 - INFO] max_train_acc: 76.890%
[2023-0730 1935 - INFO] max_test_acc: 83.396%
[2023-0730 1935 - INFO] max_lr: 0.0010, min_lr: 0.0010
[2023-0730 1935 - INFO] ======================================
[2023-0730 1936 - INFO] epoch: 92/100
[2023-0730 1936 - INFO] learning_rate: 0.0010
[2023-0730 1936 - INFO] train_acc: 76.502%, train_loss: 0.0041
[2023-0730 1936 - INFO] test_acc: 81.924%, test_loss: 0.0037
[2023-0730 1936 - INFO] max_train_acc: 76.890%
[2023-0730 1936 - INFO] max_test_acc: 83.396%
[2023-0730 1936 - INFO] max_lr: 0.0010, min_lr: 0.0010
[2023-0730 1936 - INFO] ======================================
[2023-0730 1936 - INFO] epoch: 93/100
[2023-0730 1936 - INFO] learning_rate: 0.0010
[2023-0730 1936 - INFO] train_acc: 76.496%, train_loss: 0.0041
[2023-0730 1936 - INFO] test_acc: 81.219%, test_loss: 0.0038
[2023-0730 1936 - INFO] max_train_acc: 76.890%
[2023-0730 1936 - INFO] max_test_acc: 83.396%
[2023-0730 1936 - INFO] max_lr: 0.0010, min_lr: 0.0010
[2023-0730 1936 - INFO] ======================================
[2023-0730 1937 - INFO] epoch: 94/100
[2023-0730 1937 - INFO] learning_rate: 0.0010
[2023-0730 1937 - INFO] train_acc: 76.420%, train_loss: 0.0041
[2023-0730 1937 - INFO] test_acc: 80.331%, test_loss: 0.0039
[2023-0730 1937 - INFO] max_train_acc: 76.890%
[2023-0730 1937 - INFO] max_test_acc: 83.396%
[2023-0730 1937 - INFO] max_lr: 0.0010, min_lr: 0.0010
[2023-0730 1937 - INFO] ======================================
[2023-0730 1938 - INFO] epoch: 95/100
[2023-0730 1938 - INFO] learning_rate: 0.0010
[2023-0730 1938 - INFO] train_acc: 76.337%, train_loss: 0.0041
[2023-0730 1938 - INFO] test_acc: 81.411%, test_loss: 0.0038
[2023-0730 1938 - INFO] max_train_acc: 76.890%
[2023-0730 1938 - INFO] max_test_acc: 83.396%
[2023-0730 1938 - INFO] max_lr: 0.0010, min_lr: 0.0010
[2023-0730 1938 - INFO] ======================================
[2023-0730 1939 - INFO] epoch: 96/100
[2023-0730 1939 - INFO] learning_rate: 0.0010
[2023-0730 1939 - INFO] train_acc: 76.355%, train_loss: 0.0041
[2023-0730 1939 - INFO] test_acc: 80.427%, test_loss: 0.0039
[2023-0730 1939 - INFO] max_train_acc: 76.890%
[2023-0730 1939 - INFO] max_test_acc: 83.396%
[2023-0730 1939 - INFO] max_lr: 0.0010, min_lr: 0.0010
[2023-0730 1939 - INFO] ======================================
[2023-0730 1940 - INFO] epoch: 97/100
[2023-0730 1940 - INFO] learning_rate: 0.0010
[2023-0730 1940 - INFO] train_acc: 76.449%, train_loss: 0.0041
[2023-0730 1940 - INFO] test_acc: 80.187%, test_loss: 0.0039
[2023-0730 1940 - INFO] max_train_acc: 76.890%
[2023-0730 1940 - INFO] max_test_acc: 83.396%
[2023-0730 1940 - INFO] max_lr: 0.0010, min_lr: 0.0010
[2023-0730 1940 - INFO] ======================================
[2023-0730 1941 - INFO] epoch: 98/100
[2023-0730 1941 - INFO] learning_rate: 0.0010
[2023-0730 1941 - INFO] train_acc: 76.414%, train_loss: 0.0041
[2023-0730 1941 - INFO] test_acc: 80.814%, test_loss: 0.0038
[2023-0730 1941 - INFO] max_train_acc: 76.890%
[2023-0730 1941 - INFO] max_test_acc: 83.396%
[2023-0730 1941 - INFO] max_lr: 0.0010, min_lr: 0.0010
[2023-0730 1941 - INFO] ======================================
[2023-0730 1942 - INFO] epoch: 99/100
[2023-0730 1942 - INFO] learning_rate: 0.0010
[2023-0730 1942 - INFO] train_acc: 76.673%, train_loss: 0.0041
[2023-0730 1942 - INFO] test_acc: 81.889%, test_loss: 0.0037
[2023-0730 1942 - INFO] max_train_acc: 76.890%
[2023-0730 1942 - INFO] max_test_acc: 83.396%
[2023-0730 1942 - INFO] max_lr: 0.0010, min_lr: 0.0010
[2023-0730 1942 - INFO] ======================================
[2023-0730 1943 - INFO] epoch: 100/100
[2023-0730 1943 - INFO] learning_rate: 0.0010
[2023-0730 1943 - INFO] train_acc: 76.502%, train_loss: 0.0041
[2023-0730 1943 - INFO] test_acc: 80.509%, test_loss: 0.0038
[2023-0730 1943 - INFO] max_train_acc: 76.890%
[2023-0730 1943 - INFO] max_test_acc: 83.396%
[2023-0730 1943 - INFO] max_lr: 0.0010, min_lr: 0.0010
[2023-0730 1943 - INFO] ======================================
