[2023-07-27 1046 - INFO] # trainset_size = 17210
[2023-07-27 1046 - INFO] # testset_size = 4300
[2023-07-27 1046 - INFO] # train_a/p = 8705/8505
[2023-07-27 1046 - INFO] # test_a/p = 2250/2050
[2023-07-27 1046 - INFO] # batch_size = 64
[2023-07-27 1046 - INFO] # learning_rate = 0.0001
[2023-07-27 1046 - INFO] # num_epochs = 50
[2023-07-27 1046 - INFO] # padding_size = 3500
[2023-07-27 1046 - INFO] # criterion = CrossEntropyLoss()
[2023-07-27 1046 - INFO] # optimizer = AdamW (
Parameter Group 0
    amsgrad: False
    betas: (0.9, 0.98)
    capturable: False
    differentiable: False
    eps: 1e-08
    foreach: None
    fused: None
    lr: 0.0001
    maximize: False
    weight_decay: 0.01
)
[2023-07-27 1046 - INFO] -------------------------------
[2023-07-27 1046 - INFO] epoch: 1/50
[2023-07-27 1046 - INFO] learning_rate: 0.0001
[2023-07-27 1046 - INFO] train_acc: 67.4492%, train_loss: 0.0102
[2023-07-27 1046 - INFO] test_acc: 69.5349%, test_loss: 0.0097
[2023-07-27 1046 - INFO] max_train_acc: 67.4492%
[2023-07-27 1046 - INFO] max_test_acc: 69.5349%
[2023-07-27 1046 - INFO] max_lr: 0.0001, min_lr: 0.0001
[2023-07-27 1046 - INFO] ======================================
[2023-07-27 1047 - INFO] epoch: 2/50
[2023-07-27 1047 - INFO] learning_rate: 0.0001
[2023-07-27 1047 - INFO] train_acc: 69.4770%, train_loss: 0.0096
[2023-07-27 1047 - INFO] test_acc: 69.4651%, test_loss: 0.0094
[2023-07-27 1047 - INFO] max_train_acc: 69.4770%
[2023-07-27 1047 - INFO] max_test_acc: 69.5349%
[2023-07-27 1047 - INFO] max_lr: 0.0001, min_lr: 0.0001
[2023-07-27 1047 - INFO] ======================================
[2023-07-27 1047 - INFO] epoch: 3/50
[2023-07-27 1047 - INFO] learning_rate: 0.0001
[2023-07-27 1047 - INFO] train_acc: 69.4712%, train_loss: 0.0094
[2023-07-27 1047 - INFO] test_acc: 69.5116%, test_loss: 0.0093
[2023-07-27 1047 - INFO] max_train_acc: 69.4770%
[2023-07-27 1047 - INFO] max_test_acc: 69.5349%
[2023-07-27 1047 - INFO] max_lr: 0.0001, min_lr: 0.0001
[2023-07-27 1047 - INFO] ======================================
[2023-07-27 1048 - INFO] epoch: 4/50
[2023-07-27 1048 - INFO] learning_rate: 0.0001
[2023-07-27 1048 - INFO] train_acc: 69.4887%, train_loss: 0.0093
[2023-07-27 1048 - INFO] test_acc: 69.5349%, test_loss: 0.0092
[2023-07-27 1048 - INFO] max_train_acc: 69.4887%
[2023-07-27 1048 - INFO] max_test_acc: 69.5349%
[2023-07-27 1048 - INFO] max_lr: 0.0001, min_lr: 0.0001
[2023-07-27 1048 - INFO] ======================================
[2023-07-27 1049 - INFO] epoch: 5/50
[2023-07-27 1049 - INFO] learning_rate: 0.0001
[2023-07-27 1049 - INFO] train_acc: 69.5003%, train_loss: 0.0093
[2023-07-27 1049 - INFO] test_acc: 69.4884%, test_loss: 0.0092
[2023-07-27 1049 - INFO] max_train_acc: 69.5003%
[2023-07-27 1049 - INFO] max_test_acc: 69.5349%
[2023-07-27 1049 - INFO] max_lr: 0.0001, min_lr: 0.0001
[2023-07-27 1049 - INFO] ======================================
[2023-07-27 1049 - INFO] epoch: 6/50
[2023-07-27 1049 - INFO] learning_rate: 0.0001
[2023-07-27 1049 - INFO] train_acc: 69.4887%, train_loss: 0.0093
[2023-07-27 1049 - INFO] test_acc: 69.5581%, test_loss: 0.0092
[2023-07-27 1049 - INFO] max_train_acc: 69.5003%
[2023-07-27 1049 - INFO] max_test_acc: 69.5581%
[2023-07-27 1049 - INFO] max_lr: 0.0001, min_lr: 0.0001
[2023-07-27 1049 - INFO] ======================================
[2023-07-27 1050 - INFO] epoch: 7/50
[2023-07-27 1050 - INFO] learning_rate: 0.0001
[2023-07-27 1050 - INFO] train_acc: 69.5468%, train_loss: 0.0093
[2023-07-27 1050 - INFO] test_acc: 69.5814%, test_loss: 0.0091
[2023-07-27 1050 - INFO] max_train_acc: 69.5468%
[2023-07-27 1050 - INFO] max_test_acc: 69.5814%
[2023-07-27 1050 - INFO] max_lr: 0.0001, min_lr: 0.0001
[2023-07-27 1050 - INFO] ======================================
[2023-07-27 1050 - INFO] epoch: 8/50
[2023-07-27 1050 - INFO] learning_rate: 0.0001
[2023-07-27 1050 - INFO] train_acc: 69.6223%, train_loss: 0.0092
[2023-07-27 1050 - INFO] test_acc: 69.7442%, test_loss: 0.0091
[2023-07-27 1050 - INFO] max_train_acc: 69.6223%
[2023-07-27 1050 - INFO] max_test_acc: 69.7442%
[2023-07-27 1050 - INFO] max_lr: 0.0001, min_lr: 0.0001
[2023-07-27 1050 - INFO] ======================================
[2023-07-27 1051 - INFO] epoch: 9/50
[2023-07-27 1051 - INFO] learning_rate: 0.0001
[2023-07-27 1051 - INFO] train_acc: 69.6746%, train_loss: 0.0092
[2023-07-27 1051 - INFO] test_acc: 69.7907%, test_loss: 0.0091
[2023-07-27 1051 - INFO] max_train_acc: 69.6746%
[2023-07-27 1051 - INFO] max_test_acc: 69.7907%
[2023-07-27 1051 - INFO] max_lr: 0.0001, min_lr: 0.0001
[2023-07-27 1051 - INFO] ======================================
[2023-07-27 1051 - INFO] epoch: 10/50
[2023-07-27 1051 - INFO] learning_rate: 0.0001
[2023-07-27 1051 - INFO] train_acc: 69.8605%, train_loss: 0.0092
[2023-07-27 1051 - INFO] test_acc: 69.9070%, test_loss: 0.0090
[2023-07-27 1051 - INFO] max_train_acc: 69.8605%
[2023-07-27 1051 - INFO] max_test_acc: 69.9070%
[2023-07-27 1051 - INFO] max_lr: 0.0001, min_lr: 0.0001
[2023-07-27 1051 - INFO] ======================================
[2023-07-27 1052 - INFO] epoch: 11/50
[2023-07-27 1052 - INFO] learning_rate: 0.0001
[2023-07-27 1052 - INFO] train_acc: 70.0232%, train_loss: 0.0092
[2023-07-27 1052 - INFO] test_acc: 70.1628%, test_loss: 0.0090
[2023-07-27 1052 - INFO] max_train_acc: 70.0232%
[2023-07-27 1052 - INFO] max_test_acc: 70.1628%
[2023-07-27 1052 - INFO] max_lr: 0.0001, min_lr: 0.0001
[2023-07-27 1052 - INFO] ======================================
[2023-07-27 1053 - INFO] epoch: 12/50
[2023-07-27 1053 - INFO] learning_rate: 0.0001
[2023-07-27 1053 - INFO] train_acc: 70.1917%, train_loss: 0.0092
[2023-07-27 1053 - INFO] test_acc: 70.5349%, test_loss: 0.0090
[2023-07-27 1053 - INFO] max_train_acc: 70.1917%
[2023-07-27 1053 - INFO] max_test_acc: 70.5349%
[2023-07-27 1053 - INFO] max_lr: 0.0001, min_lr: 0.0001
[2023-07-27 1053 - INFO] ======================================
[2023-07-27 1053 - INFO] epoch: 13/50
[2023-07-27 1053 - INFO] learning_rate: 0.0001
[2023-07-27 1053 - INFO] train_acc: 70.4184%, train_loss: 0.0091
[2023-07-27 1053 - INFO] test_acc: 70.8605%, test_loss: 0.0089
[2023-07-27 1053 - INFO] max_train_acc: 70.4184%
[2023-07-27 1053 - INFO] max_test_acc: 70.8605%
[2023-07-27 1053 - INFO] max_lr: 0.0001, min_lr: 0.0001
[2023-07-27 1053 - INFO] ======================================
[2023-07-27 1054 - INFO] epoch: 14/50
[2023-07-27 1054 - INFO] learning_rate: 0.0001
[2023-07-27 1054 - INFO] train_acc: 70.5694%, train_loss: 0.0091
[2023-07-27 1054 - INFO] test_acc: 71.0465%, test_loss: 0.0089
[2023-07-27 1054 - INFO] max_train_acc: 70.5694%
[2023-07-27 1054 - INFO] max_test_acc: 71.0465%
[2023-07-27 1054 - INFO] max_lr: 0.0001, min_lr: 0.0001
[2023-07-27 1054 - INFO] ======================================
[2023-07-27 1054 - INFO] epoch: 15/50
[2023-07-27 1054 - INFO] learning_rate: 0.0001
[2023-07-27 1054 - INFO] train_acc: 70.5404%, train_loss: 0.0091
[2023-07-27 1054 - INFO] test_acc: 71.2093%, test_loss: 0.0089
[2023-07-27 1054 - INFO] max_train_acc: 70.5694%
[2023-07-27 1054 - INFO] max_test_acc: 71.2093%
[2023-07-27 1054 - INFO] max_lr: 0.0001, min_lr: 0.0001
[2023-07-27 1054 - INFO] ======================================
[2023-07-27 1055 - INFO] epoch: 16/50
[2023-07-27 1055 - INFO] learning_rate: 0.0001
[2023-07-27 1055 - INFO] train_acc: 70.5171%, train_loss: 0.0091
[2023-07-27 1055 - INFO] test_acc: 71.2558%, test_loss: 0.0089
[2023-07-27 1055 - INFO] max_train_acc: 70.5694%
[2023-07-27 1055 - INFO] max_test_acc: 71.2558%
[2023-07-27 1055 - INFO] max_lr: 0.0001, min_lr: 0.0001
[2023-07-27 1055 - INFO] ======================================
[2023-07-27 1055 - INFO] epoch: 17/50
[2023-07-27 1055 - INFO] learning_rate: 0.0001
[2023-07-27 1055 - INFO] train_acc: 70.6159%, train_loss: 0.0091
[2023-07-27 1055 - INFO] test_acc: 71.5814%, test_loss: 0.0089
[2023-07-27 1055 - INFO] max_train_acc: 70.6159%
[2023-07-27 1055 - INFO] max_test_acc: 71.5814%
[2023-07-27 1055 - INFO] max_lr: 0.0001, min_lr: 0.0001
[2023-07-27 1055 - INFO] ======================================
[2023-07-27 1056 - INFO] epoch: 18/50
[2023-07-27 1056 - INFO] learning_rate: 0.0001
[2023-07-27 1056 - INFO] train_acc: 71.0459%, train_loss: 0.0091
[2023-07-27 1056 - INFO] test_acc: 71.8605%, test_loss: 0.0088
[2023-07-27 1056 - INFO] max_train_acc: 71.0459%
[2023-07-27 1056 - INFO] max_test_acc: 71.8605%
[2023-07-27 1056 - INFO] max_lr: 0.0001, min_lr: 0.0001
[2023-07-27 1056 - INFO] ======================================
[2023-07-27 1056 - INFO] epoch: 19/50
[2023-07-27 1056 - INFO] learning_rate: 0.0001
[2023-07-27 1056 - INFO] train_acc: 70.9529%, train_loss: 0.0091
[2023-07-27 1056 - INFO] test_acc: 71.8372%, test_loss: 0.0088
[2023-07-27 1056 - INFO] max_train_acc: 71.0459%
[2023-07-27 1056 - INFO] max_test_acc: 71.8605%
[2023-07-27 1056 - INFO] max_lr: 0.0001, min_lr: 0.0001
[2023-07-27 1056 - INFO] ======================================
[2023-07-27 1057 - INFO] epoch: 20/50
[2023-07-27 1057 - INFO] learning_rate: 0.0001
[2023-07-27 1057 - INFO] train_acc: 70.8600%, train_loss: 0.0091
[2023-07-27 1057 - INFO] test_acc: 72.0698%, test_loss: 0.0088
[2023-07-27 1057 - INFO] max_train_acc: 71.0459%
[2023-07-27 1057 - INFO] max_test_acc: 72.0698%
[2023-07-27 1057 - INFO] max_lr: 0.0001, min_lr: 0.0001
[2023-07-27 1057 - INFO] ======================================
[2023-07-27 1058 - INFO] epoch: 21/50
[2023-07-27 1058 - INFO] learning_rate: 0.0001
[2023-07-27 1058 - INFO] train_acc: 70.8890%, train_loss: 0.0091
[2023-07-27 1058 - INFO] test_acc: 72.3488%, test_loss: 0.0088
[2023-07-27 1058 - INFO] max_train_acc: 71.0459%
[2023-07-27 1058 - INFO] max_test_acc: 72.3488%
[2023-07-27 1058 - INFO] max_lr: 0.0001, min_lr: 0.0001
[2023-07-27 1058 - INFO] ======================================
[2023-07-27 1058 - INFO] epoch: 22/50
[2023-07-27 1058 - INFO] learning_rate: 0.0001
[2023-07-27 1058 - INFO] train_acc: 71.1795%, train_loss: 0.0090
[2023-07-27 1058 - INFO] test_acc: 72.5349%, test_loss: 0.0088
[2023-07-27 1058 - INFO] max_train_acc: 71.1795%
[2023-07-27 1058 - INFO] max_test_acc: 72.5349%
[2023-07-27 1058 - INFO] max_lr: 0.0001, min_lr: 0.0001
[2023-07-27 1058 - INFO] ======================================
[2023-07-27 1059 - INFO] epoch: 23/50
[2023-07-27 1059 - INFO] learning_rate: 0.0001
[2023-07-27 1059 - INFO] train_acc: 71.1737%, train_loss: 0.0090
[2023-07-27 1059 - INFO] test_acc: 72.6744%, test_loss: 0.0088
[2023-07-27 1059 - INFO] max_train_acc: 71.1795%
[2023-07-27 1059 - INFO] max_test_acc: 72.6744%
[2023-07-27 1059 - INFO] max_lr: 0.0001, min_lr: 0.0001
[2023-07-27 1059 - INFO] ======================================
[2023-07-27 1059 - INFO] epoch: 24/50
[2023-07-27 1059 - INFO] learning_rate: 0.0001
[2023-07-27 1059 - INFO] train_acc: 71.3132%, train_loss: 0.0090
[2023-07-27 1059 - INFO] test_acc: 72.6512%, test_loss: 0.0087
[2023-07-27 1059 - INFO] max_train_acc: 71.3132%
[2023-07-27 1059 - INFO] max_test_acc: 72.6744%
[2023-07-27 1059 - INFO] max_lr: 0.0001, min_lr: 0.0001
[2023-07-27 1059 - INFO] ======================================
[2023-07-27 1100 - INFO] epoch: 25/50
[2023-07-27 1100 - INFO] learning_rate: 0.0001
[2023-07-27 1100 - INFO] train_acc: 71.3655%, train_loss: 0.0090
[2023-07-27 1100 - INFO] test_acc: 72.7209%, test_loss: 0.0087
[2023-07-27 1100 - INFO] max_train_acc: 71.3655%
[2023-07-27 1100 - INFO] max_test_acc: 72.7209%
[2023-07-27 1100 - INFO] max_lr: 0.0001, min_lr: 0.0001
[2023-07-27 1100 - INFO] ======================================
[2023-07-27 1100 - INFO] epoch: 26/50
[2023-07-27 1100 - INFO] learning_rate: 0.0001
[2023-07-27 1100 - INFO] train_acc: 71.1389%, train_loss: 0.0090
[2023-07-27 1100 - INFO] test_acc: 72.8837%, test_loss: 0.0087
[2023-07-27 1100 - INFO] max_train_acc: 71.3655%
[2023-07-27 1100 - INFO] max_test_acc: 72.8837%
[2023-07-27 1100 - INFO] max_lr: 0.0001, min_lr: 0.0001
[2023-07-27 1100 - INFO] ======================================
[2023-07-27 1101 - INFO] epoch: 27/50
[2023-07-27 1101 - INFO] learning_rate: 0.0001
[2023-07-27 1101 - INFO] train_acc: 71.4120%, train_loss: 0.0090
[2023-07-27 1101 - INFO] test_acc: 73.2093%, test_loss: 0.0087
[2023-07-27 1101 - INFO] max_train_acc: 71.4120%
[2023-07-27 1101 - INFO] max_test_acc: 73.2093%
[2023-07-27 1101 - INFO] max_lr: 0.0001, min_lr: 0.0001
[2023-07-27 1101 - INFO] ======================================
[2023-07-27 1101 - INFO] epoch: 28/50
[2023-07-27 1101 - INFO] learning_rate: 0.0001
[2023-07-27 1101 - INFO] train_acc: 71.5689%, train_loss: 0.0090
[2023-07-27 1101 - INFO] test_acc: 72.9767%, test_loss: 0.0087
[2023-07-27 1101 - INFO] max_train_acc: 71.5689%
[2023-07-27 1101 - INFO] max_test_acc: 73.2093%
[2023-07-27 1101 - INFO] max_lr: 0.0001, min_lr: 0.0001
[2023-07-27 1101 - INFO] ======================================
[2023-07-27 1102 - INFO] epoch: 29/50
[2023-07-27 1102 - INFO] learning_rate: 0.0001
[2023-07-27 1102 - INFO] train_acc: 71.8245%, train_loss: 0.0090
[2023-07-27 1102 - INFO] test_acc: 72.9767%, test_loss: 0.0087
[2023-07-27 1102 - INFO] max_train_acc: 71.8245%
[2023-07-27 1102 - INFO] max_test_acc: 73.2093%
[2023-07-27 1102 - INFO] max_lr: 0.0001, min_lr: 0.0001
[2023-07-27 1102 - INFO] ======================================
[2023-07-27 1102 - INFO] epoch: 30/50
[2023-07-27 1102 - INFO] learning_rate: 0.0001
[2023-07-27 1102 - INFO] train_acc: 71.4120%, train_loss: 0.0090
[2023-07-27 1102 - INFO] test_acc: 73.0930%, test_loss: 0.0087
[2023-07-27 1102 - INFO] max_train_acc: 71.8245%
[2023-07-27 1102 - INFO] max_test_acc: 73.2093%
[2023-07-27 1102 - INFO] max_lr: 0.0001, min_lr: 0.0001
[2023-07-27 1102 - INFO] ======================================
[2023-07-27 1103 - INFO] epoch: 31/50
[2023-07-27 1103 - INFO] learning_rate: 0.0001
[2023-07-27 1103 - INFO] train_acc: 71.6095%, train_loss: 0.0090
[2023-07-27 1103 - INFO] test_acc: 73.0930%, test_loss: 0.0087
[2023-07-27 1103 - INFO] max_train_acc: 71.8245%
[2023-07-27 1103 - INFO] max_test_acc: 73.2093%
[2023-07-27 1103 - INFO] max_lr: 0.0001, min_lr: 0.0001
[2023-07-27 1103 - INFO] ======================================
[2023-07-27 1103 - INFO] epoch: 32/50
[2023-07-27 1103 - INFO] learning_rate: 0.0001
[2023-07-27 1103 - INFO] train_acc: 71.7955%, train_loss: 0.0090
[2023-07-27 1103 - INFO] test_acc: 73.3488%, test_loss: 0.0086
[2023-07-27 1103 - INFO] max_train_acc: 71.8245%
[2023-07-27 1103 - INFO] max_test_acc: 73.3488%
[2023-07-27 1103 - INFO] max_lr: 0.0001, min_lr: 0.0001
[2023-07-27 1103 - INFO] ======================================
[2023-07-27 1104 - INFO] epoch: 33/50
[2023-07-27 1104 - INFO] learning_rate: 0.0001
[2023-07-27 1104 - INFO] train_acc: 71.7838%, train_loss: 0.0090
[2023-07-27 1104 - INFO] test_acc: 73.3488%, test_loss: 0.0086
[2023-07-27 1104 - INFO] max_train_acc: 71.8245%
[2023-07-27 1104 - INFO] max_test_acc: 73.3488%
[2023-07-27 1104 - INFO] max_lr: 0.0001, min_lr: 0.0001
[2023-07-27 1104 - INFO] ======================================
[2023-07-27 1105 - INFO] epoch: 34/50
[2023-07-27 1105 - INFO] learning_rate: 0.0001
[2023-07-27 1105 - INFO] train_acc: 72.0976%, train_loss: 0.0090
[2023-07-27 1105 - INFO] test_acc: 73.5814%, test_loss: 0.0086
[2023-07-27 1105 - INFO] max_train_acc: 72.0976%
[2023-07-27 1105 - INFO] max_test_acc: 73.5814%
[2023-07-27 1105 - INFO] max_lr: 0.0001, min_lr: 0.0001
[2023-07-27 1105 - INFO] ======================================
[2023-07-27 1105 - INFO] epoch: 35/50
[2023-07-27 1105 - INFO] learning_rate: 0.0001
[2023-07-27 1105 - INFO] train_acc: 71.9872%, train_loss: 0.0089
[2023-07-27 1105 - INFO] test_acc: 73.3953%, test_loss: 0.0086
[2023-07-27 1105 - INFO] max_train_acc: 72.0976%
[2023-07-27 1105 - INFO] max_test_acc: 73.5814%
[2023-07-27 1105 - INFO] max_lr: 0.0001, min_lr: 0.0001
[2023-07-27 1105 - INFO] ======================================
[2023-07-27 1106 - INFO] epoch: 36/50
[2023-07-27 1106 - INFO] learning_rate: 0.0001
[2023-07-27 1106 - INFO] train_acc: 71.8826%, train_loss: 0.0089
[2023-07-27 1106 - INFO] test_acc: 73.6047%, test_loss: 0.0086
[2023-07-27 1106 - INFO] max_train_acc: 72.0976%
[2023-07-27 1106 - INFO] max_test_acc: 73.6047%
[2023-07-27 1106 - INFO] max_lr: 0.0001, min_lr: 0.0001
[2023-07-27 1106 - INFO] ======================================
[2023-07-27 1106 - INFO] epoch: 37/50
[2023-07-27 1106 - INFO] learning_rate: 0.0001
[2023-07-27 1106 - INFO] train_acc: 71.6386%, train_loss: 0.0090
[2023-07-27 1106 - INFO] test_acc: 73.7442%, test_loss: 0.0086
[2023-07-27 1106 - INFO] max_train_acc: 72.0976%
[2023-07-27 1106 - INFO] max_test_acc: 73.7442%
[2023-07-27 1106 - INFO] max_lr: 0.0001, min_lr: 0.0001
[2023-07-27 1106 - INFO] ======================================
[2023-07-27 1107 - INFO] epoch: 38/50
[2023-07-27 1107 - INFO] learning_rate: 0.0001
[2023-07-27 1107 - INFO] train_acc: 72.1557%, train_loss: 0.0089
[2023-07-27 1107 - INFO] test_acc: 73.7907%, test_loss: 0.0086
[2023-07-27 1107 - INFO] max_train_acc: 72.1557%
[2023-07-27 1107 - INFO] max_test_acc: 73.7907%
[2023-07-27 1107 - INFO] max_lr: 0.0001, min_lr: 0.0001
[2023-07-27 1107 - INFO] ======================================
[2023-07-27 1107 - INFO] epoch: 39/50
[2023-07-27 1107 - INFO] learning_rate: 0.0001
[2023-07-27 1107 - INFO] train_acc: 71.8245%, train_loss: 0.0089
[2023-07-27 1107 - INFO] test_acc: 73.9302%, test_loss: 0.0086
[2023-07-27 1107 - INFO] max_train_acc: 72.1557%
[2023-07-27 1107 - INFO] max_test_acc: 73.9302%
[2023-07-27 1107 - INFO] max_lr: 0.0001, min_lr: 0.0001
[2023-07-27 1107 - INFO] ======================================
[2023-07-27 1108 - INFO] epoch: 40/50
[2023-07-27 1108 - INFO] learning_rate: 0.0001
[2023-07-27 1108 - INFO] train_acc: 72.1267%, train_loss: 0.0089
[2023-07-27 1108 - INFO] test_acc: 73.8140%, test_loss: 0.0086
[2023-07-27 1108 - INFO] max_train_acc: 72.1557%
[2023-07-27 1108 - INFO] max_test_acc: 73.9302%
[2023-07-27 1108 - INFO] max_lr: 0.0001, min_lr: 0.0001
[2023-07-27 1108 - INFO] ======================================
[2023-07-27 1108 - INFO] epoch: 41/50
[2023-07-27 1108 - INFO] learning_rate: 0.0001
[2023-07-27 1108 - INFO] train_acc: 71.8826%, train_loss: 0.0089
[2023-07-27 1108 - INFO] test_acc: 74.1395%, test_loss: 0.0085
[2023-07-27 1108 - INFO] max_train_acc: 72.1557%
[2023-07-27 1108 - INFO] max_test_acc: 74.1395%
[2023-07-27 1108 - INFO] max_lr: 0.0001, min_lr: 0.0001
[2023-07-27 1108 - INFO] ======================================
[2023-07-27 1109 - INFO] epoch: 42/50
[2023-07-27 1109 - INFO] learning_rate: 0.0001
[2023-07-27 1109 - INFO] train_acc: 72.0046%, train_loss: 0.0089
[2023-07-27 1109 - INFO] test_acc: 74.3488%, test_loss: 0.0085
[2023-07-27 1109 - INFO] max_train_acc: 72.1557%
[2023-07-27 1109 - INFO] max_test_acc: 74.3488%
[2023-07-27 1109 - INFO] max_lr: 0.0001, min_lr: 0.0001
[2023-07-27 1109 - INFO] ======================================
[2023-07-27 1109 - INFO] epoch: 43/50
[2023-07-27 1109 - INFO] learning_rate: 0.0001
[2023-07-27 1109 - INFO] train_acc: 72.6264%, train_loss: 0.0089
[2023-07-27 1109 - INFO] test_acc: 74.1163%, test_loss: 0.0085
[2023-07-27 1109 - INFO] max_train_acc: 72.6264%
[2023-07-27 1109 - INFO] max_test_acc: 74.3488%
[2023-07-27 1109 - INFO] max_lr: 0.0001, min_lr: 0.0001
[2023-07-27 1109 - INFO] ======================================
[2023-07-27 1110 - INFO] epoch: 44/50
[2023-07-27 1110 - INFO] learning_rate: 0.0001
[2023-07-27 1110 - INFO] train_acc: 72.3184%, train_loss: 0.0089
[2023-07-27 1110 - INFO] test_acc: 74.3023%, test_loss: 0.0085
[2023-07-27 1110 - INFO] max_train_acc: 72.6264%
[2023-07-27 1110 - INFO] max_test_acc: 74.3488%
[2023-07-27 1110 - INFO] max_lr: 0.0001, min_lr: 0.0001
[2023-07-27 1110 - INFO] ======================================
[2023-07-27 1110 - INFO] epoch: 45/50
[2023-07-27 1110 - INFO] learning_rate: 0.0001
[2023-07-27 1110 - INFO] train_acc: 72.2603%, train_loss: 0.0089
[2023-07-27 1110 - INFO] test_acc: 74.2558%, test_loss: 0.0085
[2023-07-27 1110 - INFO] max_train_acc: 72.6264%
[2023-07-27 1110 - INFO] max_test_acc: 74.3488%
[2023-07-27 1110 - INFO] max_lr: 0.0001, min_lr: 0.0001
[2023-07-27 1110 - INFO] ======================================
[2023-07-27 1111 - INFO] epoch: 46/50
[2023-07-27 1111 - INFO] learning_rate: 0.0001
[2023-07-27 1111 - INFO] train_acc: 72.4695%, train_loss: 0.0089
[2023-07-27 1111 - INFO] test_acc: 74.4419%, test_loss: 0.0085
[2023-07-27 1111 - INFO] max_train_acc: 72.6264%
[2023-07-27 1111 - INFO] max_test_acc: 74.4419%
[2023-07-27 1111 - INFO] max_lr: 0.0001, min_lr: 0.0001
[2023-07-27 1111 - INFO] ======================================
[2023-07-27 1112 - INFO] epoch: 47/50
[2023-07-27 1112 - INFO] learning_rate: 0.0001
[2023-07-27 1112 - INFO] train_acc: 72.4753%, train_loss: 0.0089
[2023-07-27 1112 - INFO] test_acc: 74.5116%, test_loss: 0.0085
[2023-07-27 1112 - INFO] max_train_acc: 72.6264%
[2023-07-27 1112 - INFO] max_test_acc: 74.5116%
[2023-07-27 1112 - INFO] max_lr: 0.0001, min_lr: 0.0001
[2023-07-27 1112 - INFO] ======================================
[2023-07-27 1112 - INFO] epoch: 48/50
[2023-07-27 1112 - INFO] learning_rate: 0.0001
[2023-07-27 1112 - INFO] train_acc: 72.3242%, train_loss: 0.0089
[2023-07-27 1112 - INFO] test_acc: 74.3256%, test_loss: 0.0085
[2023-07-27 1112 - INFO] max_train_acc: 72.6264%
[2023-07-27 1112 - INFO] max_test_acc: 74.5116%
[2023-07-27 1112 - INFO] max_lr: 0.0001, min_lr: 0.0001
[2023-07-27 1112 - INFO] ======================================
[2023-07-27 1113 - INFO] epoch: 49/50
[2023-07-27 1113 - INFO] learning_rate: 0.0001
[2023-07-27 1113 - INFO] train_acc: 72.7368%, train_loss: 0.0089
[2023-07-27 1113 - INFO] test_acc: 74.5116%, test_loss: 0.0085
[2023-07-27 1113 - INFO] max_train_acc: 72.7368%
[2023-07-27 1113 - INFO] max_test_acc: 74.5116%
[2023-07-27 1113 - INFO] max_lr: 0.0001, min_lr: 0.0001
[2023-07-27 1113 - INFO] ======================================
[2023-07-27 1113 - INFO] epoch: 50/50
[2023-07-27 1113 - INFO] learning_rate: 0.0001
[2023-07-27 1113 - INFO] train_acc: 72.3475%, train_loss: 0.0089
[2023-07-27 1113 - INFO] test_acc: 74.3953%, test_loss: 0.0085
[2023-07-27 1113 - INFO] max_train_acc: 72.7368%
[2023-07-27 1113 - INFO] max_test_acc: 74.5116%
[2023-07-27 1113 - INFO] max_lr: 0.0001, min_lr: 0.0001
[2023-07-27 1113 - INFO] ======================================
