[2023-07-26 14:25:02 - INFO:] # batch_size = 128
[2023-07-26 14:25:02 - INFO:] # learning_rate = 0.005
[2023-07-26 14:25:02 - INFO:] # num_epochs = 200
[2023-07-26 14:25:02 - INFO:] # padding_size = 3500
[2023-07-26 14:25:02 - INFO:] # criterion = CrossEntropyLoss()
[2023-07-26 14:25:02 - INFO:] # scheduler = <torch.optim.lr_scheduler.LambdaLR object at 0x0000022EC6B034C0>
[2023-07-26 14:25:02 - INFO:] # optimizer = AdamW (
Parameter Group 0
    amsgrad: False
    betas: (0.9, 0.98)
    capturable: False
    differentiable: False
    eps: 1e-08
    foreach: None
    fused: None
    initial_lr: 0.005
    lr: 0.0
    maximize: False
    weight_decay: 0.01
)
[2023-07-26 14:25:02 - INFO:] -------------------------------
[2023-07-26 14:27:56 - INFO:] epoch: 1/200
[2023-07-26 14:27:56 - INFO:] learning_rate: 0.0000
[2023-07-26 14:27:56 - INFO:] train_acc: 13.2327%, train_loss: 0.0057
[2023-07-26 14:27:56 - INFO:] test_acc: 20.3178%, test_loss: 0.0056
[2023-07-26 14:27:56 - INFO:] max_train_acc: 13.2327%
[2023-07-26 14:27:56 - INFO:] max_test_acc: 20.3178%
[2023-07-26 14:27:56 - INFO:] max_lr: 0.0000, min_lr: 0.0000
[2023-07-26 14:27:56 - INFO:] ======================================
[2023-07-26 14:30:52 - INFO:] epoch: 2/200
[2023-07-26 14:30:52 - INFO:] learning_rate: 0.0000
[2023-07-26 14:30:52 - INFO:] train_acc: 15.5587%, train_loss: 0.0056
[2023-07-26 14:30:52 - INFO:] test_acc: 22.8951%, test_loss: 0.0056
[2023-07-26 14:30:52 - INFO:] max_train_acc: 15.5587%
[2023-07-26 14:30:52 - INFO:] max_test_acc: 22.8951%
[2023-07-26 14:30:52 - INFO:] max_lr: 0.0000, min_lr: 0.0000
[2023-07-26 14:30:52 - INFO:] ======================================
