[2023-0802 1701 - INFO] <<< BEATs_iter3_plus_AS2M - 1 fc layer >>> 
[2023-0802 1701 - INFO] # trainset_size = 17010
[2023-0802 1701 - INFO] # testset_size = 22970
[2023-0802 1701 - INFO] # train_a/p = 8505/8505
[2023-0802 1701 - INFO] # test_a/p = 20920/2050
[2023-0802 1701 - INFO] # batch_size = 128
[2023-0802 1701 - INFO] # learning_rate = 0.001
[2023-0802 1701 - INFO] # num_epochs = 100
[2023-0802 1701 - INFO] # padding_size = 3500
[2023-0802 1701 - INFO] # criterion = CrossEntropyLoss()
[2023-0802 1701 - INFO] # scheduler = <torch.optim.lr_scheduler.CosineAnnealingLR object at 0x000002579A0C0E50>
[2023-0802 1701 - INFO] # optimizer = AdamW (
Parameter Group 0
    amsgrad: False
    betas: (0.9, 0.999)
    capturable: False
    differentiable: False
    eps: 1e-08
    foreach: None
    fused: None
    initial_lr: 0.001
    lr: 0.001
    maximize: False
    weight_decay: 0.01
)
[2023-0802 1701 - INFO] -------------------------------------
[2023-0802 1703 - INFO] epoch: 1/100
[2023-0802 1703 - INFO] learning_rate: 0.0010
[2023-0802 1703 - INFO] train_acc: 71.346%, train_loss: 0.0043
[2023-0802 1703 - INFO] test_acc: 81.911%, test_loss: 0.0031
[2023-0802 1703 - INFO] max_train_acc: 71.346%
[2023-0802 1703 - INFO] max_test_acc: 81.911%
[2023-0802 1703 - INFO] max_lr: 0.0010, min_lr: 0.0010
[2023-0802 1703 - INFO] ======================================
[2023-0802 1704 - INFO] epoch: 2/100
[2023-0802 1704 - INFO] learning_rate: 0.0009
[2023-0802 1704 - INFO] train_acc: 74.527%, train_loss: 0.0040
[2023-0802 1704 - INFO] test_acc: 81.863%, test_loss: 0.0030
[2023-0802 1704 - INFO] max_train_acc: 74.527%
[2023-0802 1704 - INFO] max_test_acc: 81.911%
[2023-0802 1704 - INFO] max_lr: 0.0010, min_lr: 0.0009
[2023-0802 1704 - INFO] ======================================
[2023-0802 1705 - INFO] epoch: 3/100
[2023-0802 1705 - INFO] learning_rate: 0.0008
[2023-0802 1705 - INFO] train_acc: 75.450%, train_loss: 0.0039
[2023-0802 1705 - INFO] test_acc: 79.791%, test_loss: 0.0033
[2023-0802 1705 - INFO] max_train_acc: 75.450%
[2023-0802 1705 - INFO] max_test_acc: 81.911%
[2023-0802 1705 - INFO] max_lr: 0.0010, min_lr: 0.0008
[2023-0802 1705 - INFO] ======================================
[2023-0802 1706 - INFO] epoch: 4/100
[2023-0802 1706 - INFO] learning_rate: 0.0007
[2023-0802 1706 - INFO] train_acc: 75.350%, train_loss: 0.0039
[2023-0802 1706 - INFO] test_acc: 81.093%, test_loss: 0.0031
[2023-0802 1706 - INFO] max_train_acc: 75.450%
[2023-0802 1706 - INFO] max_test_acc: 81.911%
[2023-0802 1706 - INFO] max_lr: 0.0010, min_lr: 0.0007
[2023-0802 1706 - INFO] ======================================
[2023-0802 1707 - INFO] epoch: 5/100
[2023-0802 1707 - INFO] learning_rate: 0.0005
[2023-0802 1707 - INFO] train_acc: 75.273%, train_loss: 0.0038
[2023-0802 1707 - INFO] test_acc: 80.431%, test_loss: 0.0031
[2023-0802 1707 - INFO] max_train_acc: 75.450%
[2023-0802 1707 - INFO] max_test_acc: 81.911%
[2023-0802 1707 - INFO] max_lr: 0.0010, min_lr: 0.0005
[2023-0802 1707 - INFO] ======================================
[2023-0802 1709 - INFO] epoch: 6/100
[2023-0802 1709 - INFO] learning_rate: 0.0003
[2023-0802 1709 - INFO] train_acc: 75.350%, train_loss: 0.0038
[2023-0802 1709 - INFO] test_acc: 82.468%, test_loss: 0.0029
[2023-0802 1709 - INFO] max_train_acc: 75.450%
[2023-0802 1709 - INFO] max_test_acc: 82.468%
[2023-0802 1709 - INFO] max_lr: 0.0010, min_lr: 0.0003
[2023-0802 1709 - INFO] ======================================
[2023-0802 1710 - INFO] epoch: 7/100
[2023-0802 1710 - INFO] learning_rate: 0.0002
[2023-0802 1710 - INFO] train_acc: 75.573%, train_loss: 0.0038
[2023-0802 1710 - INFO] test_acc: 80.144%, test_loss: 0.0032
[2023-0802 1710 - INFO] max_train_acc: 75.573%
[2023-0802 1710 - INFO] max_test_acc: 82.468%
[2023-0802 1710 - INFO] max_lr: 0.0010, min_lr: 0.0002
[2023-0802 1710 - INFO] ======================================
[2023-0802 1711 - INFO] epoch: 8/100
[2023-0802 1711 - INFO] learning_rate: 0.0001
[2023-0802 1711 - INFO] train_acc: 75.902%, train_loss: 0.0038
[2023-0802 1711 - INFO] test_acc: 81.411%, test_loss: 0.0030
[2023-0802 1711 - INFO] max_train_acc: 75.902%
[2023-0802 1711 - INFO] max_test_acc: 82.468%
[2023-0802 1711 - INFO] max_lr: 0.0010, min_lr: 0.0001
[2023-0802 1711 - INFO] ======================================
[2023-0802 1712 - INFO] epoch: 9/100
[2023-0802 1712 - INFO] learning_rate: 0.0000
[2023-0802 1712 - INFO] train_acc: 75.802%, train_loss: 0.0038
[2023-0802 1712 - INFO] test_acc: 80.627%, test_loss: 0.0031
[2023-0802 1712 - INFO] max_train_acc: 75.902%
[2023-0802 1712 - INFO] max_test_acc: 82.468%
[2023-0802 1712 - INFO] max_lr: 0.0010, min_lr: 0.0000
[2023-0802 1712 - INFO] ======================================
[2023-0802 1713 - INFO] epoch: 10/100
[2023-0802 1713 - INFO] learning_rate: 0.0000
[2023-0802 1713 - INFO] train_acc: 75.850%, train_loss: 0.0038
[2023-0802 1713 - INFO] test_acc: 80.596%, test_loss: 0.0031
[2023-0802 1713 - INFO] max_train_acc: 75.902%
[2023-0802 1713 - INFO] max_test_acc: 82.468%
[2023-0802 1713 - INFO] max_lr: 0.0010, min_lr: 0.0000
[2023-0802 1713 - INFO] ======================================
[2023-0802 1714 - INFO] epoch: 11/100
[2023-0802 1714 - INFO] learning_rate: 0.0000
[2023-0802 1714 - INFO] train_acc: 75.761%, train_loss: 0.0038
[2023-0802 1714 - INFO] test_acc: 80.566%, test_loss: 0.0031
[2023-0802 1714 - INFO] max_train_acc: 75.902%
[2023-0802 1714 - INFO] max_test_acc: 82.468%
[2023-0802 1714 - INFO] max_lr: 0.0010, min_lr: 0.0000
[2023-0802 1714 - INFO] ======================================
[2023-0802 1715 - INFO] epoch: 12/100
[2023-0802 1715 - INFO] learning_rate: 0.0001
[2023-0802 1715 - INFO] train_acc: 76.273%, train_loss: 0.0038
[2023-0802 1715 - INFO] test_acc: 80.514%, test_loss: 0.0031
[2023-0802 1715 - INFO] max_train_acc: 76.273%
[2023-0802 1715 - INFO] max_test_acc: 82.468%
[2023-0802 1715 - INFO] max_lr: 0.0010, min_lr: 0.0000
[2023-0802 1715 - INFO] ======================================
[2023-0802 1717 - INFO] epoch: 13/100
[2023-0802 1717 - INFO] learning_rate: 0.0002
[2023-0802 1717 - INFO] train_acc: 75.632%, train_loss: 0.0038
[2023-0802 1717 - INFO] test_acc: 80.287%, test_loss: 0.0032
[2023-0802 1717 - INFO] max_train_acc: 76.273%
[2023-0802 1717 - INFO] max_test_acc: 82.468%
[2023-0802 1717 - INFO] max_lr: 0.0010, min_lr: 0.0000
[2023-0802 1717 - INFO] ======================================
[2023-0802 1717 - INFO] epoch: 14/100
[2023-0802 1717 - INFO] learning_rate: 0.0003
[2023-0802 1717 - INFO] train_acc: 75.744%, train_loss: 0.0038
[2023-0802 1717 - INFO] test_acc: 81.916%, test_loss: 0.0029
[2023-0802 1717 - INFO] max_train_acc: 76.273%
[2023-0802 1717 - INFO] max_test_acc: 82.468%
[2023-0802 1717 - INFO] max_lr: 0.0010, min_lr: 0.0000
[2023-0802 1717 - INFO] ======================================
[2023-0802 1718 - INFO] epoch: 15/100
[2023-0802 1718 - INFO] learning_rate: 0.0005
[2023-0802 1718 - INFO] train_acc: 75.585%, train_loss: 0.0038
[2023-0802 1718 - INFO] test_acc: 80.601%, test_loss: 0.0031
[2023-0802 1718 - INFO] max_train_acc: 76.273%
[2023-0802 1718 - INFO] max_test_acc: 82.468%
[2023-0802 1718 - INFO] max_lr: 0.0010, min_lr: 0.0000
[2023-0802 1718 - INFO] ======================================
[2023-0802 1719 - INFO] epoch: 16/100
[2023-0802 1719 - INFO] learning_rate: 0.0007
[2023-0802 1719 - INFO] train_acc: 76.108%, train_loss: 0.0037
[2023-0802 1719 - INFO] test_acc: 82.595%, test_loss: 0.0029
[2023-0802 1719 - INFO] max_train_acc: 76.273%
[2023-0802 1719 - INFO] max_test_acc: 82.595%
[2023-0802 1719 - INFO] max_lr: 0.0010, min_lr: 0.0000
[2023-0802 1719 - INFO] ======================================
[2023-0802 1720 - INFO] epoch: 17/100
[2023-0802 1720 - INFO] learning_rate: 0.0008
[2023-0802 1720 - INFO] train_acc: 75.902%, train_loss: 0.0038
[2023-0802 1720 - INFO] test_acc: 76.831%, test_loss: 0.0036
[2023-0802 1720 - INFO] max_train_acc: 76.273%
[2023-0802 1720 - INFO] max_test_acc: 82.595%
[2023-0802 1720 - INFO] max_lr: 0.0010, min_lr: 0.0000
[2023-0802 1720 - INFO] ======================================
[2023-0802 1721 - INFO] epoch: 18/100
[2023-0802 1721 - INFO] learning_rate: 0.0009
[2023-0802 1721 - INFO] train_acc: 76.232%, train_loss: 0.0037
[2023-0802 1721 - INFO] test_acc: 75.951%, test_loss: 0.0036
[2023-0802 1721 - INFO] max_train_acc: 76.273%
[2023-0802 1721 - INFO] max_test_acc: 82.595%
[2023-0802 1721 - INFO] max_lr: 0.0010, min_lr: 0.0000
[2023-0802 1721 - INFO] ======================================
[2023-0802 1722 - INFO] epoch: 19/100
[2023-0802 1722 - INFO] learning_rate: 0.0010
[2023-0802 1722 - INFO] train_acc: 75.432%, train_loss: 0.0038
[2023-0802 1722 - INFO] test_acc: 81.963%, test_loss: 0.0029
[2023-0802 1722 - INFO] max_train_acc: 76.273%
[2023-0802 1722 - INFO] max_test_acc: 82.595%
[2023-0802 1722 - INFO] max_lr: 0.0010, min_lr: 0.0000
[2023-0802 1722 - INFO] ======================================
[2023-0802 1723 - INFO] epoch: 20/100
[2023-0802 1723 - INFO] learning_rate: 0.0010
[2023-0802 1723 - INFO] train_acc: 76.055%, train_loss: 0.0038
[2023-0802 1723 - INFO] test_acc: 80.004%, test_loss: 0.0032
[2023-0802 1723 - INFO] max_train_acc: 76.273%
[2023-0802 1723 - INFO] max_test_acc: 82.595%
[2023-0802 1723 - INFO] max_lr: 0.0010, min_lr: 0.0000
[2023-0802 1723 - INFO] ======================================
[2023-0802 1724 - INFO] epoch: 21/100
[2023-0802 1724 - INFO] learning_rate: 0.0010
[2023-0802 1724 - INFO] train_acc: 75.879%, train_loss: 0.0038
[2023-0802 1724 - INFO] test_acc: 79.552%, test_loss: 0.0033
[2023-0802 1724 - INFO] max_train_acc: 76.273%
[2023-0802 1724 - INFO] max_test_acc: 82.595%
[2023-0802 1724 - INFO] max_lr: 0.0010, min_lr: 0.0000
[2023-0802 1724 - INFO] ======================================
[2023-0802 1725 - INFO] epoch: 22/100
[2023-0802 1725 - INFO] learning_rate: 0.0009
[2023-0802 1725 - INFO] train_acc: 75.661%, train_loss: 0.0037
[2023-0802 1725 - INFO] test_acc: 79.826%, test_loss: 0.0032
[2023-0802 1725 - INFO] max_train_acc: 76.273%
[2023-0802 1725 - INFO] max_test_acc: 82.595%
[2023-0802 1725 - INFO] max_lr: 0.0010, min_lr: 0.0000
[2023-0802 1725 - INFO] ======================================
[2023-0802 1726 - INFO] epoch: 23/100
[2023-0802 1726 - INFO] learning_rate: 0.0008
[2023-0802 1726 - INFO] train_acc: 76.055%, train_loss: 0.0037
[2023-0802 1726 - INFO] test_acc: 77.610%, test_loss: 0.0035
[2023-0802 1726 - INFO] max_train_acc: 76.273%
[2023-0802 1726 - INFO] max_test_acc: 82.595%
[2023-0802 1726 - INFO] max_lr: 0.0010, min_lr: 0.0000
[2023-0802 1726 - INFO] ======================================
[2023-0802 1727 - INFO] epoch: 24/100
[2023-0802 1727 - INFO] learning_rate: 0.0007
[2023-0802 1727 - INFO] train_acc: 75.673%, train_loss: 0.0038
[2023-0802 1727 - INFO] test_acc: 74.889%, test_loss: 0.0038
[2023-0802 1727 - INFO] max_train_acc: 76.273%
[2023-0802 1727 - INFO] max_test_acc: 82.595%
[2023-0802 1727 - INFO] max_lr: 0.0010, min_lr: 0.0000
[2023-0802 1727 - INFO] ======================================
[2023-0802 1728 - INFO] epoch: 25/100
[2023-0802 1728 - INFO] learning_rate: 0.0005
[2023-0802 1728 - INFO] train_acc: 76.108%, train_loss: 0.0037
[2023-0802 1728 - INFO] test_acc: 76.661%, test_loss: 0.0036
[2023-0802 1728 - INFO] max_train_acc: 76.273%
[2023-0802 1728 - INFO] max_test_acc: 82.595%
[2023-0802 1728 - INFO] max_lr: 0.0010, min_lr: 0.0000
[2023-0802 1728 - INFO] ======================================
[2023-0802 1729 - INFO] epoch: 26/100
[2023-0802 1729 - INFO] learning_rate: 0.0003
[2023-0802 1729 - INFO] train_acc: 76.108%, train_loss: 0.0037
[2023-0802 1729 - INFO] test_acc: 77.088%, test_loss: 0.0035
[2023-0802 1729 - INFO] max_train_acc: 76.273%
[2023-0802 1729 - INFO] max_test_acc: 82.595%
[2023-0802 1729 - INFO] max_lr: 0.0010, min_lr: 0.0000
[2023-0802 1729 - INFO] ======================================
[2023-0802 1730 - INFO] epoch: 27/100
[2023-0802 1730 - INFO] learning_rate: 0.0002
[2023-0802 1730 - INFO] train_acc: 75.926%, train_loss: 0.0038
[2023-0802 1730 - INFO] test_acc: 77.540%, test_loss: 0.0035
[2023-0802 1730 - INFO] max_train_acc: 76.273%
[2023-0802 1730 - INFO] max_test_acc: 82.595%
[2023-0802 1730 - INFO] max_lr: 0.0010, min_lr: 0.0000
[2023-0802 1730 - INFO] ======================================
[2023-0802 1731 - INFO] epoch: 28/100
[2023-0802 1731 - INFO] learning_rate: 0.0001
[2023-0802 1731 - INFO] train_acc: 75.644%, train_loss: 0.0037
[2023-0802 1731 - INFO] test_acc: 79.682%, test_loss: 0.0032
[2023-0802 1731 - INFO] max_train_acc: 76.273%
[2023-0802 1731 - INFO] max_test_acc: 82.595%
[2023-0802 1731 - INFO] max_lr: 0.0010, min_lr: 0.0000
[2023-0802 1731 - INFO] ======================================
[2023-0802 1732 - INFO] epoch: 29/100
[2023-0802 1732 - INFO] learning_rate: 0.0000
[2023-0802 1732 - INFO] train_acc: 76.296%, train_loss: 0.0037
[2023-0802 1732 - INFO] test_acc: 79.917%, test_loss: 0.0032
[2023-0802 1732 - INFO] max_train_acc: 76.296%
[2023-0802 1732 - INFO] max_test_acc: 82.595%
[2023-0802 1732 - INFO] max_lr: 0.0010, min_lr: 0.0000
[2023-0802 1732 - INFO] ======================================
[2023-0802 1733 - INFO] epoch: 30/100
[2023-0802 1733 - INFO] learning_rate: 0.0000
[2023-0802 1733 - INFO] train_acc: 76.285%, train_loss: 0.0037
[2023-0802 1733 - INFO] test_acc: 79.935%, test_loss: 0.0032
[2023-0802 1733 - INFO] max_train_acc: 76.296%
[2023-0802 1733 - INFO] max_test_acc: 82.595%
[2023-0802 1733 - INFO] max_lr: 0.0010, min_lr: 0.0000
[2023-0802 1733 - INFO] ======================================
[2023-0802 1734 - INFO] epoch: 31/100
[2023-0802 1734 - INFO] learning_rate: 0.0000
[2023-0802 1734 - INFO] train_acc: 76.549%, train_loss: 0.0037
[2023-0802 1734 - INFO] test_acc: 79.896%, test_loss: 0.0032
[2023-0802 1734 - INFO] max_train_acc: 76.549%
[2023-0802 1734 - INFO] max_test_acc: 82.595%
[2023-0802 1734 - INFO] max_lr: 0.0010, min_lr: 0.0000
[2023-0802 1734 - INFO] ======================================
[2023-0802 1735 - INFO] epoch: 32/100
[2023-0802 1735 - INFO] learning_rate: 0.0001
[2023-0802 1735 - INFO] train_acc: 76.008%, train_loss: 0.0037
[2023-0802 1735 - INFO] test_acc: 79.769%, test_loss: 0.0032
[2023-0802 1735 - INFO] max_train_acc: 76.549%
[2023-0802 1735 - INFO] max_test_acc: 82.595%
[2023-0802 1735 - INFO] max_lr: 0.0010, min_lr: 0.0000
[2023-0802 1735 - INFO] ======================================
[2023-0802 1736 - INFO] epoch: 33/100
[2023-0802 1736 - INFO] learning_rate: 0.0002
[2023-0802 1736 - INFO] train_acc: 76.332%, train_loss: 0.0037
[2023-0802 1736 - INFO] test_acc: 79.673%, test_loss: 0.0032
[2023-0802 1736 - INFO] max_train_acc: 76.549%
[2023-0802 1736 - INFO] max_test_acc: 82.595%
[2023-0802 1736 - INFO] max_lr: 0.0010, min_lr: 0.0000
[2023-0802 1736 - INFO] ======================================
[2023-0802 1737 - INFO] epoch: 34/100
[2023-0802 1737 - INFO] learning_rate: 0.0003
[2023-0802 1737 - INFO] train_acc: 75.855%, train_loss: 0.0037
[2023-0802 1737 - INFO] test_acc: 77.788%, test_loss: 0.0035
[2023-0802 1737 - INFO] max_train_acc: 76.549%
[2023-0802 1737 - INFO] max_test_acc: 82.595%
[2023-0802 1737 - INFO] max_lr: 0.0010, min_lr: 0.0000
[2023-0802 1737 - INFO] ======================================
[2023-0802 1738 - INFO] epoch: 35/100
[2023-0802 1738 - INFO] learning_rate: 0.0005
[2023-0802 1738 - INFO] train_acc: 76.096%, train_loss: 0.0037
[2023-0802 1738 - INFO] test_acc: 81.602%, test_loss: 0.0030
[2023-0802 1738 - INFO] max_train_acc: 76.549%
[2023-0802 1738 - INFO] max_test_acc: 82.595%
[2023-0802 1738 - INFO] max_lr: 0.0010, min_lr: 0.0000
[2023-0802 1738 - INFO] ======================================
[2023-0802 1739 - INFO] epoch: 36/100
[2023-0802 1739 - INFO] learning_rate: 0.0007
[2023-0802 1739 - INFO] train_acc: 76.196%, train_loss: 0.0037
[2023-0802 1739 - INFO] test_acc: 79.774%, test_loss: 0.0032
[2023-0802 1739 - INFO] max_train_acc: 76.549%
[2023-0802 1739 - INFO] max_test_acc: 82.595%
[2023-0802 1739 - INFO] max_lr: 0.0010, min_lr: 0.0000
[2023-0802 1739 - INFO] ======================================
[2023-0802 1740 - INFO] epoch: 37/100
[2023-0802 1740 - INFO] learning_rate: 0.0008
[2023-0802 1740 - INFO] train_acc: 76.455%, train_loss: 0.0037
[2023-0802 1740 - INFO] test_acc: 80.444%, test_loss: 0.0031
[2023-0802 1740 - INFO] max_train_acc: 76.549%
[2023-0802 1740 - INFO] max_test_acc: 82.595%
[2023-0802 1740 - INFO] max_lr: 0.0010, min_lr: 0.0000
[2023-0802 1740 - INFO] ======================================
[2023-0802 1741 - INFO] epoch: 38/100
[2023-0802 1741 - INFO] learning_rate: 0.0009
[2023-0802 1741 - INFO] train_acc: 76.196%, train_loss: 0.0037
[2023-0802 1741 - INFO] test_acc: 79.486%, test_loss: 0.0032
[2023-0802 1741 - INFO] max_train_acc: 76.549%
[2023-0802 1741 - INFO] max_test_acc: 82.595%
[2023-0802 1741 - INFO] max_lr: 0.0010, min_lr: 0.0000
[2023-0802 1741 - INFO] ======================================
[2023-0802 1742 - INFO] epoch: 39/100
[2023-0802 1742 - INFO] learning_rate: 0.0010
[2023-0802 1742 - INFO] train_acc: 76.044%, train_loss: 0.0038
[2023-0802 1742 - INFO] test_acc: 78.764%, test_loss: 0.0034
[2023-0802 1742 - INFO] max_train_acc: 76.549%
[2023-0802 1742 - INFO] max_test_acc: 82.595%
[2023-0802 1742 - INFO] max_lr: 0.0010, min_lr: 0.0000
[2023-0802 1742 - INFO] ======================================
[2023-0802 1743 - INFO] epoch: 40/100
[2023-0802 1743 - INFO] learning_rate: 0.0010
[2023-0802 1743 - INFO] train_acc: 76.044%, train_loss: 0.0037
[2023-0802 1743 - INFO] test_acc: 82.412%, test_loss: 0.0029
[2023-0802 1743 - INFO] max_train_acc: 76.549%
[2023-0802 1743 - INFO] max_test_acc: 82.595%
[2023-0802 1743 - INFO] max_lr: 0.0010, min_lr: 0.0000
[2023-0802 1743 - INFO] ======================================
[2023-0802 1744 - INFO] epoch: 41/100
[2023-0802 1744 - INFO] learning_rate: 0.0010
[2023-0802 1744 - INFO] train_acc: 76.590%, train_loss: 0.0037
[2023-0802 1744 - INFO] test_acc: 81.728%, test_loss: 0.0030
[2023-0802 1744 - INFO] max_train_acc: 76.590%
[2023-0802 1744 - INFO] max_test_acc: 82.595%
[2023-0802 1744 - INFO] max_lr: 0.0010, min_lr: 0.0000
[2023-0802 1744 - INFO] ======================================
[2023-0802 1745 - INFO] epoch: 42/100
[2023-0802 1745 - INFO] learning_rate: 0.0009
[2023-0802 1745 - INFO] train_acc: 76.102%, train_loss: 0.0037
[2023-0802 1745 - INFO] test_acc: 80.875%, test_loss: 0.0031
[2023-0802 1745 - INFO] max_train_acc: 76.590%
[2023-0802 1745 - INFO] max_test_acc: 82.595%
[2023-0802 1745 - INFO] max_lr: 0.0010, min_lr: 0.0000
[2023-0802 1745 - INFO] ======================================
[2023-0802 1746 - INFO] epoch: 43/100
[2023-0802 1746 - INFO] learning_rate: 0.0008
[2023-0802 1746 - INFO] train_acc: 75.861%, train_loss: 0.0037
[2023-0802 1746 - INFO] test_acc: 85.694%, test_loss: 0.0025
[2023-0802 1746 - INFO] max_train_acc: 76.590%
[2023-0802 1746 - INFO] max_test_acc: 85.694%
[2023-0802 1746 - INFO] max_lr: 0.0010, min_lr: 0.0000
[2023-0802 1746 - INFO] ======================================
[2023-0802 1747 - INFO] epoch: 44/100
[2023-0802 1747 - INFO] learning_rate: 0.0007
[2023-0802 1747 - INFO] train_acc: 75.955%, train_loss: 0.0037
[2023-0802 1747 - INFO] test_acc: 78.968%, test_loss: 0.0033
[2023-0802 1747 - INFO] max_train_acc: 76.590%
[2023-0802 1747 - INFO] max_test_acc: 85.694%
[2023-0802 1747 - INFO] max_lr: 0.0010, min_lr: 0.0000
[2023-0802 1747 - INFO] ======================================
[2023-0802 1748 - INFO] epoch: 45/100
[2023-0802 1748 - INFO] learning_rate: 0.0005
[2023-0802 1748 - INFO] train_acc: 76.102%, train_loss: 0.0037
[2023-0802 1748 - INFO] test_acc: 83.779%, test_loss: 0.0028
[2023-0802 1748 - INFO] max_train_acc: 76.590%
[2023-0802 1748 - INFO] max_test_acc: 85.694%
[2023-0802 1748 - INFO] max_lr: 0.0010, min_lr: 0.0000
[2023-0802 1748 - INFO] ======================================
[2023-0802 1749 - INFO] epoch: 46/100
[2023-0802 1749 - INFO] learning_rate: 0.0003
[2023-0802 1749 - INFO] train_acc: 76.343%, train_loss: 0.0037
[2023-0802 1749 - INFO] test_acc: 78.729%, test_loss: 0.0034
[2023-0802 1749 - INFO] max_train_acc: 76.590%
[2023-0802 1749 - INFO] max_test_acc: 85.694%
[2023-0802 1749 - INFO] max_lr: 0.0010, min_lr: 0.0000
[2023-0802 1749 - INFO] ======================================
[2023-0802 1750 - INFO] epoch: 47/100
[2023-0802 1750 - INFO] learning_rate: 0.0002
[2023-0802 1750 - INFO] train_acc: 76.032%, train_loss: 0.0037
[2023-0802 1750 - INFO] test_acc: 80.879%, test_loss: 0.0031
[2023-0802 1750 - INFO] max_train_acc: 76.590%
[2023-0802 1750 - INFO] max_test_acc: 85.694%
[2023-0802 1750 - INFO] max_lr: 0.0010, min_lr: 0.0000
[2023-0802 1750 - INFO] ======================================
[2023-0802 1751 - INFO] epoch: 48/100
[2023-0802 1751 - INFO] learning_rate: 0.0001
[2023-0802 1751 - INFO] train_acc: 76.196%, train_loss: 0.0037
[2023-0802 1751 - INFO] test_acc: 81.624%, test_loss: 0.0030
[2023-0802 1751 - INFO] max_train_acc: 76.590%
[2023-0802 1751 - INFO] max_test_acc: 85.694%
[2023-0802 1751 - INFO] max_lr: 0.0010, min_lr: 0.0000
[2023-0802 1751 - INFO] ======================================
[2023-0802 1752 - INFO] epoch: 49/100
[2023-0802 1752 - INFO] learning_rate: 0.0000
[2023-0802 1752 - INFO] train_acc: 76.220%, train_loss: 0.0037
[2023-0802 1752 - INFO] test_acc: 79.155%, test_loss: 0.0033
[2023-0802 1752 - INFO] max_train_acc: 76.590%
[2023-0802 1752 - INFO] max_test_acc: 85.694%
[2023-0802 1752 - INFO] max_lr: 0.0010, min_lr: 0.0000
[2023-0802 1752 - INFO] ======================================
[2023-0802 1753 - INFO] epoch: 50/100
[2023-0802 1753 - INFO] learning_rate: 0.0000
[2023-0802 1753 - INFO] train_acc: 76.132%, train_loss: 0.0037
[2023-0802 1753 - INFO] test_acc: 80.287%, test_loss: 0.0032
[2023-0802 1753 - INFO] max_train_acc: 76.590%
[2023-0802 1753 - INFO] max_test_acc: 85.694%
[2023-0802 1753 - INFO] max_lr: 0.0010, min_lr: 0.0000
[2023-0802 1753 - INFO] ======================================
[2023-0802 1754 - INFO] epoch: 51/100
[2023-0802 1754 - INFO] learning_rate: 0.0000
[2023-0802 1754 - INFO] train_acc: 76.138%, train_loss: 0.0037
[2023-0802 1754 - INFO] test_acc: 80.274%, test_loss: 0.0032
[2023-0802 1754 - INFO] max_train_acc: 76.590%
[2023-0802 1754 - INFO] max_test_acc: 85.694%
[2023-0802 1754 - INFO] max_lr: 0.0010, min_lr: 0.0000
[2023-0802 1754 - INFO] ======================================
[2023-0802 1755 - INFO] epoch: 52/100
[2023-0802 1755 - INFO] learning_rate: 0.0001
[2023-0802 1755 - INFO] train_acc: 76.149%, train_loss: 0.0037
[2023-0802 1755 - INFO] test_acc: 80.932%, test_loss: 0.0031
[2023-0802 1755 - INFO] max_train_acc: 76.590%
[2023-0802 1755 - INFO] max_test_acc: 85.694%
[2023-0802 1755 - INFO] max_lr: 0.0010, min_lr: 0.0000
[2023-0802 1755 - INFO] ======================================
[2023-0802 1756 - INFO] epoch: 53/100
[2023-0802 1756 - INFO] learning_rate: 0.0002
[2023-0802 1756 - INFO] train_acc: 76.096%, train_loss: 0.0037
[2023-0802 1756 - INFO] test_acc: 81.550%, test_loss: 0.0031
[2023-0802 1756 - INFO] max_train_acc: 76.590%
[2023-0802 1756 - INFO] max_test_acc: 85.694%
[2023-0802 1756 - INFO] max_lr: 0.0010, min_lr: 0.0000
[2023-0802 1756 - INFO] ======================================
[2023-0802 1757 - INFO] epoch: 54/100
[2023-0802 1757 - INFO] learning_rate: 0.0003
[2023-0802 1757 - INFO] train_acc: 76.202%, train_loss: 0.0037
[2023-0802 1757 - INFO] test_acc: 80.832%, test_loss: 0.0031
[2023-0802 1757 - INFO] max_train_acc: 76.590%
[2023-0802 1757 - INFO] max_test_acc: 85.694%
[2023-0802 1757 - INFO] max_lr: 0.0010, min_lr: 0.0000
[2023-0802 1757 - INFO] ======================================
[2023-0802 1758 - INFO] epoch: 55/100
[2023-0802 1758 - INFO] learning_rate: 0.0005
[2023-0802 1758 - INFO] train_acc: 76.479%, train_loss: 0.0037
[2023-0802 1758 - INFO] test_acc: 79.556%, test_loss: 0.0033
[2023-0802 1758 - INFO] max_train_acc: 76.590%
[2023-0802 1758 - INFO] max_test_acc: 85.694%
[2023-0802 1758 - INFO] max_lr: 0.0010, min_lr: 0.0000
[2023-0802 1758 - INFO] ======================================
[2023-0802 1759 - INFO] epoch: 56/100
[2023-0802 1759 - INFO] learning_rate: 0.0007
[2023-0802 1759 - INFO] train_acc: 75.661%, train_loss: 0.0037
[2023-0802 1759 - INFO] test_acc: 80.078%, test_loss: 0.0032
[2023-0802 1759 - INFO] max_train_acc: 76.590%
[2023-0802 1759 - INFO] max_test_acc: 85.694%
[2023-0802 1759 - INFO] max_lr: 0.0010, min_lr: 0.0000
[2023-0802 1759 - INFO] ======================================
[2023-0802 1800 - INFO] epoch: 57/100
[2023-0802 1800 - INFO] learning_rate: 0.0008
[2023-0802 1800 - INFO] train_acc: 75.914%, train_loss: 0.0037
[2023-0802 1800 - INFO] test_acc: 80.009%, test_loss: 0.0032
[2023-0802 1800 - INFO] max_train_acc: 76.590%
[2023-0802 1800 - INFO] max_test_acc: 85.694%
[2023-0802 1800 - INFO] max_lr: 0.0010, min_lr: 0.0000
[2023-0802 1800 - INFO] ======================================
[2023-0802 1801 - INFO] epoch: 58/100
[2023-0802 1801 - INFO] learning_rate: 0.0009
[2023-0802 1801 - INFO] train_acc: 76.249%, train_loss: 0.0037
[2023-0802 1801 - INFO] test_acc: 77.767%, test_loss: 0.0034
[2023-0802 1801 - INFO] max_train_acc: 76.590%
[2023-0802 1801 - INFO] max_test_acc: 85.694%
[2023-0802 1801 - INFO] max_lr: 0.0010, min_lr: 0.0000
[2023-0802 1801 - INFO] ======================================
[2023-0802 1802 - INFO] epoch: 59/100
[2023-0802 1802 - INFO] learning_rate: 0.0010
[2023-0802 1802 - INFO] train_acc: 75.638%, train_loss: 0.0037
[2023-0802 1802 - INFO] test_acc: 81.062%, test_loss: 0.0031
[2023-0802 1802 - INFO] max_train_acc: 76.590%
[2023-0802 1802 - INFO] max_test_acc: 85.694%
[2023-0802 1802 - INFO] max_lr: 0.0010, min_lr: 0.0000
[2023-0802 1802 - INFO] ======================================
[2023-0802 1803 - INFO] epoch: 60/100
[2023-0802 1803 - INFO] learning_rate: 0.0010
[2023-0802 1803 - INFO] train_acc: 76.073%, train_loss: 0.0037
[2023-0802 1803 - INFO] test_acc: 80.248%, test_loss: 0.0032
[2023-0802 1803 - INFO] max_train_acc: 76.590%
[2023-0802 1803 - INFO] max_test_acc: 85.694%
[2023-0802 1803 - INFO] max_lr: 0.0010, min_lr: 0.0000
[2023-0802 1803 - INFO] ======================================
[2023-0802 1804 - INFO] epoch: 61/100
[2023-0802 1804 - INFO] learning_rate: 0.0010
[2023-0802 1804 - INFO] train_acc: 75.850%, train_loss: 0.0037
[2023-0802 1804 - INFO] test_acc: 81.136%, test_loss: 0.0032
[2023-0802 1804 - INFO] max_train_acc: 76.590%
[2023-0802 1804 - INFO] max_test_acc: 85.694%
[2023-0802 1804 - INFO] max_lr: 0.0010, min_lr: 0.0000
[2023-0802 1804 - INFO] ======================================
[2023-0802 1805 - INFO] epoch: 62/100
[2023-0802 1805 - INFO] learning_rate: 0.0009
[2023-0802 1805 - INFO] train_acc: 75.697%, train_loss: 0.0038
[2023-0802 1805 - INFO] test_acc: 80.239%, test_loss: 0.0032
[2023-0802 1805 - INFO] max_train_acc: 76.590%
[2023-0802 1805 - INFO] max_test_acc: 85.694%
[2023-0802 1805 - INFO] max_lr: 0.0010, min_lr: 0.0000
[2023-0802 1805 - INFO] ======================================
[2023-0802 1806 - INFO] epoch: 63/100
[2023-0802 1806 - INFO] learning_rate: 0.0008
[2023-0802 1806 - INFO] train_acc: 76.014%, train_loss: 0.0037
[2023-0802 1806 - INFO] test_acc: 81.306%, test_loss: 0.0031
[2023-0802 1806 - INFO] max_train_acc: 76.590%
[2023-0802 1806 - INFO] max_test_acc: 85.694%
[2023-0802 1806 - INFO] max_lr: 0.0010, min_lr: 0.0000
[2023-0802 1806 - INFO] ======================================
[2023-0802 1807 - INFO] epoch: 64/100
[2023-0802 1807 - INFO] learning_rate: 0.0007
[2023-0802 1807 - INFO] train_acc: 76.208%, train_loss: 0.0037
[2023-0802 1807 - INFO] test_acc: 80.731%, test_loss: 0.0032
[2023-0802 1807 - INFO] max_train_acc: 76.590%
[2023-0802 1807 - INFO] max_test_acc: 85.694%
[2023-0802 1807 - INFO] max_lr: 0.0010, min_lr: 0.0000
[2023-0802 1807 - INFO] ======================================
[2023-0802 1808 - INFO] epoch: 65/100
[2023-0802 1808 - INFO] learning_rate: 0.0005
[2023-0802 1808 - INFO] train_acc: 76.067%, train_loss: 0.0037
[2023-0802 1808 - INFO] test_acc: 80.083%, test_loss: 0.0032
[2023-0802 1808 - INFO] max_train_acc: 76.590%
[2023-0802 1808 - INFO] max_test_acc: 85.694%
[2023-0802 1808 - INFO] max_lr: 0.0010, min_lr: 0.0000
[2023-0802 1808 - INFO] ======================================
[2023-0802 1809 - INFO] epoch: 66/100
[2023-0802 1809 - INFO] learning_rate: 0.0003
[2023-0802 1809 - INFO] train_acc: 76.279%, train_loss: 0.0037
[2023-0802 1809 - INFO] test_acc: 83.896%, test_loss: 0.0027
[2023-0802 1809 - INFO] max_train_acc: 76.590%
[2023-0802 1809 - INFO] max_test_acc: 85.694%
[2023-0802 1809 - INFO] max_lr: 0.0010, min_lr: 0.0000
[2023-0802 1809 - INFO] ======================================
[2023-0802 1810 - INFO] epoch: 67/100
[2023-0802 1810 - INFO] learning_rate: 0.0002
[2023-0802 1810 - INFO] train_acc: 75.808%, train_loss: 0.0037
[2023-0802 1810 - INFO] test_acc: 81.223%, test_loss: 0.0031
[2023-0802 1810 - INFO] max_train_acc: 76.590%
[2023-0802 1810 - INFO] max_test_acc: 85.694%
[2023-0802 1810 - INFO] max_lr: 0.0010, min_lr: 0.0000
[2023-0802 1810 - INFO] ======================================
[2023-0802 1811 - INFO] epoch: 68/100
[2023-0802 1811 - INFO] learning_rate: 0.0001
[2023-0802 1811 - INFO] train_acc: 76.067%, train_loss: 0.0037
[2023-0802 1811 - INFO] test_acc: 82.151%, test_loss: 0.0030
[2023-0802 1811 - INFO] max_train_acc: 76.590%
[2023-0802 1811 - INFO] max_test_acc: 85.694%
[2023-0802 1811 - INFO] max_lr: 0.0010, min_lr: 0.0000
[2023-0802 1811 - INFO] ======================================
[2023-0802 1812 - INFO] epoch: 69/100
[2023-0802 1812 - INFO] learning_rate: 0.0000
[2023-0802 1812 - INFO] train_acc: 76.508%, train_loss: 0.0037
[2023-0802 1812 - INFO] test_acc: 80.322%, test_loss: 0.0032
[2023-0802 1812 - INFO] max_train_acc: 76.590%
[2023-0802 1812 - INFO] max_test_acc: 85.694%
[2023-0802 1812 - INFO] max_lr: 0.0010, min_lr: 0.0000
[2023-0802 1812 - INFO] ======================================
[2023-0802 1813 - INFO] epoch: 70/100
[2023-0802 1813 - INFO] learning_rate: 0.0000
[2023-0802 1813 - INFO] train_acc: 76.049%, train_loss: 0.0037
[2023-0802 1813 - INFO] test_acc: 80.401%, test_loss: 0.0032
[2023-0802 1813 - INFO] max_train_acc: 76.590%
[2023-0802 1813 - INFO] max_test_acc: 85.694%
[2023-0802 1813 - INFO] max_lr: 0.0010, min_lr: 0.0000
[2023-0802 1813 - INFO] ======================================
[2023-0802 1814 - INFO] epoch: 71/100
[2023-0802 1814 - INFO] learning_rate: 0.0000
[2023-0802 1814 - INFO] train_acc: 75.867%, train_loss: 0.0037
[2023-0802 1814 - INFO] test_acc: 80.383%, test_loss: 0.0032
[2023-0802 1814 - INFO] max_train_acc: 76.590%
[2023-0802 1814 - INFO] max_test_acc: 85.694%
[2023-0802 1814 - INFO] max_lr: 0.0010, min_lr: 0.0000
[2023-0802 1814 - INFO] ======================================
[2023-0802 1815 - INFO] epoch: 72/100
[2023-0802 1815 - INFO] learning_rate: 0.0001
[2023-0802 1815 - INFO] train_acc: 76.185%, train_loss: 0.0037
[2023-0802 1815 - INFO] test_acc: 80.348%, test_loss: 0.0032
[2023-0802 1815 - INFO] max_train_acc: 76.590%
[2023-0802 1815 - INFO] max_test_acc: 85.694%
[2023-0802 1815 - INFO] max_lr: 0.0010, min_lr: 0.0000
[2023-0802 1815 - INFO] ======================================
[2023-0802 1816 - INFO] epoch: 73/100
[2023-0802 1816 - INFO] learning_rate: 0.0002
[2023-0802 1816 - INFO] train_acc: 76.249%, train_loss: 0.0037
[2023-0802 1816 - INFO] test_acc: 80.910%, test_loss: 0.0031
[2023-0802 1816 - INFO] max_train_acc: 76.590%
[2023-0802 1816 - INFO] max_test_acc: 85.694%
[2023-0802 1816 - INFO] max_lr: 0.0010, min_lr: 0.0000
[2023-0802 1816 - INFO] ======================================
[2023-0802 1817 - INFO] epoch: 74/100
[2023-0802 1817 - INFO] learning_rate: 0.0003
[2023-0802 1817 - INFO] train_acc: 76.555%, train_loss: 0.0037
[2023-0802 1817 - INFO] test_acc: 80.575%, test_loss: 0.0032
[2023-0802 1817 - INFO] max_train_acc: 76.590%
[2023-0802 1817 - INFO] max_test_acc: 85.694%
[2023-0802 1817 - INFO] max_lr: 0.0010, min_lr: 0.0000
[2023-0802 1817 - INFO] ======================================
[2023-0802 1818 - INFO] epoch: 75/100
[2023-0802 1818 - INFO] learning_rate: 0.0005
[2023-0802 1818 - INFO] train_acc: 76.067%, train_loss: 0.0037
[2023-0802 1818 - INFO] test_acc: 77.601%, test_loss: 0.0035
[2023-0802 1818 - INFO] max_train_acc: 76.590%
[2023-0802 1818 - INFO] max_test_acc: 85.694%
[2023-0802 1818 - INFO] max_lr: 0.0010, min_lr: 0.0000
[2023-0802 1818 - INFO] ======================================
[2023-0802 1819 - INFO] epoch: 76/100
[2023-0802 1819 - INFO] learning_rate: 0.0007
[2023-0802 1819 - INFO] train_acc: 76.220%, train_loss: 0.0037
[2023-0802 1819 - INFO] test_acc: 77.523%, test_loss: 0.0035
[2023-0802 1819 - INFO] max_train_acc: 76.590%
[2023-0802 1819 - INFO] max_test_acc: 85.694%
[2023-0802 1819 - INFO] max_lr: 0.0010, min_lr: 0.0000
[2023-0802 1819 - INFO] ======================================
[2023-0802 1820 - INFO] epoch: 77/100
[2023-0802 1820 - INFO] learning_rate: 0.0008
[2023-0802 1820 - INFO] train_acc: 75.949%, train_loss: 0.0037
[2023-0802 1820 - INFO] test_acc: 79.264%, test_loss: 0.0033
[2023-0802 1820 - INFO] max_train_acc: 76.590%
[2023-0802 1820 - INFO] max_test_acc: 85.694%
[2023-0802 1820 - INFO] max_lr: 0.0010, min_lr: 0.0000
[2023-0802 1820 - INFO] ======================================
[2023-0802 1821 - INFO] epoch: 78/100
[2023-0802 1821 - INFO] learning_rate: 0.0009
[2023-0802 1821 - INFO] train_acc: 76.273%, train_loss: 0.0037
[2023-0802 1821 - INFO] test_acc: 82.860%, test_loss: 0.0029
[2023-0802 1821 - INFO] max_train_acc: 76.590%
[2023-0802 1821 - INFO] max_test_acc: 85.694%
[2023-0802 1821 - INFO] max_lr: 0.0010, min_lr: 0.0000
[2023-0802 1821 - INFO] ======================================
[2023-0802 1822 - INFO] epoch: 79/100
[2023-0802 1822 - INFO] learning_rate: 0.0010
[2023-0802 1822 - INFO] train_acc: 76.008%, train_loss: 0.0037
[2023-0802 1822 - INFO] test_acc: 78.829%, test_loss: 0.0033
[2023-0802 1822 - INFO] max_train_acc: 76.590%
[2023-0802 1822 - INFO] max_test_acc: 85.694%
[2023-0802 1822 - INFO] max_lr: 0.0010, min_lr: 0.0000
[2023-0802 1822 - INFO] ======================================
[2023-0802 1823 - INFO] epoch: 80/100
[2023-0802 1823 - INFO] learning_rate: 0.0010
[2023-0802 1823 - INFO] train_acc: 76.132%, train_loss: 0.0037
[2023-0802 1823 - INFO] test_acc: 78.267%, test_loss: 0.0034
[2023-0802 1823 - INFO] max_train_acc: 76.590%
[2023-0802 1823 - INFO] max_test_acc: 85.694%
[2023-0802 1823 - INFO] max_lr: 0.0010, min_lr: 0.0000
[2023-0802 1823 - INFO] ======================================
[2023-0802 1824 - INFO] epoch: 81/100
[2023-0802 1824 - INFO] learning_rate: 0.0010
[2023-0802 1824 - INFO] train_acc: 75.949%, train_loss: 0.0037
[2023-0802 1824 - INFO] test_acc: 81.593%, test_loss: 0.0030
[2023-0802 1824 - INFO] max_train_acc: 76.590%
[2023-0802 1824 - INFO] max_test_acc: 85.694%
[2023-0802 1824 - INFO] max_lr: 0.0010, min_lr: 0.0000
[2023-0802 1824 - INFO] ======================================
[2023-0802 1825 - INFO] epoch: 82/100
[2023-0802 1825 - INFO] learning_rate: 0.0009
[2023-0802 1825 - INFO] train_acc: 76.273%, train_loss: 0.0037
[2023-0802 1825 - INFO] test_acc: 82.172%, test_loss: 0.0030
[2023-0802 1825 - INFO] max_train_acc: 76.590%
[2023-0802 1825 - INFO] max_test_acc: 85.694%
[2023-0802 1825 - INFO] max_lr: 0.0010, min_lr: 0.0000
[2023-0802 1825 - INFO] ======================================
[2023-0802 1826 - INFO] epoch: 83/100
[2023-0802 1826 - INFO] learning_rate: 0.0008
[2023-0802 1826 - INFO] train_acc: 76.020%, train_loss: 0.0037
[2023-0802 1826 - INFO] test_acc: 80.758%, test_loss: 0.0032
[2023-0802 1826 - INFO] max_train_acc: 76.590%
[2023-0802 1826 - INFO] max_test_acc: 85.694%
[2023-0802 1826 - INFO] max_lr: 0.0010, min_lr: 0.0000
[2023-0802 1826 - INFO] ======================================
[2023-0802 1826 - INFO] epoch: 84/100
[2023-0802 1826 - INFO] learning_rate: 0.0007
[2023-0802 1826 - INFO] train_acc: 76.208%, train_loss: 0.0037
[2023-0802 1826 - INFO] test_acc: 81.528%, test_loss: 0.0031
[2023-0802 1826 - INFO] max_train_acc: 76.590%
[2023-0802 1826 - INFO] max_test_acc: 85.694%
[2023-0802 1826 - INFO] max_lr: 0.0010, min_lr: 0.0000
[2023-0802 1826 - INFO] ======================================
[2023-0802 1827 - INFO] epoch: 85/100
[2023-0802 1827 - INFO] learning_rate: 0.0005
[2023-0802 1827 - INFO] train_acc: 76.537%, train_loss: 0.0037
[2023-0802 1827 - INFO] test_acc: 80.514%, test_loss: 0.0032
[2023-0802 1827 - INFO] max_train_acc: 76.590%
[2023-0802 1827 - INFO] max_test_acc: 85.694%
[2023-0802 1827 - INFO] max_lr: 0.0010, min_lr: 0.0000
[2023-0802 1827 - INFO] ======================================
[2023-0802 1828 - INFO] epoch: 86/100
[2023-0802 1828 - INFO] learning_rate: 0.0003
[2023-0802 1828 - INFO] train_acc: 76.044%, train_loss: 0.0037
[2023-0802 1828 - INFO] test_acc: 77.680%, test_loss: 0.0035
[2023-0802 1828 - INFO] max_train_acc: 76.590%
[2023-0802 1828 - INFO] max_test_acc: 85.694%
[2023-0802 1828 - INFO] max_lr: 0.0010, min_lr: 0.0000
[2023-0802 1828 - INFO] ======================================
[2023-0802 1829 - INFO] epoch: 87/100
[2023-0802 1829 - INFO] learning_rate: 0.0002
[2023-0802 1829 - INFO] train_acc: 76.249%, train_loss: 0.0037
[2023-0802 1829 - INFO] test_acc: 78.263%, test_loss: 0.0034
[2023-0802 1829 - INFO] max_train_acc: 76.590%
[2023-0802 1829 - INFO] max_test_acc: 85.694%
[2023-0802 1829 - INFO] max_lr: 0.0010, min_lr: 0.0000
[2023-0802 1829 - INFO] ======================================
[2023-0802 1830 - INFO] epoch: 88/100
[2023-0802 1830 - INFO] learning_rate: 0.0001
[2023-0802 1830 - INFO] train_acc: 76.514%, train_loss: 0.0037
[2023-0802 1830 - INFO] test_acc: 81.040%, test_loss: 0.0031
[2023-0802 1830 - INFO] max_train_acc: 76.590%
[2023-0802 1830 - INFO] max_test_acc: 85.694%
[2023-0802 1830 - INFO] max_lr: 0.0010, min_lr: 0.0000
[2023-0802 1830 - INFO] ======================================
[2023-0802 1831 - INFO] epoch: 89/100
[2023-0802 1831 - INFO] learning_rate: 0.0000
[2023-0802 1831 - INFO] train_acc: 76.373%, train_loss: 0.0037
[2023-0802 1831 - INFO] test_acc: 81.863%, test_loss: 0.0030
[2023-0802 1831 - INFO] max_train_acc: 76.590%
[2023-0802 1831 - INFO] max_test_acc: 85.694%
[2023-0802 1831 - INFO] max_lr: 0.0010, min_lr: 0.0000
[2023-0802 1831 - INFO] ======================================
[2023-0802 1832 - INFO] epoch: 90/100
[2023-0802 1832 - INFO] learning_rate: 0.0000
[2023-0802 1832 - INFO] train_acc: 76.467%, train_loss: 0.0037
[2023-0802 1832 - INFO] test_acc: 81.080%, test_loss: 0.0031
[2023-0802 1832 - INFO] max_train_acc: 76.590%
[2023-0802 1832 - INFO] max_test_acc: 85.694%
[2023-0802 1832 - INFO] max_lr: 0.0010, min_lr: 0.0000
[2023-0802 1832 - INFO] ======================================
[2023-0802 1833 - INFO] epoch: 91/100
[2023-0802 1833 - INFO] learning_rate: 0.0000
[2023-0802 1833 - INFO] train_acc: 76.355%, train_loss: 0.0037
[2023-0802 1833 - INFO] test_acc: 81.119%, test_loss: 0.0031
[2023-0802 1833 - INFO] max_train_acc: 76.590%
[2023-0802 1833 - INFO] max_test_acc: 85.694%
[2023-0802 1833 - INFO] max_lr: 0.0010, min_lr: 0.0000
[2023-0802 1833 - INFO] ======================================
[2023-0802 1834 - INFO] epoch: 92/100
[2023-0802 1834 - INFO] learning_rate: 0.0001
[2023-0802 1834 - INFO] train_acc: 75.879%, train_loss: 0.0037
[2023-0802 1834 - INFO] test_acc: 81.249%, test_loss: 0.0031
[2023-0802 1834 - INFO] max_train_acc: 76.590%
[2023-0802 1834 - INFO] max_test_acc: 85.694%
[2023-0802 1834 - INFO] max_lr: 0.0010, min_lr: 0.0000
[2023-0802 1834 - INFO] ======================================
[2023-0802 1835 - INFO] epoch: 93/100
[2023-0802 1835 - INFO] learning_rate: 0.0002
[2023-0802 1835 - INFO] train_acc: 76.449%, train_loss: 0.0037
[2023-0802 1835 - INFO] test_acc: 80.605%, test_loss: 0.0032
[2023-0802 1835 - INFO] max_train_acc: 76.590%
[2023-0802 1835 - INFO] max_test_acc: 85.694%
[2023-0802 1835 - INFO] max_lr: 0.0010, min_lr: 0.0000
[2023-0802 1835 - INFO] ======================================
[2023-0802 1836 - INFO] epoch: 94/100
[2023-0802 1836 - INFO] learning_rate: 0.0003
[2023-0802 1836 - INFO] train_acc: 76.279%, train_loss: 0.0037
[2023-0802 1836 - INFO] test_acc: 82.416%, test_loss: 0.0029
[2023-0802 1836 - INFO] max_train_acc: 76.590%
[2023-0802 1836 - INFO] max_test_acc: 85.694%
[2023-0802 1836 - INFO] max_lr: 0.0010, min_lr: 0.0000
[2023-0802 1836 - INFO] ======================================
[2023-0802 1837 - INFO] epoch: 95/100
[2023-0802 1837 - INFO] learning_rate: 0.0005
[2023-0802 1837 - INFO] train_acc: 75.944%, train_loss: 0.0037
[2023-0802 1837 - INFO] test_acc: 82.778%, test_loss: 0.0029
[2023-0802 1837 - INFO] max_train_acc: 76.590%
[2023-0802 1837 - INFO] max_test_acc: 85.694%
[2023-0802 1837 - INFO] max_lr: 0.0010, min_lr: 0.0000
[2023-0802 1837 - INFO] ======================================
[2023-0802 1838 - INFO] epoch: 96/100
[2023-0802 1838 - INFO] learning_rate: 0.0007
[2023-0802 1838 - INFO] train_acc: 76.208%, train_loss: 0.0037
[2023-0802 1838 - INFO] test_acc: 80.801%, test_loss: 0.0032
[2023-0802 1838 - INFO] max_train_acc: 76.590%
[2023-0802 1838 - INFO] max_test_acc: 85.694%
[2023-0802 1838 - INFO] max_lr: 0.0010, min_lr: 0.0000
[2023-0802 1838 - INFO] ======================================
[2023-0802 1839 - INFO] epoch: 97/100
[2023-0802 1839 - INFO] learning_rate: 0.0008
[2023-0802 1839 - INFO] train_acc: 75.973%, train_loss: 0.0037
[2023-0802 1839 - INFO] test_acc: 80.592%, test_loss: 0.0032
[2023-0802 1839 - INFO] max_train_acc: 76.590%
[2023-0802 1839 - INFO] max_test_acc: 85.694%
[2023-0802 1839 - INFO] max_lr: 0.0010, min_lr: 0.0000
[2023-0802 1839 - INFO] ======================================
[2023-0802 1840 - INFO] epoch: 98/100
[2023-0802 1840 - INFO] learning_rate: 0.0009
[2023-0802 1840 - INFO] train_acc: 76.261%, train_loss: 0.0037
[2023-0802 1840 - INFO] test_acc: 75.734%, test_loss: 0.0037
[2023-0802 1840 - INFO] max_train_acc: 76.590%
[2023-0802 1840 - INFO] max_test_acc: 85.694%
[2023-0802 1840 - INFO] max_lr: 0.0010, min_lr: 0.0000
[2023-0802 1840 - INFO] ======================================
[2023-0802 1841 - INFO] epoch: 99/100
[2023-0802 1841 - INFO] learning_rate: 0.0010
[2023-0802 1841 - INFO] train_acc: 76.091%, train_loss: 0.0037
[2023-0802 1841 - INFO] test_acc: 77.414%, test_loss: 0.0035
[2023-0802 1841 - INFO] max_train_acc: 76.590%
[2023-0802 1841 - INFO] max_test_acc: 85.694%
[2023-0802 1841 - INFO] max_lr: 0.0010, min_lr: 0.0000
[2023-0802 1841 - INFO] ======================================
[2023-0802 1842 - INFO] epoch: 100/100
[2023-0802 1842 - INFO] learning_rate: 0.0010
[2023-0802 1842 - INFO] train_acc: 76.179%, train_loss: 0.0037
[2023-0802 1842 - INFO] test_acc: 76.282%, test_loss: 0.0037
[2023-0802 1842 - INFO] max_train_acc: 76.590%
[2023-0802 1842 - INFO] max_test_acc: 85.694%
[2023-0802 1842 - INFO] max_lr: 0.0010, min_lr: 0.0000
[2023-0802 1842 - INFO] ======================================
