[2023-21-07 21:04:43 - INFO:] # batch_size = 128
[2023-21-07 21:04:43 - INFO:] # learning_rate = 0.001
[2023-21-07 21:04:43 - INFO:] # num_epochs = 200
[2023-21-07 21:04:43 - INFO:] # padding_size = 3500
[2023-21-07 21:04:43 - INFO:] # criterion = CrossEntropyLoss()
[2023-21-07 21:04:43 - INFO:] # scheduler = <torch.optim.lr_scheduler.CosineAnnealingLR object at 0x000001356564D400>
[2023-21-07 21:04:43 - INFO:] # optimizer = AdamW (
Parameter Group 0
    amsgrad: False
    betas: (0.9, 0.98)
    capturable: False
    differentiable: False
    eps: 1e-08
    foreach: None
    fused: None
    initial_lr: 0.001
    lr: 0.001
    maximize: False
    weight_decay: 0.01
)
[2023-21-07 21:04:43 - INFO:] ----------------------------------
[2023-21-07 21:07:24 - INFO:] epoch: 1/200
[2023-21-07 21:07:24 - INFO:] train_loss: 0.407
[2023-21-07 21:07:24 - INFO:] test_acc: 90.845%, test_loss: 0.003
[2023-21-07 21:07:24 - INFO:] ======================================
[2023-21-07 21:10:04 - INFO:] epoch: 2/200
[2023-21-07 21:10:04 - INFO:] train_loss: 0.473
[2023-21-07 21:10:04 - INFO:] test_acc: 90.879%, test_loss: 0.003
[2023-21-07 21:10:04 - INFO:] ======================================
[2023-21-07 21:12:46 - INFO:] epoch: 3/200
[2023-21-07 21:12:46 - INFO:] train_loss: 0.353
[2023-21-07 21:12:46 - INFO:] test_acc: 90.884%, test_loss: 0.003
[2023-21-07 21:12:46 - INFO:] ======================================
[2023-21-07 21:15:28 - INFO:] epoch: 4/200
[2023-21-07 21:15:28 - INFO:] train_loss: 0.400
[2023-21-07 21:15:28 - INFO:] test_acc: 90.923%, test_loss: 0.003
[2023-21-07 21:15:28 - INFO:] ======================================
[2023-21-07 21:18:07 - INFO:] epoch: 5/200
[2023-21-07 21:18:07 - INFO:] train_loss: 0.432
[2023-21-07 21:18:07 - INFO:] test_acc: 90.953%, test_loss: 0.003
[2023-21-07 21:18:07 - INFO:] ======================================
[2023-21-07 21:26:05 - INFO:] epoch: 6/200
[2023-21-07 21:26:05 - INFO:] train_loss: 0.389
[2023-21-07 21:26:05 - INFO:] test_acc: 91.036%, test_loss: 0.003
[2023-21-07 21:26:05 - INFO:] ======================================
[2023-21-07 21:28:51 - INFO:] epoch: 7/200
[2023-21-07 21:28:51 - INFO:] train_loss: 0.397
[2023-21-07 21:28:51 - INFO:] test_acc: 91.032%, test_loss: 0.003
[2023-21-07 21:28:51 - INFO:] ======================================
[2023-21-07 21:31:34 - INFO:] epoch: 8/200
[2023-21-07 21:31:34 - INFO:] train_loss: 0.370
[2023-21-07 21:31:34 - INFO:] test_acc: 90.988%, test_loss: 0.003
[2023-21-07 21:31:34 - INFO:] ======================================
[2023-21-07 21:34:14 - INFO:] epoch: 9/200
[2023-21-07 21:34:14 - INFO:] train_loss: 0.358
[2023-21-07 21:34:14 - INFO:] test_acc: 91.014%, test_loss: 0.003
[2023-21-07 21:34:14 - INFO:] ======================================
[2023-21-07 21:36:53 - INFO:] epoch: 10/200
[2023-21-07 21:36:53 - INFO:] train_loss: 0.400
[2023-21-07 21:36:53 - INFO:] test_acc: 91.019%, test_loss: 0.003
[2023-21-07 21:36:53 - INFO:] ======================================
[2023-21-07 21:39:29 - INFO:] epoch: 11/200
[2023-21-07 21:39:29 - INFO:] train_loss: 0.419
[2023-21-07 21:39:29 - INFO:] test_acc: 91.001%, test_loss: 0.003
[2023-21-07 21:39:29 - INFO:] ======================================
[2023-21-07 21:42:05 - INFO:] epoch: 12/200
[2023-21-07 21:42:05 - INFO:] train_loss: 0.376
[2023-21-07 21:42:05 - INFO:] test_acc: 91.010%, test_loss: 0.003
[2023-21-07 21:42:05 - INFO:] ======================================
[2023-21-07 21:44:41 - INFO:] epoch: 13/200
[2023-21-07 21:44:41 - INFO:] train_loss: 0.407
[2023-21-07 21:44:41 - INFO:] test_acc: 91.006%, test_loss: 0.003
[2023-21-07 21:44:41 - INFO:] ======================================
[2023-21-07 21:47:18 - INFO:] epoch: 14/200
[2023-21-07 21:47:18 - INFO:] train_loss: 0.401
[2023-21-07 21:47:18 - INFO:] test_acc: 90.971%, test_loss: 0.003
[2023-21-07 21:47:18 - INFO:] ======================================
[2023-21-07 21:49:54 - INFO:] epoch: 15/200
[2023-21-07 21:49:54 - INFO:] train_loss: 0.431
[2023-21-07 21:49:54 - INFO:] test_acc: 91.054%, test_loss: 0.003
[2023-21-07 21:49:54 - INFO:] ======================================
[2023-21-07 21:52:31 - INFO:] epoch: 16/200
[2023-21-07 21:52:31 - INFO:] train_loss: 0.425
[2023-21-07 21:52:31 - INFO:] test_acc: 91.093%, test_loss: 0.003
[2023-21-07 21:52:31 - INFO:] ======================================
[2023-21-07 21:55:08 - INFO:] epoch: 17/200
[2023-21-07 21:55:08 - INFO:] train_loss: 0.405
[2023-21-07 21:55:08 - INFO:] test_acc: 91.097%, test_loss: 0.003
[2023-21-07 21:55:08 - INFO:] ======================================
[2023-21-07 21:57:45 - INFO:] epoch: 18/200
[2023-21-07 21:57:45 - INFO:] train_loss: 0.400
[2023-21-07 21:57:45 - INFO:] test_acc: 91.001%, test_loss: 0.003
[2023-21-07 21:57:45 - INFO:] ======================================
[2023-21-07 22:00:21 - INFO:] epoch: 19/200
[2023-21-07 22:00:21 - INFO:] train_loss: 0.402
[2023-21-07 22:00:21 - INFO:] test_acc: 91.197%, test_loss: 0.003
[2023-21-07 22:00:21 - INFO:] ======================================
[2023-21-07 22:02:58 - INFO:] epoch: 20/200
[2023-21-07 22:02:58 - INFO:] train_loss: 0.397
[2023-21-07 22:02:58 - INFO:] test_acc: 91.141%, test_loss: 0.003
[2023-21-07 22:02:58 - INFO:] ======================================
[2023-21-07 22:05:34 - INFO:] epoch: 21/200
[2023-21-07 22:05:34 - INFO:] train_loss: 0.400
[2023-21-07 22:05:34 - INFO:] test_acc: 91.145%, test_loss: 0.003
[2023-21-07 22:05:34 - INFO:] ======================================
[2023-21-07 22:08:12 - INFO:] epoch: 22/200
[2023-21-07 22:08:12 - INFO:] train_loss: 0.392
[2023-21-07 22:08:12 - INFO:] test_acc: 91.167%, test_loss: 0.003
[2023-21-07 22:08:12 - INFO:] ======================================
[2023-21-07 22:10:47 - INFO:] epoch: 23/200
[2023-21-07 22:10:47 - INFO:] train_loss: 0.360
[2023-21-07 22:10:47 - INFO:] test_acc: 91.297%, test_loss: 0.003
[2023-21-07 22:10:47 - INFO:] ======================================
[2023-21-07 22:13:24 - INFO:] epoch: 24/200
[2023-21-07 22:13:24 - INFO:] train_loss: 0.375
[2023-21-07 22:13:24 - INFO:] test_acc: 91.267%, test_loss: 0.003
[2023-21-07 22:13:24 - INFO:] ======================================
[2023-21-07 22:16:00 - INFO:] epoch: 25/200
[2023-21-07 22:16:00 - INFO:] train_loss: 0.377
[2023-21-07 22:16:00 - INFO:] test_acc: 91.406%, test_loss: 0.003
[2023-21-07 22:16:00 - INFO:] ======================================
[2023-21-07 22:18:38 - INFO:] epoch: 26/200
[2023-21-07 22:18:38 - INFO:] train_loss: 0.396
[2023-21-07 22:18:38 - INFO:] test_acc: 91.306%, test_loss: 0.003
[2023-21-07 22:18:38 - INFO:] ======================================
[2023-21-07 22:21:15 - INFO:] epoch: 27/200
[2023-21-07 22:21:15 - INFO:] train_loss: 0.405
[2023-21-07 22:21:15 - INFO:] test_acc: 91.428%, test_loss: 0.003
[2023-21-07 22:21:15 - INFO:] ======================================
[2023-21-07 22:23:52 - INFO:] epoch: 28/200
[2023-21-07 22:23:52 - INFO:] train_loss: 0.363
[2023-21-07 22:23:52 - INFO:] test_acc: 91.371%, test_loss: 0.003
[2023-21-07 22:23:52 - INFO:] ======================================
[2023-21-07 22:26:29 - INFO:] epoch: 29/200
[2023-21-07 22:26:29 - INFO:] train_loss: 0.402
[2023-21-07 22:26:29 - INFO:] test_acc: 91.367%, test_loss: 0.003
[2023-21-07 22:26:29 - INFO:] ======================================
[2023-21-07 22:29:06 - INFO:] epoch: 30/200
[2023-21-07 22:29:06 - INFO:] train_loss: 0.424
[2023-21-07 22:29:06 - INFO:] test_acc: 91.384%, test_loss: 0.003
[2023-21-07 22:29:06 - INFO:] ======================================
[2023-21-07 22:31:44 - INFO:] epoch: 31/200
[2023-21-07 22:31:44 - INFO:] train_loss: 0.387
[2023-21-07 22:31:44 - INFO:] test_acc: 91.393%, test_loss: 0.003
[2023-21-07 22:31:44 - INFO:] ======================================
[2023-21-07 22:34:21 - INFO:] epoch: 32/200
[2023-21-07 22:34:21 - INFO:] train_loss: 0.351
[2023-21-07 22:34:21 - INFO:] test_acc: 91.384%, test_loss: 0.003
[2023-21-07 22:34:21 - INFO:] ======================================
[2023-21-07 22:36:59 - INFO:] epoch: 33/200
[2023-21-07 22:36:59 - INFO:] train_loss: 0.388
[2023-21-07 22:36:59 - INFO:] test_acc: 91.371%, test_loss: 0.003
[2023-21-07 22:36:59 - INFO:] ======================================
[2023-21-07 22:39:36 - INFO:] epoch: 34/200
[2023-21-07 22:39:36 - INFO:] train_loss: 0.384
[2023-21-07 22:39:36 - INFO:] test_acc: 91.467%, test_loss: 0.003
[2023-21-07 22:39:36 - INFO:] ======================================
[2023-21-07 22:42:12 - INFO:] epoch: 35/200
[2023-21-07 22:42:12 - INFO:] train_loss: 0.370
[2023-21-07 22:42:12 - INFO:] test_acc: 91.258%, test_loss: 0.003
[2023-21-07 22:42:12 - INFO:] ======================================
[2023-21-07 22:44:48 - INFO:] epoch: 36/200
[2023-21-07 22:44:48 - INFO:] train_loss: 0.369
[2023-21-07 22:44:48 - INFO:] test_acc: 91.471%, test_loss: 0.003
[2023-21-07 22:44:48 - INFO:] ======================================
[2023-21-07 22:47:24 - INFO:] epoch: 37/200
[2023-21-07 22:47:24 - INFO:] train_loss: 0.403
[2023-21-07 22:47:24 - INFO:] test_acc: 91.463%, test_loss: 0.003
[2023-21-07 22:47:24 - INFO:] ======================================
[2023-21-07 22:50:01 - INFO:] epoch: 38/200
[2023-21-07 22:50:01 - INFO:] train_loss: 0.435
[2023-21-07 22:50:01 - INFO:] test_acc: 91.532%, test_loss: 0.003
[2023-21-07 22:50:01 - INFO:] ======================================
[2023-21-07 22:52:38 - INFO:] epoch: 39/200
[2023-21-07 22:52:38 - INFO:] train_loss: 0.427
[2023-21-07 22:52:38 - INFO:] test_acc: 91.450%, test_loss: 0.003
[2023-21-07 22:52:38 - INFO:] ======================================
[2023-21-07 22:55:14 - INFO:] epoch: 40/200
[2023-21-07 22:55:14 - INFO:] train_loss: 0.398
[2023-21-07 22:55:14 - INFO:] test_acc: 91.541%, test_loss: 0.003
[2023-21-07 22:55:14 - INFO:] ======================================
[2023-21-07 22:57:51 - INFO:] epoch: 41/200
[2023-21-07 22:57:51 - INFO:] train_loss: 0.391
[2023-21-07 22:57:51 - INFO:] test_acc: 91.559%, test_loss: 0.003
[2023-21-07 22:57:51 - INFO:] ======================================
[2023-21-07 23:00:27 - INFO:] epoch: 42/200
[2023-21-07 23:00:27 - INFO:] train_loss: 0.370
[2023-21-07 23:00:27 - INFO:] test_acc: 91.641%, test_loss: 0.003
[2023-21-07 23:00:27 - INFO:] ======================================
[2023-21-07 23:03:04 - INFO:] epoch: 43/200
[2023-21-07 23:03:04 - INFO:] train_loss: 0.408
[2023-21-07 23:03:04 - INFO:] test_acc: 91.741%, test_loss: 0.003
[2023-21-07 23:03:04 - INFO:] ======================================
[2023-21-07 23:05:40 - INFO:] epoch: 44/200
[2023-21-07 23:05:40 - INFO:] train_loss: 0.397
[2023-21-07 23:05:40 - INFO:] test_acc: 91.837%, test_loss: 0.003
[2023-21-07 23:05:40 - INFO:] ======================================
[2023-21-07 23:08:20 - INFO:] epoch: 45/200
[2023-21-07 23:08:20 - INFO:] train_loss: 0.402
[2023-21-07 23:08:20 - INFO:] test_acc: 91.580%, test_loss: 0.003
[2023-21-07 23:08:20 - INFO:] ======================================
[2023-21-07 23:10:56 - INFO:] epoch: 46/200
[2023-21-07 23:10:56 - INFO:] train_loss: 0.383
[2023-21-07 23:10:56 - INFO:] test_acc: 91.633%, test_loss: 0.003
[2023-21-07 23:10:56 - INFO:] ======================================
[2023-21-07 23:13:32 - INFO:] epoch: 47/200
[2023-21-07 23:13:32 - INFO:] train_loss: 0.375
[2023-21-07 23:13:32 - INFO:] test_acc: 91.611%, test_loss: 0.003
[2023-21-07 23:13:32 - INFO:] ======================================
[2023-21-07 23:16:08 - INFO:] epoch: 48/200
[2023-21-07 23:16:08 - INFO:] train_loss: 0.405
[2023-21-07 23:16:08 - INFO:] test_acc: 91.702%, test_loss: 0.003
[2023-21-07 23:16:08 - INFO:] ======================================
[2023-21-07 23:18:45 - INFO:] epoch: 49/200
[2023-21-07 23:18:45 - INFO:] train_loss: 0.402
[2023-21-07 23:18:45 - INFO:] test_acc: 91.659%, test_loss: 0.003
[2023-21-07 23:18:45 - INFO:] ======================================
[2023-21-07 23:21:21 - INFO:] epoch: 50/200
[2023-21-07 23:21:21 - INFO:] train_loss: 0.373
[2023-21-07 23:21:21 - INFO:] test_acc: 91.694%, test_loss: 0.003
[2023-21-07 23:21:21 - INFO:] ======================================
[2023-21-07 23:23:58 - INFO:] epoch: 51/200
[2023-21-07 23:23:58 - INFO:] train_loss: 0.376
[2023-21-07 23:23:58 - INFO:] test_acc: 91.689%, test_loss: 0.003
[2023-21-07 23:23:58 - INFO:] ======================================
[2023-21-07 23:26:35 - INFO:] epoch: 52/200
[2023-21-07 23:26:35 - INFO:] train_loss: 0.410
[2023-21-07 23:26:35 - INFO:] test_acc: 91.702%, test_loss: 0.003
[2023-21-07 23:26:35 - INFO:] ======================================
[2023-21-07 23:29:11 - INFO:] epoch: 53/200
[2023-21-07 23:29:11 - INFO:] train_loss: 0.366
[2023-21-07 23:29:11 - INFO:] test_acc: 91.689%, test_loss: 0.003
[2023-21-07 23:29:11 - INFO:] ======================================
[2023-21-07 23:31:48 - INFO:] epoch: 54/200
[2023-21-07 23:31:48 - INFO:] train_loss: 0.403
[2023-21-07 23:31:48 - INFO:] test_acc: 91.641%, test_loss: 0.003
[2023-21-07 23:31:48 - INFO:] ======================================
[2023-21-07 23:34:25 - INFO:] epoch: 55/200
[2023-21-07 23:34:25 - INFO:] train_loss: 0.371
[2023-21-07 23:34:25 - INFO:] test_acc: 91.707%, test_loss: 0.003
[2023-21-07 23:34:25 - INFO:] ======================================
[2023-21-07 23:37:02 - INFO:] epoch: 56/200
[2023-21-07 23:37:02 - INFO:] train_loss: 0.404
[2023-21-07 23:37:02 - INFO:] test_acc: 91.680%, test_loss: 0.003
[2023-21-07 23:37:02 - INFO:] ======================================
[2023-21-07 23:39:39 - INFO:] epoch: 57/200
[2023-21-07 23:39:39 - INFO:] train_loss: 0.344
[2023-21-07 23:39:39 - INFO:] test_acc: 91.615%, test_loss: 0.003
[2023-21-07 23:39:39 - INFO:] ======================================
[2023-21-07 23:42:15 - INFO:] epoch: 58/200
[2023-21-07 23:42:15 - INFO:] train_loss: 0.384
[2023-21-07 23:42:15 - INFO:] test_acc: 91.720%, test_loss: 0.003
[2023-21-07 23:42:15 - INFO:] ======================================
[2023-21-07 23:44:52 - INFO:] epoch: 59/200
[2023-21-07 23:44:52 - INFO:] train_loss: 0.438
[2023-21-07 23:44:52 - INFO:] test_acc: 91.785%, test_loss: 0.003
[2023-21-07 23:44:52 - INFO:] ======================================
[2023-21-07 23:47:28 - INFO:] epoch: 60/200
[2023-21-07 23:47:28 - INFO:] train_loss: 0.383
[2023-21-07 23:47:28 - INFO:] test_acc: 91.659%, test_loss: 0.003
[2023-21-07 23:47:28 - INFO:] ======================================
[2023-21-07 23:50:05 - INFO:] epoch: 61/200
[2023-21-07 23:50:05 - INFO:] train_loss: 0.400
[2023-21-07 23:50:05 - INFO:] test_acc: 91.620%, test_loss: 0.003
[2023-21-07 23:50:05 - INFO:] ======================================
[2023-21-07 23:52:42 - INFO:] epoch: 62/200
[2023-21-07 23:52:42 - INFO:] train_loss: 0.412
[2023-21-07 23:52:42 - INFO:] test_acc: 91.876%, test_loss: 0.003
[2023-21-07 23:52:42 - INFO:] ======================================
[2023-21-07 23:55:18 - INFO:] epoch: 63/200
[2023-21-07 23:55:18 - INFO:] train_loss: 0.383
[2023-21-07 23:55:18 - INFO:] test_acc: 91.898%, test_loss: 0.003
[2023-21-07 23:55:18 - INFO:] ======================================
[2023-21-07 23:57:55 - INFO:] epoch: 64/200
[2023-21-07 23:57:55 - INFO:] train_loss: 0.386
[2023-21-07 23:57:55 - INFO:] test_acc: 91.894%, test_loss: 0.003
[2023-21-07 23:57:55 - INFO:] ======================================
[2023-22-07 00:00:31 - INFO:] epoch: 65/200
[2023-22-07 00:00:31 - INFO:] train_loss: 0.407
[2023-22-07 00:00:31 - INFO:] test_acc: 91.750%, test_loss: 0.003
[2023-22-07 00:00:31 - INFO:] ======================================
[2023-22-07 00:03:08 - INFO:] epoch: 66/200
[2023-22-07 00:03:08 - INFO:] train_loss: 0.393
[2023-22-07 00:03:08 - INFO:] test_acc: 91.776%, test_loss: 0.003
[2023-22-07 00:03:08 - INFO:] ======================================
[2023-22-07 00:05:44 - INFO:] epoch: 67/200
[2023-22-07 00:05:44 - INFO:] train_loss: 0.405
[2023-22-07 00:05:44 - INFO:] test_acc: 91.894%, test_loss: 0.003
[2023-22-07 00:05:44 - INFO:] ======================================
[2023-22-07 00:08:20 - INFO:] epoch: 68/200
[2023-22-07 00:08:20 - INFO:] train_loss: 0.421
[2023-22-07 00:08:20 - INFO:] test_acc: 91.789%, test_loss: 0.003
[2023-22-07 00:08:20 - INFO:] ======================================
[2023-22-07 00:10:57 - INFO:] epoch: 69/200
[2023-22-07 00:10:57 - INFO:] train_loss: 0.435
[2023-22-07 00:10:57 - INFO:] test_acc: 91.837%, test_loss: 0.003
[2023-22-07 00:10:57 - INFO:] ======================================
[2023-22-07 00:13:33 - INFO:] epoch: 70/200
[2023-22-07 00:13:33 - INFO:] train_loss: 0.432
[2023-22-07 00:13:33 - INFO:] test_acc: 91.781%, test_loss: 0.003
[2023-22-07 00:13:33 - INFO:] ======================================
[2023-22-07 00:16:10 - INFO:] epoch: 71/200
[2023-22-07 00:16:10 - INFO:] train_loss: 0.394
[2023-22-07 00:16:10 - INFO:] test_acc: 91.772%, test_loss: 0.003
[2023-22-07 00:16:10 - INFO:] ======================================
[2023-22-07 00:18:46 - INFO:] epoch: 72/200
[2023-22-07 00:18:46 - INFO:] train_loss: 0.394
[2023-22-07 00:18:46 - INFO:] test_acc: 91.772%, test_loss: 0.003
[2023-22-07 00:18:46 - INFO:] ======================================
[2023-22-07 00:21:22 - INFO:] epoch: 73/200
[2023-22-07 00:21:22 - INFO:] train_loss: 0.368
[2023-22-07 00:21:22 - INFO:] test_acc: 91.768%, test_loss: 0.003
[2023-22-07 00:21:22 - INFO:] ======================================
[2023-22-07 00:23:58 - INFO:] epoch: 74/200
[2023-22-07 00:23:58 - INFO:] train_loss: 0.416
[2023-22-07 00:23:58 - INFO:] test_acc: 91.737%, test_loss: 0.003
[2023-22-07 00:23:58 - INFO:] ======================================
[2023-22-07 00:26:35 - INFO:] epoch: 75/200
[2023-22-07 00:26:35 - INFO:] train_loss: 0.390
[2023-22-07 00:26:35 - INFO:] test_acc: 91.824%, test_loss: 0.003
[2023-22-07 00:26:35 - INFO:] ======================================
[2023-22-07 00:29:12 - INFO:] epoch: 76/200
[2023-22-07 00:29:12 - INFO:] train_loss: 0.400
[2023-22-07 00:29:12 - INFO:] test_acc: 91.894%, test_loss: 0.003
[2023-22-07 00:29:12 - INFO:] ======================================
[2023-22-07 00:31:48 - INFO:] epoch: 77/200
[2023-22-07 00:31:48 - INFO:] train_loss: 0.414
[2023-22-07 00:31:48 - INFO:] test_acc: 91.720%, test_loss: 0.003
[2023-22-07 00:31:48 - INFO:] ======================================
[2023-22-07 00:34:24 - INFO:] epoch: 78/200
[2023-22-07 00:34:24 - INFO:] train_loss: 0.383
[2023-22-07 00:34:24 - INFO:] test_acc: 91.846%, test_loss: 0.003
[2023-22-07 00:34:24 - INFO:] ======================================
[2023-22-07 00:37:01 - INFO:] epoch: 79/200
[2023-22-07 00:37:01 - INFO:] train_loss: 0.416
[2023-22-07 00:37:01 - INFO:] test_acc: 91.868%, test_loss: 0.003
[2023-22-07 00:37:01 - INFO:] ======================================
[2023-22-07 00:39:37 - INFO:] epoch: 80/200
[2023-22-07 00:39:37 - INFO:] train_loss: 0.386
[2023-22-07 00:39:37 - INFO:] test_acc: 91.733%, test_loss: 0.003
[2023-22-07 00:39:37 - INFO:] ======================================
[2023-22-07 00:42:14 - INFO:] epoch: 81/200
[2023-22-07 00:42:14 - INFO:] train_loss: 0.362
[2023-22-07 00:42:14 - INFO:] test_acc: 91.680%, test_loss: 0.003
[2023-22-07 00:42:14 - INFO:] ======================================
[2023-22-07 00:44:51 - INFO:] epoch: 82/200
[2023-22-07 00:44:51 - INFO:] train_loss: 0.371
[2023-22-07 00:44:51 - INFO:] test_acc: 91.898%, test_loss: 0.003
[2023-22-07 00:44:51 - INFO:] ======================================
[2023-22-07 00:47:28 - INFO:] epoch: 83/200
[2023-22-07 00:47:28 - INFO:] train_loss: 0.391
[2023-22-07 00:47:28 - INFO:] test_acc: 91.820%, test_loss: 0.003
[2023-22-07 00:47:28 - INFO:] ======================================
[2023-22-07 00:50:04 - INFO:] epoch: 84/200
[2023-22-07 00:50:04 - INFO:] train_loss: 0.387
[2023-22-07 00:50:04 - INFO:] test_acc: 91.959%, test_loss: 0.003
[2023-22-07 00:50:04 - INFO:] ======================================
[2023-22-07 00:52:42 - INFO:] epoch: 85/200
[2023-22-07 00:52:42 - INFO:] train_loss: 0.456
[2023-22-07 00:52:42 - INFO:] test_acc: 91.850%, test_loss: 0.003
[2023-22-07 00:52:42 - INFO:] ======================================
[2023-22-07 00:55:19 - INFO:] epoch: 86/200
[2023-22-07 00:55:19 - INFO:] train_loss: 0.409
[2023-22-07 00:55:19 - INFO:] test_acc: 91.772%, test_loss: 0.003
[2023-22-07 00:55:19 - INFO:] ======================================
[2023-22-07 00:57:56 - INFO:] epoch: 87/200
[2023-22-07 00:57:56 - INFO:] train_loss: 0.404
[2023-22-07 00:57:56 - INFO:] test_acc: 91.750%, test_loss: 0.003
[2023-22-07 00:57:56 - INFO:] ======================================
[2023-22-07 01:00:33 - INFO:] epoch: 88/200
[2023-22-07 01:00:33 - INFO:] train_loss: 0.388
[2023-22-07 01:00:33 - INFO:] test_acc: 91.828%, test_loss: 0.003
[2023-22-07 01:00:33 - INFO:] ======================================
[2023-22-07 01:03:09 - INFO:] epoch: 89/200
[2023-22-07 01:03:09 - INFO:] train_loss: 0.385
[2023-22-07 01:03:09 - INFO:] test_acc: 91.811%, test_loss: 0.003
[2023-22-07 01:03:09 - INFO:] ======================================
[2023-22-07 01:05:46 - INFO:] epoch: 90/200
[2023-22-07 01:05:46 - INFO:] train_loss: 0.392
[2023-22-07 01:05:46 - INFO:] test_acc: 91.837%, test_loss: 0.003
[2023-22-07 01:05:46 - INFO:] ======================================
[2023-22-07 01:08:24 - INFO:] epoch: 91/200
[2023-22-07 01:08:24 - INFO:] train_loss: 0.381
[2023-22-07 01:08:24 - INFO:] test_acc: 91.837%, test_loss: 0.003
[2023-22-07 01:08:24 - INFO:] ======================================
[2023-22-07 01:11:01 - INFO:] epoch: 92/200
[2023-22-07 01:11:01 - INFO:] train_loss: 0.389
[2023-22-07 01:11:01 - INFO:] test_acc: 91.807%, test_loss: 0.003
[2023-22-07 01:11:01 - INFO:] ======================================
[2023-22-07 01:13:36 - INFO:] epoch: 93/200
[2023-22-07 01:13:36 - INFO:] train_loss: 0.418
[2023-22-07 01:13:36 - INFO:] test_acc: 91.850%, test_loss: 0.003
[2023-22-07 01:13:36 - INFO:] ======================================
[2023-22-07 01:16:14 - INFO:] epoch: 94/200
[2023-22-07 01:16:14 - INFO:] train_loss: 0.433
[2023-22-07 01:16:14 - INFO:] test_acc: 91.850%, test_loss: 0.003
[2023-22-07 01:16:14 - INFO:] ======================================
[2023-22-07 01:18:50 - INFO:] epoch: 95/200
[2023-22-07 01:18:50 - INFO:] train_loss: 0.399
[2023-22-07 01:18:50 - INFO:] test_acc: 91.828%, test_loss: 0.003
[2023-22-07 01:18:50 - INFO:] ======================================
[2023-22-07 01:21:27 - INFO:] epoch: 96/200
[2023-22-07 01:21:27 - INFO:] train_loss: 0.392
[2023-22-07 01:21:27 - INFO:] test_acc: 91.785%, test_loss: 0.003
[2023-22-07 01:21:27 - INFO:] ======================================
[2023-22-07 01:24:04 - INFO:] epoch: 97/200
[2023-22-07 01:24:04 - INFO:] train_loss: 0.406
[2023-22-07 01:24:04 - INFO:] test_acc: 91.929%, test_loss: 0.003
[2023-22-07 01:24:04 - INFO:] ======================================
[2023-22-07 01:26:41 - INFO:] epoch: 98/200
[2023-22-07 01:26:41 - INFO:] train_loss: 0.380
[2023-22-07 01:26:41 - INFO:] test_acc: 91.872%, test_loss: 0.003
[2023-22-07 01:26:41 - INFO:] ======================================
[2023-22-07 01:29:17 - INFO:] epoch: 99/200
[2023-22-07 01:29:17 - INFO:] train_loss: 0.390
[2023-22-07 01:29:17 - INFO:] test_acc: 91.968%, test_loss: 0.003
[2023-22-07 01:29:17 - INFO:] ======================================
[2023-22-07 01:31:53 - INFO:] epoch: 100/200
[2023-22-07 01:31:53 - INFO:] train_loss: 0.402
[2023-22-07 01:31:53 - INFO:] test_acc: 91.815%, test_loss: 0.003
[2023-22-07 01:31:53 - INFO:] ======================================
[2023-22-07 01:34:30 - INFO:] epoch: 101/200
[2023-22-07 01:34:30 - INFO:] train_loss: 0.392
[2023-22-07 01:34:30 - INFO:] test_acc: 91.929%, test_loss: 0.003
[2023-22-07 01:34:30 - INFO:] ======================================
[2023-22-07 01:37:06 - INFO:] epoch: 102/200
[2023-22-07 01:37:06 - INFO:] train_loss: 0.366
[2023-22-07 01:37:06 - INFO:] test_acc: 91.933%, test_loss: 0.003
[2023-22-07 01:37:06 - INFO:] ======================================
[2023-22-07 01:39:42 - INFO:] epoch: 103/200
[2023-22-07 01:39:42 - INFO:] train_loss: 0.389
[2023-22-07 01:39:42 - INFO:] test_acc: 91.811%, test_loss: 0.003
[2023-22-07 01:39:42 - INFO:] ======================================
[2023-22-07 01:42:19 - INFO:] epoch: 104/200
[2023-22-07 01:42:19 - INFO:] train_loss: 0.378
[2023-22-07 01:42:19 - INFO:] test_acc: 91.811%, test_loss: 0.003
[2023-22-07 01:42:19 - INFO:] ======================================
[2023-22-07 01:44:56 - INFO:] epoch: 105/200
[2023-22-07 01:44:56 - INFO:] train_loss: 0.405
[2023-22-07 01:44:56 - INFO:] test_acc: 91.968%, test_loss: 0.003
[2023-22-07 01:44:56 - INFO:] ======================================
[2023-22-07 01:47:32 - INFO:] epoch: 106/200
[2023-22-07 01:47:32 - INFO:] train_loss: 0.397
[2023-22-07 01:47:32 - INFO:] test_acc: 91.894%, test_loss: 0.003
[2023-22-07 01:47:32 - INFO:] ======================================
[2023-22-07 01:50:09 - INFO:] epoch: 107/200
[2023-22-07 01:50:09 - INFO:] train_loss: 0.357
[2023-22-07 01:50:09 - INFO:] test_acc: 91.833%, test_loss: 0.003
[2023-22-07 01:50:09 - INFO:] ======================================
[2023-22-07 01:52:46 - INFO:] epoch: 108/200
[2023-22-07 01:52:46 - INFO:] train_loss: 0.403
[2023-22-07 01:52:46 - INFO:] test_acc: 91.959%, test_loss: 0.003
[2023-22-07 01:52:46 - INFO:] ======================================
[2023-22-07 01:55:22 - INFO:] epoch: 109/200
[2023-22-07 01:55:22 - INFO:] train_loss: 0.388
[2023-22-07 01:55:22 - INFO:] test_acc: 91.937%, test_loss: 0.003
[2023-22-07 01:55:22 - INFO:] ======================================
[2023-22-07 01:57:59 - INFO:] epoch: 110/200
[2023-22-07 01:57:59 - INFO:] train_loss: 0.409
[2023-22-07 01:57:59 - INFO:] test_acc: 91.924%, test_loss: 0.003
[2023-22-07 01:57:59 - INFO:] ======================================
[2023-22-07 02:00:37 - INFO:] epoch: 111/200
[2023-22-07 02:00:37 - INFO:] train_loss: 0.393
[2023-22-07 02:00:37 - INFO:] test_acc: 91.933%, test_loss: 0.003
[2023-22-07 02:00:37 - INFO:] ======================================
[2023-22-07 02:03:13 - INFO:] epoch: 112/200
[2023-22-07 02:03:13 - INFO:] train_loss: 0.396
[2023-22-07 02:03:13 - INFO:] test_acc: 91.924%, test_loss: 0.003
[2023-22-07 02:03:13 - INFO:] ======================================
[2023-22-07 02:05:50 - INFO:] epoch: 113/200
[2023-22-07 02:05:50 - INFO:] train_loss: 0.363
[2023-22-07 02:05:50 - INFO:] test_acc: 91.898%, test_loss: 0.003
[2023-22-07 02:05:50 - INFO:] ======================================
[2023-22-07 02:08:27 - INFO:] epoch: 114/200
[2023-22-07 02:08:27 - INFO:] train_loss: 0.401
[2023-22-07 02:08:27 - INFO:] test_acc: 91.898%, test_loss: 0.003
[2023-22-07 02:08:27 - INFO:] ======================================
[2023-22-07 02:11:04 - INFO:] epoch: 115/200
[2023-22-07 02:11:04 - INFO:] train_loss: 0.397
[2023-22-07 02:11:04 - INFO:] test_acc: 91.824%, test_loss: 0.003
[2023-22-07 02:11:04 - INFO:] ======================================
[2023-22-07 02:13:40 - INFO:] epoch: 116/200
[2023-22-07 02:13:40 - INFO:] train_loss: 0.365
[2023-22-07 02:13:40 - INFO:] test_acc: 91.781%, test_loss: 0.003
[2023-22-07 02:13:40 - INFO:] ======================================
[2023-22-07 02:16:16 - INFO:] epoch: 117/200
[2023-22-07 02:16:16 - INFO:] train_loss: 0.372
[2023-22-07 02:16:16 - INFO:] test_acc: 91.937%, test_loss: 0.003
[2023-22-07 02:16:16 - INFO:] ======================================
[2023-22-07 02:18:52 - INFO:] epoch: 118/200
[2023-22-07 02:18:52 - INFO:] train_loss: 0.438
[2023-22-07 02:18:52 - INFO:] test_acc: 92.046%, test_loss: 0.003
[2023-22-07 02:18:52 - INFO:] ======================================
[2023-22-07 02:21:29 - INFO:] epoch: 119/200
[2023-22-07 02:21:29 - INFO:] train_loss: 0.420
[2023-22-07 02:21:29 - INFO:] test_acc: 91.807%, test_loss: 0.003
[2023-22-07 02:21:29 - INFO:] ======================================
[2023-22-07 02:24:06 - INFO:] epoch: 120/200
[2023-22-07 02:24:06 - INFO:] train_loss: 0.399
[2023-22-07 02:24:06 - INFO:] test_acc: 91.828%, test_loss: 0.003
[2023-22-07 02:24:06 - INFO:] ======================================
[2023-22-07 02:26:43 - INFO:] epoch: 121/200
[2023-22-07 02:26:43 - INFO:] train_loss: 0.403
[2023-22-07 02:26:43 - INFO:] test_acc: 91.872%, test_loss: 0.003
[2023-22-07 02:26:43 - INFO:] ======================================
[2023-22-07 02:29:20 - INFO:] epoch: 122/200
[2023-22-07 02:29:20 - INFO:] train_loss: 0.398
[2023-22-07 02:29:20 - INFO:] test_acc: 91.759%, test_loss: 0.003
[2023-22-07 02:29:20 - INFO:] ======================================
[2023-22-07 02:31:57 - INFO:] epoch: 123/200
[2023-22-07 02:31:57 - INFO:] train_loss: 0.414
[2023-22-07 02:31:57 - INFO:] test_acc: 91.798%, test_loss: 0.003
[2023-22-07 02:31:57 - INFO:] ======================================
[2023-22-07 02:34:33 - INFO:] epoch: 124/200
[2023-22-07 02:34:33 - INFO:] train_loss: 0.374
[2023-22-07 02:34:33 - INFO:] test_acc: 91.798%, test_loss: 0.003
[2023-22-07 02:34:33 - INFO:] ======================================
[2023-22-07 02:37:10 - INFO:] epoch: 125/200
[2023-22-07 02:37:10 - INFO:] train_loss: 0.402
[2023-22-07 02:37:10 - INFO:] test_acc: 91.907%, test_loss: 0.003
[2023-22-07 02:37:10 - INFO:] ======================================
[2023-22-07 02:39:47 - INFO:] epoch: 126/200
[2023-22-07 02:39:47 - INFO:] train_loss: 0.401
[2023-22-07 02:39:47 - INFO:] test_acc: 91.789%, test_loss: 0.003
[2023-22-07 02:39:47 - INFO:] ======================================
[2023-22-07 02:42:23 - INFO:] epoch: 127/200
[2023-22-07 02:42:23 - INFO:] train_loss: 0.405
[2023-22-07 02:42:23 - INFO:] test_acc: 91.868%, test_loss: 0.003
[2023-22-07 02:42:23 - INFO:] ======================================
[2023-22-07 02:45:00 - INFO:] epoch: 128/200
[2023-22-07 02:45:00 - INFO:] train_loss: 0.418
[2023-22-07 02:45:00 - INFO:] test_acc: 91.902%, test_loss: 0.003
[2023-22-07 02:45:00 - INFO:] ======================================
[2023-22-07 02:47:36 - INFO:] epoch: 129/200
[2023-22-07 02:47:36 - INFO:] train_loss: 0.384
[2023-22-07 02:47:36 - INFO:] test_acc: 91.859%, test_loss: 0.003
[2023-22-07 02:47:36 - INFO:] ======================================
[2023-22-07 02:50:14 - INFO:] epoch: 130/200
[2023-22-07 02:50:14 - INFO:] train_loss: 0.407
[2023-22-07 02:50:14 - INFO:] test_acc: 91.907%, test_loss: 0.003
[2023-22-07 02:50:14 - INFO:] ======================================
[2023-22-07 02:52:51 - INFO:] epoch: 131/200
[2023-22-07 02:52:51 - INFO:] train_loss: 0.417
[2023-22-07 02:52:51 - INFO:] test_acc: 91.894%, test_loss: 0.003
[2023-22-07 02:52:51 - INFO:] ======================================
[2023-22-07 02:55:28 - INFO:] epoch: 132/200
[2023-22-07 02:55:28 - INFO:] train_loss: 0.372
[2023-22-07 02:55:28 - INFO:] test_acc: 91.911%, test_loss: 0.003
[2023-22-07 02:55:28 - INFO:] ======================================
[2023-22-07 02:58:05 - INFO:] epoch: 133/200
[2023-22-07 02:58:05 - INFO:] train_loss: 0.393
[2023-22-07 02:58:05 - INFO:] test_acc: 91.924%, test_loss: 0.003
[2023-22-07 02:58:05 - INFO:] ======================================
[2023-22-07 03:00:42 - INFO:] epoch: 134/200
[2023-22-07 03:00:43 - INFO:] train_loss: 0.378
[2023-22-07 03:00:43 - INFO:] test_acc: 91.933%, test_loss: 0.003
[2023-22-07 03:00:43 - INFO:] ======================================
[2023-22-07 03:03:19 - INFO:] epoch: 135/200
[2023-22-07 03:03:19 - INFO:] train_loss: 0.387
[2023-22-07 03:03:19 - INFO:] test_acc: 91.990%, test_loss: 0.003
[2023-22-07 03:03:19 - INFO:] ======================================
[2023-22-07 03:05:55 - INFO:] epoch: 136/200
[2023-22-07 03:05:55 - INFO:] train_loss: 0.398
[2023-22-07 03:05:55 - INFO:] test_acc: 91.876%, test_loss: 0.003
[2023-22-07 03:05:55 - INFO:] ======================================
[2023-22-07 03:08:32 - INFO:] epoch: 137/200
[2023-22-07 03:08:32 - INFO:] train_loss: 0.359
[2023-22-07 03:08:32 - INFO:] test_acc: 91.976%, test_loss: 0.003
[2023-22-07 03:08:32 - INFO:] ======================================
[2023-22-07 03:11:08 - INFO:] epoch: 138/200
[2023-22-07 03:11:08 - INFO:] train_loss: 0.383
[2023-22-07 03:11:08 - INFO:] test_acc: 91.859%, test_loss: 0.003
[2023-22-07 03:11:09 - INFO:] ======================================
[2023-22-07 03:13:45 - INFO:] epoch: 139/200
[2023-22-07 03:13:45 - INFO:] train_loss: 0.368
[2023-22-07 03:13:45 - INFO:] test_acc: 91.759%, test_loss: 0.003
[2023-22-07 03:13:45 - INFO:] ======================================
[2023-22-07 03:16:22 - INFO:] epoch: 140/200
[2023-22-07 03:16:22 - INFO:] train_loss: 0.433
[2023-22-07 03:16:22 - INFO:] test_acc: 92.007%, test_loss: 0.003
[2023-22-07 03:16:22 - INFO:] ======================================
[2023-22-07 03:18:59 - INFO:] epoch: 141/200
[2023-22-07 03:18:59 - INFO:] train_loss: 0.378
[2023-22-07 03:18:59 - INFO:] test_acc: 91.872%, test_loss: 0.003
[2023-22-07 03:18:59 - INFO:] ======================================
[2023-22-07 03:21:35 - INFO:] epoch: 142/200
[2023-22-07 03:21:35 - INFO:] train_loss: 0.383
[2023-22-07 03:21:35 - INFO:] test_acc: 92.116%, test_loss: 0.003
[2023-22-07 03:21:35 - INFO:] ======================================
[2023-22-07 03:24:12 - INFO:] epoch: 143/200
[2023-22-07 03:24:12 - INFO:] train_loss: 0.376
[2023-22-07 03:24:12 - INFO:] test_acc: 91.842%, test_loss: 0.003
[2023-22-07 03:24:12 - INFO:] ======================================
[2023-22-07 03:26:49 - INFO:] epoch: 144/200
[2023-22-07 03:26:49 - INFO:] train_loss: 0.424
[2023-22-07 03:26:49 - INFO:] test_acc: 91.881%, test_loss: 0.003
[2023-22-07 03:26:49 - INFO:] ======================================
[2023-22-07 03:29:26 - INFO:] epoch: 145/200
[2023-22-07 03:29:26 - INFO:] train_loss: 0.382
[2023-22-07 03:29:26 - INFO:] test_acc: 91.924%, test_loss: 0.003
[2023-22-07 03:29:26 - INFO:] ======================================
[2023-22-07 03:32:03 - INFO:] epoch: 146/200
[2023-22-07 03:32:03 - INFO:] train_loss: 0.400
[2023-22-07 03:32:03 - INFO:] test_acc: 91.868%, test_loss: 0.003
[2023-22-07 03:32:03 - INFO:] ======================================
[2023-22-07 03:34:39 - INFO:] epoch: 147/200
[2023-22-07 03:34:39 - INFO:] train_loss: 0.364
[2023-22-07 03:34:39 - INFO:] test_acc: 91.963%, test_loss: 0.003
[2023-22-07 03:34:39 - INFO:] ======================================
[2023-22-07 03:37:16 - INFO:] epoch: 148/200
[2023-22-07 03:37:16 - INFO:] train_loss: 0.403
[2023-22-07 03:37:16 - INFO:] test_acc: 91.976%, test_loss: 0.003
[2023-22-07 03:37:16 - INFO:] ======================================
[2023-22-07 03:39:53 - INFO:] epoch: 149/200
[2023-22-07 03:39:53 - INFO:] train_loss: 0.407
[2023-22-07 03:39:53 - INFO:] test_acc: 91.963%, test_loss: 0.003
[2023-22-07 03:39:53 - INFO:] ======================================
[2023-22-07 03:42:30 - INFO:] epoch: 150/200
[2023-22-07 03:42:30 - INFO:] train_loss: 0.363
[2023-22-07 03:42:30 - INFO:] test_acc: 91.924%, test_loss: 0.003
[2023-22-07 03:42:30 - INFO:] ======================================
[2023-22-07 03:45:07 - INFO:] epoch: 151/200
[2023-22-07 03:45:07 - INFO:] train_loss: 0.465
[2023-22-07 03:45:07 - INFO:] test_acc: 91.911%, test_loss: 0.003
[2023-22-07 03:45:07 - INFO:] ======================================
[2023-22-07 03:47:44 - INFO:] epoch: 152/200
[2023-22-07 03:47:44 - INFO:] train_loss: 0.372
[2023-22-07 03:47:44 - INFO:] test_acc: 91.955%, test_loss: 0.003
[2023-22-07 03:47:44 - INFO:] ======================================
[2023-22-07 03:50:20 - INFO:] epoch: 153/200
[2023-22-07 03:50:20 - INFO:] train_loss: 0.365
[2023-22-07 03:50:20 - INFO:] test_acc: 91.959%, test_loss: 0.003
[2023-22-07 03:50:20 - INFO:] ======================================
[2023-22-07 03:52:58 - INFO:] epoch: 154/200
[2023-22-07 03:52:58 - INFO:] train_loss: 0.403
[2023-22-07 03:52:58 - INFO:] test_acc: 91.916%, test_loss: 0.003
[2023-22-07 03:52:58 - INFO:] ======================================
[2023-22-07 03:55:35 - INFO:] epoch: 155/200
[2023-22-07 03:55:35 - INFO:] train_loss: 0.413
[2023-22-07 03:55:35 - INFO:] test_acc: 91.959%, test_loss: 0.003
[2023-22-07 03:55:35 - INFO:] ======================================
[2023-22-07 03:58:12 - INFO:] epoch: 156/200
[2023-22-07 03:58:12 - INFO:] train_loss: 0.402
[2023-22-07 03:58:12 - INFO:] test_acc: 91.868%, test_loss: 0.003
[2023-22-07 03:58:12 - INFO:] ======================================
[2023-22-07 04:00:49 - INFO:] epoch: 157/200
[2023-22-07 04:00:49 - INFO:] train_loss: 0.395
[2023-22-07 04:00:49 - INFO:] test_acc: 91.920%, test_loss: 0.003
[2023-22-07 04:00:49 - INFO:] ======================================
[2023-22-07 04:03:26 - INFO:] epoch: 158/200
[2023-22-07 04:03:26 - INFO:] train_loss: 0.422
[2023-22-07 04:03:26 - INFO:] test_acc: 91.990%, test_loss: 0.003
[2023-22-07 04:03:26 - INFO:] ======================================
[2023-22-07 04:06:03 - INFO:] epoch: 159/200
[2023-22-07 04:06:03 - INFO:] train_loss: 0.401
[2023-22-07 04:06:03 - INFO:] test_acc: 91.863%, test_loss: 0.003
[2023-22-07 04:06:03 - INFO:] ======================================
[2023-22-07 04:08:40 - INFO:] epoch: 160/200
[2023-22-07 04:08:40 - INFO:] train_loss: 0.422
[2023-22-07 04:08:40 - INFO:] test_acc: 91.863%, test_loss: 0.003
[2023-22-07 04:08:40 - INFO:] ======================================
[2023-22-07 04:11:16 - INFO:] epoch: 161/200
[2023-22-07 04:11:16 - INFO:] train_loss: 0.404
[2023-22-07 04:11:16 - INFO:] test_acc: 91.950%, test_loss: 0.003
[2023-22-07 04:11:16 - INFO:] ======================================
[2023-22-07 04:13:53 - INFO:] epoch: 162/200
[2023-22-07 04:13:53 - INFO:] train_loss: 0.426
[2023-22-07 04:13:53 - INFO:] test_acc: 91.963%, test_loss: 0.003
[2023-22-07 04:13:53 - INFO:] ======================================
[2023-22-07 04:16:29 - INFO:] epoch: 163/200
[2023-22-07 04:16:29 - INFO:] train_loss: 0.393
[2023-22-07 04:16:29 - INFO:] test_acc: 91.898%, test_loss: 0.003
[2023-22-07 04:16:29 - INFO:] ======================================
[2023-22-07 04:19:06 - INFO:] epoch: 164/200
[2023-22-07 04:19:06 - INFO:] train_loss: 0.417
[2023-22-07 04:19:06 - INFO:] test_acc: 91.855%, test_loss: 0.003
[2023-22-07 04:19:06 - INFO:] ======================================
[2023-22-07 04:21:42 - INFO:] epoch: 165/200
[2023-22-07 04:21:42 - INFO:] train_loss: 0.397
[2023-22-07 04:21:42 - INFO:] test_acc: 91.976%, test_loss: 0.003
[2023-22-07 04:21:42 - INFO:] ======================================
[2023-22-07 04:24:18 - INFO:] epoch: 166/200
[2023-22-07 04:24:18 - INFO:] train_loss: 0.379
[2023-22-07 04:24:18 - INFO:] test_acc: 91.859%, test_loss: 0.003
[2023-22-07 04:24:18 - INFO:] ======================================
[2023-22-07 04:26:55 - INFO:] epoch: 167/200
[2023-22-07 04:26:55 - INFO:] train_loss: 0.384
[2023-22-07 04:26:55 - INFO:] test_acc: 91.990%, test_loss: 0.003
[2023-22-07 04:26:55 - INFO:] ======================================
[2023-22-07 04:29:31 - INFO:] epoch: 168/200
[2023-22-07 04:29:31 - INFO:] train_loss: 0.403
[2023-22-07 04:29:31 - INFO:] test_acc: 92.003%, test_loss: 0.003
[2023-22-07 04:29:31 - INFO:] ======================================
[2023-22-07 04:32:09 - INFO:] epoch: 169/200
[2023-22-07 04:32:09 - INFO:] train_loss: 0.408
[2023-22-07 04:32:09 - INFO:] test_acc: 91.946%, test_loss: 0.003
[2023-22-07 04:32:09 - INFO:] ======================================
[2023-22-07 04:34:46 - INFO:] epoch: 170/200
[2023-22-07 04:34:46 - INFO:] train_loss: 0.371
[2023-22-07 04:34:46 - INFO:] test_acc: 91.907%, test_loss: 0.003
[2023-22-07 04:34:46 - INFO:] ======================================
[2023-22-07 04:37:24 - INFO:] epoch: 171/200
[2023-22-07 04:37:24 - INFO:] train_loss: 0.415
[2023-22-07 04:37:24 - INFO:] test_acc: 91.920%, test_loss: 0.003
[2023-22-07 04:37:24 - INFO:] ======================================
[2023-22-07 04:40:01 - INFO:] epoch: 172/200
[2023-22-07 04:40:01 - INFO:] train_loss: 0.374
[2023-22-07 04:40:01 - INFO:] test_acc: 91.942%, test_loss: 0.003
[2023-22-07 04:40:01 - INFO:] ======================================
[2023-22-07 04:42:38 - INFO:] epoch: 173/200
[2023-22-07 04:42:38 - INFO:] train_loss: 0.394
[2023-22-07 04:42:38 - INFO:] test_acc: 91.959%, test_loss: 0.003
[2023-22-07 04:42:38 - INFO:] ======================================
[2023-22-07 04:45:15 - INFO:] epoch: 174/200
[2023-22-07 04:45:15 - INFO:] train_loss: 0.382
[2023-22-07 04:45:15 - INFO:] test_acc: 91.872%, test_loss: 0.003
[2023-22-07 04:45:15 - INFO:] ======================================
[2023-22-07 04:47:52 - INFO:] epoch: 175/200
[2023-22-07 04:47:52 - INFO:] train_loss: 0.450
[2023-22-07 04:47:52 - INFO:] test_acc: 91.946%, test_loss: 0.003
[2023-22-07 04:47:52 - INFO:] ======================================
[2023-22-07 04:50:29 - INFO:] epoch: 176/200
[2023-22-07 04:50:29 - INFO:] train_loss: 0.386
[2023-22-07 04:50:29 - INFO:] test_acc: 91.963%, test_loss: 0.003
[2023-22-07 04:50:29 - INFO:] ======================================
[2023-22-07 04:53:06 - INFO:] epoch: 177/200
[2023-22-07 04:53:06 - INFO:] train_loss: 0.434
[2023-22-07 04:53:06 - INFO:] test_acc: 91.881%, test_loss: 0.003
[2023-22-07 04:53:06 - INFO:] ======================================
[2023-22-07 04:55:43 - INFO:] epoch: 178/200
[2023-22-07 04:55:43 - INFO:] train_loss: 0.418
[2023-22-07 04:55:43 - INFO:] test_acc: 91.863%, test_loss: 0.003
[2023-22-07 04:55:43 - INFO:] ======================================
[2023-22-07 04:58:20 - INFO:] epoch: 179/200
[2023-22-07 04:58:20 - INFO:] train_loss: 0.411
[2023-22-07 04:58:20 - INFO:] test_acc: 91.820%, test_loss: 0.003
[2023-22-07 04:58:20 - INFO:] ======================================
[2023-22-07 05:00:57 - INFO:] epoch: 180/200
[2023-22-07 05:00:57 - INFO:] train_loss: 0.357
[2023-22-07 05:00:57 - INFO:] test_acc: 91.820%, test_loss: 0.003
[2023-22-07 05:00:57 - INFO:] ======================================
[2023-22-07 05:03:34 - INFO:] epoch: 181/200
[2023-22-07 05:03:34 - INFO:] train_loss: 0.430
[2023-22-07 05:03:34 - INFO:] test_acc: 92.020%, test_loss: 0.003
[2023-22-07 05:03:34 - INFO:] ======================================
[2023-22-07 05:06:11 - INFO:] epoch: 182/200
[2023-22-07 05:06:11 - INFO:] train_loss: 0.426
[2023-22-07 05:06:11 - INFO:] test_acc: 91.846%, test_loss: 0.003
[2023-22-07 05:06:11 - INFO:] ======================================
[2023-22-07 05:08:48 - INFO:] epoch: 183/200
[2023-22-07 05:08:48 - INFO:] train_loss: 0.390
[2023-22-07 05:08:48 - INFO:] test_acc: 91.998%, test_loss: 0.003
[2023-22-07 05:08:48 - INFO:] ======================================
[2023-22-07 05:11:24 - INFO:] epoch: 184/200
[2023-22-07 05:11:24 - INFO:] train_loss: 0.348
[2023-22-07 05:11:24 - INFO:] test_acc: 91.946%, test_loss: 0.003
[2023-22-07 05:11:24 - INFO:] ======================================
[2023-22-07 05:14:00 - INFO:] epoch: 185/200
[2023-22-07 05:14:00 - INFO:] train_loss: 0.399
[2023-22-07 05:14:00 - INFO:] test_acc: 91.907%, test_loss: 0.003
[2023-22-07 05:14:00 - INFO:] ======================================
[2023-22-07 05:16:37 - INFO:] epoch: 186/200
[2023-22-07 05:16:37 - INFO:] train_loss: 0.363
[2023-22-07 05:16:37 - INFO:] test_acc: 91.911%, test_loss: 0.003
[2023-22-07 05:16:37 - INFO:] ======================================
[2023-22-07 05:19:15 - INFO:] epoch: 187/200
[2023-22-07 05:19:15 - INFO:] train_loss: 0.409
[2023-22-07 05:19:15 - INFO:] test_acc: 91.876%, test_loss: 0.003
[2023-22-07 05:19:15 - INFO:] ======================================
[2023-22-07 05:21:52 - INFO:] epoch: 188/200
[2023-22-07 05:21:52 - INFO:] train_loss: 0.403
[2023-22-07 05:21:52 - INFO:] test_acc: 91.933%, test_loss: 0.003
[2023-22-07 05:21:52 - INFO:] ======================================
[2023-22-07 05:24:29 - INFO:] epoch: 189/200
[2023-22-07 05:24:29 - INFO:] train_loss: 0.400
[2023-22-07 05:24:29 - INFO:] test_acc: 91.955%, test_loss: 0.003
[2023-22-07 05:24:29 - INFO:] ======================================
[2023-22-07 05:27:06 - INFO:] epoch: 190/200
[2023-22-07 05:27:06 - INFO:] train_loss: 0.421
[2023-22-07 05:27:06 - INFO:] test_acc: 91.942%, test_loss: 0.003
[2023-22-07 05:27:06 - INFO:] ======================================
[2023-22-07 05:29:43 - INFO:] epoch: 191/200
[2023-22-07 05:29:43 - INFO:] train_loss: 0.381
[2023-22-07 05:29:43 - INFO:] test_acc: 91.955%, test_loss: 0.003
[2023-22-07 05:29:43 - INFO:] ======================================
[2023-22-07 05:32:20 - INFO:] epoch: 192/200
[2023-22-07 05:32:20 - INFO:] train_loss: 0.389
[2023-22-07 05:32:20 - INFO:] test_acc: 91.946%, test_loss: 0.003
[2023-22-07 05:32:20 - INFO:] ======================================
[2023-22-07 05:34:56 - INFO:] epoch: 193/200
[2023-22-07 05:34:56 - INFO:] train_loss: 0.359
[2023-22-07 05:34:56 - INFO:] test_acc: 91.929%, test_loss: 0.003
[2023-22-07 05:34:56 - INFO:] ======================================
[2023-22-07 05:37:34 - INFO:] epoch: 194/200
[2023-22-07 05:37:34 - INFO:] train_loss: 0.378
[2023-22-07 05:37:34 - INFO:] test_acc: 91.968%, test_loss: 0.003
[2023-22-07 05:37:34 - INFO:] ======================================
[2023-22-07 05:40:11 - INFO:] epoch: 195/200
[2023-22-07 05:40:11 - INFO:] train_loss: 0.361
[2023-22-07 05:40:11 - INFO:] test_acc: 91.889%, test_loss: 0.003
[2023-22-07 05:40:11 - INFO:] ======================================
[2023-22-07 05:42:48 - INFO:] epoch: 196/200
[2023-22-07 05:42:48 - INFO:] train_loss: 0.395
[2023-22-07 05:42:48 - INFO:] test_acc: 91.985%, test_loss: 0.003
[2023-22-07 05:42:48 - INFO:] ======================================
[2023-22-07 05:45:24 - INFO:] epoch: 197/200
[2023-22-07 05:45:24 - INFO:] train_loss: 0.374
[2023-22-07 05:45:24 - INFO:] test_acc: 91.990%, test_loss: 0.003
[2023-22-07 05:45:24 - INFO:] ======================================
[2023-22-07 05:48:02 - INFO:] epoch: 198/200
[2023-22-07 05:48:02 - INFO:] train_loss: 0.393
[2023-22-07 05:48:02 - INFO:] test_acc: 91.859%, test_loss: 0.003
[2023-22-07 05:48:02 - INFO:] ======================================
[2023-22-07 05:50:38 - INFO:] epoch: 199/200
[2023-22-07 05:50:38 - INFO:] train_loss: 0.386
[2023-22-07 05:50:38 - INFO:] test_acc: 91.894%, test_loss: 0.003
[2023-22-07 05:50:38 - INFO:] ======================================
[2023-22-07 05:53:15 - INFO:] epoch: 200/200
[2023-22-07 05:53:15 - INFO:] train_loss: 0.409
[2023-22-07 05:53:15 - INFO:] test_acc: 91.911%, test_loss: 0.003
[2023-22-07 05:53:15 - INFO:] ======================================
