[2023-0727 1509 - INFO] # trainset_size = 15309
[2023-0727 1509 - INFO] # testset_size = 22970
[2023-0727 1509 - INFO] # train_a/p = 6804/8505
[2023-0727 1509 - INFO] # test_a/p = 1640/2050
[2023-0727 1509 - INFO] # batch_size = 64
[2023-0727 1509 - INFO] # learning_rate = 0.0001
[2023-0727 1509 - INFO] # num_epochs = 80
[2023-0727 1509 - INFO] # padding_size = 3500
[2023-0727 1509 - INFO] # criterion = CrossEntropyLoss()
[2023-0727 1509 - INFO] # optimizer = AdamW (
Parameter Group 0
    amsgrad: False
    betas: (0.9, 0.98)
    capturable: False
    differentiable: False
    eps: 1e-08
    foreach: None
    fused: None
    lr: 0.0001
    maximize: False
    weight_decay: 0.01
)
[2023-0727 1509 - INFO] -------------------------------
