[2023-0806 1119 - INFO] <<< BEATs_iter3_plus_AS2M - 1 fc layer >>> 
[2023-0806 1119 - INFO] Add time_stretch 0.8 and time_stretch 1.2
[2023-0806 1119 - INFO] # train_a/p = 25515/25515
[2023-0806 1119 - INFO] # test_a/p = 2050/2050
[2023-0806 1119 - INFO] # batch_size = 128
[2023-0806 1119 - INFO] # learning_rate = 0.001
[2023-0806 1119 - INFO] # num_epochs = 100
[2023-0806 1119 - INFO] # padding_size = 3500
[2023-0806 1119 - INFO] # loss_fn = CE
[2023-0806 1119 - INFO] # Data Augmentation = True
[2023-0806 1119 - INFO] # testset_balance = True
[2023-0806 1119 - INFO] # scheduler = <torch.optim.lr_scheduler.CosineAnnealingLR object at 0x000001B8C00FFDF0>
[2023-0806 1119 - INFO] # optimizer = AdamW (
Parameter Group 0
    amsgrad: False
    betas: (0.9, 0.999)
    capturable: False
    differentiable: False
    eps: 1e-08
    foreach: None
    fused: None
    initial_lr: 0.001
    lr: 0.001
    maximize: False
    weight_decay: 0.01
)
[2023-0806 1119 - INFO] # Notes : 
[2023-0806 1119 - INFO] -------------------------------------
[2023-0806 1121 - INFO] epoch: 1/100
[2023-0806 1121 - INFO] learning_rate: 0.0010
[2023-0806 1121 - INFO] train_acc: 78.215%, train_loss: 0.0035
[2023-0806 1121 - INFO] test_acc: 78.439%, test_loss: 0.0035
[2023-0806 1121 - INFO] max_train_acc: 78.215%
[2023-0806 1121 - INFO] max_test_acc: 78.439%
[2023-0806 1121 - INFO] max_lr: 0.0010, min_lr: 0.0010
[2023-0806 1121 - INFO] ======================================
[2023-0806 1122 - INFO] epoch: 2/100
[2023-0806 1122 - INFO] learning_rate: 0.0009
[2023-0806 1122 - INFO] train_acc: 79.318%, train_loss: 0.0034
[2023-0806 1122 - INFO] test_acc: 77.488%, test_loss: 0.0036
[2023-0806 1122 - INFO] max_train_acc: 79.318%
[2023-0806 1122 - INFO] max_test_acc: 78.439%
[2023-0806 1122 - INFO] max_lr: 0.0010, min_lr: 0.0009
[2023-0806 1122 - INFO] ======================================
[2023-0806 1123 - INFO] epoch: 3/100
[2023-0806 1123 - INFO] learning_rate: 0.0008
[2023-0806 1123 - INFO] train_acc: 79.563%, train_loss: 0.0033
[2023-0806 1123 - INFO] test_acc: 74.780%, test_loss: 0.0042
[2023-0806 1123 - INFO] max_train_acc: 79.563%
[2023-0806 1123 - INFO] max_test_acc: 78.439%
[2023-0806 1123 - INFO] max_lr: 0.0010, min_lr: 0.0008
[2023-0806 1123 - INFO] ======================================
[2023-0806 1125 - INFO] epoch: 4/100
[2023-0806 1125 - INFO] learning_rate: 0.0007
[2023-0806 1125 - INFO] train_acc: 79.573%, train_loss: 0.0033
[2023-0806 1125 - INFO] test_acc: 78.707%, test_loss: 0.0034
[2023-0806 1125 - INFO] max_train_acc: 79.573%
[2023-0806 1125 - INFO] max_test_acc: 78.707%
[2023-0806 1125 - INFO] max_lr: 0.0010, min_lr: 0.0007
[2023-0806 1125 - INFO] ======================================
[2023-0806 1126 - INFO] epoch: 5/100
[2023-0806 1126 - INFO] learning_rate: 0.0005
[2023-0806 1126 - INFO] train_acc: 80.012%, train_loss: 0.0033
[2023-0806 1126 - INFO] test_acc: 74.415%, test_loss: 0.0040
[2023-0806 1126 - INFO] max_train_acc: 80.012%
[2023-0806 1126 - INFO] max_test_acc: 78.707%
[2023-0806 1126 - INFO] max_lr: 0.0010, min_lr: 0.0005
[2023-0806 1126 - INFO] ======================================
[2023-0806 1127 - INFO] epoch: 6/100
[2023-0806 1127 - INFO] learning_rate: 0.0003
[2023-0806 1127 - INFO] train_acc: 79.896%, train_loss: 0.0033
[2023-0806 1127 - INFO] test_acc: 77.854%, test_loss: 0.0035
[2023-0806 1127 - INFO] max_train_acc: 80.012%
[2023-0806 1127 - INFO] max_test_acc: 78.707%
[2023-0806 1127 - INFO] max_lr: 0.0010, min_lr: 0.0003
[2023-0806 1127 - INFO] ======================================
[2023-0806 1129 - INFO] epoch: 7/100
[2023-0806 1129 - INFO] learning_rate: 0.0002
[2023-0806 1129 - INFO] train_acc: 79.992%, train_loss: 0.0033
[2023-0806 1129 - INFO] test_acc: 79.341%, test_loss: 0.0034
[2023-0806 1129 - INFO] max_train_acc: 80.012%
[2023-0806 1129 - INFO] max_test_acc: 79.341%
[2023-0806 1129 - INFO] max_lr: 0.0010, min_lr: 0.0002
[2023-0806 1129 - INFO] ======================================
[2023-0806 1130 - INFO] epoch: 8/100
[2023-0806 1130 - INFO] learning_rate: 0.0001
[2023-0806 1130 - INFO] train_acc: 80.031%, train_loss: 0.0033
[2023-0806 1130 - INFO] test_acc: 77.659%, test_loss: 0.0036
[2023-0806 1130 - INFO] max_train_acc: 80.031%
[2023-0806 1130 - INFO] max_test_acc: 79.341%
[2023-0806 1130 - INFO] max_lr: 0.0010, min_lr: 0.0001
[2023-0806 1130 - INFO] ======================================
[2023-0806 1131 - INFO] epoch: 9/100
[2023-0806 1131 - INFO] learning_rate: 0.0000
[2023-0806 1131 - INFO] train_acc: 80.169%, train_loss: 0.0032
[2023-0806 1131 - INFO] test_acc: 79.146%, test_loss: 0.0034
[2023-0806 1131 - INFO] max_train_acc: 80.169%
[2023-0806 1131 - INFO] max_test_acc: 79.341%
[2023-0806 1131 - INFO] max_lr: 0.0010, min_lr: 0.0000
[2023-0806 1131 - INFO] ======================================
[2023-0806 1133 - INFO] epoch: 10/100
[2023-0806 1133 - INFO] learning_rate: 0.0000
[2023-0806 1133 - INFO] train_acc: 80.143%, train_loss: 0.0032
[2023-0806 1133 - INFO] test_acc: 77.878%, test_loss: 0.0035
[2023-0806 1133 - INFO] max_train_acc: 80.169%
[2023-0806 1133 - INFO] max_test_acc: 79.341%
[2023-0806 1133 - INFO] max_lr: 0.0010, min_lr: 0.0000
[2023-0806 1133 - INFO] ======================================
[2023-0806 1134 - INFO] epoch: 11/100
[2023-0806 1134 - INFO] learning_rate: 0.0000
[2023-0806 1134 - INFO] train_acc: 80.282%, train_loss: 0.0032
[2023-0806 1134 - INFO] test_acc: 77.902%, test_loss: 0.0035
[2023-0806 1134 - INFO] max_train_acc: 80.282%
[2023-0806 1134 - INFO] max_test_acc: 79.341%
[2023-0806 1134 - INFO] max_lr: 0.0010, min_lr: 0.0000
[2023-0806 1134 - INFO] ======================================
[2023-0806 1135 - INFO] epoch: 12/100
[2023-0806 1135 - INFO] learning_rate: 0.0001
[2023-0806 1135 - INFO] train_acc: 80.174%, train_loss: 0.0032
[2023-0806 1135 - INFO] test_acc: 78.390%, test_loss: 0.0035
[2023-0806 1135 - INFO] max_train_acc: 80.282%
[2023-0806 1135 - INFO] max_test_acc: 79.341%
[2023-0806 1135 - INFO] max_lr: 0.0010, min_lr: 0.0000
[2023-0806 1135 - INFO] ======================================
[2023-0806 1137 - INFO] epoch: 13/100
[2023-0806 1137 - INFO] learning_rate: 0.0002
[2023-0806 1137 - INFO] train_acc: 80.076%, train_loss: 0.0033
[2023-0806 1137 - INFO] test_acc: 79.024%, test_loss: 0.0034
[2023-0806 1137 - INFO] max_train_acc: 80.282%
[2023-0806 1137 - INFO] max_test_acc: 79.341%
[2023-0806 1137 - INFO] max_lr: 0.0010, min_lr: 0.0000
[2023-0806 1137 - INFO] ======================================
[2023-0806 1138 - INFO] epoch: 14/100
[2023-0806 1138 - INFO] learning_rate: 0.0003
[2023-0806 1138 - INFO] train_acc: 80.210%, train_loss: 0.0032
[2023-0806 1138 - INFO] test_acc: 78.122%, test_loss: 0.0035
[2023-0806 1138 - INFO] max_train_acc: 80.282%
[2023-0806 1138 - INFO] max_test_acc: 79.341%
[2023-0806 1138 - INFO] max_lr: 0.0010, min_lr: 0.0000
[2023-0806 1138 - INFO] ======================================
[2023-0806 1139 - INFO] epoch: 15/100
[2023-0806 1139 - INFO] learning_rate: 0.0005
[2023-0806 1139 - INFO] train_acc: 79.937%, train_loss: 0.0033
[2023-0806 1139 - INFO] test_acc: 78.488%, test_loss: 0.0034
[2023-0806 1139 - INFO] max_train_acc: 80.282%
[2023-0806 1139 - INFO] max_test_acc: 79.341%
[2023-0806 1139 - INFO] max_lr: 0.0010, min_lr: 0.0000
[2023-0806 1139 - INFO] ======================================
[2023-0806 1141 - INFO] epoch: 16/100
[2023-0806 1141 - INFO] learning_rate: 0.0007
[2023-0806 1141 - INFO] train_acc: 79.971%, train_loss: 0.0033
[2023-0806 1141 - INFO] test_acc: 78.415%, test_loss: 0.0035
[2023-0806 1141 - INFO] max_train_acc: 80.282%
[2023-0806 1141 - INFO] max_test_acc: 79.341%
[2023-0806 1141 - INFO] max_lr: 0.0010, min_lr: 0.0000
[2023-0806 1141 - INFO] ======================================
[2023-0806 1142 - INFO] epoch: 17/100
[2023-0806 1142 - INFO] learning_rate: 0.0008
[2023-0806 1142 - INFO] train_acc: 79.892%, train_loss: 0.0033
[2023-0806 1142 - INFO] test_acc: 78.927%, test_loss: 0.0034
[2023-0806 1142 - INFO] max_train_acc: 80.282%
[2023-0806 1142 - INFO] max_test_acc: 79.341%
[2023-0806 1142 - INFO] max_lr: 0.0010, min_lr: 0.0000
[2023-0806 1142 - INFO] ======================================
[2023-0806 1143 - INFO] epoch: 18/100
[2023-0806 1143 - INFO] learning_rate: 0.0009
[2023-0806 1143 - INFO] train_acc: 79.747%, train_loss: 0.0033
[2023-0806 1143 - INFO] test_acc: 78.780%, test_loss: 0.0034
[2023-0806 1143 - INFO] max_train_acc: 80.282%
[2023-0806 1143 - INFO] max_test_acc: 79.341%
[2023-0806 1143 - INFO] max_lr: 0.0010, min_lr: 0.0000
[2023-0806 1143 - INFO] ======================================
[2023-0806 1145 - INFO] epoch: 19/100
[2023-0806 1145 - INFO] learning_rate: 0.0010
[2023-0806 1145 - INFO] train_acc: 79.739%, train_loss: 0.0033
[2023-0806 1145 - INFO] test_acc: 77.146%, test_loss: 0.0036
[2023-0806 1145 - INFO] max_train_acc: 80.282%
[2023-0806 1145 - INFO] max_test_acc: 79.341%
[2023-0806 1145 - INFO] max_lr: 0.0010, min_lr: 0.0000
[2023-0806 1145 - INFO] ======================================
[2023-0806 1146 - INFO] epoch: 20/100
[2023-0806 1146 - INFO] learning_rate: 0.0010
[2023-0806 1146 - INFO] train_acc: 79.714%, train_loss: 0.0033
[2023-0806 1146 - INFO] test_acc: 79.537%, test_loss: 0.0034
[2023-0806 1146 - INFO] max_train_acc: 80.282%
[2023-0806 1146 - INFO] max_test_acc: 79.537%
[2023-0806 1146 - INFO] max_lr: 0.0010, min_lr: 0.0000
[2023-0806 1146 - INFO] ======================================
[2023-0806 1147 - INFO] epoch: 21/100
[2023-0806 1147 - INFO] learning_rate: 0.0010
[2023-0806 1147 - INFO] train_acc: 79.875%, train_loss: 0.0033
[2023-0806 1147 - INFO] test_acc: 77.122%, test_loss: 0.0036
[2023-0806 1147 - INFO] max_train_acc: 80.282%
[2023-0806 1147 - INFO] max_test_acc: 79.537%
[2023-0806 1147 - INFO] max_lr: 0.0010, min_lr: 0.0000
[2023-0806 1147 - INFO] ======================================
[2023-0806 1148 - INFO] epoch: 22/100
[2023-0806 1148 - INFO] learning_rate: 0.0009
[2023-0806 1148 - INFO] train_acc: 79.700%, train_loss: 0.0033
[2023-0806 1148 - INFO] test_acc: 78.171%, test_loss: 0.0034
[2023-0806 1148 - INFO] max_train_acc: 80.282%
[2023-0806 1148 - INFO] max_test_acc: 79.537%
[2023-0806 1148 - INFO] max_lr: 0.0010, min_lr: 0.0000
[2023-0806 1148 - INFO] ======================================
[2023-0806 1150 - INFO] epoch: 23/100
[2023-0806 1150 - INFO] learning_rate: 0.0008
[2023-0806 1150 - INFO] train_acc: 79.833%, train_loss: 0.0033
[2023-0806 1150 - INFO] test_acc: 78.390%, test_loss: 0.0035
[2023-0806 1150 - INFO] max_train_acc: 80.282%
[2023-0806 1150 - INFO] max_test_acc: 79.537%
[2023-0806 1150 - INFO] max_lr: 0.0010, min_lr: 0.0000
[2023-0806 1150 - INFO] ======================================
[2023-0806 1151 - INFO] epoch: 24/100
[2023-0806 1151 - INFO] learning_rate: 0.0007
[2023-0806 1151 - INFO] train_acc: 79.808%, train_loss: 0.0033
[2023-0806 1151 - INFO] test_acc: 80.122%, test_loss: 0.0034
[2023-0806 1151 - INFO] max_train_acc: 80.282%
[2023-0806 1151 - INFO] max_test_acc: 80.122%
[2023-0806 1151 - INFO] max_lr: 0.0010, min_lr: 0.0000
[2023-0806 1151 - INFO] ======================================
[2023-0806 1152 - INFO] epoch: 25/100
[2023-0806 1152 - INFO] learning_rate: 0.0005
[2023-0806 1152 - INFO] train_acc: 80.012%, train_loss: 0.0033
[2023-0806 1152 - INFO] test_acc: 77.122%, test_loss: 0.0036
[2023-0806 1152 - INFO] max_train_acc: 80.282%
[2023-0806 1152 - INFO] max_test_acc: 80.122%
[2023-0806 1152 - INFO] max_lr: 0.0010, min_lr: 0.0000
[2023-0806 1152 - INFO] ======================================
[2023-0806 1154 - INFO] epoch: 26/100
[2023-0806 1154 - INFO] learning_rate: 0.0003
[2023-0806 1154 - INFO] train_acc: 80.106%, train_loss: 0.0033
[2023-0806 1154 - INFO] test_acc: 79.024%, test_loss: 0.0034
[2023-0806 1154 - INFO] max_train_acc: 80.282%
[2023-0806 1154 - INFO] max_test_acc: 80.122%
[2023-0806 1154 - INFO] max_lr: 0.0010, min_lr: 0.0000
[2023-0806 1154 - INFO] ======================================
[2023-0806 1155 - INFO] epoch: 27/100
[2023-0806 1155 - INFO] learning_rate: 0.0002
[2023-0806 1155 - INFO] train_acc: 80.192%, train_loss: 0.0032
[2023-0806 1155 - INFO] test_acc: 77.805%, test_loss: 0.0036
[2023-0806 1155 - INFO] max_train_acc: 80.282%
[2023-0806 1155 - INFO] max_test_acc: 80.122%
[2023-0806 1155 - INFO] max_lr: 0.0010, min_lr: 0.0000
[2023-0806 1155 - INFO] ======================================
[2023-0806 1156 - INFO] epoch: 28/100
[2023-0806 1156 - INFO] learning_rate: 0.0001
[2023-0806 1156 - INFO] train_acc: 80.041%, train_loss: 0.0033
[2023-0806 1156 - INFO] test_acc: 79.146%, test_loss: 0.0034
[2023-0806 1156 - INFO] max_train_acc: 80.282%
[2023-0806 1156 - INFO] max_test_acc: 80.122%
[2023-0806 1156 - INFO] max_lr: 0.0010, min_lr: 0.0000
[2023-0806 1156 - INFO] ======================================
[2023-0806 1157 - INFO] epoch: 29/100
[2023-0806 1157 - INFO] learning_rate: 0.0000
[2023-0806 1157 - INFO] train_acc: 80.080%, train_loss: 0.0033
[2023-0806 1157 - INFO] test_acc: 78.122%, test_loss: 0.0035
[2023-0806 1157 - INFO] max_train_acc: 80.282%
[2023-0806 1157 - INFO] max_test_acc: 80.122%
[2023-0806 1157 - INFO] max_lr: 0.0010, min_lr: 0.0000
[2023-0806 1157 - INFO] ======================================
[2023-0806 1159 - INFO] epoch: 30/100
[2023-0806 1159 - INFO] learning_rate: 0.0000
[2023-0806 1159 - INFO] train_acc: 80.214%, train_loss: 0.0032
[2023-0806 1159 - INFO] test_acc: 78.537%, test_loss: 0.0034
[2023-0806 1159 - INFO] max_train_acc: 80.282%
[2023-0806 1159 - INFO] max_test_acc: 80.122%
[2023-0806 1159 - INFO] max_lr: 0.0010, min_lr: 0.0000
[2023-0806 1159 - INFO] ======================================
[2023-0806 1200 - INFO] epoch: 31/100
[2023-0806 1200 - INFO] learning_rate: 0.0000
[2023-0806 1200 - INFO] train_acc: 80.218%, train_loss: 0.0032
[2023-0806 1200 - INFO] test_acc: 78.537%, test_loss: 0.0034
[2023-0806 1200 - INFO] max_train_acc: 80.282%
[2023-0806 1200 - INFO] max_test_acc: 80.122%
[2023-0806 1200 - INFO] max_lr: 0.0010, min_lr: 0.0000
[2023-0806 1200 - INFO] ======================================
[2023-0806 1201 - INFO] epoch: 32/100
[2023-0806 1201 - INFO] learning_rate: 0.0001
[2023-0806 1201 - INFO] train_acc: 80.267%, train_loss: 0.0032
[2023-0806 1201 - INFO] test_acc: 78.537%, test_loss: 0.0034
[2023-0806 1201 - INFO] max_train_acc: 80.282%
[2023-0806 1201 - INFO] max_test_acc: 80.122%
[2023-0806 1201 - INFO] max_lr: 0.0010, min_lr: 0.0000
[2023-0806 1201 - INFO] ======================================
[2023-0806 1202 - INFO] epoch: 33/100
[2023-0806 1202 - INFO] learning_rate: 0.0002
[2023-0806 1202 - INFO] train_acc: 80.174%, train_loss: 0.0032
[2023-0806 1202 - INFO] test_acc: 77.707%, test_loss: 0.0035
[2023-0806 1202 - INFO] max_train_acc: 80.282%
[2023-0806 1202 - INFO] max_test_acc: 80.122%
[2023-0806 1202 - INFO] max_lr: 0.0010, min_lr: 0.0000
[2023-0806 1202 - INFO] ======================================
[2023-0806 1204 - INFO] epoch: 34/100
[2023-0806 1204 - INFO] learning_rate: 0.0003
[2023-0806 1204 - INFO] train_acc: 80.037%, train_loss: 0.0033
[2023-0806 1204 - INFO] test_acc: 79.024%, test_loss: 0.0034
[2023-0806 1204 - INFO] max_train_acc: 80.282%
[2023-0806 1204 - INFO] max_test_acc: 80.122%
[2023-0806 1204 - INFO] max_lr: 0.0010, min_lr: 0.0000
[2023-0806 1204 - INFO] ======================================
[2023-0806 1205 - INFO] epoch: 35/100
[2023-0806 1205 - INFO] learning_rate: 0.0005
[2023-0806 1205 - INFO] train_acc: 79.865%, train_loss: 0.0033
[2023-0806 1205 - INFO] test_acc: 79.268%, test_loss: 0.0034
[2023-0806 1205 - INFO] max_train_acc: 80.282%
[2023-0806 1205 - INFO] max_test_acc: 80.122%
[2023-0806 1205 - INFO] max_lr: 0.0010, min_lr: 0.0000
[2023-0806 1205 - INFO] ======================================
[2023-0806 1206 - INFO] epoch: 36/100
[2023-0806 1206 - INFO] learning_rate: 0.0007
[2023-0806 1206 - INFO] train_acc: 80.002%, train_loss: 0.0033
[2023-0806 1206 - INFO] test_acc: 78.805%, test_loss: 0.0034
[2023-0806 1206 - INFO] max_train_acc: 80.282%
[2023-0806 1206 - INFO] max_test_acc: 80.122%
[2023-0806 1206 - INFO] max_lr: 0.0010, min_lr: 0.0000
[2023-0806 1206 - INFO] ======================================
[2023-0806 1208 - INFO] epoch: 37/100
[2023-0806 1208 - INFO] learning_rate: 0.0008
[2023-0806 1208 - INFO] train_acc: 79.955%, train_loss: 0.0033
[2023-0806 1208 - INFO] test_acc: 78.854%, test_loss: 0.0034
[2023-0806 1208 - INFO] max_train_acc: 80.282%
[2023-0806 1208 - INFO] max_test_acc: 80.122%
[2023-0806 1208 - INFO] max_lr: 0.0010, min_lr: 0.0000
[2023-0806 1208 - INFO] ======================================
[2023-0806 1209 - INFO] epoch: 38/100
[2023-0806 1209 - INFO] learning_rate: 0.0009
[2023-0806 1209 - INFO] train_acc: 80.012%, train_loss: 0.0033
[2023-0806 1209 - INFO] test_acc: 80.000%, test_loss: 0.0034
[2023-0806 1209 - INFO] max_train_acc: 80.282%
[2023-0806 1209 - INFO] max_test_acc: 80.122%
[2023-0806 1209 - INFO] max_lr: 0.0010, min_lr: 0.0000
[2023-0806 1209 - INFO] ======================================
[2023-0806 1210 - INFO] epoch: 39/100
[2023-0806 1210 - INFO] learning_rate: 0.0010
[2023-0806 1210 - INFO] train_acc: 79.784%, train_loss: 0.0033
[2023-0806 1210 - INFO] test_acc: 79.439%, test_loss: 0.0034
[2023-0806 1210 - INFO] max_train_acc: 80.282%
[2023-0806 1210 - INFO] max_test_acc: 80.122%
[2023-0806 1210 - INFO] max_lr: 0.0010, min_lr: 0.0000
[2023-0806 1210 - INFO] ======================================
[2023-0806 1212 - INFO] epoch: 40/100
[2023-0806 1212 - INFO] learning_rate: 0.0010
[2023-0806 1212 - INFO] train_acc: 79.684%, train_loss: 0.0033
[2023-0806 1212 - INFO] test_acc: 77.195%, test_loss: 0.0036
[2023-0806 1212 - INFO] max_train_acc: 80.282%
[2023-0806 1212 - INFO] max_test_acc: 80.122%
[2023-0806 1212 - INFO] max_lr: 0.0010, min_lr: 0.0000
[2023-0806 1212 - INFO] ======================================
[2023-0806 1213 - INFO] epoch: 41/100
[2023-0806 1213 - INFO] learning_rate: 0.0010
[2023-0806 1213 - INFO] train_acc: 79.967%, train_loss: 0.0033
[2023-0806 1213 - INFO] test_acc: 78.000%, test_loss: 0.0035
[2023-0806 1213 - INFO] max_train_acc: 80.282%
[2023-0806 1213 - INFO] max_test_acc: 80.122%
[2023-0806 1213 - INFO] max_lr: 0.0010, min_lr: 0.0000
[2023-0806 1213 - INFO] ======================================
[2023-0806 1214 - INFO] epoch: 42/100
[2023-0806 1214 - INFO] learning_rate: 0.0009
[2023-0806 1214 - INFO] train_acc: 79.600%, train_loss: 0.0033
[2023-0806 1214 - INFO] test_acc: 78.683%, test_loss: 0.0034
[2023-0806 1214 - INFO] max_train_acc: 80.282%
[2023-0806 1214 - INFO] max_test_acc: 80.122%
[2023-0806 1214 - INFO] max_lr: 0.0010, min_lr: 0.0000
[2023-0806 1214 - INFO] ======================================
[2023-0806 1215 - INFO] epoch: 43/100
[2023-0806 1215 - INFO] learning_rate: 0.0008
[2023-0806 1215 - INFO] train_acc: 79.839%, train_loss: 0.0033
[2023-0806 1215 - INFO] test_acc: 77.366%, test_loss: 0.0036
[2023-0806 1215 - INFO] max_train_acc: 80.282%
[2023-0806 1215 - INFO] max_test_acc: 80.122%
[2023-0806 1215 - INFO] max_lr: 0.0010, min_lr: 0.0000
[2023-0806 1215 - INFO] ======================================
[2023-0806 1217 - INFO] epoch: 44/100
[2023-0806 1217 - INFO] learning_rate: 0.0007
[2023-0806 1217 - INFO] train_acc: 80.033%, train_loss: 0.0033
[2023-0806 1217 - INFO] test_acc: 77.390%, test_loss: 0.0036
[2023-0806 1217 - INFO] max_train_acc: 80.282%
[2023-0806 1217 - INFO] max_test_acc: 80.122%
[2023-0806 1217 - INFO] max_lr: 0.0010, min_lr: 0.0000
[2023-0806 1217 - INFO] ======================================
[2023-0806 1218 - INFO] epoch: 45/100
[2023-0806 1218 - INFO] learning_rate: 0.0005
[2023-0806 1218 - INFO] train_acc: 80.241%, train_loss: 0.0032
[2023-0806 1218 - INFO] test_acc: 78.610%, test_loss: 0.0035
[2023-0806 1218 - INFO] max_train_acc: 80.282%
[2023-0806 1218 - INFO] max_test_acc: 80.122%
[2023-0806 1218 - INFO] max_lr: 0.0010, min_lr: 0.0000
[2023-0806 1218 - INFO] ======================================
[2023-0806 1219 - INFO] epoch: 46/100
[2023-0806 1219 - INFO] learning_rate: 0.0003
[2023-0806 1219 - INFO] train_acc: 80.137%, train_loss: 0.0033
[2023-0806 1219 - INFO] test_acc: 78.366%, test_loss: 0.0035
[2023-0806 1219 - INFO] max_train_acc: 80.282%
[2023-0806 1219 - INFO] max_test_acc: 80.122%
[2023-0806 1219 - INFO] max_lr: 0.0010, min_lr: 0.0000
[2023-0806 1219 - INFO] ======================================
[2023-0806 1221 - INFO] epoch: 47/100
[2023-0806 1221 - INFO] learning_rate: 0.0002
[2023-0806 1221 - INFO] train_acc: 80.253%, train_loss: 0.0032
[2023-0806 1221 - INFO] test_acc: 78.805%, test_loss: 0.0034
[2023-0806 1221 - INFO] max_train_acc: 80.282%
[2023-0806 1221 - INFO] max_test_acc: 80.122%
[2023-0806 1221 - INFO] max_lr: 0.0010, min_lr: 0.0000
[2023-0806 1221 - INFO] ======================================
[2023-0806 1222 - INFO] epoch: 48/100
[2023-0806 1222 - INFO] learning_rate: 0.0001
[2023-0806 1222 - INFO] train_acc: 80.121%, train_loss: 0.0032
[2023-0806 1222 - INFO] test_acc: 79.122%, test_loss: 0.0034
[2023-0806 1222 - INFO] max_train_acc: 80.282%
[2023-0806 1222 - INFO] max_test_acc: 80.122%
[2023-0806 1222 - INFO] max_lr: 0.0010, min_lr: 0.0000
[2023-0806 1222 - INFO] ======================================
[2023-0806 1223 - INFO] epoch: 49/100
[2023-0806 1223 - INFO] learning_rate: 0.0000
[2023-0806 1223 - INFO] train_acc: 80.145%, train_loss: 0.0033
[2023-0806 1223 - INFO] test_acc: 78.927%, test_loss: 0.0034
[2023-0806 1223 - INFO] max_train_acc: 80.282%
[2023-0806 1223 - INFO] max_test_acc: 80.122%
[2023-0806 1223 - INFO] max_lr: 0.0010, min_lr: 0.0000
[2023-0806 1223 - INFO] ======================================
[2023-0806 1224 - INFO] epoch: 50/100
[2023-0806 1224 - INFO] learning_rate: 0.0000
[2023-0806 1224 - INFO] train_acc: 80.255%, train_loss: 0.0032
[2023-0806 1224 - INFO] test_acc: 78.707%, test_loss: 0.0034
[2023-0806 1224 - INFO] max_train_acc: 80.282%
[2023-0806 1224 - INFO] max_test_acc: 80.122%
[2023-0806 1224 - INFO] max_lr: 0.0010, min_lr: 0.0000
[2023-0806 1224 - INFO] ======================================
[2023-0806 1226 - INFO] epoch: 51/100
[2023-0806 1226 - INFO] learning_rate: 0.0000
[2023-0806 1226 - INFO] train_acc: 80.278%, train_loss: 0.0032
[2023-0806 1226 - INFO] test_acc: 78.683%, test_loss: 0.0034
[2023-0806 1226 - INFO] max_train_acc: 80.282%
[2023-0806 1226 - INFO] max_test_acc: 80.122%
[2023-0806 1226 - INFO] max_lr: 0.0010, min_lr: 0.0000
[2023-0806 1226 - INFO] ======================================
[2023-0806 1227 - INFO] epoch: 52/100
[2023-0806 1227 - INFO] learning_rate: 0.0001
[2023-0806 1227 - INFO] train_acc: 80.359%, train_loss: 0.0032
[2023-0806 1227 - INFO] test_acc: 78.732%, test_loss: 0.0034
[2023-0806 1227 - INFO] max_train_acc: 80.359%
[2023-0806 1227 - INFO] max_test_acc: 80.122%
[2023-0806 1227 - INFO] max_lr: 0.0010, min_lr: 0.0000
[2023-0806 1227 - INFO] ======================================
[2023-0806 1228 - INFO] epoch: 53/100
[2023-0806 1228 - INFO] learning_rate: 0.0002
[2023-0806 1228 - INFO] train_acc: 80.080%, train_loss: 0.0032
[2023-0806 1228 - INFO] test_acc: 78.683%, test_loss: 0.0034
[2023-0806 1228 - INFO] max_train_acc: 80.359%
[2023-0806 1228 - INFO] max_test_acc: 80.122%
[2023-0806 1228 - INFO] max_lr: 0.0010, min_lr: 0.0000
[2023-0806 1228 - INFO] ======================================
[2023-0806 1229 - INFO] epoch: 54/100
[2023-0806 1229 - INFO] learning_rate: 0.0003
[2023-0806 1229 - INFO] train_acc: 80.088%, train_loss: 0.0032
[2023-0806 1229 - INFO] test_acc: 77.976%, test_loss: 0.0035
[2023-0806 1229 - INFO] max_train_acc: 80.359%
[2023-0806 1229 - INFO] max_test_acc: 80.122%
[2023-0806 1229 - INFO] max_lr: 0.0010, min_lr: 0.0000
[2023-0806 1229 - INFO] ======================================
[2023-0806 1231 - INFO] epoch: 55/100
[2023-0806 1231 - INFO] learning_rate: 0.0005
[2023-0806 1231 - INFO] train_acc: 80.178%, train_loss: 0.0032
[2023-0806 1231 - INFO] test_acc: 77.707%, test_loss: 0.0035
[2023-0806 1231 - INFO] max_train_acc: 80.359%
[2023-0806 1231 - INFO] max_test_acc: 80.122%
[2023-0806 1231 - INFO] max_lr: 0.0010, min_lr: 0.0000
[2023-0806 1231 - INFO] ======================================
[2023-0806 1232 - INFO] epoch: 56/100
[2023-0806 1232 - INFO] learning_rate: 0.0007
[2023-0806 1232 - INFO] train_acc: 79.882%, train_loss: 0.0033
[2023-0806 1232 - INFO] test_acc: 78.000%, test_loss: 0.0035
[2023-0806 1232 - INFO] max_train_acc: 80.359%
[2023-0806 1232 - INFO] max_test_acc: 80.122%
[2023-0806 1232 - INFO] max_lr: 0.0010, min_lr: 0.0000
[2023-0806 1232 - INFO] ======================================
[2023-0806 1233 - INFO] epoch: 57/100
[2023-0806 1233 - INFO] learning_rate: 0.0008
[2023-0806 1233 - INFO] train_acc: 79.969%, train_loss: 0.0033
[2023-0806 1233 - INFO] test_acc: 78.146%, test_loss: 0.0035
[2023-0806 1233 - INFO] max_train_acc: 80.359%
[2023-0806 1233 - INFO] max_test_acc: 80.122%
[2023-0806 1233 - INFO] max_lr: 0.0010, min_lr: 0.0000
[2023-0806 1233 - INFO] ======================================
[2023-0806 1235 - INFO] epoch: 58/100
[2023-0806 1235 - INFO] learning_rate: 0.0009
[2023-0806 1235 - INFO] train_acc: 80.065%, train_loss: 0.0033
[2023-0806 1235 - INFO] test_acc: 76.976%, test_loss: 0.0036
[2023-0806 1235 - INFO] max_train_acc: 80.359%
[2023-0806 1235 - INFO] max_test_acc: 80.122%
[2023-0806 1235 - INFO] max_lr: 0.0010, min_lr: 0.0000
[2023-0806 1235 - INFO] ======================================
[2023-0806 1236 - INFO] epoch: 59/100
[2023-0806 1236 - INFO] learning_rate: 0.0010
[2023-0806 1236 - INFO] train_acc: 80.004%, train_loss: 0.0033
[2023-0806 1236 - INFO] test_acc: 78.415%, test_loss: 0.0035
[2023-0806 1236 - INFO] max_train_acc: 80.359%
[2023-0806 1236 - INFO] max_test_acc: 80.122%
[2023-0806 1236 - INFO] max_lr: 0.0010, min_lr: 0.0000
[2023-0806 1236 - INFO] ======================================
[2023-0806 1237 - INFO] epoch: 60/100
[2023-0806 1237 - INFO] learning_rate: 0.0010
[2023-0806 1237 - INFO] train_acc: 79.596%, train_loss: 0.0033
[2023-0806 1237 - INFO] test_acc: 78.293%, test_loss: 0.0036
[2023-0806 1237 - INFO] max_train_acc: 80.359%
[2023-0806 1237 - INFO] max_test_acc: 80.122%
[2023-0806 1237 - INFO] max_lr: 0.0010, min_lr: 0.0000
[2023-0806 1237 - INFO] ======================================
[2023-0806 1239 - INFO] epoch: 61/100
[2023-0806 1239 - INFO] learning_rate: 0.0010
[2023-0806 1239 - INFO] train_acc: 79.988%, train_loss: 0.0033
[2023-0806 1239 - INFO] test_acc: 78.951%, test_loss: 0.0034
[2023-0806 1239 - INFO] max_train_acc: 80.359%
[2023-0806 1239 - INFO] max_test_acc: 80.122%
[2023-0806 1239 - INFO] max_lr: 0.0010, min_lr: 0.0000
[2023-0806 1239 - INFO] ======================================
[2023-0806 1240 - INFO] epoch: 62/100
[2023-0806 1240 - INFO] learning_rate: 0.0009
[2023-0806 1240 - INFO] train_acc: 79.931%, train_loss: 0.0033
[2023-0806 1240 - INFO] test_acc: 76.488%, test_loss: 0.0037
[2023-0806 1240 - INFO] max_train_acc: 80.359%
[2023-0806 1240 - INFO] max_test_acc: 80.122%
[2023-0806 1240 - INFO] max_lr: 0.0010, min_lr: 0.0000
[2023-0806 1240 - INFO] ======================================
[2023-0806 1241 - INFO] epoch: 63/100
[2023-0806 1241 - INFO] learning_rate: 0.0008
[2023-0806 1241 - INFO] train_acc: 79.867%, train_loss: 0.0033
[2023-0806 1241 - INFO] test_acc: 78.220%, test_loss: 0.0035
[2023-0806 1241 - INFO] max_train_acc: 80.359%
[2023-0806 1241 - INFO] max_test_acc: 80.122%
[2023-0806 1241 - INFO] max_lr: 0.0010, min_lr: 0.0000
[2023-0806 1241 - INFO] ======================================
[2023-0806 1242 - INFO] epoch: 64/100
[2023-0806 1242 - INFO] learning_rate: 0.0007
[2023-0806 1242 - INFO] train_acc: 79.959%, train_loss: 0.0033
[2023-0806 1242 - INFO] test_acc: 77.951%, test_loss: 0.0035
[2023-0806 1242 - INFO] max_train_acc: 80.359%
[2023-0806 1242 - INFO] max_test_acc: 80.122%
[2023-0806 1242 - INFO] max_lr: 0.0010, min_lr: 0.0000
[2023-0806 1242 - INFO] ======================================
[2023-0806 1244 - INFO] epoch: 65/100
[2023-0806 1244 - INFO] learning_rate: 0.0005
[2023-0806 1244 - INFO] train_acc: 80.180%, train_loss: 0.0033
[2023-0806 1244 - INFO] test_acc: 79.195%, test_loss: 0.0034
[2023-0806 1244 - INFO] max_train_acc: 80.359%
[2023-0806 1244 - INFO] max_test_acc: 80.122%
[2023-0806 1244 - INFO] max_lr: 0.0010, min_lr: 0.0000
[2023-0806 1244 - INFO] ======================================
[2023-0806 1245 - INFO] epoch: 66/100
[2023-0806 1245 - INFO] learning_rate: 0.0003
[2023-0806 1245 - INFO] train_acc: 80.063%, train_loss: 0.0033
[2023-0806 1245 - INFO] test_acc: 79.366%, test_loss: 0.0034
[2023-0806 1245 - INFO] max_train_acc: 80.359%
[2023-0806 1245 - INFO] max_test_acc: 80.122%
[2023-0806 1245 - INFO] max_lr: 0.0010, min_lr: 0.0000
[2023-0806 1245 - INFO] ======================================
[2023-0806 1246 - INFO] epoch: 67/100
[2023-0806 1246 - INFO] learning_rate: 0.0002
[2023-0806 1246 - INFO] train_acc: 79.916%, train_loss: 0.0033
[2023-0806 1246 - INFO] test_acc: 77.829%, test_loss: 0.0035
[2023-0806 1246 - INFO] max_train_acc: 80.359%
[2023-0806 1246 - INFO] max_test_acc: 80.122%
[2023-0806 1246 - INFO] max_lr: 0.0010, min_lr: 0.0000
[2023-0806 1246 - INFO] ======================================
[2023-0806 1247 - INFO] epoch: 68/100
[2023-0806 1247 - INFO] learning_rate: 0.0001
[2023-0806 1247 - INFO] train_acc: 80.078%, train_loss: 0.0033
[2023-0806 1247 - INFO] test_acc: 77.927%, test_loss: 0.0035
[2023-0806 1247 - INFO] max_train_acc: 80.359%
[2023-0806 1247 - INFO] max_test_acc: 80.122%
[2023-0806 1247 - INFO] max_lr: 0.0010, min_lr: 0.0000
[2023-0806 1247 - INFO] ======================================
[2023-0806 1249 - INFO] epoch: 69/100
[2023-0806 1249 - INFO] learning_rate: 0.0000
[2023-0806 1249 - INFO] train_acc: 80.298%, train_loss: 0.0032
[2023-0806 1249 - INFO] test_acc: 78.585%, test_loss: 0.0034
[2023-0806 1249 - INFO] max_train_acc: 80.359%
[2023-0806 1249 - INFO] max_test_acc: 80.122%
[2023-0806 1249 - INFO] max_lr: 0.0010, min_lr: 0.0000
[2023-0806 1249 - INFO] ======================================
[2023-0806 1250 - INFO] epoch: 70/100
[2023-0806 1250 - INFO] learning_rate: 0.0000
[2023-0806 1250 - INFO] train_acc: 80.419%, train_loss: 0.0032
[2023-0806 1250 - INFO] test_acc: 78.390%, test_loss: 0.0034
[2023-0806 1250 - INFO] max_train_acc: 80.419%
[2023-0806 1250 - INFO] max_test_acc: 80.122%
[2023-0806 1250 - INFO] max_lr: 0.0010, min_lr: 0.0000
[2023-0806 1250 - INFO] ======================================
[2023-0806 1251 - INFO] epoch: 71/100
[2023-0806 1251 - INFO] learning_rate: 0.0000
[2023-0806 1251 - INFO] train_acc: 80.163%, train_loss: 0.0032
[2023-0806 1251 - INFO] test_acc: 78.415%, test_loss: 0.0034
[2023-0806 1251 - INFO] max_train_acc: 80.419%
[2023-0806 1251 - INFO] max_test_acc: 80.122%
[2023-0806 1251 - INFO] max_lr: 0.0010, min_lr: 0.0000
[2023-0806 1251 - INFO] ======================================
[2023-0806 1253 - INFO] epoch: 72/100
[2023-0806 1253 - INFO] learning_rate: 0.0001
[2023-0806 1253 - INFO] train_acc: 80.180%, train_loss: 0.0032
[2023-0806 1253 - INFO] test_acc: 78.488%, test_loss: 0.0034
[2023-0806 1253 - INFO] max_train_acc: 80.419%
[2023-0806 1253 - INFO] max_test_acc: 80.122%
[2023-0806 1253 - INFO] max_lr: 0.0010, min_lr: 0.0000
[2023-0806 1253 - INFO] ======================================
[2023-0806 1254 - INFO] epoch: 73/100
[2023-0806 1254 - INFO] learning_rate: 0.0002
[2023-0806 1254 - INFO] train_acc: 80.080%, train_loss: 0.0032
[2023-0806 1254 - INFO] test_acc: 78.341%, test_loss: 0.0034
[2023-0806 1254 - INFO] max_train_acc: 80.419%
[2023-0806 1254 - INFO] max_test_acc: 80.122%
[2023-0806 1254 - INFO] max_lr: 0.0010, min_lr: 0.0000
[2023-0806 1254 - INFO] ======================================
[2023-0806 1255 - INFO] epoch: 74/100
[2023-0806 1255 - INFO] learning_rate: 0.0003
[2023-0806 1255 - INFO] train_acc: 80.074%, train_loss: 0.0032
[2023-0806 1255 - INFO] test_acc: 78.683%, test_loss: 0.0034
[2023-0806 1255 - INFO] max_train_acc: 80.419%
[2023-0806 1255 - INFO] max_test_acc: 80.122%
[2023-0806 1255 - INFO] max_lr: 0.0010, min_lr: 0.0000
[2023-0806 1255 - INFO] ======================================
[2023-0806 1256 - INFO] epoch: 75/100
[2023-0806 1256 - INFO] learning_rate: 0.0005
[2023-0806 1256 - INFO] train_acc: 80.219%, train_loss: 0.0032
[2023-0806 1256 - INFO] test_acc: 77.805%, test_loss: 0.0035
[2023-0806 1256 - INFO] max_train_acc: 80.419%
[2023-0806 1256 - INFO] max_test_acc: 80.122%
[2023-0806 1256 - INFO] max_lr: 0.0010, min_lr: 0.0000
[2023-0806 1256 - INFO] ======================================
[2023-0806 1258 - INFO] epoch: 76/100
[2023-0806 1258 - INFO] learning_rate: 0.0007
[2023-0806 1258 - INFO] train_acc: 79.982%, train_loss: 0.0033
[2023-0806 1258 - INFO] test_acc: 78.341%, test_loss: 0.0035
[2023-0806 1258 - INFO] max_train_acc: 80.419%
[2023-0806 1258 - INFO] max_test_acc: 80.122%
[2023-0806 1258 - INFO] max_lr: 0.0010, min_lr: 0.0000
[2023-0806 1258 - INFO] ======================================
[2023-0806 1259 - INFO] epoch: 77/100
[2023-0806 1259 - INFO] learning_rate: 0.0008
[2023-0806 1259 - INFO] train_acc: 80.102%, train_loss: 0.0032
[2023-0806 1259 - INFO] test_acc: 79.244%, test_loss: 0.0034
[2023-0806 1259 - INFO] max_train_acc: 80.419%
[2023-0806 1259 - INFO] max_test_acc: 80.122%
[2023-0806 1259 - INFO] max_lr: 0.0010, min_lr: 0.0000
[2023-0806 1259 - INFO] ======================================
[2023-0806 1300 - INFO] epoch: 78/100
[2023-0806 1300 - INFO] learning_rate: 0.0009
[2023-0806 1300 - INFO] train_acc: 79.696%, train_loss: 0.0033
[2023-0806 1300 - INFO] test_acc: 78.171%, test_loss: 0.0035
[2023-0806 1300 - INFO] max_train_acc: 80.419%
[2023-0806 1300 - INFO] max_test_acc: 80.122%
[2023-0806 1300 - INFO] max_lr: 0.0010, min_lr: 0.0000
[2023-0806 1300 - INFO] ======================================
[2023-0806 1302 - INFO] epoch: 79/100
[2023-0806 1302 - INFO] learning_rate: 0.0010
[2023-0806 1302 - INFO] train_acc: 79.926%, train_loss: 0.0033
[2023-0806 1302 - INFO] test_acc: 78.512%, test_loss: 0.0035
[2023-0806 1302 - INFO] max_train_acc: 80.419%
[2023-0806 1302 - INFO] max_test_acc: 80.122%
[2023-0806 1302 - INFO] max_lr: 0.0010, min_lr: 0.0000
[2023-0806 1302 - INFO] ======================================
[2023-0806 1303 - INFO] epoch: 80/100
[2023-0806 1303 - INFO] learning_rate: 0.0010
[2023-0806 1303 - INFO] train_acc: 79.912%, train_loss: 0.0033
[2023-0806 1303 - INFO] test_acc: 78.634%, test_loss: 0.0035
[2023-0806 1303 - INFO] max_train_acc: 80.419%
[2023-0806 1303 - INFO] max_test_acc: 80.122%
[2023-0806 1303 - INFO] max_lr: 0.0010, min_lr: 0.0000
[2023-0806 1303 - INFO] ======================================
[2023-0806 1304 - INFO] epoch: 81/100
[2023-0806 1304 - INFO] learning_rate: 0.0010
[2023-0806 1304 - INFO] train_acc: 79.918%, train_loss: 0.0033
[2023-0806 1304 - INFO] test_acc: 78.902%, test_loss: 0.0034
[2023-0806 1304 - INFO] max_train_acc: 80.419%
[2023-0806 1304 - INFO] max_test_acc: 80.122%
[2023-0806 1304 - INFO] max_lr: 0.0010, min_lr: 0.0000
[2023-0806 1304 - INFO] ======================================
[2023-0806 1305 - INFO] epoch: 82/100
[2023-0806 1305 - INFO] learning_rate: 0.0009
[2023-0806 1305 - INFO] train_acc: 80.106%, train_loss: 0.0033
[2023-0806 1305 - INFO] test_acc: 77.683%, test_loss: 0.0035
[2023-0806 1305 - INFO] max_train_acc: 80.419%
[2023-0806 1305 - INFO] max_test_acc: 80.122%
[2023-0806 1305 - INFO] max_lr: 0.0010, min_lr: 0.0000
[2023-0806 1305 - INFO] ======================================
[2023-0806 1307 - INFO] epoch: 83/100
[2023-0806 1307 - INFO] learning_rate: 0.0008
[2023-0806 1307 - INFO] train_acc: 79.837%, train_loss: 0.0033
[2023-0806 1307 - INFO] test_acc: 77.707%, test_loss: 0.0036
[2023-0806 1307 - INFO] max_train_acc: 80.419%
[2023-0806 1307 - INFO] max_test_acc: 80.122%
[2023-0806 1307 - INFO] max_lr: 0.0010, min_lr: 0.0000
[2023-0806 1307 - INFO] ======================================
[2023-0806 1308 - INFO] epoch: 84/100
[2023-0806 1308 - INFO] learning_rate: 0.0007
[2023-0806 1308 - INFO] train_acc: 80.071%, train_loss: 0.0033
[2023-0806 1308 - INFO] test_acc: 78.537%, test_loss: 0.0034
[2023-0806 1308 - INFO] max_train_acc: 80.419%
[2023-0806 1308 - INFO] max_test_acc: 80.122%
[2023-0806 1308 - INFO] max_lr: 0.0010, min_lr: 0.0000
[2023-0806 1308 - INFO] ======================================
[2023-0806 1309 - INFO] epoch: 85/100
[2023-0806 1309 - INFO] learning_rate: 0.0005
[2023-0806 1309 - INFO] train_acc: 80.061%, train_loss: 0.0033
[2023-0806 1309 - INFO] test_acc: 78.024%, test_loss: 0.0035
[2023-0806 1309 - INFO] max_train_acc: 80.419%
[2023-0806 1309 - INFO] max_test_acc: 80.122%
[2023-0806 1309 - INFO] max_lr: 0.0010, min_lr: 0.0000
[2023-0806 1309 - INFO] ======================================
[2023-0806 1311 - INFO] epoch: 86/100
[2023-0806 1311 - INFO] learning_rate: 0.0003
[2023-0806 1311 - INFO] train_acc: 80.043%, train_loss: 0.0033
[2023-0806 1311 - INFO] test_acc: 76.780%, test_loss: 0.0036
[2023-0806 1311 - INFO] max_train_acc: 80.419%
[2023-0806 1311 - INFO] max_test_acc: 80.122%
[2023-0806 1311 - INFO] max_lr: 0.0010, min_lr: 0.0000
[2023-0806 1311 - INFO] ======================================
[2023-0806 1312 - INFO] epoch: 87/100
[2023-0806 1312 - INFO] learning_rate: 0.0002
[2023-0806 1312 - INFO] train_acc: 80.347%, train_loss: 0.0032
[2023-0806 1312 - INFO] test_acc: 77.610%, test_loss: 0.0035
[2023-0806 1312 - INFO] max_train_acc: 80.419%
[2023-0806 1312 - INFO] max_test_acc: 80.122%
[2023-0806 1312 - INFO] max_lr: 0.0010, min_lr: 0.0000
[2023-0806 1312 - INFO] ======================================
[2023-0806 1313 - INFO] epoch: 88/100
[2023-0806 1313 - INFO] learning_rate: 0.0001
[2023-0806 1313 - INFO] train_acc: 80.421%, train_loss: 0.0032
[2023-0806 1313 - INFO] test_acc: 78.122%, test_loss: 0.0035
[2023-0806 1313 - INFO] max_train_acc: 80.421%
[2023-0806 1313 - INFO] max_test_acc: 80.122%
[2023-0806 1313 - INFO] max_lr: 0.0010, min_lr: 0.0000
[2023-0806 1313 - INFO] ======================================
[2023-0806 1314 - INFO] epoch: 89/100
[2023-0806 1314 - INFO] learning_rate: 0.0000
[2023-0806 1314 - INFO] train_acc: 80.016%, train_loss: 0.0033
[2023-0806 1314 - INFO] test_acc: 78.073%, test_loss: 0.0035
[2023-0806 1314 - INFO] max_train_acc: 80.421%
[2023-0806 1314 - INFO] max_test_acc: 80.122%
[2023-0806 1314 - INFO] max_lr: 0.0010, min_lr: 0.0000
[2023-0806 1314 - INFO] ======================================
[2023-0806 1316 - INFO] epoch: 90/100
[2023-0806 1316 - INFO] learning_rate: 0.0000
[2023-0806 1316 - INFO] train_acc: 80.123%, train_loss: 0.0033
[2023-0806 1316 - INFO] test_acc: 78.512%, test_loss: 0.0034
[2023-0806 1316 - INFO] max_train_acc: 80.421%
[2023-0806 1316 - INFO] max_test_acc: 80.122%
[2023-0806 1316 - INFO] max_lr: 0.0010, min_lr: 0.0000
[2023-0806 1316 - INFO] ======================================
[2023-0806 1317 - INFO] epoch: 91/100
[2023-0806 1317 - INFO] learning_rate: 0.0000
[2023-0806 1317 - INFO] train_acc: 80.390%, train_loss: 0.0032
[2023-0806 1317 - INFO] test_acc: 78.512%, test_loss: 0.0034
[2023-0806 1317 - INFO] max_train_acc: 80.421%
[2023-0806 1317 - INFO] max_test_acc: 80.122%
[2023-0806 1317 - INFO] max_lr: 0.0010, min_lr: 0.0000
[2023-0806 1317 - INFO] ======================================
[2023-0806 1318 - INFO] epoch: 92/100
[2023-0806 1318 - INFO] learning_rate: 0.0001
[2023-0806 1318 - INFO] train_acc: 80.257%, train_loss: 0.0032
[2023-0806 1318 - INFO] test_acc: 78.634%, test_loss: 0.0034
[2023-0806 1318 - INFO] max_train_acc: 80.421%
[2023-0806 1318 - INFO] max_test_acc: 80.122%
[2023-0806 1318 - INFO] max_lr: 0.0010, min_lr: 0.0000
[2023-0806 1318 - INFO] ======================================
[2023-0806 1320 - INFO] epoch: 93/100
[2023-0806 1320 - INFO] learning_rate: 0.0002
[2023-0806 1320 - INFO] train_acc: 80.386%, train_loss: 0.0032
[2023-0806 1320 - INFO] test_acc: 78.122%, test_loss: 0.0035
[2023-0806 1320 - INFO] max_train_acc: 80.421%
[2023-0806 1320 - INFO] max_test_acc: 80.122%
[2023-0806 1320 - INFO] max_lr: 0.0010, min_lr: 0.0000
[2023-0806 1320 - INFO] ======================================
[2023-0806 1321 - INFO] epoch: 94/100
[2023-0806 1321 - INFO] learning_rate: 0.0003
[2023-0806 1321 - INFO] train_acc: 79.980%, train_loss: 0.0033
[2023-0806 1321 - INFO] test_acc: 78.439%, test_loss: 0.0035
[2023-0806 1321 - INFO] max_train_acc: 80.421%
[2023-0806 1321 - INFO] max_test_acc: 80.122%
[2023-0806 1321 - INFO] max_lr: 0.0010, min_lr: 0.0000
[2023-0806 1321 - INFO] ======================================
[2023-0806 1322 - INFO] epoch: 95/100
[2023-0806 1322 - INFO] learning_rate: 0.0005
[2023-0806 1322 - INFO] train_acc: 80.006%, train_loss: 0.0032
[2023-0806 1322 - INFO] test_acc: 78.976%, test_loss: 0.0034
[2023-0806 1322 - INFO] max_train_acc: 80.421%
[2023-0806 1322 - INFO] max_test_acc: 80.122%
[2023-0806 1322 - INFO] max_lr: 0.0010, min_lr: 0.0000
[2023-0806 1322 - INFO] ======================================
[2023-0806 1323 - INFO] epoch: 96/100
[2023-0806 1323 - INFO] learning_rate: 0.0007
[2023-0806 1323 - INFO] train_acc: 79.861%, train_loss: 0.0033
[2023-0806 1323 - INFO] test_acc: 78.829%, test_loss: 0.0034
[2023-0806 1323 - INFO] max_train_acc: 80.421%
[2023-0806 1323 - INFO] max_test_acc: 80.122%
[2023-0806 1323 - INFO] max_lr: 0.0010, min_lr: 0.0000
[2023-0806 1323 - INFO] ======================================
[2023-0806 1325 - INFO] epoch: 97/100
[2023-0806 1325 - INFO] learning_rate: 0.0008
[2023-0806 1325 - INFO] train_acc: 79.814%, train_loss: 0.0033
[2023-0806 1325 - INFO] test_acc: 78.610%, test_loss: 0.0035
[2023-0806 1325 - INFO] max_train_acc: 80.421%
[2023-0806 1325 - INFO] max_test_acc: 80.122%
[2023-0806 1325 - INFO] max_lr: 0.0010, min_lr: 0.0000
[2023-0806 1325 - INFO] ======================================
[2023-0806 1326 - INFO] epoch: 98/100
[2023-0806 1326 - INFO] learning_rate: 0.0009
[2023-0806 1326 - INFO] train_acc: 79.947%, train_loss: 0.0033
[2023-0806 1326 - INFO] test_acc: 79.220%, test_loss: 0.0034
[2023-0806 1326 - INFO] max_train_acc: 80.421%
[2023-0806 1326 - INFO] max_test_acc: 80.122%
[2023-0806 1326 - INFO] max_lr: 0.0010, min_lr: 0.0000
[2023-0806 1326 - INFO] ======================================
[2023-0806 1327 - INFO] epoch: 99/100
[2023-0806 1327 - INFO] learning_rate: 0.0010
[2023-0806 1327 - INFO] train_acc: 79.904%, train_loss: 0.0033
[2023-0806 1327 - INFO] test_acc: 77.585%, test_loss: 0.0035
[2023-0806 1327 - INFO] max_train_acc: 80.421%
[2023-0806 1327 - INFO] max_test_acc: 80.122%
[2023-0806 1327 - INFO] max_lr: 0.0010, min_lr: 0.0000
[2023-0806 1327 - INFO] ======================================
[2023-0806 1329 - INFO] epoch: 100/100
[2023-0806 1329 - INFO] learning_rate: 0.0010
[2023-0806 1329 - INFO] train_acc: 79.769%, train_loss: 0.0033
[2023-0806 1329 - INFO] test_acc: 79.122%, test_loss: 0.0034
[2023-0806 1329 - INFO] max_train_acc: 80.421%
[2023-0806 1329 - INFO] max_test_acc: 80.122%
[2023-0806 1329 - INFO] max_lr: 0.0010, min_lr: 0.0000
[2023-0806 1329 - INFO] ======================================
