[2023-20-07 09:55:00 - INFO:] # batch_size = 128
[2023-20-07 09:55:00 - INFO:] # learning_rate = 0.0005
[2023-20-07 09:55:00 - INFO:] # num_epochs = 200
[2023-20-07 09:55:00 - INFO:] # padding_size = 3500
[2023-20-07 09:55:00 - INFO:] # optimizer = AdamW (
Parameter Group 0
    amsgrad: False
    betas: (0.9, 0.999)
    capturable: False
    differentiable: False
    eps: 1e-08
    foreach: None
    fused: None
    lr: 0.0005
    maximize: False
    weight_decay: 0.01
)
[2023-20-07 09:55:00 - INFO:] # criterion = CrossEntropyLoss()
[2023-20-07 09:55:00 - INFO:] ----------------------------------
[2023-20-07 09:57:40 - INFO:] epoch: 1/200
[2023-20-07 09:57:40 - INFO:] train_loss: 0.424
[2023-20-07 09:57:40 - INFO:] test_acc: 90.858%, test_loss: 0.003
[2023-20-07 09:57:40 - INFO:] ======================================
[2023-20-07 10:00:16 - INFO:] epoch: 2/200
[2023-20-07 10:00:16 - INFO:] train_loss: 0.392
[2023-20-07 10:00:16 - INFO:] test_acc: 90.832%, test_loss: 0.003
[2023-20-07 10:00:16 - INFO:] ======================================
[2023-20-07 10:02:56 - INFO:] epoch: 3/200
[2023-20-07 10:02:56 - INFO:] train_loss: 0.384
[2023-20-07 10:02:56 - INFO:] test_acc: 90.849%, test_loss: 0.003
[2023-20-07 10:02:56 - INFO:] ======================================
[2023-20-07 10:05:32 - INFO:] epoch: 4/200
[2023-20-07 10:05:32 - INFO:] train_loss: 0.415
[2023-20-07 10:05:32 - INFO:] test_acc: 90.836%, test_loss: 0.003
[2023-20-07 10:05:32 - INFO:] ======================================
[2023-20-07 10:08:09 - INFO:] epoch: 5/200
[2023-20-07 10:08:09 - INFO:] train_loss: 0.391
[2023-20-07 10:08:09 - INFO:] test_acc: 90.836%, test_loss: 0.003
[2023-20-07 10:08:09 - INFO:] ======================================
[2023-20-07 10:10:45 - INFO:] epoch: 6/200
[2023-20-07 10:10:45 - INFO:] train_loss: 0.430
[2023-20-07 10:10:45 - INFO:] test_acc: 90.836%, test_loss: 0.003
[2023-20-07 10:10:45 - INFO:] ======================================
[2023-20-07 10:13:22 - INFO:] epoch: 7/200
[2023-20-07 10:13:22 - INFO:] train_loss: 0.454
[2023-20-07 10:13:22 - INFO:] test_acc: 90.840%, test_loss: 0.003
[2023-20-07 10:13:22 - INFO:] ======================================
[2023-20-07 10:15:59 - INFO:] epoch: 8/200
[2023-20-07 10:15:59 - INFO:] train_loss: 0.423
[2023-20-07 10:15:59 - INFO:] test_acc: 90.849%, test_loss: 0.003
[2023-20-07 10:15:59 - INFO:] ======================================
[2023-20-07 10:19:00 - INFO:] epoch: 9/200
[2023-20-07 10:19:00 - INFO:] train_loss: 0.454
[2023-20-07 10:19:00 - INFO:] test_acc: 90.858%, test_loss: 0.003
[2023-20-07 10:19:00 - INFO:] ======================================
[2023-20-07 10:22:12 - INFO:] epoch: 10/200
[2023-20-07 10:22:12 - INFO:] train_loss: 0.438
[2023-20-07 10:22:12 - INFO:] test_acc: 90.827%, test_loss: 0.003
[2023-20-07 10:22:12 - INFO:] ======================================
[2023-20-07 10:25:24 - INFO:] epoch: 11/200
[2023-20-07 10:25:24 - INFO:] train_loss: 0.415
[2023-20-07 10:25:24 - INFO:] test_acc: 90.827%, test_loss: 0.003
[2023-20-07 10:25:24 - INFO:] ======================================
[2023-20-07 10:28:36 - INFO:] epoch: 12/200
[2023-20-07 10:28:36 - INFO:] train_loss: 0.415
[2023-20-07 10:28:36 - INFO:] test_acc: 90.836%, test_loss: 0.003
[2023-20-07 10:28:36 - INFO:] ======================================
[2023-20-07 10:31:48 - INFO:] epoch: 13/200
[2023-20-07 10:31:48 - INFO:] train_loss: 0.415
[2023-20-07 10:31:48 - INFO:] test_acc: 90.853%, test_loss: 0.003
[2023-20-07 10:31:48 - INFO:] ======================================
[2023-20-07 10:35:00 - INFO:] epoch: 14/200
[2023-20-07 10:35:00 - INFO:] train_loss: 0.384
[2023-20-07 10:35:00 - INFO:] test_acc: 90.836%, test_loss: 0.003
[2023-20-07 10:35:00 - INFO:] ======================================
[2023-20-07 10:38:12 - INFO:] epoch: 15/200
[2023-20-07 10:38:12 - INFO:] train_loss: 0.379
[2023-20-07 10:38:12 - INFO:] test_acc: 90.849%, test_loss: 0.003
[2023-20-07 10:38:12 - INFO:] ======================================
[2023-20-07 10:41:24 - INFO:] epoch: 16/200
[2023-20-07 10:41:24 - INFO:] train_loss: 0.385
[2023-20-07 10:41:24 - INFO:] test_acc: 90.849%, test_loss: 0.003
[2023-20-07 10:41:24 - INFO:] ======================================
[2023-20-07 10:44:36 - INFO:] epoch: 17/200
[2023-20-07 10:44:36 - INFO:] train_loss: 0.398
[2023-20-07 10:44:36 - INFO:] test_acc: 90.853%, test_loss: 0.003
[2023-20-07 10:44:36 - INFO:] ======================================
[2023-20-07 10:47:48 - INFO:] epoch: 18/200
[2023-20-07 10:47:48 - INFO:] train_loss: 0.395
[2023-20-07 10:47:48 - INFO:] test_acc: 90.845%, test_loss: 0.003
[2023-20-07 10:47:48 - INFO:] ======================================
[2023-20-07 10:51:00 - INFO:] epoch: 19/200
[2023-20-07 10:51:00 - INFO:] train_loss: 0.370
[2023-20-07 10:51:00 - INFO:] test_acc: 90.849%, test_loss: 0.003
[2023-20-07 10:51:00 - INFO:] ======================================
[2023-20-07 10:54:11 - INFO:] epoch: 20/200
[2023-20-07 10:54:11 - INFO:] train_loss: 0.390
[2023-20-07 10:54:11 - INFO:] test_acc: 90.853%, test_loss: 0.003
[2023-20-07 10:54:11 - INFO:] ======================================
[2023-20-07 10:57:24 - INFO:] epoch: 21/200
[2023-20-07 10:57:24 - INFO:] train_loss: 0.407
[2023-20-07 10:57:24 - INFO:] test_acc: 90.845%, test_loss: 0.003
[2023-20-07 10:57:24 - INFO:] ======================================
[2023-20-07 11:00:36 - INFO:] epoch: 22/200
[2023-20-07 11:00:36 - INFO:] train_loss: 0.418
[2023-20-07 11:00:36 - INFO:] test_acc: 90.923%, test_loss: 0.003
[2023-20-07 11:00:36 - INFO:] ======================================
[2023-20-07 11:03:47 - INFO:] epoch: 23/200
[2023-20-07 11:03:47 - INFO:] train_loss: 0.433
[2023-20-07 11:03:47 - INFO:] test_acc: 90.875%, test_loss: 0.003
[2023-20-07 11:03:47 - INFO:] ======================================
[2023-20-07 11:06:59 - INFO:] epoch: 24/200
[2023-20-07 11:06:59 - INFO:] train_loss: 0.414
[2023-20-07 11:06:59 - INFO:] test_acc: 90.888%, test_loss: 0.003
[2023-20-07 11:06:59 - INFO:] ======================================
[2023-20-07 11:10:11 - INFO:] epoch: 25/200
[2023-20-07 11:10:11 - INFO:] train_loss: 0.378
[2023-20-07 11:10:11 - INFO:] test_acc: 90.910%, test_loss: 0.003
[2023-20-07 11:10:11 - INFO:] ======================================
[2023-20-07 11:13:23 - INFO:] epoch: 26/200
[2023-20-07 11:13:23 - INFO:] train_loss: 0.382
[2023-20-07 11:13:23 - INFO:] test_acc: 90.936%, test_loss: 0.003
[2023-20-07 11:13:23 - INFO:] ======================================
[2023-20-07 11:16:35 - INFO:] epoch: 27/200
[2023-20-07 11:16:35 - INFO:] train_loss: 0.439
[2023-20-07 11:16:35 - INFO:] test_acc: 91.006%, test_loss: 0.003
[2023-20-07 11:16:35 - INFO:] ======================================
[2023-20-07 11:19:47 - INFO:] epoch: 28/200
[2023-20-07 11:19:47 - INFO:] train_loss: 0.393
[2023-20-07 11:19:47 - INFO:] test_acc: 90.966%, test_loss: 0.003
[2023-20-07 11:19:47 - INFO:] ======================================
[2023-20-07 11:22:59 - INFO:] epoch: 29/200
[2023-20-07 11:22:59 - INFO:] train_loss: 0.387
[2023-20-07 11:22:59 - INFO:] test_acc: 90.949%, test_loss: 0.003
[2023-20-07 11:22:59 - INFO:] ======================================
[2023-20-07 11:26:11 - INFO:] epoch: 30/200
[2023-20-07 11:26:11 - INFO:] train_loss: 0.433
[2023-20-07 11:26:11 - INFO:] test_acc: 91.006%, test_loss: 0.003
[2023-20-07 11:26:11 - INFO:] ======================================
[2023-20-07 11:29:23 - INFO:] epoch: 31/200
[2023-20-07 11:29:23 - INFO:] train_loss: 0.382
[2023-20-07 11:29:23 - INFO:] test_acc: 91.049%, test_loss: 0.003
[2023-20-07 11:29:23 - INFO:] ======================================
[2023-20-07 11:32:35 - INFO:] epoch: 32/200
[2023-20-07 11:32:35 - INFO:] train_loss: 0.416
[2023-20-07 11:32:35 - INFO:] test_acc: 91.010%, test_loss: 0.003
[2023-20-07 11:32:35 - INFO:] ======================================
[2023-20-07 11:35:46 - INFO:] epoch: 33/200
[2023-20-07 11:35:46 - INFO:] train_loss: 0.358
[2023-20-07 11:35:46 - INFO:] test_acc: 91.110%, test_loss: 0.003
[2023-20-07 11:35:46 - INFO:] ======================================
[2023-20-07 11:38:59 - INFO:] epoch: 34/200
[2023-20-07 11:38:59 - INFO:] train_loss: 0.439
[2023-20-07 11:38:59 - INFO:] test_acc: 91.001%, test_loss: 0.003
[2023-20-07 11:38:59 - INFO:] ======================================
[2023-20-07 11:42:11 - INFO:] epoch: 35/200
[2023-20-07 11:42:11 - INFO:] train_loss: 0.405
[2023-20-07 11:42:11 - INFO:] test_acc: 91.084%, test_loss: 0.003
[2023-20-07 11:42:11 - INFO:] ======================================
[2023-20-07 11:45:24 - INFO:] epoch: 36/200
[2023-20-07 11:45:24 - INFO:] train_loss: 0.363
[2023-20-07 11:45:24 - INFO:] test_acc: 91.149%, test_loss: 0.003
[2023-20-07 11:45:24 - INFO:] ======================================
[2023-20-07 11:48:36 - INFO:] epoch: 37/200
[2023-20-07 11:48:36 - INFO:] train_loss: 0.370
[2023-20-07 11:48:36 - INFO:] test_acc: 91.193%, test_loss: 0.003
[2023-20-07 11:48:36 - INFO:] ======================================
[2023-20-07 11:51:49 - INFO:] epoch: 38/200
[2023-20-07 11:51:49 - INFO:] train_loss: 0.435
[2023-20-07 11:51:49 - INFO:] test_acc: 91.158%, test_loss: 0.003
[2023-20-07 11:51:49 - INFO:] ======================================
[2023-20-07 11:55:00 - INFO:] epoch: 39/200
[2023-20-07 11:55:00 - INFO:] train_loss: 0.370
[2023-20-07 11:55:00 - INFO:] test_acc: 91.106%, test_loss: 0.003
[2023-20-07 11:55:00 - INFO:] ======================================
[2023-20-07 11:58:12 - INFO:] epoch: 40/200
[2023-20-07 11:58:12 - INFO:] train_loss: 0.408
[2023-20-07 11:58:12 - INFO:] test_acc: 91.232%, test_loss: 0.003
[2023-20-07 11:58:12 - INFO:] ======================================
[2023-20-07 12:01:24 - INFO:] epoch: 41/200
[2023-20-07 12:01:24 - INFO:] train_loss: 0.350
[2023-20-07 12:01:24 - INFO:] test_acc: 91.241%, test_loss: 0.003
[2023-20-07 12:01:24 - INFO:] ======================================
[2023-20-07 12:04:36 - INFO:] epoch: 42/200
[2023-20-07 12:04:36 - INFO:] train_loss: 0.444
[2023-20-07 12:04:36 - INFO:] test_acc: 91.210%, test_loss: 0.003
[2023-20-07 12:04:36 - INFO:] ======================================
[2023-20-07 12:07:47 - INFO:] epoch: 43/200
[2023-20-07 12:07:47 - INFO:] train_loss: 0.359
[2023-20-07 12:07:47 - INFO:] test_acc: 91.328%, test_loss: 0.003
[2023-20-07 12:07:47 - INFO:] ======================================
[2023-20-07 12:10:59 - INFO:] epoch: 44/200
[2023-20-07 12:10:59 - INFO:] train_loss: 0.396
[2023-20-07 12:10:59 - INFO:] test_acc: 91.323%, test_loss: 0.003
[2023-20-07 12:10:59 - INFO:] ======================================
[2023-20-07 12:14:11 - INFO:] epoch: 45/200
[2023-20-07 12:14:11 - INFO:] train_loss: 0.414
[2023-20-07 12:14:11 - INFO:] test_acc: 91.358%, test_loss: 0.003
[2023-20-07 12:14:11 - INFO:] ======================================
[2023-20-07 12:17:22 - INFO:] epoch: 46/200
[2023-20-07 12:17:22 - INFO:] train_loss: 0.381
[2023-20-07 12:17:22 - INFO:] test_acc: 91.202%, test_loss: 0.003
[2023-20-07 12:17:22 - INFO:] ======================================
[2023-20-07 12:20:34 - INFO:] epoch: 47/200
[2023-20-07 12:20:34 - INFO:] train_loss: 0.419
[2023-20-07 12:20:34 - INFO:] test_acc: 91.341%, test_loss: 0.003
[2023-20-07 12:20:34 - INFO:] ======================================
[2023-20-07 12:23:46 - INFO:] epoch: 48/200
[2023-20-07 12:23:46 - INFO:] train_loss: 0.400
[2023-20-07 12:23:46 - INFO:] test_acc: 91.424%, test_loss: 0.003
[2023-20-07 12:23:46 - INFO:] ======================================
[2023-20-07 12:26:58 - INFO:] epoch: 49/200
[2023-20-07 12:26:58 - INFO:] train_loss: 0.381
[2023-20-07 12:26:58 - INFO:] test_acc: 91.302%, test_loss: 0.003
[2023-20-07 12:26:58 - INFO:] ======================================
[2023-20-07 12:30:10 - INFO:] epoch: 50/200
[2023-20-07 12:30:10 - INFO:] train_loss: 0.389
[2023-20-07 12:30:10 - INFO:] test_acc: 91.276%, test_loss: 0.003
[2023-20-07 12:30:10 - INFO:] ======================================
[2023-20-07 12:33:22 - INFO:] epoch: 51/200
[2023-20-07 12:33:22 - INFO:] train_loss: 0.396
[2023-20-07 12:33:22 - INFO:] test_acc: 91.323%, test_loss: 0.003
[2023-20-07 12:33:22 - INFO:] ======================================
[2023-20-07 12:36:34 - INFO:] epoch: 52/200
[2023-20-07 12:36:34 - INFO:] train_loss: 0.411
[2023-20-07 12:36:34 - INFO:] test_acc: 91.463%, test_loss: 0.003
[2023-20-07 12:36:34 - INFO:] ======================================
[2023-20-07 12:39:46 - INFO:] epoch: 53/200
[2023-20-07 12:39:46 - INFO:] train_loss: 0.414
[2023-20-07 12:39:46 - INFO:] test_acc: 91.354%, test_loss: 0.003
[2023-20-07 12:39:46 - INFO:] ======================================
[2023-20-07 12:42:57 - INFO:] epoch: 54/200
[2023-20-07 12:42:57 - INFO:] train_loss: 0.365
[2023-20-07 12:42:57 - INFO:] test_acc: 91.350%, test_loss: 0.003
[2023-20-07 12:42:57 - INFO:] ======================================
[2023-20-07 12:46:09 - INFO:] epoch: 55/200
[2023-20-07 12:46:09 - INFO:] train_loss: 0.407
[2023-20-07 12:46:09 - INFO:] test_acc: 91.358%, test_loss: 0.003
[2023-20-07 12:46:09 - INFO:] ======================================
[2023-20-07 12:49:21 - INFO:] epoch: 56/200
[2023-20-07 12:49:21 - INFO:] train_loss: 0.380
[2023-20-07 12:49:21 - INFO:] test_acc: 91.489%, test_loss: 0.003
[2023-20-07 12:49:21 - INFO:] ======================================
[2023-20-07 12:52:33 - INFO:] epoch: 57/200
[2023-20-07 12:52:33 - INFO:] train_loss: 0.352
[2023-20-07 12:52:33 - INFO:] test_acc: 91.393%, test_loss: 0.003
[2023-20-07 12:52:33 - INFO:] ======================================
[2023-20-07 12:55:45 - INFO:] epoch: 58/200
[2023-20-07 12:55:45 - INFO:] train_loss: 0.388
[2023-20-07 12:55:45 - INFO:] test_acc: 91.411%, test_loss: 0.003
[2023-20-07 12:55:45 - INFO:] ======================================
[2023-20-07 12:58:57 - INFO:] epoch: 59/200
[2023-20-07 12:58:57 - INFO:] train_loss: 0.395
[2023-20-07 12:58:57 - INFO:] test_acc: 91.511%, test_loss: 0.003
[2023-20-07 12:58:57 - INFO:] ======================================
[2023-20-07 13:02:09 - INFO:] epoch: 60/200
[2023-20-07 13:02:09 - INFO:] train_loss: 0.409
[2023-20-07 13:02:09 - INFO:] test_acc: 91.476%, test_loss: 0.003
[2023-20-07 13:02:09 - INFO:] ======================================
[2023-20-07 13:05:21 - INFO:] epoch: 61/200
[2023-20-07 13:05:21 - INFO:] train_loss: 0.391
[2023-20-07 13:05:21 - INFO:] test_acc: 91.376%, test_loss: 0.003
[2023-20-07 13:05:21 - INFO:] ======================================
[2023-20-07 13:08:33 - INFO:] epoch: 62/200
[2023-20-07 13:08:33 - INFO:] train_loss: 0.406
[2023-20-07 13:08:33 - INFO:] test_acc: 91.559%, test_loss: 0.003
[2023-20-07 13:08:33 - INFO:] ======================================
[2023-20-07 13:11:45 - INFO:] epoch: 63/200
[2023-20-07 13:11:45 - INFO:] train_loss: 0.414
[2023-20-07 13:11:45 - INFO:] test_acc: 91.441%, test_loss: 0.003
[2023-20-07 13:11:45 - INFO:] ======================================
[2023-20-07 13:14:57 - INFO:] epoch: 64/200
[2023-20-07 13:14:57 - INFO:] train_loss: 0.416
[2023-20-07 13:14:57 - INFO:] test_acc: 91.419%, test_loss: 0.003
[2023-20-07 13:14:57 - INFO:] ======================================
[2023-20-07 13:17:39 - INFO:] epoch: 65/200
[2023-20-07 13:17:39 - INFO:] train_loss: 0.399
[2023-20-07 13:17:39 - INFO:] test_acc: 91.424%, test_loss: 0.003
[2023-20-07 13:17:39 - INFO:] ======================================
[2023-20-07 13:20:14 - INFO:] epoch: 66/200
[2023-20-07 13:20:14 - INFO:] train_loss: 0.410
[2023-20-07 13:20:14 - INFO:] test_acc: 91.554%, test_loss: 0.003
[2023-20-07 13:20:14 - INFO:] ======================================
[2023-20-07 13:22:50 - INFO:] epoch: 67/200
[2023-20-07 13:22:50 - INFO:] train_loss: 0.398
[2023-20-07 13:22:50 - INFO:] test_acc: 91.402%, test_loss: 0.003
[2023-20-07 13:22:50 - INFO:] ======================================
[2023-20-07 13:25:25 - INFO:] epoch: 68/200
[2023-20-07 13:25:25 - INFO:] train_loss: 0.368
[2023-20-07 13:25:25 - INFO:] test_acc: 91.659%, test_loss: 0.003
[2023-20-07 13:25:25 - INFO:] ======================================
[2023-20-07 13:28:01 - INFO:] epoch: 69/200
[2023-20-07 13:28:01 - INFO:] train_loss: 0.396
[2023-20-07 13:28:01 - INFO:] test_acc: 91.515%, test_loss: 0.003
[2023-20-07 13:28:01 - INFO:] ======================================
[2023-20-07 13:30:37 - INFO:] epoch: 70/200
[2023-20-07 13:30:37 - INFO:] train_loss: 0.382
[2023-20-07 13:30:37 - INFO:] test_acc: 91.541%, test_loss: 0.003
[2023-20-07 13:30:37 - INFO:] ======================================
[2023-20-07 13:33:13 - INFO:] epoch: 71/200
[2023-20-07 13:33:13 - INFO:] train_loss: 0.401
[2023-20-07 13:33:13 - INFO:] test_acc: 91.519%, test_loss: 0.003
[2023-20-07 13:33:13 - INFO:] ======================================
[2023-20-07 13:35:49 - INFO:] epoch: 72/200
[2023-20-07 13:35:49 - INFO:] train_loss: 0.411
[2023-20-07 13:35:49 - INFO:] test_acc: 91.654%, test_loss: 0.003
[2023-20-07 13:35:49 - INFO:] ======================================
[2023-20-07 13:38:25 - INFO:] epoch: 73/200
[2023-20-07 13:38:25 - INFO:] train_loss: 0.420
[2023-20-07 13:38:25 - INFO:] test_acc: 91.511%, test_loss: 0.003
[2023-20-07 13:38:25 - INFO:] ======================================
[2023-20-07 13:41:01 - INFO:] epoch: 74/200
[2023-20-07 13:41:01 - INFO:] train_loss: 0.387
[2023-20-07 13:41:01 - INFO:] test_acc: 91.545%, test_loss: 0.003
[2023-20-07 13:41:01 - INFO:] ======================================
[2023-20-07 13:43:36 - INFO:] epoch: 75/200
[2023-20-07 13:43:36 - INFO:] train_loss: 0.416
[2023-20-07 13:43:36 - INFO:] test_acc: 91.672%, test_loss: 0.003
[2023-20-07 13:43:36 - INFO:] ======================================
[2023-20-07 13:46:11 - INFO:] epoch: 76/200
[2023-20-07 13:46:11 - INFO:] train_loss: 0.368
[2023-20-07 13:46:11 - INFO:] test_acc: 91.624%, test_loss: 0.003
[2023-20-07 13:46:11 - INFO:] ======================================
[2023-20-07 13:48:48 - INFO:] epoch: 77/200
[2023-20-07 13:48:48 - INFO:] train_loss: 0.399
[2023-20-07 13:48:48 - INFO:] test_acc: 91.537%, test_loss: 0.003
[2023-20-07 13:48:48 - INFO:] ======================================
[2023-20-07 13:51:28 - INFO:] epoch: 78/200
[2023-20-07 13:51:28 - INFO:] train_loss: 0.396
[2023-20-07 13:51:28 - INFO:] test_acc: 91.450%, test_loss: 0.003
[2023-20-07 13:51:28 - INFO:] ======================================
[2023-20-07 13:54:05 - INFO:] epoch: 79/200
[2023-20-07 13:54:05 - INFO:] train_loss: 0.404
[2023-20-07 13:54:05 - INFO:] test_acc: 91.685%, test_loss: 0.003
[2023-20-07 13:54:05 - INFO:] ======================================
[2023-20-07 13:56:42 - INFO:] epoch: 80/200
[2023-20-07 13:56:42 - INFO:] train_loss: 0.365
[2023-20-07 13:56:42 - INFO:] test_acc: 91.567%, test_loss: 0.003
[2023-20-07 13:56:42 - INFO:] ======================================
[2023-20-07 13:59:19 - INFO:] epoch: 81/200
[2023-20-07 13:59:19 - INFO:] train_loss: 0.390
[2023-20-07 13:59:19 - INFO:] test_acc: 91.567%, test_loss: 0.003
[2023-20-07 13:59:19 - INFO:] ======================================
[2023-20-07 14:01:55 - INFO:] epoch: 82/200
[2023-20-07 14:01:55 - INFO:] train_loss: 0.384
[2023-20-07 14:01:55 - INFO:] test_acc: 91.759%, test_loss: 0.003
[2023-20-07 14:01:55 - INFO:] ======================================
[2023-20-07 14:04:31 - INFO:] epoch: 83/200
[2023-20-07 14:04:31 - INFO:] train_loss: 0.409
[2023-20-07 14:04:31 - INFO:] test_acc: 91.763%, test_loss: 0.003
[2023-20-07 14:04:31 - INFO:] ======================================
[2023-20-07 14:07:07 - INFO:] epoch: 84/200
[2023-20-07 14:07:07 - INFO:] train_loss: 0.388
[2023-20-07 14:07:07 - INFO:] test_acc: 91.737%, test_loss: 0.003
[2023-20-07 14:07:07 - INFO:] ======================================
[2023-20-07 14:09:42 - INFO:] epoch: 85/200
[2023-20-07 14:09:42 - INFO:] train_loss: 0.402
[2023-20-07 14:09:42 - INFO:] test_acc: 91.733%, test_loss: 0.003
[2023-20-07 14:09:42 - INFO:] ======================================
[2023-20-07 14:12:18 - INFO:] epoch: 86/200
[2023-20-07 14:12:18 - INFO:] train_loss: 0.422
[2023-20-07 14:12:18 - INFO:] test_acc: 91.737%, test_loss: 0.003
[2023-20-07 14:12:18 - INFO:] ======================================
[2023-20-07 14:14:53 - INFO:] epoch: 87/200
[2023-20-07 14:14:53 - INFO:] train_loss: 0.431
[2023-20-07 14:14:53 - INFO:] test_acc: 91.576%, test_loss: 0.003
[2023-20-07 14:14:53 - INFO:] ======================================
[2023-20-07 14:17:29 - INFO:] epoch: 88/200
[2023-20-07 14:17:29 - INFO:] train_loss: 0.457
[2023-20-07 14:17:29 - INFO:] test_acc: 91.733%, test_loss: 0.003
[2023-20-07 14:17:29 - INFO:] ======================================
[2023-20-07 14:20:05 - INFO:] epoch: 89/200
[2023-20-07 14:20:05 - INFO:] train_loss: 0.374
[2023-20-07 14:20:05 - INFO:] test_acc: 91.855%, test_loss: 0.003
[2023-20-07 14:20:05 - INFO:] ======================================
[2023-20-07 14:22:41 - INFO:] epoch: 90/200
[2023-20-07 14:22:41 - INFO:] train_loss: 0.426
[2023-20-07 14:22:41 - INFO:] test_acc: 91.680%, test_loss: 0.003
[2023-20-07 14:22:41 - INFO:] ======================================
[2023-20-07 14:25:16 - INFO:] epoch: 91/200
[2023-20-07 14:25:16 - INFO:] train_loss: 0.391
[2023-20-07 14:25:16 - INFO:] test_acc: 91.789%, test_loss: 0.003
[2023-20-07 14:25:16 - INFO:] ======================================
[2023-20-07 14:27:52 - INFO:] epoch: 92/200
[2023-20-07 14:27:52 - INFO:] train_loss: 0.422
[2023-20-07 14:27:52 - INFO:] test_acc: 91.754%, test_loss: 0.003
[2023-20-07 14:27:52 - INFO:] ======================================
[2023-20-07 14:30:27 - INFO:] epoch: 93/200
[2023-20-07 14:30:27 - INFO:] train_loss: 0.401
[2023-20-07 14:30:27 - INFO:] test_acc: 91.833%, test_loss: 0.003
[2023-20-07 14:30:27 - INFO:] ======================================
[2023-20-07 14:33:03 - INFO:] epoch: 94/200
[2023-20-07 14:33:03 - INFO:] train_loss: 0.397
[2023-20-07 14:33:03 - INFO:] test_acc: 91.850%, test_loss: 0.003
[2023-20-07 14:33:03 - INFO:] ======================================
[2023-20-07 14:35:39 - INFO:] epoch: 95/200
[2023-20-07 14:35:39 - INFO:] train_loss: 0.401
[2023-20-07 14:35:39 - INFO:] test_acc: 91.863%, test_loss: 0.003
[2023-20-07 14:35:39 - INFO:] ======================================
[2023-20-07 14:38:14 - INFO:] epoch: 96/200
[2023-20-07 14:38:14 - INFO:] train_loss: 0.375
[2023-20-07 14:38:14 - INFO:] test_acc: 91.837%, test_loss: 0.003
[2023-20-07 14:38:14 - INFO:] ======================================
[2023-20-07 14:40:50 - INFO:] epoch: 97/200
[2023-20-07 14:40:50 - INFO:] train_loss: 0.399
[2023-20-07 14:40:50 - INFO:] test_acc: 91.728%, test_loss: 0.003
[2023-20-07 14:40:50 - INFO:] ======================================
[2023-20-07 14:43:25 - INFO:] epoch: 98/200
[2023-20-07 14:43:25 - INFO:] train_loss: 0.371
[2023-20-07 14:43:25 - INFO:] test_acc: 91.637%, test_loss: 0.003
[2023-20-07 14:43:25 - INFO:] ======================================
[2023-20-07 14:46:01 - INFO:] epoch: 99/200
[2023-20-07 14:46:01 - INFO:] train_loss: 0.417
[2023-20-07 14:46:01 - INFO:] test_acc: 91.898%, test_loss: 0.003
[2023-20-07 14:46:01 - INFO:] ======================================
[2023-20-07 14:48:36 - INFO:] epoch: 100/200
[2023-20-07 14:48:36 - INFO:] train_loss: 0.392
[2023-20-07 14:48:36 - INFO:] test_acc: 91.850%, test_loss: 0.003
[2023-20-07 14:48:36 - INFO:] ======================================
[2023-20-07 14:51:12 - INFO:] epoch: 101/200
[2023-20-07 14:51:12 - INFO:] train_loss: 0.416
[2023-20-07 14:51:12 - INFO:] test_acc: 91.750%, test_loss: 0.003
[2023-20-07 14:51:12 - INFO:] ======================================
[2023-20-07 14:53:48 - INFO:] epoch: 102/200
[2023-20-07 14:53:48 - INFO:] train_loss: 0.405
[2023-20-07 14:53:48 - INFO:] test_acc: 91.802%, test_loss: 0.003
[2023-20-07 14:53:48 - INFO:] ======================================
[2023-20-07 14:56:23 - INFO:] epoch: 103/200
[2023-20-07 14:56:23 - INFO:] train_loss: 0.397
[2023-20-07 14:56:23 - INFO:] test_acc: 91.833%, test_loss: 0.003
[2023-20-07 14:56:23 - INFO:] ======================================
[2023-20-07 14:58:58 - INFO:] epoch: 104/200
[2023-20-07 14:58:58 - INFO:] train_loss: 0.389
[2023-20-07 14:58:58 - INFO:] test_acc: 91.794%, test_loss: 0.003
[2023-20-07 14:58:58 - INFO:] ======================================
[2023-20-07 15:01:33 - INFO:] epoch: 105/200
[2023-20-07 15:01:33 - INFO:] train_loss: 0.414
[2023-20-07 15:01:33 - INFO:] test_acc: 91.828%, test_loss: 0.003
[2023-20-07 15:01:33 - INFO:] ======================================
[2023-20-07 15:04:08 - INFO:] epoch: 106/200
[2023-20-07 15:04:08 - INFO:] train_loss: 0.393
[2023-20-07 15:04:08 - INFO:] test_acc: 91.815%, test_loss: 0.003
[2023-20-07 15:04:08 - INFO:] ======================================
[2023-20-07 15:06:43 - INFO:] epoch: 107/200
[2023-20-07 15:06:43 - INFO:] train_loss: 0.400
[2023-20-07 15:06:43 - INFO:] test_acc: 91.733%, test_loss: 0.003
[2023-20-07 15:06:43 - INFO:] ======================================
[2023-20-07 15:09:18 - INFO:] epoch: 108/200
[2023-20-07 15:09:18 - INFO:] train_loss: 0.413
[2023-20-07 15:09:18 - INFO:] test_acc: 91.750%, test_loss: 0.003
[2023-20-07 15:09:18 - INFO:] ======================================
[2023-20-07 15:11:53 - INFO:] epoch: 109/200
[2023-20-07 15:11:53 - INFO:] train_loss: 0.363
[2023-20-07 15:11:53 - INFO:] test_acc: 91.789%, test_loss: 0.003
[2023-20-07 15:11:53 - INFO:] ======================================
[2023-20-07 15:14:27 - INFO:] epoch: 110/200
[2023-20-07 15:14:27 - INFO:] train_loss: 0.391
[2023-20-07 15:14:27 - INFO:] test_acc: 91.824%, test_loss: 0.003
[2023-20-07 15:14:27 - INFO:] ======================================
[2023-20-07 15:17:02 - INFO:] epoch: 111/200
[2023-20-07 15:17:02 - INFO:] train_loss: 0.372
[2023-20-07 15:17:02 - INFO:] test_acc: 91.876%, test_loss: 0.003
[2023-20-07 15:17:02 - INFO:] ======================================
[2023-20-07 15:19:38 - INFO:] epoch: 112/200
[2023-20-07 15:19:38 - INFO:] train_loss: 0.417
[2023-20-07 15:19:38 - INFO:] test_acc: 91.768%, test_loss: 0.003
[2023-20-07 15:19:38 - INFO:] ======================================
[2023-20-07 15:22:13 - INFO:] epoch: 113/200
[2023-20-07 15:22:13 - INFO:] train_loss: 0.422
[2023-20-07 15:22:13 - INFO:] test_acc: 91.876%, test_loss: 0.003
[2023-20-07 15:22:13 - INFO:] ======================================
[2023-20-07 15:24:47 - INFO:] epoch: 114/200
[2023-20-07 15:24:47 - INFO:] train_loss: 0.399
[2023-20-07 15:24:47 - INFO:] test_acc: 91.850%, test_loss: 0.003
[2023-20-07 15:24:47 - INFO:] ======================================
[2023-20-07 15:27:22 - INFO:] epoch: 115/200
[2023-20-07 15:27:22 - INFO:] train_loss: 0.377
[2023-20-07 15:27:22 - INFO:] test_acc: 91.846%, test_loss: 0.003
[2023-20-07 15:27:22 - INFO:] ======================================
[2023-20-07 15:29:57 - INFO:] epoch: 116/200
[2023-20-07 15:29:57 - INFO:] train_loss: 0.415
[2023-20-07 15:29:57 - INFO:] test_acc: 91.768%, test_loss: 0.003
[2023-20-07 15:29:57 - INFO:] ======================================
[2023-20-07 15:32:32 - INFO:] epoch: 117/200
[2023-20-07 15:32:32 - INFO:] train_loss: 0.411
[2023-20-07 15:32:32 - INFO:] test_acc: 91.902%, test_loss: 0.003
[2023-20-07 15:32:32 - INFO:] ======================================
[2023-20-07 15:35:07 - INFO:] epoch: 118/200
[2023-20-07 15:35:07 - INFO:] train_loss: 0.373
[2023-20-07 15:35:07 - INFO:] test_acc: 91.807%, test_loss: 0.003
[2023-20-07 15:35:07 - INFO:] ======================================
[2023-20-07 15:37:42 - INFO:] epoch: 119/200
[2023-20-07 15:37:42 - INFO:] train_loss: 0.427
[2023-20-07 15:37:42 - INFO:] test_acc: 91.950%, test_loss: 0.003
[2023-20-07 15:37:42 - INFO:] ======================================
[2023-20-07 15:40:17 - INFO:] epoch: 120/200
[2023-20-07 15:40:17 - INFO:] train_loss: 0.408
[2023-20-07 15:40:17 - INFO:] test_acc: 91.802%, test_loss: 0.003
[2023-20-07 15:40:17 - INFO:] ======================================
[2023-20-07 15:42:52 - INFO:] epoch: 121/200
[2023-20-07 15:42:52 - INFO:] train_loss: 0.384
[2023-20-07 15:42:52 - INFO:] test_acc: 91.711%, test_loss: 0.003
[2023-20-07 15:42:52 - INFO:] ======================================
[2023-20-07 15:45:26 - INFO:] epoch: 122/200
[2023-20-07 15:45:26 - INFO:] train_loss: 0.411
[2023-20-07 15:45:26 - INFO:] test_acc: 91.750%, test_loss: 0.003
[2023-20-07 15:45:26 - INFO:] ======================================
[2023-20-07 15:48:02 - INFO:] epoch: 123/200
[2023-20-07 15:48:02 - INFO:] train_loss: 0.409
[2023-20-07 15:48:02 - INFO:] test_acc: 91.772%, test_loss: 0.003
[2023-20-07 15:48:02 - INFO:] ======================================
[2023-20-07 15:50:37 - INFO:] epoch: 124/200
[2023-20-07 15:50:37 - INFO:] train_loss: 0.401
[2023-20-07 15:50:37 - INFO:] test_acc: 91.768%, test_loss: 0.003
[2023-20-07 15:50:37 - INFO:] ======================================
[2023-20-07 15:53:12 - INFO:] epoch: 125/200
[2023-20-07 15:53:12 - INFO:] train_loss: 0.367
[2023-20-07 15:53:12 - INFO:] test_acc: 91.846%, test_loss: 0.003
[2023-20-07 15:53:12 - INFO:] ======================================
[2023-20-07 15:55:47 - INFO:] epoch: 126/200
[2023-20-07 15:55:47 - INFO:] train_loss: 0.397
[2023-20-07 15:55:47 - INFO:] test_acc: 91.776%, test_loss: 0.003
[2023-20-07 15:55:47 - INFO:] ======================================
[2023-20-07 15:58:23 - INFO:] epoch: 127/200
[2023-20-07 15:58:23 - INFO:] train_loss: 0.409
[2023-20-07 15:58:23 - INFO:] test_acc: 91.842%, test_loss: 0.003
[2023-20-07 15:58:23 - INFO:] ======================================
[2023-20-07 16:00:58 - INFO:] epoch: 128/200
[2023-20-07 16:00:58 - INFO:] train_loss: 0.386
[2023-20-07 16:00:58 - INFO:] test_acc: 91.911%, test_loss: 0.003
[2023-20-07 16:00:58 - INFO:] ======================================
[2023-20-07 16:03:33 - INFO:] epoch: 129/200
[2023-20-07 16:03:33 - INFO:] train_loss: 0.406
[2023-20-07 16:03:33 - INFO:] test_acc: 91.807%, test_loss: 0.003
[2023-20-07 16:03:33 - INFO:] ======================================
[2023-20-07 16:06:09 - INFO:] epoch: 130/200
[2023-20-07 16:06:09 - INFO:] train_loss: 0.387
[2023-20-07 16:06:09 - INFO:] test_acc: 91.828%, test_loss: 0.003
[2023-20-07 16:06:09 - INFO:] ======================================
[2023-20-07 16:08:43 - INFO:] epoch: 131/200
[2023-20-07 16:08:43 - INFO:] train_loss: 0.422
[2023-20-07 16:08:43 - INFO:] test_acc: 91.963%, test_loss: 0.003
[2023-20-07 16:08:43 - INFO:] ======================================
[2023-20-07 16:11:18 - INFO:] epoch: 132/200
[2023-20-07 16:11:18 - INFO:] train_loss: 0.392
[2023-20-07 16:11:18 - INFO:] test_acc: 91.763%, test_loss: 0.003
[2023-20-07 16:11:18 - INFO:] ======================================
[2023-20-07 16:13:54 - INFO:] epoch: 133/200
[2023-20-07 16:13:54 - INFO:] train_loss: 0.359
[2023-20-07 16:13:54 - INFO:] test_acc: 91.807%, test_loss: 0.003
[2023-20-07 16:13:54 - INFO:] ======================================
[2023-20-07 16:16:28 - INFO:] epoch: 134/200
[2023-20-07 16:16:28 - INFO:] train_loss: 0.415
[2023-20-07 16:16:28 - INFO:] test_acc: 91.842%, test_loss: 0.003
[2023-20-07 16:16:28 - INFO:] ======================================
[2023-20-07 16:19:04 - INFO:] epoch: 135/200
[2023-20-07 16:19:04 - INFO:] train_loss: 0.417
[2023-20-07 16:19:04 - INFO:] test_acc: 91.855%, test_loss: 0.003
[2023-20-07 16:19:04 - INFO:] ======================================
[2023-20-07 16:21:39 - INFO:] epoch: 136/200
[2023-20-07 16:21:39 - INFO:] train_loss: 0.408
[2023-20-07 16:21:39 - INFO:] test_acc: 91.972%, test_loss: 0.003
[2023-20-07 16:21:39 - INFO:] ======================================
[2023-20-07 16:24:14 - INFO:] epoch: 137/200
[2023-20-07 16:24:14 - INFO:] train_loss: 0.422
[2023-20-07 16:24:14 - INFO:] test_acc: 91.876%, test_loss: 0.003
[2023-20-07 16:24:14 - INFO:] ======================================
[2023-20-07 16:26:49 - INFO:] epoch: 138/200
[2023-20-07 16:26:49 - INFO:] train_loss: 0.408
[2023-20-07 16:26:49 - INFO:] test_acc: 91.885%, test_loss: 0.003
[2023-20-07 16:26:49 - INFO:] ======================================
[2023-20-07 16:29:23 - INFO:] epoch: 139/200
[2023-20-07 16:29:23 - INFO:] train_loss: 0.441
[2023-20-07 16:29:23 - INFO:] test_acc: 91.785%, test_loss: 0.003
[2023-20-07 16:29:23 - INFO:] ======================================
[2023-20-07 16:31:59 - INFO:] epoch: 140/200
[2023-20-07 16:31:59 - INFO:] train_loss: 0.393
[2023-20-07 16:31:59 - INFO:] test_acc: 91.942%, test_loss: 0.003
[2023-20-07 16:31:59 - INFO:] ======================================
[2023-20-07 16:34:34 - INFO:] epoch: 141/200
[2023-20-07 16:34:34 - INFO:] train_loss: 0.377
[2023-20-07 16:34:34 - INFO:] test_acc: 91.768%, test_loss: 0.003
[2023-20-07 16:34:34 - INFO:] ======================================
[2023-20-07 16:37:09 - INFO:] epoch: 142/200
[2023-20-07 16:37:09 - INFO:] train_loss: 0.387
[2023-20-07 16:37:09 - INFO:] test_acc: 91.955%, test_loss: 0.003
[2023-20-07 16:37:09 - INFO:] ======================================
[2023-20-07 16:39:44 - INFO:] epoch: 143/200
[2023-20-07 16:39:44 - INFO:] train_loss: 0.378
[2023-20-07 16:39:44 - INFO:] test_acc: 91.955%, test_loss: 0.003
[2023-20-07 16:39:44 - INFO:] ======================================
[2023-20-07 16:42:20 - INFO:] epoch: 144/200
[2023-20-07 16:42:20 - INFO:] train_loss: 0.434
[2023-20-07 16:42:20 - INFO:] test_acc: 91.807%, test_loss: 0.003
[2023-20-07 16:42:20 - INFO:] ======================================
[2023-20-07 16:44:54 - INFO:] epoch: 145/200
[2023-20-07 16:44:54 - INFO:] train_loss: 0.365
[2023-20-07 16:44:54 - INFO:] test_acc: 91.820%, test_loss: 0.003
[2023-20-07 16:44:54 - INFO:] ======================================
[2023-20-07 16:47:30 - INFO:] epoch: 146/200
[2023-20-07 16:47:30 - INFO:] train_loss: 0.405
[2023-20-07 16:47:30 - INFO:] test_acc: 91.859%, test_loss: 0.003
[2023-20-07 16:47:30 - INFO:] ======================================
[2023-20-07 16:50:05 - INFO:] epoch: 147/200
[2023-20-07 16:50:05 - INFO:] train_loss: 0.383
[2023-20-07 16:50:05 - INFO:] test_acc: 91.863%, test_loss: 0.003
[2023-20-07 16:50:05 - INFO:] ======================================
[2023-20-07 16:52:41 - INFO:] epoch: 148/200
[2023-20-07 16:52:41 - INFO:] train_loss: 0.380
[2023-20-07 16:52:41 - INFO:] test_acc: 91.824%, test_loss: 0.003
[2023-20-07 16:52:41 - INFO:] ======================================
[2023-20-07 16:55:16 - INFO:] epoch: 149/200
[2023-20-07 16:55:16 - INFO:] train_loss: 0.344
[2023-20-07 16:55:16 - INFO:] test_acc: 91.985%, test_loss: 0.003
[2023-20-07 16:55:16 - INFO:] ======================================
[2023-20-07 16:57:52 - INFO:] epoch: 150/200
[2023-20-07 16:57:52 - INFO:] train_loss: 0.360
[2023-20-07 16:57:52 - INFO:] test_acc: 91.876%, test_loss: 0.003
[2023-20-07 16:57:52 - INFO:] ======================================
[2023-20-07 17:00:26 - INFO:] epoch: 151/200
[2023-20-07 17:00:26 - INFO:] train_loss: 0.389
[2023-20-07 17:00:26 - INFO:] test_acc: 91.846%, test_loss: 0.003
[2023-20-07 17:00:26 - INFO:] ======================================
[2023-20-07 17:03:01 - INFO:] epoch: 152/200
[2023-20-07 17:03:01 - INFO:] train_loss: 0.386
[2023-20-07 17:03:01 - INFO:] test_acc: 91.963%, test_loss: 0.003
[2023-20-07 17:03:01 - INFO:] ======================================
[2023-20-07 17:05:37 - INFO:] epoch: 153/200
[2023-20-07 17:05:37 - INFO:] train_loss: 0.384
[2023-20-07 17:05:37 - INFO:] test_acc: 91.820%, test_loss: 0.003
[2023-20-07 17:05:37 - INFO:] ======================================
[2023-20-07 17:08:12 - INFO:] epoch: 154/200
[2023-20-07 17:08:12 - INFO:] train_loss: 0.389
[2023-20-07 17:08:12 - INFO:] test_acc: 91.963%, test_loss: 0.003
[2023-20-07 17:08:12 - INFO:] ======================================
[2023-20-07 17:10:47 - INFO:] epoch: 155/200
[2023-20-07 17:10:47 - INFO:] train_loss: 0.436
[2023-20-07 17:10:47 - INFO:] test_acc: 91.820%, test_loss: 0.003
[2023-20-07 17:10:47 - INFO:] ======================================
[2023-20-07 17:13:22 - INFO:] epoch: 156/200
[2023-20-07 17:13:22 - INFO:] train_loss: 0.402
[2023-20-07 17:13:22 - INFO:] test_acc: 91.876%, test_loss: 0.003
[2023-20-07 17:13:22 - INFO:] ======================================
[2023-20-07 17:15:57 - INFO:] epoch: 157/200
[2023-20-07 17:15:57 - INFO:] train_loss: 0.388
[2023-20-07 17:15:57 - INFO:] test_acc: 91.789%, test_loss: 0.003
[2023-20-07 17:15:57 - INFO:] ======================================
[2023-20-07 17:18:31 - INFO:] epoch: 158/200
[2023-20-07 17:18:31 - INFO:] train_loss: 0.396
[2023-20-07 17:18:31 - INFO:] test_acc: 91.950%, test_loss: 0.003
[2023-20-07 17:18:31 - INFO:] ======================================
[2023-20-07 17:21:06 - INFO:] epoch: 159/200
[2023-20-07 17:21:06 - INFO:] train_loss: 0.392
[2023-20-07 17:21:06 - INFO:] test_acc: 91.894%, test_loss: 0.003
[2023-20-07 17:21:06 - INFO:] ======================================
[2023-20-07 17:23:41 - INFO:] epoch: 160/200
[2023-20-07 17:23:41 - INFO:] train_loss: 0.358
[2023-20-07 17:23:41 - INFO:] test_acc: 91.811%, test_loss: 0.003
[2023-20-07 17:23:41 - INFO:] ======================================
[2023-20-07 17:26:17 - INFO:] epoch: 161/200
[2023-20-07 17:26:17 - INFO:] train_loss: 0.402
[2023-20-07 17:26:17 - INFO:] test_acc: 91.815%, test_loss: 0.003
[2023-20-07 17:26:17 - INFO:] ======================================
[2023-20-07 17:28:51 - INFO:] epoch: 162/200
[2023-20-07 17:28:51 - INFO:] train_loss: 0.381
[2023-20-07 17:28:51 - INFO:] test_acc: 91.950%, test_loss: 0.003
[2023-20-07 17:28:51 - INFO:] ======================================
[2023-20-07 17:31:27 - INFO:] epoch: 163/200
[2023-20-07 17:31:27 - INFO:] train_loss: 0.411
[2023-20-07 17:31:27 - INFO:] test_acc: 91.990%, test_loss: 0.003
[2023-20-07 17:31:27 - INFO:] ======================================
[2023-20-07 17:34:02 - INFO:] epoch: 164/200
[2023-20-07 17:34:02 - INFO:] train_loss: 0.393
[2023-20-07 17:34:02 - INFO:] test_acc: 91.946%, test_loss: 0.003
[2023-20-07 17:34:02 - INFO:] ======================================
[2023-20-07 17:36:37 - INFO:] epoch: 165/200
[2023-20-07 17:36:37 - INFO:] train_loss: 0.408
[2023-20-07 17:36:37 - INFO:] test_acc: 91.833%, test_loss: 0.003
[2023-20-07 17:36:37 - INFO:] ======================================
[2023-20-07 17:39:12 - INFO:] epoch: 166/200
[2023-20-07 17:39:12 - INFO:] train_loss: 0.377
[2023-20-07 17:39:12 - INFO:] test_acc: 91.741%, test_loss: 0.003
[2023-20-07 17:39:12 - INFO:] ======================================
[2023-20-07 17:41:47 - INFO:] epoch: 167/200
[2023-20-07 17:41:47 - INFO:] train_loss: 0.382
[2023-20-07 17:41:47 - INFO:] test_acc: 91.628%, test_loss: 0.003
[2023-20-07 17:41:47 - INFO:] ======================================
[2023-20-07 17:44:22 - INFO:] epoch: 168/200
[2023-20-07 17:44:22 - INFO:] train_loss: 0.396
[2023-20-07 17:44:22 - INFO:] test_acc: 91.807%, test_loss: 0.003
[2023-20-07 17:44:22 - INFO:] ======================================
[2023-20-07 17:46:57 - INFO:] epoch: 169/200
[2023-20-07 17:46:57 - INFO:] train_loss: 0.370
[2023-20-07 17:46:57 - INFO:] test_acc: 91.811%, test_loss: 0.003
[2023-20-07 17:46:57 - INFO:] ======================================
[2023-20-07 17:49:32 - INFO:] epoch: 170/200
[2023-20-07 17:49:32 - INFO:] train_loss: 0.400
[2023-20-07 17:49:32 - INFO:] test_acc: 91.785%, test_loss: 0.003
[2023-20-07 17:49:32 - INFO:] ======================================
[2023-20-07 17:52:07 - INFO:] epoch: 171/200
[2023-20-07 17:52:07 - INFO:] train_loss: 0.391
[2023-20-07 17:52:07 - INFO:] test_acc: 92.003%, test_loss: 0.003
[2023-20-07 17:52:07 - INFO:] ======================================
[2023-20-07 17:54:42 - INFO:] epoch: 172/200
[2023-20-07 17:54:42 - INFO:] train_loss: 0.393
[2023-20-07 17:54:42 - INFO:] test_acc: 91.859%, test_loss: 0.003
[2023-20-07 17:54:42 - INFO:] ======================================
[2023-20-07 17:57:16 - INFO:] epoch: 173/200
[2023-20-07 17:57:16 - INFO:] train_loss: 0.414
[2023-20-07 17:57:16 - INFO:] test_acc: 91.924%, test_loss: 0.003
[2023-20-07 17:57:16 - INFO:] ======================================
[2023-20-07 17:59:51 - INFO:] epoch: 174/200
[2023-20-07 17:59:51 - INFO:] train_loss: 0.365
[2023-20-07 17:59:51 - INFO:] test_acc: 91.894%, test_loss: 0.003
[2023-20-07 17:59:51 - INFO:] ======================================
[2023-20-07 18:02:26 - INFO:] epoch: 175/200
[2023-20-07 18:02:26 - INFO:] train_loss: 0.385
[2023-20-07 18:02:26 - INFO:] test_acc: 91.990%, test_loss: 0.003
[2023-20-07 18:02:26 - INFO:] ======================================
[2023-20-07 18:05:01 - INFO:] epoch: 176/200
[2023-20-07 18:05:01 - INFO:] train_loss: 0.419
[2023-20-07 18:05:01 - INFO:] test_acc: 91.955%, test_loss: 0.003
[2023-20-07 18:05:01 - INFO:] ======================================
[2023-20-07 18:07:37 - INFO:] epoch: 177/200
[2023-20-07 18:07:37 - INFO:] train_loss: 0.390
[2023-20-07 18:07:37 - INFO:] test_acc: 91.972%, test_loss: 0.003
[2023-20-07 18:07:37 - INFO:] ======================================
[2023-20-07 18:10:12 - INFO:] epoch: 178/200
[2023-20-07 18:10:12 - INFO:] train_loss: 0.359
[2023-20-07 18:10:12 - INFO:] test_acc: 91.868%, test_loss: 0.003
[2023-20-07 18:10:12 - INFO:] ======================================
[2023-20-07 18:12:47 - INFO:] epoch: 179/200
[2023-20-07 18:12:47 - INFO:] train_loss: 0.388
[2023-20-07 18:12:47 - INFO:] test_acc: 91.937%, test_loss: 0.003
[2023-20-07 18:12:47 - INFO:] ======================================
[2023-20-07 18:15:21 - INFO:] epoch: 180/200
[2023-20-07 18:15:21 - INFO:] train_loss: 0.413
[2023-20-07 18:15:21 - INFO:] test_acc: 91.833%, test_loss: 0.003
[2023-20-07 18:15:21 - INFO:] ======================================
[2023-20-07 18:17:56 - INFO:] epoch: 181/200
[2023-20-07 18:17:56 - INFO:] train_loss: 0.399
[2023-20-07 18:17:56 - INFO:] test_acc: 91.863%, test_loss: 0.003
[2023-20-07 18:17:56 - INFO:] ======================================
[2023-20-07 18:20:32 - INFO:] epoch: 182/200
[2023-20-07 18:20:32 - INFO:] train_loss: 0.390
[2023-20-07 18:20:32 - INFO:] test_acc: 91.937%, test_loss: 0.003
[2023-20-07 18:20:32 - INFO:] ======================================
[2023-20-07 18:23:07 - INFO:] epoch: 183/200
[2023-20-07 18:23:07 - INFO:] train_loss: 0.375
[2023-20-07 18:23:07 - INFO:] test_acc: 91.902%, test_loss: 0.003
[2023-20-07 18:23:07 - INFO:] ======================================
[2023-20-07 18:25:42 - INFO:] epoch: 184/200
[2023-20-07 18:25:42 - INFO:] train_loss: 0.408
[2023-20-07 18:25:42 - INFO:] test_acc: 91.850%, test_loss: 0.003
[2023-20-07 18:25:42 - INFO:] ======================================
[2023-20-07 18:28:17 - INFO:] epoch: 185/200
[2023-20-07 18:28:17 - INFO:] train_loss: 0.364
[2023-20-07 18:28:17 - INFO:] test_acc: 91.968%, test_loss: 0.003
[2023-20-07 18:28:17 - INFO:] ======================================
[2023-20-07 18:30:52 - INFO:] epoch: 186/200
[2023-20-07 18:30:52 - INFO:] train_loss: 0.379
[2023-20-07 18:30:52 - INFO:] test_acc: 91.833%, test_loss: 0.003
[2023-20-07 18:30:52 - INFO:] ======================================
[2023-20-07 18:33:27 - INFO:] epoch: 187/200
[2023-20-07 18:33:27 - INFO:] train_loss: 0.376
[2023-20-07 18:33:27 - INFO:] test_acc: 91.907%, test_loss: 0.003
[2023-20-07 18:33:27 - INFO:] ======================================
[2023-20-07 18:36:02 - INFO:] epoch: 188/200
[2023-20-07 18:36:02 - INFO:] train_loss: 0.400
[2023-20-07 18:36:02 - INFO:] test_acc: 91.846%, test_loss: 0.003
[2023-20-07 18:36:02 - INFO:] ======================================
[2023-20-07 18:38:37 - INFO:] epoch: 189/200
[2023-20-07 18:38:37 - INFO:] train_loss: 0.399
[2023-20-07 18:38:37 - INFO:] test_acc: 91.894%, test_loss: 0.003
[2023-20-07 18:38:37 - INFO:] ======================================
[2023-20-07 18:41:12 - INFO:] epoch: 190/200
[2023-20-07 18:41:12 - INFO:] train_loss: 0.375
[2023-20-07 18:41:12 - INFO:] test_acc: 91.868%, test_loss: 0.003
[2023-20-07 18:41:12 - INFO:] ======================================
[2023-20-07 18:43:47 - INFO:] epoch: 191/200
[2023-20-07 18:43:47 - INFO:] train_loss: 0.404
[2023-20-07 18:43:47 - INFO:] test_acc: 91.898%, test_loss: 0.003
[2023-20-07 18:43:47 - INFO:] ======================================
[2023-20-07 18:46:22 - INFO:] epoch: 192/200
[2023-20-07 18:46:22 - INFO:] train_loss: 0.390
[2023-20-07 18:46:22 - INFO:] test_acc: 91.963%, test_loss: 0.003
[2023-20-07 18:46:22 - INFO:] ======================================
[2023-20-07 18:48:57 - INFO:] epoch: 193/200
[2023-20-07 18:48:57 - INFO:] train_loss: 0.387
[2023-20-07 18:48:57 - INFO:] test_acc: 91.924%, test_loss: 0.003
[2023-20-07 18:48:57 - INFO:] ======================================
[2023-20-07 18:51:32 - INFO:] epoch: 194/200
[2023-20-07 18:51:32 - INFO:] train_loss: 0.405
[2023-20-07 18:51:32 - INFO:] test_acc: 91.842%, test_loss: 0.003
[2023-20-07 18:51:32 - INFO:] ======================================
[2023-20-07 18:54:06 - INFO:] epoch: 195/200
[2023-20-07 18:54:06 - INFO:] train_loss: 0.396
[2023-20-07 18:54:06 - INFO:] test_acc: 91.963%, test_loss: 0.003
[2023-20-07 18:54:06 - INFO:] ======================================
[2023-20-07 18:56:41 - INFO:] epoch: 196/200
[2023-20-07 18:56:41 - INFO:] train_loss: 0.418
[2023-20-07 18:56:41 - INFO:] test_acc: 91.872%, test_loss: 0.003
[2023-20-07 18:56:41 - INFO:] ======================================
[2023-20-07 18:59:16 - INFO:] epoch: 197/200
[2023-20-07 18:59:16 - INFO:] train_loss: 0.386
[2023-20-07 18:59:16 - INFO:] test_acc: 91.911%, test_loss: 0.003
[2023-20-07 18:59:16 - INFO:] ======================================
[2023-20-07 19:01:50 - INFO:] epoch: 198/200
[2023-20-07 19:01:50 - INFO:] train_loss: 0.380
[2023-20-07 19:01:50 - INFO:] test_acc: 91.907%, test_loss: 0.003
[2023-20-07 19:01:50 - INFO:] ======================================
[2023-20-07 19:04:25 - INFO:] epoch: 199/200
[2023-20-07 19:04:25 - INFO:] train_loss: 0.429
[2023-20-07 19:04:25 - INFO:] test_acc: 91.837%, test_loss: 0.003
[2023-20-07 19:04:25 - INFO:] ======================================
[2023-20-07 19:07:01 - INFO:] epoch: 200/200
[2023-20-07 19:07:01 - INFO:] train_loss: 0.434
[2023-20-07 19:07:01 - INFO:] test_acc: 91.894%, test_loss: 0.003
[2023-20-07 19:07:01 - INFO:] ======================================
