[2023-07-24 17:12:55 - INFO:] # batch_size = 300
[2023-07-24 17:12:55 - INFO:] # learning_rate = 0.005
[2023-07-24 17:12:55 - INFO:] # num_epochs = 70
[2023-07-24 17:12:55 - INFO:] # padding_size = 3500
[2023-07-24 17:12:55 - INFO:] # criterion = CrossEntropyLoss()
[2023-07-24 17:12:55 - INFO:] # scheduler = <torch.optim.lr_scheduler.CosineAnnealingLR object at 0x000001ECC6F9A4C0>
[2023-07-24 17:12:55 - INFO:] # optimizer = AdamW (
Parameter Group 0
    amsgrad: False
    betas: (0.9, 0.98)
    capturable: False
    differentiable: False
    eps: 1e-08
    foreach: None
    fused: None
    initial_lr: 0.005
    lr: 0.005
    maximize: False
    weight_decay: 0.01
)
[2023-07-24 17:12:55 - INFO:] -------------------------------
[2023-07-24 17:15:27 - INFO:] epoch: 1/70
[2023-07-24 17:15:27 - INFO:] learning_rate: 0.0049
[2023-07-24 17:15:27 - INFO:] train_acc: 90.6358%, train_loss: 0.0014
[2023-07-24 17:15:27 - INFO:] test_acc: 90.4049%, test_loss: 0.0013
[2023-07-24 17:15:27 - INFO:] max_test_acc: 0.9040
[2023-07-24 17:15:27 - INFO:] max_lr: 0.0049, min_lr: 0.0049
[2023-07-24 17:15:27 - INFO:] ======================================
[2023-07-24 17:17:58 - INFO:] epoch: 2/70
[2023-07-24 17:17:58 - INFO:] learning_rate: 0.0045
[2023-07-24 17:17:58 - INFO:] train_acc: 90.8121%, train_loss: 0.0013
[2023-07-24 17:17:58 - INFO:] test_acc: 90.3744%, test_loss: 0.0013
[2023-07-24 17:17:58 - INFO:] max_test_acc: 0.9040
[2023-07-24 17:17:58 - INFO:] max_lr: 0.0049, min_lr: 0.0045
[2023-07-24 17:17:58 - INFO:] ======================================
[2023-07-24 17:20:27 - INFO:] epoch: 3/70
[2023-07-24 17:20:27 - INFO:] learning_rate: 0.0040
[2023-07-24 17:20:27 - INFO:] train_acc: 90.8111%, train_loss: 0.0013
[2023-07-24 17:20:27 - INFO:] test_acc: 90.4310%, test_loss: 0.0013
[2023-07-24 17:20:27 - INFO:] max_test_acc: 0.9043
[2023-07-24 17:20:27 - INFO:] max_lr: 0.0049, min_lr: 0.0040
[2023-07-24 17:20:27 - INFO:] ======================================
[2023-07-24 17:22:56 - INFO:] epoch: 4/70
[2023-07-24 17:22:56 - INFO:] learning_rate: 0.0033
[2023-07-24 17:22:56 - INFO:] train_acc: 90.8407%, train_loss: 0.0013
[2023-07-24 17:22:56 - INFO:] test_acc: 90.4441%, test_loss: 0.0013
[2023-07-24 17:22:56 - INFO:] max_test_acc: 0.9044
[2023-07-24 17:22:56 - INFO:] max_lr: 0.0049, min_lr: 0.0033
[2023-07-24 17:22:56 - INFO:] ======================================
[2023-07-24 17:25:25 - INFO:] epoch: 5/70
[2023-07-24 17:25:25 - INFO:] learning_rate: 0.0025
[2023-07-24 17:25:25 - INFO:] train_acc: 90.8818%, train_loss: 0.0013
[2023-07-24 17:25:25 - INFO:] test_acc: 90.4310%, test_loss: 0.0013
[2023-07-24 17:25:25 - INFO:] max_test_acc: 0.9044
[2023-07-24 17:25:25 - INFO:] max_lr: 0.0049, min_lr: 0.0025
[2023-07-24 17:25:25 - INFO:] ======================================
[2023-07-24 17:27:54 - INFO:] epoch: 6/70
[2023-07-24 17:27:54 - INFO:] learning_rate: 0.0017
[2023-07-24 17:27:54 - INFO:] train_acc: 90.9737%, train_loss: 0.0013
[2023-07-24 17:27:54 - INFO:] test_acc: 90.5355%, test_loss: 0.0013
[2023-07-24 17:27:54 - INFO:] max_test_acc: 0.9054
[2023-07-24 17:27:54 - INFO:] max_lr: 0.0049, min_lr: 0.0017
[2023-07-24 17:27:54 - INFO:] ======================================
[2023-07-24 17:30:23 - INFO:] epoch: 7/70
[2023-07-24 17:30:23 - INFO:] learning_rate: 0.0010
[2023-07-24 17:30:23 - INFO:] train_acc: 91.0180%, train_loss: 0.0013
[2023-07-24 17:30:23 - INFO:] test_acc: 90.5703%, test_loss: 0.0013
[2023-07-24 17:30:23 - INFO:] max_test_acc: 0.9057
[2023-07-24 17:30:23 - INFO:] max_lr: 0.0049, min_lr: 0.0010
[2023-07-24 17:30:23 - INFO:] ======================================
[2023-07-24 17:32:52 - INFO:] epoch: 8/70
[2023-07-24 17:32:52 - INFO:] learning_rate: 0.0005
[2023-07-24 17:32:52 - INFO:] train_acc: 91.0518%, train_loss: 0.0013
[2023-07-24 17:32:52 - INFO:] test_acc: 90.5790%, test_loss: 0.0013
[2023-07-24 17:32:52 - INFO:] max_test_acc: 0.9058
[2023-07-24 17:32:52 - INFO:] max_lr: 0.0049, min_lr: 0.0005
[2023-07-24 17:32:52 - INFO:] ======================================
[2023-07-24 17:35:21 - INFO:] epoch: 9/70
[2023-07-24 17:35:21 - INFO:] learning_rate: 0.0001
[2023-07-24 17:35:21 - INFO:] train_acc: 91.0687%, train_loss: 0.0013
[2023-07-24 17:35:21 - INFO:] test_acc: 90.6835%, test_loss: 0.0013
[2023-07-24 17:35:21 - INFO:] max_test_acc: 0.9068
[2023-07-24 17:35:21 - INFO:] max_lr: 0.0049, min_lr: 0.0001
[2023-07-24 17:35:21 - INFO:] ======================================
[2023-07-24 17:37:49 - INFO:] epoch: 10/70
[2023-07-24 17:37:49 - INFO:] learning_rate: 0.0000
[2023-07-24 17:37:49 - INFO:] train_acc: 91.0339%, train_loss: 0.0013
[2023-07-24 17:37:49 - INFO:] test_acc: 90.6487%, test_loss: 0.0013
[2023-07-24 17:37:49 - INFO:] max_test_acc: 0.9068
[2023-07-24 17:37:49 - INFO:] max_lr: 0.0049, min_lr: 0.0000
[2023-07-24 17:37:49 - INFO:] ======================================
[2023-07-24 17:40:18 - INFO:] epoch: 11/70
[2023-07-24 17:40:18 - INFO:] learning_rate: 0.0001
[2023-07-24 17:40:18 - INFO:] train_acc: 91.0571%, train_loss: 0.0013
[2023-07-24 17:40:18 - INFO:] test_acc: 90.6269%, test_loss: 0.0013
[2023-07-24 17:40:18 - INFO:] max_test_acc: 0.9068
[2023-07-24 17:40:18 - INFO:] max_lr: 0.0049, min_lr: 0.0000
[2023-07-24 17:40:18 - INFO:] ======================================
[2023-07-24 17:42:47 - INFO:] epoch: 12/70
[2023-07-24 17:42:47 - INFO:] learning_rate: 0.0005
[2023-07-24 17:42:47 - INFO:] train_acc: 91.0307%, train_loss: 0.0013
[2023-07-24 17:42:47 - INFO:] test_acc: 90.6269%, test_loss: 0.0013
[2023-07-24 17:42:47 - INFO:] max_test_acc: 0.9068
[2023-07-24 17:42:47 - INFO:] max_lr: 0.0049, min_lr: 0.0000
[2023-07-24 17:42:47 - INFO:] ======================================
[2023-07-24 17:45:16 - INFO:] epoch: 13/70
[2023-07-24 17:45:16 - INFO:] learning_rate: 0.0010
[2023-07-24 17:45:16 - INFO:] train_acc: 91.0381%, train_loss: 0.0013
[2023-07-24 17:45:16 - INFO:] test_acc: 90.6400%, test_loss: 0.0013
[2023-07-24 17:45:16 - INFO:] max_test_acc: 0.9068
[2023-07-24 17:45:16 - INFO:] max_lr: 0.0049, min_lr: 0.0000
[2023-07-24 17:45:16 - INFO:] ======================================
[2023-07-24 17:47:45 - INFO:] epoch: 14/70
[2023-07-24 17:47:45 - INFO:] learning_rate: 0.0017
[2023-07-24 17:47:45 - INFO:] train_acc: 91.0666%, train_loss: 0.0013
[2023-07-24 17:47:45 - INFO:] test_acc: 90.5790%, test_loss: 0.0013
[2023-07-24 17:47:45 - INFO:] max_test_acc: 0.9068
[2023-07-24 17:47:45 - INFO:] max_lr: 0.0049, min_lr: 0.0000
[2023-07-24 17:47:45 - INFO:] ======================================
[2023-07-24 17:50:13 - INFO:] epoch: 15/70
[2023-07-24 17:50:13 - INFO:] learning_rate: 0.0025
[2023-07-24 17:50:13 - INFO:] train_acc: 91.0560%, train_loss: 0.0013
[2023-07-24 17:50:13 - INFO:] test_acc: 90.5877%, test_loss: 0.0013
[2023-07-24 17:50:13 - INFO:] max_test_acc: 0.9068
[2023-07-24 17:50:13 - INFO:] max_lr: 0.0049, min_lr: 0.0000
[2023-07-24 17:50:13 - INFO:] ======================================
[2023-07-24 17:52:42 - INFO:] epoch: 16/70
[2023-07-24 17:52:42 - INFO:] learning_rate: 0.0033
[2023-07-24 17:52:42 - INFO:] train_acc: 91.0814%, train_loss: 0.0013
[2023-07-24 17:52:42 - INFO:] test_acc: 90.6269%, test_loss: 0.0013
[2023-07-24 17:52:42 - INFO:] max_test_acc: 0.9068
[2023-07-24 17:52:42 - INFO:] max_lr: 0.0049, min_lr: 0.0000
[2023-07-24 17:52:42 - INFO:] ======================================
[2023-07-24 17:55:11 - INFO:] epoch: 17/70
[2023-07-24 17:55:11 - INFO:] learning_rate: 0.0040
[2023-07-24 17:55:11 - INFO:] train_acc: 91.1057%, train_loss: 0.0013
[2023-07-24 17:55:11 - INFO:] test_acc: 90.7967%, test_loss: 0.0013
[2023-07-24 17:55:11 - INFO:] max_test_acc: 0.9080
[2023-07-24 17:55:11 - INFO:] max_lr: 0.0049, min_lr: 0.0000
[2023-07-24 17:55:11 - INFO:] ======================================
[2023-07-24 17:57:40 - INFO:] epoch: 18/70
[2023-07-24 17:57:40 - INFO:] learning_rate: 0.0045
[2023-07-24 17:57:40 - INFO:] train_acc: 91.0846%, train_loss: 0.0013
[2023-07-24 17:57:40 - INFO:] test_acc: 90.8925%, test_loss: 0.0013
[2023-07-24 17:57:40 - INFO:] max_test_acc: 0.9089
[2023-07-24 17:57:40 - INFO:] max_lr: 0.0049, min_lr: 0.0000
[2023-07-24 17:57:40 - INFO:] ======================================
[2023-07-24 18:00:08 - INFO:] epoch: 19/70
[2023-07-24 18:00:08 - INFO:] learning_rate: 0.0049
[2023-07-24 18:00:08 - INFO:] train_acc: 91.2017%, train_loss: 0.0013
[2023-07-24 18:00:08 - INFO:] test_acc: 90.9316%, test_loss: 0.0013
[2023-07-24 18:00:08 - INFO:] max_test_acc: 0.9093
[2023-07-24 18:00:08 - INFO:] max_lr: 0.0049, min_lr: 0.0000
[2023-07-24 18:00:08 - INFO:] ======================================
[2023-07-24 18:02:37 - INFO:] epoch: 20/70
[2023-07-24 18:02:37 - INFO:] learning_rate: 0.0050
[2023-07-24 18:02:37 - INFO:] train_acc: 91.1595%, train_loss: 0.0013
[2023-07-24 18:02:37 - INFO:] test_acc: 91.0144%, test_loss: 0.0013
[2023-07-24 18:02:37 - INFO:] max_test_acc: 0.9101
[2023-07-24 18:02:37 - INFO:] max_lr: 0.0050, min_lr: 0.0000
[2023-07-24 18:02:37 - INFO:] ======================================
[2023-07-24 18:05:06 - INFO:] epoch: 21/70
[2023-07-24 18:05:06 - INFO:] learning_rate: 0.0049
[2023-07-24 18:05:06 - INFO:] train_acc: 91.2197%, train_loss: 0.0013
[2023-07-24 18:05:06 - INFO:] test_acc: 90.8098%, test_loss: 0.0013
[2023-07-24 18:05:06 - INFO:] max_test_acc: 0.9101
[2023-07-24 18:05:06 - INFO:] max_lr: 0.0050, min_lr: 0.0000
[2023-07-24 18:05:06 - INFO:] ======================================
[2023-07-24 18:07:35 - INFO:] epoch: 22/70
[2023-07-24 18:07:35 - INFO:] learning_rate: 0.0045
[2023-07-24 18:07:35 - INFO:] train_acc: 91.2165%, train_loss: 0.0013
[2023-07-24 18:07:35 - INFO:] test_acc: 91.1624%, test_loss: 0.0013
[2023-07-24 18:07:35 - INFO:] max_test_acc: 0.9116
[2023-07-24 18:07:35 - INFO:] max_lr: 0.0050, min_lr: 0.0000
[2023-07-24 18:07:35 - INFO:] ======================================
[2023-07-24 18:10:03 - INFO:] epoch: 23/70
[2023-07-24 18:10:03 - INFO:] learning_rate: 0.0040
[2023-07-24 18:10:03 - INFO:] train_acc: 91.1944%, train_loss: 0.0013
[2023-07-24 18:10:03 - INFO:] test_acc: 90.9316%, test_loss: 0.0013
[2023-07-24 18:10:03 - INFO:] max_test_acc: 0.9116
[2023-07-24 18:10:03 - INFO:] max_lr: 0.0050, min_lr: 0.0000
[2023-07-24 18:10:03 - INFO:] ======================================
[2023-07-24 18:12:32 - INFO:] epoch: 24/70
[2023-07-24 18:12:32 - INFO:] learning_rate: 0.0033
[2023-07-24 18:12:32 - INFO:] train_acc: 91.2978%, train_loss: 0.0013
[2023-07-24 18:12:32 - INFO:] test_acc: 90.9839%, test_loss: 0.0013
[2023-07-24 18:12:32 - INFO:] max_test_acc: 0.9116
[2023-07-24 18:12:32 - INFO:] max_lr: 0.0050, min_lr: 0.0000
[2023-07-24 18:12:32 - INFO:] ======================================
[2023-07-24 18:15:01 - INFO:] epoch: 25/70
[2023-07-24 18:15:01 - INFO:] learning_rate: 0.0025
[2023-07-24 18:15:01 - INFO:] train_acc: 91.2926%, train_loss: 0.0013
[2023-07-24 18:15:01 - INFO:] test_acc: 91.3061%, test_loss: 0.0013
[2023-07-24 18:15:01 - INFO:] max_test_acc: 0.9131
[2023-07-24 18:15:01 - INFO:] max_lr: 0.0050, min_lr: 0.0000
[2023-07-24 18:15:01 - INFO:] ======================================
[2023-07-24 18:17:29 - INFO:] epoch: 26/70
[2023-07-24 18:17:29 - INFO:] learning_rate: 0.0017
[2023-07-24 18:17:29 - INFO:] train_acc: 91.2999%, train_loss: 0.0013
[2023-07-24 18:17:29 - INFO:] test_acc: 91.0666%, test_loss: 0.0013
[2023-07-24 18:17:29 - INFO:] max_test_acc: 0.9131
[2023-07-24 18:17:29 - INFO:] max_lr: 0.0050, min_lr: 0.0000
[2023-07-24 18:17:29 - INFO:] ======================================
[2023-07-24 18:19:58 - INFO:] epoch: 27/70
[2023-07-24 18:19:58 - INFO:] learning_rate: 0.0010
[2023-07-24 18:19:58 - INFO:] train_acc: 91.3591%, train_loss: 0.0013
[2023-07-24 18:19:58 - INFO:] test_acc: 91.4105%, test_loss: 0.0013
[2023-07-24 18:19:58 - INFO:] max_test_acc: 0.9141
[2023-07-24 18:19:58 - INFO:] max_lr: 0.0050, min_lr: 0.0000
[2023-07-24 18:19:58 - INFO:] ======================================
[2023-07-24 18:22:27 - INFO:] epoch: 28/70
[2023-07-24 18:22:27 - INFO:] learning_rate: 0.0005
[2023-07-24 18:22:27 - INFO:] train_acc: 91.3527%, train_loss: 0.0013
[2023-07-24 18:22:27 - INFO:] test_acc: 91.2190%, test_loss: 0.0013
[2023-07-24 18:22:27 - INFO:] max_test_acc: 0.9141
[2023-07-24 18:22:27 - INFO:] max_lr: 0.0050, min_lr: 0.0000
[2023-07-24 18:22:27 - INFO:] ======================================
[2023-07-24 18:24:56 - INFO:] epoch: 29/70
[2023-07-24 18:24:56 - INFO:] learning_rate: 0.0001
[2023-07-24 18:24:56 - INFO:] train_acc: 91.3665%, train_loss: 0.0013
[2023-07-24 18:24:56 - INFO:] test_acc: 91.3583%, test_loss: 0.0013
[2023-07-24 18:24:56 - INFO:] max_test_acc: 0.9141
[2023-07-24 18:24:56 - INFO:] max_lr: 0.0050, min_lr: 0.0000
[2023-07-24 18:24:56 - INFO:] ======================================
[2023-07-24 18:27:25 - INFO:] epoch: 30/70
[2023-07-24 18:27:25 - INFO:] learning_rate: 0.0000
[2023-07-24 18:27:25 - INFO:] train_acc: 91.3686%, train_loss: 0.0013
[2023-07-24 18:27:25 - INFO:] test_acc: 91.3539%, test_loss: 0.0013
[2023-07-24 18:27:25 - INFO:] max_test_acc: 0.9141
[2023-07-24 18:27:25 - INFO:] max_lr: 0.0050, min_lr: 0.0000
[2023-07-24 18:27:25 - INFO:] ======================================
[2023-07-24 18:29:53 - INFO:] epoch: 31/70
[2023-07-24 18:29:53 - INFO:] learning_rate: 0.0001
[2023-07-24 18:29:53 - INFO:] train_acc: 91.4002%, train_loss: 0.0013
[2023-07-24 18:29:53 - INFO:] test_acc: 91.3322%, test_loss: 0.0013
[2023-07-24 18:29:53 - INFO:] max_test_acc: 0.9141
[2023-07-24 18:29:53 - INFO:] max_lr: 0.0050, min_lr: 0.0000
[2023-07-24 18:29:53 - INFO:] ======================================
[2023-07-24 18:32:22 - INFO:] epoch: 32/70
[2023-07-24 18:32:22 - INFO:] learning_rate: 0.0005
[2023-07-24 18:32:22 - INFO:] train_acc: 91.3073%, train_loss: 0.0013
[2023-07-24 18:32:22 - INFO:] test_acc: 91.3017%, test_loss: 0.0013
[2023-07-24 18:32:22 - INFO:] max_test_acc: 0.9141
[2023-07-24 18:32:22 - INFO:] max_lr: 0.0050, min_lr: 0.0000
[2023-07-24 18:32:22 - INFO:] ======================================
[2023-07-24 18:34:51 - INFO:] epoch: 33/70
[2023-07-24 18:34:51 - INFO:] learning_rate: 0.0010
[2023-07-24 18:34:51 - INFO:] train_acc: 91.3158%, train_loss: 0.0013
[2023-07-24 18:34:51 - INFO:] test_acc: 91.3539%, test_loss: 0.0013
[2023-07-24 18:34:51 - INFO:] max_test_acc: 0.9141
[2023-07-24 18:34:51 - INFO:] max_lr: 0.0050, min_lr: 0.0000
[2023-07-24 18:34:51 - INFO:] ======================================
[2023-07-24 18:37:20 - INFO:] epoch: 34/70
[2023-07-24 18:37:20 - INFO:] learning_rate: 0.0017
[2023-07-24 18:37:20 - INFO:] train_acc: 91.3907%, train_loss: 0.0013
[2023-07-24 18:37:20 - INFO:] test_acc: 91.3496%, test_loss: 0.0013
[2023-07-24 18:37:20 - INFO:] max_test_acc: 0.9141
[2023-07-24 18:37:20 - INFO:] max_lr: 0.0050, min_lr: 0.0000
[2023-07-24 18:37:20 - INFO:] ======================================
[2023-07-24 18:39:48 - INFO:] epoch: 35/70
[2023-07-24 18:39:48 - INFO:] learning_rate: 0.0025
[2023-07-24 18:39:48 - INFO:] train_acc: 91.3316%, train_loss: 0.0013
[2023-07-24 18:39:48 - INFO:] test_acc: 91.4018%, test_loss: 0.0013
[2023-07-24 18:39:48 - INFO:] max_test_acc: 0.9141
[2023-07-24 18:39:48 - INFO:] max_lr: 0.0050, min_lr: 0.0000
[2023-07-24 18:39:48 - INFO:] ======================================
[2023-07-24 18:42:17 - INFO:] epoch: 36/70
[2023-07-24 18:42:17 - INFO:] learning_rate: 0.0033
[2023-07-24 18:42:17 - INFO:] train_acc: 91.3707%, train_loss: 0.0013
[2023-07-24 18:42:17 - INFO:] test_acc: 91.3496%, test_loss: 0.0013
[2023-07-24 18:42:17 - INFO:] max_test_acc: 0.9141
[2023-07-24 18:42:17 - INFO:] max_lr: 0.0050, min_lr: 0.0000
[2023-07-24 18:42:17 - INFO:] ======================================
[2023-07-24 18:44:46 - INFO:] epoch: 37/70
[2023-07-24 18:44:46 - INFO:] learning_rate: 0.0040
[2023-07-24 18:44:46 - INFO:] train_acc: 91.3158%, train_loss: 0.0013
[2023-07-24 18:44:46 - INFO:] test_acc: 91.4062%, test_loss: 0.0013
[2023-07-24 18:44:46 - INFO:] max_test_acc: 0.9141
[2023-07-24 18:44:46 - INFO:] max_lr: 0.0050, min_lr: 0.0000
[2023-07-24 18:44:46 - INFO:] ======================================
[2023-07-24 18:47:15 - INFO:] epoch: 38/70
[2023-07-24 18:47:15 - INFO:] learning_rate: 0.0045
[2023-07-24 18:47:15 - INFO:] train_acc: 91.3580%, train_loss: 0.0013
[2023-07-24 18:47:15 - INFO:] test_acc: 91.3583%, test_loss: 0.0013
[2023-07-24 18:47:15 - INFO:] max_test_acc: 0.9141
[2023-07-24 18:47:15 - INFO:] max_lr: 0.0050, min_lr: 0.0000
[2023-07-24 18:47:15 - INFO:] ======================================
[2023-07-24 18:49:43 - INFO:] epoch: 39/70
[2023-07-24 18:49:43 - INFO:] learning_rate: 0.0049
[2023-07-24 18:49:43 - INFO:] train_acc: 91.3390%, train_loss: 0.0013
[2023-07-24 18:49:43 - INFO:] test_acc: 91.1580%, test_loss: 0.0013
[2023-07-24 18:49:43 - INFO:] max_test_acc: 0.9141
[2023-07-24 18:49:43 - INFO:] max_lr: 0.0050, min_lr: 0.0000
[2023-07-24 18:49:43 - INFO:] ======================================
[2023-07-24 18:52:12 - INFO:] epoch: 40/70
[2023-07-24 18:52:12 - INFO:] learning_rate: 0.0050
[2023-07-24 18:52:12 - INFO:] train_acc: 91.3147%, train_loss: 0.0013
[2023-07-24 18:52:12 - INFO:] test_acc: 91.2756%, test_loss: 0.0013
[2023-07-24 18:52:12 - INFO:] max_test_acc: 0.9141
[2023-07-24 18:52:12 - INFO:] max_lr: 0.0050, min_lr: 0.0000
[2023-07-24 18:52:12 - INFO:] ======================================
[2023-07-24 18:54:40 - INFO:] epoch: 41/70
[2023-07-24 18:54:40 - INFO:] learning_rate: 0.0049
[2023-07-24 18:54:40 - INFO:] train_acc: 91.3527%, train_loss: 0.0013
[2023-07-24 18:54:40 - INFO:] test_acc: 91.2973%, test_loss: 0.0013
[2023-07-24 18:54:40 - INFO:] max_test_acc: 0.9141
[2023-07-24 18:54:40 - INFO:] max_lr: 0.0050, min_lr: 0.0000
[2023-07-24 18:54:40 - INFO:] ======================================
[2023-07-24 18:57:09 - INFO:] epoch: 42/70
[2023-07-24 18:57:09 - INFO:] learning_rate: 0.0045
[2023-07-24 18:57:09 - INFO:] train_acc: 91.3538%, train_loss: 0.0013
[2023-07-24 18:57:09 - INFO:] test_acc: 91.2103%, test_loss: 0.0013
[2023-07-24 18:57:09 - INFO:] max_test_acc: 0.9141
[2023-07-24 18:57:09 - INFO:] max_lr: 0.0050, min_lr: 0.0000
[2023-07-24 18:57:09 - INFO:] ======================================
[2023-07-24 18:59:38 - INFO:] epoch: 43/70
[2023-07-24 18:59:38 - INFO:] learning_rate: 0.0040
[2023-07-24 18:59:38 - INFO:] train_acc: 91.3517%, train_loss: 0.0013
[2023-07-24 18:59:38 - INFO:] test_acc: 91.4758%, test_loss: 0.0013
[2023-07-24 18:59:38 - INFO:] max_test_acc: 0.9148
[2023-07-24 18:59:38 - INFO:] max_lr: 0.0050, min_lr: 0.0000
[2023-07-24 18:59:38 - INFO:] ======================================
[2023-07-24 19:02:07 - INFO:] epoch: 44/70
[2023-07-24 19:02:07 - INFO:] learning_rate: 0.0033
[2023-07-24 19:02:07 - INFO:] train_acc: 91.3686%, train_loss: 0.0013
[2023-07-24 19:02:07 - INFO:] test_acc: 91.4149%, test_loss: 0.0013
[2023-07-24 19:02:07 - INFO:] max_test_acc: 0.9148
[2023-07-24 19:02:07 - INFO:] max_lr: 0.0050, min_lr: 0.0000
[2023-07-24 19:02:07 - INFO:] ======================================
[2023-07-24 19:04:36 - INFO:] epoch: 45/70
[2023-07-24 19:04:36 - INFO:] learning_rate: 0.0025
[2023-07-24 19:04:36 - INFO:] train_acc: 91.3834%, train_loss: 0.0013
[2023-07-24 19:04:36 - INFO:] test_acc: 91.2016%, test_loss: 0.0013
[2023-07-24 19:04:36 - INFO:] max_test_acc: 0.9148
[2023-07-24 19:04:36 - INFO:] max_lr: 0.0050, min_lr: 0.0000
[2023-07-24 19:04:36 - INFO:] ======================================
[2023-07-24 19:07:04 - INFO:] epoch: 46/70
[2023-07-24 19:07:04 - INFO:] learning_rate: 0.0017
[2023-07-24 19:07:04 - INFO:] train_acc: 91.4013%, train_loss: 0.0013
[2023-07-24 19:07:04 - INFO:] test_acc: 91.4541%, test_loss: 0.0013
[2023-07-24 19:07:04 - INFO:] max_test_acc: 0.9148
[2023-07-24 19:07:04 - INFO:] max_lr: 0.0050, min_lr: 0.0000
[2023-07-24 19:07:04 - INFO:] ======================================
[2023-07-24 19:09:33 - INFO:] epoch: 47/70
[2023-07-24 19:09:33 - INFO:] learning_rate: 0.0010
[2023-07-24 19:09:33 - INFO:] train_acc: 91.4034%, train_loss: 0.0013
[2023-07-24 19:09:33 - INFO:] test_acc: 91.4062%, test_loss: 0.0013
[2023-07-24 19:09:33 - INFO:] max_test_acc: 0.9148
[2023-07-24 19:09:33 - INFO:] max_lr: 0.0050, min_lr: 0.0000
[2023-07-24 19:09:33 - INFO:] ======================================
[2023-07-24 19:12:02 - INFO:] epoch: 48/70
[2023-07-24 19:12:02 - INFO:] learning_rate: 0.0005
[2023-07-24 19:12:02 - INFO:] train_acc: 91.4340%, train_loss: 0.0013
[2023-07-24 19:12:02 - INFO:] test_acc: 91.3583%, test_loss: 0.0013
[2023-07-24 19:12:02 - INFO:] max_test_acc: 0.9148
[2023-07-24 19:12:02 - INFO:] max_lr: 0.0050, min_lr: 0.0000
[2023-07-24 19:12:02 - INFO:] ======================================
[2023-07-24 19:14:31 - INFO:] epoch: 49/70
[2023-07-24 19:14:31 - INFO:] learning_rate: 0.0001
[2023-07-24 19:14:31 - INFO:] train_acc: 91.4604%, train_loss: 0.0013
[2023-07-24 19:14:31 - INFO:] test_acc: 91.4933%, test_loss: 0.0013
[2023-07-24 19:14:31 - INFO:] max_test_acc: 0.9149
[2023-07-24 19:14:31 - INFO:] max_lr: 0.0050, min_lr: 0.0000
[2023-07-24 19:14:31 - INFO:] ======================================
[2023-07-24 19:16:59 - INFO:] epoch: 50/70
[2023-07-24 19:16:59 - INFO:] learning_rate: 0.0000
[2023-07-24 19:16:59 - INFO:] train_acc: 91.4615%, train_loss: 0.0013
[2023-07-24 19:16:59 - INFO:] test_acc: 91.5107%, test_loss: 0.0013
[2023-07-24 19:16:59 - INFO:] max_test_acc: 0.9151
[2023-07-24 19:16:59 - INFO:] max_lr: 0.0050, min_lr: 0.0000
[2023-07-24 19:16:59 - INFO:] ======================================
[2023-07-24 19:19:28 - INFO:] epoch: 51/70
[2023-07-24 19:19:28 - INFO:] learning_rate: 0.0001
[2023-07-24 19:19:28 - INFO:] train_acc: 91.4161%, train_loss: 0.0013
[2023-07-24 19:19:28 - INFO:] test_acc: 91.4715%, test_loss: 0.0013
[2023-07-24 19:19:28 - INFO:] max_test_acc: 0.9151
[2023-07-24 19:19:28 - INFO:] max_lr: 0.0050, min_lr: 0.0000
[2023-07-24 19:19:28 - INFO:] ======================================
[2023-07-24 19:21:57 - INFO:] epoch: 52/70
[2023-07-24 19:21:57 - INFO:] learning_rate: 0.0005
[2023-07-24 19:21:57 - INFO:] train_acc: 91.4298%, train_loss: 0.0013
[2023-07-24 19:21:57 - INFO:] test_acc: 91.5194%, test_loss: 0.0013
[2023-07-24 19:21:57 - INFO:] max_test_acc: 0.9152
[2023-07-24 19:21:57 - INFO:] max_lr: 0.0050, min_lr: 0.0000
[2023-07-24 19:21:57 - INFO:] ======================================
[2023-07-24 19:24:26 - INFO:] epoch: 53/70
[2023-07-24 19:24:26 - INFO:] learning_rate: 0.0010
[2023-07-24 19:24:26 - INFO:] train_acc: 91.4076%, train_loss: 0.0013
[2023-07-24 19:24:26 - INFO:] test_acc: 91.3409%, test_loss: 0.0013
[2023-07-24 19:24:26 - INFO:] max_test_acc: 0.9152
[2023-07-24 19:24:26 - INFO:] max_lr: 0.0050, min_lr: 0.0000
[2023-07-24 19:24:26 - INFO:] ======================================
[2023-07-24 19:26:54 - INFO:] epoch: 54/70
[2023-07-24 19:26:54 - INFO:] learning_rate: 0.0017
[2023-07-24 19:26:54 - INFO:] train_acc: 91.4393%, train_loss: 0.0013
[2023-07-24 19:26:54 - INFO:] test_acc: 91.4584%, test_loss: 0.0013
[2023-07-24 19:26:54 - INFO:] max_test_acc: 0.9152
[2023-07-24 19:26:54 - INFO:] max_lr: 0.0050, min_lr: 0.0000
[2023-07-24 19:26:54 - INFO:] ======================================
[2023-07-24 19:29:22 - INFO:] epoch: 55/70
[2023-07-24 19:29:22 - INFO:] learning_rate: 0.0025
[2023-07-24 19:29:22 - INFO:] train_acc: 91.4361%, train_loss: 0.0013
[2023-07-24 19:29:22 - INFO:] test_acc: 91.3844%, test_loss: 0.0013
[2023-07-24 19:29:22 - INFO:] max_test_acc: 0.9152
[2023-07-24 19:29:22 - INFO:] max_lr: 0.0050, min_lr: 0.0000
[2023-07-24 19:29:22 - INFO:] ======================================
[2023-07-24 19:31:51 - INFO:] epoch: 56/70
[2023-07-24 19:31:51 - INFO:] learning_rate: 0.0033
[2023-07-24 19:31:51 - INFO:] train_acc: 91.3971%, train_loss: 0.0013
[2023-07-24 19:31:51 - INFO:] test_acc: 91.4497%, test_loss: 0.0013
[2023-07-24 19:31:51 - INFO:] max_test_acc: 0.9152
[2023-07-24 19:31:51 - INFO:] max_lr: 0.0050, min_lr: 0.0000
[2023-07-24 19:31:51 - INFO:] ======================================
[2023-07-24 19:34:20 - INFO:] epoch: 57/70
[2023-07-24 19:34:20 - INFO:] learning_rate: 0.0040
[2023-07-24 19:34:20 - INFO:] train_acc: 91.3886%, train_loss: 0.0013
[2023-07-24 19:34:20 - INFO:] test_acc: 91.5063%, test_loss: 0.0013
[2023-07-24 19:34:20 - INFO:] max_test_acc: 0.9152
[2023-07-24 19:34:20 - INFO:] max_lr: 0.0050, min_lr: 0.0000
[2023-07-24 19:34:20 - INFO:] ======================================
[2023-07-24 19:36:48 - INFO:] epoch: 58/70
[2023-07-24 19:36:48 - INFO:] learning_rate: 0.0045
[2023-07-24 19:36:48 - INFO:] train_acc: 91.4013%, train_loss: 0.0013
[2023-07-24 19:36:48 - INFO:] test_acc: 91.5107%, test_loss: 0.0013
[2023-07-24 19:36:48 - INFO:] max_test_acc: 0.9152
[2023-07-24 19:36:48 - INFO:] max_lr: 0.0050, min_lr: 0.0000
[2023-07-24 19:36:48 - INFO:] ======================================
[2023-07-24 19:39:17 - INFO:] epoch: 59/70
[2023-07-24 19:39:17 - INFO:] learning_rate: 0.0049
[2023-07-24 19:39:17 - INFO:] train_acc: 91.4119%, train_loss: 0.0013
[2023-07-24 19:39:18 - INFO:] test_acc: 91.3235%, test_loss: 0.0013
[2023-07-24 19:39:18 - INFO:] max_test_acc: 0.9152
[2023-07-24 19:39:18 - INFO:] max_lr: 0.0050, min_lr: 0.0000
[2023-07-24 19:39:18 - INFO:] ======================================
[2023-07-24 19:41:46 - INFO:] epoch: 60/70
[2023-07-24 19:41:46 - INFO:] learning_rate: 0.0050
[2023-07-24 19:41:46 - INFO:] train_acc: 91.3929%, train_loss: 0.0013
[2023-07-24 19:41:46 - INFO:] test_acc: 91.4323%, test_loss: 0.0013
[2023-07-24 19:41:46 - INFO:] max_test_acc: 0.9152
[2023-07-24 19:41:46 - INFO:] max_lr: 0.0050, min_lr: 0.0000
[2023-07-24 19:41:46 - INFO:] ======================================
[2023-07-24 19:44:15 - INFO:] epoch: 61/70
[2023-07-24 19:44:15 - INFO:] learning_rate: 0.0049
[2023-07-24 19:44:15 - INFO:] train_acc: 91.4087%, train_loss: 0.0013
[2023-07-24 19:44:15 - INFO:] test_acc: 91.5368%, test_loss: 0.0013
[2023-07-24 19:44:15 - INFO:] max_test_acc: 0.9154
[2023-07-24 19:44:15 - INFO:] max_lr: 0.0050, min_lr: 0.0000
[2023-07-24 19:44:15 - INFO:] ======================================
[2023-07-24 19:46:44 - INFO:] epoch: 62/70
[2023-07-24 19:46:44 - INFO:] learning_rate: 0.0045
[2023-07-24 19:46:44 - INFO:] train_acc: 91.3812%, train_loss: 0.0013
[2023-07-24 19:46:44 - INFO:] test_acc: 91.4671%, test_loss: 0.0013
[2023-07-24 19:46:44 - INFO:] max_test_acc: 0.9154
[2023-07-24 19:46:44 - INFO:] max_lr: 0.0050, min_lr: 0.0000
[2023-07-24 19:46:44 - INFO:] ======================================
[2023-07-24 19:49:12 - INFO:] epoch: 63/70
[2023-07-24 19:49:12 - INFO:] learning_rate: 0.0040
[2023-07-24 19:49:12 - INFO:] train_acc: 91.4076%, train_loss: 0.0013
[2023-07-24 19:49:12 - INFO:] test_acc: 91.5498%, test_loss: 0.0013
[2023-07-24 19:49:12 - INFO:] max_test_acc: 0.9155
[2023-07-24 19:49:12 - INFO:] max_lr: 0.0050, min_lr: 0.0000
[2023-07-24 19:49:12 - INFO:] ======================================
[2023-07-24 19:51:41 - INFO:] epoch: 64/70
[2023-07-24 19:51:41 - INFO:] learning_rate: 0.0033
[2023-07-24 19:51:41 - INFO:] train_acc: 91.4425%, train_loss: 0.0013
[2023-07-24 19:51:41 - INFO:] test_acc: 91.4976%, test_loss: 0.0013
[2023-07-24 19:51:41 - INFO:] max_test_acc: 0.9155
[2023-07-24 19:51:41 - INFO:] max_lr: 0.0050, min_lr: 0.0000
[2023-07-24 19:51:41 - INFO:] ======================================
[2023-07-24 19:54:10 - INFO:] epoch: 65/70
[2023-07-24 19:54:10 - INFO:] learning_rate: 0.0025
[2023-07-24 19:54:10 - INFO:] train_acc: 91.3992%, train_loss: 0.0013
[2023-07-24 19:54:10 - INFO:] test_acc: 91.4889%, test_loss: 0.0013
[2023-07-24 19:54:10 - INFO:] max_test_acc: 0.9155
[2023-07-24 19:54:10 - INFO:] max_lr: 0.0050, min_lr: 0.0000
[2023-07-24 19:54:10 - INFO:] ======================================
[2023-07-24 19:56:39 - INFO:] epoch: 66/70
[2023-07-24 19:56:39 - INFO:] learning_rate: 0.0017
[2023-07-24 19:56:39 - INFO:] train_acc: 91.4309%, train_loss: 0.0013
[2023-07-24 19:56:39 - INFO:] test_acc: 91.5020%, test_loss: 0.0013
[2023-07-24 19:56:39 - INFO:] max_test_acc: 0.9155
[2023-07-24 19:56:39 - INFO:] max_lr: 0.0050, min_lr: 0.0000
[2023-07-24 19:56:39 - INFO:] ======================================
[2023-07-24 19:59:07 - INFO:] epoch: 67/70
[2023-07-24 19:59:07 - INFO:] learning_rate: 0.0010
[2023-07-24 19:59:07 - INFO:] train_acc: 91.4467%, train_loss: 0.0013
[2023-07-24 19:59:07 - INFO:] test_acc: 91.5194%, test_loss: 0.0013
[2023-07-24 19:59:07 - INFO:] max_test_acc: 0.9155
[2023-07-24 19:59:07 - INFO:] max_lr: 0.0050, min_lr: 0.0000
[2023-07-24 19:59:07 - INFO:] ======================================
[2023-07-24 20:01:36 - INFO:] epoch: 68/70
[2023-07-24 20:01:36 - INFO:] learning_rate: 0.0005
[2023-07-24 20:01:36 - INFO:] train_acc: 91.4858%, train_loss: 0.0013
[2023-07-24 20:01:36 - INFO:] test_acc: 91.5847%, test_loss: 0.0013
[2023-07-24 20:01:36 - INFO:] max_test_acc: 0.9158
[2023-07-24 20:01:36 - INFO:] max_lr: 0.0050, min_lr: 0.0000
[2023-07-24 20:01:36 - INFO:] ======================================
[2023-07-24 20:04:05 - INFO:] epoch: 69/70
[2023-07-24 20:04:05 - INFO:] learning_rate: 0.0001
[2023-07-24 20:04:05 - INFO:] train_acc: 91.4414%, train_loss: 0.0013
[2023-07-24 20:04:05 - INFO:] test_acc: 91.5194%, test_loss: 0.0013
[2023-07-24 20:04:05 - INFO:] max_test_acc: 0.9158
[2023-07-24 20:04:05 - INFO:] max_lr: 0.0050, min_lr: 0.0000
[2023-07-24 20:04:05 - INFO:] ======================================
[2023-07-24 20:06:33 - INFO:] epoch: 70/70
[2023-07-24 20:06:33 - INFO:] learning_rate: 0.0000
[2023-07-24 20:06:33 - INFO:] train_acc: 91.5101%, train_loss: 0.0013
[2023-07-24 20:06:33 - INFO:] test_acc: 91.5150%, test_loss: 0.0013
[2023-07-24 20:06:33 - INFO:] max_test_acc: 0.9158
[2023-07-24 20:06:33 - INFO:] max_lr: 0.0050, min_lr: 0.0000
[2023-07-24 20:06:33 - INFO:] ======================================
