[2023-08-07 15:07:50 - INFO:] # train_batch_size = 128
[2023-08-07 15:07:50 - INFO:] # test_batch_size = 128
[2023-08-07 15:07:50 - INFO:] # learning_rate = 0.001
[2023-08-07 15:07:50 - INFO:] # num_epochs = 100
[2023-08-07 15:07:50 - INFO:] # padding_size = 7500
[2023-08-07 15:07:50 - INFO:] ----------------------------------------------------
[2023-08-07 15:09:42 - INFO:] epoch: 0
[2023-08-07 15:09:42 - INFO:] train_loss: 0.517
[2023-08-07 15:09:42 - INFO:] test_acc: 77.710%  test_loss: 0.004
[2023-08-07 15:09:42 - INFO:] =========================================
[2023-08-07 15:11:30 - INFO:] epoch: 1
[2023-08-07 15:11:30 - INFO:] train_loss: 0.533
[2023-08-07 15:11:30 - INFO:] test_acc: 77.716%  test_loss: 0.004
[2023-08-07 15:11:30 - INFO:] =========================================
[2023-08-07 15:13:18 - INFO:] epoch: 2
[2023-08-07 15:13:18 - INFO:] train_loss: 0.532
[2023-08-07 15:13:18 - INFO:] test_acc: 77.710%  test_loss: 0.004
[2023-08-07 15:13:18 - INFO:] =========================================
[2023-08-07 15:15:06 - INFO:] epoch: 3
[2023-08-07 15:15:06 - INFO:] train_loss: 0.501
[2023-08-07 15:15:06 - INFO:] test_acc: 77.744%  test_loss: 0.004
[2023-08-07 15:15:06 - INFO:] =========================================
[2023-08-07 15:16:54 - INFO:] epoch: 4
[2023-08-07 15:16:54 - INFO:] train_loss: 0.509
[2023-08-07 15:16:54 - INFO:] test_acc: 77.744%  test_loss: 0.004
[2023-08-07 15:16:54 - INFO:] =========================================
[2023-08-07 15:18:42 - INFO:] epoch: 5
[2023-08-07 15:18:42 - INFO:] train_loss: 0.555
[2023-08-07 15:18:42 - INFO:] test_acc: 77.727%  test_loss: 0.004
[2023-08-07 15:18:42 - INFO:] =========================================
[2023-08-07 15:20:30 - INFO:] epoch: 6
[2023-08-07 15:20:30 - INFO:] train_loss: 0.477
[2023-08-07 15:20:30 - INFO:] test_acc: 77.722%  test_loss: 0.004
[2023-08-07 15:20:30 - INFO:] =========================================
[2023-08-07 15:22:18 - INFO:] epoch: 7
[2023-08-07 15:22:18 - INFO:] train_loss: 0.470
[2023-08-07 15:22:18 - INFO:] test_acc: 77.722%  test_loss: 0.004
[2023-08-07 15:22:18 - INFO:] =========================================
[2023-08-07 15:24:07 - INFO:] epoch: 8
[2023-08-07 15:24:07 - INFO:] train_loss: 0.540
[2023-08-07 15:24:07 - INFO:] test_acc: 77.716%  test_loss: 0.004
[2023-08-07 15:24:07 - INFO:] =========================================
[2023-08-07 15:25:54 - INFO:] epoch: 9
[2023-08-07 15:25:54 - INFO:] train_loss: 0.516
[2023-08-07 15:25:54 - INFO:] test_acc: 77.738%  test_loss: 0.004
[2023-08-07 15:25:54 - INFO:] =========================================
[2023-08-07 15:27:43 - INFO:] epoch: 10
[2023-08-07 15:27:43 - INFO:] train_loss: 0.563
[2023-08-07 15:27:43 - INFO:] test_acc: 77.710%  test_loss: 0.004
[2023-08-07 15:27:43 - INFO:] =========================================
[2023-08-07 15:29:31 - INFO:] epoch: 11
[2023-08-07 15:29:31 - INFO:] train_loss: 0.485
[2023-08-07 15:29:31 - INFO:] test_acc: 77.738%  test_loss: 0.004
[2023-08-07 15:29:31 - INFO:] =========================================
[2023-08-07 15:31:19 - INFO:] epoch: 12
[2023-08-07 15:31:19 - INFO:] train_loss: 0.430
[2023-08-07 15:31:19 - INFO:] test_acc: 77.710%  test_loss: 0.004
[2023-08-07 15:31:19 - INFO:] =========================================
[2023-08-07 15:33:07 - INFO:] epoch: 13
[2023-08-07 15:33:07 - INFO:] train_loss: 0.516
[2023-08-07 15:33:07 - INFO:] test_acc: 77.761%  test_loss: 0.004
[2023-08-07 15:33:07 - INFO:] =========================================
[2023-08-07 15:34:55 - INFO:] epoch: 14
[2023-08-07 15:34:55 - INFO:] train_loss: 0.532
[2023-08-07 15:34:55 - INFO:] test_acc: 77.733%  test_loss: 0.004
[2023-08-07 15:34:55 - INFO:] =========================================
[2023-08-07 15:36:43 - INFO:] epoch: 15
[2023-08-07 15:36:43 - INFO:] train_loss: 0.555
[2023-08-07 15:36:43 - INFO:] test_acc: 77.733%  test_loss: 0.004
[2023-08-07 15:36:43 - INFO:] =========================================
[2023-08-07 15:38:31 - INFO:] epoch: 16
[2023-08-07 15:38:31 - INFO:] train_loss: 0.548
[2023-08-07 15:38:31 - INFO:] test_acc: 77.727%  test_loss: 0.004
[2023-08-07 15:38:31 - INFO:] =========================================
[2023-08-07 15:40:19 - INFO:] epoch: 17
[2023-08-07 15:40:19 - INFO:] train_loss: 0.474
[2023-08-07 15:40:19 - INFO:] test_acc: 77.716%  test_loss: 0.004
[2023-08-07 15:40:19 - INFO:] =========================================
[2023-08-07 15:42:07 - INFO:] epoch: 18
[2023-08-07 15:42:07 - INFO:] train_loss: 0.482
[2023-08-07 15:42:07 - INFO:] test_acc: 77.733%  test_loss: 0.004
[2023-08-07 15:42:07 - INFO:] =========================================
[2023-08-07 15:43:55 - INFO:] epoch: 19
[2023-08-07 15:43:55 - INFO:] train_loss: 0.464
[2023-08-07 15:43:55 - INFO:] test_acc: 77.716%  test_loss: 0.004
[2023-08-07 15:43:55 - INFO:] =========================================
[2023-08-07 15:45:43 - INFO:] epoch: 20
[2023-08-07 15:45:43 - INFO:] train_loss: 0.524
[2023-08-07 15:45:43 - INFO:] test_acc: 77.750%  test_loss: 0.004
[2023-08-07 15:45:43 - INFO:] =========================================
[2023-08-07 15:47:31 - INFO:] epoch: 21
[2023-08-07 15:47:31 - INFO:] train_loss: 0.492
[2023-08-07 15:47:31 - INFO:] test_acc: 77.727%  test_loss: 0.004
[2023-08-07 15:47:31 - INFO:] =========================================
[2023-08-07 15:49:19 - INFO:] epoch: 22
[2023-08-07 15:49:19 - INFO:] train_loss: 0.458
[2023-08-07 15:49:19 - INFO:] test_acc: 77.761%  test_loss: 0.004
[2023-08-07 15:49:19 - INFO:] =========================================
[2023-08-07 15:51:07 - INFO:] epoch: 23
[2023-08-07 15:51:07 - INFO:] train_loss: 0.445
[2023-08-07 15:51:07 - INFO:] test_acc: 77.722%  test_loss: 0.004
[2023-08-07 15:51:07 - INFO:] =========================================
[2023-08-07 15:52:55 - INFO:] epoch: 24
[2023-08-07 15:52:55 - INFO:] train_loss: 0.406
[2023-08-07 15:52:55 - INFO:] test_acc: 77.744%  test_loss: 0.004
[2023-08-07 15:52:55 - INFO:] =========================================
[2023-08-07 15:54:43 - INFO:] epoch: 25
[2023-08-07 15:54:43 - INFO:] train_loss: 0.562
[2023-08-07 15:54:43 - INFO:] test_acc: 77.733%  test_loss: 0.004
[2023-08-07 15:54:43 - INFO:] =========================================
[2023-08-07 15:56:31 - INFO:] epoch: 26
[2023-08-07 15:56:31 - INFO:] train_loss: 0.535
[2023-08-07 15:56:31 - INFO:] test_acc: 77.722%  test_loss: 0.004
[2023-08-07 15:56:31 - INFO:] =========================================
[2023-08-07 15:58:19 - INFO:] epoch: 27
[2023-08-07 15:58:19 - INFO:] train_loss: 0.512
[2023-08-07 15:58:19 - INFO:] test_acc: 77.761%  test_loss: 0.004
[2023-08-07 15:58:19 - INFO:] =========================================
[2023-08-07 16:00:07 - INFO:] epoch: 28
[2023-08-07 16:00:07 - INFO:] train_loss: 0.497
[2023-08-07 16:00:07 - INFO:] test_acc: 77.738%  test_loss: 0.004
[2023-08-07 16:00:07 - INFO:] =========================================
[2023-08-07 16:01:55 - INFO:] epoch: 29
[2023-08-07 16:01:55 - INFO:] train_loss: 0.495
[2023-08-07 16:01:55 - INFO:] test_acc: 77.778%  test_loss: 0.004
[2023-08-07 16:01:55 - INFO:] =========================================
[2023-08-07 16:03:43 - INFO:] epoch: 30
[2023-08-07 16:03:43 - INFO:] train_loss: 0.454
[2023-08-07 16:03:43 - INFO:] test_acc: 77.772%  test_loss: 0.004
[2023-08-07 16:03:43 - INFO:] =========================================
[2023-08-07 16:05:32 - INFO:] epoch: 31
[2023-08-07 16:05:32 - INFO:] train_loss: 0.513
[2023-08-07 16:05:32 - INFO:] test_acc: 77.750%  test_loss: 0.004
[2023-08-07 16:05:32 - INFO:] =========================================
[2023-08-07 16:07:20 - INFO:] epoch: 32
[2023-08-07 16:07:20 - INFO:] train_loss: 0.477
[2023-08-07 16:07:20 - INFO:] test_acc: 77.733%  test_loss: 0.004
[2023-08-07 16:07:20 - INFO:] =========================================
[2023-08-07 16:09:08 - INFO:] epoch: 33
[2023-08-07 16:09:08 - INFO:] train_loss: 0.533
[2023-08-07 16:09:08 - INFO:] test_acc: 77.755%  test_loss: 0.004
[2023-08-07 16:09:08 - INFO:] =========================================
[2023-08-07 16:10:56 - INFO:] epoch: 34
[2023-08-07 16:10:56 - INFO:] train_loss: 0.475
[2023-08-07 16:10:56 - INFO:] test_acc: 77.755%  test_loss: 0.004
[2023-08-07 16:10:56 - INFO:] =========================================
[2023-08-07 16:12:44 - INFO:] epoch: 35
[2023-08-07 16:12:44 - INFO:] train_loss: 0.482
[2023-08-07 16:12:44 - INFO:] test_acc: 77.772%  test_loss: 0.004
[2023-08-07 16:12:44 - INFO:] =========================================
[2023-08-07 16:14:32 - INFO:] epoch: 36
[2023-08-07 16:14:32 - INFO:] train_loss: 0.487
[2023-08-07 16:14:32 - INFO:] test_acc: 77.783%  test_loss: 0.004
[2023-08-07 16:14:32 - INFO:] =========================================
[2023-08-07 16:16:19 - INFO:] epoch: 37
[2023-08-07 16:16:19 - INFO:] train_loss: 0.491
[2023-08-07 16:16:19 - INFO:] test_acc: 77.783%  test_loss: 0.004
[2023-08-07 16:16:19 - INFO:] =========================================
[2023-08-07 16:18:07 - INFO:] epoch: 38
[2023-08-07 16:18:07 - INFO:] train_loss: 0.462
[2023-08-07 16:18:07 - INFO:] test_acc: 77.811%  test_loss: 0.004
[2023-08-07 16:18:07 - INFO:] =========================================
[2023-08-07 16:19:55 - INFO:] epoch: 39
[2023-08-07 16:19:55 - INFO:] train_loss: 0.559
[2023-08-07 16:19:55 - INFO:] test_acc: 77.800%  test_loss: 0.004
[2023-08-07 16:19:55 - INFO:] =========================================
[2023-08-07 16:21:43 - INFO:] epoch: 40
[2023-08-07 16:21:43 - INFO:] train_loss: 0.446
[2023-08-07 16:21:43 - INFO:] test_acc: 77.840%  test_loss: 0.004
[2023-08-07 16:21:43 - INFO:] =========================================
[2023-08-07 16:23:31 - INFO:] epoch: 41
[2023-08-07 16:23:31 - INFO:] train_loss: 0.492
[2023-08-07 16:23:31 - INFO:] test_acc: 77.817%  test_loss: 0.004
[2023-08-07 16:23:31 - INFO:] =========================================
[2023-08-07 16:25:19 - INFO:] epoch: 42
[2023-08-07 16:25:19 - INFO:] train_loss: 0.491
[2023-08-07 16:25:19 - INFO:] test_acc: 77.907%  test_loss: 0.004
[2023-08-07 16:25:19 - INFO:] =========================================
[2023-08-07 16:27:07 - INFO:] epoch: 43
[2023-08-07 16:27:07 - INFO:] train_loss: 0.481
[2023-08-07 16:27:07 - INFO:] test_acc: 78.025%  test_loss: 0.004
[2023-08-07 16:27:07 - INFO:] =========================================
[2023-08-07 16:28:55 - INFO:] epoch: 44
[2023-08-07 16:28:55 - INFO:] train_loss: 0.544
[2023-08-07 16:28:55 - INFO:] test_acc: 83.288%  test_loss: 0.004
[2023-08-07 16:28:55 - INFO:] =========================================
[2023-08-07 16:30:43 - INFO:] epoch: 45
[2023-08-07 16:30:43 - INFO:] train_loss: 0.461
[2023-08-07 16:30:43 - INFO:] test_acc: 83.204%  test_loss: 0.004
[2023-08-07 16:30:43 - INFO:] =========================================
[2023-08-07 16:32:31 - INFO:] epoch: 46
[2023-08-07 16:32:31 - INFO:] train_loss: 0.418
[2023-08-07 16:32:31 - INFO:] test_acc: 83.429%  test_loss: 0.004
[2023-08-07 16:32:31 - INFO:] =========================================
[2023-08-07 16:34:19 - INFO:] epoch: 47
[2023-08-07 16:34:19 - INFO:] train_loss: 0.504
[2023-08-07 16:34:19 - INFO:] test_acc: 83.401%  test_loss: 0.004
[2023-08-07 16:34:19 - INFO:] =========================================
[2023-08-07 16:36:07 - INFO:] epoch: 48
[2023-08-07 16:36:07 - INFO:] train_loss: 0.507
[2023-08-07 16:36:07 - INFO:] test_acc: 83.474%  test_loss: 0.004
[2023-08-07 16:36:07 - INFO:] =========================================
[2023-08-07 16:37:55 - INFO:] epoch: 49
[2023-08-07 16:37:55 - INFO:] train_loss: 0.498
[2023-08-07 16:37:55 - INFO:] test_acc: 83.603%  test_loss: 0.004
[2023-08-07 16:37:55 - INFO:] =========================================
[2023-08-07 16:39:44 - INFO:] epoch: 50
[2023-08-07 16:39:44 - INFO:] train_loss: 0.461
[2023-08-07 16:39:44 - INFO:] test_acc: 83.479%  test_loss: 0.004
[2023-08-07 16:39:44 - INFO:] =========================================
[2023-08-07 16:41:32 - INFO:] epoch: 51
[2023-08-07 16:41:32 - INFO:] train_loss: 0.462
[2023-08-07 16:41:32 - INFO:] test_acc: 83.412%  test_loss: 0.004
[2023-08-07 16:41:32 - INFO:] =========================================
[2023-08-07 16:43:20 - INFO:] epoch: 52
[2023-08-07 16:43:20 - INFO:] train_loss: 0.473
[2023-08-07 16:43:20 - INFO:] test_acc: 83.502%  test_loss: 0.004
[2023-08-07 16:43:20 - INFO:] =========================================
[2023-08-07 16:45:08 - INFO:] epoch: 53
[2023-08-07 16:45:08 - INFO:] train_loss: 0.434
[2023-08-07 16:45:08 - INFO:] test_acc: 83.676%  test_loss: 0.004
[2023-08-07 16:45:08 - INFO:] =========================================
[2023-08-07 16:46:56 - INFO:] epoch: 54
[2023-08-07 16:46:56 - INFO:] train_loss: 0.418
[2023-08-07 16:46:56 - INFO:] test_acc: 83.361%  test_loss: 0.004
[2023-08-07 16:46:56 - INFO:] =========================================
[2023-08-07 16:48:44 - INFO:] epoch: 55
[2023-08-07 16:48:44 - INFO:] train_loss: 0.442
[2023-08-07 16:48:44 - INFO:] test_acc: 83.614%  test_loss: 0.004
[2023-08-07 16:48:44 - INFO:] =========================================
[2023-08-07 16:50:32 - INFO:] epoch: 56
[2023-08-07 16:50:32 - INFO:] train_loss: 0.524
[2023-08-07 16:50:32 - INFO:] test_acc: 83.704%  test_loss: 0.004
[2023-08-07 16:50:32 - INFO:] =========================================
[2023-08-07 16:52:20 - INFO:] epoch: 57
[2023-08-07 16:52:20 - INFO:] train_loss: 0.438
[2023-08-07 16:52:20 - INFO:] test_acc: 83.732%  test_loss: 0.004
[2023-08-07 16:52:20 - INFO:] =========================================
[2023-08-07 16:54:08 - INFO:] epoch: 58
[2023-08-07 16:54:08 - INFO:] train_loss: 0.484
[2023-08-07 16:54:08 - INFO:] test_acc: 83.490%  test_loss: 0.004
[2023-08-07 16:54:08 - INFO:] =========================================
[2023-08-07 16:55:56 - INFO:] epoch: 59
[2023-08-07 16:55:56 - INFO:] train_loss: 0.472
[2023-08-07 16:55:56 - INFO:] test_acc: 83.563%  test_loss: 0.004
[2023-08-07 16:55:56 - INFO:] =========================================
[2023-08-07 16:57:44 - INFO:] epoch: 60
[2023-08-07 16:57:44 - INFO:] train_loss: 0.482
[2023-08-07 16:57:44 - INFO:] test_acc: 83.895%  test_loss: 0.004
[2023-08-07 16:57:44 - INFO:] =========================================
[2023-08-07 16:59:31 - INFO:] epoch: 61
[2023-08-07 16:59:31 - INFO:] train_loss: 0.433
[2023-08-07 16:59:31 - INFO:] test_acc: 83.749%  test_loss: 0.004
[2023-08-07 16:59:31 - INFO:] =========================================
[2023-08-07 17:01:19 - INFO:] epoch: 62
[2023-08-07 17:01:19 - INFO:] train_loss: 0.435
[2023-08-07 17:01:19 - INFO:] test_acc: 83.631%  test_loss: 0.004
[2023-08-07 17:01:19 - INFO:] =========================================
[2023-08-07 17:03:07 - INFO:] epoch: 63
[2023-08-07 17:03:07 - INFO:] train_loss: 0.418
[2023-08-07 17:03:07 - INFO:] test_acc: 83.765%  test_loss: 0.004
[2023-08-07 17:03:07 - INFO:] =========================================
[2023-08-07 17:04:55 - INFO:] epoch: 64
[2023-08-07 17:04:55 - INFO:] train_loss: 0.459
[2023-08-07 17:04:55 - INFO:] test_acc: 83.816%  test_loss: 0.004
[2023-08-07 17:04:55 - INFO:] =========================================
[2023-08-07 17:06:47 - INFO:] epoch: 65
[2023-08-07 17:06:47 - INFO:] train_loss: 0.419
[2023-08-07 17:06:47 - INFO:] test_acc: 83.782%  test_loss: 0.004
[2023-08-07 17:06:47 - INFO:] =========================================
[2023-08-07 17:08:38 - INFO:] epoch: 66
[2023-08-07 17:08:38 - INFO:] train_loss: 0.442
[2023-08-07 17:08:38 - INFO:] test_acc: 83.861%  test_loss: 0.004
[2023-08-07 17:08:38 - INFO:] =========================================
[2023-08-07 17:10:29 - INFO:] epoch: 67
[2023-08-07 17:10:29 - INFO:] train_loss: 0.502
[2023-08-07 17:10:29 - INFO:] test_acc: 83.827%  test_loss: 0.004
[2023-08-07 17:10:29 - INFO:] =========================================
[2023-08-07 17:12:21 - INFO:] epoch: 68
[2023-08-07 17:12:21 - INFO:] train_loss: 0.470
[2023-08-07 17:12:21 - INFO:] test_acc: 83.861%  test_loss: 0.004
[2023-08-07 17:12:21 - INFO:] =========================================
[2023-08-07 17:14:12 - INFO:] epoch: 69
[2023-08-07 17:14:12 - INFO:] train_loss: 0.480
[2023-08-07 17:14:12 - INFO:] test_acc: 83.967%  test_loss: 0.004
[2023-08-07 17:14:12 - INFO:] =========================================
[2023-08-07 17:16:04 - INFO:] epoch: 70
[2023-08-07 17:16:04 - INFO:] train_loss: 0.433
[2023-08-07 17:16:04 - INFO:] test_acc: 83.765%  test_loss: 0.004
[2023-08-07 17:16:04 - INFO:] =========================================
[2023-08-07 17:17:52 - INFO:] epoch: 71
[2023-08-07 17:17:52 - INFO:] train_loss: 0.438
[2023-08-07 17:17:52 - INFO:] test_acc: 83.900%  test_loss: 0.004
[2023-08-07 17:17:52 - INFO:] =========================================
[2023-08-07 17:19:41 - INFO:] epoch: 72
[2023-08-07 17:19:41 - INFO:] train_loss: 0.440
[2023-08-07 17:19:41 - INFO:] test_acc: 83.911%  test_loss: 0.004
[2023-08-07 17:19:41 - INFO:] =========================================
[2023-08-07 17:21:29 - INFO:] epoch: 73
[2023-08-07 17:21:29 - INFO:] train_loss: 0.490
[2023-08-07 17:21:29 - INFO:] test_acc: 83.878%  test_loss: 0.004
[2023-08-07 17:21:29 - INFO:] =========================================
[2023-08-07 17:23:17 - INFO:] epoch: 74
[2023-08-07 17:23:17 - INFO:] train_loss: 0.415
[2023-08-07 17:23:17 - INFO:] test_acc: 83.973%  test_loss: 0.004
[2023-08-07 17:23:17 - INFO:] =========================================
[2023-08-07 17:25:05 - INFO:] epoch: 75
[2023-08-07 17:25:05 - INFO:] train_loss: 0.435
[2023-08-07 17:25:05 - INFO:] test_acc: 83.996%  test_loss: 0.004
[2023-08-07 17:25:05 - INFO:] =========================================
[2023-08-07 17:26:53 - INFO:] epoch: 76
[2023-08-07 17:26:53 - INFO:] train_loss: 0.450
[2023-08-07 17:26:53 - INFO:] test_acc: 83.939%  test_loss: 0.004
[2023-08-07 17:26:53 - INFO:] =========================================
[2023-08-07 17:28:41 - INFO:] epoch: 77
[2023-08-07 17:28:41 - INFO:] train_loss: 0.456
[2023-08-07 17:28:41 - INFO:] test_acc: 83.850%  test_loss: 0.004
[2023-08-07 17:28:41 - INFO:] =========================================
[2023-08-07 17:30:29 - INFO:] epoch: 78
[2023-08-07 17:30:29 - INFO:] train_loss: 0.455
[2023-08-07 17:30:29 - INFO:] test_acc: 83.855%  test_loss: 0.004
[2023-08-07 17:30:29 - INFO:] =========================================
[2023-08-07 17:32:17 - INFO:] epoch: 79
[2023-08-07 17:32:17 - INFO:] train_loss: 0.477
[2023-08-07 17:32:17 - INFO:] test_acc: 83.934%  test_loss: 0.004
[2023-08-07 17:32:17 - INFO:] =========================================
[2023-08-07 17:34:05 - INFO:] epoch: 80
[2023-08-07 17:34:05 - INFO:] train_loss: 0.418
[2023-08-07 17:34:05 - INFO:] test_acc: 83.945%  test_loss: 0.004
[2023-08-07 17:34:05 - INFO:] =========================================
[2023-08-07 17:35:53 - INFO:] epoch: 81
[2023-08-07 17:35:53 - INFO:] train_loss: 0.505
[2023-08-07 17:35:53 - INFO:] test_acc: 83.777%  test_loss: 0.004
[2023-08-07 17:35:53 - INFO:] =========================================
[2023-08-07 17:37:41 - INFO:] epoch: 82
[2023-08-07 17:37:41 - INFO:] train_loss: 0.454
[2023-08-07 17:37:41 - INFO:] test_acc: 84.052%  test_loss: 0.004
[2023-08-07 17:37:41 - INFO:] =========================================
[2023-08-07 17:39:30 - INFO:] epoch: 83
[2023-08-07 17:39:30 - INFO:] train_loss: 0.488
[2023-08-07 17:39:30 - INFO:] test_acc: 84.063%  test_loss: 0.004
[2023-08-07 17:39:30 - INFO:] =========================================
[2023-08-07 17:41:18 - INFO:] epoch: 84
[2023-08-07 17:41:18 - INFO:] train_loss: 0.446
[2023-08-07 17:41:18 - INFO:] test_acc: 83.883%  test_loss: 0.004
[2023-08-07 17:41:18 - INFO:] =========================================
[2023-08-07 17:43:05 - INFO:] epoch: 85
[2023-08-07 17:43:05 - INFO:] train_loss: 0.464
[2023-08-07 17:43:05 - INFO:] test_acc: 83.777%  test_loss: 0.004
[2023-08-07 17:43:05 - INFO:] =========================================
[2023-08-07 17:44:53 - INFO:] epoch: 86
[2023-08-07 17:44:53 - INFO:] train_loss: 0.480
[2023-08-07 17:44:53 - INFO:] test_acc: 83.889%  test_loss: 0.004
[2023-08-07 17:44:53 - INFO:] =========================================
[2023-08-07 17:46:41 - INFO:] epoch: 87
[2023-08-07 17:46:41 - INFO:] train_loss: 0.501
[2023-08-07 17:46:41 - INFO:] test_acc: 83.793%  test_loss: 0.004
[2023-08-07 17:46:41 - INFO:] =========================================
[2023-08-07 17:48:29 - INFO:] epoch: 88
[2023-08-07 17:48:29 - INFO:] train_loss: 0.462
[2023-08-07 17:48:29 - INFO:] test_acc: 84.052%  test_loss: 0.004
[2023-08-07 17:48:29 - INFO:] =========================================
[2023-08-07 17:50:18 - INFO:] epoch: 89
[2023-08-07 17:50:18 - INFO:] train_loss: 0.457
[2023-08-07 17:50:18 - INFO:] test_acc: 84.125%  test_loss: 0.004
[2023-08-07 17:50:18 - INFO:] =========================================
[2023-08-07 17:52:06 - INFO:] epoch: 90
[2023-08-07 17:52:06 - INFO:] train_loss: 0.422
[2023-08-07 17:52:06 - INFO:] test_acc: 84.040%  test_loss: 0.004
[2023-08-07 17:52:06 - INFO:] =========================================
[2023-08-07 17:53:54 - INFO:] epoch: 91
[2023-08-07 17:53:54 - INFO:] train_loss: 0.477
[2023-08-07 17:53:54 - INFO:] test_acc: 84.097%  test_loss: 0.004
[2023-08-07 17:53:54 - INFO:] =========================================
[2023-08-07 17:55:42 - INFO:] epoch: 92
[2023-08-07 17:55:42 - INFO:] train_loss: 0.488
[2023-08-07 17:55:42 - INFO:] test_acc: 84.007%  test_loss: 0.004
[2023-08-07 17:55:42 - INFO:] =========================================
[2023-08-07 17:57:30 - INFO:] epoch: 93
[2023-08-07 17:57:30 - INFO:] train_loss: 0.454
[2023-08-07 17:57:30 - INFO:] test_acc: 84.080%  test_loss: 0.004
[2023-08-07 17:57:30 - INFO:] =========================================
[2023-08-07 17:59:17 - INFO:] epoch: 94
[2023-08-07 17:59:17 - INFO:] train_loss: 0.421
[2023-08-07 17:59:17 - INFO:] test_acc: 84.113%  test_loss: 0.004
[2023-08-07 17:59:17 - INFO:] =========================================
[2023-08-07 18:01:06 - INFO:] epoch: 95
[2023-08-07 18:01:06 - INFO:] train_loss: 0.472
[2023-08-07 18:01:06 - INFO:] test_acc: 83.850%  test_loss: 0.004
[2023-08-07 18:01:06 - INFO:] =========================================
[2023-08-07 18:02:54 - INFO:] epoch: 96
[2023-08-07 18:02:54 - INFO:] train_loss: 0.461
[2023-08-07 18:02:54 - INFO:] test_acc: 83.906%  test_loss: 0.004
[2023-08-07 18:02:54 - INFO:] =========================================
[2023-08-07 18:04:42 - INFO:] epoch: 97
[2023-08-07 18:04:42 - INFO:] train_loss: 0.432
[2023-08-07 18:04:42 - INFO:] test_acc: 84.108%  test_loss: 0.004
[2023-08-07 18:04:42 - INFO:] =========================================
[2023-08-07 18:06:30 - INFO:] epoch: 98
[2023-08-07 18:06:30 - INFO:] train_loss: 0.458
[2023-08-07 18:06:30 - INFO:] test_acc: 83.805%  test_loss: 0.004
[2023-08-07 18:06:30 - INFO:] =========================================
[2023-08-07 18:08:18 - INFO:] epoch: 99
[2023-08-07 18:08:18 - INFO:] train_loss: 0.393
[2023-08-07 18:08:18 - INFO:] test_acc: 84.136%  test_loss: 0.004
[2023-08-07 18:08:18 - INFO:] =========================================
