[2023-22-07 10:40:28 - INFO:] # batch_size = 64
[2023-22-07 10:40:28 - INFO:] # learning_rate = 0.0005
[2023-22-07 10:40:28 - INFO:] # num_epochs = 200
[2023-22-07 10:40:28 - INFO:] # padding_size = 3500
[2023-22-07 10:40:28 - INFO:] # criterion = CrossEntropyLoss()
[2023-22-07 10:40:28 - INFO:] # scheduler = <torch.optim.lr_scheduler.CosineAnnealingLR object at 0x0000022CDF77F400>
[2023-22-07 10:40:28 - INFO:] # optimizer = AdamW (
Parameter Group 0
    amsgrad: False
    betas: (0.9, 0.98)
    capturable: False
    differentiable: False
    eps: 1e-08
    foreach: None
    fused: None
    initial_lr: 0.0005
    lr: 0.0005
    maximize: False
    weight_decay: 0.01
)
[2023-22-07 10:40:28 - INFO:] -------------------------------
[2023-22-07 10:43:19 - INFO:] epoch: 1/200
[2023-22-07 10:43:19 - INFO:] train_loss: 0.3601
[2023-22-07 10:43:19 - INFO:] learning_rate: 0.0005
[2023-22-07 10:43:19 - INFO:] test_acc: 90.8359%, test_loss: 0.006
[2023-22-07 10:43:19 - INFO:] max_test_acc: 0.9084
[2023-22-07 10:43:19 - INFO:] max_lr: 0.0005, min_lr: 0.0005
[2023-22-07 10:43:19 - INFO:] ======================================
[2023-22-07 10:46:03 - INFO:] epoch: 2/200
[2023-22-07 10:46:03 - INFO:] train_loss: 0.4057
[2023-22-07 10:46:03 - INFO:] learning_rate: 0.0005
[2023-22-07 10:46:03 - INFO:] test_acc: 90.8751%, test_loss: 0.006
[2023-22-07 10:46:03 - INFO:] max_test_acc: 0.9088
[2023-22-07 10:46:03 - INFO:] max_lr: 0.0005, min_lr: 0.0005
[2023-22-07 10:46:03 - INFO:] ======================================
[2023-22-07 10:48:47 - INFO:] epoch: 3/200
[2023-22-07 10:48:47 - INFO:] train_loss: 0.4185
[2023-22-07 10:48:47 - INFO:] learning_rate: 0.0004
[2023-22-07 10:48:47 - INFO:] test_acc: 90.8620%, test_loss: 0.006
[2023-22-07 10:48:47 - INFO:] max_test_acc: 0.9086
[2023-22-07 10:48:47 - INFO:] max_lr: 0.0005, min_lr: 0.0004
[2023-22-07 10:48:47 - INFO:] ======================================
[2023-22-07 10:51:32 - INFO:] epoch: 4/200
[2023-22-07 10:51:32 - INFO:] train_loss: 0.4461
[2023-22-07 10:51:32 - INFO:] learning_rate: 0.0003
[2023-22-07 10:51:32 - INFO:] test_acc: 90.9404%, test_loss: 0.006
[2023-22-07 10:51:32 - INFO:] max_test_acc: 0.9094
[2023-22-07 10:51:32 - INFO:] max_lr: 0.0005, min_lr: 0.0003
[2023-22-07 10:51:32 - INFO:] ======================================
[2023-22-07 10:54:18 - INFO:] epoch: 5/200
[2023-22-07 10:54:18 - INFO:] train_loss: 0.3690
[2023-22-07 10:54:18 - INFO:] learning_rate: 0.0003
[2023-22-07 10:54:18 - INFO:] test_acc: 90.9708%, test_loss: 0.006
[2023-22-07 10:54:18 - INFO:] max_test_acc: 0.9097
[2023-22-07 10:54:18 - INFO:] max_lr: 0.0005, min_lr: 0.0003
[2023-22-07 10:54:18 - INFO:] ======================================
[2023-22-07 10:57:04 - INFO:] epoch: 6/200
[2023-22-07 10:57:04 - INFO:] train_loss: 0.3443
[2023-22-07 10:57:04 - INFO:] learning_rate: 0.0002
[2023-22-07 10:57:04 - INFO:] test_acc: 90.9708%, test_loss: 0.006
[2023-22-07 10:57:04 - INFO:] max_test_acc: 0.9097
[2023-22-07 10:57:04 - INFO:] max_lr: 0.0005, min_lr: 0.0002
[2023-22-07 10:57:04 - INFO:] ======================================
[2023-22-07 10:59:51 - INFO:] epoch: 7/200
[2023-22-07 10:59:51 - INFO:] train_loss: 0.4647
[2023-22-07 10:59:51 - INFO:] learning_rate: 0.0001
[2023-22-07 10:59:51 - INFO:] test_acc: 90.9752%, test_loss: 0.006
[2023-22-07 10:59:51 - INFO:] max_test_acc: 0.9098
[2023-22-07 10:59:51 - INFO:] max_lr: 0.0005, min_lr: 0.0001
[2023-22-07 10:59:51 - INFO:] ======================================
[2023-22-07 11:02:37 - INFO:] epoch: 8/200
[2023-22-07 11:02:37 - INFO:] train_loss: 0.3760
[2023-22-07 11:02:37 - INFO:] learning_rate: 0.0000
[2023-22-07 11:02:37 - INFO:] test_acc: 90.9578%, test_loss: 0.006
[2023-22-07 11:02:37 - INFO:] max_test_acc: 0.9096
[2023-22-07 11:02:37 - INFO:] max_lr: 0.0005, min_lr: 0.0000
[2023-22-07 11:02:37 - INFO:] ======================================
[2023-22-07 11:05:22 - INFO:] epoch: 9/200
[2023-22-07 11:05:22 - INFO:] train_loss: 0.4433
[2023-22-07 11:05:22 - INFO:] learning_rate: 0.0000
[2023-22-07 11:05:22 - INFO:] test_acc: 90.9534%, test_loss: 0.006
[2023-22-07 11:05:22 - INFO:] max_test_acc: 0.9095
[2023-22-07 11:05:22 - INFO:] max_lr: 0.0005, min_lr: 0.0000
[2023-22-07 11:05:22 - INFO:] ======================================
[2023-22-07 11:08:09 - INFO:] epoch: 10/200
[2023-22-07 11:08:09 - INFO:] train_loss: 0.3684
[2023-22-07 11:08:09 - INFO:] learning_rate: 0.0000
[2023-22-07 11:08:09 - INFO:] test_acc: 90.9708%, test_loss: 0.006
[2023-22-07 11:08:09 - INFO:] max_test_acc: 0.9097
[2023-22-07 11:08:09 - INFO:] max_lr: 0.0005, min_lr: 0.0000
[2023-22-07 11:08:09 - INFO:] ======================================
[2023-22-07 11:10:55 - INFO:] epoch: 11/200
[2023-22-07 11:10:55 - INFO:] train_loss: 0.4087
[2023-22-07 11:10:55 - INFO:] learning_rate: 0.0000
[2023-22-07 11:10:55 - INFO:] test_acc: 90.9665%, test_loss: 0.006
[2023-22-07 11:10:55 - INFO:] max_test_acc: 0.9097
[2023-22-07 11:10:55 - INFO:] max_lr: 0.0005, min_lr: 0.0000
[2023-22-07 11:10:55 - INFO:] ======================================
[2023-22-07 11:13:42 - INFO:] epoch: 12/200
[2023-22-07 11:13:42 - INFO:] train_loss: 0.4151
[2023-22-07 11:13:42 - INFO:] learning_rate: 0.0000
[2023-22-07 11:13:42 - INFO:] test_acc: 90.9839%, test_loss: 0.006
[2023-22-07 11:13:42 - INFO:] max_test_acc: 0.9098
[2023-22-07 11:13:42 - INFO:] max_lr: 0.0005, min_lr: 0.0000
[2023-22-07 11:13:42 - INFO:] ======================================
[2023-22-07 11:16:27 - INFO:] epoch: 13/200
[2023-22-07 11:16:27 - INFO:] train_loss: 0.4697
[2023-22-07 11:16:27 - INFO:] learning_rate: 0.0001
[2023-22-07 11:16:27 - INFO:] test_acc: 90.9534%, test_loss: 0.006
[2023-22-07 11:16:27 - INFO:] max_test_acc: 0.9095
[2023-22-07 11:16:27 - INFO:] max_lr: 0.0005, min_lr: 0.0000
[2023-22-07 11:16:27 - INFO:] ======================================
[2023-22-07 11:19:11 - INFO:] epoch: 14/200
[2023-22-07 11:19:11 - INFO:] train_loss: 0.3924
[2023-22-07 11:19:11 - INFO:] learning_rate: 0.0002
[2023-22-07 11:19:11 - INFO:] test_acc: 90.9839%, test_loss: 0.006
[2023-22-07 11:19:11 - INFO:] max_test_acc: 0.9098
[2023-22-07 11:19:11 - INFO:] max_lr: 0.0005, min_lr: 0.0000
[2023-22-07 11:19:11 - INFO:] ======================================
[2023-22-07 11:21:56 - INFO:] epoch: 15/200
[2023-22-07 11:21:56 - INFO:] train_loss: 0.3468
[2023-22-07 11:21:56 - INFO:] learning_rate: 0.0003
[2023-22-07 11:21:56 - INFO:] test_acc: 90.9665%, test_loss: 0.006
[2023-22-07 11:21:56 - INFO:] max_test_acc: 0.9097
[2023-22-07 11:21:56 - INFO:] max_lr: 0.0005, min_lr: 0.0000
[2023-22-07 11:21:56 - INFO:] ======================================
[2023-22-07 11:24:41 - INFO:] epoch: 16/200
[2023-22-07 11:24:41 - INFO:] train_loss: 0.3761
[2023-22-07 11:24:41 - INFO:] learning_rate: 0.0003
[2023-22-07 11:24:41 - INFO:] test_acc: 91.0057%, test_loss: 0.006
[2023-22-07 11:24:41 - INFO:] max_test_acc: 0.9101
[2023-22-07 11:24:41 - INFO:] max_lr: 0.0005, min_lr: 0.0000
[2023-22-07 11:24:41 - INFO:] ======================================
[2023-22-07 11:27:26 - INFO:] epoch: 17/200
[2023-22-07 11:27:26 - INFO:] train_loss: 0.3907
[2023-22-07 11:27:26 - INFO:] learning_rate: 0.0004
[2023-22-07 11:27:26 - INFO:] test_acc: 90.9447%, test_loss: 0.006
[2023-22-07 11:27:26 - INFO:] max_test_acc: 0.9094
[2023-22-07 11:27:26 - INFO:] max_lr: 0.0005, min_lr: 0.0000
[2023-22-07 11:27:26 - INFO:] ======================================
[2023-22-07 11:30:11 - INFO:] epoch: 18/200
[2023-22-07 11:30:11 - INFO:] train_loss: 0.4279
[2023-22-07 11:30:11 - INFO:] learning_rate: 0.0005
[2023-22-07 11:30:11 - INFO:] test_acc: 91.1624%, test_loss: 0.006
[2023-22-07 11:30:11 - INFO:] max_test_acc: 0.9116
[2023-22-07 11:30:11 - INFO:] max_lr: 0.0005, min_lr: 0.0000
[2023-22-07 11:30:11 - INFO:] ======================================
[2023-22-07 11:32:57 - INFO:] epoch: 19/200
[2023-22-07 11:32:57 - INFO:] train_loss: 0.3457
[2023-22-07 11:32:57 - INFO:] learning_rate: 0.0005
[2023-22-07 11:32:57 - INFO:] test_acc: 91.0361%, test_loss: 0.006
[2023-22-07 11:32:57 - INFO:] max_test_acc: 0.9104
[2023-22-07 11:32:57 - INFO:] max_lr: 0.0005, min_lr: 0.0000
[2023-22-07 11:32:57 - INFO:] ======================================
[2023-22-07 11:35:42 - INFO:] epoch: 20/200
[2023-22-07 11:35:42 - INFO:] train_loss: 0.3745
[2023-22-07 11:35:42 - INFO:] learning_rate: 0.0005
[2023-22-07 11:35:42 - INFO:] test_acc: 91.0448%, test_loss: 0.006
[2023-22-07 11:35:42 - INFO:] max_test_acc: 0.9104
[2023-22-07 11:35:42 - INFO:] max_lr: 0.0005, min_lr: 0.0000
[2023-22-07 11:35:42 - INFO:] ======================================
[2023-22-07 11:38:26 - INFO:] epoch: 21/200
[2023-22-07 11:38:26 - INFO:] train_loss: 0.4208
[2023-22-07 11:38:26 - INFO:] learning_rate: 0.0005
[2023-22-07 11:38:26 - INFO:] test_acc: 91.0187%, test_loss: 0.006
[2023-22-07 11:38:26 - INFO:] max_test_acc: 0.9102
[2023-22-07 11:38:26 - INFO:] max_lr: 0.0005, min_lr: 0.0000
[2023-22-07 11:38:26 - INFO:] ======================================
[2023-22-07 11:41:10 - INFO:] epoch: 22/200
[2023-22-07 11:41:10 - INFO:] train_loss: 0.4574
[2023-22-07 11:41:10 - INFO:] learning_rate: 0.0005
[2023-22-07 11:41:10 - INFO:] test_acc: 91.0927%, test_loss: 0.006
[2023-22-07 11:41:10 - INFO:] max_test_acc: 0.9109
[2023-22-07 11:41:10 - INFO:] max_lr: 0.0005, min_lr: 0.0000
[2023-22-07 11:41:10 - INFO:] ======================================
[2023-22-07 11:43:55 - INFO:] epoch: 23/200
[2023-22-07 11:43:55 - INFO:] train_loss: 0.4187
[2023-22-07 11:43:55 - INFO:] learning_rate: 0.0004
[2023-22-07 11:43:55 - INFO:] test_acc: 91.1667%, test_loss: 0.006
[2023-22-07 11:43:55 - INFO:] max_test_acc: 0.9117
[2023-22-07 11:43:55 - INFO:] max_lr: 0.0005, min_lr: 0.0000
[2023-22-07 11:43:55 - INFO:] ======================================
[2023-22-07 11:46:38 - INFO:] epoch: 24/200
[2023-22-07 11:46:38 - INFO:] train_loss: 0.4828
[2023-22-07 11:46:38 - INFO:] learning_rate: 0.0003
[2023-22-07 11:46:38 - INFO:] test_acc: 91.1798%, test_loss: 0.006
[2023-22-07 11:46:38 - INFO:] max_test_acc: 0.9118
[2023-22-07 11:46:38 - INFO:] max_lr: 0.0005, min_lr: 0.0000
[2023-22-07 11:46:38 - INFO:] ======================================
[2023-22-07 11:49:22 - INFO:] epoch: 25/200
[2023-22-07 11:49:22 - INFO:] train_loss: 0.4396
[2023-22-07 11:49:22 - INFO:] learning_rate: 0.0003
[2023-22-07 11:49:22 - INFO:] test_acc: 91.1189%, test_loss: 0.006
[2023-22-07 11:49:22 - INFO:] max_test_acc: 0.9112
[2023-22-07 11:49:22 - INFO:] max_lr: 0.0005, min_lr: 0.0000
[2023-22-07 11:49:22 - INFO:] ======================================
[2023-22-07 11:52:06 - INFO:] epoch: 26/200
[2023-22-07 11:52:06 - INFO:] train_loss: 0.4740
[2023-22-07 11:52:06 - INFO:] learning_rate: 0.0002
[2023-22-07 11:52:06 - INFO:] test_acc: 91.1493%, test_loss: 0.006
[2023-22-07 11:52:06 - INFO:] max_test_acc: 0.9115
[2023-22-07 11:52:06 - INFO:] max_lr: 0.0005, min_lr: 0.0000
[2023-22-07 11:52:06 - INFO:] ======================================
[2023-22-07 11:54:50 - INFO:] epoch: 27/200
[2023-22-07 11:54:50 - INFO:] train_loss: 0.4046
[2023-22-07 11:54:50 - INFO:] learning_rate: 0.0001
[2023-22-07 11:54:50 - INFO:] test_acc: 91.2016%, test_loss: 0.006
[2023-22-07 11:54:50 - INFO:] max_test_acc: 0.9120
[2023-22-07 11:54:50 - INFO:] max_lr: 0.0005, min_lr: 0.0000
[2023-22-07 11:54:50 - INFO:] ======================================
[2023-22-07 11:57:34 - INFO:] epoch: 28/200
[2023-22-07 11:57:34 - INFO:] train_loss: 0.3750
[2023-22-07 11:57:34 - INFO:] learning_rate: 0.0000
[2023-22-07 11:57:34 - INFO:] test_acc: 91.1842%, test_loss: 0.006
[2023-22-07 11:57:34 - INFO:] max_test_acc: 0.9118
[2023-22-07 11:57:34 - INFO:] max_lr: 0.0005, min_lr: 0.0000
[2023-22-07 11:57:34 - INFO:] ======================================
[2023-22-07 12:00:18 - INFO:] epoch: 29/200
[2023-22-07 12:00:18 - INFO:] train_loss: 0.3978
[2023-22-07 12:00:18 - INFO:] learning_rate: 0.0000
[2023-22-07 12:00:18 - INFO:] test_acc: 91.1972%, test_loss: 0.006
[2023-22-07 12:00:18 - INFO:] max_test_acc: 0.9120
[2023-22-07 12:00:18 - INFO:] max_lr: 0.0005, min_lr: 0.0000
[2023-22-07 12:00:18 - INFO:] ======================================
[2023-22-07 12:03:02 - INFO:] epoch: 30/200
[2023-22-07 12:03:02 - INFO:] train_loss: 0.4022
[2023-22-07 12:03:02 - INFO:] learning_rate: 0.0000
[2023-22-07 12:03:02 - INFO:] test_acc: 91.2016%, test_loss: 0.006
[2023-22-07 12:03:02 - INFO:] max_test_acc: 0.9120
[2023-22-07 12:03:02 - INFO:] max_lr: 0.0005, min_lr: 0.0000
[2023-22-07 12:03:02 - INFO:] ======================================
[2023-22-07 12:05:46 - INFO:] epoch: 31/200
[2023-22-07 12:05:46 - INFO:] train_loss: 0.4379
[2023-22-07 12:05:46 - INFO:] learning_rate: 0.0000
[2023-22-07 12:05:46 - INFO:] test_acc: 91.1972%, test_loss: 0.006
[2023-22-07 12:05:46 - INFO:] max_test_acc: 0.9120
[2023-22-07 12:05:46 - INFO:] max_lr: 0.0005, min_lr: 0.0000
[2023-22-07 12:05:46 - INFO:] ======================================
[2023-22-07 12:08:31 - INFO:] epoch: 32/200
[2023-22-07 12:08:31 - INFO:] train_loss: 0.3743
[2023-22-07 12:08:31 - INFO:] learning_rate: 0.0000
[2023-22-07 12:08:31 - INFO:] test_acc: 91.2103%, test_loss: 0.006
[2023-22-07 12:08:31 - INFO:] max_test_acc: 0.9121
[2023-22-07 12:08:31 - INFO:] max_lr: 0.0005, min_lr: 0.0000
[2023-22-07 12:08:31 - INFO:] ======================================
[2023-22-07 12:11:15 - INFO:] epoch: 33/200
[2023-22-07 12:11:15 - INFO:] train_loss: 0.4229
[2023-22-07 12:11:15 - INFO:] learning_rate: 0.0001
[2023-22-07 12:11:15 - INFO:] test_acc: 91.2103%, test_loss: 0.006
[2023-22-07 12:11:15 - INFO:] max_test_acc: 0.9121
[2023-22-07 12:11:15 - INFO:] max_lr: 0.0005, min_lr: 0.0000
[2023-22-07 12:11:15 - INFO:] ======================================
[2023-22-07 12:14:00 - INFO:] epoch: 34/200
[2023-22-07 12:14:00 - INFO:] train_loss: 0.4225
[2023-22-07 12:14:00 - INFO:] learning_rate: 0.0002
[2023-22-07 12:14:00 - INFO:] test_acc: 91.1754%, test_loss: 0.006
[2023-22-07 12:14:00 - INFO:] max_test_acc: 0.9118
[2023-22-07 12:14:00 - INFO:] max_lr: 0.0005, min_lr: 0.0000
[2023-22-07 12:14:00 - INFO:] ======================================
[2023-22-07 12:16:43 - INFO:] epoch: 35/200
[2023-22-07 12:16:43 - INFO:] train_loss: 0.3463
[2023-22-07 12:16:43 - INFO:] learning_rate: 0.0003
[2023-22-07 12:16:43 - INFO:] test_acc: 91.1885%, test_loss: 0.006
[2023-22-07 12:16:43 - INFO:] max_test_acc: 0.9119
[2023-22-07 12:16:43 - INFO:] max_lr: 0.0005, min_lr: 0.0000
[2023-22-07 12:16:43 - INFO:] ======================================
[2023-22-07 12:19:27 - INFO:] epoch: 36/200
[2023-22-07 12:19:27 - INFO:] train_loss: 0.4085
[2023-22-07 12:19:27 - INFO:] learning_rate: 0.0003
[2023-22-07 12:19:27 - INFO:] test_acc: 91.1972%, test_loss: 0.006
[2023-22-07 12:19:27 - INFO:] max_test_acc: 0.9120
[2023-22-07 12:19:27 - INFO:] max_lr: 0.0005, min_lr: 0.0000
[2023-22-07 12:19:27 - INFO:] ======================================
[2023-22-07 12:22:12 - INFO:] epoch: 37/200
[2023-22-07 12:22:12 - INFO:] train_loss: 0.4063
[2023-22-07 12:22:12 - INFO:] learning_rate: 0.0004
[2023-22-07 12:22:12 - INFO:] test_acc: 91.2625%, test_loss: 0.006
[2023-22-07 12:22:12 - INFO:] max_test_acc: 0.9126
[2023-22-07 12:22:12 - INFO:] max_lr: 0.0005, min_lr: 0.0000
[2023-22-07 12:22:12 - INFO:] ======================================
[2023-22-07 12:24:56 - INFO:] epoch: 38/200
[2023-22-07 12:24:56 - INFO:] train_loss: 0.4606
[2023-22-07 12:24:56 - INFO:] learning_rate: 0.0005
[2023-22-07 12:24:56 - INFO:] test_acc: 91.2364%, test_loss: 0.006
[2023-22-07 12:24:56 - INFO:] max_test_acc: 0.9124
[2023-22-07 12:24:56 - INFO:] max_lr: 0.0005, min_lr: 0.0000
[2023-22-07 12:24:56 - INFO:] ======================================
[2023-22-07 12:27:40 - INFO:] epoch: 39/200
[2023-22-07 12:27:40 - INFO:] train_loss: 0.4117
[2023-22-07 12:27:40 - INFO:] learning_rate: 0.0005
[2023-22-07 12:27:40 - INFO:] test_acc: 91.2843%, test_loss: 0.006
[2023-22-07 12:27:40 - INFO:] max_test_acc: 0.9128
[2023-22-07 12:27:40 - INFO:] max_lr: 0.0005, min_lr: 0.0000
[2023-22-07 12:27:40 - INFO:] ======================================
[2023-22-07 12:30:25 - INFO:] epoch: 40/200
[2023-22-07 12:30:25 - INFO:] train_loss: 0.3677
[2023-22-07 12:30:25 - INFO:] learning_rate: 0.0005
[2023-22-07 12:30:25 - INFO:] test_acc: 91.3278%, test_loss: 0.006
[2023-22-07 12:30:25 - INFO:] max_test_acc: 0.9133
[2023-22-07 12:30:25 - INFO:] max_lr: 0.0005, min_lr: 0.0000
[2023-22-07 12:30:25 - INFO:] ======================================
[2023-22-07 12:33:09 - INFO:] epoch: 41/200
[2023-22-07 12:33:09 - INFO:] train_loss: 0.3937
[2023-22-07 12:33:09 - INFO:] learning_rate: 0.0005
[2023-22-07 12:33:09 - INFO:] test_acc: 91.4584%, test_loss: 0.006
[2023-22-07 12:33:09 - INFO:] max_test_acc: 0.9146
[2023-22-07 12:33:09 - INFO:] max_lr: 0.0005, min_lr: 0.0000
[2023-22-07 12:33:09 - INFO:] ======================================
[2023-22-07 12:35:53 - INFO:] epoch: 42/200
[2023-22-07 12:35:53 - INFO:] train_loss: 0.3789
[2023-22-07 12:35:53 - INFO:] learning_rate: 0.0005
[2023-22-07 12:35:53 - INFO:] test_acc: 91.3539%, test_loss: 0.006
[2023-22-07 12:35:53 - INFO:] max_test_acc: 0.9135
[2023-22-07 12:35:53 - INFO:] max_lr: 0.0005, min_lr: 0.0000
[2023-22-07 12:35:53 - INFO:] ======================================
[2023-22-07 12:38:37 - INFO:] epoch: 43/200
[2023-22-07 12:38:37 - INFO:] train_loss: 0.3542
[2023-22-07 12:38:37 - INFO:] learning_rate: 0.0004
[2023-22-07 12:38:37 - INFO:] test_acc: 91.4976%, test_loss: 0.006
[2023-22-07 12:38:37 - INFO:] max_test_acc: 0.9150
[2023-22-07 12:38:37 - INFO:] max_lr: 0.0005, min_lr: 0.0000
[2023-22-07 12:38:37 - INFO:] ======================================
[2023-22-07 12:41:22 - INFO:] epoch: 44/200
[2023-22-07 12:41:22 - INFO:] train_loss: 0.3842
[2023-22-07 12:41:22 - INFO:] learning_rate: 0.0003
[2023-22-07 12:41:22 - INFO:] test_acc: 91.5629%, test_loss: 0.006
[2023-22-07 12:41:22 - INFO:] max_test_acc: 0.9156
[2023-22-07 12:41:22 - INFO:] max_lr: 0.0005, min_lr: 0.0000
[2023-22-07 12:41:22 - INFO:] ======================================
[2023-22-07 12:44:06 - INFO:] epoch: 45/200
[2023-22-07 12:44:06 - INFO:] train_loss: 0.4394
[2023-22-07 12:44:06 - INFO:] learning_rate: 0.0003
[2023-22-07 12:44:06 - INFO:] test_acc: 91.5107%, test_loss: 0.006
[2023-22-07 12:44:06 - INFO:] max_test_acc: 0.9151
[2023-22-07 12:44:06 - INFO:] max_lr: 0.0005, min_lr: 0.0000
[2023-22-07 12:44:06 - INFO:] ======================================
[2023-22-07 12:46:50 - INFO:] epoch: 46/200
[2023-22-07 12:46:50 - INFO:] train_loss: 0.3887
[2023-22-07 12:46:50 - INFO:] learning_rate: 0.0002
[2023-22-07 12:46:50 - INFO:] test_acc: 91.4758%, test_loss: 0.006
[2023-22-07 12:46:50 - INFO:] max_test_acc: 0.9148
[2023-22-07 12:46:50 - INFO:] max_lr: 0.0005, min_lr: 0.0000
[2023-22-07 12:46:50 - INFO:] ======================================
[2023-22-07 12:49:34 - INFO:] epoch: 47/200
[2023-22-07 12:49:34 - INFO:] train_loss: 0.4397
[2023-22-07 12:49:34 - INFO:] learning_rate: 0.0001
[2023-22-07 12:49:34 - INFO:] test_acc: 91.5455%, test_loss: 0.006
[2023-22-07 12:49:34 - INFO:] max_test_acc: 0.9155
[2023-22-07 12:49:34 - INFO:] max_lr: 0.0005, min_lr: 0.0000
[2023-22-07 12:49:34 - INFO:] ======================================
[2023-22-07 12:52:19 - INFO:] epoch: 48/200
[2023-22-07 12:52:19 - INFO:] train_loss: 0.4073
[2023-22-07 12:52:19 - INFO:] learning_rate: 0.0000
[2023-22-07 12:52:19 - INFO:] test_acc: 91.5150%, test_loss: 0.006
[2023-22-07 12:52:19 - INFO:] max_test_acc: 0.9152
[2023-22-07 12:52:19 - INFO:] max_lr: 0.0005, min_lr: 0.0000
[2023-22-07 12:52:19 - INFO:] ======================================
[2023-22-07 12:55:03 - INFO:] epoch: 49/200
[2023-22-07 12:55:03 - INFO:] train_loss: 0.3993
[2023-22-07 12:55:03 - INFO:] learning_rate: 0.0000
[2023-22-07 12:55:04 - INFO:] test_acc: 91.5324%, test_loss: 0.006
[2023-22-07 12:55:04 - INFO:] max_test_acc: 0.9153
[2023-22-07 12:55:04 - INFO:] max_lr: 0.0005, min_lr: 0.0000
[2023-22-07 12:55:04 - INFO:] ======================================
[2023-22-07 12:57:48 - INFO:] epoch: 50/200
[2023-22-07 12:57:48 - INFO:] train_loss: 0.3981
[2023-22-07 12:57:48 - INFO:] learning_rate: 0.0000
[2023-22-07 12:57:48 - INFO:] test_acc: 91.5150%, test_loss: 0.006
[2023-22-07 12:57:48 - INFO:] max_test_acc: 0.9152
[2023-22-07 12:57:48 - INFO:] max_lr: 0.0005, min_lr: 0.0000
[2023-22-07 12:57:48 - INFO:] ======================================
[2023-22-07 13:00:32 - INFO:] epoch: 51/200
[2023-22-07 13:00:32 - INFO:] train_loss: 0.4021
[2023-22-07 13:00:32 - INFO:] learning_rate: 0.0000
[2023-22-07 13:00:32 - INFO:] test_acc: 91.5324%, test_loss: 0.006
[2023-22-07 13:00:32 - INFO:] max_test_acc: 0.9153
[2023-22-07 13:00:32 - INFO:] max_lr: 0.0005, min_lr: 0.0000
[2023-22-07 13:00:32 - INFO:] ======================================
[2023-22-07 13:03:17 - INFO:] epoch: 52/200
[2023-22-07 13:03:17 - INFO:] train_loss: 0.3665
[2023-22-07 13:03:17 - INFO:] learning_rate: 0.0000
[2023-22-07 13:03:17 - INFO:] test_acc: 91.5237%, test_loss: 0.006
[2023-22-07 13:03:17 - INFO:] max_test_acc: 0.9152
[2023-22-07 13:03:17 - INFO:] max_lr: 0.0005, min_lr: 0.0000
[2023-22-07 13:03:17 - INFO:] ======================================
[2023-22-07 13:06:01 - INFO:] epoch: 53/200
[2023-22-07 13:06:01 - INFO:] train_loss: 0.3950
[2023-22-07 13:06:01 - INFO:] learning_rate: 0.0001
[2023-22-07 13:06:01 - INFO:] test_acc: 91.4976%, test_loss: 0.006
[2023-22-07 13:06:01 - INFO:] max_test_acc: 0.9150
[2023-22-07 13:06:01 - INFO:] max_lr: 0.0005, min_lr: 0.0000
[2023-22-07 13:06:01 - INFO:] ======================================
[2023-22-07 13:08:46 - INFO:] epoch: 54/200
[2023-22-07 13:08:46 - INFO:] train_loss: 0.3778
[2023-22-07 13:08:46 - INFO:] learning_rate: 0.0002
[2023-22-07 13:08:46 - INFO:] test_acc: 91.5368%, test_loss: 0.006
[2023-22-07 13:08:46 - INFO:] max_test_acc: 0.9154
[2023-22-07 13:08:46 - INFO:] max_lr: 0.0005, min_lr: 0.0000
[2023-22-07 13:08:46 - INFO:] ======================================
[2023-22-07 13:11:30 - INFO:] epoch: 55/200
[2023-22-07 13:11:30 - INFO:] train_loss: 0.3452
[2023-22-07 13:11:30 - INFO:] learning_rate: 0.0003
[2023-22-07 13:11:30 - INFO:] test_acc: 91.5150%, test_loss: 0.006
[2023-22-07 13:11:30 - INFO:] max_test_acc: 0.9152
[2023-22-07 13:11:30 - INFO:] max_lr: 0.0005, min_lr: 0.0000
[2023-22-07 13:11:30 - INFO:] ======================================
[2023-22-07 13:14:15 - INFO:] epoch: 56/200
[2023-22-07 13:14:15 - INFO:] train_loss: 0.3884
[2023-22-07 13:14:15 - INFO:] learning_rate: 0.0003
[2023-22-07 13:14:15 - INFO:] test_acc: 91.5194%, test_loss: 0.006
[2023-22-07 13:14:15 - INFO:] max_test_acc: 0.9152
[2023-22-07 13:14:15 - INFO:] max_lr: 0.0005, min_lr: 0.0000
[2023-22-07 13:14:15 - INFO:] ======================================
[2023-22-07 13:16:59 - INFO:] epoch: 57/200
[2023-22-07 13:16:59 - INFO:] train_loss: 0.4367
[2023-22-07 13:16:59 - INFO:] learning_rate: 0.0004
[2023-22-07 13:16:59 - INFO:] test_acc: 91.5237%, test_loss: 0.006
[2023-22-07 13:16:59 - INFO:] max_test_acc: 0.9152
[2023-22-07 13:16:59 - INFO:] max_lr: 0.0005, min_lr: 0.0000
[2023-22-07 13:16:59 - INFO:] ======================================
[2023-22-07 13:19:43 - INFO:] epoch: 58/200
[2023-22-07 13:19:43 - INFO:] train_loss: 0.3845
[2023-22-07 13:19:43 - INFO:] learning_rate: 0.0005
[2023-22-07 13:19:43 - INFO:] test_acc: 91.5542%, test_loss: 0.006
[2023-22-07 13:19:43 - INFO:] max_test_acc: 0.9155
[2023-22-07 13:19:43 - INFO:] max_lr: 0.0005, min_lr: 0.0000
[2023-22-07 13:19:43 - INFO:] ======================================
[2023-22-07 13:22:27 - INFO:] epoch: 59/200
[2023-22-07 13:22:27 - INFO:] train_loss: 0.4811
[2023-22-07 13:22:27 - INFO:] learning_rate: 0.0005
[2023-22-07 13:22:27 - INFO:] test_acc: 91.6935%, test_loss: 0.006
[2023-22-07 13:22:27 - INFO:] max_test_acc: 0.9169
[2023-22-07 13:22:27 - INFO:] max_lr: 0.0005, min_lr: 0.0000
[2023-22-07 13:22:27 - INFO:] ======================================
[2023-22-07 13:25:12 - INFO:] epoch: 60/200
[2023-22-07 13:25:12 - INFO:] train_loss: 0.4285
[2023-22-07 13:25:12 - INFO:] learning_rate: 0.0005
[2023-22-07 13:25:12 - INFO:] test_acc: 91.6239%, test_loss: 0.006
[2023-22-07 13:25:12 - INFO:] max_test_acc: 0.9162
[2023-22-07 13:25:12 - INFO:] max_lr: 0.0005, min_lr: 0.0000
[2023-22-07 13:25:12 - INFO:] ======================================
[2023-22-07 13:27:56 - INFO:] epoch: 61/200
[2023-22-07 13:27:56 - INFO:] train_loss: 0.4077
[2023-22-07 13:27:56 - INFO:] learning_rate: 0.0005
[2023-22-07 13:27:56 - INFO:] test_acc: 91.6195%, test_loss: 0.006
[2023-22-07 13:27:56 - INFO:] max_test_acc: 0.9162
[2023-22-07 13:27:56 - INFO:] max_lr: 0.0005, min_lr: 0.0000
[2023-22-07 13:27:56 - INFO:] ======================================
[2023-22-07 13:30:40 - INFO:] epoch: 62/200
[2023-22-07 13:30:40 - INFO:] train_loss: 0.4057
[2023-22-07 13:30:40 - INFO:] learning_rate: 0.0005
[2023-22-07 13:30:40 - INFO:] test_acc: 91.6500%, test_loss: 0.006
[2023-22-07 13:30:40 - INFO:] max_test_acc: 0.9165
[2023-22-07 13:30:40 - INFO:] max_lr: 0.0005, min_lr: 0.0000
[2023-22-07 13:30:40 - INFO:] ======================================
[2023-22-07 13:33:25 - INFO:] epoch: 63/200
[2023-22-07 13:33:25 - INFO:] train_loss: 0.3661
[2023-22-07 13:33:25 - INFO:] learning_rate: 0.0004
[2023-22-07 13:33:25 - INFO:] test_acc: 91.7414%, test_loss: 0.006
[2023-22-07 13:33:25 - INFO:] max_test_acc: 0.9174
[2023-22-07 13:33:25 - INFO:] max_lr: 0.0005, min_lr: 0.0000
[2023-22-07 13:33:25 - INFO:] ======================================
[2023-22-07 13:36:09 - INFO:] epoch: 64/200
[2023-22-07 13:36:09 - INFO:] train_loss: 0.3403
[2023-22-07 13:36:09 - INFO:] learning_rate: 0.0003
[2023-22-07 13:36:09 - INFO:] test_acc: 91.8067%, test_loss: 0.006
[2023-22-07 13:36:09 - INFO:] max_test_acc: 0.9181
[2023-22-07 13:36:09 - INFO:] max_lr: 0.0005, min_lr: 0.0000
[2023-22-07 13:36:09 - INFO:] ======================================
[2023-22-07 13:38:54 - INFO:] epoch: 65/200
[2023-22-07 13:38:54 - INFO:] train_loss: 0.3777
[2023-22-07 13:38:54 - INFO:] learning_rate: 0.0003
[2023-22-07 13:38:54 - INFO:] test_acc: 91.6064%, test_loss: 0.006
[2023-22-07 13:38:54 - INFO:] max_test_acc: 0.9161
[2023-22-07 13:38:54 - INFO:] max_lr: 0.0005, min_lr: 0.0000
[2023-22-07 13:38:54 - INFO:] ======================================
[2023-22-07 13:41:39 - INFO:] epoch: 66/200
[2023-22-07 13:41:39 - INFO:] train_loss: 0.3346
[2023-22-07 13:41:39 - INFO:] learning_rate: 0.0002
[2023-22-07 13:41:39 - INFO:] test_acc: 91.6935%, test_loss: 0.006
[2023-22-07 13:41:39 - INFO:] max_test_acc: 0.9169
[2023-22-07 13:41:39 - INFO:] max_lr: 0.0005, min_lr: 0.0000
[2023-22-07 13:41:39 - INFO:] ======================================
[2023-22-07 13:44:23 - INFO:] epoch: 67/200
[2023-22-07 13:44:23 - INFO:] train_loss: 0.3928
[2023-22-07 13:44:23 - INFO:] learning_rate: 0.0001
[2023-22-07 13:44:23 - INFO:] test_acc: 91.6587%, test_loss: 0.006
[2023-22-07 13:44:23 - INFO:] max_test_acc: 0.9166
[2023-22-07 13:44:23 - INFO:] max_lr: 0.0005, min_lr: 0.0000
[2023-22-07 13:44:23 - INFO:] ======================================
[2023-22-07 13:47:07 - INFO:] epoch: 68/200
[2023-22-07 13:47:07 - INFO:] train_loss: 0.3945
[2023-22-07 13:47:07 - INFO:] learning_rate: 0.0000
[2023-22-07 13:47:07 - INFO:] test_acc: 91.7414%, test_loss: 0.006
[2023-22-07 13:47:07 - INFO:] max_test_acc: 0.9174
[2023-22-07 13:47:07 - INFO:] max_lr: 0.0005, min_lr: 0.0000
[2023-22-07 13:47:07 - INFO:] ======================================
[2023-22-07 13:49:52 - INFO:] epoch: 69/200
[2023-22-07 13:49:52 - INFO:] train_loss: 0.3865
[2023-22-07 13:49:52 - INFO:] learning_rate: 0.0000
[2023-22-07 13:49:52 - INFO:] test_acc: 91.7109%, test_loss: 0.006
[2023-22-07 13:49:52 - INFO:] max_test_acc: 0.9171
[2023-22-07 13:49:52 - INFO:] max_lr: 0.0005, min_lr: 0.0000
[2023-22-07 13:49:52 - INFO:] ======================================
[2023-22-07 13:52:36 - INFO:] epoch: 70/200
[2023-22-07 13:52:36 - INFO:] train_loss: 0.4621
[2023-22-07 13:52:36 - INFO:] learning_rate: 0.0000
[2023-22-07 13:52:36 - INFO:] test_acc: 91.7370%, test_loss: 0.006
[2023-22-07 13:52:36 - INFO:] max_test_acc: 0.9174
[2023-22-07 13:52:36 - INFO:] max_lr: 0.0005, min_lr: 0.0000
[2023-22-07 13:52:36 - INFO:] ======================================
[2023-22-07 13:55:20 - INFO:] epoch: 71/200
[2023-22-07 13:55:20 - INFO:] train_loss: 0.3545
[2023-22-07 13:55:20 - INFO:] learning_rate: 0.0000
[2023-22-07 13:55:20 - INFO:] test_acc: 91.7283%, test_loss: 0.006
[2023-22-07 13:55:20 - INFO:] max_test_acc: 0.9173
[2023-22-07 13:55:20 - INFO:] max_lr: 0.0005, min_lr: 0.0000
[2023-22-07 13:55:20 - INFO:] ======================================
[2023-22-07 13:58:05 - INFO:] epoch: 72/200
[2023-22-07 13:58:05 - INFO:] train_loss: 0.3690
[2023-22-07 13:58:05 - INFO:] learning_rate: 0.0000
[2023-22-07 13:58:05 - INFO:] test_acc: 91.7458%, test_loss: 0.006
[2023-22-07 13:58:05 - INFO:] max_test_acc: 0.9175
[2023-22-07 13:58:05 - INFO:] max_lr: 0.0005, min_lr: 0.0000
[2023-22-07 13:58:05 - INFO:] ======================================
[2023-22-07 14:00:50 - INFO:] epoch: 73/200
[2023-22-07 14:00:50 - INFO:] train_loss: 0.4645
[2023-22-07 14:00:50 - INFO:] learning_rate: 0.0001
[2023-22-07 14:00:50 - INFO:] test_acc: 91.7066%, test_loss: 0.006
[2023-22-07 14:00:50 - INFO:] max_test_acc: 0.9171
[2023-22-07 14:00:50 - INFO:] max_lr: 0.0005, min_lr: 0.0000
[2023-22-07 14:00:50 - INFO:] ======================================
[2023-22-07 14:03:34 - INFO:] epoch: 74/200
[2023-22-07 14:03:34 - INFO:] train_loss: 0.4152
[2023-22-07 14:03:34 - INFO:] learning_rate: 0.0002
[2023-22-07 14:03:34 - INFO:] test_acc: 91.7632%, test_loss: 0.006
[2023-22-07 14:03:34 - INFO:] max_test_acc: 0.9176
[2023-22-07 14:03:34 - INFO:] max_lr: 0.0005, min_lr: 0.0000
[2023-22-07 14:03:34 - INFO:] ======================================
[2023-22-07 14:06:18 - INFO:] epoch: 75/200
[2023-22-07 14:06:18 - INFO:] train_loss: 0.4901
[2023-22-07 14:06:18 - INFO:] learning_rate: 0.0002
[2023-22-07 14:06:18 - INFO:] test_acc: 91.6674%, test_loss: 0.006
[2023-22-07 14:06:18 - INFO:] max_test_acc: 0.9167
[2023-22-07 14:06:18 - INFO:] max_lr: 0.0005, min_lr: 0.0000
[2023-22-07 14:06:18 - INFO:] ======================================
[2023-22-07 14:09:03 - INFO:] epoch: 76/200
[2023-22-07 14:09:03 - INFO:] train_loss: 0.3849
[2023-22-07 14:09:03 - INFO:] learning_rate: 0.0003
[2023-22-07 14:09:03 - INFO:] test_acc: 91.6239%, test_loss: 0.006
[2023-22-07 14:09:03 - INFO:] max_test_acc: 0.9162
[2023-22-07 14:09:03 - INFO:] max_lr: 0.0005, min_lr: 0.0000
[2023-22-07 14:09:03 - INFO:] ======================================
[2023-22-07 14:11:48 - INFO:] epoch: 77/200
[2023-22-07 14:11:48 - INFO:] train_loss: 0.4030
[2023-22-07 14:11:48 - INFO:] learning_rate: 0.0004
[2023-22-07 14:11:48 - INFO:] test_acc: 91.7196%, test_loss: 0.006
[2023-22-07 14:11:48 - INFO:] max_test_acc: 0.9172
[2023-22-07 14:11:48 - INFO:] max_lr: 0.0005, min_lr: 0.0000
[2023-22-07 14:11:48 - INFO:] ======================================
[2023-22-07 14:14:32 - INFO:] epoch: 78/200
[2023-22-07 14:14:32 - INFO:] train_loss: 0.4122
[2023-22-07 14:14:32 - INFO:] learning_rate: 0.0005
[2023-22-07 14:14:32 - INFO:] test_acc: 91.7066%, test_loss: 0.006
[2023-22-07 14:14:32 - INFO:] max_test_acc: 0.9171
[2023-22-07 14:14:32 - INFO:] max_lr: 0.0005, min_lr: 0.0000
[2023-22-07 14:14:32 - INFO:] ======================================
[2023-22-07 14:17:16 - INFO:] epoch: 79/200
[2023-22-07 14:17:16 - INFO:] train_loss: 0.4280
[2023-22-07 14:17:16 - INFO:] learning_rate: 0.0005
[2023-22-07 14:17:16 - INFO:] test_acc: 91.7632%, test_loss: 0.006
[2023-22-07 14:17:16 - INFO:] max_test_acc: 0.9176
[2023-22-07 14:17:16 - INFO:] max_lr: 0.0005, min_lr: 0.0000
[2023-22-07 14:17:16 - INFO:] ======================================
[2023-22-07 14:20:00 - INFO:] epoch: 80/200
[2023-22-07 14:20:00 - INFO:] train_loss: 0.3413
[2023-22-07 14:20:00 - INFO:] learning_rate: 0.0005
[2023-22-07 14:20:00 - INFO:] test_acc: 91.7283%, test_loss: 0.006
[2023-22-07 14:20:00 - INFO:] max_test_acc: 0.9173
[2023-22-07 14:20:00 - INFO:] max_lr: 0.0005, min_lr: 0.0000
[2023-22-07 14:20:00 - INFO:] ======================================
[2023-22-07 14:22:44 - INFO:] epoch: 81/200
[2023-22-07 14:22:44 - INFO:] train_loss: 0.3815
[2023-22-07 14:22:44 - INFO:] learning_rate: 0.0005
[2023-22-07 14:22:44 - INFO:] test_acc: 91.6979%, test_loss: 0.006
[2023-22-07 14:22:44 - INFO:] max_test_acc: 0.9170
[2023-22-07 14:22:44 - INFO:] max_lr: 0.0005, min_lr: 0.0000
[2023-22-07 14:22:44 - INFO:] ======================================
[2023-22-07 14:25:29 - INFO:] epoch: 82/200
[2023-22-07 14:25:29 - INFO:] train_loss: 0.3469
[2023-22-07 14:25:29 - INFO:] learning_rate: 0.0005
[2023-22-07 14:25:29 - INFO:] test_acc: 91.8372%, test_loss: 0.006
[2023-22-07 14:25:29 - INFO:] max_test_acc: 0.9184
[2023-22-07 14:25:29 - INFO:] max_lr: 0.0005, min_lr: 0.0000
[2023-22-07 14:25:29 - INFO:] ======================================
[2023-22-07 14:28:14 - INFO:] epoch: 83/200
[2023-22-07 14:28:14 - INFO:] train_loss: 0.4499
[2023-22-07 14:28:14 - INFO:] learning_rate: 0.0004
[2023-22-07 14:28:14 - INFO:] test_acc: 91.6543%, test_loss: 0.006
[2023-22-07 14:28:14 - INFO:] max_test_acc: 0.9165
[2023-22-07 14:28:14 - INFO:] max_lr: 0.0005, min_lr: 0.0000
[2023-22-07 14:28:14 - INFO:] ======================================
[2023-22-07 14:30:58 - INFO:] epoch: 84/200
[2023-22-07 14:30:58 - INFO:] train_loss: 0.3696
[2023-22-07 14:30:58 - INFO:] learning_rate: 0.0003
[2023-22-07 14:30:58 - INFO:] test_acc: 91.7022%, test_loss: 0.006
[2023-22-07 14:30:58 - INFO:] max_test_acc: 0.9170
[2023-22-07 14:30:58 - INFO:] max_lr: 0.0005, min_lr: 0.0000
[2023-22-07 14:30:58 - INFO:] ======================================
[2023-22-07 14:33:43 - INFO:] epoch: 85/200
[2023-22-07 14:33:43 - INFO:] train_loss: 0.4085
[2023-22-07 14:33:43 - INFO:] learning_rate: 0.0002
[2023-22-07 14:33:43 - INFO:] test_acc: 91.7414%, test_loss: 0.006
[2023-22-07 14:33:43 - INFO:] max_test_acc: 0.9174
[2023-22-07 14:33:43 - INFO:] max_lr: 0.0005, min_lr: 0.0000
[2023-22-07 14:33:43 - INFO:] ======================================
[2023-22-07 14:36:27 - INFO:] epoch: 86/200
[2023-22-07 14:36:27 - INFO:] train_loss: 0.4348
[2023-22-07 14:36:27 - INFO:] learning_rate: 0.0002
[2023-22-07 14:36:27 - INFO:] test_acc: 91.7588%, test_loss: 0.006
[2023-22-07 14:36:27 - INFO:] max_test_acc: 0.9176
[2023-22-07 14:36:27 - INFO:] max_lr: 0.0005, min_lr: 0.0000
[2023-22-07 14:36:27 - INFO:] ======================================
[2023-22-07 14:39:11 - INFO:] epoch: 87/200
[2023-22-07 14:39:11 - INFO:] train_loss: 0.4207
[2023-22-07 14:39:11 - INFO:] learning_rate: 0.0001
[2023-22-07 14:39:11 - INFO:] test_acc: 91.7545%, test_loss: 0.006
[2023-22-07 14:39:11 - INFO:] max_test_acc: 0.9175
[2023-22-07 14:39:11 - INFO:] max_lr: 0.0005, min_lr: 0.0000
[2023-22-07 14:39:11 - INFO:] ======================================
[2023-22-07 14:41:56 - INFO:] epoch: 88/200
[2023-22-07 14:41:56 - INFO:] train_loss: 0.3939
[2023-22-07 14:41:56 - INFO:] learning_rate: 0.0000
[2023-22-07 14:41:56 - INFO:] test_acc: 91.8154%, test_loss: 0.006
[2023-22-07 14:41:56 - INFO:] max_test_acc: 0.9182
[2023-22-07 14:41:56 - INFO:] max_lr: 0.0005, min_lr: 0.0000
[2023-22-07 14:41:56 - INFO:] ======================================
[2023-22-07 14:44:41 - INFO:] epoch: 89/200
[2023-22-07 14:44:41 - INFO:] train_loss: 0.3949
[2023-22-07 14:44:41 - INFO:] learning_rate: 0.0000
[2023-22-07 14:44:41 - INFO:] test_acc: 91.8067%, test_loss: 0.006
[2023-22-07 14:44:41 - INFO:] max_test_acc: 0.9181
[2023-22-07 14:44:41 - INFO:] max_lr: 0.0005, min_lr: 0.0000
[2023-22-07 14:44:41 - INFO:] ======================================
[2023-22-07 14:47:26 - INFO:] epoch: 90/200
[2023-22-07 14:47:26 - INFO:] train_loss: 0.3671
[2023-22-07 14:47:26 - INFO:] learning_rate: 0.0000
[2023-22-07 14:47:26 - INFO:] test_acc: 91.7675%, test_loss: 0.006
[2023-22-07 14:47:26 - INFO:] max_test_acc: 0.9177
[2023-22-07 14:47:26 - INFO:] max_lr: 0.0005, min_lr: 0.0000
[2023-22-07 14:47:26 - INFO:] ======================================
[2023-22-07 14:50:10 - INFO:] epoch: 91/200
[2023-22-07 14:50:10 - INFO:] train_loss: 0.3920
[2023-22-07 14:50:10 - INFO:] learning_rate: 0.0000
[2023-22-07 14:50:10 - INFO:] test_acc: 91.7893%, test_loss: 0.006
[2023-22-07 14:50:10 - INFO:] max_test_acc: 0.9179
[2023-22-07 14:50:10 - INFO:] max_lr: 0.0005, min_lr: 0.0000
[2023-22-07 14:50:10 - INFO:] ======================================
[2023-22-07 14:52:55 - INFO:] epoch: 92/200
[2023-22-07 14:52:55 - INFO:] train_loss: 0.4004
[2023-22-07 14:52:55 - INFO:] learning_rate: 0.0000
[2023-22-07 14:52:55 - INFO:] test_acc: 91.7980%, test_loss: 0.006
[2023-22-07 14:52:55 - INFO:] max_test_acc: 0.9180
[2023-22-07 14:52:55 - INFO:] max_lr: 0.0005, min_lr: 0.0000
[2023-22-07 14:52:55 - INFO:] ======================================
[2023-22-07 14:55:40 - INFO:] epoch: 93/200
[2023-22-07 14:55:40 - INFO:] train_loss: 0.3829
[2023-22-07 14:55:40 - INFO:] learning_rate: 0.0001
[2023-22-07 14:55:40 - INFO:] test_acc: 91.7849%, test_loss: 0.006
[2023-22-07 14:55:40 - INFO:] max_test_acc: 0.9178
[2023-22-07 14:55:40 - INFO:] max_lr: 0.0005, min_lr: 0.0000
[2023-22-07 14:55:40 - INFO:] ======================================
[2023-22-07 14:58:25 - INFO:] epoch: 94/200
[2023-22-07 14:58:25 - INFO:] train_loss: 0.4075
[2023-22-07 14:58:25 - INFO:] learning_rate: 0.0002
[2023-22-07 14:58:25 - INFO:] test_acc: 91.7893%, test_loss: 0.006
[2023-22-07 14:58:25 - INFO:] max_test_acc: 0.9179
[2023-22-07 14:58:25 - INFO:] max_lr: 0.0005, min_lr: 0.0000
[2023-22-07 14:58:25 - INFO:] ======================================
[2023-22-07 15:01:09 - INFO:] epoch: 95/200
[2023-22-07 15:01:09 - INFO:] train_loss: 0.3769
[2023-22-07 15:01:09 - INFO:] learning_rate: 0.0003
[2023-22-07 15:01:09 - INFO:] test_acc: 91.8067%, test_loss: 0.006
[2023-22-07 15:01:09 - INFO:] max_test_acc: 0.9181
[2023-22-07 15:01:09 - INFO:] max_lr: 0.0005, min_lr: 0.0000
[2023-22-07 15:01:09 - INFO:] ======================================
[2023-22-07 15:03:53 - INFO:] epoch: 96/200
[2023-22-07 15:03:53 - INFO:] train_loss: 0.3870
[2023-22-07 15:03:53 - INFO:] learning_rate: 0.0003
[2023-22-07 15:03:53 - INFO:] test_acc: 91.7936%, test_loss: 0.006
[2023-22-07 15:03:53 - INFO:] max_test_acc: 0.9179
[2023-22-07 15:03:53 - INFO:] max_lr: 0.0005, min_lr: 0.0000
[2023-22-07 15:03:53 - INFO:] ======================================
[2023-22-07 15:06:38 - INFO:] epoch: 97/200
[2023-22-07 15:06:38 - INFO:] train_loss: 0.3799
[2023-22-07 15:06:38 - INFO:] learning_rate: 0.0004
[2023-22-07 15:06:38 - INFO:] test_acc: 91.7806%, test_loss: 0.006
[2023-22-07 15:06:38 - INFO:] max_test_acc: 0.9178
[2023-22-07 15:06:38 - INFO:] max_lr: 0.0005, min_lr: 0.0000
[2023-22-07 15:06:38 - INFO:] ======================================
[2023-22-07 15:09:22 - INFO:] epoch: 98/200
[2023-22-07 15:09:22 - INFO:] train_loss: 0.3450
[2023-22-07 15:09:22 - INFO:] learning_rate: 0.0005
[2023-22-07 15:09:22 - INFO:] test_acc: 91.7327%, test_loss: 0.006
[2023-22-07 15:09:22 - INFO:] max_test_acc: 0.9173
[2023-22-07 15:09:22 - INFO:] max_lr: 0.0005, min_lr: 0.0000
[2023-22-07 15:09:22 - INFO:] ======================================
[2023-22-07 15:12:07 - INFO:] epoch: 99/200
[2023-22-07 15:12:07 - INFO:] train_loss: 0.4537
[2023-22-07 15:12:07 - INFO:] learning_rate: 0.0005
[2023-22-07 15:12:07 - INFO:] test_acc: 91.7980%, test_loss: 0.006
[2023-22-07 15:12:07 - INFO:] max_test_acc: 0.9180
[2023-22-07 15:12:07 - INFO:] max_lr: 0.0005, min_lr: 0.0000
[2023-22-07 15:12:07 - INFO:] ======================================
[2023-22-07 15:14:52 - INFO:] epoch: 100/200
[2023-22-07 15:14:52 - INFO:] train_loss: 0.4083
[2023-22-07 15:14:52 - INFO:] learning_rate: 0.0005
[2023-22-07 15:14:52 - INFO:] test_acc: 91.6892%, test_loss: 0.006
[2023-22-07 15:14:52 - INFO:] max_test_acc: 0.9169
[2023-22-07 15:14:52 - INFO:] max_lr: 0.0005, min_lr: 0.0000
[2023-22-07 15:14:52 - INFO:] ======================================
[2023-22-07 15:17:36 - INFO:] epoch: 101/200
[2023-22-07 15:17:36 - INFO:] train_loss: 0.3343
[2023-22-07 15:17:36 - INFO:] learning_rate: 0.0005
[2023-22-07 15:17:36 - INFO:] test_acc: 91.8807%, test_loss: 0.006
[2023-22-07 15:17:36 - INFO:] max_test_acc: 0.9188
[2023-22-07 15:17:36 - INFO:] max_lr: 0.0005, min_lr: 0.0000
[2023-22-07 15:17:36 - INFO:] ======================================
[2023-22-07 15:20:21 - INFO:] epoch: 102/200
[2023-22-07 15:20:21 - INFO:] train_loss: 0.4172
[2023-22-07 15:20:21 - INFO:] learning_rate: 0.0005
[2023-22-07 15:20:21 - INFO:] test_acc: 91.7501%, test_loss: 0.006
[2023-22-07 15:20:21 - INFO:] max_test_acc: 0.9175
[2023-22-07 15:20:21 - INFO:] max_lr: 0.0005, min_lr: 0.0000
[2023-22-07 15:20:21 - INFO:] ======================================
[2023-22-07 15:23:06 - INFO:] epoch: 103/200
[2023-22-07 15:23:06 - INFO:] train_loss: 0.3981
[2023-22-07 15:23:06 - INFO:] learning_rate: 0.0004
[2023-22-07 15:23:06 - INFO:] test_acc: 91.7762%, test_loss: 0.006
[2023-22-07 15:23:06 - INFO:] max_test_acc: 0.9178
[2023-22-07 15:23:06 - INFO:] max_lr: 0.0005, min_lr: 0.0000
[2023-22-07 15:23:06 - INFO:] ======================================
[2023-22-07 15:25:50 - INFO:] epoch: 104/200
[2023-22-07 15:25:50 - INFO:] train_loss: 0.3660
[2023-22-07 15:25:50 - INFO:] learning_rate: 0.0003
[2023-22-07 15:25:50 - INFO:] test_acc: 91.8633%, test_loss: 0.006
[2023-22-07 15:25:50 - INFO:] max_test_acc: 0.9186
[2023-22-07 15:25:50 - INFO:] max_lr: 0.0005, min_lr: 0.0000
[2023-22-07 15:25:50 - INFO:] ======================================
[2023-22-07 15:28:35 - INFO:] epoch: 105/200
[2023-22-07 15:28:35 - INFO:] train_loss: 0.3858
[2023-22-07 15:28:35 - INFO:] learning_rate: 0.0003
[2023-22-07 15:28:35 - INFO:] test_acc: 91.7980%, test_loss: 0.006
[2023-22-07 15:28:35 - INFO:] max_test_acc: 0.9180
[2023-22-07 15:28:35 - INFO:] max_lr: 0.0005, min_lr: 0.0000
[2023-22-07 15:28:35 - INFO:] ======================================
[2023-22-07 15:31:19 - INFO:] epoch: 106/200
[2023-22-07 15:31:19 - INFO:] train_loss: 0.4257
[2023-22-07 15:31:19 - INFO:] learning_rate: 0.0002
[2023-22-07 15:31:19 - INFO:] test_acc: 91.8502%, test_loss: 0.006
[2023-22-07 15:31:19 - INFO:] max_test_acc: 0.9185
[2023-22-07 15:31:19 - INFO:] max_lr: 0.0005, min_lr: 0.0000
[2023-22-07 15:31:19 - INFO:] ======================================
[2023-22-07 15:34:03 - INFO:] epoch: 107/200
[2023-22-07 15:34:03 - INFO:] train_loss: 0.4050
[2023-22-07 15:34:03 - INFO:] learning_rate: 0.0001
[2023-22-07 15:34:03 - INFO:] test_acc: 91.7588%, test_loss: 0.006
[2023-22-07 15:34:03 - INFO:] max_test_acc: 0.9176
[2023-22-07 15:34:03 - INFO:] max_lr: 0.0005, min_lr: 0.0000
[2023-22-07 15:34:03 - INFO:] ======================================
[2023-22-07 15:36:48 - INFO:] epoch: 108/200
[2023-22-07 15:36:48 - INFO:] train_loss: 0.4061
[2023-22-07 15:36:48 - INFO:] learning_rate: 0.0000
[2023-22-07 15:36:48 - INFO:] test_acc: 91.7806%, test_loss: 0.006
[2023-22-07 15:36:48 - INFO:] max_test_acc: 0.9178
[2023-22-07 15:36:48 - INFO:] max_lr: 0.0005, min_lr: 0.0000
[2023-22-07 15:36:48 - INFO:] ======================================
[2023-22-07 15:39:32 - INFO:] epoch: 109/200
[2023-22-07 15:39:32 - INFO:] train_loss: 0.3535
[2023-22-07 15:39:32 - INFO:] learning_rate: 0.0000
[2023-22-07 15:39:32 - INFO:] test_acc: 91.8589%, test_loss: 0.006
[2023-22-07 15:39:32 - INFO:] max_test_acc: 0.9186
[2023-22-07 15:39:32 - INFO:] max_lr: 0.0005, min_lr: 0.0000
[2023-22-07 15:39:32 - INFO:] ======================================
[2023-22-07 15:42:16 - INFO:] epoch: 110/200
[2023-22-07 15:42:16 - INFO:] train_loss: 0.4252
[2023-22-07 15:42:16 - INFO:] learning_rate: 0.0000
[2023-22-07 15:42:16 - INFO:] test_acc: 91.8372%, test_loss: 0.006
[2023-22-07 15:42:16 - INFO:] max_test_acc: 0.9184
[2023-22-07 15:42:16 - INFO:] max_lr: 0.0005, min_lr: 0.0000
[2023-22-07 15:42:16 - INFO:] ======================================
[2023-22-07 15:45:00 - INFO:] epoch: 111/200
[2023-22-07 15:45:00 - INFO:] train_loss: 0.3591
[2023-22-07 15:45:00 - INFO:] learning_rate: 0.0000
[2023-22-07 15:45:00 - INFO:] test_acc: 91.8328%, test_loss: 0.006
[2023-22-07 15:45:00 - INFO:] max_test_acc: 0.9183
[2023-22-07 15:45:00 - INFO:] max_lr: 0.0005, min_lr: 0.0000
[2023-22-07 15:45:00 - INFO:] ======================================
[2023-22-07 15:47:44 - INFO:] epoch: 112/200
[2023-22-07 15:47:44 - INFO:] train_loss: 0.4545
[2023-22-07 15:47:44 - INFO:] learning_rate: 0.0000
[2023-22-07 15:47:44 - INFO:] test_acc: 91.8285%, test_loss: 0.006
[2023-22-07 15:47:44 - INFO:] max_test_acc: 0.9183
[2023-22-07 15:47:44 - INFO:] max_lr: 0.0005, min_lr: 0.0000
[2023-22-07 15:47:44 - INFO:] ======================================
[2023-22-07 15:50:29 - INFO:] epoch: 113/200
[2023-22-07 15:50:29 - INFO:] train_loss: 0.4081
[2023-22-07 15:50:29 - INFO:] learning_rate: 0.0001
[2023-22-07 15:50:29 - INFO:] test_acc: 91.8415%, test_loss: 0.006
[2023-22-07 15:50:29 - INFO:] max_test_acc: 0.9184
[2023-22-07 15:50:29 - INFO:] max_lr: 0.0005, min_lr: 0.0000
[2023-22-07 15:50:29 - INFO:] ======================================
[2023-22-07 15:53:13 - INFO:] epoch: 114/200
[2023-22-07 15:53:13 - INFO:] train_loss: 0.4472
[2023-22-07 15:53:13 - INFO:] learning_rate: 0.0002
[2023-22-07 15:53:13 - INFO:] test_acc: 91.8589%, test_loss: 0.006
[2023-22-07 15:53:13 - INFO:] max_test_acc: 0.9186
[2023-22-07 15:53:13 - INFO:] max_lr: 0.0005, min_lr: 0.0000
[2023-22-07 15:53:13 - INFO:] ======================================
[2023-22-07 15:55:57 - INFO:] epoch: 115/200
[2023-22-07 15:55:57 - INFO:] train_loss: 0.4067
[2023-22-07 15:55:57 - INFO:] learning_rate: 0.0003
[2023-22-07 15:55:57 - INFO:] test_acc: 91.7980%, test_loss: 0.006
[2023-22-07 15:55:57 - INFO:] max_test_acc: 0.9180
[2023-22-07 15:55:57 - INFO:] max_lr: 0.0005, min_lr: 0.0000
[2023-22-07 15:55:57 - INFO:] ======================================
[2023-22-07 15:58:42 - INFO:] epoch: 116/200
[2023-22-07 15:58:42 - INFO:] train_loss: 0.3625
[2023-22-07 15:58:42 - INFO:] learning_rate: 0.0003
[2023-22-07 15:58:42 - INFO:] test_acc: 91.7545%, test_loss: 0.006
[2023-22-07 15:58:42 - INFO:] max_test_acc: 0.9175
[2023-22-07 15:58:42 - INFO:] max_lr: 0.0005, min_lr: 0.0000
[2023-22-07 15:58:42 - INFO:] ======================================
[2023-22-07 16:01:26 - INFO:] epoch: 117/200
[2023-22-07 16:01:26 - INFO:] train_loss: 0.4072
[2023-22-07 16:01:26 - INFO:] learning_rate: 0.0004
[2023-22-07 16:01:26 - INFO:] test_acc: 91.7588%, test_loss: 0.006
[2023-22-07 16:01:26 - INFO:] max_test_acc: 0.9176
[2023-22-07 16:01:26 - INFO:] max_lr: 0.0005, min_lr: 0.0000
[2023-22-07 16:01:26 - INFO:] ======================================
[2023-22-07 16:04:10 - INFO:] epoch: 118/200
[2023-22-07 16:04:10 - INFO:] train_loss: 0.4050
[2023-22-07 16:04:10 - INFO:] learning_rate: 0.0005
[2023-22-07 16:04:10 - INFO:] test_acc: 91.7806%, test_loss: 0.006
[2023-22-07 16:04:10 - INFO:] max_test_acc: 0.9178
[2023-22-07 16:04:10 - INFO:] max_lr: 0.0005, min_lr: 0.0000
[2023-22-07 16:04:10 - INFO:] ======================================
[2023-22-07 16:06:53 - INFO:] epoch: 119/200
[2023-22-07 16:06:53 - INFO:] train_loss: 0.4229
[2023-22-07 16:06:53 - INFO:] learning_rate: 0.0005
[2023-22-07 16:06:53 - INFO:] test_acc: 91.8851%, test_loss: 0.006
[2023-22-07 16:06:53 - INFO:] max_test_acc: 0.9189
[2023-22-07 16:06:53 - INFO:] max_lr: 0.0005, min_lr: 0.0000
[2023-22-07 16:06:53 - INFO:] ======================================
[2023-22-07 16:09:37 - INFO:] epoch: 120/200
[2023-22-07 16:09:37 - INFO:] train_loss: 0.4044
[2023-22-07 16:09:37 - INFO:] learning_rate: 0.0005
[2023-22-07 16:09:37 - INFO:] test_acc: 91.7545%, test_loss: 0.006
[2023-22-07 16:09:37 - INFO:] max_test_acc: 0.9175
[2023-22-07 16:09:37 - INFO:] max_lr: 0.0005, min_lr: 0.0000
[2023-22-07 16:09:37 - INFO:] ======================================
[2023-22-07 16:12:19 - INFO:] epoch: 121/200
[2023-22-07 16:12:19 - INFO:] train_loss: 0.3989
[2023-22-07 16:12:19 - INFO:] learning_rate: 0.0005
[2023-22-07 16:12:19 - INFO:] test_acc: 91.7066%, test_loss: 0.006
[2023-22-07 16:12:19 - INFO:] max_test_acc: 0.9171
[2023-22-07 16:12:19 - INFO:] max_lr: 0.0005, min_lr: 0.0000
[2023-22-07 16:12:19 - INFO:] ======================================
[2023-22-07 16:15:03 - INFO:] epoch: 122/200
[2023-22-07 16:15:03 - INFO:] train_loss: 0.3916
[2023-22-07 16:15:03 - INFO:] learning_rate: 0.0005
[2023-22-07 16:15:03 - INFO:] test_acc: 91.8154%, test_loss: 0.006
[2023-22-07 16:15:03 - INFO:] max_test_acc: 0.9182
[2023-22-07 16:15:03 - INFO:] max_lr: 0.0005, min_lr: 0.0000
[2023-22-07 16:15:03 - INFO:] ======================================
[2023-22-07 16:17:47 - INFO:] epoch: 123/200
[2023-22-07 16:17:47 - INFO:] train_loss: 0.3736
[2023-22-07 16:17:47 - INFO:] learning_rate: 0.0004
[2023-22-07 16:17:47 - INFO:] test_acc: 91.8154%, test_loss: 0.006
[2023-22-07 16:17:47 - INFO:] max_test_acc: 0.9182
[2023-22-07 16:17:47 - INFO:] max_lr: 0.0005, min_lr: 0.0000
[2023-22-07 16:17:47 - INFO:] ======================================
[2023-22-07 16:20:31 - INFO:] epoch: 124/200
[2023-22-07 16:20:31 - INFO:] train_loss: 0.3730
[2023-22-07 16:20:31 - INFO:] learning_rate: 0.0003
[2023-22-07 16:20:31 - INFO:] test_acc: 91.8241%, test_loss: 0.006
[2023-22-07 16:20:31 - INFO:] max_test_acc: 0.9182
[2023-22-07 16:20:31 - INFO:] max_lr: 0.0005, min_lr: 0.0000
[2023-22-07 16:20:31 - INFO:] ======================================
[2023-22-07 16:23:15 - INFO:] epoch: 125/200
[2023-22-07 16:23:15 - INFO:] train_loss: 0.3899
[2023-22-07 16:23:15 - INFO:] learning_rate: 0.0003
[2023-22-07 16:23:15 - INFO:] test_acc: 91.7501%, test_loss: 0.006
[2023-22-07 16:23:15 - INFO:] max_test_acc: 0.9175
[2023-22-07 16:23:15 - INFO:] max_lr: 0.0005, min_lr: 0.0000
[2023-22-07 16:23:15 - INFO:] ======================================
[2023-22-07 16:26:00 - INFO:] epoch: 126/200
[2023-22-07 16:26:00 - INFO:] train_loss: 0.3766
[2023-22-07 16:26:00 - INFO:] learning_rate: 0.0002
[2023-22-07 16:26:00 - INFO:] test_acc: 91.9330%, test_loss: 0.006
[2023-22-07 16:26:00 - INFO:] max_test_acc: 0.9193
[2023-22-07 16:26:00 - INFO:] max_lr: 0.0005, min_lr: 0.0000
[2023-22-07 16:26:00 - INFO:] ======================================
[2023-22-07 16:28:44 - INFO:] epoch: 127/200
[2023-22-07 16:28:44 - INFO:] train_loss: 0.4085
[2023-22-07 16:28:44 - INFO:] learning_rate: 0.0001
[2023-22-07 16:28:44 - INFO:] test_acc: 91.8981%, test_loss: 0.006
[2023-22-07 16:28:44 - INFO:] max_test_acc: 0.9190
[2023-22-07 16:28:44 - INFO:] max_lr: 0.0005, min_lr: 0.0000
[2023-22-07 16:28:44 - INFO:] ======================================
[2023-22-07 16:31:28 - INFO:] epoch: 128/200
[2023-22-07 16:31:28 - INFO:] train_loss: 0.3992
[2023-22-07 16:31:28 - INFO:] learning_rate: 0.0000
[2023-22-07 16:31:28 - INFO:] test_acc: 91.7414%, test_loss: 0.006
[2023-22-07 16:31:28 - INFO:] max_test_acc: 0.9174
[2023-22-07 16:31:28 - INFO:] max_lr: 0.0005, min_lr: 0.0000
[2023-22-07 16:31:28 - INFO:] ======================================
[2023-22-07 16:34:13 - INFO:] epoch: 129/200
[2023-22-07 16:34:13 - INFO:] train_loss: 0.3900
[2023-22-07 16:34:13 - INFO:] learning_rate: 0.0000
[2023-22-07 16:34:13 - INFO:] test_acc: 91.8328%, test_loss: 0.006
[2023-22-07 16:34:13 - INFO:] max_test_acc: 0.9183
[2023-22-07 16:34:13 - INFO:] max_lr: 0.0005, min_lr: 0.0000
[2023-22-07 16:34:13 - INFO:] ======================================
[2023-22-07 16:36:57 - INFO:] epoch: 130/200
[2023-22-07 16:36:57 - INFO:] train_loss: 0.3494
[2023-22-07 16:36:57 - INFO:] learning_rate: 0.0000
[2023-22-07 16:36:57 - INFO:] test_acc: 91.8372%, test_loss: 0.006
[2023-22-07 16:36:57 - INFO:] max_test_acc: 0.9184
[2023-22-07 16:36:57 - INFO:] max_lr: 0.0005, min_lr: 0.0000
[2023-22-07 16:36:57 - INFO:] ======================================
[2023-22-07 16:39:43 - INFO:] epoch: 131/200
[2023-22-07 16:39:43 - INFO:] train_loss: 0.3740
[2023-22-07 16:39:43 - INFO:] learning_rate: 0.0000
[2023-22-07 16:39:43 - INFO:] test_acc: 91.8502%, test_loss: 0.006
[2023-22-07 16:39:43 - INFO:] max_test_acc: 0.9185
[2023-22-07 16:39:43 - INFO:] max_lr: 0.0005, min_lr: 0.0000
[2023-22-07 16:39:43 - INFO:] ======================================
[2023-22-07 16:42:27 - INFO:] epoch: 132/200
[2023-22-07 16:42:27 - INFO:] train_loss: 0.4674
[2023-22-07 16:42:27 - INFO:] learning_rate: 0.0000
[2023-22-07 16:42:27 - INFO:] test_acc: 91.8546%, test_loss: 0.006
[2023-22-07 16:42:27 - INFO:] max_test_acc: 0.9185
[2023-22-07 16:42:27 - INFO:] max_lr: 0.0005, min_lr: 0.0000
[2023-22-07 16:42:27 - INFO:] ======================================
[2023-22-07 16:45:12 - INFO:] epoch: 133/200
[2023-22-07 16:45:12 - INFO:] train_loss: 0.3934
[2023-22-07 16:45:12 - INFO:] learning_rate: 0.0001
[2023-22-07 16:45:12 - INFO:] test_acc: 91.8502%, test_loss: 0.006
[2023-22-07 16:45:12 - INFO:] max_test_acc: 0.9185
[2023-22-07 16:45:12 - INFO:] max_lr: 0.0005, min_lr: 0.0000
[2023-22-07 16:45:12 - INFO:] ======================================
[2023-22-07 16:47:56 - INFO:] epoch: 134/200
[2023-22-07 16:47:56 - INFO:] train_loss: 0.3923
[2023-22-07 16:47:56 - INFO:] learning_rate: 0.0002
[2023-22-07 16:47:56 - INFO:] test_acc: 91.7893%, test_loss: 0.006
[2023-22-07 16:47:56 - INFO:] max_test_acc: 0.9179
[2023-22-07 16:47:56 - INFO:] max_lr: 0.0005, min_lr: 0.0000
[2023-22-07 16:47:56 - INFO:] ======================================
[2023-22-07 16:50:41 - INFO:] epoch: 135/200
[2023-22-07 16:50:41 - INFO:] train_loss: 0.4210
[2023-22-07 16:50:41 - INFO:] learning_rate: 0.0002
[2023-22-07 16:50:41 - INFO:] test_acc: 91.8154%, test_loss: 0.006
[2023-22-07 16:50:41 - INFO:] max_test_acc: 0.9182
[2023-22-07 16:50:41 - INFO:] max_lr: 0.0005, min_lr: 0.0000
[2023-22-07 16:50:41 - INFO:] ======================================
[2023-22-07 16:53:25 - INFO:] epoch: 136/200
[2023-22-07 16:53:25 - INFO:] train_loss: 0.3668
[2023-22-07 16:53:25 - INFO:] learning_rate: 0.0003
[2023-22-07 16:53:25 - INFO:] test_acc: 91.8459%, test_loss: 0.006
[2023-22-07 16:53:25 - INFO:] max_test_acc: 0.9185
[2023-22-07 16:53:25 - INFO:] max_lr: 0.0005, min_lr: 0.0000
[2023-22-07 16:53:25 - INFO:] ======================================
[2023-22-07 16:56:09 - INFO:] epoch: 137/200
[2023-22-07 16:56:09 - INFO:] train_loss: 0.3974
[2023-22-07 16:56:09 - INFO:] learning_rate: 0.0004
[2023-22-07 16:56:10 - INFO:] test_acc: 91.8285%, test_loss: 0.006
[2023-22-07 16:56:10 - INFO:] max_test_acc: 0.9183
[2023-22-07 16:56:10 - INFO:] max_lr: 0.0005, min_lr: 0.0000
[2023-22-07 16:56:10 - INFO:] ======================================
[2023-22-07 16:58:54 - INFO:] epoch: 138/200
[2023-22-07 16:58:54 - INFO:] train_loss: 0.4061
[2023-22-07 16:58:54 - INFO:] learning_rate: 0.0005
[2023-22-07 16:58:54 - INFO:] test_acc: 91.8589%, test_loss: 0.006
[2023-22-07 16:58:54 - INFO:] max_test_acc: 0.9186
[2023-22-07 16:58:54 - INFO:] max_lr: 0.0005, min_lr: 0.0000
[2023-22-07 16:58:54 - INFO:] ======================================
[2023-22-07 17:01:39 - INFO:] epoch: 139/200
[2023-22-07 17:01:39 - INFO:] train_loss: 0.4064
[2023-22-07 17:01:39 - INFO:] learning_rate: 0.0005
[2023-22-07 17:01:39 - INFO:] test_acc: 91.9330%, test_loss: 0.006
[2023-22-07 17:01:39 - INFO:] max_test_acc: 0.9193
[2023-22-07 17:01:39 - INFO:] max_lr: 0.0005, min_lr: 0.0000
[2023-22-07 17:01:39 - INFO:] ======================================
[2023-22-07 17:04:23 - INFO:] epoch: 140/200
[2023-22-07 17:04:23 - INFO:] train_loss: 0.4079
[2023-22-07 17:04:23 - INFO:] learning_rate: 0.0005
[2023-22-07 17:04:23 - INFO:] test_acc: 91.8154%, test_loss: 0.006
[2023-22-07 17:04:23 - INFO:] max_test_acc: 0.9182
[2023-22-07 17:04:23 - INFO:] max_lr: 0.0005, min_lr: 0.0000
[2023-22-07 17:04:23 - INFO:] ======================================
[2023-22-07 17:07:08 - INFO:] epoch: 141/200
[2023-22-07 17:07:08 - INFO:] train_loss: 0.4096
[2023-22-07 17:07:08 - INFO:] learning_rate: 0.0005
[2023-22-07 17:07:08 - INFO:] test_acc: 91.8807%, test_loss: 0.006
[2023-22-07 17:07:08 - INFO:] max_test_acc: 0.9188
[2023-22-07 17:07:08 - INFO:] max_lr: 0.0005, min_lr: 0.0000
[2023-22-07 17:07:08 - INFO:] ======================================
[2023-22-07 17:09:53 - INFO:] epoch: 142/200
[2023-22-07 17:09:53 - INFO:] train_loss: 0.3868
[2023-22-07 17:09:53 - INFO:] learning_rate: 0.0005
[2023-22-07 17:09:53 - INFO:] test_acc: 91.8938%, test_loss: 0.006
[2023-22-07 17:09:53 - INFO:] max_test_acc: 0.9189
[2023-22-07 17:09:53 - INFO:] max_lr: 0.0005, min_lr: 0.0000
[2023-22-07 17:09:53 - INFO:] ======================================
[2023-22-07 17:12:37 - INFO:] epoch: 143/200
[2023-22-07 17:12:37 - INFO:] train_loss: 0.3569
[2023-22-07 17:12:37 - INFO:] learning_rate: 0.0004
[2023-22-07 17:12:37 - INFO:] test_acc: 91.7327%, test_loss: 0.006
[2023-22-07 17:12:37 - INFO:] max_test_acc: 0.9173
[2023-22-07 17:12:37 - INFO:] max_lr: 0.0005, min_lr: 0.0000
[2023-22-07 17:12:37 - INFO:] ======================================
[2023-22-07 17:15:21 - INFO:] epoch: 144/200
[2023-22-07 17:15:21 - INFO:] train_loss: 0.3926
[2023-22-07 17:15:21 - INFO:] learning_rate: 0.0003
[2023-22-07 17:15:21 - INFO:] test_acc: 91.8459%, test_loss: 0.006
[2023-22-07 17:15:21 - INFO:] max_test_acc: 0.9185
[2023-22-07 17:15:21 - INFO:] max_lr: 0.0005, min_lr: 0.0000
[2023-22-07 17:15:21 - INFO:] ======================================
[2023-22-07 17:18:05 - INFO:] epoch: 145/200
[2023-22-07 17:18:05 - INFO:] train_loss: 0.3631
[2023-22-07 17:18:05 - INFO:] learning_rate: 0.0002
[2023-22-07 17:18:05 - INFO:] test_acc: 91.8459%, test_loss: 0.006
[2023-22-07 17:18:05 - INFO:] max_test_acc: 0.9185
[2023-22-07 17:18:05 - INFO:] max_lr: 0.0005, min_lr: 0.0000
[2023-22-07 17:18:05 - INFO:] ======================================
[2023-22-07 17:20:50 - INFO:] epoch: 146/200
[2023-22-07 17:20:50 - INFO:] train_loss: 0.3774
[2023-22-07 17:20:50 - INFO:] learning_rate: 0.0002
[2023-22-07 17:20:50 - INFO:] test_acc: 91.8328%, test_loss: 0.006
[2023-22-07 17:20:50 - INFO:] max_test_acc: 0.9183
[2023-22-07 17:20:50 - INFO:] max_lr: 0.0005, min_lr: 0.0000
[2023-22-07 17:20:50 - INFO:] ======================================
[2023-22-07 17:23:34 - INFO:] epoch: 147/200
[2023-22-07 17:23:34 - INFO:] train_loss: 0.3916
[2023-22-07 17:23:34 - INFO:] learning_rate: 0.0001
[2023-22-07 17:23:34 - INFO:] test_acc: 91.7632%, test_loss: 0.006
[2023-22-07 17:23:34 - INFO:] max_test_acc: 0.9176
[2023-22-07 17:23:34 - INFO:] max_lr: 0.0005, min_lr: 0.0000
[2023-22-07 17:23:34 - INFO:] ======================================
[2023-22-07 17:26:19 - INFO:] epoch: 148/200
[2023-22-07 17:26:19 - INFO:] train_loss: 0.4032
[2023-22-07 17:26:19 - INFO:] learning_rate: 0.0000
[2023-22-07 17:26:19 - INFO:] test_acc: 91.8633%, test_loss: 0.006
[2023-22-07 17:26:19 - INFO:] max_test_acc: 0.9186
[2023-22-07 17:26:19 - INFO:] max_lr: 0.0005, min_lr: 0.0000
[2023-22-07 17:26:19 - INFO:] ======================================
[2023-22-07 17:29:04 - INFO:] epoch: 149/200
[2023-22-07 17:29:04 - INFO:] train_loss: 0.3836
[2023-22-07 17:29:04 - INFO:] learning_rate: 0.0000
[2023-22-07 17:29:04 - INFO:] test_acc: 91.9373%, test_loss: 0.006
[2023-22-07 17:29:04 - INFO:] max_test_acc: 0.9194
[2023-22-07 17:29:04 - INFO:] max_lr: 0.0005, min_lr: 0.0000
[2023-22-07 17:29:04 - INFO:] ======================================
[2023-22-07 17:31:48 - INFO:] epoch: 150/200
[2023-22-07 17:31:48 - INFO:] train_loss: 0.3291
[2023-22-07 17:31:48 - INFO:] learning_rate: 0.0000
[2023-22-07 17:31:48 - INFO:] test_acc: 91.9199%, test_loss: 0.006
[2023-22-07 17:31:48 - INFO:] max_test_acc: 0.9192
[2023-22-07 17:31:48 - INFO:] max_lr: 0.0005, min_lr: 0.0000
[2023-22-07 17:31:48 - INFO:] ======================================
[2023-22-07 17:34:33 - INFO:] epoch: 151/200
[2023-22-07 17:34:33 - INFO:] train_loss: 0.3949
[2023-22-07 17:34:33 - INFO:] learning_rate: 0.0000
[2023-22-07 17:34:33 - INFO:] test_acc: 91.9199%, test_loss: 0.006
[2023-22-07 17:34:33 - INFO:] max_test_acc: 0.9192
[2023-22-07 17:34:33 - INFO:] max_lr: 0.0005, min_lr: 0.0000
[2023-22-07 17:34:33 - INFO:] ======================================
[2023-22-07 17:37:17 - INFO:] epoch: 152/200
[2023-22-07 17:37:17 - INFO:] train_loss: 0.3504
[2023-22-07 17:37:17 - INFO:] learning_rate: 0.0000
[2023-22-07 17:37:17 - INFO:] test_acc: 91.8764%, test_loss: 0.006
[2023-22-07 17:37:17 - INFO:] max_test_acc: 0.9188
[2023-22-07 17:37:17 - INFO:] max_lr: 0.0005, min_lr: 0.0000
[2023-22-07 17:37:17 - INFO:] ======================================
[2023-22-07 17:40:02 - INFO:] epoch: 153/200
[2023-22-07 17:40:02 - INFO:] train_loss: 0.3614
[2023-22-07 17:40:02 - INFO:] learning_rate: 0.0001
[2023-22-07 17:40:02 - INFO:] test_acc: 91.8894%, test_loss: 0.006
[2023-22-07 17:40:02 - INFO:] max_test_acc: 0.9189
[2023-22-07 17:40:02 - INFO:] max_lr: 0.0005, min_lr: 0.0000
[2023-22-07 17:40:02 - INFO:] ======================================
[2023-22-07 17:42:46 - INFO:] epoch: 154/200
[2023-22-07 17:42:46 - INFO:] train_loss: 0.4142
[2023-22-07 17:42:46 - INFO:] learning_rate: 0.0002
[2023-22-07 17:42:46 - INFO:] test_acc: 91.9199%, test_loss: 0.006
[2023-22-07 17:42:46 - INFO:] max_test_acc: 0.9192
[2023-22-07 17:42:46 - INFO:] max_lr: 0.0005, min_lr: 0.0000
[2023-22-07 17:42:46 - INFO:] ======================================
[2023-22-07 17:45:31 - INFO:] epoch: 155/200
[2023-22-07 17:45:31 - INFO:] train_loss: 0.3614
[2023-22-07 17:45:31 - INFO:] learning_rate: 0.0003
[2023-22-07 17:45:31 - INFO:] test_acc: 91.9199%, test_loss: 0.006
[2023-22-07 17:45:31 - INFO:] max_test_acc: 0.9192
[2023-22-07 17:45:31 - INFO:] max_lr: 0.0005, min_lr: 0.0000
[2023-22-07 17:45:31 - INFO:] ======================================
[2023-22-07 17:48:16 - INFO:] epoch: 156/200
[2023-22-07 17:48:16 - INFO:] train_loss: 0.3997
[2023-22-07 17:48:16 - INFO:] learning_rate: 0.0003
[2023-22-07 17:48:16 - INFO:] test_acc: 91.7806%, test_loss: 0.006
[2023-22-07 17:48:16 - INFO:] max_test_acc: 0.9178
[2023-22-07 17:48:16 - INFO:] max_lr: 0.0005, min_lr: 0.0000
[2023-22-07 17:48:16 - INFO:] ======================================
[2023-22-07 17:51:00 - INFO:] epoch: 157/200
[2023-22-07 17:51:00 - INFO:] train_loss: 0.4204
[2023-22-07 17:51:00 - INFO:] learning_rate: 0.0004
[2023-22-07 17:51:00 - INFO:] test_acc: 91.8328%, test_loss: 0.006
[2023-22-07 17:51:00 - INFO:] max_test_acc: 0.9183
[2023-22-07 17:51:00 - INFO:] max_lr: 0.0005, min_lr: 0.0000
[2023-22-07 17:51:00 - INFO:] ======================================
[2023-22-07 17:53:45 - INFO:] epoch: 158/200
[2023-22-07 17:53:45 - INFO:] train_loss: 0.3843
[2023-22-07 17:53:45 - INFO:] learning_rate: 0.0005
[2023-22-07 17:53:45 - INFO:] test_acc: 92.0200%, test_loss: 0.006
[2023-22-07 17:53:45 - INFO:] max_test_acc: 0.9202
[2023-22-07 17:53:45 - INFO:] max_lr: 0.0005, min_lr: 0.0000
[2023-22-07 17:53:45 - INFO:] ======================================
[2023-22-07 17:56:29 - INFO:] epoch: 159/200
[2023-22-07 17:56:29 - INFO:] train_loss: 0.3810
[2023-22-07 17:56:29 - INFO:] learning_rate: 0.0005
[2023-22-07 17:56:29 - INFO:] test_acc: 91.9199%, test_loss: 0.006
[2023-22-07 17:56:29 - INFO:] max_test_acc: 0.9192
[2023-22-07 17:56:29 - INFO:] max_lr: 0.0005, min_lr: 0.0000
[2023-22-07 17:56:29 - INFO:] ======================================
[2023-22-07 17:59:14 - INFO:] epoch: 160/200
[2023-22-07 17:59:14 - INFO:] train_loss: 0.4070
[2023-22-07 17:59:14 - INFO:] learning_rate: 0.0005
[2023-22-07 17:59:14 - INFO:] test_acc: 91.8111%, test_loss: 0.006
[2023-22-07 17:59:14 - INFO:] max_test_acc: 0.9181
[2023-22-07 17:59:14 - INFO:] max_lr: 0.0005, min_lr: 0.0000
[2023-22-07 17:59:14 - INFO:] ======================================
[2023-22-07 18:01:59 - INFO:] epoch: 161/200
[2023-22-07 18:01:59 - INFO:] train_loss: 0.4012
[2023-22-07 18:01:59 - INFO:] learning_rate: 0.0005
[2023-22-07 18:01:59 - INFO:] test_acc: 91.9330%, test_loss: 0.006
[2023-22-07 18:01:59 - INFO:] max_test_acc: 0.9193
[2023-22-07 18:01:59 - INFO:] max_lr: 0.0005, min_lr: 0.0000
[2023-22-07 18:01:59 - INFO:] ======================================
[2023-22-07 18:04:43 - INFO:] epoch: 162/200
[2023-22-07 18:04:43 - INFO:] train_loss: 0.4255
[2023-22-07 18:04:43 - INFO:] learning_rate: 0.0005
[2023-22-07 18:04:43 - INFO:] test_acc: 91.8415%, test_loss: 0.006
[2023-22-07 18:04:43 - INFO:] max_test_acc: 0.9184
[2023-22-07 18:04:43 - INFO:] max_lr: 0.0005, min_lr: 0.0000
[2023-22-07 18:04:43 - INFO:] ======================================
[2023-22-07 18:07:28 - INFO:] epoch: 163/200
[2023-22-07 18:07:28 - INFO:] train_loss: 0.4378
[2023-22-07 18:07:28 - INFO:] learning_rate: 0.0004
[2023-22-07 18:07:28 - INFO:] test_acc: 91.7414%, test_loss: 0.006
[2023-22-07 18:07:28 - INFO:] max_test_acc: 0.9174
[2023-22-07 18:07:28 - INFO:] max_lr: 0.0005, min_lr: 0.0000
[2023-22-07 18:07:28 - INFO:] ======================================
[2023-22-07 18:10:13 - INFO:] epoch: 164/200
[2023-22-07 18:10:13 - INFO:] train_loss: 0.3696
[2023-22-07 18:10:13 - INFO:] learning_rate: 0.0003
[2023-22-07 18:10:13 - INFO:] test_acc: 91.8154%, test_loss: 0.006
[2023-22-07 18:10:13 - INFO:] max_test_acc: 0.9182
[2023-22-07 18:10:13 - INFO:] max_lr: 0.0005, min_lr: 0.0000
[2023-22-07 18:10:13 - INFO:] ======================================
[2023-22-07 18:12:57 - INFO:] epoch: 165/200
[2023-22-07 18:12:57 - INFO:] train_loss: 0.3452
[2023-22-07 18:12:57 - INFO:] learning_rate: 0.0003
[2023-22-07 18:12:57 - INFO:] test_acc: 91.7022%, test_loss: 0.006
[2023-22-07 18:12:57 - INFO:] max_test_acc: 0.9170
[2023-22-07 18:12:57 - INFO:] max_lr: 0.0005, min_lr: 0.0000
[2023-22-07 18:12:57 - INFO:] ======================================
[2023-22-07 18:15:42 - INFO:] epoch: 166/200
[2023-22-07 18:15:42 - INFO:] train_loss: 0.4231
[2023-22-07 18:15:42 - INFO:] learning_rate: 0.0002
[2023-22-07 18:15:42 - INFO:] test_acc: 91.8764%, test_loss: 0.006
[2023-22-07 18:15:42 - INFO:] max_test_acc: 0.9188
[2023-22-07 18:15:42 - INFO:] max_lr: 0.0005, min_lr: 0.0000
[2023-22-07 18:15:42 - INFO:] ======================================
[2023-22-07 18:18:26 - INFO:] epoch: 167/200
[2023-22-07 18:18:26 - INFO:] train_loss: 0.3996
[2023-22-07 18:18:26 - INFO:] learning_rate: 0.0001
[2023-22-07 18:18:26 - INFO:] test_acc: 91.8111%, test_loss: 0.006
[2023-22-07 18:18:26 - INFO:] max_test_acc: 0.9181
[2023-22-07 18:18:26 - INFO:] max_lr: 0.0005, min_lr: 0.0000
[2023-22-07 18:18:26 - INFO:] ======================================
[2023-22-07 18:21:11 - INFO:] epoch: 168/200
[2023-22-07 18:21:11 - INFO:] train_loss: 0.4023
[2023-22-07 18:21:11 - INFO:] learning_rate: 0.0000
[2023-22-07 18:21:11 - INFO:] test_acc: 91.8720%, test_loss: 0.006
[2023-22-07 18:21:11 - INFO:] max_test_acc: 0.9187
[2023-22-07 18:21:11 - INFO:] max_lr: 0.0005, min_lr: 0.0000
[2023-22-07 18:21:11 - INFO:] ======================================
[2023-22-07 18:23:55 - INFO:] epoch: 169/200
[2023-22-07 18:23:55 - INFO:] train_loss: 0.3513
[2023-22-07 18:23:55 - INFO:] learning_rate: 0.0000
[2023-22-07 18:23:55 - INFO:] test_acc: 91.8851%, test_loss: 0.006
[2023-22-07 18:23:55 - INFO:] max_test_acc: 0.9189
[2023-22-07 18:23:55 - INFO:] max_lr: 0.0005, min_lr: 0.0000
[2023-22-07 18:23:55 - INFO:] ======================================
[2023-22-07 18:26:40 - INFO:] epoch: 170/200
[2023-22-07 18:26:40 - INFO:] train_loss: 0.4060
[2023-22-07 18:26:40 - INFO:] learning_rate: 0.0000
[2023-22-07 18:26:40 - INFO:] test_acc: 91.9504%, test_loss: 0.006
[2023-22-07 18:26:40 - INFO:] max_test_acc: 0.9195
[2023-22-07 18:26:40 - INFO:] max_lr: 0.0005, min_lr: 0.0000
[2023-22-07 18:26:40 - INFO:] ======================================
[2023-22-07 18:29:25 - INFO:] epoch: 171/200
[2023-22-07 18:29:25 - INFO:] train_loss: 0.3992
[2023-22-07 18:29:25 - INFO:] learning_rate: 0.0000
[2023-22-07 18:29:25 - INFO:] test_acc: 91.9330%, test_loss: 0.006
[2023-22-07 18:29:25 - INFO:] max_test_acc: 0.9193
[2023-22-07 18:29:25 - INFO:] max_lr: 0.0005, min_lr: 0.0000
[2023-22-07 18:29:25 - INFO:] ======================================
[2023-22-07 18:32:10 - INFO:] epoch: 172/200
[2023-22-07 18:32:10 - INFO:] train_loss: 0.4104
[2023-22-07 18:32:10 - INFO:] learning_rate: 0.0000
[2023-22-07 18:32:10 - INFO:] test_acc: 91.9025%, test_loss: 0.006
[2023-22-07 18:32:10 - INFO:] max_test_acc: 0.9190
[2023-22-07 18:32:10 - INFO:] max_lr: 0.0005, min_lr: 0.0000
[2023-22-07 18:32:10 - INFO:] ======================================
[2023-22-07 18:34:54 - INFO:] epoch: 173/200
[2023-22-07 18:34:54 - INFO:] train_loss: 0.4017
[2023-22-07 18:34:54 - INFO:] learning_rate: 0.0001
[2023-22-07 18:34:54 - INFO:] test_acc: 91.8546%, test_loss: 0.006
[2023-22-07 18:34:54 - INFO:] max_test_acc: 0.9185
[2023-22-07 18:34:54 - INFO:] max_lr: 0.0005, min_lr: 0.0000
[2023-22-07 18:34:54 - INFO:] ======================================
[2023-22-07 18:37:39 - INFO:] epoch: 174/200
[2023-22-07 18:37:39 - INFO:] train_loss: 0.4016
[2023-22-07 18:37:39 - INFO:] learning_rate: 0.0002
[2023-22-07 18:37:39 - INFO:] test_acc: 91.9286%, test_loss: 0.006
[2023-22-07 18:37:39 - INFO:] max_test_acc: 0.9193
[2023-22-07 18:37:39 - INFO:] max_lr: 0.0005, min_lr: 0.0000
[2023-22-07 18:37:39 - INFO:] ======================================
[2023-22-07 18:40:23 - INFO:] epoch: 175/200
[2023-22-07 18:40:23 - INFO:] train_loss: 0.4015
[2023-22-07 18:40:23 - INFO:] learning_rate: 0.0003
[2023-22-07 18:40:23 - INFO:] test_acc: 91.9373%, test_loss: 0.006
[2023-22-07 18:40:23 - INFO:] max_test_acc: 0.9194
[2023-22-07 18:40:23 - INFO:] max_lr: 0.0005, min_lr: 0.0000
[2023-22-07 18:40:23 - INFO:] ======================================
[2023-22-07 18:43:07 - INFO:] epoch: 176/200
[2023-22-07 18:43:07 - INFO:] train_loss: 0.4338
[2023-22-07 18:43:07 - INFO:] learning_rate: 0.0003
[2023-22-07 18:43:07 - INFO:] test_acc: 91.8067%, test_loss: 0.006
[2023-22-07 18:43:07 - INFO:] max_test_acc: 0.9181
[2023-22-07 18:43:07 - INFO:] max_lr: 0.0005, min_lr: 0.0000
[2023-22-07 18:43:07 - INFO:] ======================================
[2023-22-07 18:45:52 - INFO:] epoch: 177/200
[2023-22-07 18:45:52 - INFO:] train_loss: 0.4039
[2023-22-07 18:45:52 - INFO:] learning_rate: 0.0004
[2023-22-07 18:45:52 - INFO:] test_acc: 91.8677%, test_loss: 0.006
[2023-22-07 18:45:52 - INFO:] max_test_acc: 0.9187
[2023-22-07 18:45:52 - INFO:] max_lr: 0.0005, min_lr: 0.0000
[2023-22-07 18:45:52 - INFO:] ======================================
[2023-22-07 18:48:37 - INFO:] epoch: 178/200
[2023-22-07 18:48:37 - INFO:] train_loss: 0.3970
[2023-22-07 18:48:37 - INFO:] learning_rate: 0.0005
[2023-22-07 18:48:37 - INFO:] test_acc: 91.9068%, test_loss: 0.006
[2023-22-07 18:48:37 - INFO:] max_test_acc: 0.9191
[2023-22-07 18:48:37 - INFO:] max_lr: 0.0005, min_lr: 0.0000
[2023-22-07 18:48:37 - INFO:] ======================================
[2023-22-07 18:51:22 - INFO:] epoch: 179/200
[2023-22-07 18:51:22 - INFO:] train_loss: 0.4104
[2023-22-07 18:51:22 - INFO:] learning_rate: 0.0005
[2023-22-07 18:51:22 - INFO:] test_acc: 91.8546%, test_loss: 0.006
[2023-22-07 18:51:22 - INFO:] max_test_acc: 0.9185
[2023-22-07 18:51:22 - INFO:] max_lr: 0.0005, min_lr: 0.0000
[2023-22-07 18:51:22 - INFO:] ======================================
[2023-22-07 18:54:06 - INFO:] epoch: 180/200
[2023-22-07 18:54:06 - INFO:] train_loss: 0.4087
[2023-22-07 18:54:06 - INFO:] learning_rate: 0.0005
[2023-22-07 18:54:06 - INFO:] test_acc: 91.8198%, test_loss: 0.006
[2023-22-07 18:54:06 - INFO:] max_test_acc: 0.9182
[2023-22-07 18:54:06 - INFO:] max_lr: 0.0005, min_lr: 0.0000
[2023-22-07 18:54:06 - INFO:] ======================================
[2023-22-07 18:56:51 - INFO:] epoch: 181/200
[2023-22-07 18:56:51 - INFO:] train_loss: 0.4414
[2023-22-07 18:56:51 - INFO:] learning_rate: 0.0005
[2023-22-07 18:56:51 - INFO:] test_acc: 91.9242%, test_loss: 0.006
[2023-22-07 18:56:51 - INFO:] max_test_acc: 0.9192
[2023-22-07 18:56:51 - INFO:] max_lr: 0.0005, min_lr: 0.0000
[2023-22-07 18:56:51 - INFO:] ======================================
[2023-22-07 18:59:35 - INFO:] epoch: 182/200
[2023-22-07 18:59:35 - INFO:] train_loss: 0.3992
[2023-22-07 18:59:35 - INFO:] learning_rate: 0.0005
[2023-22-07 18:59:35 - INFO:] test_acc: 91.9765%, test_loss: 0.006
[2023-22-07 18:59:35 - INFO:] max_test_acc: 0.9198
[2023-22-07 18:59:35 - INFO:] max_lr: 0.0005, min_lr: 0.0000
[2023-22-07 18:59:35 - INFO:] ======================================
[2023-22-07 19:02:20 - INFO:] epoch: 183/200
[2023-22-07 19:02:20 - INFO:] train_loss: 0.3695
[2023-22-07 19:02:20 - INFO:] learning_rate: 0.0004
[2023-22-07 19:02:20 - INFO:] test_acc: 91.7196%, test_loss: 0.006
[2023-22-07 19:02:20 - INFO:] max_test_acc: 0.9172
[2023-22-07 19:02:20 - INFO:] max_lr: 0.0005, min_lr: 0.0000
[2023-22-07 19:02:20 - INFO:] ======================================
[2023-22-07 19:05:04 - INFO:] epoch: 184/200
[2023-22-07 19:05:04 - INFO:] train_loss: 0.4833
[2023-22-07 19:05:04 - INFO:] learning_rate: 0.0003
[2023-22-07 19:05:04 - INFO:] test_acc: 91.8720%, test_loss: 0.006
[2023-22-07 19:05:04 - INFO:] max_test_acc: 0.9187
[2023-22-07 19:05:04 - INFO:] max_lr: 0.0005, min_lr: 0.0000
[2023-22-07 19:05:04 - INFO:] ======================================
[2023-22-07 19:07:49 - INFO:] epoch: 185/200
[2023-22-07 19:07:49 - INFO:] train_loss: 0.4343
[2023-22-07 19:07:49 - INFO:] learning_rate: 0.0003
[2023-22-07 19:07:49 - INFO:] test_acc: 91.8546%, test_loss: 0.006
[2023-22-07 19:07:49 - INFO:] max_test_acc: 0.9185
[2023-22-07 19:07:49 - INFO:] max_lr: 0.0005, min_lr: 0.0000
[2023-22-07 19:07:49 - INFO:] ======================================
[2023-22-07 19:10:33 - INFO:] epoch: 186/200
[2023-22-07 19:10:33 - INFO:] train_loss: 0.4413
[2023-22-07 19:10:33 - INFO:] learning_rate: 0.0002
[2023-22-07 19:10:33 - INFO:] test_acc: 91.9025%, test_loss: 0.006
[2023-22-07 19:10:33 - INFO:] max_test_acc: 0.9190
[2023-22-07 19:10:33 - INFO:] max_lr: 0.0005, min_lr: 0.0000
[2023-22-07 19:10:33 - INFO:] ======================================
[2023-22-07 19:13:18 - INFO:] epoch: 187/200
[2023-22-07 19:13:18 - INFO:] train_loss: 0.4540
[2023-22-07 19:13:18 - INFO:] learning_rate: 0.0001
[2023-22-07 19:13:18 - INFO:] test_acc: 91.8633%, test_loss: 0.006
[2023-22-07 19:13:18 - INFO:] max_test_acc: 0.9186
[2023-22-07 19:13:18 - INFO:] max_lr: 0.0005, min_lr: 0.0000
[2023-22-07 19:13:18 - INFO:] ======================================
[2023-22-07 19:16:03 - INFO:] epoch: 188/200
[2023-22-07 19:16:03 - INFO:] train_loss: 0.3763
[2023-22-07 19:16:03 - INFO:] learning_rate: 0.0000
[2023-22-07 19:16:03 - INFO:] test_acc: 91.9068%, test_loss: 0.006
[2023-22-07 19:16:03 - INFO:] max_test_acc: 0.9191
[2023-22-07 19:16:03 - INFO:] max_lr: 0.0005, min_lr: 0.0000
[2023-22-07 19:16:03 - INFO:] ======================================
[2023-22-07 19:18:47 - INFO:] epoch: 189/200
[2023-22-07 19:18:47 - INFO:] train_loss: 0.3950
[2023-22-07 19:18:47 - INFO:] learning_rate: 0.0000
[2023-22-07 19:18:47 - INFO:] test_acc: 91.8807%, test_loss: 0.006
[2023-22-07 19:18:47 - INFO:] max_test_acc: 0.9188
[2023-22-07 19:18:47 - INFO:] max_lr: 0.0005, min_lr: 0.0000
[2023-22-07 19:18:47 - INFO:] ======================================
[2023-22-07 19:21:32 - INFO:] epoch: 190/200
[2023-22-07 19:21:32 - INFO:] train_loss: 0.4355
[2023-22-07 19:21:32 - INFO:] learning_rate: 0.0000
[2023-22-07 19:21:32 - INFO:] test_acc: 91.8938%, test_loss: 0.006
[2023-22-07 19:21:32 - INFO:] max_test_acc: 0.9189
[2023-22-07 19:21:32 - INFO:] max_lr: 0.0005, min_lr: 0.0000
[2023-22-07 19:21:32 - INFO:] ======================================
[2023-22-07 19:24:16 - INFO:] epoch: 191/200
[2023-22-07 19:24:16 - INFO:] train_loss: 0.4261
[2023-22-07 19:24:16 - INFO:] learning_rate: 0.0000
[2023-22-07 19:24:16 - INFO:] test_acc: 91.8894%, test_loss: 0.006
[2023-22-07 19:24:16 - INFO:] max_test_acc: 0.9189
[2023-22-07 19:24:16 - INFO:] max_lr: 0.0005, min_lr: 0.0000
[2023-22-07 19:24:16 - INFO:] ======================================
[2023-22-07 19:27:01 - INFO:] epoch: 192/200
[2023-22-07 19:27:01 - INFO:] train_loss: 0.4177
[2023-22-07 19:27:01 - INFO:] learning_rate: 0.0000
[2023-22-07 19:27:01 - INFO:] test_acc: 91.8981%, test_loss: 0.006
[2023-22-07 19:27:01 - INFO:] max_test_acc: 0.9190
[2023-22-07 19:27:01 - INFO:] max_lr: 0.0005, min_lr: 0.0000
[2023-22-07 19:27:01 - INFO:] ======================================
[2023-22-07 19:29:46 - INFO:] epoch: 193/200
[2023-22-07 19:29:46 - INFO:] train_loss: 0.3875
[2023-22-07 19:29:46 - INFO:] learning_rate: 0.0001
[2023-22-07 19:29:46 - INFO:] test_acc: 91.8938%, test_loss: 0.006
[2023-22-07 19:29:46 - INFO:] max_test_acc: 0.9189
[2023-22-07 19:29:46 - INFO:] max_lr: 0.0005, min_lr: 0.0000
[2023-22-07 19:29:46 - INFO:] ======================================
[2023-22-07 19:32:31 - INFO:] epoch: 194/200
[2023-22-07 19:32:31 - INFO:] train_loss: 0.3446
[2023-22-07 19:32:31 - INFO:] learning_rate: 0.0002
[2023-22-07 19:32:31 - INFO:] test_acc: 91.8677%, test_loss: 0.006
[2023-22-07 19:32:31 - INFO:] max_test_acc: 0.9187
[2023-22-07 19:32:31 - INFO:] max_lr: 0.0005, min_lr: 0.0000
[2023-22-07 19:32:31 - INFO:] ======================================
[2023-22-07 19:35:16 - INFO:] epoch: 195/200
[2023-22-07 19:35:16 - INFO:] train_loss: 0.3612
[2023-22-07 19:35:16 - INFO:] learning_rate: 0.0003
[2023-22-07 19:35:16 - INFO:] test_acc: 91.9504%, test_loss: 0.006
[2023-22-07 19:35:16 - INFO:] max_test_acc: 0.9195
[2023-22-07 19:35:16 - INFO:] max_lr: 0.0005, min_lr: 0.0000
[2023-22-07 19:35:16 - INFO:] ======================================
[2023-22-07 19:38:01 - INFO:] epoch: 196/200
[2023-22-07 19:38:01 - INFO:] train_loss: 0.4307
[2023-22-07 19:38:01 - INFO:] learning_rate: 0.0003
[2023-22-07 19:38:01 - INFO:] test_acc: 91.9678%, test_loss: 0.006
[2023-22-07 19:38:01 - INFO:] max_test_acc: 0.9197
[2023-22-07 19:38:01 - INFO:] max_lr: 0.0005, min_lr: 0.0000
[2023-22-07 19:38:01 - INFO:] ======================================
[2023-22-07 19:40:45 - INFO:] epoch: 197/200
[2023-22-07 19:40:45 - INFO:] train_loss: 0.3764
[2023-22-07 19:40:45 - INFO:] learning_rate: 0.0004
[2023-22-07 19:40:45 - INFO:] test_acc: 91.8546%, test_loss: 0.006
[2023-22-07 19:40:45 - INFO:] max_test_acc: 0.9185
[2023-22-07 19:40:45 - INFO:] max_lr: 0.0005, min_lr: 0.0000
[2023-22-07 19:40:45 - INFO:] ======================================
[2023-22-07 19:43:30 - INFO:] epoch: 198/200
[2023-22-07 19:43:30 - INFO:] train_loss: 0.4143
[2023-22-07 19:43:30 - INFO:] learning_rate: 0.0005
[2023-22-07 19:43:30 - INFO:] test_acc: 91.8546%, test_loss: 0.006
[2023-22-07 19:43:30 - INFO:] max_test_acc: 0.9185
[2023-22-07 19:43:30 - INFO:] max_lr: 0.0005, min_lr: 0.0000
[2023-22-07 19:43:30 - INFO:] ======================================
[2023-22-07 19:46:15 - INFO:] epoch: 199/200
[2023-22-07 19:46:15 - INFO:] train_loss: 0.4317
[2023-22-07 19:46:15 - INFO:] learning_rate: 0.0005
[2023-22-07 19:46:15 - INFO:] test_acc: 91.8241%, test_loss: 0.006
[2023-22-07 19:46:15 - INFO:] max_test_acc: 0.9182
[2023-22-07 19:46:15 - INFO:] max_lr: 0.0005, min_lr: 0.0000
[2023-22-07 19:46:15 - INFO:] ======================================
[2023-22-07 19:48:59 - INFO:] epoch: 200/200
[2023-22-07 19:48:59 - INFO:] train_loss: 0.3871
[2023-22-07 19:48:59 - INFO:] learning_rate: 0.0005
[2023-22-07 19:48:59 - INFO:] test_acc: 91.9852%, test_loss: 0.006
[2023-22-07 19:48:59 - INFO:] max_test_acc: 0.9199
[2023-22-07 19:48:59 - INFO:] max_lr: 0.0005, min_lr: 0.0000
[2023-22-07 19:48:59 - INFO:] ======================================
