[2023-0803 2201 - INFO] <<< BEATs_iter3_plus_AS2M - 1 fc layer >>> 
[2023-0803 2201 - INFO] Add FrequencyMasking and TimeMasking
[2023-0803 2201 - INFO] # trainset_size = 17010
[2023-0803 2201 - INFO] # testset_size = 27070
[2023-0803 2201 - INFO] # train_a/p = 8505/8505
[2023-0803 2201 - INFO] # test_a/p = 20920/6150
[2023-0803 2201 - INFO] # batch_size = 128
[2023-0803 2201 - INFO] # learning_rate = 0.005
[2023-0803 2201 - INFO] # num_epochs = 100
[2023-0803 2201 - INFO] # padding_size = 3500
[2023-0803 2201 - INFO] # loss_fn = CE
[2023-0803 2201 - INFO] # scheduler = None
[2023-0803 2201 - INFO] # optimizer = AdamW (
Parameter Group 0
    amsgrad: False
    betas: (0.9, 0.999)
    capturable: False
    differentiable: False
    eps: 1e-08
    foreach: None
    fused: None
    lr: 0.005
    maximize: False
    weight_decay: 0.01
)
[2023-0803 2201 - INFO] -------------------------------------
[2023-0803 2202 - INFO] epoch: 1/100
[2023-0803 2202 - INFO] learning_rate: 0.0050
[2023-0803 2202 - INFO] train_acc: 72.504%, train_loss: 0.0043
[2023-0803 2202 - INFO] test_acc: 79.708%, test_loss: 0.0032
[2023-0803 2202 - INFO] max_train_acc: 72.504%
[2023-0803 2202 - INFO] max_test_acc: 79.708%
[2023-0803 2202 - INFO] max_lr: 0.0050, min_lr: 0.0050
[2023-0803 2202 - INFO] ======================================
[2023-0803 2204 - INFO] epoch: 2/100
[2023-0803 2204 - INFO] learning_rate: 0.0050
[2023-0803 2204 - INFO] train_acc: 73.639%, train_loss: 0.0041
[2023-0803 2204 - INFO] test_acc: 77.233%, test_loss: 0.0036
[2023-0803 2204 - INFO] max_train_acc: 73.639%
[2023-0803 2204 - INFO] max_test_acc: 79.708%
[2023-0803 2204 - INFO] max_lr: 0.0050, min_lr: 0.0050
[2023-0803 2204 - INFO] ======================================
[2023-0803 2205 - INFO] epoch: 3/100
[2023-0803 2205 - INFO] learning_rate: 0.0050
[2023-0803 2205 - INFO] train_acc: 73.733%, train_loss: 0.0041
[2023-0803 2205 - INFO] test_acc: 84.318%, test_loss: 0.0028
[2023-0803 2205 - INFO] max_train_acc: 73.733%
[2023-0803 2205 - INFO] max_test_acc: 84.318%
[2023-0803 2205 - INFO] max_lr: 0.0050, min_lr: 0.0050
[2023-0803 2205 - INFO] ======================================
[2023-0803 2206 - INFO] epoch: 4/100
[2023-0803 2206 - INFO] learning_rate: 0.0050
[2023-0803 2206 - INFO] train_acc: 73.792%, train_loss: 0.0041
[2023-0803 2206 - INFO] test_acc: 74.991%, test_loss: 0.0037
[2023-0803 2206 - INFO] max_train_acc: 73.792%
[2023-0803 2206 - INFO] max_test_acc: 84.318%
[2023-0803 2206 - INFO] max_lr: 0.0050, min_lr: 0.0050
[2023-0803 2206 - INFO] ======================================
[2023-0803 2208 - INFO] epoch: 5/100
[2023-0803 2208 - INFO] learning_rate: 0.0050
[2023-0803 2208 - INFO] train_acc: 73.915%, train_loss: 0.0040
[2023-0803 2208 - INFO] test_acc: 79.383%, test_loss: 0.0033
[2023-0803 2208 - INFO] max_train_acc: 73.915%
[2023-0803 2208 - INFO] max_test_acc: 84.318%
[2023-0803 2208 - INFO] max_lr: 0.0050, min_lr: 0.0050
[2023-0803 2208 - INFO] ======================================
[2023-0803 2209 - INFO] epoch: 6/100
[2023-0803 2209 - INFO] learning_rate: 0.0050
[2023-0803 2209 - INFO] train_acc: 73.986%, train_loss: 0.0040
[2023-0803 2209 - INFO] test_acc: 81.371%, test_loss: 0.0031
[2023-0803 2209 - INFO] max_train_acc: 73.986%
[2023-0803 2209 - INFO] max_test_acc: 84.318%
[2023-0803 2209 - INFO] max_lr: 0.0050, min_lr: 0.0050
[2023-0803 2209 - INFO] ======================================
[2023-0803 2211 - INFO] epoch: 7/100
[2023-0803 2211 - INFO] learning_rate: 0.0050
[2023-0803 2211 - INFO] train_acc: 74.209%, train_loss: 0.0040
[2023-0803 2211 - INFO] test_acc: 82.737%, test_loss: 0.0029
[2023-0803 2211 - INFO] max_train_acc: 74.209%
[2023-0803 2211 - INFO] max_test_acc: 84.318%
[2023-0803 2211 - INFO] max_lr: 0.0050, min_lr: 0.0050
[2023-0803 2211 - INFO] ======================================
[2023-0803 2212 - INFO] epoch: 8/100
[2023-0803 2212 - INFO] learning_rate: 0.0050
[2023-0803 2212 - INFO] train_acc: 74.286%, train_loss: 0.0040
[2023-0803 2212 - INFO] test_acc: 79.475%, test_loss: 0.0033
[2023-0803 2212 - INFO] max_train_acc: 74.286%
[2023-0803 2212 - INFO] max_test_acc: 84.318%
[2023-0803 2212 - INFO] max_lr: 0.0050, min_lr: 0.0050
[2023-0803 2212 - INFO] ======================================
[2023-0803 2214 - INFO] epoch: 9/100
[2023-0803 2214 - INFO] learning_rate: 0.0050
[2023-0803 2214 - INFO] train_acc: 73.715%, train_loss: 0.0040
[2023-0803 2214 - INFO] test_acc: 81.880%, test_loss: 0.0030
[2023-0803 2214 - INFO] max_train_acc: 74.286%
[2023-0803 2214 - INFO] max_test_acc: 84.318%
[2023-0803 2214 - INFO] max_lr: 0.0050, min_lr: 0.0050
[2023-0803 2214 - INFO] ======================================
[2023-0803 2215 - INFO] epoch: 10/100
[2023-0803 2215 - INFO] learning_rate: 0.0050
[2023-0803 2215 - INFO] train_acc: 73.998%, train_loss: 0.0040
[2023-0803 2215 - INFO] test_acc: 76.564%, test_loss: 0.0036
[2023-0803 2215 - INFO] max_train_acc: 74.286%
[2023-0803 2215 - INFO] max_test_acc: 84.318%
[2023-0803 2215 - INFO] max_lr: 0.0050, min_lr: 0.0050
[2023-0803 2215 - INFO] ======================================
[2023-0803 2217 - INFO] epoch: 11/100
[2023-0803 2217 - INFO] learning_rate: 0.0050
[2023-0803 2217 - INFO] train_acc: 73.821%, train_loss: 0.0040
[2023-0803 2217 - INFO] test_acc: 79.834%, test_loss: 0.0032
[2023-0803 2217 - INFO] max_train_acc: 74.286%
[2023-0803 2217 - INFO] max_test_acc: 84.318%
[2023-0803 2217 - INFO] max_lr: 0.0050, min_lr: 0.0050
[2023-0803 2217 - INFO] ======================================
[2023-0803 2218 - INFO] epoch: 12/100
[2023-0803 2218 - INFO] learning_rate: 0.0050
[2023-0803 2218 - INFO] train_acc: 74.004%, train_loss: 0.0040
[2023-0803 2218 - INFO] test_acc: 81.134%, test_loss: 0.0031
[2023-0803 2218 - INFO] max_train_acc: 74.286%
[2023-0803 2218 - INFO] max_test_acc: 84.318%
[2023-0803 2218 - INFO] max_lr: 0.0050, min_lr: 0.0050
[2023-0803 2218 - INFO] ======================================
[2023-0803 2220 - INFO] epoch: 13/100
[2023-0803 2220 - INFO] learning_rate: 0.0050
[2023-0803 2220 - INFO] train_acc: 74.174%, train_loss: 0.0040
[2023-0803 2220 - INFO] test_acc: 75.441%, test_loss: 0.0037
[2023-0803 2220 - INFO] max_train_acc: 74.286%
[2023-0803 2220 - INFO] max_test_acc: 84.318%
[2023-0803 2220 - INFO] max_lr: 0.0050, min_lr: 0.0050
[2023-0803 2220 - INFO] ======================================
[2023-0803 2221 - INFO] epoch: 14/100
[2023-0803 2221 - INFO] learning_rate: 0.0050
[2023-0803 2221 - INFO] train_acc: 74.021%, train_loss: 0.0040
[2023-0803 2221 - INFO] test_acc: 75.161%, test_loss: 0.0037
[2023-0803 2221 - INFO] max_train_acc: 74.286%
[2023-0803 2221 - INFO] max_test_acc: 84.318%
[2023-0803 2221 - INFO] max_lr: 0.0050, min_lr: 0.0050
[2023-0803 2221 - INFO] ======================================
[2023-0803 2223 - INFO] epoch: 15/100
[2023-0803 2223 - INFO] learning_rate: 0.0050
[2023-0803 2223 - INFO] train_acc: 73.445%, train_loss: 0.0041
[2023-0803 2223 - INFO] test_acc: 83.613%, test_loss: 0.0028
[2023-0803 2223 - INFO] max_train_acc: 74.286%
[2023-0803 2223 - INFO] max_test_acc: 84.318%
[2023-0803 2223 - INFO] max_lr: 0.0050, min_lr: 0.0050
[2023-0803 2223 - INFO] ======================================
[2023-0803 2224 - INFO] epoch: 16/100
[2023-0803 2224 - INFO] learning_rate: 0.0050
[2023-0803 2224 - INFO] train_acc: 74.156%, train_loss: 0.0040
[2023-0803 2224 - INFO] test_acc: 78.275%, test_loss: 0.0035
[2023-0803 2224 - INFO] max_train_acc: 74.286%
[2023-0803 2224 - INFO] max_test_acc: 84.318%
[2023-0803 2224 - INFO] max_lr: 0.0050, min_lr: 0.0050
[2023-0803 2224 - INFO] ======================================
[2023-0803 2225 - INFO] epoch: 17/100
[2023-0803 2225 - INFO] learning_rate: 0.0050
[2023-0803 2225 - INFO] train_acc: 74.068%, train_loss: 0.0040
[2023-0803 2225 - INFO] test_acc: 78.279%, test_loss: 0.0034
[2023-0803 2225 - INFO] max_train_acc: 74.286%
[2023-0803 2225 - INFO] max_test_acc: 84.318%
[2023-0803 2225 - INFO] max_lr: 0.0050, min_lr: 0.0050
[2023-0803 2225 - INFO] ======================================
[2023-0803 2227 - INFO] epoch: 18/100
[2023-0803 2227 - INFO] learning_rate: 0.0050
[2023-0803 2227 - INFO] train_acc: 73.909%, train_loss: 0.0040
[2023-0803 2227 - INFO] test_acc: 77.255%, test_loss: 0.0035
[2023-0803 2227 - INFO] max_train_acc: 74.286%
[2023-0803 2227 - INFO] max_test_acc: 84.318%
[2023-0803 2227 - INFO] max_lr: 0.0050, min_lr: 0.0050
[2023-0803 2227 - INFO] ======================================
[2023-0803 2228 - INFO] epoch: 19/100
[2023-0803 2228 - INFO] learning_rate: 0.0050
[2023-0803 2228 - INFO] train_acc: 74.315%, train_loss: 0.0040
[2023-0803 2228 - INFO] test_acc: 80.022%, test_loss: 0.0032
[2023-0803 2228 - INFO] max_train_acc: 74.315%
[2023-0803 2228 - INFO] max_test_acc: 84.318%
[2023-0803 2228 - INFO] max_lr: 0.0050, min_lr: 0.0050
[2023-0803 2228 - INFO] ======================================
[2023-0803 2230 - INFO] epoch: 20/100
[2023-0803 2230 - INFO] learning_rate: 0.0050
[2023-0803 2230 - INFO] train_acc: 73.504%, train_loss: 0.0040
[2023-0803 2230 - INFO] test_acc: 73.003%, test_loss: 0.0040
[2023-0803 2230 - INFO] max_train_acc: 74.315%
[2023-0803 2230 - INFO] max_test_acc: 84.318%
[2023-0803 2230 - INFO] max_lr: 0.0050, min_lr: 0.0050
[2023-0803 2230 - INFO] ======================================
[2023-0803 2231 - INFO] epoch: 21/100
[2023-0803 2231 - INFO] learning_rate: 0.0050
[2023-0803 2231 - INFO] train_acc: 73.668%, train_loss: 0.0040
[2023-0803 2231 - INFO] test_acc: 80.846%, test_loss: 0.0031
[2023-0803 2231 - INFO] max_train_acc: 74.315%
[2023-0803 2231 - INFO] max_test_acc: 84.318%
[2023-0803 2231 - INFO] max_lr: 0.0050, min_lr: 0.0050
[2023-0803 2231 - INFO] ======================================
[2023-0803 2233 - INFO] epoch: 22/100
[2023-0803 2233 - INFO] learning_rate: 0.0050
[2023-0803 2233 - INFO] train_acc: 73.927%, train_loss: 0.0040
[2023-0803 2233 - INFO] test_acc: 77.418%, test_loss: 0.0035
[2023-0803 2233 - INFO] max_train_acc: 74.315%
[2023-0803 2233 - INFO] max_test_acc: 84.318%
[2023-0803 2233 - INFO] max_lr: 0.0050, min_lr: 0.0050
[2023-0803 2233 - INFO] ======================================
[2023-0803 2234 - INFO] epoch: 23/100
[2023-0803 2234 - INFO] learning_rate: 0.0050
[2023-0803 2234 - INFO] train_acc: 74.092%, train_loss: 0.0040
[2023-0803 2234 - INFO] test_acc: 79.113%, test_loss: 0.0033
[2023-0803 2234 - INFO] max_train_acc: 74.315%
[2023-0803 2234 - INFO] max_test_acc: 84.318%
[2023-0803 2234 - INFO] max_lr: 0.0050, min_lr: 0.0050
[2023-0803 2234 - INFO] ======================================
[2023-0803 2236 - INFO] epoch: 24/100
[2023-0803 2236 - INFO] learning_rate: 0.0050
[2023-0803 2236 - INFO] train_acc: 74.098%, train_loss: 0.0040
[2023-0803 2236 - INFO] test_acc: 77.503%, test_loss: 0.0034
[2023-0803 2236 - INFO] max_train_acc: 74.315%
[2023-0803 2236 - INFO] max_test_acc: 84.318%
[2023-0803 2236 - INFO] max_lr: 0.0050, min_lr: 0.0050
[2023-0803 2236 - INFO] ======================================
[2023-0803 2237 - INFO] epoch: 25/100
[2023-0803 2237 - INFO] learning_rate: 0.0050
[2023-0803 2237 - INFO] train_acc: 74.427%, train_loss: 0.0040
[2023-0803 2237 - INFO] test_acc: 82.748%, test_loss: 0.0029
[2023-0803 2237 - INFO] max_train_acc: 74.427%
[2023-0803 2237 - INFO] max_test_acc: 84.318%
[2023-0803 2237 - INFO] max_lr: 0.0050, min_lr: 0.0050
[2023-0803 2237 - INFO] ======================================
[2023-0803 2239 - INFO] epoch: 26/100
[2023-0803 2239 - INFO] learning_rate: 0.0050
[2023-0803 2239 - INFO] train_acc: 74.444%, train_loss: 0.0040
[2023-0803 2239 - INFO] test_acc: 82.191%, test_loss: 0.0029
[2023-0803 2239 - INFO] max_train_acc: 74.444%
[2023-0803 2239 - INFO] max_test_acc: 84.318%
[2023-0803 2239 - INFO] max_lr: 0.0050, min_lr: 0.0050
[2023-0803 2239 - INFO] ======================================
[2023-0803 2240 - INFO] epoch: 27/100
[2023-0803 2240 - INFO] learning_rate: 0.0050
[2023-0803 2240 - INFO] train_acc: 74.015%, train_loss: 0.0040
[2023-0803 2240 - INFO] test_acc: 83.598%, test_loss: 0.0028
[2023-0803 2240 - INFO] max_train_acc: 74.444%
[2023-0803 2240 - INFO] max_test_acc: 84.318%
[2023-0803 2240 - INFO] max_lr: 0.0050, min_lr: 0.0050
[2023-0803 2240 - INFO] ======================================
[2023-0803 2242 - INFO] epoch: 28/100
[2023-0803 2242 - INFO] learning_rate: 0.0050
[2023-0803 2242 - INFO] train_acc: 74.068%, train_loss: 0.0040
[2023-0803 2242 - INFO] test_acc: 83.823%, test_loss: 0.0028
[2023-0803 2242 - INFO] max_train_acc: 74.444%
[2023-0803 2242 - INFO] max_test_acc: 84.318%
[2023-0803 2242 - INFO] max_lr: 0.0050, min_lr: 0.0050
[2023-0803 2242 - INFO] ======================================
[2023-0803 2243 - INFO] epoch: 29/100
[2023-0803 2243 - INFO] learning_rate: 0.0050
[2023-0803 2243 - INFO] train_acc: 73.692%, train_loss: 0.0040
[2023-0803 2243 - INFO] test_acc: 76.838%, test_loss: 0.0036
[2023-0803 2243 - INFO] max_train_acc: 74.444%
[2023-0803 2243 - INFO] max_test_acc: 84.318%
[2023-0803 2243 - INFO] max_lr: 0.0050, min_lr: 0.0050
[2023-0803 2243 - INFO] ======================================
[2023-0803 2244 - INFO] epoch: 30/100
[2023-0803 2244 - INFO] learning_rate: 0.0050
[2023-0803 2244 - INFO] train_acc: 73.904%, train_loss: 0.0040
[2023-0803 2244 - INFO] test_acc: 84.692%, test_loss: 0.0027
[2023-0803 2244 - INFO] max_train_acc: 74.444%
[2023-0803 2244 - INFO] max_test_acc: 84.692%
[2023-0803 2244 - INFO] max_lr: 0.0050, min_lr: 0.0050
[2023-0803 2244 - INFO] ======================================
[2023-0803 2246 - INFO] epoch: 31/100
[2023-0803 2246 - INFO] learning_rate: 0.0050
[2023-0803 2246 - INFO] train_acc: 73.604%, train_loss: 0.0040
[2023-0803 2246 - INFO] test_acc: 81.936%, test_loss: 0.0030
[2023-0803 2246 - INFO] max_train_acc: 74.444%
[2023-0803 2246 - INFO] max_test_acc: 84.692%
[2023-0803 2246 - INFO] max_lr: 0.0050, min_lr: 0.0050
[2023-0803 2246 - INFO] ======================================
[2023-0803 2247 - INFO] epoch: 32/100
[2023-0803 2247 - INFO] learning_rate: 0.0050
[2023-0803 2247 - INFO] train_acc: 74.074%, train_loss: 0.0040
[2023-0803 2247 - INFO] test_acc: 80.495%, test_loss: 0.0031
[2023-0803 2247 - INFO] max_train_acc: 74.444%
[2023-0803 2247 - INFO] max_test_acc: 84.692%
[2023-0803 2247 - INFO] max_lr: 0.0050, min_lr: 0.0050
[2023-0803 2247 - INFO] ======================================
[2023-0803 2249 - INFO] epoch: 33/100
[2023-0803 2249 - INFO] learning_rate: 0.0050
[2023-0803 2249 - INFO] train_acc: 74.827%, train_loss: 0.0039
[2023-0803 2249 - INFO] test_acc: 81.489%, test_loss: 0.0030
[2023-0803 2249 - INFO] max_train_acc: 74.827%
[2023-0803 2249 - INFO] max_test_acc: 84.692%
[2023-0803 2249 - INFO] max_lr: 0.0050, min_lr: 0.0050
[2023-0803 2249 - INFO] ======================================
[2023-0803 2250 - INFO] epoch: 34/100
[2023-0803 2250 - INFO] learning_rate: 0.0050
[2023-0803 2250 - INFO] train_acc: 74.133%, train_loss: 0.0040
[2023-0803 2250 - INFO] test_acc: 73.864%, test_loss: 0.0040
[2023-0803 2250 - INFO] max_train_acc: 74.827%
[2023-0803 2250 - INFO] max_test_acc: 84.692%
[2023-0803 2250 - INFO] max_lr: 0.0050, min_lr: 0.0050
[2023-0803 2250 - INFO] ======================================
[2023-0803 2252 - INFO] epoch: 35/100
[2023-0803 2252 - INFO] learning_rate: 0.0050
[2023-0803 2252 - INFO] train_acc: 73.815%, train_loss: 0.0040
[2023-0803 2252 - INFO] test_acc: 84.880%, test_loss: 0.0027
[2023-0803 2252 - INFO] max_train_acc: 74.827%
[2023-0803 2252 - INFO] max_test_acc: 84.880%
[2023-0803 2252 - INFO] max_lr: 0.0050, min_lr: 0.0050
[2023-0803 2252 - INFO] ======================================
[2023-0803 2253 - INFO] epoch: 36/100
[2023-0803 2253 - INFO] learning_rate: 0.0050
[2023-0803 2253 - INFO] train_acc: 73.939%, train_loss: 0.0040
[2023-0803 2253 - INFO] test_acc: 83.805%, test_loss: 0.0028
[2023-0803 2253 - INFO] max_train_acc: 74.827%
[2023-0803 2253 - INFO] max_test_acc: 84.880%
[2023-0803 2253 - INFO] max_lr: 0.0050, min_lr: 0.0050
[2023-0803 2253 - INFO] ======================================
[2023-0803 2255 - INFO] epoch: 37/100
[2023-0803 2255 - INFO] learning_rate: 0.0050
[2023-0803 2255 - INFO] train_acc: 74.180%, train_loss: 0.0040
[2023-0803 2255 - INFO] test_acc: 77.939%, test_loss: 0.0035
[2023-0803 2255 - INFO] max_train_acc: 74.827%
[2023-0803 2255 - INFO] max_test_acc: 84.880%
[2023-0803 2255 - INFO] max_lr: 0.0050, min_lr: 0.0050
[2023-0803 2255 - INFO] ======================================
[2023-0803 2256 - INFO] epoch: 38/100
[2023-0803 2256 - INFO] learning_rate: 0.0050
[2023-0803 2256 - INFO] train_acc: 74.062%, train_loss: 0.0040
[2023-0803 2256 - INFO] test_acc: 77.362%, test_loss: 0.0035
[2023-0803 2256 - INFO] max_train_acc: 74.827%
[2023-0803 2256 - INFO] max_test_acc: 84.880%
[2023-0803 2256 - INFO] max_lr: 0.0050, min_lr: 0.0050
[2023-0803 2256 - INFO] ======================================
[2023-0803 2258 - INFO] epoch: 39/100
[2023-0803 2258 - INFO] learning_rate: 0.0050
[2023-0803 2258 - INFO] train_acc: 74.045%, train_loss: 0.0040
[2023-0803 2258 - INFO] test_acc: 80.595%, test_loss: 0.0031
[2023-0803 2258 - INFO] max_train_acc: 74.827%
[2023-0803 2258 - INFO] max_test_acc: 84.880%
[2023-0803 2258 - INFO] max_lr: 0.0050, min_lr: 0.0050
[2023-0803 2258 - INFO] ======================================
[2023-0803 2259 - INFO] epoch: 40/100
[2023-0803 2259 - INFO] learning_rate: 0.0050
[2023-0803 2259 - INFO] train_acc: 74.103%, train_loss: 0.0040
[2023-0803 2259 - INFO] test_acc: 79.679%, test_loss: 0.0032
[2023-0803 2259 - INFO] max_train_acc: 74.827%
[2023-0803 2259 - INFO] max_test_acc: 84.880%
[2023-0803 2259 - INFO] max_lr: 0.0050, min_lr: 0.0050
[2023-0803 2259 - INFO] ======================================
[2023-0803 2300 - INFO] epoch: 41/100
[2023-0803 2300 - INFO] learning_rate: 0.0050
[2023-0803 2300 - INFO] train_acc: 74.098%, train_loss: 0.0040
[2023-0803 2300 - INFO] test_acc: 77.300%, test_loss: 0.0035
[2023-0803 2300 - INFO] max_train_acc: 74.827%
[2023-0803 2300 - INFO] max_test_acc: 84.880%
[2023-0803 2300 - INFO] max_lr: 0.0050, min_lr: 0.0050
[2023-0803 2300 - INFO] ======================================
[2023-0803 2302 - INFO] epoch: 42/100
[2023-0803 2302 - INFO] learning_rate: 0.0050
[2023-0803 2302 - INFO] train_acc: 74.051%, train_loss: 0.0040
[2023-0803 2302 - INFO] test_acc: 76.649%, test_loss: 0.0035
[2023-0803 2302 - INFO] max_train_acc: 74.827%
[2023-0803 2302 - INFO] max_test_acc: 84.880%
[2023-0803 2302 - INFO] max_lr: 0.0050, min_lr: 0.0050
[2023-0803 2302 - INFO] ======================================
[2023-0803 2303 - INFO] epoch: 43/100
[2023-0803 2303 - INFO] learning_rate: 0.0050
[2023-0803 2303 - INFO] train_acc: 73.933%, train_loss: 0.0040
[2023-0803 2303 - INFO] test_acc: 82.863%, test_loss: 0.0029
[2023-0803 2303 - INFO] max_train_acc: 74.827%
[2023-0803 2303 - INFO] max_test_acc: 84.880%
[2023-0803 2303 - INFO] max_lr: 0.0050, min_lr: 0.0050
[2023-0803 2303 - INFO] ======================================
[2023-0803 2305 - INFO] epoch: 44/100
[2023-0803 2305 - INFO] learning_rate: 0.0050
[2023-0803 2305 - INFO] train_acc: 73.839%, train_loss: 0.0040
[2023-0803 2305 - INFO] test_acc: 77.104%, test_loss: 0.0037
[2023-0803 2305 - INFO] max_train_acc: 74.827%
[2023-0803 2305 - INFO] max_test_acc: 84.880%
[2023-0803 2305 - INFO] max_lr: 0.0050, min_lr: 0.0050
[2023-0803 2305 - INFO] ======================================
[2023-0803 2306 - INFO] epoch: 45/100
[2023-0803 2306 - INFO] learning_rate: 0.0050
[2023-0803 2306 - INFO] train_acc: 73.704%, train_loss: 0.0040
[2023-0803 2306 - INFO] test_acc: 76.055%, test_loss: 0.0037
[2023-0803 2306 - INFO] max_train_acc: 74.827%
[2023-0803 2306 - INFO] max_test_acc: 84.880%
[2023-0803 2306 - INFO] max_lr: 0.0050, min_lr: 0.0050
[2023-0803 2306 - INFO] ======================================
[2023-0803 2308 - INFO] epoch: 46/100
[2023-0803 2308 - INFO] learning_rate: 0.0050
[2023-0803 2308 - INFO] train_acc: 74.027%, train_loss: 0.0040
[2023-0803 2308 - INFO] test_acc: 79.450%, test_loss: 0.0033
[2023-0803 2308 - INFO] max_train_acc: 74.827%
[2023-0803 2308 - INFO] max_test_acc: 84.880%
[2023-0803 2308 - INFO] max_lr: 0.0050, min_lr: 0.0050
[2023-0803 2308 - INFO] ======================================
[2023-0803 2309 - INFO] epoch: 47/100
[2023-0803 2309 - INFO] learning_rate: 0.0050
[2023-0803 2309 - INFO] train_acc: 73.821%, train_loss: 0.0040
[2023-0803 2309 - INFO] test_acc: 74.677%, test_loss: 0.0039
[2023-0803 2309 - INFO] max_train_acc: 74.827%
[2023-0803 2309 - INFO] max_test_acc: 84.880%
[2023-0803 2309 - INFO] max_lr: 0.0050, min_lr: 0.0050
[2023-0803 2309 - INFO] ======================================
[2023-0803 2311 - INFO] epoch: 48/100
[2023-0803 2311 - INFO] learning_rate: 0.0050
[2023-0803 2311 - INFO] train_acc: 73.192%, train_loss: 0.0041
[2023-0803 2311 - INFO] test_acc: 79.505%, test_loss: 0.0033
[2023-0803 2311 - INFO] max_train_acc: 74.827%
[2023-0803 2311 - INFO] max_test_acc: 84.880%
[2023-0803 2311 - INFO] max_lr: 0.0050, min_lr: 0.0050
[2023-0803 2311 - INFO] ======================================
[2023-0803 2312 - INFO] epoch: 49/100
[2023-0803 2312 - INFO] learning_rate: 0.0050
[2023-0803 2312 - INFO] train_acc: 73.945%, train_loss: 0.0040
[2023-0803 2312 - INFO] test_acc: 77.599%, test_loss: 0.0035
[2023-0803 2312 - INFO] max_train_acc: 74.827%
[2023-0803 2312 - INFO] max_test_acc: 84.880%
[2023-0803 2312 - INFO] max_lr: 0.0050, min_lr: 0.0050
[2023-0803 2312 - INFO] ======================================
[2023-0803 2314 - INFO] epoch: 50/100
[2023-0803 2314 - INFO] learning_rate: 0.0050
[2023-0803 2314 - INFO] train_acc: 74.056%, train_loss: 0.0040
[2023-0803 2314 - INFO] test_acc: 71.020%, test_loss: 0.0044
[2023-0803 2314 - INFO] max_train_acc: 74.827%
[2023-0803 2314 - INFO] max_test_acc: 84.880%
[2023-0803 2314 - INFO] max_lr: 0.0050, min_lr: 0.0050
[2023-0803 2314 - INFO] ======================================
[2023-0803 2315 - INFO] epoch: 51/100
[2023-0803 2315 - INFO] learning_rate: 0.0050
[2023-0803 2315 - INFO] train_acc: 74.080%, train_loss: 0.0040
[2023-0803 2315 - INFO] test_acc: 76.934%, test_loss: 0.0035
[2023-0803 2315 - INFO] max_train_acc: 74.827%
[2023-0803 2315 - INFO] max_test_acc: 84.880%
[2023-0803 2315 - INFO] max_lr: 0.0050, min_lr: 0.0050
[2023-0803 2315 - INFO] ======================================
[2023-0803 2317 - INFO] epoch: 52/100
[2023-0803 2317 - INFO] learning_rate: 0.0050
[2023-0803 2317 - INFO] train_acc: 73.815%, train_loss: 0.0040
[2023-0803 2317 - INFO] test_acc: 74.115%, test_loss: 0.0039
[2023-0803 2317 - INFO] max_train_acc: 74.827%
[2023-0803 2317 - INFO] max_test_acc: 84.880%
[2023-0803 2317 - INFO] max_lr: 0.0050, min_lr: 0.0050
[2023-0803 2317 - INFO] ======================================
[2023-0803 2318 - INFO] epoch: 53/100
[2023-0803 2318 - INFO] learning_rate: 0.0050
[2023-0803 2318 - INFO] train_acc: 73.927%, train_loss: 0.0040
[2023-0803 2318 - INFO] test_acc: 73.347%, test_loss: 0.0040
[2023-0803 2318 - INFO] max_train_acc: 74.827%
[2023-0803 2318 - INFO] max_test_acc: 84.880%
[2023-0803 2318 - INFO] max_lr: 0.0050, min_lr: 0.0050
[2023-0803 2318 - INFO] ======================================
[2023-0803 2319 - INFO] epoch: 54/100
[2023-0803 2319 - INFO] learning_rate: 0.0050
[2023-0803 2319 - INFO] train_acc: 74.121%, train_loss: 0.0040
[2023-0803 2319 - INFO] test_acc: 76.036%, test_loss: 0.0037
[2023-0803 2319 - INFO] max_train_acc: 74.827%
[2023-0803 2319 - INFO] max_test_acc: 84.880%
[2023-0803 2319 - INFO] max_lr: 0.0050, min_lr: 0.0050
[2023-0803 2319 - INFO] ======================================
[2023-0803 2321 - INFO] epoch: 55/100
[2023-0803 2321 - INFO] learning_rate: 0.0050
[2023-0803 2321 - INFO] train_acc: 73.404%, train_loss: 0.0041
[2023-0803 2321 - INFO] test_acc: 75.600%, test_loss: 0.0039
[2023-0803 2321 - INFO] max_train_acc: 74.827%
[2023-0803 2321 - INFO] max_test_acc: 84.880%
[2023-0803 2321 - INFO] max_lr: 0.0050, min_lr: 0.0050
[2023-0803 2321 - INFO] ======================================
[2023-0803 2322 - INFO] epoch: 56/100
[2023-0803 2322 - INFO] learning_rate: 0.0050
[2023-0803 2322 - INFO] train_acc: 73.427%, train_loss: 0.0041
[2023-0803 2322 - INFO] test_acc: 70.321%, test_loss: 0.0047
[2023-0803 2322 - INFO] max_train_acc: 74.827%
[2023-0803 2322 - INFO] max_test_acc: 84.880%
[2023-0803 2322 - INFO] max_lr: 0.0050, min_lr: 0.0050
[2023-0803 2322 - INFO] ======================================
[2023-0803 2324 - INFO] epoch: 57/100
[2023-0803 2324 - INFO] learning_rate: 0.0050
[2023-0803 2324 - INFO] train_acc: 73.921%, train_loss: 0.0040
[2023-0803 2324 - INFO] test_acc: 79.306%, test_loss: 0.0033
[2023-0803 2324 - INFO] max_train_acc: 74.827%
[2023-0803 2324 - INFO] max_test_acc: 84.880%
[2023-0803 2324 - INFO] max_lr: 0.0050, min_lr: 0.0050
[2023-0803 2324 - INFO] ======================================
[2023-0803 2325 - INFO] epoch: 58/100
[2023-0803 2325 - INFO] learning_rate: 0.0050
[2023-0803 2325 - INFO] train_acc: 73.474%, train_loss: 0.0041
[2023-0803 2325 - INFO] test_acc: 75.006%, test_loss: 0.0037
[2023-0803 2325 - INFO] max_train_acc: 74.827%
[2023-0803 2325 - INFO] max_test_acc: 84.880%
[2023-0803 2325 - INFO] max_lr: 0.0050, min_lr: 0.0050
[2023-0803 2325 - INFO] ======================================
[2023-0803 2327 - INFO] epoch: 59/100
[2023-0803 2327 - INFO] learning_rate: 0.0050
[2023-0803 2327 - INFO] train_acc: 74.004%, train_loss: 0.0040
[2023-0803 2327 - INFO] test_acc: 72.893%, test_loss: 0.0042
[2023-0803 2327 - INFO] max_train_acc: 74.827%
[2023-0803 2327 - INFO] max_test_acc: 84.880%
[2023-0803 2327 - INFO] max_lr: 0.0050, min_lr: 0.0050
[2023-0803 2327 - INFO] ======================================
[2023-0803 2328 - INFO] epoch: 60/100
[2023-0803 2328 - INFO] learning_rate: 0.0050
[2023-0803 2328 - INFO] train_acc: 73.898%, train_loss: 0.0040
[2023-0803 2328 - INFO] test_acc: 82.264%, test_loss: 0.0029
[2023-0803 2328 - INFO] max_train_acc: 74.827%
[2023-0803 2328 - INFO] max_test_acc: 84.880%
[2023-0803 2328 - INFO] max_lr: 0.0050, min_lr: 0.0050
[2023-0803 2328 - INFO] ======================================
[2023-0803 2330 - INFO] epoch: 61/100
[2023-0803 2330 - INFO] learning_rate: 0.0050
[2023-0803 2330 - INFO] train_acc: 74.086%, train_loss: 0.0040
[2023-0803 2330 - INFO] test_acc: 78.386%, test_loss: 0.0034
[2023-0803 2330 - INFO] max_train_acc: 74.827%
[2023-0803 2330 - INFO] max_test_acc: 84.880%
[2023-0803 2330 - INFO] max_lr: 0.0050, min_lr: 0.0050
[2023-0803 2330 - INFO] ======================================
[2023-0803 2331 - INFO] epoch: 62/100
[2023-0803 2331 - INFO] learning_rate: 0.0050
[2023-0803 2331 - INFO] train_acc: 74.150%, train_loss: 0.0040
[2023-0803 2331 - INFO] test_acc: 83.450%, test_loss: 0.0028
[2023-0803 2331 - INFO] max_train_acc: 74.827%
[2023-0803 2331 - INFO] max_test_acc: 84.880%
[2023-0803 2331 - INFO] max_lr: 0.0050, min_lr: 0.0050
[2023-0803 2331 - INFO] ======================================
[2023-0803 2333 - INFO] epoch: 63/100
[2023-0803 2333 - INFO] learning_rate: 0.0050
[2023-0803 2333 - INFO] train_acc: 73.175%, train_loss: 0.0041
[2023-0803 2333 - INFO] test_acc: 81.034%, test_loss: 0.0031
[2023-0803 2333 - INFO] max_train_acc: 74.827%
[2023-0803 2333 - INFO] max_test_acc: 84.880%
[2023-0803 2333 - INFO] max_lr: 0.0050, min_lr: 0.0050
[2023-0803 2333 - INFO] ======================================
[2023-0803 2334 - INFO] epoch: 64/100
[2023-0803 2334 - INFO] learning_rate: 0.0050
[2023-0803 2334 - INFO] train_acc: 74.080%, train_loss: 0.0040
[2023-0803 2334 - INFO] test_acc: 81.193%, test_loss: 0.0030
[2023-0803 2334 - INFO] max_train_acc: 74.827%
[2023-0803 2334 - INFO] max_test_acc: 84.880%
[2023-0803 2334 - INFO] max_lr: 0.0050, min_lr: 0.0050
[2023-0803 2334 - INFO] ======================================
[2023-0803 2336 - INFO] epoch: 65/100
[2023-0803 2336 - INFO] learning_rate: 0.0050
[2023-0803 2336 - INFO] train_acc: 73.998%, train_loss: 0.0040
[2023-0803 2336 - INFO] test_acc: 80.000%, test_loss: 0.0032
[2023-0803 2336 - INFO] max_train_acc: 74.827%
[2023-0803 2336 - INFO] max_test_acc: 84.880%
[2023-0803 2336 - INFO] max_lr: 0.0050, min_lr: 0.0050
[2023-0803 2336 - INFO] ======================================
[2023-0803 2337 - INFO] epoch: 66/100
[2023-0803 2337 - INFO] learning_rate: 0.0050
[2023-0803 2337 - INFO] train_acc: 74.180%, train_loss: 0.0040
[2023-0803 2337 - INFO] test_acc: 77.998%, test_loss: 0.0034
[2023-0803 2337 - INFO] max_train_acc: 74.827%
[2023-0803 2337 - INFO] max_test_acc: 84.880%
[2023-0803 2337 - INFO] max_lr: 0.0050, min_lr: 0.0050
[2023-0803 2337 - INFO] ======================================
[2023-0803 2338 - INFO] epoch: 67/100
[2023-0803 2338 - INFO] learning_rate: 0.0050
[2023-0803 2338 - INFO] train_acc: 74.321%, train_loss: 0.0040
[2023-0803 2338 - INFO] test_acc: 84.215%, test_loss: 0.0028
[2023-0803 2338 - INFO] max_train_acc: 74.827%
[2023-0803 2338 - INFO] max_test_acc: 84.880%
[2023-0803 2338 - INFO] max_lr: 0.0050, min_lr: 0.0050
[2023-0803 2338 - INFO] ======================================
[2023-0803 2340 - INFO] epoch: 68/100
[2023-0803 2340 - INFO] learning_rate: 0.0050
[2023-0803 2340 - INFO] train_acc: 73.886%, train_loss: 0.0040
[2023-0803 2340 - INFO] test_acc: 80.694%, test_loss: 0.0031
[2023-0803 2340 - INFO] max_train_acc: 74.827%
[2023-0803 2340 - INFO] max_test_acc: 84.880%
[2023-0803 2340 - INFO] max_lr: 0.0050, min_lr: 0.0050
[2023-0803 2340 - INFO] ======================================
[2023-0803 2341 - INFO] epoch: 69/100
[2023-0803 2341 - INFO] learning_rate: 0.0050
[2023-0803 2341 - INFO] train_acc: 74.056%, train_loss: 0.0040
[2023-0803 2341 - INFO] test_acc: 80.458%, test_loss: 0.0031
[2023-0803 2341 - INFO] max_train_acc: 74.827%
[2023-0803 2341 - INFO] max_test_acc: 84.880%
[2023-0803 2341 - INFO] max_lr: 0.0050, min_lr: 0.0050
[2023-0803 2341 - INFO] ======================================
[2023-0803 2343 - INFO] epoch: 70/100
[2023-0803 2343 - INFO] learning_rate: 0.0050
[2023-0803 2343 - INFO] train_acc: 74.250%, train_loss: 0.0040
[2023-0803 2343 - INFO] test_acc: 75.471%, test_loss: 0.0039
[2023-0803 2343 - INFO] max_train_acc: 74.827%
[2023-0803 2343 - INFO] max_test_acc: 84.880%
[2023-0803 2343 - INFO] max_lr: 0.0050, min_lr: 0.0050
[2023-0803 2343 - INFO] ======================================
[2023-0803 2344 - INFO] epoch: 71/100
[2023-0803 2344 - INFO] learning_rate: 0.0050
[2023-0803 2344 - INFO] train_acc: 74.274%, train_loss: 0.0040
[2023-0803 2344 - INFO] test_acc: 84.296%, test_loss: 0.0027
[2023-0803 2344 - INFO] max_train_acc: 74.827%
[2023-0803 2344 - INFO] max_test_acc: 84.880%
[2023-0803 2344 - INFO] max_lr: 0.0050, min_lr: 0.0050
[2023-0803 2344 - INFO] ======================================
[2023-0803 2346 - INFO] epoch: 72/100
[2023-0803 2346 - INFO] learning_rate: 0.0050
[2023-0803 2346 - INFO] train_acc: 74.033%, train_loss: 0.0040
[2023-0803 2346 - INFO] test_acc: 76.391%, test_loss: 0.0036
[2023-0803 2346 - INFO] max_train_acc: 74.827%
[2023-0803 2346 - INFO] max_test_acc: 84.880%
[2023-0803 2346 - INFO] max_lr: 0.0050, min_lr: 0.0050
[2023-0803 2346 - INFO] ======================================
[2023-0803 2347 - INFO] epoch: 73/100
[2023-0803 2347 - INFO] learning_rate: 0.0050
[2023-0803 2347 - INFO] train_acc: 74.133%, train_loss: 0.0040
[2023-0803 2347 - INFO] test_acc: 79.642%, test_loss: 0.0032
[2023-0803 2347 - INFO] max_train_acc: 74.827%
[2023-0803 2347 - INFO] max_test_acc: 84.880%
[2023-0803 2347 - INFO] max_lr: 0.0050, min_lr: 0.0050
[2023-0803 2347 - INFO] ======================================
[2023-0803 2349 - INFO] epoch: 74/100
[2023-0803 2349 - INFO] learning_rate: 0.0050
[2023-0803 2349 - INFO] train_acc: 73.986%, train_loss: 0.0040
[2023-0803 2349 - INFO] test_acc: 78.692%, test_loss: 0.0034
[2023-0803 2349 - INFO] max_train_acc: 74.827%
[2023-0803 2349 - INFO] max_test_acc: 84.880%
[2023-0803 2349 - INFO] max_lr: 0.0050, min_lr: 0.0050
[2023-0803 2349 - INFO] ======================================
[2023-0803 2350 - INFO] epoch: 75/100
[2023-0803 2350 - INFO] learning_rate: 0.0050
[2023-0803 2350 - INFO] train_acc: 73.727%, train_loss: 0.0040
[2023-0803 2350 - INFO] test_acc: 73.136%, test_loss: 0.0040
[2023-0803 2350 - INFO] max_train_acc: 74.827%
[2023-0803 2350 - INFO] max_test_acc: 84.880%
[2023-0803 2350 - INFO] max_lr: 0.0050, min_lr: 0.0050
[2023-0803 2350 - INFO] ======================================
[2023-0803 2352 - INFO] epoch: 76/100
[2023-0803 2352 - INFO] learning_rate: 0.0050
[2023-0803 2352 - INFO] train_acc: 74.027%, train_loss: 0.0040
[2023-0803 2352 - INFO] test_acc: 79.775%, test_loss: 0.0032
[2023-0803 2352 - INFO] max_train_acc: 74.827%
[2023-0803 2352 - INFO] max_test_acc: 84.880%
[2023-0803 2352 - INFO] max_lr: 0.0050, min_lr: 0.0050
[2023-0803 2352 - INFO] ======================================
[2023-0803 2353 - INFO] epoch: 77/100
[2023-0803 2353 - INFO] learning_rate: 0.0050
[2023-0803 2353 - INFO] train_acc: 74.180%, train_loss: 0.0040
[2023-0803 2353 - INFO] test_acc: 81.829%, test_loss: 0.0030
[2023-0803 2353 - INFO] max_train_acc: 74.827%
[2023-0803 2353 - INFO] max_test_acc: 84.880%
[2023-0803 2353 - INFO] max_lr: 0.0050, min_lr: 0.0050
[2023-0803 2353 - INFO] ======================================
[2023-0803 2355 - INFO] epoch: 78/100
[2023-0803 2355 - INFO] learning_rate: 0.0050
[2023-0803 2355 - INFO] train_acc: 73.674%, train_loss: 0.0040
[2023-0803 2355 - INFO] test_acc: 79.184%, test_loss: 0.0033
[2023-0803 2355 - INFO] max_train_acc: 74.827%
[2023-0803 2355 - INFO] max_test_acc: 84.880%
[2023-0803 2355 - INFO] max_lr: 0.0050, min_lr: 0.0050
[2023-0803 2355 - INFO] ======================================
[2023-0803 2356 - INFO] epoch: 79/100
[2023-0803 2356 - INFO] learning_rate: 0.0050
[2023-0803 2356 - INFO] train_acc: 74.051%, train_loss: 0.0040
[2023-0803 2356 - INFO] test_acc: 77.414%, test_loss: 0.0036
[2023-0803 2356 - INFO] max_train_acc: 74.827%
[2023-0803 2356 - INFO] max_test_acc: 84.880%
[2023-0803 2356 - INFO] max_lr: 0.0050, min_lr: 0.0050
[2023-0803 2356 - INFO] ======================================
[2023-0803 2357 - INFO] epoch: 80/100
[2023-0803 2357 - INFO] learning_rate: 0.0050
[2023-0803 2357 - INFO] train_acc: 74.133%, train_loss: 0.0040
[2023-0803 2357 - INFO] test_acc: 75.560%, test_loss: 0.0038
[2023-0803 2357 - INFO] max_train_acc: 74.827%
[2023-0803 2357 - INFO] max_test_acc: 84.880%
[2023-0803 2357 - INFO] max_lr: 0.0050, min_lr: 0.0050
[2023-0803 2357 - INFO] ======================================
[2023-0803 2359 - INFO] epoch: 81/100
[2023-0803 2359 - INFO] learning_rate: 0.0050
[2023-0803 2359 - INFO] train_acc: 74.250%, train_loss: 0.0040
[2023-0803 2359 - INFO] test_acc: 81.548%, test_loss: 0.0030
[2023-0803 2359 - INFO] max_train_acc: 74.827%
[2023-0803 2359 - INFO] max_test_acc: 84.880%
[2023-0803 2359 - INFO] max_lr: 0.0050, min_lr: 0.0050
[2023-0803 2359 - INFO] ======================================
[2023-0804 0000 - INFO] epoch: 82/100
[2023-0804 0000 - INFO] learning_rate: 0.0050
[2023-0804 0000 - INFO] train_acc: 74.339%, train_loss: 0.0040
[2023-0804 0000 - INFO] test_acc: 75.338%, test_loss: 0.0037
[2023-0804 0000 - INFO] max_train_acc: 74.827%
[2023-0804 0000 - INFO] max_test_acc: 84.880%
[2023-0804 0000 - INFO] max_lr: 0.0050, min_lr: 0.0050
[2023-0804 0000 - INFO] ======================================
[2023-0804 0002 - INFO] epoch: 83/100
[2023-0804 0002 - INFO] learning_rate: 0.0050
[2023-0804 0002 - INFO] train_acc: 74.380%, train_loss: 0.0040
[2023-0804 0002 - INFO] test_acc: 73.262%, test_loss: 0.0040
[2023-0804 0002 - INFO] max_train_acc: 74.827%
[2023-0804 0002 - INFO] max_test_acc: 84.880%
[2023-0804 0002 - INFO] max_lr: 0.0050, min_lr: 0.0050
[2023-0804 0002 - INFO] ======================================
[2023-0804 0003 - INFO] epoch: 84/100
[2023-0804 0003 - INFO] learning_rate: 0.0050
[2023-0804 0003 - INFO] train_acc: 73.915%, train_loss: 0.0041
[2023-0804 0003 - INFO] test_acc: 78.563%, test_loss: 0.0033
[2023-0804 0003 - INFO] max_train_acc: 74.827%
[2023-0804 0003 - INFO] max_test_acc: 84.880%
[2023-0804 0003 - INFO] max_lr: 0.0050, min_lr: 0.0050
[2023-0804 0003 - INFO] ======================================
[2023-0804 0005 - INFO] epoch: 85/100
[2023-0804 0005 - INFO] learning_rate: 0.0050
[2023-0804 0005 - INFO] train_acc: 73.351%, train_loss: 0.0041
[2023-0804 0005 - INFO] test_acc: 82.567%, test_loss: 0.0029
[2023-0804 0005 - INFO] max_train_acc: 74.827%
[2023-0804 0005 - INFO] max_test_acc: 84.880%
[2023-0804 0005 - INFO] max_lr: 0.0050, min_lr: 0.0050
[2023-0804 0005 - INFO] ======================================
[2023-0804 0006 - INFO] epoch: 86/100
[2023-0804 0006 - INFO] learning_rate: 0.0050
[2023-0804 0006 - INFO] train_acc: 73.410%, train_loss: 0.0041
[2023-0804 0006 - INFO] test_acc: 75.172%, test_loss: 0.0037
[2023-0804 0006 - INFO] max_train_acc: 74.827%
[2023-0804 0006 - INFO] max_test_acc: 84.880%
[2023-0804 0006 - INFO] max_lr: 0.0050, min_lr: 0.0050
[2023-0804 0006 - INFO] ======================================
[2023-0804 0008 - INFO] epoch: 87/100
[2023-0804 0008 - INFO] learning_rate: 0.0050
[2023-0804 0008 - INFO] train_acc: 74.562%, train_loss: 0.0039
[2023-0804 0008 - INFO] test_acc: 79.741%, test_loss: 0.0032
[2023-0804 0008 - INFO] max_train_acc: 74.827%
[2023-0804 0008 - INFO] max_test_acc: 84.880%
[2023-0804 0008 - INFO] max_lr: 0.0050, min_lr: 0.0050
[2023-0804 0008 - INFO] ======================================
[2023-0804 0009 - INFO] epoch: 88/100
[2023-0804 0009 - INFO] learning_rate: 0.0050
[2023-0804 0009 - INFO] train_acc: 73.810%, train_loss: 0.0040
[2023-0804 0009 - INFO] test_acc: 80.787%, test_loss: 0.0031
[2023-0804 0009 - INFO] max_train_acc: 74.827%
[2023-0804 0009 - INFO] max_test_acc: 84.880%
[2023-0804 0009 - INFO] max_lr: 0.0050, min_lr: 0.0050
[2023-0804 0009 - INFO] ======================================
[2023-0804 0011 - INFO] epoch: 89/100
[2023-0804 0011 - INFO] learning_rate: 0.0050
[2023-0804 0011 - INFO] train_acc: 73.363%, train_loss: 0.0041
[2023-0804 0011 - INFO] test_acc: 74.459%, test_loss: 0.0040
[2023-0804 0011 - INFO] max_train_acc: 74.827%
[2023-0804 0011 - INFO] max_test_acc: 84.880%
[2023-0804 0011 - INFO] max_lr: 0.0050, min_lr: 0.0050
[2023-0804 0011 - INFO] ======================================
[2023-0804 0012 - INFO] epoch: 90/100
[2023-0804 0012 - INFO] learning_rate: 0.0050
[2023-0804 0012 - INFO] train_acc: 73.927%, train_loss: 0.0040
[2023-0804 0012 - INFO] test_acc: 79.509%, test_loss: 0.0032
[2023-0804 0012 - INFO] max_train_acc: 74.827%
[2023-0804 0012 - INFO] max_test_acc: 84.880%
[2023-0804 0012 - INFO] max_lr: 0.0050, min_lr: 0.0050
[2023-0804 0012 - INFO] ======================================
[2023-0804 0014 - INFO] epoch: 91/100
[2023-0804 0014 - INFO] learning_rate: 0.0050
[2023-0804 0014 - INFO] train_acc: 73.663%, train_loss: 0.0040
[2023-0804 0014 - INFO] test_acc: 77.909%, test_loss: 0.0034
[2023-0804 0014 - INFO] max_train_acc: 74.827%
[2023-0804 0014 - INFO] max_test_acc: 84.880%
[2023-0804 0014 - INFO] max_lr: 0.0050, min_lr: 0.0050
[2023-0804 0014 - INFO] ======================================
[2023-0804 0015 - INFO] epoch: 92/100
[2023-0804 0015 - INFO] learning_rate: 0.0050
[2023-0804 0015 - INFO] train_acc: 74.621%, train_loss: 0.0040
[2023-0804 0015 - INFO] test_acc: 76.805%, test_loss: 0.0036
[2023-0804 0015 - INFO] max_train_acc: 74.827%
[2023-0804 0015 - INFO] max_test_acc: 84.880%
[2023-0804 0015 - INFO] max_lr: 0.0050, min_lr: 0.0050
[2023-0804 0015 - INFO] ======================================
[2023-0804 0016 - INFO] epoch: 93/100
[2023-0804 0016 - INFO] learning_rate: 0.0050
[2023-0804 0016 - INFO] train_acc: 74.174%, train_loss: 0.0040
[2023-0804 0016 - INFO] test_acc: 83.738%, test_loss: 0.0028
[2023-0804 0016 - INFO] max_train_acc: 74.827%
[2023-0804 0016 - INFO] max_test_acc: 84.880%
[2023-0804 0016 - INFO] max_lr: 0.0050, min_lr: 0.0050
[2023-0804 0016 - INFO] ======================================
[2023-0804 0018 - INFO] epoch: 94/100
[2023-0804 0018 - INFO] learning_rate: 0.0050
[2023-0804 0018 - INFO] train_acc: 73.551%, train_loss: 0.0040
[2023-0804 0018 - INFO] test_acc: 78.977%, test_loss: 0.0034
[2023-0804 0018 - INFO] max_train_acc: 74.827%
[2023-0804 0018 - INFO] max_test_acc: 84.880%
[2023-0804 0018 - INFO] max_lr: 0.0050, min_lr: 0.0050
[2023-0804 0018 - INFO] ======================================
[2023-0804 0019 - INFO] epoch: 95/100
[2023-0804 0019 - INFO] learning_rate: 0.0050
[2023-0804 0019 - INFO] train_acc: 74.186%, train_loss: 0.0040
[2023-0804 0019 - INFO] test_acc: 83.306%, test_loss: 0.0028
[2023-0804 0019 - INFO] max_train_acc: 74.827%
[2023-0804 0019 - INFO] max_test_acc: 84.880%
[2023-0804 0019 - INFO] max_lr: 0.0050, min_lr: 0.0050
[2023-0804 0019 - INFO] ======================================
[2023-0804 0021 - INFO] epoch: 96/100
[2023-0804 0021 - INFO] learning_rate: 0.0050
[2023-0804 0021 - INFO] train_acc: 73.616%, train_loss: 0.0041
[2023-0804 0021 - INFO] test_acc: 77.156%, test_loss: 0.0035
[2023-0804 0021 - INFO] max_train_acc: 74.827%
[2023-0804 0021 - INFO] max_test_acc: 84.880%
[2023-0804 0021 - INFO] max_lr: 0.0050, min_lr: 0.0050
[2023-0804 0021 - INFO] ======================================
[2023-0804 0022 - INFO] epoch: 97/100
[2023-0804 0022 - INFO] learning_rate: 0.0050
[2023-0804 0022 - INFO] train_acc: 73.898%, train_loss: 0.0041
[2023-0804 0022 - INFO] test_acc: 79.376%, test_loss: 0.0033
[2023-0804 0022 - INFO] max_train_acc: 74.827%
[2023-0804 0022 - INFO] max_test_acc: 84.880%
[2023-0804 0022 - INFO] max_lr: 0.0050, min_lr: 0.0050
[2023-0804 0022 - INFO] ======================================
[2023-0804 0024 - INFO] epoch: 98/100
[2023-0804 0024 - INFO] learning_rate: 0.0050
[2023-0804 0024 - INFO] train_acc: 73.410%, train_loss: 0.0041
[2023-0804 0024 - INFO] test_acc: 80.063%, test_loss: 0.0033
[2023-0804 0024 - INFO] max_train_acc: 74.827%
[2023-0804 0024 - INFO] max_test_acc: 84.880%
[2023-0804 0024 - INFO] max_lr: 0.0050, min_lr: 0.0050
[2023-0804 0024 - INFO] ======================================
[2023-0804 0025 - INFO] epoch: 99/100
[2023-0804 0025 - INFO] learning_rate: 0.0050
[2023-0804 0025 - INFO] train_acc: 73.710%, train_loss: 0.0040
[2023-0804 0025 - INFO] test_acc: 81.020%, test_loss: 0.0032
[2023-0804 0025 - INFO] max_train_acc: 74.827%
[2023-0804 0025 - INFO] max_test_acc: 84.880%
[2023-0804 0025 - INFO] max_lr: 0.0050, min_lr: 0.0050
[2023-0804 0025 - INFO] ======================================
[2023-0804 0027 - INFO] epoch: 100/100
[2023-0804 0027 - INFO] learning_rate: 0.0050
[2023-0804 0027 - INFO] train_acc: 73.739%, train_loss: 0.0040
[2023-0804 0027 - INFO] test_acc: 79.302%, test_loss: 0.0033
[2023-0804 0027 - INFO] max_train_acc: 74.827%
[2023-0804 0027 - INFO] max_test_acc: 84.880%
[2023-0804 0027 - INFO] max_lr: 0.0050, min_lr: 0.0050
[2023-0804 0027 - INFO] ======================================
