[2023-0804 1147 - INFO] <<< BEATs_iter3_plus_AS2M - 2 fc layer >>> 
[2023-0804 1147 - INFO] Add FrequencyMasking and TimeMasking
[2023-0804 1147 - INFO] Add time_stretch 0.8 and time_stretch 1.2
[2023-0804 1147 - INFO] # trainset_size = 17010
[2023-0804 1147 - INFO] # testset_size = 27070
[2023-0804 1147 - INFO] # train_a/p = 8505/8505
[2023-0804 1147 - INFO] # test_a/p = 20920/6150
[2023-0804 1147 - INFO] # batch_size = 128
[2023-0804 1147 - INFO] # learning_rate = 0.0005
[2023-0804 1147 - INFO] # weight_decay = 0.01
[2023-0804 1147 - INFO] # num_epochs = 100
[2023-0804 1147 - INFO] # padding_size = 3500
[2023-0804 1147 - INFO] # loss_fn = CE
[2023-0804 1147 - INFO] # scheduler = None
[2023-0804 1147 - INFO] # optimizer = AdamW (
Parameter Group 0
    amsgrad: False
    betas: (0.9, 0.999)
    capturable: False
    differentiable: False
    eps: 1e-08
    foreach: None
    fused: None
    lr: 0.0005
    maximize: False
    weight_decay: 0.01
)
[2023-0804 1147 - INFO] -------------------------------------
[2023-0804 1150 - INFO] epoch: 1/100
[2023-0804 1150 - INFO] learning_rate: 0.0005
[2023-0804 1150 - INFO] train_acc: 49.712%, train_loss: nan
[2023-0804 1150 - INFO] test_acc: 76.140%, test_loss: 0.0051
[2023-0804 1150 - INFO] max_train_acc: 49.712%
[2023-0804 1150 - INFO] max_test_acc: 76.140%
[2023-0804 1150 - INFO] max_lr: 0.0005, min_lr: 0.0005
[2023-0804 1150 - INFO] ======================================
[2023-0804 1152 - INFO] epoch: 2/100
[2023-0804 1152 - INFO] learning_rate: 0.0005
[2023-0804 1152 - INFO] train_acc: 49.683%, train_loss: nan
[2023-0804 1152 - INFO] test_acc: 76.066%, test_loss: 0.0051
[2023-0804 1152 - INFO] max_train_acc: 49.712%
[2023-0804 1152 - INFO] max_test_acc: 76.140%
[2023-0804 1152 - INFO] max_lr: 0.0005, min_lr: 0.0005
[2023-0804 1152 - INFO] ======================================
[2023-0804 1153 - INFO] epoch: 3/100
[2023-0804 1153 - INFO] learning_rate: 0.0005
[2023-0804 1153 - INFO] train_acc: 49.630%, train_loss: nan
[2023-0804 1153 - INFO] test_acc: 76.014%, test_loss: 0.0051
[2023-0804 1153 - INFO] max_train_acc: 49.712%
[2023-0804 1153 - INFO] max_test_acc: 76.140%
[2023-0804 1153 - INFO] max_lr: 0.0005, min_lr: 0.0005
[2023-0804 1153 - INFO] ======================================
[2023-0804 1155 - INFO] epoch: 4/100
[2023-0804 1155 - INFO] learning_rate: 0.0005
[2023-0804 1155 - INFO] train_acc: 49.671%, train_loss: nan
[2023-0804 1155 - INFO] test_acc: 76.099%, test_loss: 0.0051
[2023-0804 1155 - INFO] max_train_acc: 49.712%
[2023-0804 1155 - INFO] max_test_acc: 76.140%
[2023-0804 1155 - INFO] max_lr: 0.0005, min_lr: 0.0005
[2023-0804 1155 - INFO] ======================================
[2023-0804 1156 - INFO] epoch: 5/100
[2023-0804 1156 - INFO] learning_rate: 0.0005
[2023-0804 1156 - INFO] train_acc: 49.653%, train_loss: nan
[2023-0804 1156 - INFO] test_acc: 76.092%, test_loss: 0.0051
[2023-0804 1156 - INFO] max_train_acc: 49.712%
[2023-0804 1156 - INFO] max_test_acc: 76.140%
[2023-0804 1156 - INFO] max_lr: 0.0005, min_lr: 0.0005
[2023-0804 1156 - INFO] ======================================
[2023-0804 1158 - INFO] epoch: 6/100
[2023-0804 1158 - INFO] learning_rate: 0.0005
[2023-0804 1158 - INFO] train_acc: 49.659%, train_loss: nan
[2023-0804 1158 - INFO] test_acc: 76.073%, test_loss: 0.0051
[2023-0804 1158 - INFO] max_train_acc: 49.712%
[2023-0804 1158 - INFO] max_test_acc: 76.140%
[2023-0804 1158 - INFO] max_lr: 0.0005, min_lr: 0.0005
[2023-0804 1158 - INFO] ======================================
[2023-0804 1159 - INFO] epoch: 7/100
[2023-0804 1159 - INFO] learning_rate: 0.0005
[2023-0804 1159 - INFO] train_acc: 49.665%, train_loss: nan
[2023-0804 1159 - INFO] test_acc: 76.136%, test_loss: 0.0051
[2023-0804 1159 - INFO] max_train_acc: 49.712%
[2023-0804 1159 - INFO] max_test_acc: 76.140%
[2023-0804 1159 - INFO] max_lr: 0.0005, min_lr: 0.0005
[2023-0804 1159 - INFO] ======================================
[2023-0804 1200 - INFO] epoch: 8/100
[2023-0804 1200 - INFO] learning_rate: 0.0005
[2023-0804 1200 - INFO] train_acc: 49.647%, train_loss: nan
[2023-0804 1200 - INFO] test_acc: 76.103%, test_loss: 0.0051
[2023-0804 1200 - INFO] max_train_acc: 49.712%
[2023-0804 1200 - INFO] max_test_acc: 76.140%
[2023-0804 1200 - INFO] max_lr: 0.0005, min_lr: 0.0005
[2023-0804 1200 - INFO] ======================================
[2023-0804 1202 - INFO] epoch: 9/100
[2023-0804 1202 - INFO] learning_rate: 0.0005
[2023-0804 1202 - INFO] train_acc: 49.636%, train_loss: nan
[2023-0804 1202 - INFO] test_acc: 76.199%, test_loss: 0.0051
[2023-0804 1202 - INFO] max_train_acc: 49.712%
[2023-0804 1202 - INFO] max_test_acc: 76.199%
[2023-0804 1202 - INFO] max_lr: 0.0005, min_lr: 0.0005
[2023-0804 1202 - INFO] ======================================
[2023-0804 1203 - INFO] epoch: 10/100
[2023-0804 1203 - INFO] learning_rate: 0.0005
[2023-0804 1203 - INFO] train_acc: 49.688%, train_loss: nan
[2023-0804 1203 - INFO] test_acc: 76.081%, test_loss: 0.0051
[2023-0804 1203 - INFO] max_train_acc: 49.712%
[2023-0804 1203 - INFO] max_test_acc: 76.199%
[2023-0804 1203 - INFO] max_lr: 0.0005, min_lr: 0.0005
[2023-0804 1203 - INFO] ======================================
[2023-0804 1205 - INFO] epoch: 11/100
[2023-0804 1205 - INFO] learning_rate: 0.0005
[2023-0804 1205 - INFO] train_acc: 49.659%, train_loss: nan
[2023-0804 1205 - INFO] test_acc: 76.129%, test_loss: 0.0051
[2023-0804 1205 - INFO] max_train_acc: 49.712%
[2023-0804 1205 - INFO] max_test_acc: 76.199%
[2023-0804 1205 - INFO] max_lr: 0.0005, min_lr: 0.0005
[2023-0804 1205 - INFO] ======================================
[2023-0804 1206 - INFO] epoch: 12/100
[2023-0804 1206 - INFO] learning_rate: 0.0005
[2023-0804 1206 - INFO] train_acc: 49.688%, train_loss: nan
[2023-0804 1206 - INFO] test_acc: 76.095%, test_loss: 0.0051
[2023-0804 1206 - INFO] max_train_acc: 49.712%
[2023-0804 1206 - INFO] max_test_acc: 76.199%
[2023-0804 1206 - INFO] max_lr: 0.0005, min_lr: 0.0005
[2023-0804 1206 - INFO] ======================================
[2023-0804 1208 - INFO] epoch: 13/100
[2023-0804 1208 - INFO] learning_rate: 0.0005
[2023-0804 1208 - INFO] train_acc: 49.636%, train_loss: nan
[2023-0804 1208 - INFO] test_acc: 76.066%, test_loss: 0.0051
[2023-0804 1208 - INFO] max_train_acc: 49.712%
[2023-0804 1208 - INFO] max_test_acc: 76.199%
[2023-0804 1208 - INFO] max_lr: 0.0005, min_lr: 0.0005
[2023-0804 1208 - INFO] ======================================
[2023-0804 1209 - INFO] epoch: 14/100
[2023-0804 1209 - INFO] learning_rate: 0.0005
[2023-0804 1209 - INFO] train_acc: 49.659%, train_loss: nan
[2023-0804 1209 - INFO] test_acc: 76.010%, test_loss: 0.0051
[2023-0804 1209 - INFO] max_train_acc: 49.712%
[2023-0804 1209 - INFO] max_test_acc: 76.199%
[2023-0804 1209 - INFO] max_lr: 0.0005, min_lr: 0.0005
[2023-0804 1209 - INFO] ======================================
[2023-0804 1211 - INFO] epoch: 15/100
[2023-0804 1211 - INFO] learning_rate: 0.0005
[2023-0804 1211 - INFO] train_acc: 49.647%, train_loss: nan
[2023-0804 1211 - INFO] test_acc: 76.206%, test_loss: 0.0051
[2023-0804 1211 - INFO] max_train_acc: 49.712%
[2023-0804 1211 - INFO] max_test_acc: 76.206%
[2023-0804 1211 - INFO] max_lr: 0.0005, min_lr: 0.0005
[2023-0804 1211 - INFO] ======================================
[2023-0804 1212 - INFO] epoch: 16/100
[2023-0804 1212 - INFO] learning_rate: 0.0005
[2023-0804 1212 - INFO] train_acc: 49.688%, train_loss: nan
[2023-0804 1212 - INFO] test_acc: 76.003%, test_loss: 0.0051
[2023-0804 1212 - INFO] max_train_acc: 49.712%
[2023-0804 1212 - INFO] max_test_acc: 76.206%
[2023-0804 1212 - INFO] max_lr: 0.0005, min_lr: 0.0005
[2023-0804 1212 - INFO] ======================================
[2023-0804 1214 - INFO] epoch: 17/100
[2023-0804 1214 - INFO] learning_rate: 0.0005
[2023-0804 1214 - INFO] train_acc: 49.665%, train_loss: nan
[2023-0804 1214 - INFO] test_acc: 76.158%, test_loss: 0.0051
[2023-0804 1214 - INFO] max_train_acc: 49.712%
[2023-0804 1214 - INFO] max_test_acc: 76.206%
[2023-0804 1214 - INFO] max_lr: 0.0005, min_lr: 0.0005
[2023-0804 1214 - INFO] ======================================
[2023-0804 1215 - INFO] epoch: 18/100
[2023-0804 1215 - INFO] learning_rate: 0.0005
[2023-0804 1215 - INFO] train_acc: 49.659%, train_loss: nan
[2023-0804 1215 - INFO] test_acc: 76.084%, test_loss: 0.0051
[2023-0804 1215 - INFO] max_train_acc: 49.712%
[2023-0804 1215 - INFO] max_test_acc: 76.206%
[2023-0804 1215 - INFO] max_lr: 0.0005, min_lr: 0.0005
[2023-0804 1215 - INFO] ======================================
[2023-0804 1217 - INFO] epoch: 19/100
[2023-0804 1217 - INFO] learning_rate: 0.0005
[2023-0804 1217 - INFO] train_acc: 49.647%, train_loss: nan
[2023-0804 1217 - INFO] test_acc: 76.088%, test_loss: 0.0051
[2023-0804 1217 - INFO] max_train_acc: 49.712%
[2023-0804 1217 - INFO] max_test_acc: 76.206%
[2023-0804 1217 - INFO] max_lr: 0.0005, min_lr: 0.0005
[2023-0804 1217 - INFO] ======================================
[2023-0804 1218 - INFO] epoch: 20/100
[2023-0804 1218 - INFO] learning_rate: 0.0005
[2023-0804 1218 - INFO] train_acc: 49.647%, train_loss: nan
[2023-0804 1218 - INFO] test_acc: 76.077%, test_loss: 0.0051
[2023-0804 1218 - INFO] max_train_acc: 49.712%
[2023-0804 1218 - INFO] max_test_acc: 76.206%
[2023-0804 1218 - INFO] max_lr: 0.0005, min_lr: 0.0005
[2023-0804 1218 - INFO] ======================================
[2023-0804 1219 - INFO] epoch: 21/100
[2023-0804 1219 - INFO] learning_rate: 0.0005
[2023-0804 1219 - INFO] train_acc: 49.630%, train_loss: nan
[2023-0804 1219 - INFO] test_acc: 75.981%, test_loss: 0.0051
[2023-0804 1219 - INFO] max_train_acc: 49.712%
[2023-0804 1219 - INFO] max_test_acc: 76.206%
[2023-0804 1219 - INFO] max_lr: 0.0005, min_lr: 0.0005
[2023-0804 1219 - INFO] ======================================
[2023-0804 1221 - INFO] epoch: 22/100
[2023-0804 1221 - INFO] learning_rate: 0.0005
[2023-0804 1221 - INFO] train_acc: 49.636%, train_loss: nan
[2023-0804 1221 - INFO] test_acc: 76.147%, test_loss: 0.0051
[2023-0804 1221 - INFO] max_train_acc: 49.712%
[2023-0804 1221 - INFO] max_test_acc: 76.206%
[2023-0804 1221 - INFO] max_lr: 0.0005, min_lr: 0.0005
[2023-0804 1221 - INFO] ======================================
[2023-0804 1222 - INFO] epoch: 23/100
[2023-0804 1222 - INFO] learning_rate: 0.0005
[2023-0804 1222 - INFO] train_acc: 49.735%, train_loss: nan
[2023-0804 1222 - INFO] test_acc: 76.129%, test_loss: 0.0051
[2023-0804 1222 - INFO] max_train_acc: 49.735%
[2023-0804 1222 - INFO] max_test_acc: 76.206%
[2023-0804 1222 - INFO] max_lr: 0.0005, min_lr: 0.0005
[2023-0804 1222 - INFO] ======================================
[2023-0804 1224 - INFO] epoch: 24/100
[2023-0804 1224 - INFO] learning_rate: 0.0005
[2023-0804 1224 - INFO] train_acc: 49.688%, train_loss: nan
[2023-0804 1224 - INFO] test_acc: 76.092%, test_loss: 0.0051
[2023-0804 1224 - INFO] max_train_acc: 49.735%
[2023-0804 1224 - INFO] max_test_acc: 76.206%
[2023-0804 1224 - INFO] max_lr: 0.0005, min_lr: 0.0005
[2023-0804 1224 - INFO] ======================================
[2023-0804 1225 - INFO] epoch: 25/100
[2023-0804 1225 - INFO] learning_rate: 0.0005
[2023-0804 1225 - INFO] train_acc: 49.683%, train_loss: nan
[2023-0804 1225 - INFO] test_acc: 76.014%, test_loss: 0.0051
[2023-0804 1225 - INFO] max_train_acc: 49.735%
[2023-0804 1225 - INFO] max_test_acc: 76.206%
[2023-0804 1225 - INFO] max_lr: 0.0005, min_lr: 0.0005
[2023-0804 1225 - INFO] ======================================
[2023-0804 1227 - INFO] epoch: 26/100
[2023-0804 1227 - INFO] learning_rate: 0.0005
[2023-0804 1227 - INFO] train_acc: 49.665%, train_loss: nan
[2023-0804 1227 - INFO] test_acc: 76.025%, test_loss: 0.0051
[2023-0804 1227 - INFO] max_train_acc: 49.735%
[2023-0804 1227 - INFO] max_test_acc: 76.206%
[2023-0804 1227 - INFO] max_lr: 0.0005, min_lr: 0.0005
[2023-0804 1227 - INFO] ======================================
[2023-0804 1228 - INFO] epoch: 27/100
[2023-0804 1228 - INFO] learning_rate: 0.0005
[2023-0804 1228 - INFO] train_acc: 49.612%, train_loss: nan
[2023-0804 1228 - INFO] test_acc: 76.088%, test_loss: 0.0051
[2023-0804 1228 - INFO] max_train_acc: 49.735%
[2023-0804 1228 - INFO] max_test_acc: 76.206%
[2023-0804 1228 - INFO] max_lr: 0.0005, min_lr: 0.0005
[2023-0804 1228 - INFO] ======================================
[2023-0804 1230 - INFO] epoch: 28/100
[2023-0804 1230 - INFO] learning_rate: 0.0005
[2023-0804 1230 - INFO] train_acc: 49.683%, train_loss: nan
[2023-0804 1230 - INFO] test_acc: 76.169%, test_loss: 0.0051
[2023-0804 1230 - INFO] max_train_acc: 49.735%
[2023-0804 1230 - INFO] max_test_acc: 76.206%
[2023-0804 1230 - INFO] max_lr: 0.0005, min_lr: 0.0005
[2023-0804 1230 - INFO] ======================================
[2023-0804 1231 - INFO] epoch: 29/100
[2023-0804 1231 - INFO] learning_rate: 0.0005
[2023-0804 1231 - INFO] train_acc: 49.594%, train_loss: nan
[2023-0804 1231 - INFO] test_acc: 76.025%, test_loss: 0.0051
[2023-0804 1231 - INFO] max_train_acc: 49.735%
[2023-0804 1231 - INFO] max_test_acc: 76.206%
[2023-0804 1231 - INFO] max_lr: 0.0005, min_lr: 0.0005
[2023-0804 1231 - INFO] ======================================
[2023-0804 1233 - INFO] epoch: 30/100
[2023-0804 1233 - INFO] learning_rate: 0.0005
[2023-0804 1233 - INFO] train_acc: 49.600%, train_loss: nan
[2023-0804 1233 - INFO] test_acc: 76.084%, test_loss: 0.0051
[2023-0804 1233 - INFO] max_train_acc: 49.735%
[2023-0804 1233 - INFO] max_test_acc: 76.206%
[2023-0804 1233 - INFO] max_lr: 0.0005, min_lr: 0.0005
[2023-0804 1233 - INFO] ======================================
[2023-0804 1234 - INFO] epoch: 31/100
[2023-0804 1234 - INFO] learning_rate: 0.0005
[2023-0804 1234 - INFO] train_acc: 49.683%, train_loss: nan
[2023-0804 1234 - INFO] test_acc: 76.084%, test_loss: 0.0051
[2023-0804 1234 - INFO] max_train_acc: 49.735%
[2023-0804 1234 - INFO] max_test_acc: 76.206%
[2023-0804 1234 - INFO] max_lr: 0.0005, min_lr: 0.0005
[2023-0804 1234 - INFO] ======================================
[2023-0804 1235 - INFO] epoch: 32/100
[2023-0804 1235 - INFO] learning_rate: 0.0005
[2023-0804 1235 - INFO] train_acc: 49.647%, train_loss: nan
[2023-0804 1235 - INFO] test_acc: 75.992%, test_loss: 0.0051
[2023-0804 1235 - INFO] max_train_acc: 49.735%
[2023-0804 1235 - INFO] max_test_acc: 76.206%
[2023-0804 1235 - INFO] max_lr: 0.0005, min_lr: 0.0005
[2023-0804 1235 - INFO] ======================================
[2023-0804 1237 - INFO] epoch: 33/100
[2023-0804 1237 - INFO] learning_rate: 0.0005
[2023-0804 1237 - INFO] train_acc: 49.636%, train_loss: nan
[2023-0804 1237 - INFO] test_acc: 76.099%, test_loss: 0.0051
[2023-0804 1237 - INFO] max_train_acc: 49.735%
[2023-0804 1237 - INFO] max_test_acc: 76.206%
[2023-0804 1237 - INFO] max_lr: 0.0005, min_lr: 0.0005
[2023-0804 1237 - INFO] ======================================
[2023-0804 1238 - INFO] epoch: 34/100
[2023-0804 1238 - INFO] learning_rate: 0.0005
[2023-0804 1238 - INFO] train_acc: 49.683%, train_loss: nan
[2023-0804 1238 - INFO] test_acc: 76.136%, test_loss: 0.0051
[2023-0804 1238 - INFO] max_train_acc: 49.735%
[2023-0804 1238 - INFO] max_test_acc: 76.206%
[2023-0804 1238 - INFO] max_lr: 0.0005, min_lr: 0.0005
[2023-0804 1238 - INFO] ======================================
[2023-0804 1240 - INFO] epoch: 35/100
[2023-0804 1240 - INFO] learning_rate: 0.0005
[2023-0804 1240 - INFO] train_acc: 49.641%, train_loss: nan
[2023-0804 1240 - INFO] test_acc: 76.103%, test_loss: 0.0051
[2023-0804 1240 - INFO] max_train_acc: 49.735%
[2023-0804 1240 - INFO] max_test_acc: 76.206%
[2023-0804 1240 - INFO] max_lr: 0.0005, min_lr: 0.0005
[2023-0804 1240 - INFO] ======================================
[2023-0804 1241 - INFO] epoch: 36/100
[2023-0804 1241 - INFO] learning_rate: 0.0005
[2023-0804 1241 - INFO] train_acc: 49.683%, train_loss: nan
[2023-0804 1241 - INFO] test_acc: 76.121%, test_loss: 0.0051
[2023-0804 1241 - INFO] max_train_acc: 49.735%
[2023-0804 1241 - INFO] max_test_acc: 76.206%
[2023-0804 1241 - INFO] max_lr: 0.0005, min_lr: 0.0005
[2023-0804 1241 - INFO] ======================================
[2023-0804 1243 - INFO] epoch: 37/100
[2023-0804 1243 - INFO] learning_rate: 0.0005
[2023-0804 1243 - INFO] train_acc: 49.700%, train_loss: nan
[2023-0804 1243 - INFO] test_acc: 75.970%, test_loss: 0.0051
[2023-0804 1243 - INFO] max_train_acc: 49.735%
[2023-0804 1243 - INFO] max_test_acc: 76.206%
[2023-0804 1243 - INFO] max_lr: 0.0005, min_lr: 0.0005
[2023-0804 1243 - INFO] ======================================
[2023-0804 1244 - INFO] epoch: 38/100
[2023-0804 1244 - INFO] learning_rate: 0.0005
[2023-0804 1244 - INFO] train_acc: 49.606%, train_loss: nan
[2023-0804 1244 - INFO] test_acc: 76.014%, test_loss: 0.0051
[2023-0804 1244 - INFO] max_train_acc: 49.735%
[2023-0804 1244 - INFO] max_test_acc: 76.206%
[2023-0804 1244 - INFO] max_lr: 0.0005, min_lr: 0.0005
[2023-0804 1244 - INFO] ======================================
[2023-0804 1246 - INFO] epoch: 39/100
[2023-0804 1246 - INFO] learning_rate: 0.0005
[2023-0804 1246 - INFO] train_acc: 49.665%, train_loss: nan
[2023-0804 1246 - INFO] test_acc: 76.055%, test_loss: 0.0051
[2023-0804 1246 - INFO] max_train_acc: 49.735%
[2023-0804 1246 - INFO] max_test_acc: 76.206%
[2023-0804 1246 - INFO] max_lr: 0.0005, min_lr: 0.0005
[2023-0804 1246 - INFO] ======================================
[2023-0804 1247 - INFO] epoch: 40/100
[2023-0804 1247 - INFO] learning_rate: 0.0005
[2023-0804 1247 - INFO] train_acc: 49.653%, train_loss: nan
[2023-0804 1247 - INFO] test_acc: 76.143%, test_loss: 0.0051
[2023-0804 1247 - INFO] max_train_acc: 49.735%
[2023-0804 1247 - INFO] max_test_acc: 76.206%
[2023-0804 1247 - INFO] max_lr: 0.0005, min_lr: 0.0005
[2023-0804 1247 - INFO] ======================================
[2023-0804 1249 - INFO] epoch: 41/100
[2023-0804 1249 - INFO] learning_rate: 0.0005
[2023-0804 1249 - INFO] train_acc: 49.659%, train_loss: nan
[2023-0804 1249 - INFO] test_acc: 76.158%, test_loss: 0.0051
[2023-0804 1249 - INFO] max_train_acc: 49.735%
[2023-0804 1249 - INFO] max_test_acc: 76.206%
[2023-0804 1249 - INFO] max_lr: 0.0005, min_lr: 0.0005
[2023-0804 1249 - INFO] ======================================
[2023-0804 1250 - INFO] epoch: 42/100
[2023-0804 1250 - INFO] learning_rate: 0.0005
[2023-0804 1250 - INFO] train_acc: 49.647%, train_loss: nan
[2023-0804 1250 - INFO] test_acc: 76.033%, test_loss: 0.0051
[2023-0804 1250 - INFO] max_train_acc: 49.735%
[2023-0804 1250 - INFO] max_test_acc: 76.206%
[2023-0804 1250 - INFO] max_lr: 0.0005, min_lr: 0.0005
[2023-0804 1250 - INFO] ======================================
[2023-0804 1251 - INFO] epoch: 43/100
[2023-0804 1251 - INFO] learning_rate: 0.0005
[2023-0804 1251 - INFO] train_acc: 49.630%, train_loss: nan
[2023-0804 1251 - INFO] test_acc: 76.103%, test_loss: 0.0051
[2023-0804 1251 - INFO] max_train_acc: 49.735%
[2023-0804 1251 - INFO] max_test_acc: 76.206%
[2023-0804 1251 - INFO] max_lr: 0.0005, min_lr: 0.0005
[2023-0804 1251 - INFO] ======================================
[2023-0804 1253 - INFO] epoch: 44/100
[2023-0804 1253 - INFO] learning_rate: 0.0005
[2023-0804 1253 - INFO] train_acc: 49.712%, train_loss: nan
[2023-0804 1253 - INFO] test_acc: 76.136%, test_loss: 0.0051
[2023-0804 1253 - INFO] max_train_acc: 49.735%
[2023-0804 1253 - INFO] max_test_acc: 76.206%
[2023-0804 1253 - INFO] max_lr: 0.0005, min_lr: 0.0005
[2023-0804 1253 - INFO] ======================================
[2023-0804 1254 - INFO] epoch: 45/100
[2023-0804 1254 - INFO] learning_rate: 0.0005
[2023-0804 1254 - INFO] train_acc: 49.606%, train_loss: nan
[2023-0804 1254 - INFO] test_acc: 76.088%, test_loss: 0.0051
[2023-0804 1254 - INFO] max_train_acc: 49.735%
[2023-0804 1254 - INFO] max_test_acc: 76.206%
[2023-0804 1254 - INFO] max_lr: 0.0005, min_lr: 0.0005
[2023-0804 1254 - INFO] ======================================
[2023-0804 1256 - INFO] epoch: 46/100
[2023-0804 1256 - INFO] learning_rate: 0.0005
[2023-0804 1256 - INFO] train_acc: 49.647%, train_loss: nan
[2023-0804 1256 - INFO] test_acc: 76.084%, test_loss: 0.0051
[2023-0804 1256 - INFO] max_train_acc: 49.735%
[2023-0804 1256 - INFO] max_test_acc: 76.206%
[2023-0804 1256 - INFO] max_lr: 0.0005, min_lr: 0.0005
[2023-0804 1256 - INFO] ======================================
[2023-0804 1257 - INFO] epoch: 47/100
[2023-0804 1257 - INFO] learning_rate: 0.0005
[2023-0804 1257 - INFO] train_acc: 49.641%, train_loss: nan
[2023-0804 1257 - INFO] test_acc: 76.114%, test_loss: 0.0051
[2023-0804 1257 - INFO] max_train_acc: 49.735%
[2023-0804 1257 - INFO] max_test_acc: 76.206%
[2023-0804 1257 - INFO] max_lr: 0.0005, min_lr: 0.0005
[2023-0804 1257 - INFO] ======================================
[2023-0804 1259 - INFO] epoch: 48/100
[2023-0804 1259 - INFO] learning_rate: 0.0005
[2023-0804 1259 - INFO] train_acc: 49.730%, train_loss: nan
[2023-0804 1259 - INFO] test_acc: 76.044%, test_loss: 0.0051
[2023-0804 1259 - INFO] max_train_acc: 49.735%
[2023-0804 1259 - INFO] max_test_acc: 76.206%
[2023-0804 1259 - INFO] max_lr: 0.0005, min_lr: 0.0005
[2023-0804 1259 - INFO] ======================================
[2023-0804 1300 - INFO] epoch: 49/100
[2023-0804 1300 - INFO] learning_rate: 0.0005
[2023-0804 1300 - INFO] train_acc: 49.671%, train_loss: nan
[2023-0804 1300 - INFO] test_acc: 76.073%, test_loss: 0.0051
[2023-0804 1300 - INFO] max_train_acc: 49.735%
[2023-0804 1300 - INFO] max_test_acc: 76.206%
[2023-0804 1300 - INFO] max_lr: 0.0005, min_lr: 0.0005
[2023-0804 1300 - INFO] ======================================
[2023-0804 1302 - INFO] epoch: 50/100
[2023-0804 1302 - INFO] learning_rate: 0.0005
[2023-0804 1302 - INFO] train_acc: 49.612%, train_loss: nan
[2023-0804 1302 - INFO] test_acc: 76.033%, test_loss: 0.0051
[2023-0804 1302 - INFO] max_train_acc: 49.735%
[2023-0804 1302 - INFO] max_test_acc: 76.206%
[2023-0804 1302 - INFO] max_lr: 0.0005, min_lr: 0.0005
[2023-0804 1302 - INFO] ======================================
[2023-0804 1303 - INFO] epoch: 51/100
[2023-0804 1303 - INFO] learning_rate: 0.0005
[2023-0804 1303 - INFO] train_acc: 49.700%, train_loss: nan
[2023-0804 1303 - INFO] test_acc: 76.106%, test_loss: 0.0051
[2023-0804 1303 - INFO] max_train_acc: 49.735%
[2023-0804 1303 - INFO] max_test_acc: 76.206%
[2023-0804 1303 - INFO] max_lr: 0.0005, min_lr: 0.0005
[2023-0804 1303 - INFO] ======================================
[2023-0804 1305 - INFO] epoch: 52/100
[2023-0804 1305 - INFO] learning_rate: 0.0005
[2023-0804 1305 - INFO] train_acc: 49.688%, train_loss: nan
[2023-0804 1305 - INFO] test_acc: 76.103%, test_loss: 0.0051
[2023-0804 1305 - INFO] max_train_acc: 49.735%
[2023-0804 1305 - INFO] max_test_acc: 76.206%
[2023-0804 1305 - INFO] max_lr: 0.0005, min_lr: 0.0005
[2023-0804 1305 - INFO] ======================================
[2023-0804 1306 - INFO] epoch: 53/100
[2023-0804 1306 - INFO] learning_rate: 0.0005
[2023-0804 1306 - INFO] train_acc: 49.665%, train_loss: nan
[2023-0804 1306 - INFO] test_acc: 76.003%, test_loss: 0.0051
[2023-0804 1306 - INFO] max_train_acc: 49.735%
[2023-0804 1306 - INFO] max_test_acc: 76.206%
[2023-0804 1306 - INFO] max_lr: 0.0005, min_lr: 0.0005
[2023-0804 1306 - INFO] ======================================
[2023-0804 1307 - INFO] epoch: 54/100
[2023-0804 1307 - INFO] learning_rate: 0.0005
[2023-0804 1307 - INFO] train_acc: 49.671%, train_loss: nan
[2023-0804 1307 - INFO] test_acc: 76.106%, test_loss: 0.0051
[2023-0804 1307 - INFO] max_train_acc: 49.735%
[2023-0804 1307 - INFO] max_test_acc: 76.206%
[2023-0804 1307 - INFO] max_lr: 0.0005, min_lr: 0.0005
[2023-0804 1307 - INFO] ======================================
[2023-0804 1309 - INFO] epoch: 55/100
[2023-0804 1309 - INFO] learning_rate: 0.0005
[2023-0804 1309 - INFO] train_acc: 49.683%, train_loss: nan
[2023-0804 1309 - INFO] test_acc: 76.140%, test_loss: 0.0051
[2023-0804 1309 - INFO] max_train_acc: 49.735%
[2023-0804 1309 - INFO] max_test_acc: 76.206%
[2023-0804 1309 - INFO] max_lr: 0.0005, min_lr: 0.0005
[2023-0804 1309 - INFO] ======================================
[2023-0804 1310 - INFO] epoch: 56/100
[2023-0804 1310 - INFO] learning_rate: 0.0005
[2023-0804 1310 - INFO] train_acc: 49.641%, train_loss: nan
[2023-0804 1310 - INFO] test_acc: 76.143%, test_loss: 0.0051
[2023-0804 1310 - INFO] max_train_acc: 49.735%
[2023-0804 1310 - INFO] max_test_acc: 76.206%
[2023-0804 1310 - INFO] max_lr: 0.0005, min_lr: 0.0005
[2023-0804 1310 - INFO] ======================================
[2023-0804 1312 - INFO] epoch: 57/100
[2023-0804 1312 - INFO] learning_rate: 0.0005
[2023-0804 1312 - INFO] train_acc: 49.641%, train_loss: nan
[2023-0804 1312 - INFO] test_acc: 76.073%, test_loss: 0.0051
[2023-0804 1312 - INFO] max_train_acc: 49.735%
[2023-0804 1312 - INFO] max_test_acc: 76.206%
[2023-0804 1312 - INFO] max_lr: 0.0005, min_lr: 0.0005
[2023-0804 1312 - INFO] ======================================
[2023-0804 1313 - INFO] epoch: 58/100
[2023-0804 1313 - INFO] learning_rate: 0.0005
[2023-0804 1313 - INFO] train_acc: 49.653%, train_loss: nan
[2023-0804 1313 - INFO] test_acc: 76.029%, test_loss: 0.0051
[2023-0804 1313 - INFO] max_train_acc: 49.735%
[2023-0804 1313 - INFO] max_test_acc: 76.206%
[2023-0804 1313 - INFO] max_lr: 0.0005, min_lr: 0.0005
[2023-0804 1313 - INFO] ======================================
[2023-0804 1315 - INFO] epoch: 59/100
[2023-0804 1315 - INFO] learning_rate: 0.0005
[2023-0804 1315 - INFO] train_acc: 49.624%, train_loss: nan
[2023-0804 1315 - INFO] test_acc: 76.077%, test_loss: 0.0051
[2023-0804 1315 - INFO] max_train_acc: 49.735%
[2023-0804 1315 - INFO] max_test_acc: 76.206%
[2023-0804 1315 - INFO] max_lr: 0.0005, min_lr: 0.0005
[2023-0804 1315 - INFO] ======================================
[2023-0804 1316 - INFO] epoch: 60/100
[2023-0804 1316 - INFO] learning_rate: 0.0005
[2023-0804 1316 - INFO] train_acc: 49.730%, train_loss: nan
[2023-0804 1316 - INFO] test_acc: 76.173%, test_loss: 0.0051
[2023-0804 1316 - INFO] max_train_acc: 49.735%
[2023-0804 1316 - INFO] max_test_acc: 76.206%
[2023-0804 1316 - INFO] max_lr: 0.0005, min_lr: 0.0005
[2023-0804 1316 - INFO] ======================================
[2023-0804 1318 - INFO] epoch: 61/100
[2023-0804 1318 - INFO] learning_rate: 0.0005
[2023-0804 1318 - INFO] train_acc: 49.688%, train_loss: nan
[2023-0804 1318 - INFO] test_acc: 76.092%, test_loss: 0.0051
[2023-0804 1318 - INFO] max_train_acc: 49.735%
[2023-0804 1318 - INFO] max_test_acc: 76.206%
[2023-0804 1318 - INFO] max_lr: 0.0005, min_lr: 0.0005
[2023-0804 1318 - INFO] ======================================
[2023-0804 1319 - INFO] epoch: 62/100
[2023-0804 1319 - INFO] learning_rate: 0.0005
[2023-0804 1319 - INFO] train_acc: 49.653%, train_loss: nan
[2023-0804 1319 - INFO] test_acc: 76.040%, test_loss: 0.0051
[2023-0804 1319 - INFO] max_train_acc: 49.735%
[2023-0804 1319 - INFO] max_test_acc: 76.206%
[2023-0804 1319 - INFO] max_lr: 0.0005, min_lr: 0.0005
[2023-0804 1319 - INFO] ======================================
[2023-0804 1321 - INFO] epoch: 63/100
[2023-0804 1321 - INFO] learning_rate: 0.0005
[2023-0804 1321 - INFO] train_acc: 49.659%, train_loss: nan
[2023-0804 1321 - INFO] test_acc: 76.106%, test_loss: 0.0051
[2023-0804 1321 - INFO] max_train_acc: 49.735%
[2023-0804 1321 - INFO] max_test_acc: 76.206%
[2023-0804 1321 - INFO] max_lr: 0.0005, min_lr: 0.0005
[2023-0804 1321 - INFO] ======================================
[2023-0804 1322 - INFO] epoch: 64/100
[2023-0804 1322 - INFO] learning_rate: 0.0005
[2023-0804 1322 - INFO] train_acc: 49.665%, train_loss: nan
[2023-0804 1322 - INFO] test_acc: 76.003%, test_loss: 0.0051
[2023-0804 1322 - INFO] max_train_acc: 49.735%
[2023-0804 1322 - INFO] max_test_acc: 76.206%
[2023-0804 1322 - INFO] max_lr: 0.0005, min_lr: 0.0005
[2023-0804 1322 - INFO] ======================================
[2023-0804 1324 - INFO] epoch: 65/100
[2023-0804 1324 - INFO] learning_rate: 0.0005
[2023-0804 1324 - INFO] train_acc: 49.636%, train_loss: nan
[2023-0804 1324 - INFO] test_acc: 76.121%, test_loss: 0.0051
[2023-0804 1324 - INFO] max_train_acc: 49.735%
[2023-0804 1324 - INFO] max_test_acc: 76.206%
[2023-0804 1324 - INFO] max_lr: 0.0005, min_lr: 0.0005
[2023-0804 1324 - INFO] ======================================
[2023-0804 1325 - INFO] epoch: 66/100
[2023-0804 1325 - INFO] learning_rate: 0.0005
[2023-0804 1325 - INFO] train_acc: 49.636%, train_loss: nan
[2023-0804 1325 - INFO] test_acc: 76.051%, test_loss: 0.0051
[2023-0804 1325 - INFO] max_train_acc: 49.735%
[2023-0804 1325 - INFO] max_test_acc: 76.206%
[2023-0804 1325 - INFO] max_lr: 0.0005, min_lr: 0.0005
[2023-0804 1325 - INFO] ======================================
[2023-0804 1326 - INFO] epoch: 67/100
[2023-0804 1326 - INFO] learning_rate: 0.0005
[2023-0804 1326 - INFO] train_acc: 49.688%, train_loss: nan
[2023-0804 1326 - INFO] test_acc: 76.044%, test_loss: 0.0051
[2023-0804 1326 - INFO] max_train_acc: 49.735%
[2023-0804 1326 - INFO] max_test_acc: 76.206%
[2023-0804 1326 - INFO] max_lr: 0.0005, min_lr: 0.0005
[2023-0804 1326 - INFO] ======================================
[2023-0804 1328 - INFO] epoch: 68/100
[2023-0804 1328 - INFO] learning_rate: 0.0005
[2023-0804 1328 - INFO] train_acc: 49.636%, train_loss: nan
[2023-0804 1328 - INFO] test_acc: 76.106%, test_loss: 0.0051
[2023-0804 1328 - INFO] max_train_acc: 49.735%
[2023-0804 1328 - INFO] max_test_acc: 76.206%
[2023-0804 1328 - INFO] max_lr: 0.0005, min_lr: 0.0005
[2023-0804 1328 - INFO] ======================================
[2023-0804 1329 - INFO] epoch: 69/100
[2023-0804 1329 - INFO] learning_rate: 0.0005
[2023-0804 1329 - INFO] train_acc: 49.706%, train_loss: nan
[2023-0804 1329 - INFO] test_acc: 76.158%, test_loss: 0.0051
[2023-0804 1329 - INFO] max_train_acc: 49.735%
[2023-0804 1329 - INFO] max_test_acc: 76.206%
[2023-0804 1329 - INFO] max_lr: 0.0005, min_lr: 0.0005
[2023-0804 1329 - INFO] ======================================
