[2023-0804 1910 - INFO] <<< BEATs_iter3_plus_AS2M - 1 fc layer >>> 
[2023-0804 1910 - INFO] Add FrequencyMasking and TimeMasking
[2023-0804 1910 - INFO] Add time_stretch 0.8 and time_stretch 1.2
[2023-0804 1910 - INFO] # trainset_size = 17010
[2023-0804 1910 - INFO] # testset_size = 22970
[2023-0804 1910 - INFO] # train_a/p = 8505/8505
[2023-0804 1910 - INFO] # test_a/p = 20920/2050
[2023-0804 1910 - INFO] # batch_size = 128
[2023-0804 1910 - INFO] # learning_rate = 0.0005
[2023-0804 1910 - INFO] # weight_decay = 0.01
[2023-0804 1910 - INFO] # num_epochs = 100
[2023-0804 1910 - INFO] # padding_size = 3500
[2023-0804 1910 - INFO] # loss_fn = CE
[2023-0804 1910 - INFO] # scheduler = None
[2023-0804 1910 - INFO] # optimizer = AdamW (
Parameter Group 0
    amsgrad: False
    betas: (0.9, 0.98)
    capturable: False
    differentiable: False
    eps: 1e-08
    foreach: None
    fused: None
    lr: 0.0005
    maximize: False
    weight_decay: 0.01
)
[2023-0804 1910 - INFO] -------------------------------------
[2023-0804 1912 - INFO] epoch: 1/100
[2023-0804 1912 - INFO] learning_rate: 0.0005
[2023-0804 1912 - INFO] train_acc: 49.688%, train_loss: nan
[2023-0804 1912 - INFO] test_acc: 69.347%, test_loss: 0.0052
[2023-0804 1912 - INFO] max_train_acc: 49.688%
[2023-0804 1912 - INFO] max_test_acc: 69.347%
[2023-0804 1912 - INFO] max_lr: 0.0005, min_lr: 0.0005
[2023-0804 1912 - INFO] ======================================
[2023-0804 1913 - INFO] epoch: 2/100
[2023-0804 1913 - INFO] learning_rate: 0.0005
[2023-0804 1913 - INFO] train_acc: 49.653%, train_loss: nan
[2023-0804 1913 - INFO] test_acc: 70.035%, test_loss: 0.0052
[2023-0804 1913 - INFO] max_train_acc: 49.688%
[2023-0804 1913 - INFO] max_test_acc: 70.035%
[2023-0804 1913 - INFO] max_lr: 0.0005, min_lr: 0.0005
[2023-0804 1913 - INFO] ======================================
[2023-0804 1914 - INFO] epoch: 3/100
[2023-0804 1914 - INFO] learning_rate: 0.0005
[2023-0804 1914 - INFO] train_acc: 49.688%, train_loss: nan
[2023-0804 1914 - INFO] test_acc: 70.174%, test_loss: 0.0052
[2023-0804 1914 - INFO] max_train_acc: 49.688%
[2023-0804 1914 - INFO] max_test_acc: 70.174%
[2023-0804 1914 - INFO] max_lr: 0.0005, min_lr: 0.0005
[2023-0804 1914 - INFO] ======================================
[2023-0804 1915 - INFO] epoch: 4/100
[2023-0804 1915 - INFO] learning_rate: 0.0005
[2023-0804 1915 - INFO] train_acc: 49.712%, train_loss: nan
[2023-0804 1915 - INFO] test_acc: 69.730%, test_loss: 0.0052
[2023-0804 1915 - INFO] max_train_acc: 49.712%
[2023-0804 1915 - INFO] max_test_acc: 70.174%
[2023-0804 1915 - INFO] max_lr: 0.0005, min_lr: 0.0005
[2023-0804 1915 - INFO] ======================================
[2023-0804 1917 - INFO] epoch: 5/100
[2023-0804 1917 - INFO] learning_rate: 0.0005
[2023-0804 1917 - INFO] train_acc: 49.653%, train_loss: nan
[2023-0804 1917 - INFO] test_acc: 69.904%, test_loss: 0.0052
[2023-0804 1917 - INFO] max_train_acc: 49.712%
[2023-0804 1917 - INFO] max_test_acc: 70.174%
[2023-0804 1917 - INFO] max_lr: 0.0005, min_lr: 0.0005
[2023-0804 1917 - INFO] ======================================
[2023-0804 1918 - INFO] epoch: 6/100
[2023-0804 1918 - INFO] learning_rate: 0.0005
[2023-0804 1918 - INFO] train_acc: 49.688%, train_loss: nan
[2023-0804 1918 - INFO] test_acc: 69.956%, test_loss: 0.0052
[2023-0804 1918 - INFO] max_train_acc: 49.712%
[2023-0804 1918 - INFO] max_test_acc: 70.174%
[2023-0804 1918 - INFO] max_lr: 0.0005, min_lr: 0.0005
[2023-0804 1918 - INFO] ======================================
[2023-0804 1919 - INFO] epoch: 7/100
[2023-0804 1919 - INFO] learning_rate: 0.0005
[2023-0804 1919 - INFO] train_acc: 49.653%, train_loss: nan
[2023-0804 1919 - INFO] test_acc: 69.691%, test_loss: 0.0052
[2023-0804 1919 - INFO] max_train_acc: 49.712%
[2023-0804 1919 - INFO] max_test_acc: 70.174%
[2023-0804 1919 - INFO] max_lr: 0.0005, min_lr: 0.0005
[2023-0804 1919 - INFO] ======================================
[2023-0804 1921 - INFO] epoch: 8/100
[2023-0804 1921 - INFO] learning_rate: 0.0005
[2023-0804 1921 - INFO] train_acc: 49.659%, train_loss: nan
[2023-0804 1921 - INFO] test_acc: 69.669%, test_loss: 0.0052
[2023-0804 1921 - INFO] max_train_acc: 49.712%
[2023-0804 1921 - INFO] max_test_acc: 70.174%
[2023-0804 1921 - INFO] max_lr: 0.0005, min_lr: 0.0005
[2023-0804 1921 - INFO] ======================================
[2023-0804 1922 - INFO] epoch: 9/100
[2023-0804 1922 - INFO] learning_rate: 0.0005
[2023-0804 1922 - INFO] train_acc: 49.630%, train_loss: nan
[2023-0804 1922 - INFO] test_acc: 70.083%, test_loss: 0.0052
[2023-0804 1922 - INFO] max_train_acc: 49.712%
[2023-0804 1922 - INFO] max_test_acc: 70.174%
[2023-0804 1922 - INFO] max_lr: 0.0005, min_lr: 0.0005
[2023-0804 1922 - INFO] ======================================
[2023-0804 1923 - INFO] epoch: 10/100
[2023-0804 1923 - INFO] learning_rate: 0.0005
[2023-0804 1923 - INFO] train_acc: 49.700%, train_loss: nan
[2023-0804 1923 - INFO] test_acc: 69.534%, test_loss: 0.0052
[2023-0804 1923 - INFO] max_train_acc: 49.712%
[2023-0804 1923 - INFO] max_test_acc: 70.174%
[2023-0804 1923 - INFO] max_lr: 0.0005, min_lr: 0.0005
[2023-0804 1923 - INFO] ======================================
[2023-0804 1928 - INFO] epoch: 11/100
[2023-0804 1928 - INFO] learning_rate: 0.0005
[2023-0804 1928 - INFO] train_acc: 49.712%, train_loss: nan
[2023-0804 1928 - INFO] test_acc: 69.904%, test_loss: 0.0052
[2023-0804 1928 - INFO] max_train_acc: 49.712%
[2023-0804 1928 - INFO] max_test_acc: 70.174%
[2023-0804 1928 - INFO] max_lr: 0.0005, min_lr: 0.0005
[2023-0804 1928 - INFO] ======================================
[2023-0804 1929 - INFO] epoch: 12/100
[2023-0804 1929 - INFO] learning_rate: 0.0005
[2023-0804 1929 - INFO] train_acc: 49.636%, train_loss: nan
[2023-0804 1929 - INFO] test_acc: 69.713%, test_loss: 0.0052
[2023-0804 1929 - INFO] max_train_acc: 49.712%
[2023-0804 1929 - INFO] max_test_acc: 70.174%
[2023-0804 1929 - INFO] max_lr: 0.0005, min_lr: 0.0005
[2023-0804 1929 - INFO] ======================================
[2023-0804 1930 - INFO] epoch: 13/100
[2023-0804 1930 - INFO] learning_rate: 0.0005
[2023-0804 1930 - INFO] train_acc: 49.653%, train_loss: nan
[2023-0804 1930 - INFO] test_acc: 70.078%, test_loss: 0.0052
[2023-0804 1930 - INFO] max_train_acc: 49.712%
[2023-0804 1930 - INFO] max_test_acc: 70.174%
[2023-0804 1930 - INFO] max_lr: 0.0005, min_lr: 0.0005
[2023-0804 1930 - INFO] ======================================
[2023-0804 1932 - INFO] epoch: 14/100
[2023-0804 1932 - INFO] learning_rate: 0.0005
[2023-0804 1932 - INFO] train_acc: 49.665%, train_loss: nan
[2023-0804 1932 - INFO] test_acc: 69.417%, test_loss: 0.0052
[2023-0804 1932 - INFO] max_train_acc: 49.712%
[2023-0804 1932 - INFO] max_test_acc: 70.174%
[2023-0804 1932 - INFO] max_lr: 0.0005, min_lr: 0.0005
[2023-0804 1932 - INFO] ======================================
[2023-0804 1933 - INFO] epoch: 15/100
[2023-0804 1933 - INFO] learning_rate: 0.0005
[2023-0804 1933 - INFO] train_acc: 49.641%, train_loss: nan
[2023-0804 1933 - INFO] test_acc: 69.900%, test_loss: 0.0052
[2023-0804 1933 - INFO] max_train_acc: 49.712%
[2023-0804 1933 - INFO] max_test_acc: 70.174%
[2023-0804 1933 - INFO] max_lr: 0.0005, min_lr: 0.0005
[2023-0804 1933 - INFO] ======================================
[2023-0804 1934 - INFO] epoch: 16/100
[2023-0804 1934 - INFO] learning_rate: 0.0005
[2023-0804 1934 - INFO] train_acc: 49.665%, train_loss: nan
[2023-0804 1934 - INFO] test_acc: 69.617%, test_loss: 0.0052
[2023-0804 1934 - INFO] max_train_acc: 49.712%
[2023-0804 1934 - INFO] max_test_acc: 70.174%
[2023-0804 1934 - INFO] max_lr: 0.0005, min_lr: 0.0005
[2023-0804 1934 - INFO] ======================================
[2023-0804 1936 - INFO] epoch: 17/100
[2023-0804 1936 - INFO] learning_rate: 0.0005
[2023-0804 1936 - INFO] train_acc: 49.641%, train_loss: nan
[2023-0804 1936 - INFO] test_acc: 69.343%, test_loss: 0.0052
[2023-0804 1936 - INFO] max_train_acc: 49.712%
[2023-0804 1936 - INFO] max_test_acc: 70.174%
[2023-0804 1936 - INFO] max_lr: 0.0005, min_lr: 0.0005
[2023-0804 1936 - INFO] ======================================
[2023-0804 1937 - INFO] epoch: 18/100
[2023-0804 1937 - INFO] learning_rate: 0.0005
[2023-0804 1937 - INFO] train_acc: 49.653%, train_loss: nan
[2023-0804 1937 - INFO] test_acc: 69.621%, test_loss: 0.0052
[2023-0804 1937 - INFO] max_train_acc: 49.712%
[2023-0804 1937 - INFO] max_test_acc: 70.174%
[2023-0804 1937 - INFO] max_lr: 0.0005, min_lr: 0.0005
[2023-0804 1937 - INFO] ======================================
[2023-0804 1938 - INFO] epoch: 19/100
[2023-0804 1938 - INFO] learning_rate: 0.0005
[2023-0804 1938 - INFO] train_acc: 49.647%, train_loss: nan
[2023-0804 1938 - INFO] test_acc: 69.822%, test_loss: 0.0052
[2023-0804 1938 - INFO] max_train_acc: 49.712%
[2023-0804 1938 - INFO] max_test_acc: 70.174%
[2023-0804 1938 - INFO] max_lr: 0.0005, min_lr: 0.0005
[2023-0804 1938 - INFO] ======================================
[2023-0804 1940 - INFO] epoch: 20/100
[2023-0804 1940 - INFO] learning_rate: 0.0005
[2023-0804 1940 - INFO] train_acc: 49.665%, train_loss: nan
[2023-0804 1940 - INFO] test_acc: 69.691%, test_loss: 0.0052
[2023-0804 1940 - INFO] max_train_acc: 49.712%
[2023-0804 1940 - INFO] max_test_acc: 70.174%
[2023-0804 1940 - INFO] max_lr: 0.0005, min_lr: 0.0005
[2023-0804 1940 - INFO] ======================================
[2023-0804 1941 - INFO] epoch: 21/100
[2023-0804 1941 - INFO] learning_rate: 0.0005
[2023-0804 1941 - INFO] train_acc: 49.688%, train_loss: nan
[2023-0804 1941 - INFO] test_acc: 69.917%, test_loss: 0.0052
[2023-0804 1941 - INFO] max_train_acc: 49.712%
[2023-0804 1941 - INFO] max_test_acc: 70.174%
[2023-0804 1941 - INFO] max_lr: 0.0005, min_lr: 0.0005
[2023-0804 1941 - INFO] ======================================
[2023-0804 1942 - INFO] epoch: 22/100
[2023-0804 1942 - INFO] learning_rate: 0.0005
[2023-0804 1942 - INFO] train_acc: 49.641%, train_loss: nan
[2023-0804 1942 - INFO] test_acc: 69.961%, test_loss: 0.0052
[2023-0804 1942 - INFO] max_train_acc: 49.712%
[2023-0804 1942 - INFO] max_test_acc: 70.174%
[2023-0804 1942 - INFO] max_lr: 0.0005, min_lr: 0.0005
[2023-0804 1942 - INFO] ======================================
[2023-0804 1944 - INFO] epoch: 23/100
[2023-0804 1944 - INFO] learning_rate: 0.0005
[2023-0804 1944 - INFO] train_acc: 49.718%, train_loss: nan
[2023-0804 1944 - INFO] test_acc: 69.578%, test_loss: 0.0052
[2023-0804 1944 - INFO] max_train_acc: 49.718%
[2023-0804 1944 - INFO] max_test_acc: 70.174%
[2023-0804 1944 - INFO] max_lr: 0.0005, min_lr: 0.0005
[2023-0804 1944 - INFO] ======================================
[2023-0804 1945 - INFO] epoch: 24/100
[2023-0804 1945 - INFO] learning_rate: 0.0005
[2023-0804 1945 - INFO] train_acc: 49.694%, train_loss: nan
[2023-0804 1945 - INFO] test_acc: 69.795%, test_loss: 0.0052
[2023-0804 1945 - INFO] max_train_acc: 49.718%
[2023-0804 1945 - INFO] max_test_acc: 70.174%
[2023-0804 1945 - INFO] max_lr: 0.0005, min_lr: 0.0005
[2023-0804 1945 - INFO] ======================================
[2023-0804 1946 - INFO] epoch: 25/100
[2023-0804 1946 - INFO] learning_rate: 0.0005
[2023-0804 1946 - INFO] train_acc: 49.624%, train_loss: nan
[2023-0804 1946 - INFO] test_acc: 69.813%, test_loss: 0.0052
[2023-0804 1946 - INFO] max_train_acc: 49.718%
[2023-0804 1946 - INFO] max_test_acc: 70.174%
[2023-0804 1946 - INFO] max_lr: 0.0005, min_lr: 0.0005
[2023-0804 1946 - INFO] ======================================
[2023-0804 1947 - INFO] epoch: 26/100
[2023-0804 1947 - INFO] learning_rate: 0.0005
[2023-0804 1947 - INFO] train_acc: 49.700%, train_loss: nan
[2023-0804 1947 - INFO] test_acc: 70.087%, test_loss: 0.0052
[2023-0804 1947 - INFO] max_train_acc: 49.718%
[2023-0804 1947 - INFO] max_test_acc: 70.174%
[2023-0804 1947 - INFO] max_lr: 0.0005, min_lr: 0.0005
[2023-0804 1947 - INFO] ======================================
[2023-0804 1949 - INFO] epoch: 27/100
[2023-0804 1949 - INFO] learning_rate: 0.0005
[2023-0804 1949 - INFO] train_acc: 49.665%, train_loss: nan
[2023-0804 1949 - INFO] test_acc: 69.961%, test_loss: 0.0052
[2023-0804 1949 - INFO] max_train_acc: 49.718%
[2023-0804 1949 - INFO] max_test_acc: 70.174%
[2023-0804 1949 - INFO] max_lr: 0.0005, min_lr: 0.0005
[2023-0804 1949 - INFO] ======================================
[2023-0804 1950 - INFO] epoch: 28/100
[2023-0804 1950 - INFO] learning_rate: 0.0005
[2023-0804 1950 - INFO] train_acc: 49.636%, train_loss: nan
[2023-0804 1950 - INFO] test_acc: 69.913%, test_loss: 0.0052
[2023-0804 1950 - INFO] max_train_acc: 49.718%
[2023-0804 1950 - INFO] max_test_acc: 70.174%
[2023-0804 1950 - INFO] max_lr: 0.0005, min_lr: 0.0005
[2023-0804 1950 - INFO] ======================================
[2023-0804 1951 - INFO] epoch: 29/100
[2023-0804 1951 - INFO] learning_rate: 0.0005
[2023-0804 1951 - INFO] train_acc: 49.653%, train_loss: nan
[2023-0804 1951 - INFO] test_acc: 69.787%, test_loss: 0.0052
[2023-0804 1951 - INFO] max_train_acc: 49.718%
[2023-0804 1951 - INFO] max_test_acc: 70.174%
[2023-0804 1951 - INFO] max_lr: 0.0005, min_lr: 0.0005
[2023-0804 1951 - INFO] ======================================
[2023-0804 1953 - INFO] epoch: 30/100
[2023-0804 1953 - INFO] learning_rate: 0.0005
[2023-0804 1953 - INFO] train_acc: 49.653%, train_loss: nan
[2023-0804 1953 - INFO] test_acc: 69.212%, test_loss: 0.0052
[2023-0804 1953 - INFO] max_train_acc: 49.718%
[2023-0804 1953 - INFO] max_test_acc: 70.174%
[2023-0804 1953 - INFO] max_lr: 0.0005, min_lr: 0.0005
[2023-0804 1953 - INFO] ======================================
[2023-0804 1954 - INFO] epoch: 31/100
[2023-0804 1954 - INFO] learning_rate: 0.0005
[2023-0804 1954 - INFO] train_acc: 49.630%, train_loss: nan
[2023-0804 1954 - INFO] test_acc: 69.447%, test_loss: 0.0052
[2023-0804 1954 - INFO] max_train_acc: 49.718%
[2023-0804 1954 - INFO] max_test_acc: 70.174%
[2023-0804 1954 - INFO] max_lr: 0.0005, min_lr: 0.0005
[2023-0804 1954 - INFO] ======================================
[2023-0804 1955 - INFO] epoch: 32/100
[2023-0804 1955 - INFO] learning_rate: 0.0005
[2023-0804 1955 - INFO] train_acc: 49.683%, train_loss: nan
[2023-0804 1955 - INFO] test_acc: 69.425%, test_loss: 0.0052
[2023-0804 1955 - INFO] max_train_acc: 49.718%
[2023-0804 1955 - INFO] max_test_acc: 70.174%
[2023-0804 1955 - INFO] max_lr: 0.0005, min_lr: 0.0005
[2023-0804 1955 - INFO] ======================================
[2023-0804 1957 - INFO] epoch: 33/100
[2023-0804 1957 - INFO] learning_rate: 0.0005
[2023-0804 1957 - INFO] train_acc: 49.636%, train_loss: nan
[2023-0804 1957 - INFO] test_acc: 69.530%, test_loss: 0.0052
[2023-0804 1957 - INFO] max_train_acc: 49.718%
[2023-0804 1957 - INFO] max_test_acc: 70.174%
[2023-0804 1957 - INFO] max_lr: 0.0005, min_lr: 0.0005
[2023-0804 1957 - INFO] ======================================
[2023-0804 1958 - INFO] epoch: 34/100
[2023-0804 1958 - INFO] learning_rate: 0.0005
[2023-0804 1958 - INFO] train_acc: 49.677%, train_loss: nan
[2023-0804 1958 - INFO] test_acc: 69.678%, test_loss: 0.0052
[2023-0804 1958 - INFO] max_train_acc: 49.718%
[2023-0804 1958 - INFO] max_test_acc: 70.174%
[2023-0804 1958 - INFO] max_lr: 0.0005, min_lr: 0.0005
[2023-0804 1958 - INFO] ======================================
[2023-0804 1959 - INFO] epoch: 35/100
[2023-0804 1959 - INFO] learning_rate: 0.0005
[2023-0804 1959 - INFO] train_acc: 49.700%, train_loss: nan
[2023-0804 1959 - INFO] test_acc: 69.848%, test_loss: 0.0052
[2023-0804 1959 - INFO] max_train_acc: 49.718%
[2023-0804 1959 - INFO] max_test_acc: 70.174%
[2023-0804 1959 - INFO] max_lr: 0.0005, min_lr: 0.0005
[2023-0804 1959 - INFO] ======================================
[2023-0804 2001 - INFO] epoch: 36/100
[2023-0804 2001 - INFO] learning_rate: 0.0005
[2023-0804 2001 - INFO] train_acc: 49.653%, train_loss: nan
[2023-0804 2001 - INFO] test_acc: 69.721%, test_loss: 0.0052
[2023-0804 2001 - INFO] max_train_acc: 49.718%
[2023-0804 2001 - INFO] max_test_acc: 70.174%
[2023-0804 2001 - INFO] max_lr: 0.0005, min_lr: 0.0005
[2023-0804 2001 - INFO] ======================================
[2023-0804 2002 - INFO] epoch: 37/100
[2023-0804 2002 - INFO] learning_rate: 0.0005
[2023-0804 2002 - INFO] train_acc: 49.718%, train_loss: nan
[2023-0804 2002 - INFO] test_acc: 69.665%, test_loss: 0.0052
[2023-0804 2002 - INFO] max_train_acc: 49.718%
[2023-0804 2002 - INFO] max_test_acc: 70.174%
[2023-0804 2002 - INFO] max_lr: 0.0005, min_lr: 0.0005
[2023-0804 2002 - INFO] ======================================
[2023-0804 2003 - INFO] epoch: 38/100
[2023-0804 2003 - INFO] learning_rate: 0.0005
[2023-0804 2003 - INFO] train_acc: 49.659%, train_loss: nan
[2023-0804 2003 - INFO] test_acc: 69.904%, test_loss: 0.0052
[2023-0804 2003 - INFO] max_train_acc: 49.718%
[2023-0804 2003 - INFO] max_test_acc: 70.174%
[2023-0804 2003 - INFO] max_lr: 0.0005, min_lr: 0.0005
[2023-0804 2003 - INFO] ======================================
[2023-0804 2005 - INFO] epoch: 39/100
[2023-0804 2005 - INFO] learning_rate: 0.0005
[2023-0804 2005 - INFO] train_acc: 49.665%, train_loss: nan
[2023-0804 2005 - INFO] test_acc: 69.660%, test_loss: 0.0052
[2023-0804 2005 - INFO] max_train_acc: 49.718%
[2023-0804 2005 - INFO] max_test_acc: 70.174%
[2023-0804 2005 - INFO] max_lr: 0.0005, min_lr: 0.0005
[2023-0804 2005 - INFO] ======================================
[2023-0804 2006 - INFO] epoch: 40/100
[2023-0804 2006 - INFO] learning_rate: 0.0005
[2023-0804 2006 - INFO] train_acc: 49.624%, train_loss: nan
[2023-0804 2006 - INFO] test_acc: 69.734%, test_loss: 0.0052
[2023-0804 2006 - INFO] max_train_acc: 49.718%
[2023-0804 2006 - INFO] max_test_acc: 70.174%
[2023-0804 2006 - INFO] max_lr: 0.0005, min_lr: 0.0005
[2023-0804 2006 - INFO] ======================================
[2023-0804 2007 - INFO] epoch: 41/100
[2023-0804 2007 - INFO] learning_rate: 0.0005
[2023-0804 2007 - INFO] train_acc: 49.618%, train_loss: nan
[2023-0804 2007 - INFO] test_acc: 69.604%, test_loss: 0.0052
[2023-0804 2007 - INFO] max_train_acc: 49.718%
[2023-0804 2007 - INFO] max_test_acc: 70.174%
[2023-0804 2007 - INFO] max_lr: 0.0005, min_lr: 0.0005
[2023-0804 2007 - INFO] ======================================
[2023-0804 2008 - INFO] epoch: 42/100
[2023-0804 2008 - INFO] learning_rate: 0.0005
[2023-0804 2008 - INFO] train_acc: 49.665%, train_loss: nan
[2023-0804 2008 - INFO] test_acc: 69.316%, test_loss: 0.0052
[2023-0804 2008 - INFO] max_train_acc: 49.718%
[2023-0804 2008 - INFO] max_test_acc: 70.174%
[2023-0804 2008 - INFO] max_lr: 0.0005, min_lr: 0.0005
[2023-0804 2008 - INFO] ======================================
[2023-0804 2010 - INFO] epoch: 43/100
[2023-0804 2010 - INFO] learning_rate: 0.0005
[2023-0804 2010 - INFO] train_acc: 49.718%, train_loss: nan
[2023-0804 2010 - INFO] test_acc: 69.447%, test_loss: 0.0052
[2023-0804 2010 - INFO] max_train_acc: 49.718%
[2023-0804 2010 - INFO] max_test_acc: 70.174%
[2023-0804 2010 - INFO] max_lr: 0.0005, min_lr: 0.0005
[2023-0804 2010 - INFO] ======================================
[2023-0804 2011 - INFO] epoch: 44/100
[2023-0804 2011 - INFO] learning_rate: 0.0005
[2023-0804 2011 - INFO] train_acc: 49.706%, train_loss: nan
[2023-0804 2011 - INFO] test_acc: 69.234%, test_loss: 0.0052
[2023-0804 2011 - INFO] max_train_acc: 49.718%
[2023-0804 2011 - INFO] max_test_acc: 70.174%
[2023-0804 2011 - INFO] max_lr: 0.0005, min_lr: 0.0005
[2023-0804 2011 - INFO] ======================================
[2023-0804 2012 - INFO] epoch: 45/100
[2023-0804 2012 - INFO] learning_rate: 0.0005
[2023-0804 2012 - INFO] train_acc: 49.700%, train_loss: nan
[2023-0804 2012 - INFO] test_acc: 69.195%, test_loss: 0.0052
[2023-0804 2012 - INFO] max_train_acc: 49.718%
[2023-0804 2012 - INFO] max_test_acc: 70.174%
[2023-0804 2012 - INFO] max_lr: 0.0005, min_lr: 0.0005
[2023-0804 2012 - INFO] ======================================
[2023-0804 2014 - INFO] epoch: 46/100
[2023-0804 2014 - INFO] learning_rate: 0.0005
[2023-0804 2014 - INFO] train_acc: 49.677%, train_loss: nan
[2023-0804 2014 - INFO] test_acc: 69.504%, test_loss: 0.0052
[2023-0804 2014 - INFO] max_train_acc: 49.718%
[2023-0804 2014 - INFO] max_test_acc: 70.174%
[2023-0804 2014 - INFO] max_lr: 0.0005, min_lr: 0.0005
[2023-0804 2014 - INFO] ======================================
[2023-0804 2015 - INFO] epoch: 47/100
[2023-0804 2015 - INFO] learning_rate: 0.0005
[2023-0804 2015 - INFO] train_acc: 49.618%, train_loss: nan
[2023-0804 2015 - INFO] test_acc: 69.800%, test_loss: 0.0052
[2023-0804 2015 - INFO] max_train_acc: 49.718%
[2023-0804 2015 - INFO] max_test_acc: 70.174%
[2023-0804 2015 - INFO] max_lr: 0.0005, min_lr: 0.0005
[2023-0804 2015 - INFO] ======================================
[2023-0804 2016 - INFO] epoch: 48/100
[2023-0804 2016 - INFO] learning_rate: 0.0005
[2023-0804 2016 - INFO] train_acc: 49.612%, train_loss: nan
[2023-0804 2016 - INFO] test_acc: 69.787%, test_loss: 0.0052
[2023-0804 2016 - INFO] max_train_acc: 49.718%
[2023-0804 2016 - INFO] max_test_acc: 70.174%
[2023-0804 2016 - INFO] max_lr: 0.0005, min_lr: 0.0005
[2023-0804 2016 - INFO] ======================================
[2023-0804 2018 - INFO] epoch: 49/100
[2023-0804 2018 - INFO] learning_rate: 0.0005
[2023-0804 2018 - INFO] train_acc: 49.712%, train_loss: nan
[2023-0804 2018 - INFO] test_acc: 69.700%, test_loss: 0.0052
[2023-0804 2018 - INFO] max_train_acc: 49.718%
[2023-0804 2018 - INFO] max_test_acc: 70.174%
[2023-0804 2018 - INFO] max_lr: 0.0005, min_lr: 0.0005
[2023-0804 2018 - INFO] ======================================
[2023-0804 2019 - INFO] epoch: 50/100
[2023-0804 2019 - INFO] learning_rate: 0.0005
[2023-0804 2019 - INFO] train_acc: 49.653%, train_loss: nan
[2023-0804 2019 - INFO] test_acc: 69.512%, test_loss: 0.0052
[2023-0804 2019 - INFO] max_train_acc: 49.718%
[2023-0804 2019 - INFO] max_test_acc: 70.174%
[2023-0804 2019 - INFO] max_lr: 0.0005, min_lr: 0.0005
[2023-0804 2019 - INFO] ======================================
[2023-0804 2020 - INFO] epoch: 51/100
[2023-0804 2020 - INFO] learning_rate: 0.0005
[2023-0804 2020 - INFO] train_acc: 49.636%, train_loss: nan
[2023-0804 2020 - INFO] test_acc: 70.000%, test_loss: 0.0052
[2023-0804 2020 - INFO] max_train_acc: 49.718%
[2023-0804 2020 - INFO] max_test_acc: 70.174%
[2023-0804 2020 - INFO] max_lr: 0.0005, min_lr: 0.0005
[2023-0804 2020 - INFO] ======================================
[2023-0804 2022 - INFO] epoch: 52/100
[2023-0804 2022 - INFO] learning_rate: 0.0005
[2023-0804 2022 - INFO] train_acc: 49.636%, train_loss: nan
[2023-0804 2022 - INFO] test_acc: 69.251%, test_loss: 0.0052
[2023-0804 2022 - INFO] max_train_acc: 49.718%
[2023-0804 2022 - INFO] max_test_acc: 70.174%
[2023-0804 2022 - INFO] max_lr: 0.0005, min_lr: 0.0005
[2023-0804 2022 - INFO] ======================================
[2023-0804 2023 - INFO] epoch: 53/100
[2023-0804 2023 - INFO] learning_rate: 0.0005
[2023-0804 2023 - INFO] train_acc: 49.630%, train_loss: nan
[2023-0804 2023 - INFO] test_acc: 69.391%, test_loss: 0.0052
[2023-0804 2023 - INFO] max_train_acc: 49.718%
[2023-0804 2023 - INFO] max_test_acc: 70.174%
[2023-0804 2023 - INFO] max_lr: 0.0005, min_lr: 0.0005
[2023-0804 2023 - INFO] ======================================
[2023-0804 2024 - INFO] epoch: 54/100
[2023-0804 2024 - INFO] learning_rate: 0.0005
[2023-0804 2024 - INFO] train_acc: 49.683%, train_loss: nan
[2023-0804 2024 - INFO] test_acc: 69.229%, test_loss: 0.0052
[2023-0804 2024 - INFO] max_train_acc: 49.718%
[2023-0804 2024 - INFO] max_test_acc: 70.174%
[2023-0804 2024 - INFO] max_lr: 0.0005, min_lr: 0.0005
[2023-0804 2024 - INFO] ======================================
[2023-0804 2025 - INFO] epoch: 55/100
[2023-0804 2025 - INFO] learning_rate: 0.0005
[2023-0804 2025 - INFO] train_acc: 49.706%, train_loss: nan
[2023-0804 2025 - INFO] test_acc: 69.843%, test_loss: 0.0052
[2023-0804 2025 - INFO] max_train_acc: 49.718%
[2023-0804 2025 - INFO] max_test_acc: 70.174%
[2023-0804 2025 - INFO] max_lr: 0.0005, min_lr: 0.0005
[2023-0804 2025 - INFO] ======================================
[2023-0804 2027 - INFO] epoch: 56/100
[2023-0804 2027 - INFO] learning_rate: 0.0005
[2023-0804 2027 - INFO] train_acc: 49.683%, train_loss: nan
[2023-0804 2027 - INFO] test_acc: 70.196%, test_loss: 0.0052
[2023-0804 2027 - INFO] max_train_acc: 49.718%
[2023-0804 2027 - INFO] max_test_acc: 70.196%
[2023-0804 2027 - INFO] max_lr: 0.0005, min_lr: 0.0005
[2023-0804 2027 - INFO] ======================================
[2023-0804 2028 - INFO] epoch: 57/100
[2023-0804 2028 - INFO] learning_rate: 0.0005
[2023-0804 2028 - INFO] train_acc: 49.659%, train_loss: nan
[2023-0804 2028 - INFO] test_acc: 69.238%, test_loss: 0.0052
[2023-0804 2028 - INFO] max_train_acc: 49.718%
[2023-0804 2028 - INFO] max_test_acc: 70.196%
[2023-0804 2028 - INFO] max_lr: 0.0005, min_lr: 0.0005
[2023-0804 2028 - INFO] ======================================
[2023-0804 2029 - INFO] epoch: 58/100
[2023-0804 2029 - INFO] learning_rate: 0.0005
[2023-0804 2029 - INFO] train_acc: 49.636%, train_loss: nan
[2023-0804 2029 - INFO] test_acc: 69.491%, test_loss: 0.0052
[2023-0804 2029 - INFO] max_train_acc: 49.718%
[2023-0804 2029 - INFO] max_test_acc: 70.196%
[2023-0804 2029 - INFO] max_lr: 0.0005, min_lr: 0.0005
[2023-0804 2029 - INFO] ======================================
[2023-0804 2031 - INFO] epoch: 59/100
[2023-0804 2031 - INFO] learning_rate: 0.0005
[2023-0804 2031 - INFO] train_acc: 49.706%, train_loss: nan
[2023-0804 2031 - INFO] test_acc: 69.608%, test_loss: 0.0052
[2023-0804 2031 - INFO] max_train_acc: 49.718%
[2023-0804 2031 - INFO] max_test_acc: 70.196%
[2023-0804 2031 - INFO] max_lr: 0.0005, min_lr: 0.0005
[2023-0804 2031 - INFO] ======================================
[2023-0804 2032 - INFO] epoch: 60/100
[2023-0804 2032 - INFO] learning_rate: 0.0005
[2023-0804 2032 - INFO] train_acc: 49.653%, train_loss: nan
[2023-0804 2032 - INFO] test_acc: 69.578%, test_loss: 0.0052
[2023-0804 2032 - INFO] max_train_acc: 49.718%
[2023-0804 2032 - INFO] max_test_acc: 70.196%
[2023-0804 2032 - INFO] max_lr: 0.0005, min_lr: 0.0005
[2023-0804 2032 - INFO] ======================================
[2023-0804 2033 - INFO] epoch: 61/100
[2023-0804 2033 - INFO] learning_rate: 0.0005
[2023-0804 2033 - INFO] train_acc: 49.665%, train_loss: nan
[2023-0804 2033 - INFO] test_acc: 69.991%, test_loss: 0.0052
[2023-0804 2033 - INFO] max_train_acc: 49.718%
[2023-0804 2033 - INFO] max_test_acc: 70.196%
[2023-0804 2033 - INFO] max_lr: 0.0005, min_lr: 0.0005
[2023-0804 2033 - INFO] ======================================
[2023-0804 2035 - INFO] epoch: 62/100
[2023-0804 2035 - INFO] learning_rate: 0.0005
[2023-0804 2035 - INFO] train_acc: 49.630%, train_loss: nan
[2023-0804 2035 - INFO] test_acc: 69.256%, test_loss: 0.0052
[2023-0804 2035 - INFO] max_train_acc: 49.718%
[2023-0804 2035 - INFO] max_test_acc: 70.196%
[2023-0804 2035 - INFO] max_lr: 0.0005, min_lr: 0.0005
[2023-0804 2035 - INFO] ======================================
[2023-0804 2036 - INFO] epoch: 63/100
[2023-0804 2036 - INFO] learning_rate: 0.0005
[2023-0804 2036 - INFO] train_acc: 49.653%, train_loss: nan
[2023-0804 2036 - INFO] test_acc: 69.691%, test_loss: 0.0052
[2023-0804 2036 - INFO] max_train_acc: 49.718%
[2023-0804 2036 - INFO] max_test_acc: 70.196%
[2023-0804 2036 - INFO] max_lr: 0.0005, min_lr: 0.0005
[2023-0804 2036 - INFO] ======================================
[2023-0804 2037 - INFO] epoch: 64/100
[2023-0804 2037 - INFO] learning_rate: 0.0005
[2023-0804 2037 - INFO] train_acc: 49.677%, train_loss: nan
[2023-0804 2037 - INFO] test_acc: 69.377%, test_loss: 0.0052
[2023-0804 2037 - INFO] max_train_acc: 49.718%
[2023-0804 2037 - INFO] max_test_acc: 70.196%
[2023-0804 2037 - INFO] max_lr: 0.0005, min_lr: 0.0005
[2023-0804 2037 - INFO] ======================================
[2023-0804 2039 - INFO] epoch: 65/100
[2023-0804 2039 - INFO] learning_rate: 0.0005
[2023-0804 2039 - INFO] train_acc: 49.683%, train_loss: nan
[2023-0804 2039 - INFO] test_acc: 69.747%, test_loss: 0.0052
[2023-0804 2039 - INFO] max_train_acc: 49.718%
[2023-0804 2039 - INFO] max_test_acc: 70.196%
[2023-0804 2039 - INFO] max_lr: 0.0005, min_lr: 0.0005
[2023-0804 2039 - INFO] ======================================
[2023-0804 2040 - INFO] epoch: 66/100
[2023-0804 2040 - INFO] learning_rate: 0.0005
[2023-0804 2040 - INFO] train_acc: 49.659%, train_loss: nan
[2023-0804 2040 - INFO] test_acc: 69.904%, test_loss: 0.0052
[2023-0804 2040 - INFO] max_train_acc: 49.718%
[2023-0804 2040 - INFO] max_test_acc: 70.196%
[2023-0804 2040 - INFO] max_lr: 0.0005, min_lr: 0.0005
[2023-0804 2040 - INFO] ======================================
[2023-0804 2041 - INFO] epoch: 67/100
[2023-0804 2041 - INFO] learning_rate: 0.0005
[2023-0804 2041 - INFO] train_acc: 49.665%, train_loss: nan
[2023-0804 2041 - INFO] test_acc: 69.460%, test_loss: 0.0052
[2023-0804 2041 - INFO] max_train_acc: 49.718%
[2023-0804 2041 - INFO] max_test_acc: 70.196%
[2023-0804 2041 - INFO] max_lr: 0.0005, min_lr: 0.0005
[2023-0804 2041 - INFO] ======================================
[2023-0804 2042 - INFO] epoch: 68/100
[2023-0804 2042 - INFO] learning_rate: 0.0005
[2023-0804 2042 - INFO] train_acc: 49.700%, train_loss: nan
[2023-0804 2042 - INFO] test_acc: 69.473%, test_loss: 0.0052
[2023-0804 2042 - INFO] max_train_acc: 49.718%
[2023-0804 2042 - INFO] max_test_acc: 70.196%
[2023-0804 2042 - INFO] max_lr: 0.0005, min_lr: 0.0005
[2023-0804 2042 - INFO] ======================================
[2023-0804 2044 - INFO] epoch: 69/100
[2023-0804 2044 - INFO] learning_rate: 0.0005
[2023-0804 2044 - INFO] train_acc: 49.694%, train_loss: nan
[2023-0804 2044 - INFO] test_acc: 69.617%, test_loss: 0.0052
[2023-0804 2044 - INFO] max_train_acc: 49.718%
[2023-0804 2044 - INFO] max_test_acc: 70.196%
[2023-0804 2044 - INFO] max_lr: 0.0005, min_lr: 0.0005
[2023-0804 2044 - INFO] ======================================
[2023-0804 2045 - INFO] epoch: 70/100
[2023-0804 2045 - INFO] learning_rate: 0.0005
[2023-0804 2045 - INFO] train_acc: 49.671%, train_loss: nan
[2023-0804 2045 - INFO] test_acc: 69.173%, test_loss: 0.0052
[2023-0804 2045 - INFO] max_train_acc: 49.718%
[2023-0804 2045 - INFO] max_test_acc: 70.196%
[2023-0804 2045 - INFO] max_lr: 0.0005, min_lr: 0.0005
[2023-0804 2045 - INFO] ======================================
[2023-0804 2046 - INFO] epoch: 71/100
[2023-0804 2046 - INFO] learning_rate: 0.0005
[2023-0804 2046 - INFO] train_acc: 49.718%, train_loss: nan
[2023-0804 2046 - INFO] test_acc: 69.447%, test_loss: 0.0052
[2023-0804 2046 - INFO] max_train_acc: 49.718%
[2023-0804 2046 - INFO] max_test_acc: 70.196%
[2023-0804 2046 - INFO] max_lr: 0.0005, min_lr: 0.0005
[2023-0804 2046 - INFO] ======================================
[2023-0804 2048 - INFO] epoch: 72/100
[2023-0804 2048 - INFO] learning_rate: 0.0005
[2023-0804 2048 - INFO] train_acc: 49.665%, train_loss: nan
[2023-0804 2048 - INFO] test_acc: 69.687%, test_loss: 0.0052
[2023-0804 2048 - INFO] max_train_acc: 49.718%
[2023-0804 2048 - INFO] max_test_acc: 70.196%
[2023-0804 2048 - INFO] max_lr: 0.0005, min_lr: 0.0005
[2023-0804 2048 - INFO] ======================================
[2023-0804 2049 - INFO] epoch: 73/100
[2023-0804 2049 - INFO] learning_rate: 0.0005
[2023-0804 2049 - INFO] train_acc: 49.712%, train_loss: nan
[2023-0804 2049 - INFO] test_acc: 69.647%, test_loss: 0.0052
[2023-0804 2049 - INFO] max_train_acc: 49.718%
[2023-0804 2049 - INFO] max_test_acc: 70.196%
[2023-0804 2049 - INFO] max_lr: 0.0005, min_lr: 0.0005
[2023-0804 2049 - INFO] ======================================
[2023-0804 2050 - INFO] epoch: 74/100
[2023-0804 2050 - INFO] learning_rate: 0.0005
[2023-0804 2050 - INFO] train_acc: 49.694%, train_loss: nan
[2023-0804 2050 - INFO] test_acc: 69.303%, test_loss: 0.0052
[2023-0804 2050 - INFO] max_train_acc: 49.718%
[2023-0804 2050 - INFO] max_test_acc: 70.196%
[2023-0804 2050 - INFO] max_lr: 0.0005, min_lr: 0.0005
[2023-0804 2050 - INFO] ======================================
[2023-0804 2052 - INFO] epoch: 75/100
[2023-0804 2052 - INFO] learning_rate: 0.0005
[2023-0804 2052 - INFO] train_acc: 49.624%, train_loss: nan
[2023-0804 2052 - INFO] test_acc: 70.013%, test_loss: 0.0052
[2023-0804 2052 - INFO] max_train_acc: 49.718%
[2023-0804 2052 - INFO] max_test_acc: 70.196%
[2023-0804 2052 - INFO] max_lr: 0.0005, min_lr: 0.0005
[2023-0804 2052 - INFO] ======================================
[2023-0804 2053 - INFO] epoch: 76/100
[2023-0804 2053 - INFO] learning_rate: 0.0005
[2023-0804 2053 - INFO] train_acc: 49.700%, train_loss: nan
[2023-0804 2053 - INFO] test_acc: 69.791%, test_loss: 0.0052
[2023-0804 2053 - INFO] max_train_acc: 49.718%
[2023-0804 2053 - INFO] max_test_acc: 70.196%
[2023-0804 2053 - INFO] max_lr: 0.0005, min_lr: 0.0005
[2023-0804 2053 - INFO] ======================================
[2023-0804 2054 - INFO] epoch: 77/100
[2023-0804 2054 - INFO] learning_rate: 0.0005
[2023-0804 2054 - INFO] train_acc: 49.671%, train_loss: nan
[2023-0804 2054 - INFO] test_acc: 69.639%, test_loss: 0.0052
[2023-0804 2054 - INFO] max_train_acc: 49.718%
[2023-0804 2054 - INFO] max_test_acc: 70.196%
[2023-0804 2054 - INFO] max_lr: 0.0005, min_lr: 0.0005
[2023-0804 2054 - INFO] ======================================
[2023-0804 2056 - INFO] epoch: 78/100
[2023-0804 2056 - INFO] learning_rate: 0.0005
[2023-0804 2056 - INFO] train_acc: 49.647%, train_loss: nan
[2023-0804 2056 - INFO] test_acc: 69.817%, test_loss: 0.0052
[2023-0804 2056 - INFO] max_train_acc: 49.718%
[2023-0804 2056 - INFO] max_test_acc: 70.196%
[2023-0804 2056 - INFO] max_lr: 0.0005, min_lr: 0.0005
[2023-0804 2056 - INFO] ======================================
[2023-0804 2057 - INFO] epoch: 79/100
[2023-0804 2057 - INFO] learning_rate: 0.0005
[2023-0804 2057 - INFO] train_acc: 49.683%, train_loss: nan
[2023-0804 2057 - INFO] test_acc: 69.865%, test_loss: 0.0052
[2023-0804 2057 - INFO] max_train_acc: 49.718%
[2023-0804 2057 - INFO] max_test_acc: 70.196%
[2023-0804 2057 - INFO] max_lr: 0.0005, min_lr: 0.0005
[2023-0804 2057 - INFO] ======================================
[2023-0804 2058 - INFO] epoch: 80/100
[2023-0804 2058 - INFO] learning_rate: 0.0005
[2023-0804 2058 - INFO] train_acc: 49.594%, train_loss: nan
[2023-0804 2058 - INFO] test_acc: 69.891%, test_loss: 0.0052
[2023-0804 2058 - INFO] max_train_acc: 49.718%
[2023-0804 2058 - INFO] max_test_acc: 70.196%
[2023-0804 2058 - INFO] max_lr: 0.0005, min_lr: 0.0005
[2023-0804 2058 - INFO] ======================================
[2023-0804 2100 - INFO] epoch: 81/100
[2023-0804 2100 - INFO] learning_rate: 0.0005
[2023-0804 2100 - INFO] train_acc: 49.647%, train_loss: nan
[2023-0804 2100 - INFO] test_acc: 69.669%, test_loss: 0.0052
[2023-0804 2100 - INFO] max_train_acc: 49.718%
[2023-0804 2100 - INFO] max_test_acc: 70.196%
[2023-0804 2100 - INFO] max_lr: 0.0005, min_lr: 0.0005
[2023-0804 2100 - INFO] ======================================
[2023-0804 2101 - INFO] epoch: 82/100
[2023-0804 2101 - INFO] learning_rate: 0.0005
[2023-0804 2101 - INFO] train_acc: 49.653%, train_loss: nan
[2023-0804 2101 - INFO] test_acc: 69.591%, test_loss: 0.0052
[2023-0804 2101 - INFO] max_train_acc: 49.718%
[2023-0804 2101 - INFO] max_test_acc: 70.196%
[2023-0804 2101 - INFO] max_lr: 0.0005, min_lr: 0.0005
[2023-0804 2101 - INFO] ======================================
[2023-0804 2102 - INFO] epoch: 83/100
[2023-0804 2102 - INFO] learning_rate: 0.0005
[2023-0804 2102 - INFO] train_acc: 49.671%, train_loss: nan
[2023-0804 2102 - INFO] test_acc: 69.647%, test_loss: 0.0052
[2023-0804 2102 - INFO] max_train_acc: 49.718%
[2023-0804 2102 - INFO] max_test_acc: 70.196%
[2023-0804 2102 - INFO] max_lr: 0.0005, min_lr: 0.0005
[2023-0804 2102 - INFO] ======================================
[2023-0804 2103 - INFO] epoch: 84/100
[2023-0804 2103 - INFO] learning_rate: 0.0005
[2023-0804 2103 - INFO] train_acc: 49.665%, train_loss: nan
[2023-0804 2103 - INFO] test_acc: 69.521%, test_loss: 0.0052
[2023-0804 2103 - INFO] max_train_acc: 49.718%
[2023-0804 2103 - INFO] max_test_acc: 70.196%
[2023-0804 2103 - INFO] max_lr: 0.0005, min_lr: 0.0005
[2023-0804 2103 - INFO] ======================================
[2023-0804 2105 - INFO] epoch: 85/100
[2023-0804 2105 - INFO] learning_rate: 0.0005
[2023-0804 2105 - INFO] train_acc: 49.665%, train_loss: nan
[2023-0804 2105 - INFO] test_acc: 69.939%, test_loss: 0.0052
[2023-0804 2105 - INFO] max_train_acc: 49.718%
[2023-0804 2105 - INFO] max_test_acc: 70.196%
[2023-0804 2105 - INFO] max_lr: 0.0005, min_lr: 0.0005
[2023-0804 2105 - INFO] ======================================
[2023-0804 2106 - INFO] epoch: 86/100
[2023-0804 2106 - INFO] learning_rate: 0.0005
[2023-0804 2106 - INFO] train_acc: 49.683%, train_loss: nan
[2023-0804 2106 - INFO] test_acc: 69.970%, test_loss: 0.0052
[2023-0804 2106 - INFO] max_train_acc: 49.718%
[2023-0804 2106 - INFO] max_test_acc: 70.196%
[2023-0804 2106 - INFO] max_lr: 0.0005, min_lr: 0.0005
[2023-0804 2106 - INFO] ======================================
[2023-0804 2107 - INFO] epoch: 87/100
[2023-0804 2107 - INFO] learning_rate: 0.0005
[2023-0804 2107 - INFO] train_acc: 49.659%, train_loss: nan
[2023-0804 2107 - INFO] test_acc: 69.626%, test_loss: 0.0052
[2023-0804 2107 - INFO] max_train_acc: 49.718%
[2023-0804 2107 - INFO] max_test_acc: 70.196%
[2023-0804 2107 - INFO] max_lr: 0.0005, min_lr: 0.0005
[2023-0804 2107 - INFO] ======================================
[2023-0804 2109 - INFO] epoch: 88/100
[2023-0804 2109 - INFO] learning_rate: 0.0005
[2023-0804 2109 - INFO] train_acc: 49.630%, train_loss: nan
[2023-0804 2109 - INFO] test_acc: 69.830%, test_loss: 0.0052
[2023-0804 2109 - INFO] max_train_acc: 49.718%
[2023-0804 2109 - INFO] max_test_acc: 70.196%
[2023-0804 2109 - INFO] max_lr: 0.0005, min_lr: 0.0005
[2023-0804 2109 - INFO] ======================================
[2023-0804 2110 - INFO] epoch: 89/100
[2023-0804 2110 - INFO] learning_rate: 0.0005
[2023-0804 2110 - INFO] train_acc: 49.636%, train_loss: nan
[2023-0804 2110 - INFO] test_acc: 69.399%, test_loss: 0.0052
[2023-0804 2110 - INFO] max_train_acc: 49.718%
[2023-0804 2110 - INFO] max_test_acc: 70.196%
[2023-0804 2110 - INFO] max_lr: 0.0005, min_lr: 0.0005
[2023-0804 2110 - INFO] ======================================
[2023-0804 2111 - INFO] epoch: 90/100
[2023-0804 2111 - INFO] learning_rate: 0.0005
[2023-0804 2111 - INFO] train_acc: 49.724%, train_loss: nan
[2023-0804 2111 - INFO] test_acc: 69.569%, test_loss: 0.0052
[2023-0804 2111 - INFO] max_train_acc: 49.724%
[2023-0804 2111 - INFO] max_test_acc: 70.196%
[2023-0804 2111 - INFO] max_lr: 0.0005, min_lr: 0.0005
[2023-0804 2111 - INFO] ======================================
[2023-0804 2113 - INFO] epoch: 91/100
[2023-0804 2113 - INFO] learning_rate: 0.0005
[2023-0804 2113 - INFO] train_acc: 49.671%, train_loss: nan
[2023-0804 2113 - INFO] test_acc: 69.225%, test_loss: 0.0052
[2023-0804 2113 - INFO] max_train_acc: 49.724%
[2023-0804 2113 - INFO] max_test_acc: 70.196%
[2023-0804 2113 - INFO] max_lr: 0.0005, min_lr: 0.0005
[2023-0804 2113 - INFO] ======================================
[2023-0804 2114 - INFO] epoch: 92/100
[2023-0804 2114 - INFO] learning_rate: 0.0005
[2023-0804 2114 - INFO] train_acc: 49.712%, train_loss: nan
[2023-0804 2114 - INFO] test_acc: 70.000%, test_loss: 0.0052
[2023-0804 2114 - INFO] max_train_acc: 49.724%
[2023-0804 2114 - INFO] max_test_acc: 70.196%
[2023-0804 2114 - INFO] max_lr: 0.0005, min_lr: 0.0005
[2023-0804 2114 - INFO] ======================================
[2023-0804 2115 - INFO] epoch: 93/100
[2023-0804 2115 - INFO] learning_rate: 0.0005
[2023-0804 2115 - INFO] train_acc: 49.641%, train_loss: nan
[2023-0804 2115 - INFO] test_acc: 69.970%, test_loss: 0.0052
[2023-0804 2115 - INFO] max_train_acc: 49.724%
[2023-0804 2115 - INFO] max_test_acc: 70.196%
[2023-0804 2115 - INFO] max_lr: 0.0005, min_lr: 0.0005
[2023-0804 2115 - INFO] ======================================
[2023-0804 2117 - INFO] epoch: 94/100
[2023-0804 2117 - INFO] learning_rate: 0.0005
[2023-0804 2117 - INFO] train_acc: 49.653%, train_loss: nan
[2023-0804 2117 - INFO] test_acc: 69.961%, test_loss: 0.0052
[2023-0804 2117 - INFO] max_train_acc: 49.724%
[2023-0804 2117 - INFO] max_test_acc: 70.196%
[2023-0804 2117 - INFO] max_lr: 0.0005, min_lr: 0.0005
[2023-0804 2117 - INFO] ======================================
[2023-0804 2118 - INFO] epoch: 95/100
[2023-0804 2118 - INFO] learning_rate: 0.0005
[2023-0804 2118 - INFO] train_acc: 49.683%, train_loss: nan
[2023-0804 2118 - INFO] test_acc: 69.565%, test_loss: 0.0052
[2023-0804 2118 - INFO] max_train_acc: 49.724%
[2023-0804 2118 - INFO] max_test_acc: 70.196%
[2023-0804 2118 - INFO] max_lr: 0.0005, min_lr: 0.0005
[2023-0804 2118 - INFO] ======================================
[2023-0804 2119 - INFO] epoch: 96/100
[2023-0804 2119 - INFO] learning_rate: 0.0005
[2023-0804 2119 - INFO] train_acc: 49.659%, train_loss: nan
[2023-0804 2119 - INFO] test_acc: 70.122%, test_loss: 0.0052
[2023-0804 2119 - INFO] max_train_acc: 49.724%
[2023-0804 2119 - INFO] max_test_acc: 70.196%
[2023-0804 2119 - INFO] max_lr: 0.0005, min_lr: 0.0005
[2023-0804 2119 - INFO] ======================================
[2023-0804 2120 - INFO] epoch: 97/100
[2023-0804 2120 - INFO] learning_rate: 0.0005
[2023-0804 2120 - INFO] train_acc: 49.641%, train_loss: nan
[2023-0804 2120 - INFO] test_acc: 69.578%, test_loss: 0.0052
[2023-0804 2120 - INFO] max_train_acc: 49.724%
[2023-0804 2120 - INFO] max_test_acc: 70.196%
[2023-0804 2120 - INFO] max_lr: 0.0005, min_lr: 0.0005
[2023-0804 2120 - INFO] ======================================
[2023-0804 2122 - INFO] epoch: 98/100
[2023-0804 2122 - INFO] learning_rate: 0.0005
[2023-0804 2122 - INFO] train_acc: 49.677%, train_loss: nan
[2023-0804 2122 - INFO] test_acc: 70.065%, test_loss: 0.0052
[2023-0804 2122 - INFO] max_train_acc: 49.724%
[2023-0804 2122 - INFO] max_test_acc: 70.196%
[2023-0804 2122 - INFO] max_lr: 0.0005, min_lr: 0.0005
[2023-0804 2122 - INFO] ======================================
