[2023-0727 1144 - INFO] # trainset_size = 12757
[2023-0727 1144 - INFO] # testset_size = 3075
[2023-0727 1144 - INFO] # train_a/p = 4252/8505
[2023-0727 1144 - INFO] # test_a/p = 1025/2050
[2023-0727 1144 - INFO] # batch_size = 64
[2023-0727 1144 - INFO] # learning_rate = 0.0001
[2023-0727 1144 - INFO] # num_epochs = 80
[2023-0727 1144 - INFO] # padding_size = 3500
[2023-0727 1144 - INFO] # criterion = CrossEntropyLoss()
[2023-0727 1144 - INFO] # optimizer = AdamW (
Parameter Group 0
    amsgrad: False
    betas: (0.9, 0.98)
    capturable: False
    differentiable: False
    eps: 1e-08
    foreach: None
    fused: None
    lr: 0.0001
    maximize: False
    weight_decay: 0.01
)
[2023-0727 1144 - INFO] -------------------------------
[2023-0727 1145 - INFO] epoch: 1/80
[2023-0727 1145 - INFO] learning_rate: 0.0001
[2023-0727 1145 - INFO] train_acc: 66.5595%, train_loss: 0.0097
[2023-0727 1145 - INFO] test_acc: 66.6016%, test_loss: 0.0094
[2023-0727 1145 - INFO] max_train_acc: 66.5595%
[2023-0727 1145 - INFO] max_test_acc: 66.6016%
[2023-0727 1145 - INFO] max_lr: 0.0001, min_lr: 0.0001
[2023-0727 1145 - INFO] ======================================
[2023-0727 1145 - INFO] epoch: 2/80
[2023-0727 1145 - INFO] learning_rate: 0.0001
[2023-0727 1145 - INFO] train_acc: 69.2326%, train_loss: 0.0092
[2023-0727 1145 - INFO] test_acc: 74.6992%, test_loss: 0.0091
[2023-0727 1145 - INFO] max_train_acc: 69.2326%
[2023-0727 1145 - INFO] max_test_acc: 74.6992%
[2023-0727 1145 - INFO] max_lr: 0.0001, min_lr: 0.0001
[2023-0727 1145 - INFO] ======================================
[2023-0727 1146 - INFO] epoch: 3/80
[2023-0727 1146 - INFO] learning_rate: 0.0001
[2023-0727 1146 - INFO] train_acc: 73.4734%, train_loss: 0.0089
[2023-0727 1146 - INFO] test_acc: 73.9837%, test_loss: 0.0089
[2023-0727 1146 - INFO] max_train_acc: 73.4734%
[2023-0727 1146 - INFO] max_test_acc: 74.6992%
[2023-0727 1146 - INFO] max_lr: 0.0001, min_lr: 0.0001
[2023-0727 1146 - INFO] ======================================
[2023-0727 1146 - INFO] epoch: 4/80
[2023-0727 1146 - INFO] learning_rate: 0.0001
[2023-0727 1146 - INFO] train_acc: 74.0691%, train_loss: 0.0088
[2023-0727 1146 - INFO] test_acc: 74.2439%, test_loss: 0.0088
[2023-0727 1146 - INFO] max_train_acc: 74.0691%
[2023-0727 1146 - INFO] max_test_acc: 74.6992%
[2023-0727 1146 - INFO] max_lr: 0.0001, min_lr: 0.0001
[2023-0727 1146 - INFO] ======================================
[2023-0727 1147 - INFO] epoch: 5/80
[2023-0727 1147 - INFO] learning_rate: 0.0001
[2023-0727 1147 - INFO] train_acc: 74.2886%, train_loss: 0.0088
[2023-0727 1147 - INFO] test_acc: 75.1545%, test_loss: 0.0088
[2023-0727 1147 - INFO] max_train_acc: 74.2886%
[2023-0727 1147 - INFO] max_test_acc: 75.1545%
[2023-0727 1147 - INFO] max_lr: 0.0001, min_lr: 0.0001
[2023-0727 1147 - INFO] ======================================
[2023-0727 1147 - INFO] epoch: 6/80
[2023-0727 1147 - INFO] learning_rate: 0.0001
[2023-0727 1147 - INFO] train_acc: 74.9706%, train_loss: 0.0087
[2023-0727 1147 - INFO] test_acc: 75.7073%, test_loss: 0.0087
[2023-0727 1147 - INFO] max_train_acc: 74.9706%
[2023-0727 1147 - INFO] max_test_acc: 75.7073%
[2023-0727 1147 - INFO] max_lr: 0.0001, min_lr: 0.0001
[2023-0727 1147 - INFO] ======================================
[2023-0727 1147 - INFO] epoch: 7/80
[2023-0727 1147 - INFO] learning_rate: 0.0001
[2023-0727 1147 - INFO] train_acc: 74.9706%, train_loss: 0.0087
[2023-0727 1147 - INFO] test_acc: 76.1626%, test_loss: 0.0086
[2023-0727 1147 - INFO] max_train_acc: 74.9706%
[2023-0727 1147 - INFO] max_test_acc: 76.1626%
[2023-0727 1147 - INFO] max_lr: 0.0001, min_lr: 0.0001
[2023-0727 1147 - INFO] ======================================
[2023-0727 1148 - INFO] epoch: 8/80
[2023-0727 1148 - INFO] learning_rate: 0.0001
[2023-0727 1148 - INFO] train_acc: 75.4958%, train_loss: 0.0086
[2023-0727 1148 - INFO] test_acc: 76.2602%, test_loss: 0.0086
[2023-0727 1148 - INFO] max_train_acc: 75.4958%
[2023-0727 1148 - INFO] max_test_acc: 76.2602%
[2023-0727 1148 - INFO] max_lr: 0.0001, min_lr: 0.0001
[2023-0727 1148 - INFO] ======================================
[2023-0727 1148 - INFO] epoch: 9/80
[2023-0727 1148 - INFO] learning_rate: 0.0001
[2023-0727 1148 - INFO] train_acc: 75.7466%, train_loss: 0.0086
[2023-0727 1148 - INFO] test_acc: 76.5528%, test_loss: 0.0086
[2023-0727 1148 - INFO] max_train_acc: 75.7466%
[2023-0727 1148 - INFO] max_test_acc: 76.5528%
[2023-0727 1148 - INFO] max_lr: 0.0001, min_lr: 0.0001
[2023-0727 1148 - INFO] ======================================
[2023-0727 1149 - INFO] epoch: 10/80
[2023-0727 1149 - INFO] learning_rate: 0.0001
[2023-0727 1149 - INFO] train_acc: 75.7858%, train_loss: 0.0086
[2023-0727 1149 - INFO] test_acc: 76.5528%, test_loss: 0.0085
[2023-0727 1149 - INFO] max_train_acc: 75.7858%
[2023-0727 1149 - INFO] max_test_acc: 76.5528%
[2023-0727 1149 - INFO] max_lr: 0.0001, min_lr: 0.0001
[2023-0727 1149 - INFO] ======================================
[2023-0727 1149 - INFO] epoch: 11/80
[2023-0727 1149 - INFO] learning_rate: 0.0001
[2023-0727 1149 - INFO] train_acc: 75.8407%, train_loss: 0.0086
[2023-0727 1149 - INFO] test_acc: 76.7805%, test_loss: 0.0085
[2023-0727 1149 - INFO] max_train_acc: 75.8407%
[2023-0727 1149 - INFO] max_test_acc: 76.7805%
[2023-0727 1149 - INFO] max_lr: 0.0001, min_lr: 0.0001
[2023-0727 1149 - INFO] ======================================
[2023-0727 1149 - INFO] epoch: 12/80
[2023-0727 1149 - INFO] learning_rate: 0.0001
[2023-0727 1149 - INFO] train_acc: 76.0524%, train_loss: 0.0085
[2023-0727 1149 - INFO] test_acc: 76.7805%, test_loss: 0.0085
[2023-0727 1149 - INFO] max_train_acc: 76.0524%
[2023-0727 1149 - INFO] max_test_acc: 76.7805%
[2023-0727 1149 - INFO] max_lr: 0.0001, min_lr: 0.0001
[2023-0727 1149 - INFO] ======================================
[2023-0727 1150 - INFO] epoch: 13/80
[2023-0727 1150 - INFO] learning_rate: 0.0001
[2023-0727 1150 - INFO] train_acc: 76.0837%, train_loss: 0.0085
[2023-0727 1150 - INFO] test_acc: 77.0732%, test_loss: 0.0084
[2023-0727 1150 - INFO] max_train_acc: 76.0837%
[2023-0727 1150 - INFO] max_test_acc: 77.0732%
[2023-0727 1150 - INFO] max_lr: 0.0001, min_lr: 0.0001
[2023-0727 1150 - INFO] ======================================
[2023-0727 1150 - INFO] epoch: 14/80
[2023-0727 1150 - INFO] learning_rate: 0.0001
[2023-0727 1150 - INFO] train_acc: 76.3032%, train_loss: 0.0085
[2023-0727 1150 - INFO] test_acc: 77.1057%, test_loss: 0.0084
[2023-0727 1150 - INFO] max_train_acc: 76.3032%
[2023-0727 1150 - INFO] max_test_acc: 77.1057%
[2023-0727 1150 - INFO] max_lr: 0.0001, min_lr: 0.0001
[2023-0727 1150 - INFO] ======================================
[2023-0727 1151 - INFO] epoch: 15/80
[2023-0727 1151 - INFO] learning_rate: 0.0001
[2023-0727 1151 - INFO] train_acc: 76.2875%, train_loss: 0.0085
[2023-0727 1151 - INFO] test_acc: 77.3984%, test_loss: 0.0084
[2023-0727 1151 - INFO] max_train_acc: 76.3032%
[2023-0727 1151 - INFO] max_test_acc: 77.3984%
[2023-0727 1151 - INFO] max_lr: 0.0001, min_lr: 0.0001
[2023-0727 1151 - INFO] ======================================
[2023-0727 1151 - INFO] epoch: 16/80
[2023-0727 1151 - INFO] learning_rate: 0.0001
[2023-0727 1151 - INFO] train_acc: 76.4600%, train_loss: 0.0085
[2023-0727 1151 - INFO] test_acc: 77.5935%, test_loss: 0.0084
[2023-0727 1151 - INFO] max_train_acc: 76.4600%
[2023-0727 1151 - INFO] max_test_acc: 77.5935%
[2023-0727 1151 - INFO] max_lr: 0.0001, min_lr: 0.0001
[2023-0727 1151 - INFO] ======================================
[2023-0727 1151 - INFO] epoch: 17/80
[2023-0727 1151 - INFO] learning_rate: 0.0001
[2023-0727 1151 - INFO] train_acc: 76.7265%, train_loss: 0.0085
[2023-0727 1151 - INFO] test_acc: 77.6585%, test_loss: 0.0084
[2023-0727 1151 - INFO] max_train_acc: 76.7265%
[2023-0727 1151 - INFO] max_test_acc: 77.6585%
[2023-0727 1151 - INFO] max_lr: 0.0001, min_lr: 0.0001
[2023-0727 1151 - INFO] ======================================
[2023-0727 1152 - INFO] epoch: 18/80
[2023-0727 1152 - INFO] learning_rate: 0.0001
[2023-0727 1152 - INFO] train_acc: 76.8441%, train_loss: 0.0085
[2023-0727 1152 - INFO] test_acc: 77.6911%, test_loss: 0.0083
[2023-0727 1152 - INFO] max_train_acc: 76.8441%
[2023-0727 1152 - INFO] max_test_acc: 77.6911%
[2023-0727 1152 - INFO] max_lr: 0.0001, min_lr: 0.0001
[2023-0727 1152 - INFO] ======================================
[2023-0727 1152 - INFO] epoch: 19/80
[2023-0727 1152 - INFO] learning_rate: 0.0001
[2023-0727 1152 - INFO] train_acc: 76.8362%, train_loss: 0.0085
[2023-0727 1152 - INFO] test_acc: 77.9187%, test_loss: 0.0083
[2023-0727 1152 - INFO] max_train_acc: 76.8441%
[2023-0727 1152 - INFO] max_test_acc: 77.9187%
[2023-0727 1152 - INFO] max_lr: 0.0001, min_lr: 0.0001
[2023-0727 1152 - INFO] ======================================
[2023-0727 1153 - INFO] epoch: 20/80
[2023-0727 1153 - INFO] learning_rate: 0.0001
[2023-0727 1153 - INFO] train_acc: 76.9303%, train_loss: 0.0084
[2023-0727 1153 - INFO] test_acc: 78.0163%, test_loss: 0.0083
[2023-0727 1153 - INFO] max_train_acc: 76.9303%
[2023-0727 1153 - INFO] max_test_acc: 78.0163%
[2023-0727 1153 - INFO] max_lr: 0.0001, min_lr: 0.0001
[2023-0727 1153 - INFO] ======================================
[2023-0727 1153 - INFO] epoch: 21/80
[2023-0727 1153 - INFO] learning_rate: 0.0001
[2023-0727 1153 - INFO] train_acc: 76.9146%, train_loss: 0.0084
[2023-0727 1153 - INFO] test_acc: 78.1138%, test_loss: 0.0083
[2023-0727 1153 - INFO] max_train_acc: 76.9303%
[2023-0727 1153 - INFO] max_test_acc: 78.1138%
[2023-0727 1153 - INFO] max_lr: 0.0001, min_lr: 0.0001
[2023-0727 1153 - INFO] ======================================
[2023-0727 1153 - INFO] epoch: 22/80
[2023-0727 1153 - INFO] learning_rate: 0.0001
[2023-0727 1153 - INFO] train_acc: 76.9695%, train_loss: 0.0084
[2023-0727 1153 - INFO] test_acc: 78.2114%, test_loss: 0.0083
[2023-0727 1153 - INFO] max_train_acc: 76.9695%
[2023-0727 1153 - INFO] max_test_acc: 78.2114%
[2023-0727 1153 - INFO] max_lr: 0.0001, min_lr: 0.0001
[2023-0727 1153 - INFO] ======================================
[2023-0727 1154 - INFO] epoch: 23/80
[2023-0727 1154 - INFO] learning_rate: 0.0001
[2023-0727 1154 - INFO] train_acc: 76.8206%, train_loss: 0.0084
[2023-0727 1154 - INFO] test_acc: 78.3415%, test_loss: 0.0083
[2023-0727 1154 - INFO] max_train_acc: 76.9695%
[2023-0727 1154 - INFO] max_test_acc: 78.3415%
[2023-0727 1154 - INFO] max_lr: 0.0001, min_lr: 0.0001
[2023-0727 1154 - INFO] ======================================
[2023-0727 1154 - INFO] epoch: 24/80
[2023-0727 1154 - INFO] learning_rate: 0.0001
[2023-0727 1154 - INFO] train_acc: 77.1655%, train_loss: 0.0084
[2023-0727 1154 - INFO] test_acc: 78.4065%, test_loss: 0.0083
[2023-0727 1154 - INFO] max_train_acc: 77.1655%
[2023-0727 1154 - INFO] max_test_acc: 78.4065%
[2023-0727 1154 - INFO] max_lr: 0.0001, min_lr: 0.0001
[2023-0727 1154 - INFO] ======================================
[2023-0727 1155 - INFO] epoch: 25/80
[2023-0727 1155 - INFO] learning_rate: 0.0001
[2023-0727 1155 - INFO] train_acc: 77.3301%, train_loss: 0.0084
[2023-0727 1155 - INFO] test_acc: 78.6016%, test_loss: 0.0082
[2023-0727 1155 - INFO] max_train_acc: 77.3301%
[2023-0727 1155 - INFO] max_test_acc: 78.6016%
[2023-0727 1155 - INFO] max_lr: 0.0001, min_lr: 0.0001
[2023-0727 1155 - INFO] ======================================
[2023-0727 1155 - INFO] epoch: 26/80
[2023-0727 1155 - INFO] learning_rate: 0.0001
[2023-0727 1155 - INFO] train_acc: 77.2360%, train_loss: 0.0084
[2023-0727 1155 - INFO] test_acc: 78.7317%, test_loss: 0.0082
[2023-0727 1155 - INFO] max_train_acc: 77.3301%
[2023-0727 1155 - INFO] max_test_acc: 78.7317%
[2023-0727 1155 - INFO] max_lr: 0.0001, min_lr: 0.0001
[2023-0727 1155 - INFO] ======================================
[2023-0727 1155 - INFO] epoch: 27/80
[2023-0727 1155 - INFO] learning_rate: 0.0001
[2023-0727 1155 - INFO] train_acc: 77.2517%, train_loss: 0.0084
[2023-0727 1155 - INFO] test_acc: 78.7642%, test_loss: 0.0082
[2023-0727 1155 - INFO] max_train_acc: 77.3301%
[2023-0727 1155 - INFO] max_test_acc: 78.7642%
[2023-0727 1155 - INFO] max_lr: 0.0001, min_lr: 0.0001
[2023-0727 1155 - INFO] ======================================
[2023-0727 1156 - INFO] epoch: 28/80
[2023-0727 1156 - INFO] learning_rate: 0.0001
[2023-0727 1156 - INFO] train_acc: 77.3771%, train_loss: 0.0084
[2023-0727 1156 - INFO] test_acc: 79.0569%, test_loss: 0.0082
[2023-0727 1156 - INFO] max_train_acc: 77.3771%
[2023-0727 1156 - INFO] max_test_acc: 79.0569%
[2023-0727 1156 - INFO] max_lr: 0.0001, min_lr: 0.0001
[2023-0727 1156 - INFO] ======================================
[2023-0727 1156 - INFO] epoch: 29/80
[2023-0727 1156 - INFO] learning_rate: 0.0001
[2023-0727 1156 - INFO] train_acc: 77.3379%, train_loss: 0.0084
[2023-0727 1156 - INFO] test_acc: 79.0569%, test_loss: 0.0082
[2023-0727 1156 - INFO] max_train_acc: 77.3771%
[2023-0727 1156 - INFO] max_test_acc: 79.0569%
[2023-0727 1156 - INFO] max_lr: 0.0001, min_lr: 0.0001
[2023-0727 1156 - INFO] ======================================
[2023-0727 1157 - INFO] epoch: 30/80
[2023-0727 1157 - INFO] learning_rate: 0.0001
[2023-0727 1157 - INFO] train_acc: 77.5417%, train_loss: 0.0084
[2023-0727 1157 - INFO] test_acc: 79.2846%, test_loss: 0.0082
[2023-0727 1157 - INFO] max_train_acc: 77.5417%
[2023-0727 1157 - INFO] max_test_acc: 79.2846%
[2023-0727 1157 - INFO] max_lr: 0.0001, min_lr: 0.0001
[2023-0727 1157 - INFO] ======================================
[2023-0727 1157 - INFO] epoch: 31/80
[2023-0727 1157 - INFO] learning_rate: 0.0001
[2023-0727 1157 - INFO] train_acc: 77.6515%, train_loss: 0.0083
[2023-0727 1157 - INFO] test_acc: 79.1870%, test_loss: 0.0082
[2023-0727 1157 - INFO] max_train_acc: 77.6515%
[2023-0727 1157 - INFO] max_test_acc: 79.2846%
[2023-0727 1157 - INFO] max_lr: 0.0001, min_lr: 0.0001
[2023-0727 1157 - INFO] ======================================
[2023-0727 1157 - INFO] epoch: 32/80
[2023-0727 1157 - INFO] learning_rate: 0.0001
[2023-0727 1157 - INFO] train_acc: 77.6045%, train_loss: 0.0083
[2023-0727 1157 - INFO] test_acc: 79.1545%, test_loss: 0.0082
[2023-0727 1157 - INFO] max_train_acc: 77.6515%
[2023-0727 1157 - INFO] max_test_acc: 79.2846%
[2023-0727 1157 - INFO] max_lr: 0.0001, min_lr: 0.0001
[2023-0727 1157 - INFO] ======================================
[2023-0727 1158 - INFO] epoch: 33/80
[2023-0727 1158 - INFO] learning_rate: 0.0001
[2023-0727 1158 - INFO] train_acc: 77.5809%, train_loss: 0.0083
[2023-0727 1158 - INFO] test_acc: 79.1545%, test_loss: 0.0082
[2023-0727 1158 - INFO] max_train_acc: 77.6515%
[2023-0727 1158 - INFO] max_test_acc: 79.2846%
[2023-0727 1158 - INFO] max_lr: 0.0001, min_lr: 0.0001
[2023-0727 1158 - INFO] ======================================
[2023-0727 1158 - INFO] epoch: 34/80
[2023-0727 1158 - INFO] learning_rate: 0.0001
[2023-0727 1158 - INFO] train_acc: 77.5574%, train_loss: 0.0083
[2023-0727 1158 - INFO] test_acc: 79.3496%, test_loss: 0.0082
[2023-0727 1158 - INFO] max_train_acc: 77.6515%
[2023-0727 1158 - INFO] max_test_acc: 79.3496%
[2023-0727 1158 - INFO] max_lr: 0.0001, min_lr: 0.0001
[2023-0727 1158 - INFO] ======================================
[2023-0727 1159 - INFO] epoch: 35/80
[2023-0727 1159 - INFO] learning_rate: 0.0001
[2023-0727 1159 - INFO] train_acc: 77.5025%, train_loss: 0.0083
[2023-0727 1159 - INFO] test_acc: 79.3171%, test_loss: 0.0082
[2023-0727 1159 - INFO] max_train_acc: 77.6515%
[2023-0727 1159 - INFO] max_test_acc: 79.3496%
[2023-0727 1159 - INFO] max_lr: 0.0001, min_lr: 0.0001
[2023-0727 1159 - INFO] ======================================
[2023-0727 1159 - INFO] epoch: 36/80
[2023-0727 1159 - INFO] learning_rate: 0.0001
[2023-0727 1159 - INFO] train_acc: 77.6436%, train_loss: 0.0083
[2023-0727 1159 - INFO] test_acc: 79.3496%, test_loss: 0.0082
[2023-0727 1159 - INFO] max_train_acc: 77.6515%
[2023-0727 1159 - INFO] max_test_acc: 79.3496%
[2023-0727 1159 - INFO] max_lr: 0.0001, min_lr: 0.0001
[2023-0727 1159 - INFO] ======================================
[2023-0727 1159 - INFO] epoch: 37/80
[2023-0727 1159 - INFO] learning_rate: 0.0001
[2023-0727 1159 - INFO] train_acc: 77.5731%, train_loss: 0.0083
[2023-0727 1159 - INFO] test_acc: 79.3171%, test_loss: 0.0082
[2023-0727 1159 - INFO] max_train_acc: 77.6515%
[2023-0727 1159 - INFO] max_test_acc: 79.3496%
[2023-0727 1159 - INFO] max_lr: 0.0001, min_lr: 0.0001
[2023-0727 1159 - INFO] ======================================
[2023-0727 1200 - INFO] epoch: 38/80
[2023-0727 1200 - INFO] learning_rate: 0.0001
[2023-0727 1200 - INFO] train_acc: 77.7377%, train_loss: 0.0083
[2023-0727 1200 - INFO] test_acc: 79.3171%, test_loss: 0.0081
[2023-0727 1200 - INFO] max_train_acc: 77.7377%
[2023-0727 1200 - INFO] max_test_acc: 79.3496%
[2023-0727 1200 - INFO] max_lr: 0.0001, min_lr: 0.0001
[2023-0727 1200 - INFO] ======================================
[2023-0727 1200 - INFO] epoch: 39/80
[2023-0727 1200 - INFO] learning_rate: 0.0001
[2023-0727 1200 - INFO] train_acc: 77.9102%, train_loss: 0.0083
[2023-0727 1200 - INFO] test_acc: 79.4472%, test_loss: 0.0081
[2023-0727 1200 - INFO] max_train_acc: 77.9102%
[2023-0727 1200 - INFO] max_test_acc: 79.4472%
[2023-0727 1200 - INFO] max_lr: 0.0001, min_lr: 0.0001
[2023-0727 1200 - INFO] ======================================
[2023-0727 1201 - INFO] epoch: 40/80
[2023-0727 1201 - INFO] learning_rate: 0.0001
[2023-0727 1201 - INFO] train_acc: 77.8239%, train_loss: 0.0083
[2023-0727 1201 - INFO] test_acc: 79.4472%, test_loss: 0.0081
[2023-0727 1201 - INFO] max_train_acc: 77.9102%
[2023-0727 1201 - INFO] max_test_acc: 79.4472%
[2023-0727 1201 - INFO] max_lr: 0.0001, min_lr: 0.0001
[2023-0727 1201 - INFO] ======================================
[2023-0727 1201 - INFO] epoch: 41/80
[2023-0727 1201 - INFO] learning_rate: 0.0001
[2023-0727 1201 - INFO] train_acc: 77.8318%, train_loss: 0.0083
[2023-0727 1201 - INFO] test_acc: 79.4797%, test_loss: 0.0081
[2023-0727 1201 - INFO] max_train_acc: 77.9102%
[2023-0727 1201 - INFO] max_test_acc: 79.4797%
[2023-0727 1201 - INFO] max_lr: 0.0001, min_lr: 0.0001
[2023-0727 1201 - INFO] ======================================
[2023-0727 1201 - INFO] epoch: 42/80
[2023-0727 1201 - INFO] learning_rate: 0.0001
[2023-0727 1201 - INFO] train_acc: 77.7299%, train_loss: 0.0083
[2023-0727 1201 - INFO] test_acc: 79.5122%, test_loss: 0.0081
[2023-0727 1201 - INFO] max_train_acc: 77.9102%
[2023-0727 1201 - INFO] max_test_acc: 79.5122%
[2023-0727 1201 - INFO] max_lr: 0.0001, min_lr: 0.0001
[2023-0727 1201 - INFO] ======================================
[2023-0727 1202 - INFO] epoch: 43/80
[2023-0727 1202 - INFO] learning_rate: 0.0001
[2023-0727 1202 - INFO] train_acc: 77.8710%, train_loss: 0.0083
[2023-0727 1202 - INFO] test_acc: 79.5122%, test_loss: 0.0081
[2023-0727 1202 - INFO] max_train_acc: 77.9102%
[2023-0727 1202 - INFO] max_test_acc: 79.5122%
[2023-0727 1202 - INFO] max_lr: 0.0001, min_lr: 0.0001
[2023-0727 1202 - INFO] ======================================
[2023-0727 1202 - INFO] epoch: 44/80
[2023-0727 1202 - INFO] learning_rate: 0.0001
[2023-0727 1202 - INFO] train_acc: 78.0513%, train_loss: 0.0083
[2023-0727 1202 - INFO] test_acc: 79.6098%, test_loss: 0.0081
[2023-0727 1202 - INFO] max_train_acc: 78.0513%
[2023-0727 1202 - INFO] max_test_acc: 79.6098%
[2023-0727 1202 - INFO] max_lr: 0.0001, min_lr: 0.0001
[2023-0727 1202 - INFO] ======================================
[2023-0727 1203 - INFO] epoch: 45/80
[2023-0727 1203 - INFO] learning_rate: 0.0001
[2023-0727 1203 - INFO] train_acc: 77.9415%, train_loss: 0.0083
[2023-0727 1203 - INFO] test_acc: 79.5447%, test_loss: 0.0081
[2023-0727 1203 - INFO] max_train_acc: 78.0513%
[2023-0727 1203 - INFO] max_test_acc: 79.6098%
[2023-0727 1203 - INFO] max_lr: 0.0001, min_lr: 0.0001
[2023-0727 1203 - INFO] ======================================
[2023-0727 1203 - INFO] epoch: 46/80
[2023-0727 1203 - INFO] learning_rate: 0.0001
[2023-0727 1203 - INFO] train_acc: 77.9258%, train_loss: 0.0083
[2023-0727 1203 - INFO] test_acc: 79.5122%, test_loss: 0.0081
[2023-0727 1203 - INFO] max_train_acc: 78.0513%
[2023-0727 1203 - INFO] max_test_acc: 79.6098%
[2023-0727 1203 - INFO] max_lr: 0.0001, min_lr: 0.0001
[2023-0727 1203 - INFO] ======================================
[2023-0727 1203 - INFO] epoch: 47/80
[2023-0727 1203 - INFO] learning_rate: 0.0001
[2023-0727 1203 - INFO] train_acc: 78.0748%, train_loss: 0.0083
[2023-0727 1203 - INFO] test_acc: 79.5122%, test_loss: 0.0081
[2023-0727 1203 - INFO] max_train_acc: 78.0748%
[2023-0727 1203 - INFO] max_test_acc: 79.6098%
[2023-0727 1203 - INFO] max_lr: 0.0001, min_lr: 0.0001
[2023-0727 1203 - INFO] ======================================
[2023-0727 1204 - INFO] epoch: 48/80
[2023-0727 1204 - INFO] learning_rate: 0.0001
[2023-0727 1204 - INFO] train_acc: 77.9023%, train_loss: 0.0083
[2023-0727 1204 - INFO] test_acc: 79.5772%, test_loss: 0.0081
[2023-0727 1204 - INFO] max_train_acc: 78.0748%
[2023-0727 1204 - INFO] max_test_acc: 79.6098%
[2023-0727 1204 - INFO] max_lr: 0.0001, min_lr: 0.0001
[2023-0727 1204 - INFO] ======================================
[2023-0727 1204 - INFO] epoch: 49/80
[2023-0727 1204 - INFO] learning_rate: 0.0001
[2023-0727 1204 - INFO] train_acc: 78.0748%, train_loss: 0.0083
[2023-0727 1204 - INFO] test_acc: 79.6423%, test_loss: 0.0081
[2023-0727 1204 - INFO] max_train_acc: 78.0748%
[2023-0727 1204 - INFO] max_test_acc: 79.6423%
[2023-0727 1204 - INFO] max_lr: 0.0001, min_lr: 0.0001
[2023-0727 1204 - INFO] ======================================
[2023-0727 1204 - INFO] epoch: 50/80
[2023-0727 1204 - INFO] learning_rate: 0.0001
[2023-0727 1204 - INFO] train_acc: 78.0434%, train_loss: 0.0083
[2023-0727 1204 - INFO] test_acc: 79.6748%, test_loss: 0.0081
[2023-0727 1204 - INFO] max_train_acc: 78.0748%
[2023-0727 1204 - INFO] max_test_acc: 79.6748%
[2023-0727 1204 - INFO] max_lr: 0.0001, min_lr: 0.0001
[2023-0727 1204 - INFO] ======================================
[2023-0727 1205 - INFO] epoch: 51/80
[2023-0727 1205 - INFO] learning_rate: 0.0001
[2023-0727 1205 - INFO] train_acc: 78.3178%, train_loss: 0.0083
[2023-0727 1205 - INFO] test_acc: 79.6748%, test_loss: 0.0081
[2023-0727 1205 - INFO] max_train_acc: 78.3178%
[2023-0727 1205 - INFO] max_test_acc: 79.6748%
[2023-0727 1205 - INFO] max_lr: 0.0001, min_lr: 0.0001
[2023-0727 1205 - INFO] ======================================
[2023-0727 1205 - INFO] epoch: 52/80
[2023-0727 1205 - INFO] learning_rate: 0.0001
[2023-0727 1205 - INFO] train_acc: 78.2394%, train_loss: 0.0083
[2023-0727 1205 - INFO] test_acc: 79.6748%, test_loss: 0.0081
[2023-0727 1205 - INFO] max_train_acc: 78.3178%
[2023-0727 1205 - INFO] max_test_acc: 79.6748%
[2023-0727 1205 - INFO] max_lr: 0.0001, min_lr: 0.0001
[2023-0727 1205 - INFO] ======================================
[2023-0727 1206 - INFO] epoch: 53/80
[2023-0727 1206 - INFO] learning_rate: 0.0001
[2023-0727 1206 - INFO] train_acc: 78.0669%, train_loss: 0.0083
[2023-0727 1206 - INFO] test_acc: 79.7398%, test_loss: 0.0081
[2023-0727 1206 - INFO] max_train_acc: 78.3178%
[2023-0727 1206 - INFO] max_test_acc: 79.7398%
[2023-0727 1206 - INFO] max_lr: 0.0001, min_lr: 0.0001
[2023-0727 1206 - INFO] ======================================
[2023-0727 1206 - INFO] epoch: 54/80
[2023-0727 1206 - INFO] learning_rate: 0.0001
[2023-0727 1206 - INFO] train_acc: 78.0277%, train_loss: 0.0083
[2023-0727 1206 - INFO] test_acc: 79.8049%, test_loss: 0.0081
[2023-0727 1206 - INFO] max_train_acc: 78.3178%
[2023-0727 1206 - INFO] max_test_acc: 79.8049%
[2023-0727 1206 - INFO] max_lr: 0.0001, min_lr: 0.0001
[2023-0727 1206 - INFO] ======================================
[2023-0727 1206 - INFO] epoch: 55/80
[2023-0727 1206 - INFO] learning_rate: 0.0001
[2023-0727 1206 - INFO] train_acc: 78.1767%, train_loss: 0.0082
[2023-0727 1206 - INFO] test_acc: 79.6748%, test_loss: 0.0081
[2023-0727 1206 - INFO] max_train_acc: 78.3178%
[2023-0727 1206 - INFO] max_test_acc: 79.8049%
[2023-0727 1206 - INFO] max_lr: 0.0001, min_lr: 0.0001
[2023-0727 1206 - INFO] ======================================
[2023-0727 1207 - INFO] epoch: 56/80
[2023-0727 1207 - INFO] learning_rate: 0.0001
[2023-0727 1207 - INFO] train_acc: 78.0042%, train_loss: 0.0082
[2023-0727 1207 - INFO] test_acc: 79.8049%, test_loss: 0.0081
[2023-0727 1207 - INFO] max_train_acc: 78.3178%
[2023-0727 1207 - INFO] max_test_acc: 79.8049%
[2023-0727 1207 - INFO] max_lr: 0.0001, min_lr: 0.0001
[2023-0727 1207 - INFO] ======================================
[2023-0727 1207 - INFO] epoch: 57/80
[2023-0727 1207 - INFO] learning_rate: 0.0001
[2023-0727 1207 - INFO] train_acc: 78.2159%, train_loss: 0.0082
[2023-0727 1207 - INFO] test_acc: 79.8374%, test_loss: 0.0081
[2023-0727 1207 - INFO] max_train_acc: 78.3178%
[2023-0727 1207 - INFO] max_test_acc: 79.8374%
[2023-0727 1207 - INFO] max_lr: 0.0001, min_lr: 0.0001
[2023-0727 1207 - INFO] ======================================
[2023-0727 1208 - INFO] epoch: 58/80
[2023-0727 1208 - INFO] learning_rate: 0.0001
[2023-0727 1208 - INFO] train_acc: 78.1924%, train_loss: 0.0082
[2023-0727 1208 - INFO] test_acc: 79.8049%, test_loss: 0.0081
[2023-0727 1208 - INFO] max_train_acc: 78.3178%
[2023-0727 1208 - INFO] max_test_acc: 79.8374%
[2023-0727 1208 - INFO] max_lr: 0.0001, min_lr: 0.0001
[2023-0727 1208 - INFO] ======================================
[2023-0727 1208 - INFO] epoch: 59/80
[2023-0727 1208 - INFO] learning_rate: 0.0001
[2023-0727 1208 - INFO] train_acc: 78.2708%, train_loss: 0.0082
[2023-0727 1208 - INFO] test_acc: 79.7724%, test_loss: 0.0081
[2023-0727 1208 - INFO] max_train_acc: 78.3178%
[2023-0727 1208 - INFO] max_test_acc: 79.8374%
[2023-0727 1208 - INFO] max_lr: 0.0001, min_lr: 0.0001
[2023-0727 1208 - INFO] ======================================
[2023-0727 1208 - INFO] epoch: 60/80
[2023-0727 1208 - INFO] learning_rate: 0.0001
[2023-0727 1208 - INFO] train_acc: 78.1767%, train_loss: 0.0082
[2023-0727 1208 - INFO] test_acc: 79.8049%, test_loss: 0.0081
[2023-0727 1208 - INFO] max_train_acc: 78.3178%
[2023-0727 1208 - INFO] max_test_acc: 79.8374%
[2023-0727 1208 - INFO] max_lr: 0.0001, min_lr: 0.0001
[2023-0727 1208 - INFO] ======================================
[2023-0727 1209 - INFO] epoch: 61/80
[2023-0727 1209 - INFO] learning_rate: 0.0001
[2023-0727 1209 - INFO] train_acc: 78.2002%, train_loss: 0.0082
[2023-0727 1209 - INFO] test_acc: 79.8374%, test_loss: 0.0081
[2023-0727 1209 - INFO] max_train_acc: 78.3178%
[2023-0727 1209 - INFO] max_test_acc: 79.8374%
[2023-0727 1209 - INFO] max_lr: 0.0001, min_lr: 0.0001
[2023-0727 1209 - INFO] ======================================
[2023-0727 1209 - INFO] epoch: 62/80
[2023-0727 1209 - INFO] learning_rate: 0.0001
[2023-0727 1209 - INFO] train_acc: 78.1767%, train_loss: 0.0082
[2023-0727 1209 - INFO] test_acc: 79.9675%, test_loss: 0.0081
[2023-0727 1209 - INFO] max_train_acc: 78.3178%
[2023-0727 1209 - INFO] max_test_acc: 79.9675%
[2023-0727 1209 - INFO] max_lr: 0.0001, min_lr: 0.0001
[2023-0727 1209 - INFO] ======================================
[2023-0727 1210 - INFO] epoch: 63/80
[2023-0727 1210 - INFO] learning_rate: 0.0001
[2023-0727 1210 - INFO] train_acc: 78.2629%, train_loss: 0.0083
[2023-0727 1210 - INFO] test_acc: 79.9675%, test_loss: 0.0081
[2023-0727 1210 - INFO] max_train_acc: 78.3178%
[2023-0727 1210 - INFO] max_test_acc: 79.9675%
[2023-0727 1210 - INFO] max_lr: 0.0001, min_lr: 0.0001
[2023-0727 1210 - INFO] ======================================
[2023-0727 1210 - INFO] epoch: 64/80
[2023-0727 1210 - INFO] learning_rate: 0.0001
[2023-0727 1210 - INFO] train_acc: 78.1453%, train_loss: 0.0082
[2023-0727 1210 - INFO] test_acc: 79.7724%, test_loss: 0.0081
[2023-0727 1210 - INFO] max_train_acc: 78.3178%
[2023-0727 1210 - INFO] max_test_acc: 79.9675%
[2023-0727 1210 - INFO] max_lr: 0.0001, min_lr: 0.0001
[2023-0727 1210 - INFO] ======================================
[2023-0727 1210 - INFO] epoch: 65/80
[2023-0727 1210 - INFO] learning_rate: 0.0001
[2023-0727 1210 - INFO] train_acc: 78.3256%, train_loss: 0.0082
[2023-0727 1210 - INFO] test_acc: 79.7073%, test_loss: 0.0081
[2023-0727 1210 - INFO] max_train_acc: 78.3256%
[2023-0727 1210 - INFO] max_test_acc: 79.9675%
[2023-0727 1210 - INFO] max_lr: 0.0001, min_lr: 0.0001
[2023-0727 1210 - INFO] ======================================
[2023-0727 1211 - INFO] epoch: 66/80
[2023-0727 1211 - INFO] learning_rate: 0.0001
[2023-0727 1211 - INFO] train_acc: 78.1845%, train_loss: 0.0082
[2023-0727 1211 - INFO] test_acc: 79.9350%, test_loss: 0.0081
[2023-0727 1211 - INFO] max_train_acc: 78.3256%
[2023-0727 1211 - INFO] max_test_acc: 79.9675%
[2023-0727 1211 - INFO] max_lr: 0.0001, min_lr: 0.0001
[2023-0727 1211 - INFO] ======================================
[2023-0727 1211 - INFO] epoch: 67/80
[2023-0727 1211 - INFO] learning_rate: 0.0001
[2023-0727 1211 - INFO] train_acc: 78.0905%, train_loss: 0.0082
[2023-0727 1211 - INFO] test_acc: 79.9024%, test_loss: 0.0081
[2023-0727 1211 - INFO] max_train_acc: 78.3256%
[2023-0727 1211 - INFO] max_test_acc: 79.9675%
[2023-0727 1211 - INFO] max_lr: 0.0001, min_lr: 0.0001
[2023-0727 1211 - INFO] ======================================
[2023-0727 1212 - INFO] epoch: 68/80
[2023-0727 1212 - INFO] learning_rate: 0.0001
[2023-0727 1212 - INFO] train_acc: 78.3962%, train_loss: 0.0082
[2023-0727 1212 - INFO] test_acc: 79.8374%, test_loss: 0.0080
[2023-0727 1212 - INFO] max_train_acc: 78.3962%
[2023-0727 1212 - INFO] max_test_acc: 79.9675%
[2023-0727 1212 - INFO] max_lr: 0.0001, min_lr: 0.0001
[2023-0727 1212 - INFO] ======================================
[2023-0727 1212 - INFO] epoch: 69/80
[2023-0727 1212 - INFO] learning_rate: 0.0001
[2023-0727 1212 - INFO] train_acc: 78.2472%, train_loss: 0.0082
[2023-0727 1212 - INFO] test_acc: 79.8049%, test_loss: 0.0080
[2023-0727 1212 - INFO] max_train_acc: 78.3962%
[2023-0727 1212 - INFO] max_test_acc: 79.9675%
[2023-0727 1212 - INFO] max_lr: 0.0001, min_lr: 0.0001
[2023-0727 1212 - INFO] ======================================
[2023-0727 1212 - INFO] epoch: 70/80
[2023-0727 1212 - INFO] learning_rate: 0.0001
[2023-0727 1212 - INFO] train_acc: 78.2237%, train_loss: 0.0082
[2023-0727 1212 - INFO] test_acc: 79.7073%, test_loss: 0.0080
[2023-0727 1212 - INFO] max_train_acc: 78.3962%
[2023-0727 1212 - INFO] max_test_acc: 79.9675%
[2023-0727 1212 - INFO] max_lr: 0.0001, min_lr: 0.0001
[2023-0727 1212 - INFO] ======================================
[2023-0727 1213 - INFO] epoch: 71/80
[2023-0727 1213 - INFO] learning_rate: 0.0001
[2023-0727 1213 - INFO] train_acc: 78.3021%, train_loss: 0.0082
[2023-0727 1213 - INFO] test_acc: 79.9024%, test_loss: 0.0080
[2023-0727 1213 - INFO] max_train_acc: 78.3962%
[2023-0727 1213 - INFO] max_test_acc: 79.9675%
[2023-0727 1213 - INFO] max_lr: 0.0001, min_lr: 0.0001
[2023-0727 1213 - INFO] ======================================
[2023-0727 1213 - INFO] epoch: 72/80
[2023-0727 1213 - INFO] learning_rate: 0.0001
[2023-0727 1213 - INFO] train_acc: 78.4275%, train_loss: 0.0082
[2023-0727 1213 - INFO] test_acc: 79.8049%, test_loss: 0.0080
[2023-0727 1213 - INFO] max_train_acc: 78.4275%
[2023-0727 1213 - INFO] max_test_acc: 79.9675%
[2023-0727 1213 - INFO] max_lr: 0.0001, min_lr: 0.0001
[2023-0727 1213 - INFO] ======================================
[2023-0727 1214 - INFO] epoch: 73/80
[2023-0727 1214 - INFO] learning_rate: 0.0001
[2023-0727 1214 - INFO] train_acc: 78.3962%, train_loss: 0.0082
[2023-0727 1214 - INFO] test_acc: 79.8049%, test_loss: 0.0080
[2023-0727 1214 - INFO] max_train_acc: 78.4275%
[2023-0727 1214 - INFO] max_test_acc: 79.9675%
[2023-0727 1214 - INFO] max_lr: 0.0001, min_lr: 0.0001
[2023-0727 1214 - INFO] ======================================
[2023-0727 1214 - INFO] epoch: 74/80
[2023-0727 1214 - INFO] learning_rate: 0.0001
[2023-0727 1214 - INFO] train_acc: 78.4119%, train_loss: 0.0082
[2023-0727 1214 - INFO] test_acc: 79.7398%, test_loss: 0.0080
[2023-0727 1214 - INFO] max_train_acc: 78.4275%
[2023-0727 1214 - INFO] max_test_acc: 79.9675%
[2023-0727 1214 - INFO] max_lr: 0.0001, min_lr: 0.0001
[2023-0727 1214 - INFO] ======================================
[2023-0727 1214 - INFO] epoch: 75/80
[2023-0727 1214 - INFO] learning_rate: 0.0001
[2023-0727 1214 - INFO] train_acc: 78.0826%, train_loss: 0.0082
[2023-0727 1214 - INFO] test_acc: 79.7398%, test_loss: 0.0080
[2023-0727 1214 - INFO] max_train_acc: 78.4275%
[2023-0727 1214 - INFO] max_test_acc: 79.9675%
[2023-0727 1214 - INFO] max_lr: 0.0001, min_lr: 0.0001
[2023-0727 1214 - INFO] ======================================
[2023-0727 1215 - INFO] epoch: 76/80
[2023-0727 1215 - INFO] learning_rate: 0.0001
[2023-0727 1215 - INFO] train_acc: 78.3491%, train_loss: 0.0082
[2023-0727 1215 - INFO] test_acc: 79.8049%, test_loss: 0.0080
[2023-0727 1215 - INFO] max_train_acc: 78.4275%
[2023-0727 1215 - INFO] max_test_acc: 79.9675%
[2023-0727 1215 - INFO] max_lr: 0.0001, min_lr: 0.0001
[2023-0727 1215 - INFO] ======================================
[2023-0727 1215 - INFO] epoch: 77/80
[2023-0727 1215 - INFO] learning_rate: 0.0001
[2023-0727 1215 - INFO] train_acc: 78.3727%, train_loss: 0.0082
[2023-0727 1215 - INFO] test_acc: 79.7398%, test_loss: 0.0080
[2023-0727 1215 - INFO] max_train_acc: 78.4275%
[2023-0727 1215 - INFO] max_test_acc: 79.9675%
[2023-0727 1215 - INFO] max_lr: 0.0001, min_lr: 0.0001
[2023-0727 1215 - INFO] ======================================
[2023-0727 1215 - INFO] epoch: 78/80
[2023-0727 1215 - INFO] learning_rate: 0.0001
[2023-0727 1215 - INFO] train_acc: 78.2864%, train_loss: 0.0082
[2023-0727 1215 - INFO] test_acc: 79.8374%, test_loss: 0.0080
[2023-0727 1215 - INFO] max_train_acc: 78.4275%
[2023-0727 1215 - INFO] max_test_acc: 79.9675%
[2023-0727 1215 - INFO] max_lr: 0.0001, min_lr: 0.0001
[2023-0727 1215 - INFO] ======================================
[2023-0727 1216 - INFO] epoch: 79/80
[2023-0727 1216 - INFO] learning_rate: 0.0001
[2023-0727 1216 - INFO] train_acc: 78.5059%, train_loss: 0.0082
[2023-0727 1216 - INFO] test_acc: 79.7724%, test_loss: 0.0080
[2023-0727 1216 - INFO] max_train_acc: 78.5059%
[2023-0727 1216 - INFO] max_test_acc: 79.9675%
[2023-0727 1216 - INFO] max_lr: 0.0001, min_lr: 0.0001
[2023-0727 1216 - INFO] ======================================
[2023-0727 1216 - INFO] epoch: 80/80
[2023-0727 1216 - INFO] learning_rate: 0.0001
[2023-0727 1216 - INFO] train_acc: 78.6784%, train_loss: 0.0082
[2023-0727 1216 - INFO] test_acc: 79.7398%, test_loss: 0.0080
[2023-0727 1216 - INFO] max_train_acc: 78.6784%
[2023-0727 1216 - INFO] max_test_acc: 79.9675%
[2023-0727 1216 - INFO] max_lr: 0.0001, min_lr: 0.0001
[2023-0727 1216 - INFO] ======================================
