[2023-0805 0907 - INFO] <<< BEATs_iter3_plus_AS2M - 1 fc layer >>> 
[2023-0805 0907 - INFO] Add FrequencyMasking and TimeMasking
[2023-0805 0907 - INFO] Add time_stretch 0.8 and time_stretch 1.2
[2023-0805 0907 - INFO] # trainset_size = 17010
[2023-0805 0907 - INFO] # testset_size = 4100
[2023-0805 0907 - INFO] # train_a/p = 8505/8505
[2023-0805 0907 - INFO] # test_a/p = 2050/2050
[2023-0805 0907 - INFO] # batch_size = 128
[2023-0805 0907 - INFO] # learning_rate = 0.001
[2023-0805 0907 - INFO] # weight_decay = 0.01
[2023-0805 0907 - INFO] # num_epochs = 100
[2023-0805 0907 - INFO] # padding_size = 3500
[2023-0805 0907 - INFO] # loss_fn = CE
[2023-0805 0907 - INFO] # scheduler = None
[2023-0805 0907 - INFO] # optimizer = AdamW (
Parameter Group 0
    amsgrad: False
    betas: (0.9, 0.98)
    capturable: False
    differentiable: False
    eps: 1e-08
    foreach: None
    fused: None
    lr: 0.001
    maximize: False
    weight_decay: 0.01
)
[2023-0805 0907 - INFO] # comments : 
[2023-0805 0907 - INFO] -------------------------------------
[2023-0805 0908 - INFO] epoch: 1/100
[2023-0805 0908 - INFO] learning_rate: 0.0010
[2023-0805 0908 - INFO] train_acc: 49.612%, train_loss: nan
[2023-0805 0908 - INFO] test_acc: 46.073%, test_loss: 0.0056
[2023-0805 0908 - INFO] max_train_acc: 49.612%
[2023-0805 0908 - INFO] max_test_acc: 46.073%
[2023-0805 0908 - INFO] max_lr: 0.0010, min_lr: 0.0010
[2023-0805 0908 - INFO] ======================================
[2023-0805 0909 - INFO] epoch: 2/100
[2023-0805 0909 - INFO] learning_rate: 0.0010
[2023-0805 0909 - INFO] train_acc: 49.683%, train_loss: nan
[2023-0805 0909 - INFO] test_acc: 46.073%, test_loss: 0.0056
[2023-0805 0909 - INFO] max_train_acc: 49.683%
[2023-0805 0909 - INFO] max_test_acc: 46.073%
[2023-0805 0909 - INFO] max_lr: 0.0010, min_lr: 0.0010
[2023-0805 0909 - INFO] ======================================
[2023-0805 0909 - INFO] epoch: 3/100
[2023-0805 0909 - INFO] learning_rate: 0.0010
[2023-0805 0909 - INFO] train_acc: 49.636%, train_loss: nan
[2023-0805 0909 - INFO] test_acc: 46.024%, test_loss: 0.0056
[2023-0805 0909 - INFO] max_train_acc: 49.683%
[2023-0805 0909 - INFO] max_test_acc: 46.073%
[2023-0805 0909 - INFO] max_lr: 0.0010, min_lr: 0.0010
[2023-0805 0909 - INFO] ======================================
[2023-0805 0910 - INFO] epoch: 4/100
[2023-0805 0910 - INFO] learning_rate: 0.0010
[2023-0805 0910 - INFO] train_acc: 49.636%, train_loss: nan
[2023-0805 0910 - INFO] test_acc: 46.049%, test_loss: 0.0056
[2023-0805 0910 - INFO] max_train_acc: 49.683%
[2023-0805 0910 - INFO] max_test_acc: 46.073%
[2023-0805 0910 - INFO] max_lr: 0.0010, min_lr: 0.0010
[2023-0805 0910 - INFO] ======================================
[2023-0805 0910 - INFO] epoch: 5/100
[2023-0805 0910 - INFO] learning_rate: 0.0010
[2023-0805 0910 - INFO] train_acc: 49.665%, train_loss: nan
[2023-0805 0910 - INFO] test_acc: 46.000%, test_loss: 0.0056
[2023-0805 0910 - INFO] max_train_acc: 49.683%
[2023-0805 0910 - INFO] max_test_acc: 46.073%
[2023-0805 0910 - INFO] max_lr: 0.0010, min_lr: 0.0010
[2023-0805 0910 - INFO] ======================================
[2023-0805 0911 - INFO] epoch: 6/100
[2023-0805 0911 - INFO] learning_rate: 0.0010
[2023-0805 0911 - INFO] train_acc: 49.630%, train_loss: nan
[2023-0805 0911 - INFO] test_acc: 45.976%, test_loss: 0.0056
[2023-0805 0911 - INFO] max_train_acc: 49.683%
[2023-0805 0911 - INFO] max_test_acc: 46.073%
[2023-0805 0911 - INFO] max_lr: 0.0010, min_lr: 0.0010
[2023-0805 0911 - INFO] ======================================
[2023-0805 0912 - INFO] epoch: 7/100
[2023-0805 0912 - INFO] learning_rate: 0.0010
[2023-0805 0912 - INFO] train_acc: 49.724%, train_loss: nan
[2023-0805 0912 - INFO] test_acc: 46.049%, test_loss: 0.0056
[2023-0805 0912 - INFO] max_train_acc: 49.724%
[2023-0805 0912 - INFO] max_test_acc: 46.073%
[2023-0805 0912 - INFO] max_lr: 0.0010, min_lr: 0.0010
[2023-0805 0912 - INFO] ======================================
[2023-0805 0912 - INFO] epoch: 8/100
[2023-0805 0912 - INFO] learning_rate: 0.0010
[2023-0805 0912 - INFO] train_acc: 49.671%, train_loss: nan
[2023-0805 0912 - INFO] test_acc: 46.024%, test_loss: 0.0056
[2023-0805 0912 - INFO] max_train_acc: 49.724%
[2023-0805 0912 - INFO] max_test_acc: 46.073%
[2023-0805 0912 - INFO] max_lr: 0.0010, min_lr: 0.0010
[2023-0805 0912 - INFO] ======================================
[2023-0805 0913 - INFO] epoch: 9/100
[2023-0805 0913 - INFO] learning_rate: 0.0010
[2023-0805 0913 - INFO] train_acc: 49.659%, train_loss: nan
[2023-0805 0913 - INFO] test_acc: 46.000%, test_loss: 0.0056
[2023-0805 0913 - INFO] max_train_acc: 49.724%
[2023-0805 0913 - INFO] max_test_acc: 46.073%
[2023-0805 0913 - INFO] max_lr: 0.0010, min_lr: 0.0010
[2023-0805 0913 - INFO] ======================================
[2023-0805 0913 - INFO] epoch: 10/100
[2023-0805 0913 - INFO] learning_rate: 0.0010
[2023-0805 0913 - INFO] train_acc: 49.694%, train_loss: nan
[2023-0805 0913 - INFO] test_acc: 46.024%, test_loss: 0.0056
[2023-0805 0913 - INFO] max_train_acc: 49.724%
[2023-0805 0913 - INFO] max_test_acc: 46.073%
[2023-0805 0913 - INFO] max_lr: 0.0010, min_lr: 0.0010
[2023-0805 0913 - INFO] ======================================
[2023-0805 0914 - INFO] epoch: 11/100
[2023-0805 0914 - INFO] learning_rate: 0.0010
[2023-0805 0914 - INFO] train_acc: 49.665%, train_loss: nan
[2023-0805 0914 - INFO] test_acc: 46.049%, test_loss: 0.0056
[2023-0805 0914 - INFO] max_train_acc: 49.724%
[2023-0805 0914 - INFO] max_test_acc: 46.073%
[2023-0805 0914 - INFO] max_lr: 0.0010, min_lr: 0.0010
[2023-0805 0914 - INFO] ======================================
[2023-0805 0914 - INFO] epoch: 12/100
[2023-0805 0914 - INFO] learning_rate: 0.0010
[2023-0805 0914 - INFO] train_acc: 49.671%, train_loss: nan
[2023-0805 0914 - INFO] test_acc: 45.976%, test_loss: 0.0056
[2023-0805 0914 - INFO] max_train_acc: 49.724%
[2023-0805 0914 - INFO] max_test_acc: 46.073%
[2023-0805 0914 - INFO] max_lr: 0.0010, min_lr: 0.0010
[2023-0805 0914 - INFO] ======================================
[2023-0805 0915 - INFO] epoch: 13/100
[2023-0805 0915 - INFO] learning_rate: 0.0010
[2023-0805 0915 - INFO] train_acc: 49.630%, train_loss: nan
[2023-0805 0915 - INFO] test_acc: 46.000%, test_loss: 0.0056
[2023-0805 0915 - INFO] max_train_acc: 49.724%
[2023-0805 0915 - INFO] max_test_acc: 46.073%
[2023-0805 0915 - INFO] max_lr: 0.0010, min_lr: 0.0010
[2023-0805 0915 - INFO] ======================================
[2023-0805 0916 - INFO] epoch: 14/100
[2023-0805 0916 - INFO] learning_rate: 0.0010
[2023-0805 0916 - INFO] train_acc: 49.659%, train_loss: nan
[2023-0805 0916 - INFO] test_acc: 46.024%, test_loss: 0.0056
[2023-0805 0916 - INFO] max_train_acc: 49.724%
[2023-0805 0916 - INFO] max_test_acc: 46.073%
[2023-0805 0916 - INFO] max_lr: 0.0010, min_lr: 0.0010
[2023-0805 0916 - INFO] ======================================
[2023-0805 0916 - INFO] epoch: 15/100
[2023-0805 0916 - INFO] learning_rate: 0.0010
[2023-0805 0916 - INFO] train_acc: 49.665%, train_loss: nan
[2023-0805 0916 - INFO] test_acc: 46.024%, test_loss: 0.0056
[2023-0805 0916 - INFO] max_train_acc: 49.724%
[2023-0805 0916 - INFO] max_test_acc: 46.073%
[2023-0805 0916 - INFO] max_lr: 0.0010, min_lr: 0.0010
[2023-0805 0916 - INFO] ======================================
[2023-0805 0917 - INFO] epoch: 16/100
[2023-0805 0917 - INFO] learning_rate: 0.0010
[2023-0805 0917 - INFO] train_acc: 49.694%, train_loss: nan
[2023-0805 0917 - INFO] test_acc: 46.024%, test_loss: 0.0056
[2023-0805 0917 - INFO] max_train_acc: 49.724%
[2023-0805 0917 - INFO] max_test_acc: 46.073%
[2023-0805 0917 - INFO] max_lr: 0.0010, min_lr: 0.0010
[2023-0805 0917 - INFO] ======================================
[2023-0805 0917 - INFO] epoch: 17/100
[2023-0805 0917 - INFO] learning_rate: 0.0010
[2023-0805 0917 - INFO] train_acc: 49.683%, train_loss: nan
[2023-0805 0917 - INFO] test_acc: 46.024%, test_loss: 0.0056
[2023-0805 0917 - INFO] max_train_acc: 49.724%
[2023-0805 0917 - INFO] max_test_acc: 46.073%
[2023-0805 0917 - INFO] max_lr: 0.0010, min_lr: 0.0010
[2023-0805 0917 - INFO] ======================================
[2023-0805 0918 - INFO] epoch: 18/100
[2023-0805 0918 - INFO] learning_rate: 0.0010
[2023-0805 0918 - INFO] train_acc: 49.671%, train_loss: nan
[2023-0805 0918 - INFO] test_acc: 46.049%, test_loss: 0.0056
[2023-0805 0918 - INFO] max_train_acc: 49.724%
[2023-0805 0918 - INFO] max_test_acc: 46.073%
[2023-0805 0918 - INFO] max_lr: 0.0010, min_lr: 0.0010
[2023-0805 0918 - INFO] ======================================
[2023-0805 0919 - INFO] epoch: 19/100
[2023-0805 0919 - INFO] learning_rate: 0.0010
[2023-0805 0919 - INFO] train_acc: 49.647%, train_loss: nan
[2023-0805 0919 - INFO] test_acc: 46.000%, test_loss: 0.0056
[2023-0805 0919 - INFO] max_train_acc: 49.724%
[2023-0805 0919 - INFO] max_test_acc: 46.073%
[2023-0805 0919 - INFO] max_lr: 0.0010, min_lr: 0.0010
[2023-0805 0919 - INFO] ======================================
[2023-0805 0919 - INFO] epoch: 20/100
[2023-0805 0919 - INFO] learning_rate: 0.0010
[2023-0805 0919 - INFO] train_acc: 49.665%, train_loss: nan
[2023-0805 0919 - INFO] test_acc: 46.024%, test_loss: 0.0056
[2023-0805 0919 - INFO] max_train_acc: 49.724%
[2023-0805 0919 - INFO] max_test_acc: 46.073%
[2023-0805 0919 - INFO] max_lr: 0.0010, min_lr: 0.0010
[2023-0805 0919 - INFO] ======================================
[2023-0805 0920 - INFO] epoch: 21/100
[2023-0805 0920 - INFO] learning_rate: 0.0010
[2023-0805 0920 - INFO] train_acc: 49.671%, train_loss: nan
[2023-0805 0920 - INFO] test_acc: 46.024%, test_loss: 0.0056
[2023-0805 0920 - INFO] max_train_acc: 49.724%
[2023-0805 0920 - INFO] max_test_acc: 46.073%
[2023-0805 0920 - INFO] max_lr: 0.0010, min_lr: 0.0010
[2023-0805 0920 - INFO] ======================================
[2023-0805 0920 - INFO] epoch: 22/100
[2023-0805 0920 - INFO] learning_rate: 0.0010
[2023-0805 0920 - INFO] train_acc: 49.694%, train_loss: nan
[2023-0805 0920 - INFO] test_acc: 46.049%, test_loss: 0.0056
[2023-0805 0920 - INFO] max_train_acc: 49.724%
[2023-0805 0920 - INFO] max_test_acc: 46.073%
[2023-0805 0920 - INFO] max_lr: 0.0010, min_lr: 0.0010
[2023-0805 0920 - INFO] ======================================
[2023-0805 0921 - INFO] epoch: 23/100
[2023-0805 0921 - INFO] learning_rate: 0.0010
[2023-0805 0921 - INFO] train_acc: 49.712%, train_loss: nan
[2023-0805 0921 - INFO] test_acc: 46.024%, test_loss: 0.0056
[2023-0805 0921 - INFO] max_train_acc: 49.724%
[2023-0805 0921 - INFO] max_test_acc: 46.073%
[2023-0805 0921 - INFO] max_lr: 0.0010, min_lr: 0.0010
[2023-0805 0921 - INFO] ======================================
[2023-0805 0921 - INFO] epoch: 24/100
[2023-0805 0921 - INFO] learning_rate: 0.0010
[2023-0805 0921 - INFO] train_acc: 49.583%, train_loss: nan
[2023-0805 0921 - INFO] test_acc: 46.024%, test_loss: 0.0056
[2023-0805 0921 - INFO] max_train_acc: 49.724%
[2023-0805 0921 - INFO] max_test_acc: 46.073%
[2023-0805 0921 - INFO] max_lr: 0.0010, min_lr: 0.0010
[2023-0805 0921 - INFO] ======================================
[2023-0805 0922 - INFO] epoch: 25/100
[2023-0805 0922 - INFO] learning_rate: 0.0010
[2023-0805 0922 - INFO] train_acc: 49.653%, train_loss: nan
[2023-0805 0922 - INFO] test_acc: 46.024%, test_loss: 0.0056
[2023-0805 0922 - INFO] max_train_acc: 49.724%
[2023-0805 0922 - INFO] max_test_acc: 46.073%
[2023-0805 0922 - INFO] max_lr: 0.0010, min_lr: 0.0010
[2023-0805 0922 - INFO] ======================================
[2023-0805 0923 - INFO] epoch: 26/100
[2023-0805 0923 - INFO] learning_rate: 0.0010
[2023-0805 0923 - INFO] train_acc: 49.630%, train_loss: nan
[2023-0805 0923 - INFO] test_acc: 45.976%, test_loss: 0.0056
[2023-0805 0923 - INFO] max_train_acc: 49.724%
[2023-0805 0923 - INFO] max_test_acc: 46.073%
[2023-0805 0923 - INFO] max_lr: 0.0010, min_lr: 0.0010
[2023-0805 0923 - INFO] ======================================
[2023-0805 0923 - INFO] epoch: 27/100
[2023-0805 0923 - INFO] learning_rate: 0.0010
[2023-0805 0923 - INFO] train_acc: 49.653%, train_loss: nan
[2023-0805 0923 - INFO] test_acc: 46.049%, test_loss: 0.0056
[2023-0805 0923 - INFO] max_train_acc: 49.724%
[2023-0805 0923 - INFO] max_test_acc: 46.073%
[2023-0805 0923 - INFO] max_lr: 0.0010, min_lr: 0.0010
[2023-0805 0923 - INFO] ======================================
[2023-0805 0924 - INFO] epoch: 28/100
[2023-0805 0924 - INFO] learning_rate: 0.0010
[2023-0805 0924 - INFO] train_acc: 49.641%, train_loss: nan
[2023-0805 0924 - INFO] test_acc: 46.024%, test_loss: 0.0056
[2023-0805 0924 - INFO] max_train_acc: 49.724%
[2023-0805 0924 - INFO] max_test_acc: 46.073%
[2023-0805 0924 - INFO] max_lr: 0.0010, min_lr: 0.0010
[2023-0805 0924 - INFO] ======================================
[2023-0805 0924 - INFO] epoch: 29/100
[2023-0805 0924 - INFO] learning_rate: 0.0010
[2023-0805 0924 - INFO] train_acc: 49.659%, train_loss: nan
[2023-0805 0924 - INFO] test_acc: 46.024%, test_loss: 0.0056
[2023-0805 0924 - INFO] max_train_acc: 49.724%
[2023-0805 0924 - INFO] max_test_acc: 46.073%
[2023-0805 0924 - INFO] max_lr: 0.0010, min_lr: 0.0010
[2023-0805 0924 - INFO] ======================================
[2023-0805 0925 - INFO] epoch: 30/100
[2023-0805 0925 - INFO] learning_rate: 0.0010
[2023-0805 0925 - INFO] train_acc: 49.659%, train_loss: nan
[2023-0805 0925 - INFO] test_acc: 46.000%, test_loss: 0.0056
[2023-0805 0925 - INFO] max_train_acc: 49.724%
[2023-0805 0925 - INFO] max_test_acc: 46.073%
[2023-0805 0925 - INFO] max_lr: 0.0010, min_lr: 0.0010
[2023-0805 0925 - INFO] ======================================
[2023-0805 0926 - INFO] epoch: 31/100
[2023-0805 0926 - INFO] learning_rate: 0.0010
[2023-0805 0926 - INFO] train_acc: 49.688%, train_loss: nan
[2023-0805 0926 - INFO] test_acc: 46.049%, test_loss: 0.0056
[2023-0805 0926 - INFO] max_train_acc: 49.724%
[2023-0805 0926 - INFO] max_test_acc: 46.073%
[2023-0805 0926 - INFO] max_lr: 0.0010, min_lr: 0.0010
[2023-0805 0926 - INFO] ======================================
[2023-0805 0926 - INFO] epoch: 32/100
[2023-0805 0926 - INFO] learning_rate: 0.0010
[2023-0805 0926 - INFO] train_acc: 49.694%, train_loss: nan
[2023-0805 0926 - INFO] test_acc: 46.000%, test_loss: 0.0056
[2023-0805 0926 - INFO] max_train_acc: 49.724%
[2023-0805 0926 - INFO] max_test_acc: 46.073%
[2023-0805 0926 - INFO] max_lr: 0.0010, min_lr: 0.0010
[2023-0805 0926 - INFO] ======================================
[2023-0805 0927 - INFO] epoch: 33/100
[2023-0805 0927 - INFO] learning_rate: 0.0010
[2023-0805 0927 - INFO] train_acc: 49.618%, train_loss: nan
[2023-0805 0927 - INFO] test_acc: 46.073%, test_loss: 0.0056
[2023-0805 0927 - INFO] max_train_acc: 49.724%
[2023-0805 0927 - INFO] max_test_acc: 46.073%
[2023-0805 0927 - INFO] max_lr: 0.0010, min_lr: 0.0010
[2023-0805 0927 - INFO] ======================================
[2023-0805 0927 - INFO] epoch: 34/100
[2023-0805 0927 - INFO] learning_rate: 0.0010
[2023-0805 0927 - INFO] train_acc: 49.647%, train_loss: nan
[2023-0805 0927 - INFO] test_acc: 46.049%, test_loss: 0.0056
[2023-0805 0927 - INFO] max_train_acc: 49.724%
[2023-0805 0927 - INFO] max_test_acc: 46.073%
[2023-0805 0927 - INFO] max_lr: 0.0010, min_lr: 0.0010
[2023-0805 0927 - INFO] ======================================
[2023-0805 0928 - INFO] epoch: 35/100
[2023-0805 0928 - INFO] learning_rate: 0.0010
[2023-0805 0928 - INFO] train_acc: 49.612%, train_loss: nan
[2023-0805 0928 - INFO] test_acc: 46.000%, test_loss: 0.0056
[2023-0805 0928 - INFO] max_train_acc: 49.724%
[2023-0805 0928 - INFO] max_test_acc: 46.073%
[2023-0805 0928 - INFO] max_lr: 0.0010, min_lr: 0.0010
[2023-0805 0928 - INFO] ======================================
[2023-0805 0928 - INFO] epoch: 36/100
[2023-0805 0928 - INFO] learning_rate: 0.0010
[2023-0805 0928 - INFO] train_acc: 49.694%, train_loss: nan
[2023-0805 0928 - INFO] test_acc: 46.024%, test_loss: 0.0056
[2023-0805 0928 - INFO] max_train_acc: 49.724%
[2023-0805 0928 - INFO] max_test_acc: 46.073%
[2023-0805 0928 - INFO] max_lr: 0.0010, min_lr: 0.0010
[2023-0805 0928 - INFO] ======================================
[2023-0805 0929 - INFO] epoch: 37/100
[2023-0805 0929 - INFO] learning_rate: 0.0010
[2023-0805 0929 - INFO] train_acc: 49.718%, train_loss: nan
[2023-0805 0929 - INFO] test_acc: 46.000%, test_loss: 0.0056
[2023-0805 0929 - INFO] max_train_acc: 49.724%
[2023-0805 0929 - INFO] max_test_acc: 46.073%
[2023-0805 0929 - INFO] max_lr: 0.0010, min_lr: 0.0010
[2023-0805 0929 - INFO] ======================================
[2023-0805 0930 - INFO] epoch: 38/100
[2023-0805 0930 - INFO] learning_rate: 0.0010
[2023-0805 0930 - INFO] train_acc: 49.636%, train_loss: nan
[2023-0805 0930 - INFO] test_acc: 46.049%, test_loss: 0.0056
[2023-0805 0930 - INFO] max_train_acc: 49.724%
[2023-0805 0930 - INFO] max_test_acc: 46.073%
[2023-0805 0930 - INFO] max_lr: 0.0010, min_lr: 0.0010
[2023-0805 0930 - INFO] ======================================
[2023-0805 0930 - INFO] epoch: 39/100
[2023-0805 0930 - INFO] learning_rate: 0.0010
[2023-0805 0930 - INFO] train_acc: 49.641%, train_loss: nan
[2023-0805 0930 - INFO] test_acc: 46.049%, test_loss: 0.0056
[2023-0805 0930 - INFO] max_train_acc: 49.724%
[2023-0805 0930 - INFO] max_test_acc: 46.073%
[2023-0805 0930 - INFO] max_lr: 0.0010, min_lr: 0.0010
[2023-0805 0930 - INFO] ======================================
[2023-0805 0931 - INFO] epoch: 40/100
[2023-0805 0931 - INFO] learning_rate: 0.0010
[2023-0805 0931 - INFO] train_acc: 49.700%, train_loss: nan
[2023-0805 0931 - INFO] test_acc: 46.024%, test_loss: 0.0056
[2023-0805 0931 - INFO] max_train_acc: 49.724%
[2023-0805 0931 - INFO] max_test_acc: 46.073%
[2023-0805 0931 - INFO] max_lr: 0.0010, min_lr: 0.0010
[2023-0805 0931 - INFO] ======================================
[2023-0805 0931 - INFO] epoch: 41/100
[2023-0805 0931 - INFO] learning_rate: 0.0010
[2023-0805 0931 - INFO] train_acc: 49.671%, train_loss: nan
[2023-0805 0931 - INFO] test_acc: 45.976%, test_loss: 0.0056
[2023-0805 0931 - INFO] max_train_acc: 49.724%
[2023-0805 0931 - INFO] max_test_acc: 46.073%
[2023-0805 0931 - INFO] max_lr: 0.0010, min_lr: 0.0010
[2023-0805 0931 - INFO] ======================================
[2023-0805 0932 - INFO] epoch: 42/100
[2023-0805 0932 - INFO] learning_rate: 0.0010
[2023-0805 0932 - INFO] train_acc: 49.647%, train_loss: nan
[2023-0805 0932 - INFO] test_acc: 46.024%, test_loss: 0.0056
[2023-0805 0932 - INFO] max_train_acc: 49.724%
[2023-0805 0932 - INFO] max_test_acc: 46.073%
[2023-0805 0932 - INFO] max_lr: 0.0010, min_lr: 0.0010
[2023-0805 0932 - INFO] ======================================
[2023-0805 0933 - INFO] epoch: 43/100
[2023-0805 0933 - INFO] learning_rate: 0.0010
[2023-0805 0933 - INFO] train_acc: 49.659%, train_loss: nan
[2023-0805 0933 - INFO] test_acc: 46.024%, test_loss: 0.0056
[2023-0805 0933 - INFO] max_train_acc: 49.724%
[2023-0805 0933 - INFO] max_test_acc: 46.073%
[2023-0805 0933 - INFO] max_lr: 0.0010, min_lr: 0.0010
[2023-0805 0933 - INFO] ======================================
[2023-0805 0933 - INFO] epoch: 44/100
[2023-0805 0933 - INFO] learning_rate: 0.0010
[2023-0805 0933 - INFO] train_acc: 49.688%, train_loss: nan
[2023-0805 0933 - INFO] test_acc: 46.049%, test_loss: 0.0056
[2023-0805 0933 - INFO] max_train_acc: 49.724%
[2023-0805 0933 - INFO] max_test_acc: 46.073%
[2023-0805 0933 - INFO] max_lr: 0.0010, min_lr: 0.0010
[2023-0805 0933 - INFO] ======================================
[2023-0805 0934 - INFO] epoch: 45/100
[2023-0805 0934 - INFO] learning_rate: 0.0010
[2023-0805 0934 - INFO] train_acc: 49.641%, train_loss: nan
[2023-0805 0934 - INFO] test_acc: 46.024%, test_loss: 0.0056
[2023-0805 0934 - INFO] max_train_acc: 49.724%
[2023-0805 0934 - INFO] max_test_acc: 46.073%
[2023-0805 0934 - INFO] max_lr: 0.0010, min_lr: 0.0010
[2023-0805 0934 - INFO] ======================================
[2023-0805 0934 - INFO] epoch: 46/100
[2023-0805 0934 - INFO] learning_rate: 0.0010
[2023-0805 0934 - INFO] train_acc: 49.677%, train_loss: nan
[2023-0805 0934 - INFO] test_acc: 46.049%, test_loss: 0.0056
[2023-0805 0934 - INFO] max_train_acc: 49.724%
[2023-0805 0934 - INFO] max_test_acc: 46.073%
[2023-0805 0934 - INFO] max_lr: 0.0010, min_lr: 0.0010
[2023-0805 0934 - INFO] ======================================
[2023-0805 0935 - INFO] epoch: 47/100
[2023-0805 0935 - INFO] learning_rate: 0.0010
[2023-0805 0935 - INFO] train_acc: 49.636%, train_loss: nan
[2023-0805 0935 - INFO] test_acc: 46.049%, test_loss: 0.0056
[2023-0805 0935 - INFO] max_train_acc: 49.724%
[2023-0805 0935 - INFO] max_test_acc: 46.073%
[2023-0805 0935 - INFO] max_lr: 0.0010, min_lr: 0.0010
[2023-0805 0935 - INFO] ======================================
[2023-0805 0935 - INFO] epoch: 48/100
[2023-0805 0935 - INFO] learning_rate: 0.0010
[2023-0805 0935 - INFO] train_acc: 49.683%, train_loss: nan
[2023-0805 0935 - INFO] test_acc: 46.073%, test_loss: 0.0056
[2023-0805 0935 - INFO] max_train_acc: 49.724%
[2023-0805 0935 - INFO] max_test_acc: 46.073%
[2023-0805 0935 - INFO] max_lr: 0.0010, min_lr: 0.0010
[2023-0805 0935 - INFO] ======================================
[2023-0805 0936 - INFO] epoch: 49/100
[2023-0805 0936 - INFO] learning_rate: 0.0010
[2023-0805 0936 - INFO] train_acc: 49.677%, train_loss: nan
[2023-0805 0936 - INFO] test_acc: 46.024%, test_loss: 0.0056
[2023-0805 0936 - INFO] max_train_acc: 49.724%
[2023-0805 0936 - INFO] max_test_acc: 46.073%
[2023-0805 0936 - INFO] max_lr: 0.0010, min_lr: 0.0010
[2023-0805 0936 - INFO] ======================================
[2023-0805 0937 - INFO] epoch: 50/100
[2023-0805 0937 - INFO] learning_rate: 0.0010
[2023-0805 0937 - INFO] train_acc: 49.688%, train_loss: nan
[2023-0805 0937 - INFO] test_acc: 46.049%, test_loss: 0.0056
[2023-0805 0937 - INFO] max_train_acc: 49.724%
[2023-0805 0937 - INFO] max_test_acc: 46.073%
[2023-0805 0937 - INFO] max_lr: 0.0010, min_lr: 0.0010
[2023-0805 0937 - INFO] ======================================
[2023-0805 0937 - INFO] epoch: 51/100
[2023-0805 0937 - INFO] learning_rate: 0.0010
[2023-0805 0937 - INFO] train_acc: 49.624%, train_loss: nan
[2023-0805 0937 - INFO] test_acc: 46.024%, test_loss: 0.0056
[2023-0805 0937 - INFO] max_train_acc: 49.724%
[2023-0805 0937 - INFO] max_test_acc: 46.073%
[2023-0805 0937 - INFO] max_lr: 0.0010, min_lr: 0.0010
[2023-0805 0937 - INFO] ======================================
[2023-0805 0938 - INFO] epoch: 52/100
[2023-0805 0938 - INFO] learning_rate: 0.0010
[2023-0805 0938 - INFO] train_acc: 49.665%, train_loss: nan
[2023-0805 0938 - INFO] test_acc: 46.000%, test_loss: 0.0056
[2023-0805 0938 - INFO] max_train_acc: 49.724%
[2023-0805 0938 - INFO] max_test_acc: 46.073%
[2023-0805 0938 - INFO] max_lr: 0.0010, min_lr: 0.0010
[2023-0805 0938 - INFO] ======================================
[2023-0805 0938 - INFO] epoch: 53/100
[2023-0805 0938 - INFO] learning_rate: 0.0010
[2023-0805 0938 - INFO] train_acc: 49.712%, train_loss: nan
[2023-0805 0938 - INFO] test_acc: 46.049%, test_loss: 0.0056
[2023-0805 0938 - INFO] max_train_acc: 49.724%
[2023-0805 0938 - INFO] max_test_acc: 46.073%
[2023-0805 0938 - INFO] max_lr: 0.0010, min_lr: 0.0010
[2023-0805 0938 - INFO] ======================================
[2023-0805 0939 - INFO] epoch: 54/100
[2023-0805 0939 - INFO] learning_rate: 0.0010
[2023-0805 0939 - INFO] train_acc: 49.641%, train_loss: nan
[2023-0805 0939 - INFO] test_acc: 46.000%, test_loss: 0.0056
[2023-0805 0939 - INFO] max_train_acc: 49.724%
[2023-0805 0939 - INFO] max_test_acc: 46.073%
[2023-0805 0939 - INFO] max_lr: 0.0010, min_lr: 0.0010
[2023-0805 0939 - INFO] ======================================
[2023-0805 0939 - INFO] epoch: 55/100
[2023-0805 0939 - INFO] learning_rate: 0.0010
[2023-0805 0939 - INFO] train_acc: 49.641%, train_loss: nan
[2023-0805 0939 - INFO] test_acc: 46.024%, test_loss: 0.0056
[2023-0805 0939 - INFO] max_train_acc: 49.724%
[2023-0805 0939 - INFO] max_test_acc: 46.073%
[2023-0805 0939 - INFO] max_lr: 0.0010, min_lr: 0.0010
[2023-0805 0939 - INFO] ======================================
[2023-0805 0940 - INFO] epoch: 56/100
[2023-0805 0940 - INFO] learning_rate: 0.0010
[2023-0805 0940 - INFO] train_acc: 49.683%, train_loss: nan
[2023-0805 0940 - INFO] test_acc: 46.024%, test_loss: 0.0056
[2023-0805 0940 - INFO] max_train_acc: 49.724%
[2023-0805 0940 - INFO] max_test_acc: 46.073%
[2023-0805 0940 - INFO] max_lr: 0.0010, min_lr: 0.0010
[2023-0805 0940 - INFO] ======================================
[2023-0805 0941 - INFO] epoch: 57/100
[2023-0805 0941 - INFO] learning_rate: 0.0010
[2023-0805 0941 - INFO] train_acc: 49.636%, train_loss: nan
[2023-0805 0941 - INFO] test_acc: 46.024%, test_loss: 0.0056
[2023-0805 0941 - INFO] max_train_acc: 49.724%
[2023-0805 0941 - INFO] max_test_acc: 46.073%
[2023-0805 0941 - INFO] max_lr: 0.0010, min_lr: 0.0010
[2023-0805 0941 - INFO] ======================================
[2023-0805 0941 - INFO] epoch: 58/100
[2023-0805 0941 - INFO] learning_rate: 0.0010
[2023-0805 0941 - INFO] train_acc: 49.665%, train_loss: nan
[2023-0805 0941 - INFO] test_acc: 46.049%, test_loss: 0.0056
[2023-0805 0941 - INFO] max_train_acc: 49.724%
[2023-0805 0941 - INFO] max_test_acc: 46.073%
[2023-0805 0941 - INFO] max_lr: 0.0010, min_lr: 0.0010
[2023-0805 0941 - INFO] ======================================
[2023-0805 0942 - INFO] epoch: 59/100
[2023-0805 0942 - INFO] learning_rate: 0.0010
[2023-0805 0942 - INFO] train_acc: 49.653%, train_loss: nan
[2023-0805 0942 - INFO] test_acc: 46.024%, test_loss: 0.0056
[2023-0805 0942 - INFO] max_train_acc: 49.724%
[2023-0805 0942 - INFO] max_test_acc: 46.073%
[2023-0805 0942 - INFO] max_lr: 0.0010, min_lr: 0.0010
[2023-0805 0942 - INFO] ======================================
[2023-0805 0942 - INFO] epoch: 60/100
[2023-0805 0942 - INFO] learning_rate: 0.0010
[2023-0805 0942 - INFO] train_acc: 49.688%, train_loss: nan
[2023-0805 0942 - INFO] test_acc: 46.049%, test_loss: 0.0056
[2023-0805 0942 - INFO] max_train_acc: 49.724%
[2023-0805 0942 - INFO] max_test_acc: 46.073%
[2023-0805 0942 - INFO] max_lr: 0.0010, min_lr: 0.0010
[2023-0805 0942 - INFO] ======================================
[2023-0805 0943 - INFO] epoch: 61/100
[2023-0805 0943 - INFO] learning_rate: 0.0010
[2023-0805 0943 - INFO] train_acc: 49.700%, train_loss: nan
[2023-0805 0943 - INFO] test_acc: 46.024%, test_loss: 0.0056
[2023-0805 0943 - INFO] max_train_acc: 49.724%
[2023-0805 0943 - INFO] max_test_acc: 46.073%
[2023-0805 0943 - INFO] max_lr: 0.0010, min_lr: 0.0010
[2023-0805 0943 - INFO] ======================================
[2023-0805 0944 - INFO] epoch: 62/100
[2023-0805 0944 - INFO] learning_rate: 0.0010
[2023-0805 0944 - INFO] train_acc: 49.700%, train_loss: nan
[2023-0805 0944 - INFO] test_acc: 46.049%, test_loss: 0.0056
[2023-0805 0944 - INFO] max_train_acc: 49.724%
[2023-0805 0944 - INFO] max_test_acc: 46.073%
[2023-0805 0944 - INFO] max_lr: 0.0010, min_lr: 0.0010
[2023-0805 0944 - INFO] ======================================
[2023-0805 0944 - INFO] epoch: 63/100
[2023-0805 0944 - INFO] learning_rate: 0.0010
[2023-0805 0944 - INFO] train_acc: 49.712%, train_loss: nan
[2023-0805 0944 - INFO] test_acc: 46.024%, test_loss: 0.0056
[2023-0805 0944 - INFO] max_train_acc: 49.724%
[2023-0805 0944 - INFO] max_test_acc: 46.073%
[2023-0805 0944 - INFO] max_lr: 0.0010, min_lr: 0.0010
[2023-0805 0944 - INFO] ======================================
[2023-0805 0945 - INFO] epoch: 64/100
[2023-0805 0945 - INFO] learning_rate: 0.0010
[2023-0805 0945 - INFO] train_acc: 49.659%, train_loss: nan
[2023-0805 0945 - INFO] test_acc: 46.024%, test_loss: 0.0056
[2023-0805 0945 - INFO] max_train_acc: 49.724%
[2023-0805 0945 - INFO] max_test_acc: 46.073%
[2023-0805 0945 - INFO] max_lr: 0.0010, min_lr: 0.0010
[2023-0805 0945 - INFO] ======================================
[2023-0805 0945 - INFO] epoch: 65/100
[2023-0805 0945 - INFO] learning_rate: 0.0010
[2023-0805 0945 - INFO] train_acc: 49.636%, train_loss: nan
[2023-0805 0945 - INFO] test_acc: 46.024%, test_loss: 0.0056
[2023-0805 0945 - INFO] max_train_acc: 49.724%
[2023-0805 0945 - INFO] max_test_acc: 46.073%
[2023-0805 0945 - INFO] max_lr: 0.0010, min_lr: 0.0010
[2023-0805 0945 - INFO] ======================================
[2023-0805 0946 - INFO] epoch: 66/100
[2023-0805 0946 - INFO] learning_rate: 0.0010
[2023-0805 0946 - INFO] train_acc: 49.718%, train_loss: nan
[2023-0805 0946 - INFO] test_acc: 46.049%, test_loss: 0.0056
[2023-0805 0946 - INFO] max_train_acc: 49.724%
[2023-0805 0946 - INFO] max_test_acc: 46.073%
[2023-0805 0946 - INFO] max_lr: 0.0010, min_lr: 0.0010
[2023-0805 0946 - INFO] ======================================
