[2023-0804 1412 - INFO] <<< BEATs_iter3_plus_AS2M - 2 fc layer >>> 
[2023-0804 1412 - INFO] Add FrequencyMasking and TimeMasking
[2023-0804 1412 - INFO] Add time_stretch 0.8 and time_stretch 1.2
[2023-0804 1412 - INFO] # trainset_size = 111722
[2023-0804 1412 - INFO] # testset_size = 22970
[2023-0804 1412 - INFO] # train_a/p = 86207/25515
[2023-0804 1412 - INFO] # test_a/p = 20920/2050
[2023-0804 1412 - INFO] # batch_size = 128
[2023-0804 1412 - INFO] # learning_rate = 0.0005
[2023-0804 1412 - INFO] # weight_decay = 0.01
[2023-0804 1412 - INFO] # num_epochs = 100
[2023-0804 1412 - INFO] # padding_size = 3500
[2023-0804 1412 - INFO] # loss_fn = CE
[2023-0804 1412 - INFO] # scheduler = None
[2023-0804 1412 - INFO] # optimizer = AdamW (
Parameter Group 0
    amsgrad: False
    betas: (0.9, 0.999)
    capturable: False
    differentiable: False
    eps: 1e-08
    foreach: None
    fused: None
    lr: 0.0005
    maximize: False
    weight_decay: 0.01
)
[2023-0804 1412 - INFO] -------------------------------------
