[2023-0803 1359 - INFO] <<< BEATs_iter3_plus_AS2M - 1 fc layer >>> 
[2023-0803 1359 - INFO] # trainset_size = 17010
[2023-0803 1359 - INFO] # testset_size = 22970
[2023-0803 1359 - INFO] # train_a/p = 8505/8505
[2023-0803 1359 - INFO] # test_a/p = 20920/2050
[2023-0803 1359 - INFO] # batch_size = 128
[2023-0803 1359 - INFO] # learning_rate = 0.0005
[2023-0803 1359 - INFO] # num_epochs = 100
[2023-0803 1359 - INFO] # padding_size = 3500
[2023-0803 1359 - INFO] # loss_fn = CE
[2023-0803 1359 - INFO] # scheduler = None
[2023-0803 1359 - INFO] # optimizer = AdamW (
Parameter Group 0
    amsgrad: False
    betas: (0.9, 0.999)
    capturable: False
    differentiable: False
    eps: 1e-08
    foreach: None
    fused: None
    lr: 0.0005
    maximize: False
    weight_decay: 0.01
)
[2023-0803 1359 - INFO] -------------------------------------
[2023-0803 1400 - INFO] epoch: 1/100
[2023-0803 1400 - INFO] learning_rate: 0.0005
[2023-0803 1400 - INFO] train_acc: 69.912%, train_loss: 0.0045
[2023-0803 1400 - INFO] test_acc: 76.086%, test_loss: 0.0038
[2023-0803 1400 - INFO] max_train_acc: 69.912%
[2023-0803 1400 - INFO] max_test_acc: 76.086%
[2023-0803 1400 - INFO] max_lr: 0.0005, min_lr: 0.0005
[2023-0803 1400 - INFO] ======================================
[2023-0803 1401 - INFO] epoch: 2/100
[2023-0803 1401 - INFO] learning_rate: 0.0005
[2023-0803 1401 - INFO] train_acc: 73.751%, train_loss: 0.0041
[2023-0803 1401 - INFO] test_acc: 80.766%, test_loss: 0.0032
[2023-0803 1401 - INFO] max_train_acc: 73.751%
[2023-0803 1401 - INFO] max_test_acc: 80.766%
[2023-0803 1401 - INFO] max_lr: 0.0005, min_lr: 0.0005
[2023-0803 1401 - INFO] ======================================
[2023-0803 1402 - INFO] epoch: 3/100
[2023-0803 1402 - INFO] learning_rate: 0.0005
[2023-0803 1402 - INFO] train_acc: 75.156%, train_loss: 0.0040
[2023-0803 1402 - INFO] test_acc: 79.965%, test_loss: 0.0033
[2023-0803 1402 - INFO] max_train_acc: 75.156%
[2023-0803 1402 - INFO] max_test_acc: 80.766%
[2023-0803 1402 - INFO] max_lr: 0.0005, min_lr: 0.0005
[2023-0803 1402 - INFO] ======================================
[2023-0803 1403 - INFO] epoch: 4/100
[2023-0803 1403 - INFO] learning_rate: 0.0005
[2023-0803 1403 - INFO] train_acc: 74.927%, train_loss: 0.0039
[2023-0803 1403 - INFO] test_acc: 82.342%, test_loss: 0.0030
[2023-0803 1403 - INFO] max_train_acc: 75.156%
[2023-0803 1403 - INFO] max_test_acc: 82.342%
[2023-0803 1403 - INFO] max_lr: 0.0005, min_lr: 0.0005
[2023-0803 1403 - INFO] ======================================
[2023-0803 1404 - INFO] epoch: 5/100
[2023-0803 1404 - INFO] learning_rate: 0.0005
[2023-0803 1404 - INFO] train_acc: 75.338%, train_loss: 0.0039
[2023-0803 1404 - INFO] test_acc: 81.310%, test_loss: 0.0031
[2023-0803 1404 - INFO] max_train_acc: 75.338%
[2023-0803 1404 - INFO] max_test_acc: 82.342%
[2023-0803 1404 - INFO] max_lr: 0.0005, min_lr: 0.0005
[2023-0803 1404 - INFO] ======================================
[2023-0803 1405 - INFO] epoch: 6/100
[2023-0803 1405 - INFO] learning_rate: 0.0005
[2023-0803 1405 - INFO] train_acc: 75.414%, train_loss: 0.0039
[2023-0803 1405 - INFO] test_acc: 82.390%, test_loss: 0.0029
[2023-0803 1405 - INFO] max_train_acc: 75.414%
[2023-0803 1405 - INFO] max_test_acc: 82.390%
[2023-0803 1405 - INFO] max_lr: 0.0005, min_lr: 0.0005
[2023-0803 1405 - INFO] ======================================
[2023-0803 1406 - INFO] epoch: 7/100
[2023-0803 1406 - INFO] learning_rate: 0.0005
[2023-0803 1406 - INFO] train_acc: 75.162%, train_loss: 0.0038
[2023-0803 1406 - INFO] test_acc: 77.048%, test_loss: 0.0035
[2023-0803 1406 - INFO] max_train_acc: 75.414%
[2023-0803 1406 - INFO] max_test_acc: 82.390%
[2023-0803 1406 - INFO] max_lr: 0.0005, min_lr: 0.0005
[2023-0803 1406 - INFO] ======================================
[2023-0803 1407 - INFO] epoch: 8/100
[2023-0803 1407 - INFO] learning_rate: 0.0005
[2023-0803 1407 - INFO] train_acc: 75.785%, train_loss: 0.0038
[2023-0803 1407 - INFO] test_acc: 78.267%, test_loss: 0.0034
[2023-0803 1407 - INFO] max_train_acc: 75.785%
[2023-0803 1407 - INFO] max_test_acc: 82.390%
[2023-0803 1407 - INFO] max_lr: 0.0005, min_lr: 0.0005
[2023-0803 1407 - INFO] ======================================
[2023-0803 1407 - INFO] epoch: 9/100
[2023-0803 1407 - INFO] learning_rate: 0.0005
[2023-0803 1407 - INFO] train_acc: 75.949%, train_loss: 0.0038
[2023-0803 1407 - INFO] test_acc: 77.301%, test_loss: 0.0035
[2023-0803 1407 - INFO] max_train_acc: 75.949%
[2023-0803 1407 - INFO] max_test_acc: 82.390%
[2023-0803 1407 - INFO] max_lr: 0.0005, min_lr: 0.0005
[2023-0803 1407 - INFO] ======================================
[2023-0803 1408 - INFO] epoch: 10/100
[2023-0803 1408 - INFO] learning_rate: 0.0005
[2023-0803 1408 - INFO] train_acc: 75.226%, train_loss: 0.0038
[2023-0803 1408 - INFO] test_acc: 79.434%, test_loss: 0.0032
[2023-0803 1408 - INFO] max_train_acc: 75.949%
[2023-0803 1408 - INFO] max_test_acc: 82.390%
[2023-0803 1408 - INFO] max_lr: 0.0005, min_lr: 0.0005
[2023-0803 1408 - INFO] ======================================
[2023-0803 1409 - INFO] epoch: 11/100
[2023-0803 1409 - INFO] learning_rate: 0.0005
[2023-0803 1409 - INFO] train_acc: 75.614%, train_loss: 0.0038
[2023-0803 1409 - INFO] test_acc: 78.637%, test_loss: 0.0033
[2023-0803 1409 - INFO] max_train_acc: 75.949%
[2023-0803 1409 - INFO] max_test_acc: 82.390%
[2023-0803 1409 - INFO] max_lr: 0.0005, min_lr: 0.0005
[2023-0803 1409 - INFO] ======================================
[2023-0803 1410 - INFO] epoch: 12/100
[2023-0803 1410 - INFO] learning_rate: 0.0005
[2023-0803 1410 - INFO] train_acc: 76.002%, train_loss: 0.0038
[2023-0803 1410 - INFO] test_acc: 78.707%, test_loss: 0.0033
[2023-0803 1410 - INFO] max_train_acc: 76.002%
[2023-0803 1410 - INFO] max_test_acc: 82.390%
[2023-0803 1410 - INFO] max_lr: 0.0005, min_lr: 0.0005
[2023-0803 1410 - INFO] ======================================
[2023-0803 1411 - INFO] epoch: 13/100
[2023-0803 1411 - INFO] learning_rate: 0.0005
[2023-0803 1411 - INFO] train_acc: 76.390%, train_loss: 0.0037
[2023-0803 1411 - INFO] test_acc: 78.811%, test_loss: 0.0034
[2023-0803 1411 - INFO] max_train_acc: 76.390%
[2023-0803 1411 - INFO] max_test_acc: 82.390%
[2023-0803 1411 - INFO] max_lr: 0.0005, min_lr: 0.0005
[2023-0803 1411 - INFO] ======================================
[2023-0803 1412 - INFO] epoch: 14/100
[2023-0803 1412 - INFO] learning_rate: 0.0005
[2023-0803 1412 - INFO] train_acc: 75.879%, train_loss: 0.0038
[2023-0803 1412 - INFO] test_acc: 80.270%, test_loss: 0.0032
[2023-0803 1412 - INFO] max_train_acc: 76.390%
[2023-0803 1412 - INFO] max_test_acc: 82.390%
[2023-0803 1412 - INFO] max_lr: 0.0005, min_lr: 0.0005
[2023-0803 1412 - INFO] ======================================
[2023-0803 1413 - INFO] epoch: 15/100
[2023-0803 1413 - INFO] learning_rate: 0.0005
[2023-0803 1413 - INFO] train_acc: 76.114%, train_loss: 0.0038
[2023-0803 1413 - INFO] test_acc: 78.285%, test_loss: 0.0034
[2023-0803 1413 - INFO] max_train_acc: 76.390%
[2023-0803 1413 - INFO] max_test_acc: 82.390%
[2023-0803 1413 - INFO] max_lr: 0.0005, min_lr: 0.0005
[2023-0803 1413 - INFO] ======================================
[2023-0803 1414 - INFO] epoch: 16/100
[2023-0803 1414 - INFO] learning_rate: 0.0005
[2023-0803 1414 - INFO] train_acc: 76.020%, train_loss: 0.0038
[2023-0803 1414 - INFO] test_acc: 77.288%, test_loss: 0.0035
[2023-0803 1414 - INFO] max_train_acc: 76.390%
[2023-0803 1414 - INFO] max_test_acc: 82.390%
[2023-0803 1414 - INFO] max_lr: 0.0005, min_lr: 0.0005
[2023-0803 1414 - INFO] ======================================
[2023-0803 1415 - INFO] epoch: 17/100
[2023-0803 1415 - INFO] learning_rate: 0.0005
[2023-0803 1415 - INFO] train_acc: 75.885%, train_loss: 0.0038
[2023-0803 1415 - INFO] test_acc: 77.027%, test_loss: 0.0035
[2023-0803 1415 - INFO] max_train_acc: 76.390%
[2023-0803 1415 - INFO] max_test_acc: 82.390%
[2023-0803 1415 - INFO] max_lr: 0.0005, min_lr: 0.0005
[2023-0803 1415 - INFO] ======================================
[2023-0803 1416 - INFO] epoch: 18/100
[2023-0803 1416 - INFO] learning_rate: 0.0005
[2023-0803 1416 - INFO] train_acc: 75.732%, train_loss: 0.0038
[2023-0803 1416 - INFO] test_acc: 81.397%, test_loss: 0.0030
[2023-0803 1416 - INFO] max_train_acc: 76.390%
[2023-0803 1416 - INFO] max_test_acc: 82.390%
[2023-0803 1416 - INFO] max_lr: 0.0005, min_lr: 0.0005
[2023-0803 1416 - INFO] ======================================
[2023-0803 1417 - INFO] epoch: 19/100
[2023-0803 1417 - INFO] learning_rate: 0.0005
[2023-0803 1417 - INFO] train_acc: 75.861%, train_loss: 0.0038
[2023-0803 1417 - INFO] test_acc: 81.428%, test_loss: 0.0030
[2023-0803 1417 - INFO] max_train_acc: 76.390%
[2023-0803 1417 - INFO] max_test_acc: 82.390%
[2023-0803 1417 - INFO] max_lr: 0.0005, min_lr: 0.0005
[2023-0803 1417 - INFO] ======================================
[2023-0803 1418 - INFO] epoch: 20/100
[2023-0803 1418 - INFO] learning_rate: 0.0005
[2023-0803 1418 - INFO] train_acc: 75.744%, train_loss: 0.0038
[2023-0803 1418 - INFO] test_acc: 80.753%, test_loss: 0.0031
[2023-0803 1418 - INFO] max_train_acc: 76.390%
[2023-0803 1418 - INFO] max_test_acc: 82.390%
[2023-0803 1418 - INFO] max_lr: 0.0005, min_lr: 0.0005
[2023-0803 1418 - INFO] ======================================
[2023-0803 1419 - INFO] epoch: 21/100
[2023-0803 1419 - INFO] learning_rate: 0.0005
[2023-0803 1419 - INFO] train_acc: 75.985%, train_loss: 0.0038
[2023-0803 1419 - INFO] test_acc: 75.398%, test_loss: 0.0038
[2023-0803 1419 - INFO] max_train_acc: 76.390%
[2023-0803 1419 - INFO] max_test_acc: 82.390%
[2023-0803 1419 - INFO] max_lr: 0.0005, min_lr: 0.0005
[2023-0803 1419 - INFO] ======================================
[2023-0803 1420 - INFO] epoch: 22/100
[2023-0803 1420 - INFO] learning_rate: 0.0005
[2023-0803 1420 - INFO] train_acc: 75.861%, train_loss: 0.0038
[2023-0803 1420 - INFO] test_acc: 78.585%, test_loss: 0.0034
[2023-0803 1420 - INFO] max_train_acc: 76.390%
[2023-0803 1420 - INFO] max_test_acc: 82.390%
[2023-0803 1420 - INFO] max_lr: 0.0005, min_lr: 0.0005
[2023-0803 1420 - INFO] ======================================
[2023-0803 1421 - INFO] epoch: 23/100
[2023-0803 1421 - INFO] learning_rate: 0.0005
[2023-0803 1421 - INFO] train_acc: 76.202%, train_loss: 0.0037
[2023-0803 1421 - INFO] test_acc: 81.088%, test_loss: 0.0030
[2023-0803 1421 - INFO] max_train_acc: 76.390%
[2023-0803 1421 - INFO] max_test_acc: 82.390%
[2023-0803 1421 - INFO] max_lr: 0.0005, min_lr: 0.0005
[2023-0803 1421 - INFO] ======================================
[2023-0803 1422 - INFO] epoch: 24/100
[2023-0803 1422 - INFO] learning_rate: 0.0005
[2023-0803 1422 - INFO] train_acc: 76.255%, train_loss: 0.0037
[2023-0803 1422 - INFO] test_acc: 79.965%, test_loss: 0.0032
[2023-0803 1422 - INFO] max_train_acc: 76.390%
[2023-0803 1422 - INFO] max_test_acc: 82.390%
[2023-0803 1422 - INFO] max_lr: 0.0005, min_lr: 0.0005
[2023-0803 1422 - INFO] ======================================
[2023-0803 1423 - INFO] epoch: 25/100
[2023-0803 1423 - INFO] learning_rate: 0.0005
[2023-0803 1423 - INFO] train_acc: 76.126%, train_loss: 0.0037
[2023-0803 1423 - INFO] test_acc: 78.028%, test_loss: 0.0034
[2023-0803 1423 - INFO] max_train_acc: 76.390%
[2023-0803 1423 - INFO] max_test_acc: 82.390%
[2023-0803 1423 - INFO] max_lr: 0.0005, min_lr: 0.0005
[2023-0803 1423 - INFO] ======================================
[2023-0803 1424 - INFO] epoch: 26/100
[2023-0803 1424 - INFO] learning_rate: 0.0005
[2023-0803 1424 - INFO] train_acc: 75.638%, train_loss: 0.0038
[2023-0803 1424 - INFO] test_acc: 78.790%, test_loss: 0.0033
[2023-0803 1424 - INFO] max_train_acc: 76.390%
[2023-0803 1424 - INFO] max_test_acc: 82.390%
[2023-0803 1424 - INFO] max_lr: 0.0005, min_lr: 0.0005
[2023-0803 1424 - INFO] ======================================
[2023-0803 1425 - INFO] epoch: 27/100
[2023-0803 1425 - INFO] learning_rate: 0.0005
[2023-0803 1425 - INFO] train_acc: 76.155%, train_loss: 0.0037
[2023-0803 1425 - INFO] test_acc: 82.194%, test_loss: 0.0030
[2023-0803 1425 - INFO] max_train_acc: 76.390%
[2023-0803 1425 - INFO] max_test_acc: 82.390%
[2023-0803 1425 - INFO] max_lr: 0.0005, min_lr: 0.0005
[2023-0803 1425 - INFO] ======================================
[2023-0803 1426 - INFO] epoch: 28/100
[2023-0803 1426 - INFO] learning_rate: 0.0005
[2023-0803 1426 - INFO] train_acc: 76.179%, train_loss: 0.0037
[2023-0803 1426 - INFO] test_acc: 81.363%, test_loss: 0.0031
[2023-0803 1426 - INFO] max_train_acc: 76.390%
[2023-0803 1426 - INFO] max_test_acc: 82.390%
[2023-0803 1426 - INFO] max_lr: 0.0005, min_lr: 0.0005
[2023-0803 1426 - INFO] ======================================
[2023-0803 1427 - INFO] epoch: 29/100
[2023-0803 1427 - INFO] learning_rate: 0.0005
[2023-0803 1427 - INFO] train_acc: 75.996%, train_loss: 0.0037
[2023-0803 1427 - INFO] test_acc: 77.841%, test_loss: 0.0035
[2023-0803 1427 - INFO] max_train_acc: 76.390%
[2023-0803 1427 - INFO] max_test_acc: 82.390%
[2023-0803 1427 - INFO] max_lr: 0.0005, min_lr: 0.0005
[2023-0803 1427 - INFO] ======================================
[2023-0803 1427 - INFO] epoch: 30/100
[2023-0803 1427 - INFO] learning_rate: 0.0005
[2023-0803 1427 - INFO] train_acc: 75.885%, train_loss: 0.0037
[2023-0803 1427 - INFO] test_acc: 82.677%, test_loss: 0.0029
[2023-0803 1427 - INFO] max_train_acc: 76.390%
[2023-0803 1427 - INFO] max_test_acc: 82.677%
[2023-0803 1427 - INFO] max_lr: 0.0005, min_lr: 0.0005
[2023-0803 1427 - INFO] ======================================
[2023-0803 1428 - INFO] epoch: 31/100
[2023-0803 1428 - INFO] learning_rate: 0.0005
[2023-0803 1428 - INFO] train_acc: 76.367%, train_loss: 0.0037
[2023-0803 1428 - INFO] test_acc: 80.026%, test_loss: 0.0032
[2023-0803 1428 - INFO] max_train_acc: 76.390%
[2023-0803 1428 - INFO] max_test_acc: 82.677%
[2023-0803 1428 - INFO] max_lr: 0.0005, min_lr: 0.0005
[2023-0803 1428 - INFO] ======================================
[2023-0803 1429 - INFO] epoch: 32/100
[2023-0803 1429 - INFO] learning_rate: 0.0005
[2023-0803 1429 - INFO] train_acc: 76.038%, train_loss: 0.0037
[2023-0803 1429 - INFO] test_acc: 78.411%, test_loss: 0.0034
[2023-0803 1429 - INFO] max_train_acc: 76.390%
[2023-0803 1429 - INFO] max_test_acc: 82.677%
[2023-0803 1429 - INFO] max_lr: 0.0005, min_lr: 0.0005
[2023-0803 1429 - INFO] ======================================
[2023-0803 1430 - INFO] epoch: 33/100
[2023-0803 1430 - INFO] learning_rate: 0.0005
[2023-0803 1430 - INFO] train_acc: 76.238%, train_loss: 0.0037
[2023-0803 1430 - INFO] test_acc: 80.657%, test_loss: 0.0032
[2023-0803 1430 - INFO] max_train_acc: 76.390%
[2023-0803 1430 - INFO] max_test_acc: 82.677%
[2023-0803 1430 - INFO] max_lr: 0.0005, min_lr: 0.0005
[2023-0803 1430 - INFO] ======================================
[2023-0803 1431 - INFO] epoch: 34/100
[2023-0803 1431 - INFO] learning_rate: 0.0005
[2023-0803 1431 - INFO] train_acc: 76.126%, train_loss: 0.0037
[2023-0803 1431 - INFO] test_acc: 79.286%, test_loss: 0.0033
[2023-0803 1431 - INFO] max_train_acc: 76.390%
[2023-0803 1431 - INFO] max_test_acc: 82.677%
[2023-0803 1431 - INFO] max_lr: 0.0005, min_lr: 0.0005
[2023-0803 1431 - INFO] ======================================
[2023-0803 1432 - INFO] epoch: 35/100
[2023-0803 1432 - INFO] learning_rate: 0.0005
[2023-0803 1432 - INFO] train_acc: 76.755%, train_loss: 0.0037
[2023-0803 1432 - INFO] test_acc: 81.711%, test_loss: 0.0030
[2023-0803 1432 - INFO] max_train_acc: 76.755%
[2023-0803 1432 - INFO] max_test_acc: 82.677%
[2023-0803 1432 - INFO] max_lr: 0.0005, min_lr: 0.0005
[2023-0803 1432 - INFO] ======================================
[2023-0803 1433 - INFO] epoch: 36/100
[2023-0803 1433 - INFO] learning_rate: 0.0005
[2023-0803 1433 - INFO] train_acc: 75.797%, train_loss: 0.0037
[2023-0803 1433 - INFO] test_acc: 82.891%, test_loss: 0.0029
[2023-0803 1433 - INFO] max_train_acc: 76.755%
[2023-0803 1433 - INFO] max_test_acc: 82.891%
[2023-0803 1433 - INFO] max_lr: 0.0005, min_lr: 0.0005
[2023-0803 1433 - INFO] ======================================
[2023-0803 1434 - INFO] epoch: 37/100
[2023-0803 1434 - INFO] learning_rate: 0.0005
[2023-0803 1434 - INFO] train_acc: 76.214%, train_loss: 0.0037
[2023-0803 1434 - INFO] test_acc: 78.132%, test_loss: 0.0034
[2023-0803 1434 - INFO] max_train_acc: 76.755%
[2023-0803 1434 - INFO] max_test_acc: 82.891%
[2023-0803 1434 - INFO] max_lr: 0.0005, min_lr: 0.0005
[2023-0803 1434 - INFO] ======================================
[2023-0803 1435 - INFO] epoch: 38/100
[2023-0803 1435 - INFO] learning_rate: 0.0005
[2023-0803 1435 - INFO] train_acc: 75.949%, train_loss: 0.0037
[2023-0803 1435 - INFO] test_acc: 79.177%, test_loss: 0.0033
[2023-0803 1435 - INFO] max_train_acc: 76.755%
[2023-0803 1435 - INFO] max_test_acc: 82.891%
[2023-0803 1435 - INFO] max_lr: 0.0005, min_lr: 0.0005
[2023-0803 1435 - INFO] ======================================
[2023-0803 1436 - INFO] epoch: 39/100
[2023-0803 1436 - INFO] learning_rate: 0.0005
[2023-0803 1436 - INFO] train_acc: 75.920%, train_loss: 0.0037
[2023-0803 1436 - INFO] test_acc: 77.701%, test_loss: 0.0035
[2023-0803 1436 - INFO] max_train_acc: 76.755%
[2023-0803 1436 - INFO] max_test_acc: 82.891%
[2023-0803 1436 - INFO] max_lr: 0.0005, min_lr: 0.0005
[2023-0803 1436 - INFO] ======================================
[2023-0803 1437 - INFO] epoch: 40/100
[2023-0803 1437 - INFO] learning_rate: 0.0005
[2023-0803 1437 - INFO] train_acc: 76.296%, train_loss: 0.0037
[2023-0803 1437 - INFO] test_acc: 80.340%, test_loss: 0.0032
[2023-0803 1437 - INFO] max_train_acc: 76.755%
[2023-0803 1437 - INFO] max_test_acc: 82.891%
[2023-0803 1437 - INFO] max_lr: 0.0005, min_lr: 0.0005
[2023-0803 1437 - INFO] ======================================
[2023-0803 1438 - INFO] epoch: 41/100
[2023-0803 1438 - INFO] learning_rate: 0.0005
[2023-0803 1438 - INFO] train_acc: 76.196%, train_loss: 0.0037
[2023-0803 1438 - INFO] test_acc: 81.084%, test_loss: 0.0031
[2023-0803 1438 - INFO] max_train_acc: 76.755%
[2023-0803 1438 - INFO] max_test_acc: 82.891%
[2023-0803 1438 - INFO] max_lr: 0.0005, min_lr: 0.0005
[2023-0803 1438 - INFO] ======================================
[2023-0803 1439 - INFO] epoch: 42/100
[2023-0803 1439 - INFO] learning_rate: 0.0005
[2023-0803 1439 - INFO] train_acc: 76.443%, train_loss: 0.0037
[2023-0803 1439 - INFO] test_acc: 80.017%, test_loss: 0.0032
[2023-0803 1439 - INFO] max_train_acc: 76.755%
[2023-0803 1439 - INFO] max_test_acc: 82.891%
[2023-0803 1439 - INFO] max_lr: 0.0005, min_lr: 0.0005
[2023-0803 1439 - INFO] ======================================
[2023-0803 1440 - INFO] epoch: 43/100
[2023-0803 1440 - INFO] learning_rate: 0.0005
[2023-0803 1440 - INFO] train_acc: 76.332%, train_loss: 0.0037
[2023-0803 1440 - INFO] test_acc: 81.315%, test_loss: 0.0031
[2023-0803 1440 - INFO] max_train_acc: 76.755%
[2023-0803 1440 - INFO] max_test_acc: 82.891%
[2023-0803 1440 - INFO] max_lr: 0.0005, min_lr: 0.0005
[2023-0803 1440 - INFO] ======================================
[2023-0803 1441 - INFO] epoch: 44/100
[2023-0803 1441 - INFO] learning_rate: 0.0005
[2023-0803 1441 - INFO] train_acc: 76.008%, train_loss: 0.0037
[2023-0803 1441 - INFO] test_acc: 79.669%, test_loss: 0.0033
[2023-0803 1441 - INFO] max_train_acc: 76.755%
[2023-0803 1441 - INFO] max_test_acc: 82.891%
[2023-0803 1441 - INFO] max_lr: 0.0005, min_lr: 0.0005
[2023-0803 1441 - INFO] ======================================
[2023-0803 1442 - INFO] epoch: 45/100
[2023-0803 1442 - INFO] learning_rate: 0.0005
[2023-0803 1442 - INFO] train_acc: 76.096%, train_loss: 0.0037
[2023-0803 1442 - INFO] test_acc: 79.978%, test_loss: 0.0032
[2023-0803 1442 - INFO] max_train_acc: 76.755%
[2023-0803 1442 - INFO] max_test_acc: 82.891%
[2023-0803 1442 - INFO] max_lr: 0.0005, min_lr: 0.0005
[2023-0803 1442 - INFO] ======================================
[2023-0803 1443 - INFO] epoch: 46/100
[2023-0803 1443 - INFO] learning_rate: 0.0005
[2023-0803 1443 - INFO] train_acc: 76.437%, train_loss: 0.0037
[2023-0803 1443 - INFO] test_acc: 81.080%, test_loss: 0.0031
[2023-0803 1443 - INFO] max_train_acc: 76.755%
[2023-0803 1443 - INFO] max_test_acc: 82.891%
[2023-0803 1443 - INFO] max_lr: 0.0005, min_lr: 0.0005
[2023-0803 1443 - INFO] ======================================
[2023-0803 1444 - INFO] epoch: 47/100
[2023-0803 1444 - INFO] learning_rate: 0.0005
[2023-0803 1444 - INFO] train_acc: 75.949%, train_loss: 0.0037
[2023-0803 1444 - INFO] test_acc: 80.836%, test_loss: 0.0031
[2023-0803 1444 - INFO] max_train_acc: 76.755%
[2023-0803 1444 - INFO] max_test_acc: 82.891%
[2023-0803 1444 - INFO] max_lr: 0.0005, min_lr: 0.0005
[2023-0803 1444 - INFO] ======================================
[2023-0803 1444 - INFO] epoch: 48/100
[2023-0803 1444 - INFO] learning_rate: 0.0005
[2023-0803 1444 - INFO] train_acc: 76.038%, train_loss: 0.0037
[2023-0803 1444 - INFO] test_acc: 82.238%, test_loss: 0.0029
[2023-0803 1444 - INFO] max_train_acc: 76.755%
[2023-0803 1444 - INFO] max_test_acc: 82.891%
[2023-0803 1444 - INFO] max_lr: 0.0005, min_lr: 0.0005
[2023-0803 1444 - INFO] ======================================
[2023-0803 1445 - INFO] epoch: 49/100
[2023-0803 1445 - INFO] learning_rate: 0.0005
[2023-0803 1445 - INFO] train_acc: 76.167%, train_loss: 0.0037
[2023-0803 1445 - INFO] test_acc: 81.014%, test_loss: 0.0031
[2023-0803 1445 - INFO] max_train_acc: 76.755%
[2023-0803 1445 - INFO] max_test_acc: 82.891%
[2023-0803 1445 - INFO] max_lr: 0.0005, min_lr: 0.0005
[2023-0803 1445 - INFO] ======================================
[2023-0803 1446 - INFO] epoch: 50/100
[2023-0803 1446 - INFO] learning_rate: 0.0005
[2023-0803 1446 - INFO] train_acc: 76.208%, train_loss: 0.0037
[2023-0803 1446 - INFO] test_acc: 78.459%, test_loss: 0.0034
[2023-0803 1446 - INFO] max_train_acc: 76.755%
[2023-0803 1446 - INFO] max_test_acc: 82.891%
[2023-0803 1446 - INFO] max_lr: 0.0005, min_lr: 0.0005
[2023-0803 1446 - INFO] ======================================
[2023-0803 1447 - INFO] epoch: 51/100
[2023-0803 1447 - INFO] learning_rate: 0.0005
[2023-0803 1447 - INFO] train_acc: 76.120%, train_loss: 0.0037
[2023-0803 1447 - INFO] test_acc: 77.310%, test_loss: 0.0035
[2023-0803 1447 - INFO] max_train_acc: 76.755%
[2023-0803 1447 - INFO] max_test_acc: 82.891%
[2023-0803 1447 - INFO] max_lr: 0.0005, min_lr: 0.0005
[2023-0803 1447 - INFO] ======================================
[2023-0803 1448 - INFO] epoch: 52/100
[2023-0803 1448 - INFO] learning_rate: 0.0005
[2023-0803 1448 - INFO] train_acc: 76.437%, train_loss: 0.0037
[2023-0803 1448 - INFO] test_acc: 80.065%, test_loss: 0.0032
[2023-0803 1448 - INFO] max_train_acc: 76.755%
[2023-0803 1448 - INFO] max_test_acc: 82.891%
[2023-0803 1448 - INFO] max_lr: 0.0005, min_lr: 0.0005
[2023-0803 1448 - INFO] ======================================
[2023-0803 1449 - INFO] epoch: 53/100
[2023-0803 1449 - INFO] learning_rate: 0.0005
[2023-0803 1449 - INFO] train_acc: 76.049%, train_loss: 0.0037
[2023-0803 1449 - INFO] test_acc: 80.044%, test_loss: 0.0033
[2023-0803 1449 - INFO] max_train_acc: 76.755%
[2023-0803 1449 - INFO] max_test_acc: 82.891%
[2023-0803 1449 - INFO] max_lr: 0.0005, min_lr: 0.0005
[2023-0803 1449 - INFO] ======================================
[2023-0803 1450 - INFO] epoch: 54/100
[2023-0803 1450 - INFO] learning_rate: 0.0005
[2023-0803 1450 - INFO] train_acc: 76.173%, train_loss: 0.0037
[2023-0803 1450 - INFO] test_acc: 80.879%, test_loss: 0.0031
[2023-0803 1450 - INFO] max_train_acc: 76.755%
[2023-0803 1450 - INFO] max_test_acc: 82.891%
[2023-0803 1450 - INFO] max_lr: 0.0005, min_lr: 0.0005
[2023-0803 1450 - INFO] ======================================
[2023-0803 1451 - INFO] epoch: 55/100
[2023-0803 1451 - INFO] learning_rate: 0.0005
[2023-0803 1451 - INFO] train_acc: 76.267%, train_loss: 0.0037
[2023-0803 1451 - INFO] test_acc: 78.058%, test_loss: 0.0034
[2023-0803 1451 - INFO] max_train_acc: 76.755%
[2023-0803 1451 - INFO] max_test_acc: 82.891%
[2023-0803 1451 - INFO] max_lr: 0.0005, min_lr: 0.0005
[2023-0803 1451 - INFO] ======================================
[2023-0803 1452 - INFO] epoch: 56/100
[2023-0803 1452 - INFO] learning_rate: 0.0005
[2023-0803 1452 - INFO] train_acc: 76.214%, train_loss: 0.0037
[2023-0803 1452 - INFO] test_acc: 79.869%, test_loss: 0.0033
[2023-0803 1452 - INFO] max_train_acc: 76.755%
[2023-0803 1452 - INFO] max_test_acc: 82.891%
[2023-0803 1452 - INFO] max_lr: 0.0005, min_lr: 0.0005
[2023-0803 1452 - INFO] ======================================
[2023-0803 1453 - INFO] epoch: 57/100
[2023-0803 1453 - INFO] learning_rate: 0.0005
[2023-0803 1453 - INFO] train_acc: 76.561%, train_loss: 0.0037
[2023-0803 1453 - INFO] test_acc: 77.949%, test_loss: 0.0035
[2023-0803 1453 - INFO] max_train_acc: 76.755%
[2023-0803 1453 - INFO] max_test_acc: 82.891%
[2023-0803 1453 - INFO] max_lr: 0.0005, min_lr: 0.0005
[2023-0803 1453 - INFO] ======================================
[2023-0803 1454 - INFO] epoch: 58/100
[2023-0803 1454 - INFO] learning_rate: 0.0005
[2023-0803 1454 - INFO] train_acc: 76.467%, train_loss: 0.0037
[2023-0803 1454 - INFO] test_acc: 78.385%, test_loss: 0.0034
[2023-0803 1454 - INFO] max_train_acc: 76.755%
[2023-0803 1454 - INFO] max_test_acc: 82.891%
[2023-0803 1454 - INFO] max_lr: 0.0005, min_lr: 0.0005
[2023-0803 1454 - INFO] ======================================
[2023-0803 1455 - INFO] epoch: 59/100
[2023-0803 1455 - INFO] learning_rate: 0.0005
[2023-0803 1455 - INFO] train_acc: 76.126%, train_loss: 0.0037
[2023-0803 1455 - INFO] test_acc: 78.981%, test_loss: 0.0033
[2023-0803 1455 - INFO] max_train_acc: 76.755%
[2023-0803 1455 - INFO] max_test_acc: 82.891%
[2023-0803 1455 - INFO] max_lr: 0.0005, min_lr: 0.0005
[2023-0803 1455 - INFO] ======================================
[2023-0803 1456 - INFO] epoch: 60/100
[2023-0803 1456 - INFO] learning_rate: 0.0005
[2023-0803 1456 - INFO] train_acc: 75.985%, train_loss: 0.0037
[2023-0803 1456 - INFO] test_acc: 76.186%, test_loss: 0.0037
[2023-0803 1456 - INFO] max_train_acc: 76.755%
[2023-0803 1456 - INFO] max_test_acc: 82.891%
[2023-0803 1456 - INFO] max_lr: 0.0005, min_lr: 0.0005
[2023-0803 1456 - INFO] ======================================
[2023-0803 1457 - INFO] epoch: 61/100
[2023-0803 1457 - INFO] learning_rate: 0.0005
[2023-0803 1457 - INFO] train_acc: 75.891%, train_loss: 0.0037
[2023-0803 1457 - INFO] test_acc: 81.110%, test_loss: 0.0031
[2023-0803 1457 - INFO] max_train_acc: 76.755%
[2023-0803 1457 - INFO] max_test_acc: 82.891%
[2023-0803 1457 - INFO] max_lr: 0.0005, min_lr: 0.0005
[2023-0803 1457 - INFO] ======================================
[2023-0803 1458 - INFO] epoch: 62/100
[2023-0803 1458 - INFO] learning_rate: 0.0005
[2023-0803 1458 - INFO] train_acc: 76.026%, train_loss: 0.0037
[2023-0803 1458 - INFO] test_acc: 81.236%, test_loss: 0.0031
[2023-0803 1458 - INFO] max_train_acc: 76.755%
[2023-0803 1458 - INFO] max_test_acc: 82.891%
[2023-0803 1458 - INFO] max_lr: 0.0005, min_lr: 0.0005
[2023-0803 1458 - INFO] ======================================
[2023-0803 1458 - INFO] epoch: 63/100
[2023-0803 1458 - INFO] learning_rate: 0.0005
[2023-0803 1458 - INFO] train_acc: 75.996%, train_loss: 0.0037
[2023-0803 1458 - INFO] test_acc: 77.005%, test_loss: 0.0036
[2023-0803 1458 - INFO] max_train_acc: 76.755%
[2023-0803 1458 - INFO] max_test_acc: 82.891%
[2023-0803 1458 - INFO] max_lr: 0.0005, min_lr: 0.0005
[2023-0803 1458 - INFO] ======================================
[2023-0803 1459 - INFO] epoch: 64/100
[2023-0803 1459 - INFO] learning_rate: 0.0005
[2023-0803 1459 - INFO] train_acc: 76.190%, train_loss: 0.0037
[2023-0803 1459 - INFO] test_acc: 78.507%, test_loss: 0.0034
[2023-0803 1459 - INFO] max_train_acc: 76.755%
[2023-0803 1459 - INFO] max_test_acc: 82.891%
[2023-0803 1459 - INFO] max_lr: 0.0005, min_lr: 0.0005
[2023-0803 1459 - INFO] ======================================
[2023-0803 1500 - INFO] epoch: 65/100
[2023-0803 1500 - INFO] learning_rate: 0.0005
[2023-0803 1500 - INFO] train_acc: 76.085%, train_loss: 0.0037
[2023-0803 1500 - INFO] test_acc: 77.074%, test_loss: 0.0036
[2023-0803 1500 - INFO] max_train_acc: 76.755%
[2023-0803 1500 - INFO] max_test_acc: 82.891%
[2023-0803 1500 - INFO] max_lr: 0.0005, min_lr: 0.0005
[2023-0803 1500 - INFO] ======================================
[2023-0803 1501 - INFO] epoch: 66/100
[2023-0803 1501 - INFO] learning_rate: 0.0005
[2023-0803 1501 - INFO] train_acc: 76.085%, train_loss: 0.0037
[2023-0803 1501 - INFO] test_acc: 81.084%, test_loss: 0.0031
[2023-0803 1501 - INFO] max_train_acc: 76.755%
[2023-0803 1501 - INFO] max_test_acc: 82.891%
[2023-0803 1501 - INFO] max_lr: 0.0005, min_lr: 0.0005
[2023-0803 1501 - INFO] ======================================
[2023-0803 1502 - INFO] epoch: 67/100
[2023-0803 1502 - INFO] learning_rate: 0.0005
[2023-0803 1502 - INFO] train_acc: 76.114%, train_loss: 0.0037
[2023-0803 1502 - INFO] test_acc: 80.866%, test_loss: 0.0032
[2023-0803 1502 - INFO] max_train_acc: 76.755%
[2023-0803 1502 - INFO] max_test_acc: 82.891%
[2023-0803 1502 - INFO] max_lr: 0.0005, min_lr: 0.0005
[2023-0803 1502 - INFO] ======================================
[2023-0803 1503 - INFO] epoch: 68/100
[2023-0803 1503 - INFO] learning_rate: 0.0005
[2023-0803 1503 - INFO] train_acc: 76.126%, train_loss: 0.0037
[2023-0803 1503 - INFO] test_acc: 81.532%, test_loss: 0.0031
[2023-0803 1503 - INFO] max_train_acc: 76.755%
[2023-0803 1503 - INFO] max_test_acc: 82.891%
[2023-0803 1503 - INFO] max_lr: 0.0005, min_lr: 0.0005
[2023-0803 1503 - INFO] ======================================
[2023-0803 1504 - INFO] epoch: 69/100
[2023-0803 1504 - INFO] learning_rate: 0.0005
[2023-0803 1504 - INFO] train_acc: 76.637%, train_loss: 0.0037
[2023-0803 1504 - INFO] test_acc: 77.932%, test_loss: 0.0035
[2023-0803 1504 - INFO] max_train_acc: 76.755%
[2023-0803 1504 - INFO] max_test_acc: 82.891%
[2023-0803 1504 - INFO] max_lr: 0.0005, min_lr: 0.0005
[2023-0803 1504 - INFO] ======================================
[2023-0803 1505 - INFO] epoch: 70/100
[2023-0803 1505 - INFO] learning_rate: 0.0005
[2023-0803 1505 - INFO] train_acc: 76.079%, train_loss: 0.0037
[2023-0803 1505 - INFO] test_acc: 82.473%, test_loss: 0.0029
[2023-0803 1505 - INFO] max_train_acc: 76.755%
[2023-0803 1505 - INFO] max_test_acc: 82.891%
[2023-0803 1505 - INFO] max_lr: 0.0005, min_lr: 0.0005
[2023-0803 1505 - INFO] ======================================
[2023-0803 1506 - INFO] epoch: 71/100
[2023-0803 1506 - INFO] learning_rate: 0.0005
[2023-0803 1506 - INFO] train_acc: 76.226%, train_loss: 0.0037
[2023-0803 1506 - INFO] test_acc: 77.828%, test_loss: 0.0035
[2023-0803 1506 - INFO] max_train_acc: 76.755%
[2023-0803 1506 - INFO] max_test_acc: 82.891%
[2023-0803 1506 - INFO] max_lr: 0.0005, min_lr: 0.0005
[2023-0803 1506 - INFO] ======================================
[2023-0803 1507 - INFO] epoch: 72/100
[2023-0803 1507 - INFO] learning_rate: 0.0005
[2023-0803 1507 - INFO] train_acc: 76.296%, train_loss: 0.0037
[2023-0803 1507 - INFO] test_acc: 79.343%, test_loss: 0.0033
[2023-0803 1507 - INFO] max_train_acc: 76.755%
[2023-0803 1507 - INFO] max_test_acc: 82.891%
[2023-0803 1507 - INFO] max_lr: 0.0005, min_lr: 0.0005
[2023-0803 1507 - INFO] ======================================
[2023-0803 1508 - INFO] epoch: 73/100
[2023-0803 1508 - INFO] learning_rate: 0.0005
[2023-0803 1508 - INFO] train_acc: 76.285%, train_loss: 0.0037
[2023-0803 1508 - INFO] test_acc: 78.663%, test_loss: 0.0034
[2023-0803 1508 - INFO] max_train_acc: 76.755%
[2023-0803 1508 - INFO] max_test_acc: 82.891%
[2023-0803 1508 - INFO] max_lr: 0.0005, min_lr: 0.0005
[2023-0803 1508 - INFO] ======================================
[2023-0803 1509 - INFO] epoch: 74/100
[2023-0803 1509 - INFO] learning_rate: 0.0005
[2023-0803 1509 - INFO] train_acc: 75.996%, train_loss: 0.0037
[2023-0803 1509 - INFO] test_acc: 78.624%, test_loss: 0.0034
[2023-0803 1509 - INFO] max_train_acc: 76.755%
[2023-0803 1509 - INFO] max_test_acc: 82.891%
[2023-0803 1509 - INFO] max_lr: 0.0005, min_lr: 0.0005
[2023-0803 1509 - INFO] ======================================
[2023-0803 1510 - INFO] epoch: 75/100
[2023-0803 1510 - INFO] learning_rate: 0.0005
[2023-0803 1510 - INFO] train_acc: 76.208%, train_loss: 0.0037
[2023-0803 1510 - INFO] test_acc: 83.544%, test_loss: 0.0028
[2023-0803 1510 - INFO] max_train_acc: 76.755%
[2023-0803 1510 - INFO] max_test_acc: 83.544%
[2023-0803 1510 - INFO] max_lr: 0.0005, min_lr: 0.0005
[2023-0803 1510 - INFO] ======================================
[2023-0803 1511 - INFO] epoch: 76/100
[2023-0803 1511 - INFO] learning_rate: 0.0005
[2023-0803 1511 - INFO] train_acc: 76.432%, train_loss: 0.0037
[2023-0803 1511 - INFO] test_acc: 82.468%, test_loss: 0.0029
[2023-0803 1511 - INFO] max_train_acc: 76.755%
[2023-0803 1511 - INFO] max_test_acc: 83.544%
[2023-0803 1511 - INFO] max_lr: 0.0005, min_lr: 0.0005
[2023-0803 1511 - INFO] ======================================
[2023-0803 1512 - INFO] epoch: 77/100
[2023-0803 1512 - INFO] learning_rate: 0.0005
[2023-0803 1512 - INFO] train_acc: 76.490%, train_loss: 0.0037
[2023-0803 1512 - INFO] test_acc: 80.448%, test_loss: 0.0032
[2023-0803 1512 - INFO] max_train_acc: 76.755%
[2023-0803 1512 - INFO] max_test_acc: 83.544%
[2023-0803 1512 - INFO] max_lr: 0.0005, min_lr: 0.0005
[2023-0803 1512 - INFO] ======================================
[2023-0803 1513 - INFO] epoch: 78/100
[2023-0803 1513 - INFO] learning_rate: 0.0005
[2023-0803 1513 - INFO] train_acc: 76.384%, train_loss: 0.0037
[2023-0803 1513 - INFO] test_acc: 81.310%, test_loss: 0.0031
[2023-0803 1513 - INFO] max_train_acc: 76.755%
[2023-0803 1513 - INFO] max_test_acc: 83.544%
[2023-0803 1513 - INFO] max_lr: 0.0005, min_lr: 0.0005
[2023-0803 1513 - INFO] ======================================
[2023-0803 1513 - INFO] epoch: 79/100
[2023-0803 1513 - INFO] learning_rate: 0.0005
[2023-0803 1513 - INFO] train_acc: 76.208%, train_loss: 0.0037
[2023-0803 1513 - INFO] test_acc: 82.185%, test_loss: 0.0030
[2023-0803 1513 - INFO] max_train_acc: 76.755%
[2023-0803 1513 - INFO] max_test_acc: 83.544%
[2023-0803 1513 - INFO] max_lr: 0.0005, min_lr: 0.0005
[2023-0803 1513 - INFO] ======================================
[2023-0803 1514 - INFO] epoch: 80/100
[2023-0803 1514 - INFO] learning_rate: 0.0005
[2023-0803 1514 - INFO] train_acc: 75.955%, train_loss: 0.0037
[2023-0803 1514 - INFO] test_acc: 81.263%, test_loss: 0.0031
[2023-0803 1514 - INFO] max_train_acc: 76.755%
[2023-0803 1514 - INFO] max_test_acc: 83.544%
[2023-0803 1514 - INFO] max_lr: 0.0005, min_lr: 0.0005
[2023-0803 1514 - INFO] ======================================
[2023-0803 1515 - INFO] epoch: 81/100
[2023-0803 1515 - INFO] learning_rate: 0.0005
[2023-0803 1515 - INFO] train_acc: 76.255%, train_loss: 0.0037
[2023-0803 1515 - INFO] test_acc: 80.644%, test_loss: 0.0031
[2023-0803 1515 - INFO] max_train_acc: 76.755%
[2023-0803 1515 - INFO] max_test_acc: 83.544%
[2023-0803 1515 - INFO] max_lr: 0.0005, min_lr: 0.0005
[2023-0803 1515 - INFO] ======================================
[2023-0803 1516 - INFO] epoch: 82/100
[2023-0803 1516 - INFO] learning_rate: 0.0005
[2023-0803 1516 - INFO] train_acc: 76.267%, train_loss: 0.0037
[2023-0803 1516 - INFO] test_acc: 79.761%, test_loss: 0.0033
[2023-0803 1516 - INFO] max_train_acc: 76.755%
[2023-0803 1516 - INFO] max_test_acc: 83.544%
[2023-0803 1516 - INFO] max_lr: 0.0005, min_lr: 0.0005
[2023-0803 1516 - INFO] ======================================
[2023-0803 1517 - INFO] epoch: 83/100
[2023-0803 1517 - INFO] learning_rate: 0.0005
[2023-0803 1517 - INFO] train_acc: 76.226%, train_loss: 0.0037
[2023-0803 1517 - INFO] test_acc: 79.565%, test_loss: 0.0033
[2023-0803 1517 - INFO] max_train_acc: 76.755%
[2023-0803 1517 - INFO] max_test_acc: 83.544%
[2023-0803 1517 - INFO] max_lr: 0.0005, min_lr: 0.0005
[2023-0803 1517 - INFO] ======================================
[2023-0803 1518 - INFO] epoch: 84/100
[2023-0803 1518 - INFO] learning_rate: 0.0005
[2023-0803 1518 - INFO] train_acc: 75.949%, train_loss: 0.0037
[2023-0803 1518 - INFO] test_acc: 83.209%, test_loss: 0.0028
[2023-0803 1518 - INFO] max_train_acc: 76.755%
[2023-0803 1518 - INFO] max_test_acc: 83.544%
[2023-0803 1518 - INFO] max_lr: 0.0005, min_lr: 0.0005
[2023-0803 1518 - INFO] ======================================
[2023-0803 1519 - INFO] epoch: 85/100
[2023-0803 1519 - INFO] learning_rate: 0.0005
[2023-0803 1519 - INFO] train_acc: 76.026%, train_loss: 0.0037
[2023-0803 1519 - INFO] test_acc: 78.607%, test_loss: 0.0034
[2023-0803 1519 - INFO] max_train_acc: 76.755%
[2023-0803 1519 - INFO] max_test_acc: 83.544%
[2023-0803 1519 - INFO] max_lr: 0.0005, min_lr: 0.0005
[2023-0803 1519 - INFO] ======================================
[2023-0803 1520 - INFO] epoch: 86/100
[2023-0803 1520 - INFO] learning_rate: 0.0005
[2023-0803 1520 - INFO] train_acc: 76.778%, train_loss: 0.0037
[2023-0803 1520 - INFO] test_acc: 83.709%, test_loss: 0.0028
[2023-0803 1520 - INFO] max_train_acc: 76.778%
[2023-0803 1520 - INFO] max_test_acc: 83.709%
[2023-0803 1520 - INFO] max_lr: 0.0005, min_lr: 0.0005
[2023-0803 1520 - INFO] ======================================
[2023-0803 1521 - INFO] epoch: 87/100
[2023-0803 1521 - INFO] learning_rate: 0.0005
[2023-0803 1521 - INFO] train_acc: 76.202%, train_loss: 0.0037
[2023-0803 1521 - INFO] test_acc: 80.614%, test_loss: 0.0032
[2023-0803 1521 - INFO] max_train_acc: 76.778%
[2023-0803 1521 - INFO] max_test_acc: 83.709%
[2023-0803 1521 - INFO] max_lr: 0.0005, min_lr: 0.0005
[2023-0803 1521 - INFO] ======================================
[2023-0803 1522 - INFO] epoch: 88/100
[2023-0803 1522 - INFO] learning_rate: 0.0005
[2023-0803 1522 - INFO] train_acc: 76.208%, train_loss: 0.0037
[2023-0803 1522 - INFO] test_acc: 80.562%, test_loss: 0.0032
[2023-0803 1522 - INFO] max_train_acc: 76.778%
[2023-0803 1522 - INFO] max_test_acc: 83.709%
[2023-0803 1522 - INFO] max_lr: 0.0005, min_lr: 0.0005
[2023-0803 1522 - INFO] ======================================
[2023-0803 1523 - INFO] epoch: 89/100
[2023-0803 1523 - INFO] learning_rate: 0.0005
[2023-0803 1523 - INFO] train_acc: 76.637%, train_loss: 0.0037
[2023-0803 1523 - INFO] test_acc: 77.767%, test_loss: 0.0035
[2023-0803 1523 - INFO] max_train_acc: 76.778%
[2023-0803 1523 - INFO] max_test_acc: 83.709%
[2023-0803 1523 - INFO] max_lr: 0.0005, min_lr: 0.0005
[2023-0803 1523 - INFO] ======================================
[2023-0803 1524 - INFO] epoch: 90/100
[2023-0803 1524 - INFO] learning_rate: 0.0005
[2023-0803 1524 - INFO] train_acc: 76.226%, train_loss: 0.0037
[2023-0803 1524 - INFO] test_acc: 81.001%, test_loss: 0.0031
[2023-0803 1524 - INFO] max_train_acc: 76.778%
[2023-0803 1524 - INFO] max_test_acc: 83.709%
[2023-0803 1524 - INFO] max_lr: 0.0005, min_lr: 0.0005
[2023-0803 1524 - INFO] ======================================
[2023-0803 1525 - INFO] epoch: 91/100
[2023-0803 1525 - INFO] learning_rate: 0.0005
[2023-0803 1525 - INFO] train_acc: 76.161%, train_loss: 0.0037
[2023-0803 1525 - INFO] test_acc: 79.956%, test_loss: 0.0033
[2023-0803 1525 - INFO] max_train_acc: 76.778%
[2023-0803 1525 - INFO] max_test_acc: 83.709%
[2023-0803 1525 - INFO] max_lr: 0.0005, min_lr: 0.0005
[2023-0803 1525 - INFO] ======================================
[2023-0803 1526 - INFO] epoch: 92/100
[2023-0803 1526 - INFO] learning_rate: 0.0005
[2023-0803 1526 - INFO] train_acc: 76.008%, train_loss: 0.0037
[2023-0803 1526 - INFO] test_acc: 81.471%, test_loss: 0.0031
[2023-0803 1526 - INFO] max_train_acc: 76.778%
[2023-0803 1526 - INFO] max_test_acc: 83.709%
[2023-0803 1526 - INFO] max_lr: 0.0005, min_lr: 0.0005
[2023-0803 1526 - INFO] ======================================
[2023-0803 1527 - INFO] epoch: 93/100
[2023-0803 1527 - INFO] learning_rate: 0.0005
[2023-0803 1527 - INFO] train_acc: 76.214%, train_loss: 0.0037
[2023-0803 1527 - INFO] test_acc: 81.215%, test_loss: 0.0031
[2023-0803 1527 - INFO] max_train_acc: 76.778%
[2023-0803 1527 - INFO] max_test_acc: 83.709%
[2023-0803 1527 - INFO] max_lr: 0.0005, min_lr: 0.0005
[2023-0803 1527 - INFO] ======================================
[2023-0803 1528 - INFO] epoch: 94/100
[2023-0803 1528 - INFO] learning_rate: 0.0005
[2023-0803 1528 - INFO] train_acc: 76.302%, train_loss: 0.0037
[2023-0803 1528 - INFO] test_acc: 80.927%, test_loss: 0.0031
[2023-0803 1528 - INFO] max_train_acc: 76.778%
[2023-0803 1528 - INFO] max_test_acc: 83.709%
[2023-0803 1528 - INFO] max_lr: 0.0005, min_lr: 0.0005
[2023-0803 1528 - INFO] ======================================
[2023-0803 1528 - INFO] epoch: 95/100
[2023-0803 1528 - INFO] learning_rate: 0.0005
[2023-0803 1528 - INFO] train_acc: 76.784%, train_loss: 0.0037
[2023-0803 1528 - INFO] test_acc: 79.861%, test_loss: 0.0032
[2023-0803 1528 - INFO] max_train_acc: 76.784%
[2023-0803 1528 - INFO] max_test_acc: 83.709%
[2023-0803 1528 - INFO] max_lr: 0.0005, min_lr: 0.0005
[2023-0803 1528 - INFO] ======================================
[2023-0803 1529 - INFO] epoch: 96/100
[2023-0803 1529 - INFO] learning_rate: 0.0005
[2023-0803 1529 - INFO] train_acc: 76.232%, train_loss: 0.0037
[2023-0803 1529 - INFO] test_acc: 81.380%, test_loss: 0.0030
[2023-0803 1529 - INFO] max_train_acc: 76.784%
[2023-0803 1529 - INFO] max_test_acc: 83.709%
[2023-0803 1529 - INFO] max_lr: 0.0005, min_lr: 0.0005
[2023-0803 1529 - INFO] ======================================
[2023-0803 1530 - INFO] epoch: 97/100
[2023-0803 1530 - INFO] learning_rate: 0.0005
[2023-0803 1530 - INFO] train_acc: 76.349%, train_loss: 0.0037
[2023-0803 1530 - INFO] test_acc: 79.991%, test_loss: 0.0032
[2023-0803 1530 - INFO] max_train_acc: 76.784%
[2023-0803 1530 - INFO] max_test_acc: 83.709%
[2023-0803 1530 - INFO] max_lr: 0.0005, min_lr: 0.0005
[2023-0803 1530 - INFO] ======================================
[2023-0803 1531 - INFO] epoch: 98/100
[2023-0803 1531 - INFO] learning_rate: 0.0005
[2023-0803 1531 - INFO] train_acc: 75.955%, train_loss: 0.0037
[2023-0803 1531 - INFO] test_acc: 76.844%, test_loss: 0.0036
[2023-0803 1531 - INFO] max_train_acc: 76.784%
[2023-0803 1531 - INFO] max_test_acc: 83.709%
[2023-0803 1531 - INFO] max_lr: 0.0005, min_lr: 0.0005
[2023-0803 1531 - INFO] ======================================
[2023-0803 1532 - INFO] epoch: 99/100
[2023-0803 1532 - INFO] learning_rate: 0.0005
[2023-0803 1532 - INFO] train_acc: 75.979%, train_loss: 0.0037
[2023-0803 1532 - INFO] test_acc: 80.165%, test_loss: 0.0032
[2023-0803 1532 - INFO] max_train_acc: 76.784%
[2023-0803 1532 - INFO] max_test_acc: 83.709%
[2023-0803 1532 - INFO] max_lr: 0.0005, min_lr: 0.0005
[2023-0803 1532 - INFO] ======================================
[2023-0803 1533 - INFO] epoch: 100/100
[2023-0803 1533 - INFO] learning_rate: 0.0005
[2023-0803 1533 - INFO] train_acc: 76.343%, train_loss: 0.0037
[2023-0803 1533 - INFO] test_acc: 81.189%, test_loss: 0.0031
[2023-0803 1533 - INFO] max_train_acc: 76.784%
[2023-0803 1533 - INFO] max_test_acc: 83.709%
[2023-0803 1533 - INFO] max_lr: 0.0005, min_lr: 0.0005
[2023-0803 1533 - INFO] ======================================
