[2023-0806 0937 - INFO] <<< BEATs_iter3_plus_AS2M - 1 fc layer >>> 
[2023-0806 0937 - INFO] Add FrequencyMasking and TimeMasking
[2023-0806 0937 - INFO] Add time_stretch 0.8 and time_stretch 1.2
[2023-0806 0937 - INFO] # trainset_size = 17010
[2023-0806 0937 - INFO] # testset_size = 22970
[2023-0806 0937 - INFO] # train_a/p = 8505/8505
[2023-0806 0937 - INFO] # test_a/p = 20920/2050
[2023-0806 0937 - INFO] # batch_size = 128
[2023-0806 0937 - INFO] # learning_rate = 0.001
[2023-0806 0937 - INFO] # num_epochs = 100
[2023-0806 0937 - INFO] # padding_size = 3500
[2023-0806 0937 - INFO] # loss_fn = CE
[2023-0806 0937 - INFO] # scheduler = None
[2023-0806 0937 - INFO] # optimizer = AdamW (
Parameter Group 0
    amsgrad: False
    betas: (0.9, 0.999)
    capturable: False
    differentiable: False
    eps: 1e-08
    foreach: None
    fused: None
    lr: 0.001
    maximize: False
    weight_decay: 0.01
)
[2023-0806 0937 - INFO] # comments : 
[2023-0806 0937 - INFO] -------------------------------------
[2023-0806 0938 - INFO] epoch: 1/100
[2023-0806 0938 - INFO] learning_rate: 0.0010
[2023-0806 0938 - INFO] train_acc: 49.724%, train_loss: nan
[2023-0806 0938 - INFO] test_acc: 73.026%, test_loss: 0.0051
[2023-0806 0938 - INFO] max_train_acc: 49.724%
[2023-0806 0938 - INFO] max_test_acc: 73.026%
[2023-0806 0938 - INFO] max_lr: 0.0010, min_lr: 0.0010
[2023-0806 0938 - INFO] ======================================
[2023-0806 0939 - INFO] epoch: 2/100
[2023-0806 0939 - INFO] learning_rate: 0.0010
[2023-0806 0939 - INFO] train_acc: 49.665%, train_loss: nan
[2023-0806 0939 - INFO] test_acc: 73.052%, test_loss: 0.0051
[2023-0806 0939 - INFO] max_train_acc: 49.724%
[2023-0806 0939 - INFO] max_test_acc: 73.052%
[2023-0806 0939 - INFO] max_lr: 0.0010, min_lr: 0.0010
[2023-0806 0939 - INFO] ======================================
[2023-0806 0940 - INFO] epoch: 3/100
[2023-0806 0940 - INFO] learning_rate: 0.0010
[2023-0806 0940 - INFO] train_acc: 49.683%, train_loss: nan
[2023-0806 0940 - INFO] test_acc: 73.013%, test_loss: 0.0051
[2023-0806 0940 - INFO] max_train_acc: 49.724%
[2023-0806 0940 - INFO] max_test_acc: 73.052%
[2023-0806 0940 - INFO] max_lr: 0.0010, min_lr: 0.0010
[2023-0806 0940 - INFO] ======================================
[2023-0806 0941 - INFO] epoch: 4/100
[2023-0806 0941 - INFO] learning_rate: 0.0010
[2023-0806 0941 - INFO] train_acc: 49.718%, train_loss: nan
[2023-0806 0941 - INFO] test_acc: 73.034%, test_loss: 0.0051
[2023-0806 0941 - INFO] max_train_acc: 49.724%
[2023-0806 0941 - INFO] max_test_acc: 73.052%
[2023-0806 0941 - INFO] max_lr: 0.0010, min_lr: 0.0010
[2023-0806 0941 - INFO] ======================================
[2023-0806 0942 - INFO] epoch: 5/100
[2023-0806 0942 - INFO] learning_rate: 0.0010
[2023-0806 0942 - INFO] train_acc: 49.659%, train_loss: nan
[2023-0806 0942 - INFO] test_acc: 73.021%, test_loss: 0.0051
[2023-0806 0942 - INFO] max_train_acc: 49.724%
[2023-0806 0942 - INFO] max_test_acc: 73.052%
[2023-0806 0942 - INFO] max_lr: 0.0010, min_lr: 0.0010
[2023-0806 0942 - INFO] ======================================
[2023-0806 0943 - INFO] epoch: 6/100
[2023-0806 0943 - INFO] learning_rate: 0.0010
[2023-0806 0943 - INFO] train_acc: 49.659%, train_loss: nan
[2023-0806 0943 - INFO] test_acc: 73.030%, test_loss: 0.0051
[2023-0806 0943 - INFO] max_train_acc: 49.724%
[2023-0806 0943 - INFO] max_test_acc: 73.052%
[2023-0806 0943 - INFO] max_lr: 0.0010, min_lr: 0.0010
[2023-0806 0943 - INFO] ======================================
[2023-0806 0944 - INFO] epoch: 7/100
[2023-0806 0944 - INFO] learning_rate: 0.0010
[2023-0806 0944 - INFO] train_acc: 49.694%, train_loss: nan
[2023-0806 0944 - INFO] test_acc: 73.017%, test_loss: 0.0051
[2023-0806 0944 - INFO] max_train_acc: 49.724%
[2023-0806 0944 - INFO] max_test_acc: 73.052%
[2023-0806 0944 - INFO] max_lr: 0.0010, min_lr: 0.0010
[2023-0806 0944 - INFO] ======================================
[2023-0806 0945 - INFO] epoch: 8/100
[2023-0806 0945 - INFO] learning_rate: 0.0010
[2023-0806 0945 - INFO] train_acc: 49.677%, train_loss: nan
[2023-0806 0945 - INFO] test_acc: 73.039%, test_loss: 0.0051
[2023-0806 0945 - INFO] max_train_acc: 49.724%
[2023-0806 0945 - INFO] max_test_acc: 73.052%
[2023-0806 0945 - INFO] max_lr: 0.0010, min_lr: 0.0010
[2023-0806 0945 - INFO] ======================================
[2023-0806 0945 - INFO] epoch: 9/100
[2023-0806 0945 - INFO] learning_rate: 0.0010
[2023-0806 0945 - INFO] train_acc: 49.718%, train_loss: nan
[2023-0806 0945 - INFO] test_acc: 73.047%, test_loss: 0.0051
[2023-0806 0945 - INFO] max_train_acc: 49.724%
[2023-0806 0945 - INFO] max_test_acc: 73.052%
[2023-0806 0945 - INFO] max_lr: 0.0010, min_lr: 0.0010
[2023-0806 0945 - INFO] ======================================
[2023-0806 0946 - INFO] epoch: 10/100
[2023-0806 0946 - INFO] learning_rate: 0.0010
[2023-0806 0946 - INFO] train_acc: 49.630%, train_loss: nan
[2023-0806 0946 - INFO] test_acc: 73.030%, test_loss: 0.0051
[2023-0806 0946 - INFO] max_train_acc: 49.724%
[2023-0806 0946 - INFO] max_test_acc: 73.052%
[2023-0806 0946 - INFO] max_lr: 0.0010, min_lr: 0.0010
[2023-0806 0946 - INFO] ======================================
[2023-0806 0947 - INFO] epoch: 11/100
[2023-0806 0947 - INFO] learning_rate: 0.0010
[2023-0806 0947 - INFO] train_acc: 49.653%, train_loss: nan
[2023-0806 0947 - INFO] test_acc: 73.017%, test_loss: 0.0051
[2023-0806 0947 - INFO] max_train_acc: 49.724%
[2023-0806 0947 - INFO] max_test_acc: 73.052%
[2023-0806 0947 - INFO] max_lr: 0.0010, min_lr: 0.0010
[2023-0806 0947 - INFO] ======================================
[2023-0806 0948 - INFO] epoch: 12/100
[2023-0806 0948 - INFO] learning_rate: 0.0010
[2023-0806 0948 - INFO] train_acc: 49.653%, train_loss: nan
[2023-0806 0948 - INFO] test_acc: 73.004%, test_loss: 0.0051
[2023-0806 0948 - INFO] max_train_acc: 49.724%
[2023-0806 0948 - INFO] max_test_acc: 73.052%
[2023-0806 0948 - INFO] max_lr: 0.0010, min_lr: 0.0010
[2023-0806 0948 - INFO] ======================================
