[2023-07-26 11:52:54 - INFO:] # batch_size = 128
[2023-07-26 11:52:54 - INFO:] # learning_rate = 0.005
[2023-07-26 11:52:54 - INFO:] # num_epochs = 200
[2023-07-26 11:52:54 - INFO:] # padding_size = 3500
[2023-07-26 11:52:54 - INFO:] # criterion = CrossEntropyLoss()
[2023-07-26 11:52:54 - INFO:] # scheduler = <torch.optim.lr_scheduler.LambdaLR object at 0x00000254E564B490>
[2023-07-26 11:52:54 - INFO:] # optimizer = AdamW (
Parameter Group 0
    amsgrad: False
    betas: (0.9, 0.98)
    capturable: False
    differentiable: False
    eps: 1e-08
    foreach: None
    fused: None
    initial_lr: 0.005
    lr: 0.0
    maximize: False
    weight_decay: 0.01
)
[2023-07-26 11:52:54 - INFO:] -------------------------------
