[2023-0804 0916 - INFO] <<< BEATs_iter3_plus_AS2M - 2 fc layer >>> 
[2023-0804 0916 - INFO] Add FrequencyMasking and TimeMasking
[2023-0804 0916 - INFO] Add time_stretch0.8 and time_stretch1.2
[2023-0804 0916 - INFO] # trainset_size = 17010
[2023-0804 0916 - INFO] # testset_size = 27070
[2023-0804 0916 - INFO] # train_a/p = 8505/8505
[2023-0804 0916 - INFO] # test_a/p = 20920/6150
[2023-0804 0916 - INFO] # batch_size = 128
[2023-0804 0916 - INFO] # learning_rate = 0.005
[2023-0804 0916 - INFO] # num_epochs = 100
[2023-0804 0916 - INFO] # padding_size = 3500
[2023-0804 0916 - INFO] # loss_fn = CE
[2023-0804 0916 - INFO] # scheduler = None
[2023-0804 0916 - INFO] # optimizer = AdamW (
Parameter Group 0
    amsgrad: False
    betas: (0.9, 0.999)
    capturable: False
    differentiable: False
    eps: 1e-08
    foreach: None
    fused: None
    lr: 0.005
    maximize: False
    weight_decay: 0.01
)
[2023-0804 0916 - INFO] -------------------------------------
[2023-0804 0917 - INFO] epoch: 1/100
[2023-0804 0917 - INFO] learning_rate: 0.0050
[2023-0804 0917 - INFO] train_acc: 71.946%, train_loss: 0.0043
[2023-0804 0917 - INFO] test_acc: 77.905%, test_loss: 0.0036
[2023-0804 0917 - INFO] max_train_acc: 71.946%
[2023-0804 0917 - INFO] max_test_acc: 77.905%
[2023-0804 0917 - INFO] max_lr: 0.0050, min_lr: 0.0050
[2023-0804 0917 - INFO] ======================================
[2023-0804 0919 - INFO] epoch: 2/100
[2023-0804 0919 - INFO] learning_rate: 0.0050
[2023-0804 0919 - INFO] train_acc: 72.934%, train_loss: 0.0041
[2023-0804 0919 - INFO] test_acc: 71.618%, test_loss: 0.0043
[2023-0804 0919 - INFO] max_train_acc: 72.934%
[2023-0804 0919 - INFO] max_test_acc: 77.905%
[2023-0804 0919 - INFO] max_lr: 0.0050, min_lr: 0.0050
[2023-0804 0919 - INFO] ======================================
[2023-0804 0920 - INFO] epoch: 3/100
[2023-0804 0920 - INFO] learning_rate: 0.0050
[2023-0804 0920 - INFO] train_acc: 73.304%, train_loss: 0.0041
[2023-0804 0920 - INFO] test_acc: 81.725%, test_loss: 0.0032
[2023-0804 0920 - INFO] max_train_acc: 73.304%
[2023-0804 0920 - INFO] max_test_acc: 81.725%
[2023-0804 0920 - INFO] max_lr: 0.0050, min_lr: 0.0050
[2023-0804 0920 - INFO] ======================================
[2023-0804 0921 - INFO] epoch: 4/100
[2023-0804 0921 - INFO] learning_rate: 0.0050
[2023-0804 0921 - INFO] train_acc: 73.574%, train_loss: 0.0041
[2023-0804 0921 - INFO] test_acc: 75.116%, test_loss: 0.0038
[2023-0804 0921 - INFO] max_train_acc: 73.574%
[2023-0804 0921 - INFO] max_test_acc: 81.725%
[2023-0804 0921 - INFO] max_lr: 0.0050, min_lr: 0.0050
[2023-0804 0921 - INFO] ======================================
[2023-0804 0923 - INFO] epoch: 5/100
[2023-0804 0923 - INFO] learning_rate: 0.0050
[2023-0804 0923 - INFO] train_acc: 73.480%, train_loss: 0.0041
[2023-0804 0923 - INFO] test_acc: 76.624%, test_loss: 0.0036
[2023-0804 0923 - INFO] max_train_acc: 73.574%
[2023-0804 0923 - INFO] max_test_acc: 81.725%
[2023-0804 0923 - INFO] max_lr: 0.0050, min_lr: 0.0050
[2023-0804 0923 - INFO] ======================================
[2023-0804 0924 - INFO] epoch: 6/100
[2023-0804 0924 - INFO] learning_rate: 0.0050
[2023-0804 0924 - INFO] train_acc: 73.557%, train_loss: 0.0041
[2023-0804 0924 - INFO] test_acc: 79.383%, test_loss: 0.0033
[2023-0804 0924 - INFO] max_train_acc: 73.574%
[2023-0804 0924 - INFO] max_test_acc: 81.725%
[2023-0804 0924 - INFO] max_lr: 0.0050, min_lr: 0.0050
[2023-0804 0924 - INFO] ======================================
[2023-0804 0926 - INFO] epoch: 7/100
[2023-0804 0926 - INFO] learning_rate: 0.0050
[2023-0804 0926 - INFO] train_acc: 73.433%, train_loss: 0.0041
[2023-0804 0926 - INFO] test_acc: 81.736%, test_loss: 0.0030
[2023-0804 0926 - INFO] max_train_acc: 73.574%
[2023-0804 0926 - INFO] max_test_acc: 81.736%
[2023-0804 0926 - INFO] max_lr: 0.0050, min_lr: 0.0050
[2023-0804 0926 - INFO] ======================================
[2023-0804 0927 - INFO] epoch: 8/100
[2023-0804 0927 - INFO] learning_rate: 0.0050
[2023-0804 0927 - INFO] train_acc: 73.322%, train_loss: 0.0041
[2023-0804 0927 - INFO] test_acc: 77.798%, test_loss: 0.0034
[2023-0804 0927 - INFO] max_train_acc: 73.574%
[2023-0804 0927 - INFO] max_test_acc: 81.736%
[2023-0804 0927 - INFO] max_lr: 0.0050, min_lr: 0.0050
[2023-0804 0927 - INFO] ======================================
[2023-0804 0929 - INFO] epoch: 9/100
[2023-0804 0929 - INFO] learning_rate: 0.0050
[2023-0804 0929 - INFO] train_acc: 73.857%, train_loss: 0.0040
[2023-0804 0929 - INFO] test_acc: 75.870%, test_loss: 0.0036
[2023-0804 0929 - INFO] max_train_acc: 73.857%
[2023-0804 0929 - INFO] max_test_acc: 81.736%
[2023-0804 0929 - INFO] max_lr: 0.0050, min_lr: 0.0050
[2023-0804 0929 - INFO] ======================================
[2023-0804 0930 - INFO] epoch: 10/100
[2023-0804 0930 - INFO] learning_rate: 0.0050
[2023-0804 0930 - INFO] train_acc: 73.704%, train_loss: 0.0040
[2023-0804 0930 - INFO] test_acc: 77.758%, test_loss: 0.0034
[2023-0804 0930 - INFO] max_train_acc: 73.857%
[2023-0804 0930 - INFO] max_test_acc: 81.736%
[2023-0804 0930 - INFO] max_lr: 0.0050, min_lr: 0.0050
[2023-0804 0930 - INFO] ======================================
[2023-0804 0932 - INFO] epoch: 11/100
[2023-0804 0932 - INFO] learning_rate: 0.0050
[2023-0804 0932 - INFO] train_acc: 74.027%, train_loss: 0.0040
[2023-0804 0932 - INFO] test_acc: 74.385%, test_loss: 0.0039
[2023-0804 0932 - INFO] max_train_acc: 74.027%
[2023-0804 0932 - INFO] max_test_acc: 81.736%
[2023-0804 0932 - INFO] max_lr: 0.0050, min_lr: 0.0050
[2023-0804 0932 - INFO] ======================================
[2023-0804 0933 - INFO] epoch: 12/100
[2023-0804 0933 - INFO] learning_rate: 0.0050
[2023-0804 0933 - INFO] train_acc: 73.604%, train_loss: 0.0040
[2023-0804 0933 - INFO] test_acc: 75.833%, test_loss: 0.0037
[2023-0804 0933 - INFO] max_train_acc: 74.027%
[2023-0804 0933 - INFO] max_test_acc: 81.736%
[2023-0804 0933 - INFO] max_lr: 0.0050, min_lr: 0.0050
[2023-0804 0933 - INFO] ======================================
[2023-0804 0935 - INFO] epoch: 13/100
[2023-0804 0935 - INFO] learning_rate: 0.0050
[2023-0804 0935 - INFO] train_acc: 73.521%, train_loss: 0.0040
[2023-0804 0935 - INFO] test_acc: 76.941%, test_loss: 0.0036
[2023-0804 0935 - INFO] max_train_acc: 74.027%
[2023-0804 0935 - INFO] max_test_acc: 81.736%
[2023-0804 0935 - INFO] max_lr: 0.0050, min_lr: 0.0050
[2023-0804 0935 - INFO] ======================================
[2023-0804 0936 - INFO] epoch: 14/100
[2023-0804 0936 - INFO] learning_rate: 0.0050
[2023-0804 0936 - INFO] train_acc: 73.651%, train_loss: 0.0040
[2023-0804 0936 - INFO] test_acc: 75.478%, test_loss: 0.0037
[2023-0804 0936 - INFO] max_train_acc: 74.027%
[2023-0804 0936 - INFO] max_test_acc: 81.736%
[2023-0804 0936 - INFO] max_lr: 0.0050, min_lr: 0.0050
[2023-0804 0936 - INFO] ======================================
[2023-0804 0938 - INFO] epoch: 15/100
[2023-0804 0938 - INFO] learning_rate: 0.0050
[2023-0804 0938 - INFO] train_acc: 73.263%, train_loss: 0.0041
[2023-0804 0938 - INFO] test_acc: 76.025%, test_loss: 0.0036
[2023-0804 0938 - INFO] max_train_acc: 74.027%
[2023-0804 0938 - INFO] max_test_acc: 81.736%
[2023-0804 0938 - INFO] max_lr: 0.0050, min_lr: 0.0050
[2023-0804 0938 - INFO] ======================================
[2023-0804 0939 - INFO] epoch: 16/100
[2023-0804 0939 - INFO] learning_rate: 0.0050
[2023-0804 0939 - INFO] train_acc: 73.827%, train_loss: 0.0040
[2023-0804 0939 - INFO] test_acc: 80.222%, test_loss: 0.0031
[2023-0804 0939 - INFO] max_train_acc: 74.027%
[2023-0804 0939 - INFO] max_test_acc: 81.736%
[2023-0804 0939 - INFO] max_lr: 0.0050, min_lr: 0.0050
[2023-0804 0939 - INFO] ======================================
[2023-0804 0940 - INFO] epoch: 17/100
[2023-0804 0940 - INFO] learning_rate: 0.0050
[2023-0804 0940 - INFO] train_acc: 73.680%, train_loss: 0.0040
[2023-0804 0940 - INFO] test_acc: 77.684%, test_loss: 0.0035
[2023-0804 0940 - INFO] max_train_acc: 74.027%
[2023-0804 0940 - INFO] max_test_acc: 81.736%
[2023-0804 0940 - INFO] max_lr: 0.0050, min_lr: 0.0050
[2023-0804 0940 - INFO] ======================================
[2023-0804 0942 - INFO] epoch: 18/100
[2023-0804 0942 - INFO] learning_rate: 0.0050
[2023-0804 0942 - INFO] train_acc: 73.433%, train_loss: 0.0040
[2023-0804 0942 - INFO] test_acc: 82.763%, test_loss: 0.0029
[2023-0804 0942 - INFO] max_train_acc: 74.027%
[2023-0804 0942 - INFO] max_test_acc: 82.763%
[2023-0804 0942 - INFO] max_lr: 0.0050, min_lr: 0.0050
[2023-0804 0942 - INFO] ======================================
[2023-0804 0943 - INFO] epoch: 19/100
[2023-0804 0943 - INFO] learning_rate: 0.0050
[2023-0804 0943 - INFO] train_acc: 73.674%, train_loss: 0.0040
[2023-0804 0943 - INFO] test_acc: 72.844%, test_loss: 0.0040
[2023-0804 0943 - INFO] max_train_acc: 74.027%
[2023-0804 0943 - INFO] max_test_acc: 82.763%
[2023-0804 0943 - INFO] max_lr: 0.0050, min_lr: 0.0050
[2023-0804 0943 - INFO] ======================================
[2023-0804 0945 - INFO] epoch: 20/100
[2023-0804 0945 - INFO] learning_rate: 0.0050
[2023-0804 0945 - INFO] train_acc: 73.504%, train_loss: 0.0041
[2023-0804 0945 - INFO] test_acc: 73.465%, test_loss: 0.0040
[2023-0804 0945 - INFO] max_train_acc: 74.027%
[2023-0804 0945 - INFO] max_test_acc: 82.763%
[2023-0804 0945 - INFO] max_lr: 0.0050, min_lr: 0.0050
[2023-0804 0945 - INFO] ======================================
[2023-0804 0946 - INFO] epoch: 21/100
[2023-0804 0946 - INFO] learning_rate: 0.0050
[2023-0804 0946 - INFO] train_acc: 73.857%, train_loss: 0.0040
[2023-0804 0946 - INFO] test_acc: 71.629%, test_loss: 0.0042
[2023-0804 0946 - INFO] max_train_acc: 74.027%
[2023-0804 0946 - INFO] max_test_acc: 82.763%
[2023-0804 0946 - INFO] max_lr: 0.0050, min_lr: 0.0050
[2023-0804 0946 - INFO] ======================================
[2023-0804 0948 - INFO] epoch: 22/100
[2023-0804 0948 - INFO] learning_rate: 0.0050
[2023-0804 0948 - INFO] train_acc: 73.951%, train_loss: 0.0040
[2023-0804 0948 - INFO] test_acc: 81.422%, test_loss: 0.0031
[2023-0804 0948 - INFO] max_train_acc: 74.027%
[2023-0804 0948 - INFO] max_test_acc: 82.763%
[2023-0804 0948 - INFO] max_lr: 0.0050, min_lr: 0.0050
[2023-0804 0948 - INFO] ======================================
[2023-0804 0949 - INFO] epoch: 23/100
[2023-0804 0949 - INFO] learning_rate: 0.0050
[2023-0804 0949 - INFO] train_acc: 73.733%, train_loss: 0.0040
[2023-0804 0949 - INFO] test_acc: 82.139%, test_loss: 0.0030
[2023-0804 0949 - INFO] max_train_acc: 74.027%
[2023-0804 0949 - INFO] max_test_acc: 82.763%
[2023-0804 0949 - INFO] max_lr: 0.0050, min_lr: 0.0050
[2023-0804 0949 - INFO] ======================================
[2023-0804 0951 - INFO] epoch: 24/100
[2023-0804 0951 - INFO] learning_rate: 0.0050
[2023-0804 0951 - INFO] train_acc: 73.504%, train_loss: 0.0041
[2023-0804 0951 - INFO] test_acc: 76.055%, test_loss: 0.0037
[2023-0804 0951 - INFO] max_train_acc: 74.027%
[2023-0804 0951 - INFO] max_test_acc: 82.763%
[2023-0804 0951 - INFO] max_lr: 0.0050, min_lr: 0.0050
[2023-0804 0951 - INFO] ======================================
[2023-0804 0952 - INFO] epoch: 25/100
[2023-0804 0952 - INFO] learning_rate: 0.0050
[2023-0804 0952 - INFO] train_acc: 73.745%, train_loss: 0.0040
[2023-0804 0952 - INFO] test_acc: 79.088%, test_loss: 0.0033
[2023-0804 0952 - INFO] max_train_acc: 74.027%
[2023-0804 0952 - INFO] max_test_acc: 82.763%
[2023-0804 0952 - INFO] max_lr: 0.0050, min_lr: 0.0050
[2023-0804 0952 - INFO] ======================================
[2023-0804 0954 - INFO] epoch: 26/100
[2023-0804 0954 - INFO] learning_rate: 0.0050
[2023-0804 0954 - INFO] train_acc: 74.192%, train_loss: 0.0040
[2023-0804 0954 - INFO] test_acc: 81.112%, test_loss: 0.0031
[2023-0804 0954 - INFO] max_train_acc: 74.192%
[2023-0804 0954 - INFO] max_test_acc: 82.763%
[2023-0804 0954 - INFO] max_lr: 0.0050, min_lr: 0.0050
[2023-0804 0954 - INFO] ======================================
[2023-0804 0955 - INFO] epoch: 27/100
[2023-0804 0955 - INFO] learning_rate: 0.0050
[2023-0804 0955 - INFO] train_acc: 73.986%, train_loss: 0.0040
[2023-0804 0955 - INFO] test_acc: 76.749%, test_loss: 0.0035
[2023-0804 0955 - INFO] max_train_acc: 74.192%
[2023-0804 0955 - INFO] max_test_acc: 82.763%
[2023-0804 0955 - INFO] max_lr: 0.0050, min_lr: 0.0050
[2023-0804 0955 - INFO] ======================================
[2023-0804 0957 - INFO] epoch: 28/100
[2023-0804 0957 - INFO] learning_rate: 0.0050
[2023-0804 0957 - INFO] train_acc: 73.774%, train_loss: 0.0040
[2023-0804 0957 - INFO] test_acc: 82.527%, test_loss: 0.0029
[2023-0804 0957 - INFO] max_train_acc: 74.192%
[2023-0804 0957 - INFO] max_test_acc: 82.763%
[2023-0804 0957 - INFO] max_lr: 0.0050, min_lr: 0.0050
[2023-0804 0957 - INFO] ======================================
[2023-0804 0958 - INFO] epoch: 29/100
[2023-0804 0958 - INFO] learning_rate: 0.0050
[2023-0804 0958 - INFO] train_acc: 74.456%, train_loss: 0.0040
[2023-0804 0958 - INFO] test_acc: 79.516%, test_loss: 0.0032
[2023-0804 0958 - INFO] max_train_acc: 74.456%
[2023-0804 0958 - INFO] max_test_acc: 82.763%
[2023-0804 0958 - INFO] max_lr: 0.0050, min_lr: 0.0050
[2023-0804 0958 - INFO] ======================================
[2023-0804 0959 - INFO] epoch: 30/100
[2023-0804 0959 - INFO] learning_rate: 0.0050
[2023-0804 0959 - INFO] train_acc: 73.592%, train_loss: 0.0040
[2023-0804 0959 - INFO] test_acc: 79.243%, test_loss: 0.0033
[2023-0804 0959 - INFO] max_train_acc: 74.456%
[2023-0804 0959 - INFO] max_test_acc: 82.763%
[2023-0804 0959 - INFO] max_lr: 0.0050, min_lr: 0.0050
[2023-0804 0959 - INFO] ======================================
[2023-0804 1001 - INFO] epoch: 31/100
[2023-0804 1001 - INFO] learning_rate: 0.0050
[2023-0804 1001 - INFO] train_acc: 74.098%, train_loss: 0.0040
[2023-0804 1001 - INFO] test_acc: 80.170%, test_loss: 0.0032
[2023-0804 1001 - INFO] max_train_acc: 74.456%
[2023-0804 1001 - INFO] max_test_acc: 82.763%
[2023-0804 1001 - INFO] max_lr: 0.0050, min_lr: 0.0050
[2023-0804 1001 - INFO] ======================================
[2023-0804 1002 - INFO] epoch: 32/100
[2023-0804 1002 - INFO] learning_rate: 0.0050
[2023-0804 1002 - INFO] train_acc: 73.151%, train_loss: 0.0041
[2023-0804 1002 - INFO] test_acc: 79.963%, test_loss: 0.0032
[2023-0804 1002 - INFO] max_train_acc: 74.456%
[2023-0804 1002 - INFO] max_test_acc: 82.763%
[2023-0804 1002 - INFO] max_lr: 0.0050, min_lr: 0.0050
[2023-0804 1002 - INFO] ======================================
[2023-0804 1004 - INFO] epoch: 33/100
[2023-0804 1004 - INFO] learning_rate: 0.0050
[2023-0804 1004 - INFO] train_acc: 74.468%, train_loss: 0.0040
[2023-0804 1004 - INFO] test_acc: 74.629%, test_loss: 0.0038
[2023-0804 1004 - INFO] max_train_acc: 74.468%
[2023-0804 1004 - INFO] max_test_acc: 82.763%
[2023-0804 1004 - INFO] max_lr: 0.0050, min_lr: 0.0050
[2023-0804 1004 - INFO] ======================================
[2023-0804 1005 - INFO] epoch: 34/100
[2023-0804 1005 - INFO] learning_rate: 0.0050
[2023-0804 1005 - INFO] train_acc: 74.644%, train_loss: 0.0040
[2023-0804 1005 - INFO] test_acc: 79.472%, test_loss: 0.0032
[2023-0804 1005 - INFO] max_train_acc: 74.644%
[2023-0804 1005 - INFO] max_test_acc: 82.763%
[2023-0804 1005 - INFO] max_lr: 0.0050, min_lr: 0.0050
[2023-0804 1005 - INFO] ======================================
[2023-0804 1007 - INFO] epoch: 35/100
[2023-0804 1007 - INFO] learning_rate: 0.0050
[2023-0804 1007 - INFO] train_acc: 74.056%, train_loss: 0.0040
[2023-0804 1007 - INFO] test_acc: 78.460%, test_loss: 0.0034
[2023-0804 1007 - INFO] max_train_acc: 74.644%
[2023-0804 1007 - INFO] max_test_acc: 82.763%
[2023-0804 1007 - INFO] max_lr: 0.0050, min_lr: 0.0050
[2023-0804 1007 - INFO] ======================================
[2023-0804 1008 - INFO] epoch: 36/100
[2023-0804 1008 - INFO] learning_rate: 0.0050
[2023-0804 1008 - INFO] train_acc: 73.762%, train_loss: 0.0040
[2023-0804 1008 - INFO] test_acc: 77.130%, test_loss: 0.0036
[2023-0804 1008 - INFO] max_train_acc: 74.644%
[2023-0804 1008 - INFO] max_test_acc: 82.763%
[2023-0804 1008 - INFO] max_lr: 0.0050, min_lr: 0.0050
[2023-0804 1008 - INFO] ======================================
[2023-0804 1010 - INFO] epoch: 37/100
[2023-0804 1010 - INFO] learning_rate: 0.0050
[2023-0804 1010 - INFO] train_acc: 74.127%, train_loss: 0.0040
[2023-0804 1010 - INFO] test_acc: 82.486%, test_loss: 0.0029
[2023-0804 1010 - INFO] max_train_acc: 74.644%
[2023-0804 1010 - INFO] max_test_acc: 82.763%
[2023-0804 1010 - INFO] max_lr: 0.0050, min_lr: 0.0050
[2023-0804 1010 - INFO] ======================================
[2023-0804 1011 - INFO] epoch: 38/100
[2023-0804 1011 - INFO] learning_rate: 0.0050
[2023-0804 1011 - INFO] train_acc: 73.827%, train_loss: 0.0040
[2023-0804 1011 - INFO] test_acc: 79.793%, test_loss: 0.0032
[2023-0804 1011 - INFO] max_train_acc: 74.644%
[2023-0804 1011 - INFO] max_test_acc: 82.763%
[2023-0804 1011 - INFO] max_lr: 0.0050, min_lr: 0.0050
[2023-0804 1011 - INFO] ======================================
[2023-0804 1013 - INFO] epoch: 39/100
[2023-0804 1013 - INFO] learning_rate: 0.0050
[2023-0804 1013 - INFO] train_acc: 74.133%, train_loss: 0.0040
[2023-0804 1013 - INFO] test_acc: 81.699%, test_loss: 0.0030
[2023-0804 1013 - INFO] max_train_acc: 74.644%
[2023-0804 1013 - INFO] max_test_acc: 82.763%
[2023-0804 1013 - INFO] max_lr: 0.0050, min_lr: 0.0050
[2023-0804 1013 - INFO] ======================================
[2023-0804 1014 - INFO] epoch: 40/100
[2023-0804 1014 - INFO] learning_rate: 0.0050
[2023-0804 1014 - INFO] train_acc: 74.139%, train_loss: 0.0040
[2023-0804 1014 - INFO] test_acc: 76.454%, test_loss: 0.0036
[2023-0804 1014 - INFO] max_train_acc: 74.644%
[2023-0804 1014 - INFO] max_test_acc: 82.763%
[2023-0804 1014 - INFO] max_lr: 0.0050, min_lr: 0.0050
[2023-0804 1014 - INFO] ======================================
[2023-0804 1016 - INFO] epoch: 41/100
[2023-0804 1016 - INFO] learning_rate: 0.0050
[2023-0804 1016 - INFO] train_acc: 73.474%, train_loss: 0.0041
[2023-0804 1016 - INFO] test_acc: 77.547%, test_loss: 0.0034
[2023-0804 1016 - INFO] max_train_acc: 74.644%
[2023-0804 1016 - INFO] max_test_acc: 82.763%
[2023-0804 1016 - INFO] max_lr: 0.0050, min_lr: 0.0050
[2023-0804 1016 - INFO] ======================================
[2023-0804 1017 - INFO] epoch: 42/100
[2023-0804 1017 - INFO] learning_rate: 0.0050
[2023-0804 1017 - INFO] train_acc: 74.068%, train_loss: 0.0040
[2023-0804 1017 - INFO] test_acc: 82.058%, test_loss: 0.0030
[2023-0804 1017 - INFO] max_train_acc: 74.644%
[2023-0804 1017 - INFO] max_test_acc: 82.763%
[2023-0804 1017 - INFO] max_lr: 0.0050, min_lr: 0.0050
[2023-0804 1017 - INFO] ======================================
[2023-0804 1018 - INFO] epoch: 43/100
[2023-0804 1018 - INFO] learning_rate: 0.0050
[2023-0804 1018 - INFO] train_acc: 73.962%, train_loss: 0.0040
[2023-0804 1018 - INFO] test_acc: 79.235%, test_loss: 0.0033
[2023-0804 1018 - INFO] max_train_acc: 74.644%
[2023-0804 1018 - INFO] max_test_acc: 82.763%
[2023-0804 1018 - INFO] max_lr: 0.0050, min_lr: 0.0050
[2023-0804 1018 - INFO] ======================================
[2023-0804 1020 - INFO] epoch: 44/100
[2023-0804 1020 - INFO] learning_rate: 0.0050
[2023-0804 1020 - INFO] train_acc: 74.180%, train_loss: 0.0040
[2023-0804 1020 - INFO] test_acc: 81.552%, test_loss: 0.0030
[2023-0804 1020 - INFO] max_train_acc: 74.644%
[2023-0804 1020 - INFO] max_test_acc: 82.763%
[2023-0804 1020 - INFO] max_lr: 0.0050, min_lr: 0.0050
[2023-0804 1020 - INFO] ======================================
[2023-0804 1021 - INFO] epoch: 45/100
[2023-0804 1021 - INFO] learning_rate: 0.0050
[2023-0804 1021 - INFO] train_acc: 74.051%, train_loss: 0.0040
[2023-0804 1021 - INFO] test_acc: 74.924%, test_loss: 0.0039
[2023-0804 1021 - INFO] max_train_acc: 74.644%
[2023-0804 1021 - INFO] max_test_acc: 82.763%
[2023-0804 1021 - INFO] max_lr: 0.0050, min_lr: 0.0050
[2023-0804 1021 - INFO] ======================================
[2023-0804 1023 - INFO] epoch: 46/100
[2023-0804 1023 - INFO] learning_rate: 0.0050
[2023-0804 1023 - INFO] train_acc: 74.009%, train_loss: 0.0040
[2023-0804 1023 - INFO] test_acc: 81.426%, test_loss: 0.0031
[2023-0804 1023 - INFO] max_train_acc: 74.644%
[2023-0804 1023 - INFO] max_test_acc: 82.763%
[2023-0804 1023 - INFO] max_lr: 0.0050, min_lr: 0.0050
[2023-0804 1023 - INFO] ======================================
[2023-0804 1024 - INFO] epoch: 47/100
[2023-0804 1024 - INFO] learning_rate: 0.0050
[2023-0804 1024 - INFO] train_acc: 73.792%, train_loss: 0.0040
[2023-0804 1024 - INFO] test_acc: 77.684%, test_loss: 0.0034
[2023-0804 1024 - INFO] max_train_acc: 74.644%
[2023-0804 1024 - INFO] max_test_acc: 82.763%
[2023-0804 1024 - INFO] max_lr: 0.0050, min_lr: 0.0050
[2023-0804 1024 - INFO] ======================================
[2023-0804 1026 - INFO] epoch: 48/100
[2023-0804 1026 - INFO] learning_rate: 0.0050
[2023-0804 1026 - INFO] train_acc: 73.986%, train_loss: 0.0040
[2023-0804 1026 - INFO] test_acc: 75.571%, test_loss: 0.0038
[2023-0804 1026 - INFO] max_train_acc: 74.644%
[2023-0804 1026 - INFO] max_test_acc: 82.763%
[2023-0804 1026 - INFO] max_lr: 0.0050, min_lr: 0.0050
[2023-0804 1026 - INFO] ======================================
[2023-0804 1027 - INFO] epoch: 49/100
[2023-0804 1027 - INFO] learning_rate: 0.0050
[2023-0804 1027 - INFO] train_acc: 73.956%, train_loss: 0.0040
[2023-0804 1027 - INFO] test_acc: 84.932%, test_loss: 0.0027
[2023-0804 1027 - INFO] max_train_acc: 74.644%
[2023-0804 1027 - INFO] max_test_acc: 84.932%
[2023-0804 1027 - INFO] max_lr: 0.0050, min_lr: 0.0050
[2023-0804 1027 - INFO] ======================================
[2023-0804 1029 - INFO] epoch: 50/100
[2023-0804 1029 - INFO] learning_rate: 0.0050
[2023-0804 1029 - INFO] train_acc: 74.103%, train_loss: 0.0040
[2023-0804 1029 - INFO] test_acc: 78.197%, test_loss: 0.0034
[2023-0804 1029 - INFO] max_train_acc: 74.644%
[2023-0804 1029 - INFO] max_test_acc: 84.932%
[2023-0804 1029 - INFO] max_lr: 0.0050, min_lr: 0.0050
[2023-0804 1029 - INFO] ======================================
[2023-0804 1030 - INFO] epoch: 51/100
[2023-0804 1030 - INFO] learning_rate: 0.0050
[2023-0804 1030 - INFO] train_acc: 74.245%, train_loss: 0.0040
[2023-0804 1030 - INFO] test_acc: 75.135%, test_loss: 0.0038
[2023-0804 1030 - INFO] max_train_acc: 74.644%
[2023-0804 1030 - INFO] max_test_acc: 84.932%
[2023-0804 1030 - INFO] max_lr: 0.0050, min_lr: 0.0050
[2023-0804 1030 - INFO] ======================================
[2023-0804 1032 - INFO] epoch: 52/100
[2023-0804 1032 - INFO] learning_rate: 0.0050
[2023-0804 1032 - INFO] train_acc: 73.674%, train_loss: 0.0040
[2023-0804 1032 - INFO] test_acc: 73.188%, test_loss: 0.0042
[2023-0804 1032 - INFO] max_train_acc: 74.644%
[2023-0804 1032 - INFO] max_test_acc: 84.932%
[2023-0804 1032 - INFO] max_lr: 0.0050, min_lr: 0.0050
[2023-0804 1032 - INFO] ======================================
[2023-0804 1033 - INFO] epoch: 53/100
[2023-0804 1033 - INFO] learning_rate: 0.0050
[2023-0804 1033 - INFO] train_acc: 73.886%, train_loss: 0.0040
[2023-0804 1033 - INFO] test_acc: 82.693%, test_loss: 0.0029
[2023-0804 1033 - INFO] max_train_acc: 74.644%
[2023-0804 1033 - INFO] max_test_acc: 84.932%
[2023-0804 1033 - INFO] max_lr: 0.0050, min_lr: 0.0050
[2023-0804 1033 - INFO] ======================================
[2023-0804 1035 - INFO] epoch: 54/100
[2023-0804 1035 - INFO] learning_rate: 0.0050
[2023-0804 1035 - INFO] train_acc: 73.927%, train_loss: 0.0040
[2023-0804 1035 - INFO] test_acc: 81.474%, test_loss: 0.0030
[2023-0804 1035 - INFO] max_train_acc: 74.644%
[2023-0804 1035 - INFO] max_test_acc: 84.932%
[2023-0804 1035 - INFO] max_lr: 0.0050, min_lr: 0.0050
[2023-0804 1035 - INFO] ======================================
[2023-0804 1036 - INFO] epoch: 55/100
[2023-0804 1036 - INFO] learning_rate: 0.0050
[2023-0804 1036 - INFO] train_acc: 73.874%, train_loss: 0.0040
[2023-0804 1036 - INFO] test_acc: 75.881%, test_loss: 0.0037
[2023-0804 1036 - INFO] max_train_acc: 74.644%
[2023-0804 1036 - INFO] max_test_acc: 84.932%
[2023-0804 1036 - INFO] max_lr: 0.0050, min_lr: 0.0050
[2023-0804 1036 - INFO] ======================================
[2023-0804 1037 - INFO] epoch: 56/100
[2023-0804 1037 - INFO] learning_rate: 0.0050
[2023-0804 1037 - INFO] train_acc: 73.939%, train_loss: 0.0040
[2023-0804 1037 - INFO] test_acc: 82.516%, test_loss: 0.0029
[2023-0804 1037 - INFO] max_train_acc: 74.644%
[2023-0804 1037 - INFO] max_test_acc: 84.932%
[2023-0804 1037 - INFO] max_lr: 0.0050, min_lr: 0.0050
[2023-0804 1037 - INFO] ======================================
[2023-0804 1039 - INFO] epoch: 57/100
[2023-0804 1039 - INFO] learning_rate: 0.0050
[2023-0804 1039 - INFO] train_acc: 73.780%, train_loss: 0.0040
[2023-0804 1039 - INFO] test_acc: 77.924%, test_loss: 0.0034
[2023-0804 1039 - INFO] max_train_acc: 74.644%
[2023-0804 1039 - INFO] max_test_acc: 84.932%
[2023-0804 1039 - INFO] max_lr: 0.0050, min_lr: 0.0050
[2023-0804 1039 - INFO] ======================================
[2023-0804 1040 - INFO] epoch: 58/100
[2023-0804 1040 - INFO] learning_rate: 0.0050
[2023-0804 1040 - INFO] train_acc: 73.633%, train_loss: 0.0040
[2023-0804 1040 - INFO] test_acc: 78.947%, test_loss: 0.0033
[2023-0804 1040 - INFO] max_train_acc: 74.644%
[2023-0804 1040 - INFO] max_test_acc: 84.932%
[2023-0804 1040 - INFO] max_lr: 0.0050, min_lr: 0.0050
[2023-0804 1040 - INFO] ======================================
[2023-0804 1042 - INFO] epoch: 59/100
[2023-0804 1042 - INFO] learning_rate: 0.0050
[2023-0804 1042 - INFO] train_acc: 73.980%, train_loss: 0.0040
[2023-0804 1042 - INFO] test_acc: 83.554%, test_loss: 0.0028
[2023-0804 1042 - INFO] max_train_acc: 74.644%
[2023-0804 1042 - INFO] max_test_acc: 84.932%
[2023-0804 1042 - INFO] max_lr: 0.0050, min_lr: 0.0050
[2023-0804 1042 - INFO] ======================================
[2023-0804 1043 - INFO] epoch: 60/100
[2023-0804 1043 - INFO] learning_rate: 0.0050
[2023-0804 1043 - INFO] train_acc: 73.657%, train_loss: 0.0040
[2023-0804 1043 - INFO] test_acc: 78.057%, test_loss: 0.0034
[2023-0804 1043 - INFO] max_train_acc: 74.644%
[2023-0804 1043 - INFO] max_test_acc: 84.932%
[2023-0804 1043 - INFO] max_lr: 0.0050, min_lr: 0.0050
[2023-0804 1043 - INFO] ======================================
[2023-0804 1045 - INFO] epoch: 61/100
[2023-0804 1045 - INFO] learning_rate: 0.0050
[2023-0804 1045 - INFO] train_acc: 73.886%, train_loss: 0.0040
[2023-0804 1045 - INFO] test_acc: 76.871%, test_loss: 0.0036
[2023-0804 1045 - INFO] max_train_acc: 74.644%
[2023-0804 1045 - INFO] max_test_acc: 84.932%
[2023-0804 1045 - INFO] max_lr: 0.0050, min_lr: 0.0050
[2023-0804 1045 - INFO] ======================================
[2023-0804 1046 - INFO] epoch: 62/100
[2023-0804 1046 - INFO] learning_rate: 0.0050
[2023-0804 1046 - INFO] train_acc: 73.757%, train_loss: 0.0040
[2023-0804 1046 - INFO] test_acc: 80.229%, test_loss: 0.0032
[2023-0804 1046 - INFO] max_train_acc: 74.644%
[2023-0804 1046 - INFO] max_test_acc: 84.932%
[2023-0804 1046 - INFO] max_lr: 0.0050, min_lr: 0.0050
[2023-0804 1046 - INFO] ======================================
[2023-0804 1048 - INFO] epoch: 63/100
[2023-0804 1048 - INFO] learning_rate: 0.0050
[2023-0804 1048 - INFO] train_acc: 74.103%, train_loss: 0.0040
[2023-0804 1048 - INFO] test_acc: 75.423%, test_loss: 0.0039
[2023-0804 1048 - INFO] max_train_acc: 74.644%
[2023-0804 1048 - INFO] max_test_acc: 84.932%
[2023-0804 1048 - INFO] max_lr: 0.0050, min_lr: 0.0050
[2023-0804 1048 - INFO] ======================================
