[2023-07-25 19:35:03 - INFO:] # batch_size = 128
[2023-07-25 19:35:03 - INFO:] # learning_rate = 0.005
[2023-07-25 19:35:03 - INFO:] # num_epochs = 200
[2023-07-25 19:35:03 - INFO:] # padding_size = 3500
[2023-07-25 19:35:03 - INFO:] # criterion = CrossEntropyLoss()
[2023-07-25 19:35:03 - INFO:] # scheduler = <torch.optim.lr_scheduler.CosineAnnealingLR object at 0x000001A24DC0B460>
[2023-07-25 19:35:03 - INFO:] # optimizer = AdamW (
Parameter Group 0
    amsgrad: False
    betas: (0.9, 0.98)
    capturable: False
    differentiable: False
    eps: 1e-08
    foreach: None
    fused: None
    initial_lr: 0.005
    lr: 0.005
    maximize: False
    weight_decay: 0.01
)
[2023-07-25 19:35:03 - INFO:] -------------------------------
[2023-07-25 19:37:47 - INFO:] epoch: 1/200
[2023-07-25 19:37:47 - INFO:] learning_rate: 0.0049
[2023-07-25 19:37:47 - INFO:] train_acc: 90.8861%, train_loss: 0.0032
[2023-07-25 19:37:47 - INFO:] test_acc: 90.8576%, test_loss: 0.0031
[2023-07-25 19:37:47 - INFO:] max_train_acc: 90.8861%
[2023-07-25 19:37:47 - INFO:] max_test_acc: 90.8576%
[2023-07-25 19:37:47 - INFO:] max_lr: 0.0049, min_lr: 0.0049
[2023-07-25 19:37:47 - INFO:] ======================================
[2023-07-25 19:40:29 - INFO:] epoch: 2/200
[2023-07-25 19:40:29 - INFO:] learning_rate: 0.0045
[2023-07-25 19:40:29 - INFO:] train_acc: 90.9093%, train_loss: 0.0031
[2023-07-25 19:40:29 - INFO:] test_acc: 90.8489%, test_loss: 0.0031
[2023-07-25 19:40:29 - INFO:] max_train_acc: 90.9093%
[2023-07-25 19:40:29 - INFO:] max_test_acc: 90.8576%
[2023-07-25 19:40:29 - INFO:] max_lr: 0.0049, min_lr: 0.0045
[2023-07-25 19:40:29 - INFO:] ======================================
[2023-07-25 19:43:11 - INFO:] epoch: 3/200
[2023-07-25 19:43:11 - INFO:] learning_rate: 0.0040
[2023-07-25 19:43:11 - INFO:] train_acc: 90.9378%, train_loss: 0.0031
[2023-07-25 19:43:11 - INFO:] test_acc: 90.9055%, test_loss: 0.0031
[2023-07-25 19:43:11 - INFO:] max_train_acc: 90.9378%
[2023-07-25 19:43:11 - INFO:] max_test_acc: 90.9055%
[2023-07-25 19:43:11 - INFO:] max_lr: 0.0049, min_lr: 0.0040
[2023-07-25 19:43:11 - INFO:] ======================================
[2023-07-25 19:45:52 - INFO:] epoch: 4/200
[2023-07-25 19:45:52 - INFO:] learning_rate: 0.0033
[2023-07-25 19:45:52 - INFO:] train_acc: 91.0423%, train_loss: 0.0031
[2023-07-25 19:45:52 - INFO:] test_acc: 90.9578%, test_loss: 0.0031
[2023-07-25 19:45:52 - INFO:] max_train_acc: 91.0423%
[2023-07-25 19:45:52 - INFO:] max_test_acc: 90.9578%
[2023-07-25 19:45:52 - INFO:] max_lr: 0.0049, min_lr: 0.0033
[2023-07-25 19:45:52 - INFO:] ======================================
[2023-07-25 19:48:35 - INFO:] epoch: 5/200
[2023-07-25 19:48:35 - INFO:] learning_rate: 0.0025
[2023-07-25 19:48:35 - INFO:] train_acc: 91.0497%, train_loss: 0.0031
[2023-07-25 19:48:35 - INFO:] test_acc: 91.0013%, test_loss: 0.0031
[2023-07-25 19:48:35 - INFO:] max_train_acc: 91.0497%
[2023-07-25 19:48:35 - INFO:] max_test_acc: 91.0013%
[2023-07-25 19:48:35 - INFO:] max_lr: 0.0049, min_lr: 0.0025
[2023-07-25 19:48:35 - INFO:] ======================================
[2023-07-25 19:51:16 - INFO:] epoch: 6/200
[2023-07-25 19:51:16 - INFO:] learning_rate: 0.0017
[2023-07-25 19:51:16 - INFO:] train_acc: 91.0951%, train_loss: 0.0031
[2023-07-25 19:51:16 - INFO:] test_acc: 91.0840%, test_loss: 0.0031
[2023-07-25 19:51:16 - INFO:] max_train_acc: 91.0951%
[2023-07-25 19:51:16 - INFO:] max_test_acc: 91.0840%
[2023-07-25 19:51:16 - INFO:] max_lr: 0.0049, min_lr: 0.0017
[2023-07-25 19:51:16 - INFO:] ======================================
[2023-07-25 19:53:58 - INFO:] epoch: 7/200
[2023-07-25 19:53:58 - INFO:] learning_rate: 0.0010
[2023-07-25 19:53:58 - INFO:] train_acc: 91.1574%, train_loss: 0.0031
[2023-07-25 19:53:58 - INFO:] test_acc: 91.1058%, test_loss: 0.0031
[2023-07-25 19:53:58 - INFO:] max_train_acc: 91.1574%
[2023-07-25 19:53:58 - INFO:] max_test_acc: 91.1058%
[2023-07-25 19:53:58 - INFO:] max_lr: 0.0049, min_lr: 0.0010
[2023-07-25 19:53:58 - INFO:] ======================================
[2023-07-25 19:56:41 - INFO:] epoch: 8/200
[2023-07-25 19:56:41 - INFO:] learning_rate: 0.0005
[2023-07-25 19:56:41 - INFO:] train_acc: 91.1912%, train_loss: 0.0031
[2023-07-25 19:56:41 - INFO:] test_acc: 91.2669%, test_loss: 0.0031
[2023-07-25 19:56:41 - INFO:] max_train_acc: 91.1912%
[2023-07-25 19:56:41 - INFO:] max_test_acc: 91.2669%
[2023-07-25 19:56:41 - INFO:] max_lr: 0.0049, min_lr: 0.0005
[2023-07-25 19:56:41 - INFO:] ======================================
[2023-07-25 19:59:23 - INFO:] epoch: 9/200
[2023-07-25 19:59:23 - INFO:] learning_rate: 0.0001
[2023-07-25 19:59:23 - INFO:] train_acc: 91.1732%, train_loss: 0.0031
[2023-07-25 19:59:23 - INFO:] test_acc: 91.1537%, test_loss: 0.0031
[2023-07-25 19:59:23 - INFO:] max_train_acc: 91.1912%
[2023-07-25 19:59:23 - INFO:] max_test_acc: 91.2669%
[2023-07-25 19:59:23 - INFO:] max_lr: 0.0049, min_lr: 0.0001
[2023-07-25 19:59:23 - INFO:] ======================================
[2023-07-25 20:02:08 - INFO:] epoch: 10/200
[2023-07-25 20:02:08 - INFO:] learning_rate: 0.0000
[2023-07-25 20:02:08 - INFO:] train_acc: 91.1754%, train_loss: 0.0031
[2023-07-25 20:02:08 - INFO:] test_acc: 91.1885%, test_loss: 0.0031
[2023-07-25 20:02:08 - INFO:] max_train_acc: 91.1912%
[2023-07-25 20:02:08 - INFO:] max_test_acc: 91.2669%
[2023-07-25 20:02:08 - INFO:] max_lr: 0.0049, min_lr: 0.0000
[2023-07-25 20:02:08 - INFO:] ======================================
[2023-07-25 20:04:51 - INFO:] epoch: 11/200
[2023-07-25 20:04:51 - INFO:] learning_rate: 0.0001
[2023-07-25 20:04:51 - INFO:] train_acc: 91.2007%, train_loss: 0.0031
[2023-07-25 20:04:51 - INFO:] test_acc: 91.1929%, test_loss: 0.0031
[2023-07-25 20:04:51 - INFO:] max_train_acc: 91.2007%
[2023-07-25 20:04:51 - INFO:] max_test_acc: 91.2669%
[2023-07-25 20:04:51 - INFO:] max_lr: 0.0049, min_lr: 0.0000
[2023-07-25 20:04:51 - INFO:] ======================================
[2023-07-25 20:07:32 - INFO:] epoch: 12/200
[2023-07-25 20:07:32 - INFO:] learning_rate: 0.0005
[2023-07-25 20:07:32 - INFO:] train_acc: 91.1880%, train_loss: 0.0031
[2023-07-25 20:07:32 - INFO:] test_acc: 91.1842%, test_loss: 0.0031
[2023-07-25 20:07:32 - INFO:] max_train_acc: 91.2007%
[2023-07-25 20:07:32 - INFO:] max_test_acc: 91.2669%
[2023-07-25 20:07:32 - INFO:] max_lr: 0.0049, min_lr: 0.0000
[2023-07-25 20:07:32 - INFO:] ======================================
[2023-07-25 20:10:14 - INFO:] epoch: 13/200
[2023-07-25 20:10:14 - INFO:] learning_rate: 0.0010
[2023-07-25 20:10:14 - INFO:] train_acc: 91.1659%, train_loss: 0.0031
[2023-07-25 20:10:14 - INFO:] test_acc: 91.2799%, test_loss: 0.0031
[2023-07-25 20:10:14 - INFO:] max_train_acc: 91.2007%
[2023-07-25 20:10:14 - INFO:] max_test_acc: 91.2799%
[2023-07-25 20:10:14 - INFO:] max_lr: 0.0049, min_lr: 0.0000
[2023-07-25 20:10:14 - INFO:] ======================================
[2023-07-25 20:12:55 - INFO:] epoch: 14/200
[2023-07-25 20:12:55 - INFO:] learning_rate: 0.0017
[2023-07-25 20:12:55 - INFO:] train_acc: 91.1944%, train_loss: 0.0031
[2023-07-25 20:12:55 - INFO:] test_acc: 91.2016%, test_loss: 0.0031
[2023-07-25 20:12:55 - INFO:] max_train_acc: 91.2007%
[2023-07-25 20:12:55 - INFO:] max_test_acc: 91.2799%
[2023-07-25 20:12:55 - INFO:] max_lr: 0.0049, min_lr: 0.0000
[2023-07-25 20:12:55 - INFO:] ======================================
[2023-07-25 20:15:38 - INFO:] epoch: 15/200
[2023-07-25 20:15:38 - INFO:] learning_rate: 0.0025
[2023-07-25 20:15:38 - INFO:] train_acc: 91.1933%, train_loss: 0.0031
[2023-07-25 20:15:38 - INFO:] test_acc: 91.3365%, test_loss: 0.0031
[2023-07-25 20:15:38 - INFO:] max_train_acc: 91.2007%
[2023-07-25 20:15:38 - INFO:] max_test_acc: 91.3365%
[2023-07-25 20:15:38 - INFO:] max_lr: 0.0049, min_lr: 0.0000
[2023-07-25 20:15:38 - INFO:] ======================================
[2023-07-25 20:18:19 - INFO:] epoch: 16/200
[2023-07-25 20:18:19 - INFO:] learning_rate: 0.0033
[2023-07-25 20:18:19 - INFO:] train_acc: 91.2239%, train_loss: 0.0031
[2023-07-25 20:18:19 - INFO:] test_acc: 91.5803%, test_loss: 0.0031
[2023-07-25 20:18:19 - INFO:] max_train_acc: 91.2239%
[2023-07-25 20:18:19 - INFO:] max_test_acc: 91.5803%
[2023-07-25 20:18:19 - INFO:] max_lr: 0.0049, min_lr: 0.0000
[2023-07-25 20:18:19 - INFO:] ======================================
[2023-07-25 20:21:01 - INFO:] epoch: 17/200
[2023-07-25 20:21:01 - INFO:] learning_rate: 0.0040
[2023-07-25 20:21:01 - INFO:] train_acc: 91.1986%, train_loss: 0.0031
[2023-07-25 20:21:01 - INFO:] test_acc: 91.4105%, test_loss: 0.0031
[2023-07-25 20:21:01 - INFO:] max_train_acc: 91.2239%
[2023-07-25 20:21:01 - INFO:] max_test_acc: 91.5803%
[2023-07-25 20:21:01 - INFO:] max_lr: 0.0049, min_lr: 0.0000
[2023-07-25 20:21:01 - INFO:] ======================================
[2023-07-25 20:23:42 - INFO:] epoch: 18/200
[2023-07-25 20:23:42 - INFO:] learning_rate: 0.0045
[2023-07-25 20:23:42 - INFO:] train_acc: 91.2852%, train_loss: 0.0031
[2023-07-25 20:23:42 - INFO:] test_acc: 91.3888%, test_loss: 0.0031
[2023-07-25 20:23:42 - INFO:] max_train_acc: 91.2852%
[2023-07-25 20:23:42 - INFO:] max_test_acc: 91.5803%
[2023-07-25 20:23:42 - INFO:] max_lr: 0.0049, min_lr: 0.0000
[2023-07-25 20:23:42 - INFO:] ======================================
[2023-07-25 20:26:24 - INFO:] epoch: 19/200
[2023-07-25 20:26:24 - INFO:] learning_rate: 0.0049
[2023-07-25 20:26:24 - INFO:] train_acc: 91.2524%, train_loss: 0.0031
[2023-07-25 20:26:24 - INFO:] test_acc: 91.6413%, test_loss: 0.0031
[2023-07-25 20:26:24 - INFO:] max_train_acc: 91.2852%
[2023-07-25 20:26:24 - INFO:] max_test_acc: 91.6413%
[2023-07-25 20:26:24 - INFO:] max_lr: 0.0049, min_lr: 0.0000
[2023-07-25 20:26:24 - INFO:] ======================================
[2023-07-25 20:29:05 - INFO:] epoch: 20/200
[2023-07-25 20:29:05 - INFO:] learning_rate: 0.0050
[2023-07-25 20:29:05 - INFO:] train_acc: 91.2735%, train_loss: 0.0031
[2023-07-25 20:29:05 - INFO:] test_acc: 91.2712%, test_loss: 0.0031
[2023-07-25 20:29:05 - INFO:] max_train_acc: 91.2852%
[2023-07-25 20:29:05 - INFO:] max_test_acc: 91.6413%
[2023-07-25 20:29:05 - INFO:] max_lr: 0.0050, min_lr: 0.0000
[2023-07-25 20:29:05 - INFO:] ======================================
[2023-07-25 20:31:47 - INFO:] epoch: 21/200
[2023-07-25 20:31:47 - INFO:] learning_rate: 0.0049
[2023-07-25 20:31:47 - INFO:] train_acc: 91.2662%, train_loss: 0.0031
[2023-07-25 20:31:47 - INFO:] test_acc: 91.6805%, test_loss: 0.0031
[2023-07-25 20:31:47 - INFO:] max_train_acc: 91.2852%
[2023-07-25 20:31:47 - INFO:] max_test_acc: 91.6805%
[2023-07-25 20:31:47 - INFO:] max_lr: 0.0050, min_lr: 0.0000
[2023-07-25 20:31:47 - INFO:] ======================================
[2023-07-25 20:34:29 - INFO:] epoch: 22/200
[2023-07-25 20:34:29 - INFO:] learning_rate: 0.0045
[2023-07-25 20:34:29 - INFO:] train_acc: 91.2926%, train_loss: 0.0031
[2023-07-25 20:34:29 - INFO:] test_acc: 91.6326%, test_loss: 0.0031
[2023-07-25 20:34:29 - INFO:] max_train_acc: 91.2926%
[2023-07-25 20:34:29 - INFO:] max_test_acc: 91.6805%
[2023-07-25 20:34:29 - INFO:] max_lr: 0.0050, min_lr: 0.0000
[2023-07-25 20:34:29 - INFO:] ======================================
[2023-07-25 20:37:10 - INFO:] epoch: 23/200
[2023-07-25 20:37:10 - INFO:] learning_rate: 0.0040
[2023-07-25 20:37:10 - INFO:] train_acc: 91.3094%, train_loss: 0.0031
[2023-07-25 20:37:10 - INFO:] test_acc: 91.1798%, test_loss: 0.0031
[2023-07-25 20:37:10 - INFO:] max_train_acc: 91.3094%
[2023-07-25 20:37:10 - INFO:] max_test_acc: 91.6805%
[2023-07-25 20:37:10 - INFO:] max_lr: 0.0050, min_lr: 0.0000
[2023-07-25 20:37:10 - INFO:] ======================================
[2023-07-25 20:39:52 - INFO:] epoch: 24/200
[2023-07-25 20:39:52 - INFO:] learning_rate: 0.0033
[2023-07-25 20:39:52 - INFO:] train_acc: 91.3939%, train_loss: 0.0031
[2023-07-25 20:39:52 - INFO:] test_acc: 91.6152%, test_loss: 0.0031
[2023-07-25 20:39:52 - INFO:] max_train_acc: 91.3939%
[2023-07-25 20:39:52 - INFO:] max_test_acc: 91.6805%
[2023-07-25 20:39:52 - INFO:] max_lr: 0.0050, min_lr: 0.0000
[2023-07-25 20:39:52 - INFO:] ======================================
[2023-07-25 20:42:34 - INFO:] epoch: 25/200
[2023-07-25 20:42:34 - INFO:] learning_rate: 0.0025
[2023-07-25 20:42:34 - INFO:] train_acc: 91.3728%, train_loss: 0.0031
[2023-07-25 20:42:34 - INFO:] test_acc: 91.5194%, test_loss: 0.0031
[2023-07-25 20:42:34 - INFO:] max_train_acc: 91.3939%
[2023-07-25 20:42:34 - INFO:] max_test_acc: 91.6805%
[2023-07-25 20:42:34 - INFO:] max_lr: 0.0050, min_lr: 0.0000
[2023-07-25 20:42:34 - INFO:] ======================================
[2023-07-25 20:45:16 - INFO:] epoch: 26/200
[2023-07-25 20:45:16 - INFO:] learning_rate: 0.0017
[2023-07-25 20:45:16 - INFO:] train_acc: 91.4488%, train_loss: 0.0031
[2023-07-25 20:45:16 - INFO:] test_acc: 91.6892%, test_loss: 0.0031
[2023-07-25 20:45:16 - INFO:] max_train_acc: 91.4488%
[2023-07-25 20:45:16 - INFO:] max_test_acc: 91.6892%
[2023-07-25 20:45:16 - INFO:] max_lr: 0.0050, min_lr: 0.0000
[2023-07-25 20:45:16 - INFO:] ======================================
[2023-07-25 20:47:58 - INFO:] epoch: 27/200
[2023-07-25 20:47:58 - INFO:] learning_rate: 0.0010
[2023-07-25 20:47:58 - INFO:] train_acc: 91.4076%, train_loss: 0.0031
[2023-07-25 20:47:58 - INFO:] test_acc: 91.7588%, test_loss: 0.0031
[2023-07-25 20:47:58 - INFO:] max_train_acc: 91.4488%
[2023-07-25 20:47:58 - INFO:] max_test_acc: 91.7588%
[2023-07-25 20:47:58 - INFO:] max_lr: 0.0050, min_lr: 0.0000
[2023-07-25 20:47:58 - INFO:] ======================================
[2023-07-25 20:50:41 - INFO:] epoch: 28/200
[2023-07-25 20:50:41 - INFO:] learning_rate: 0.0005
[2023-07-25 20:50:41 - INFO:] train_acc: 91.4942%, train_loss: 0.0031
[2023-07-25 20:50:41 - INFO:] test_acc: 91.7588%, test_loss: 0.0031
[2023-07-25 20:50:41 - INFO:] max_train_acc: 91.4942%
[2023-07-25 20:50:41 - INFO:] max_test_acc: 91.7588%
[2023-07-25 20:50:41 - INFO:] max_lr: 0.0050, min_lr: 0.0000
[2023-07-25 20:50:41 - INFO:] ======================================
[2023-07-25 20:53:23 - INFO:] epoch: 29/200
[2023-07-25 20:53:23 - INFO:] learning_rate: 0.0001
[2023-07-25 20:53:23 - INFO:] train_acc: 91.4826%, train_loss: 0.0031
[2023-07-25 20:53:23 - INFO:] test_acc: 91.8111%, test_loss: 0.0030
[2023-07-25 20:53:23 - INFO:] max_train_acc: 91.4942%
[2023-07-25 20:53:23 - INFO:] max_test_acc: 91.8111%
[2023-07-25 20:53:23 - INFO:] max_lr: 0.0050, min_lr: 0.0000
[2023-07-25 20:53:23 - INFO:] ======================================
[2023-07-25 20:56:05 - INFO:] epoch: 30/200
[2023-07-25 20:56:05 - INFO:] learning_rate: 0.0000
[2023-07-25 20:56:05 - INFO:] train_acc: 91.5005%, train_loss: 0.0031
[2023-07-25 20:56:05 - INFO:] test_acc: 91.8677%, test_loss: 0.0030
[2023-07-25 20:56:05 - INFO:] max_train_acc: 91.5005%
[2023-07-25 20:56:05 - INFO:] max_test_acc: 91.8677%
[2023-07-25 20:56:05 - INFO:] max_lr: 0.0050, min_lr: 0.0000
[2023-07-25 20:56:05 - INFO:] ======================================
[2023-07-25 20:58:47 - INFO:] epoch: 31/200
[2023-07-25 20:58:47 - INFO:] learning_rate: 0.0001
[2023-07-25 20:58:47 - INFO:] train_acc: 91.5196%, train_loss: 0.0031
[2023-07-25 20:58:47 - INFO:] test_acc: 91.8415%, test_loss: 0.0030
[2023-07-25 20:58:47 - INFO:] max_train_acc: 91.5196%
[2023-07-25 20:58:47 - INFO:] max_test_acc: 91.8677%
[2023-07-25 20:58:47 - INFO:] max_lr: 0.0050, min_lr: 0.0000
[2023-07-25 20:58:47 - INFO:] ======================================
[2023-07-25 21:01:27 - INFO:] epoch: 32/200
[2023-07-25 21:01:27 - INFO:] learning_rate: 0.0005
[2023-07-25 21:01:27 - INFO:] train_acc: 91.4900%, train_loss: 0.0031
[2023-07-25 21:01:27 - INFO:] test_acc: 91.8546%, test_loss: 0.0030
[2023-07-25 21:01:27 - INFO:] max_train_acc: 91.5196%
[2023-07-25 21:01:27 - INFO:] max_test_acc: 91.8677%
[2023-07-25 21:01:27 - INFO:] max_lr: 0.0050, min_lr: 0.0000
[2023-07-25 21:01:27 - INFO:] ======================================
[2023-07-25 21:04:09 - INFO:] epoch: 33/200
[2023-07-25 21:04:09 - INFO:] learning_rate: 0.0010
[2023-07-25 21:04:09 - INFO:] train_acc: 91.4414%, train_loss: 0.0031
[2023-07-25 21:04:09 - INFO:] test_acc: 91.8764%, test_loss: 0.0030
[2023-07-25 21:04:09 - INFO:] max_train_acc: 91.5196%
[2023-07-25 21:04:09 - INFO:] max_test_acc: 91.8764%
[2023-07-25 21:04:09 - INFO:] max_lr: 0.0050, min_lr: 0.0000
[2023-07-25 21:04:09 - INFO:] ======================================
[2023-07-25 21:06:51 - INFO:] epoch: 34/200
[2023-07-25 21:06:51 - INFO:] learning_rate: 0.0017
[2023-07-25 21:06:51 - INFO:] train_acc: 91.4351%, train_loss: 0.0031
[2023-07-25 21:06:51 - INFO:] test_acc: 91.8851%, test_loss: 0.0030
[2023-07-25 21:06:51 - INFO:] max_train_acc: 91.5196%
[2023-07-25 21:06:51 - INFO:] max_test_acc: 91.8851%
[2023-07-25 21:06:51 - INFO:] max_lr: 0.0050, min_lr: 0.0000
[2023-07-25 21:06:51 - INFO:] ======================================
[2023-07-25 21:09:32 - INFO:] epoch: 35/200
[2023-07-25 21:09:32 - INFO:] learning_rate: 0.0025
[2023-07-25 21:09:32 - INFO:] train_acc: 91.5048%, train_loss: 0.0031
[2023-07-25 21:09:32 - INFO:] test_acc: 91.8328%, test_loss: 0.0030
[2023-07-25 21:09:32 - INFO:] max_train_acc: 91.5196%
[2023-07-25 21:09:32 - INFO:] max_test_acc: 91.8851%
[2023-07-25 21:09:32 - INFO:] max_lr: 0.0050, min_lr: 0.0000
[2023-07-25 21:09:32 - INFO:] ======================================
[2023-07-25 21:12:13 - INFO:] epoch: 36/200
[2023-07-25 21:12:13 - INFO:] learning_rate: 0.0033
[2023-07-25 21:12:13 - INFO:] train_acc: 91.4784%, train_loss: 0.0031
[2023-07-25 21:12:13 - INFO:] test_acc: 91.6456%, test_loss: 0.0031
[2023-07-25 21:12:13 - INFO:] max_train_acc: 91.5196%
[2023-07-25 21:12:13 - INFO:] max_test_acc: 91.8851%
[2023-07-25 21:12:13 - INFO:] max_lr: 0.0050, min_lr: 0.0000
[2023-07-25 21:12:13 - INFO:] ======================================
[2023-07-25 21:14:55 - INFO:] epoch: 37/200
[2023-07-25 21:14:55 - INFO:] learning_rate: 0.0040
[2023-07-25 21:14:55 - INFO:] train_acc: 91.4710%, train_loss: 0.0031
[2023-07-25 21:14:55 - INFO:] test_acc: 91.5063%, test_loss: 0.0031
[2023-07-25 21:14:55 - INFO:] max_train_acc: 91.5196%
[2023-07-25 21:14:55 - INFO:] max_test_acc: 91.8851%
[2023-07-25 21:14:55 - INFO:] max_lr: 0.0050, min_lr: 0.0000
[2023-07-25 21:14:55 - INFO:] ======================================
[2023-07-25 21:17:37 - INFO:] epoch: 38/200
[2023-07-25 21:17:37 - INFO:] learning_rate: 0.0045
[2023-07-25 21:17:37 - INFO:] train_acc: 91.5048%, train_loss: 0.0031
[2023-07-25 21:17:37 - INFO:] test_acc: 91.6892%, test_loss: 0.0031
[2023-07-25 21:17:37 - INFO:] max_train_acc: 91.5196%
[2023-07-25 21:17:37 - INFO:] max_test_acc: 91.8851%
[2023-07-25 21:17:37 - INFO:] max_lr: 0.0050, min_lr: 0.0000
[2023-07-25 21:17:37 - INFO:] ======================================
[2023-07-25 21:20:18 - INFO:] epoch: 39/200
[2023-07-25 21:20:18 - INFO:] learning_rate: 0.0049
[2023-07-25 21:20:18 - INFO:] train_acc: 91.4319%, train_loss: 0.0031
[2023-07-25 21:20:18 - INFO:] test_acc: 91.6543%, test_loss: 0.0031
[2023-07-25 21:20:18 - INFO:] max_train_acc: 91.5196%
[2023-07-25 21:20:18 - INFO:] max_test_acc: 91.8851%
[2023-07-25 21:20:18 - INFO:] max_lr: 0.0050, min_lr: 0.0000
[2023-07-25 21:20:18 - INFO:] ======================================
[2023-07-25 21:22:59 - INFO:] epoch: 40/200
[2023-07-25 21:22:59 - INFO:] learning_rate: 0.0050
[2023-07-25 21:22:59 - INFO:] train_acc: 91.4266%, train_loss: 0.0031
[2023-07-25 21:22:59 - INFO:] test_acc: 91.7327%, test_loss: 0.0031
[2023-07-25 21:22:59 - INFO:] max_train_acc: 91.5196%
[2023-07-25 21:22:59 - INFO:] max_test_acc: 91.8851%
[2023-07-25 21:22:59 - INFO:] max_lr: 0.0050, min_lr: 0.0000
[2023-07-25 21:22:59 - INFO:] ======================================
[2023-07-25 21:25:40 - INFO:] epoch: 41/200
[2023-07-25 21:25:40 - INFO:] learning_rate: 0.0049
[2023-07-25 21:25:40 - INFO:] train_acc: 91.4720%, train_loss: 0.0031
[2023-07-25 21:25:40 - INFO:] test_acc: 91.8024%, test_loss: 0.0030
[2023-07-25 21:25:40 - INFO:] max_train_acc: 91.5196%
[2023-07-25 21:25:40 - INFO:] max_test_acc: 91.8851%
[2023-07-25 21:25:40 - INFO:] max_lr: 0.0050, min_lr: 0.0000
[2023-07-25 21:25:40 - INFO:] ======================================
[2023-07-25 21:28:21 - INFO:] epoch: 42/200
[2023-07-25 21:28:21 - INFO:] learning_rate: 0.0045
[2023-07-25 21:28:21 - INFO:] train_acc: 91.4266%, train_loss: 0.0031
[2023-07-25 21:28:21 - INFO:] test_acc: 91.7370%, test_loss: 0.0030
[2023-07-25 21:28:21 - INFO:] max_train_acc: 91.5196%
[2023-07-25 21:28:21 - INFO:] max_test_acc: 91.8851%
[2023-07-25 21:28:21 - INFO:] max_lr: 0.0050, min_lr: 0.0000
[2023-07-25 21:28:21 - INFO:] ======================================
[2023-07-25 21:31:04 - INFO:] epoch: 43/200
[2023-07-25 21:31:04 - INFO:] learning_rate: 0.0040
[2023-07-25 21:31:04 - INFO:] train_acc: 91.4235%, train_loss: 0.0031
[2023-07-25 21:31:04 - INFO:] test_acc: 91.7066%, test_loss: 0.0031
[2023-07-25 21:31:04 - INFO:] max_train_acc: 91.5196%
[2023-07-25 21:31:04 - INFO:] max_test_acc: 91.8851%
[2023-07-25 21:31:04 - INFO:] max_lr: 0.0050, min_lr: 0.0000
[2023-07-25 21:31:04 - INFO:] ======================================
[2023-07-25 21:33:45 - INFO:] epoch: 44/200
[2023-07-25 21:33:45 - INFO:] learning_rate: 0.0033
[2023-07-25 21:33:45 - INFO:] train_acc: 91.4657%, train_loss: 0.0031
[2023-07-25 21:33:45 - INFO:] test_acc: 92.0113%, test_loss: 0.0030
[2023-07-25 21:33:45 - INFO:] max_train_acc: 91.5196%
[2023-07-25 21:33:45 - INFO:] max_test_acc: 92.0113%
[2023-07-25 21:33:45 - INFO:] max_lr: 0.0050, min_lr: 0.0000
[2023-07-25 21:33:45 - INFO:] ======================================
[2023-07-25 21:36:26 - INFO:] epoch: 45/200
[2023-07-25 21:36:26 - INFO:] learning_rate: 0.0025
[2023-07-25 21:36:26 - INFO:] train_acc: 91.4953%, train_loss: 0.0031
[2023-07-25 21:36:26 - INFO:] test_acc: 91.8415%, test_loss: 0.0030
[2023-07-25 21:36:26 - INFO:] max_train_acc: 91.5196%
[2023-07-25 21:36:26 - INFO:] max_test_acc: 92.0113%
[2023-07-25 21:36:26 - INFO:] max_lr: 0.0050, min_lr: 0.0000
[2023-07-25 21:36:26 - INFO:] ======================================
[2023-07-25 21:39:08 - INFO:] epoch: 46/200
[2023-07-25 21:39:08 - INFO:] learning_rate: 0.0017
[2023-07-25 21:39:08 - INFO:] train_acc: 91.5259%, train_loss: 0.0031
[2023-07-25 21:39:08 - INFO:] test_acc: 91.6152%, test_loss: 0.0031
[2023-07-25 21:39:08 - INFO:] max_train_acc: 91.5259%
[2023-07-25 21:39:08 - INFO:] max_test_acc: 92.0113%
[2023-07-25 21:39:08 - INFO:] max_lr: 0.0050, min_lr: 0.0000
[2023-07-25 21:39:08 - INFO:] ======================================
[2023-07-25 21:41:50 - INFO:] epoch: 47/200
[2023-07-25 21:41:50 - INFO:] learning_rate: 0.0010
[2023-07-25 21:41:50 - INFO:] train_acc: 91.5058%, train_loss: 0.0031
[2023-07-25 21:41:50 - INFO:] test_acc: 91.8938%, test_loss: 0.0030
[2023-07-25 21:41:50 - INFO:] max_train_acc: 91.5259%
[2023-07-25 21:41:50 - INFO:] max_test_acc: 92.0113%
[2023-07-25 21:41:50 - INFO:] max_lr: 0.0050, min_lr: 0.0000
[2023-07-25 21:41:50 - INFO:] ======================================
[2023-07-25 21:44:32 - INFO:] epoch: 48/200
[2023-07-25 21:44:32 - INFO:] learning_rate: 0.0005
[2023-07-25 21:44:32 - INFO:] train_acc: 91.5312%, train_loss: 0.0031
[2023-07-25 21:44:32 - INFO:] test_acc: 91.9721%, test_loss: 0.0030
[2023-07-25 21:44:32 - INFO:] max_train_acc: 91.5312%
[2023-07-25 21:44:32 - INFO:] max_test_acc: 92.0113%
[2023-07-25 21:44:32 - INFO:] max_lr: 0.0050, min_lr: 0.0000
[2023-07-25 21:44:32 - INFO:] ======================================
[2023-07-25 21:47:14 - INFO:] epoch: 49/200
[2023-07-25 21:47:14 - INFO:] learning_rate: 0.0001
[2023-07-25 21:47:14 - INFO:] train_acc: 91.5818%, train_loss: 0.0031
[2023-07-25 21:47:14 - INFO:] test_acc: 92.0070%, test_loss: 0.0030
[2023-07-25 21:47:14 - INFO:] max_train_acc: 91.5818%
[2023-07-25 21:47:14 - INFO:] max_test_acc: 92.0113%
[2023-07-25 21:47:14 - INFO:] max_lr: 0.0050, min_lr: 0.0000
[2023-07-25 21:47:14 - INFO:] ======================================
[2023-07-25 21:49:56 - INFO:] epoch: 50/200
[2023-07-25 21:49:56 - INFO:] learning_rate: 0.0000
[2023-07-25 21:49:56 - INFO:] train_acc: 91.5491%, train_loss: 0.0031
[2023-07-25 21:49:56 - INFO:] test_acc: 91.9286%, test_loss: 0.0030
[2023-07-25 21:49:56 - INFO:] max_train_acc: 91.5818%
[2023-07-25 21:49:56 - INFO:] max_test_acc: 92.0113%
[2023-07-25 21:49:56 - INFO:] max_lr: 0.0050, min_lr: 0.0000
[2023-07-25 21:49:56 - INFO:] ======================================
[2023-07-25 21:52:38 - INFO:] epoch: 51/200
[2023-07-25 21:52:38 - INFO:] learning_rate: 0.0001
[2023-07-25 21:52:38 - INFO:] train_acc: 91.5079%, train_loss: 0.0031
[2023-07-25 21:52:38 - INFO:] test_acc: 91.9286%, test_loss: 0.0030
[2023-07-25 21:52:38 - INFO:] max_train_acc: 91.5818%
[2023-07-25 21:52:38 - INFO:] max_test_acc: 92.0113%
[2023-07-25 21:52:38 - INFO:] max_lr: 0.0050, min_lr: 0.0000
[2023-07-25 21:52:38 - INFO:] ======================================
[2023-07-25 21:55:21 - INFO:] epoch: 52/200
[2023-07-25 21:55:21 - INFO:] learning_rate: 0.0005
[2023-07-25 21:55:21 - INFO:] train_acc: 91.5364%, train_loss: 0.0031
[2023-07-25 21:55:21 - INFO:] test_acc: 91.8328%, test_loss: 0.0030
[2023-07-25 21:55:21 - INFO:] max_train_acc: 91.5818%
[2023-07-25 21:55:21 - INFO:] max_test_acc: 92.0113%
[2023-07-25 21:55:21 - INFO:] max_lr: 0.0050, min_lr: 0.0000
[2023-07-25 21:55:21 - INFO:] ======================================
[2023-07-25 21:58:03 - INFO:] epoch: 53/200
[2023-07-25 21:58:03 - INFO:] learning_rate: 0.0010
[2023-07-25 21:58:03 - INFO:] train_acc: 91.5375%, train_loss: 0.0031
[2023-07-25 21:58:03 - INFO:] test_acc: 91.9504%, test_loss: 0.0030
[2023-07-25 21:58:03 - INFO:] max_train_acc: 91.5818%
[2023-07-25 21:58:03 - INFO:] max_test_acc: 92.0113%
[2023-07-25 21:58:03 - INFO:] max_lr: 0.0050, min_lr: 0.0000
[2023-07-25 21:58:03 - INFO:] ======================================
[2023-07-25 22:00:44 - INFO:] epoch: 54/200
[2023-07-25 22:00:44 - INFO:] learning_rate: 0.0017
[2023-07-25 22:00:44 - INFO:] train_acc: 91.5428%, train_loss: 0.0031
[2023-07-25 22:00:44 - INFO:] test_acc: 91.9765%, test_loss: 0.0030
[2023-07-25 22:00:44 - INFO:] max_train_acc: 91.5818%
[2023-07-25 22:00:44 - INFO:] max_test_acc: 92.0113%
[2023-07-25 22:00:44 - INFO:] max_lr: 0.0050, min_lr: 0.0000
[2023-07-25 22:00:44 - INFO:] ======================================
[2023-07-25 22:03:26 - INFO:] epoch: 55/200
[2023-07-25 22:03:26 - INFO:] learning_rate: 0.0025
[2023-07-25 22:03:26 - INFO:] train_acc: 91.5322%, train_loss: 0.0031
[2023-07-25 22:03:26 - INFO:] test_acc: 91.9852%, test_loss: 0.0030
[2023-07-25 22:03:26 - INFO:] max_train_acc: 91.5818%
[2023-07-25 22:03:26 - INFO:] max_test_acc: 92.0113%
[2023-07-25 22:03:26 - INFO:] max_lr: 0.0050, min_lr: 0.0000
[2023-07-25 22:03:26 - INFO:] ======================================
[2023-07-25 22:06:06 - INFO:] epoch: 56/200
[2023-07-25 22:06:06 - INFO:] learning_rate: 0.0033
[2023-07-25 22:06:06 - INFO:] train_acc: 91.5132%, train_loss: 0.0031
[2023-07-25 22:06:06 - INFO:] test_acc: 91.6064%, test_loss: 0.0031
[2023-07-25 22:06:06 - INFO:] max_train_acc: 91.5818%
[2023-07-25 22:06:06 - INFO:] max_test_acc: 92.0113%
[2023-07-25 22:06:06 - INFO:] max_lr: 0.0050, min_lr: 0.0000
[2023-07-25 22:06:06 - INFO:] ======================================
[2023-07-25 22:08:47 - INFO:] epoch: 57/200
[2023-07-25 22:08:47 - INFO:] learning_rate: 0.0040
[2023-07-25 22:08:47 - INFO:] train_acc: 91.4868%, train_loss: 0.0031
[2023-07-25 22:08:47 - INFO:] test_acc: 91.8981%, test_loss: 0.0030
[2023-07-25 22:08:47 - INFO:] max_train_acc: 91.5818%
[2023-07-25 22:08:47 - INFO:] max_test_acc: 92.0113%
[2023-07-25 22:08:47 - INFO:] max_lr: 0.0050, min_lr: 0.0000
[2023-07-25 22:08:47 - INFO:] ======================================
[2023-07-25 22:11:29 - INFO:] epoch: 58/200
[2023-07-25 22:11:29 - INFO:] learning_rate: 0.0045
[2023-07-25 22:11:29 - INFO:] train_acc: 91.5206%, train_loss: 0.0031
[2023-07-25 22:11:29 - INFO:] test_acc: 91.8589%, test_loss: 0.0030
[2023-07-25 22:11:29 - INFO:] max_train_acc: 91.5818%
[2023-07-25 22:11:29 - INFO:] max_test_acc: 92.0113%
[2023-07-25 22:11:29 - INFO:] max_lr: 0.0050, min_lr: 0.0000
[2023-07-25 22:11:29 - INFO:] ======================================
[2023-07-25 22:14:10 - INFO:] epoch: 59/200
[2023-07-25 22:14:10 - INFO:] learning_rate: 0.0049
[2023-07-25 22:14:10 - INFO:] train_acc: 91.4731%, train_loss: 0.0031
[2023-07-25 22:14:10 - INFO:] test_acc: 91.8459%, test_loss: 0.0030
[2023-07-25 22:14:10 - INFO:] max_train_acc: 91.5818%
[2023-07-25 22:14:10 - INFO:] max_test_acc: 92.0113%
[2023-07-25 22:14:10 - INFO:] max_lr: 0.0050, min_lr: 0.0000
[2023-07-25 22:14:10 - INFO:] ======================================
[2023-07-25 22:16:52 - INFO:] epoch: 60/200
[2023-07-25 22:16:52 - INFO:] learning_rate: 0.0050
[2023-07-25 22:16:52 - INFO:] train_acc: 91.4668%, train_loss: 0.0031
[2023-07-25 22:16:52 - INFO:] test_acc: 92.0461%, test_loss: 0.0030
[2023-07-25 22:16:52 - INFO:] max_train_acc: 91.5818%
[2023-07-25 22:16:52 - INFO:] max_test_acc: 92.0461%
[2023-07-25 22:16:52 - INFO:] max_lr: 0.0050, min_lr: 0.0000
[2023-07-25 22:16:52 - INFO:] ======================================
[2023-07-25 22:19:34 - INFO:] epoch: 61/200
[2023-07-25 22:19:34 - INFO:] learning_rate: 0.0049
[2023-07-25 22:19:34 - INFO:] train_acc: 91.4340%, train_loss: 0.0031
[2023-07-25 22:19:34 - INFO:] test_acc: 91.5934%, test_loss: 0.0031
[2023-07-25 22:19:34 - INFO:] max_train_acc: 91.5818%
[2023-07-25 22:19:34 - INFO:] max_test_acc: 92.0461%
[2023-07-25 22:19:34 - INFO:] max_lr: 0.0050, min_lr: 0.0000
[2023-07-25 22:19:34 - INFO:] ======================================
[2023-07-25 22:22:15 - INFO:] epoch: 62/200
[2023-07-25 22:22:15 - INFO:] learning_rate: 0.0045
[2023-07-25 22:22:15 - INFO:] train_acc: 91.4731%, train_loss: 0.0031
[2023-07-25 22:22:15 - INFO:] test_acc: 91.9199%, test_loss: 0.0030
[2023-07-25 22:22:15 - INFO:] max_train_acc: 91.5818%
[2023-07-25 22:22:15 - INFO:] max_test_acc: 92.0461%
[2023-07-25 22:22:15 - INFO:] max_lr: 0.0050, min_lr: 0.0000
[2023-07-25 22:22:15 - INFO:] ======================================
[2023-07-25 22:24:57 - INFO:] epoch: 63/200
[2023-07-25 22:24:57 - INFO:] learning_rate: 0.0040
[2023-07-25 22:24:57 - INFO:] train_acc: 91.4594%, train_loss: 0.0031
[2023-07-25 22:24:57 - INFO:] test_acc: 91.7458%, test_loss: 0.0030
[2023-07-25 22:24:57 - INFO:] max_train_acc: 91.5818%
[2023-07-25 22:24:57 - INFO:] max_test_acc: 92.0461%
[2023-07-25 22:24:57 - INFO:] max_lr: 0.0050, min_lr: 0.0000
[2023-07-25 22:24:57 - INFO:] ======================================
[2023-07-25 22:27:39 - INFO:] epoch: 64/200
[2023-07-25 22:27:39 - INFO:] learning_rate: 0.0033
[2023-07-25 22:27:39 - INFO:] train_acc: 91.5217%, train_loss: 0.0031
[2023-07-25 22:27:39 - INFO:] test_acc: 91.7022%, test_loss: 0.0031
[2023-07-25 22:27:39 - INFO:] max_train_acc: 91.5818%
[2023-07-25 22:27:39 - INFO:] max_test_acc: 92.0461%
[2023-07-25 22:27:39 - INFO:] max_lr: 0.0050, min_lr: 0.0000
[2023-07-25 22:27:39 - INFO:] ======================================
[2023-07-25 22:30:21 - INFO:] epoch: 65/200
[2023-07-25 22:30:21 - INFO:] learning_rate: 0.0025
[2023-07-25 22:30:21 - INFO:] train_acc: 91.4784%, train_loss: 0.0031
[2023-07-25 22:30:21 - INFO:] test_acc: 91.9417%, test_loss: 0.0030
[2023-07-25 22:30:21 - INFO:] max_train_acc: 91.5818%
[2023-07-25 22:30:21 - INFO:] max_test_acc: 92.0461%
[2023-07-25 22:30:21 - INFO:] max_lr: 0.0050, min_lr: 0.0000
[2023-07-25 22:30:21 - INFO:] ======================================
[2023-07-25 22:33:02 - INFO:] epoch: 66/200
[2023-07-25 22:33:02 - INFO:] learning_rate: 0.0017
[2023-07-25 22:33:02 - INFO:] train_acc: 91.5523%, train_loss: 0.0031
[2023-07-25 22:33:02 - INFO:] test_acc: 91.8764%, test_loss: 0.0030
[2023-07-25 22:33:02 - INFO:] max_train_acc: 91.5818%
[2023-07-25 22:33:02 - INFO:] max_test_acc: 92.0461%
[2023-07-25 22:33:02 - INFO:] max_lr: 0.0050, min_lr: 0.0000
[2023-07-25 22:33:02 - INFO:] ======================================
[2023-07-25 22:35:44 - INFO:] epoch: 67/200
[2023-07-25 22:35:44 - INFO:] learning_rate: 0.0010
[2023-07-25 22:35:44 - INFO:] train_acc: 91.5312%, train_loss: 0.0031
[2023-07-25 22:35:44 - INFO:] test_acc: 91.9765%, test_loss: 0.0030
[2023-07-25 22:35:44 - INFO:] max_train_acc: 91.5818%
[2023-07-25 22:35:44 - INFO:] max_test_acc: 92.0461%
[2023-07-25 22:35:44 - INFO:] max_lr: 0.0050, min_lr: 0.0000
[2023-07-25 22:35:44 - INFO:] ======================================
[2023-07-25 22:38:26 - INFO:] epoch: 68/200
[2023-07-25 22:38:26 - INFO:] learning_rate: 0.0005
[2023-07-25 22:38:26 - INFO:] train_acc: 91.4773%, train_loss: 0.0031
[2023-07-25 22:38:26 - INFO:] test_acc: 92.0026%, test_loss: 0.0030
[2023-07-25 22:38:26 - INFO:] max_train_acc: 91.5818%
[2023-07-25 22:38:26 - INFO:] max_test_acc: 92.0461%
[2023-07-25 22:38:26 - INFO:] max_lr: 0.0050, min_lr: 0.0000
[2023-07-25 22:38:26 - INFO:] ======================================
[2023-07-25 22:41:08 - INFO:] epoch: 69/200
[2023-07-25 22:41:08 - INFO:] learning_rate: 0.0001
[2023-07-25 22:41:08 - INFO:] train_acc: 91.5840%, train_loss: 0.0031
[2023-07-25 22:41:08 - INFO:] test_acc: 91.7719%, test_loss: 0.0030
[2023-07-25 22:41:08 - INFO:] max_train_acc: 91.5840%
[2023-07-25 22:41:08 - INFO:] max_test_acc: 92.0461%
[2023-07-25 22:41:08 - INFO:] max_lr: 0.0050, min_lr: 0.0000
[2023-07-25 22:41:08 - INFO:] ======================================
[2023-07-25 22:43:50 - INFO:] epoch: 70/200
[2023-07-25 22:43:50 - INFO:] learning_rate: 0.0000
[2023-07-25 22:43:50 - INFO:] train_acc: 91.5333%, train_loss: 0.0031
[2023-07-25 22:43:50 - INFO:] test_acc: 91.9634%, test_loss: 0.0030
[2023-07-25 22:43:50 - INFO:] max_train_acc: 91.5840%
[2023-07-25 22:43:50 - INFO:] max_test_acc: 92.0461%
[2023-07-25 22:43:50 - INFO:] max_lr: 0.0050, min_lr: 0.0000
[2023-07-25 22:43:50 - INFO:] ======================================
[2023-07-25 22:46:31 - INFO:] epoch: 71/200
[2023-07-25 22:46:31 - INFO:] learning_rate: 0.0001
[2023-07-25 22:46:31 - INFO:] train_acc: 91.6135%, train_loss: 0.0031
[2023-07-25 22:46:31 - INFO:] test_acc: 91.9721%, test_loss: 0.0030
[2023-07-25 22:46:31 - INFO:] max_train_acc: 91.6135%
[2023-07-25 22:46:31 - INFO:] max_test_acc: 92.0461%
[2023-07-25 22:46:31 - INFO:] max_lr: 0.0050, min_lr: 0.0000
[2023-07-25 22:46:31 - INFO:] ======================================
[2023-07-25 22:49:15 - INFO:] epoch: 72/200
[2023-07-25 22:49:15 - INFO:] learning_rate: 0.0005
[2023-07-25 22:49:15 - INFO:] train_acc: 91.5491%, train_loss: 0.0031
[2023-07-25 22:49:15 - INFO:] test_acc: 91.9591%, test_loss: 0.0030
[2023-07-25 22:49:15 - INFO:] max_train_acc: 91.6135%
[2023-07-25 22:49:15 - INFO:] max_test_acc: 92.0461%
[2023-07-25 22:49:15 - INFO:] max_lr: 0.0050, min_lr: 0.0000
[2023-07-25 22:49:15 - INFO:] ======================================
[2023-07-25 22:52:01 - INFO:] epoch: 73/200
[2023-07-25 22:52:01 - INFO:] learning_rate: 0.0010
[2023-07-25 22:52:01 - INFO:] train_acc: 91.5459%, train_loss: 0.0031
[2023-07-25 22:52:01 - INFO:] test_acc: 91.9504%, test_loss: 0.0030
[2023-07-25 22:52:01 - INFO:] max_train_acc: 91.6135%
[2023-07-25 22:52:01 - INFO:] max_test_acc: 92.0461%
[2023-07-25 22:52:01 - INFO:] max_lr: 0.0050, min_lr: 0.0000
[2023-07-25 22:52:01 - INFO:] ======================================
[2023-07-25 22:54:43 - INFO:] epoch: 74/200
[2023-07-25 22:54:43 - INFO:] learning_rate: 0.0017
[2023-07-25 22:54:43 - INFO:] train_acc: 91.5776%, train_loss: 0.0031
[2023-07-25 22:54:43 - INFO:] test_acc: 92.0113%, test_loss: 0.0030
[2023-07-25 22:54:43 - INFO:] max_train_acc: 91.6135%
[2023-07-25 22:54:43 - INFO:] max_test_acc: 92.0461%
[2023-07-25 22:54:43 - INFO:] max_lr: 0.0050, min_lr: 0.0000
[2023-07-25 22:54:43 - INFO:] ======================================
[2023-07-25 22:57:24 - INFO:] epoch: 75/200
[2023-07-25 22:57:24 - INFO:] learning_rate: 0.0025
[2023-07-25 22:57:24 - INFO:] train_acc: 91.5533%, train_loss: 0.0031
[2023-07-25 22:57:24 - INFO:] test_acc: 91.8372%, test_loss: 0.0030
[2023-07-25 22:57:24 - INFO:] max_train_acc: 91.6135%
[2023-07-25 22:57:24 - INFO:] max_test_acc: 92.0461%
[2023-07-25 22:57:24 - INFO:] max_lr: 0.0050, min_lr: 0.0000
[2023-07-25 22:57:24 - INFO:] ======================================
[2023-07-25 23:00:06 - INFO:] epoch: 76/200
[2023-07-25 23:00:06 - INFO:] learning_rate: 0.0033
[2023-07-25 23:00:06 - INFO:] train_acc: 91.5438%, train_loss: 0.0031
[2023-07-25 23:00:06 - INFO:] test_acc: 92.1114%, test_loss: 0.0030
[2023-07-25 23:00:06 - INFO:] max_train_acc: 91.6135%
[2023-07-25 23:00:06 - INFO:] max_test_acc: 92.1114%
[2023-07-25 23:00:06 - INFO:] max_lr: 0.0050, min_lr: 0.0000
[2023-07-25 23:00:06 - INFO:] ======================================
[2023-07-25 23:02:49 - INFO:] epoch: 77/200
[2023-07-25 23:02:49 - INFO:] learning_rate: 0.0040
[2023-07-25 23:02:49 - INFO:] train_acc: 91.4383%, train_loss: 0.0031
[2023-07-25 23:02:49 - INFO:] test_acc: 91.9765%, test_loss: 0.0030
[2023-07-25 23:02:49 - INFO:] max_train_acc: 91.6135%
[2023-07-25 23:02:49 - INFO:] max_test_acc: 92.1114%
[2023-07-25 23:02:49 - INFO:] max_lr: 0.0050, min_lr: 0.0000
[2023-07-25 23:02:49 - INFO:] ======================================
[2023-07-25 23:05:30 - INFO:] epoch: 78/200
[2023-07-25 23:05:30 - INFO:] learning_rate: 0.0045
[2023-07-25 23:05:30 - INFO:] train_acc: 91.4815%, train_loss: 0.0031
[2023-07-25 23:05:30 - INFO:] test_acc: 91.9068%, test_loss: 0.0030
[2023-07-25 23:05:30 - INFO:] max_train_acc: 91.6135%
[2023-07-25 23:05:30 - INFO:] max_test_acc: 92.1114%
[2023-07-25 23:05:30 - INFO:] max_lr: 0.0050, min_lr: 0.0000
[2023-07-25 23:05:30 - INFO:] ======================================
[2023-07-25 23:08:13 - INFO:] epoch: 79/200
[2023-07-25 23:08:13 - INFO:] learning_rate: 0.0049
[2023-07-25 23:08:13 - INFO:] train_acc: 91.4668%, train_loss: 0.0031
[2023-07-25 23:08:13 - INFO:] test_acc: 91.5803%, test_loss: 0.0031
[2023-07-25 23:08:13 - INFO:] max_train_acc: 91.6135%
[2023-07-25 23:08:13 - INFO:] max_test_acc: 92.1114%
[2023-07-25 23:08:13 - INFO:] max_lr: 0.0050, min_lr: 0.0000
[2023-07-25 23:08:13 - INFO:] ======================================
[2023-07-25 23:10:54 - INFO:] epoch: 80/200
[2023-07-25 23:10:54 - INFO:] learning_rate: 0.0050
[2023-07-25 23:10:54 - INFO:] train_acc: 91.4773%, train_loss: 0.0031
[2023-07-25 23:10:54 - INFO:] test_acc: 91.8415%, test_loss: 0.0030
[2023-07-25 23:10:54 - INFO:] max_train_acc: 91.6135%
[2023-07-25 23:10:54 - INFO:] max_test_acc: 92.1114%
[2023-07-25 23:10:54 - INFO:] max_lr: 0.0050, min_lr: 0.0000
[2023-07-25 23:10:54 - INFO:] ======================================
[2023-07-25 23:13:35 - INFO:] epoch: 81/200
[2023-07-25 23:13:35 - INFO:] learning_rate: 0.0049
[2023-07-25 23:13:35 - INFO:] train_acc: 91.4879%, train_loss: 0.0031
[2023-07-25 23:13:35 - INFO:] test_acc: 91.4367%, test_loss: 0.0031
[2023-07-25 23:13:35 - INFO:] max_train_acc: 91.6135%
[2023-07-25 23:13:35 - INFO:] max_test_acc: 92.1114%
[2023-07-25 23:13:35 - INFO:] max_lr: 0.0050, min_lr: 0.0000
[2023-07-25 23:13:35 - INFO:] ======================================
[2023-07-25 23:16:17 - INFO:] epoch: 82/200
[2023-07-25 23:16:17 - INFO:] learning_rate: 0.0045
[2023-07-25 23:16:17 - INFO:] train_acc: 91.4710%, train_loss: 0.0031
[2023-07-25 23:16:17 - INFO:] test_acc: 91.8111%, test_loss: 0.0030
[2023-07-25 23:16:17 - INFO:] max_train_acc: 91.6135%
[2023-07-25 23:16:17 - INFO:] max_test_acc: 92.1114%
[2023-07-25 23:16:17 - INFO:] max_lr: 0.0050, min_lr: 0.0000
[2023-07-25 23:16:17 - INFO:] ======================================
[2023-07-25 23:18:59 - INFO:] epoch: 83/200
[2023-07-25 23:18:59 - INFO:] learning_rate: 0.0040
[2023-07-25 23:18:59 - INFO:] train_acc: 91.4805%, train_loss: 0.0031
[2023-07-25 23:18:59 - INFO:] test_acc: 91.9330%, test_loss: 0.0030
[2023-07-25 23:18:59 - INFO:] max_train_acc: 91.6135%
[2023-07-25 23:18:59 - INFO:] max_test_acc: 92.1114%
[2023-07-25 23:18:59 - INFO:] max_lr: 0.0050, min_lr: 0.0000
[2023-07-25 23:18:59 - INFO:] ======================================
[2023-07-25 23:21:42 - INFO:] epoch: 84/200
[2023-07-25 23:21:42 - INFO:] learning_rate: 0.0033
[2023-07-25 23:21:42 - INFO:] train_acc: 91.5016%, train_loss: 0.0031
[2023-07-25 23:21:42 - INFO:] test_acc: 91.9112%, test_loss: 0.0030
[2023-07-25 23:21:42 - INFO:] max_train_acc: 91.6135%
[2023-07-25 23:21:42 - INFO:] max_test_acc: 92.1114%
[2023-07-25 23:21:42 - INFO:] max_lr: 0.0050, min_lr: 0.0000
[2023-07-25 23:21:42 - INFO:] ======================================
[2023-07-25 23:24:23 - INFO:] epoch: 85/200
[2023-07-25 23:24:23 - INFO:] learning_rate: 0.0025
[2023-07-25 23:24:23 - INFO:] train_acc: 91.5111%, train_loss: 0.0031
[2023-07-25 23:24:23 - INFO:] test_acc: 91.8328%, test_loss: 0.0030
[2023-07-25 23:24:23 - INFO:] max_train_acc: 91.6135%
[2023-07-25 23:24:23 - INFO:] max_test_acc: 92.1114%
[2023-07-25 23:24:23 - INFO:] max_lr: 0.0050, min_lr: 0.0000
[2023-07-25 23:24:23 - INFO:] ======================================
[2023-07-25 23:27:04 - INFO:] epoch: 86/200
[2023-07-25 23:27:04 - INFO:] learning_rate: 0.0017
[2023-07-25 23:27:04 - INFO:] train_acc: 91.4467%, train_loss: 0.0031
[2023-07-25 23:27:04 - INFO:] test_acc: 91.8415%, test_loss: 0.0030
[2023-07-25 23:27:04 - INFO:] max_train_acc: 91.6135%
[2023-07-25 23:27:04 - INFO:] max_test_acc: 92.1114%
[2023-07-25 23:27:04 - INFO:] max_lr: 0.0050, min_lr: 0.0000
[2023-07-25 23:27:04 - INFO:] ======================================
[2023-07-25 23:29:45 - INFO:] epoch: 87/200
[2023-07-25 23:29:45 - INFO:] learning_rate: 0.0010
[2023-07-25 23:29:45 - INFO:] train_acc: 91.4932%, train_loss: 0.0031
[2023-07-25 23:29:45 - INFO:] test_acc: 91.8415%, test_loss: 0.0030
[2023-07-25 23:29:45 - INFO:] max_train_acc: 91.6135%
[2023-07-25 23:29:45 - INFO:] max_test_acc: 92.1114%
[2023-07-25 23:29:45 - INFO:] max_lr: 0.0050, min_lr: 0.0000
[2023-07-25 23:29:45 - INFO:] ======================================
[2023-07-25 23:32:27 - INFO:] epoch: 88/200
[2023-07-25 23:32:27 - INFO:] learning_rate: 0.0005
[2023-07-25 23:32:27 - INFO:] train_acc: 91.6230%, train_loss: 0.0031
[2023-07-25 23:32:27 - INFO:] test_acc: 91.9765%, test_loss: 0.0030
[2023-07-25 23:32:27 - INFO:] max_train_acc: 91.6230%
[2023-07-25 23:32:27 - INFO:] max_test_acc: 92.1114%
[2023-07-25 23:32:27 - INFO:] max_lr: 0.0050, min_lr: 0.0000
[2023-07-25 23:32:27 - INFO:] ======================================
[2023-07-25 23:35:09 - INFO:] epoch: 89/200
[2023-07-25 23:35:09 - INFO:] learning_rate: 0.0001
[2023-07-25 23:35:09 - INFO:] train_acc: 91.5533%, train_loss: 0.0031
[2023-07-25 23:35:09 - INFO:] test_acc: 91.9765%, test_loss: 0.0030
[2023-07-25 23:35:09 - INFO:] max_train_acc: 91.6230%
[2023-07-25 23:35:09 - INFO:] max_test_acc: 92.1114%
[2023-07-25 23:35:09 - INFO:] max_lr: 0.0050, min_lr: 0.0000
[2023-07-25 23:35:09 - INFO:] ======================================
[2023-07-25 23:37:50 - INFO:] epoch: 90/200
[2023-07-25 23:37:50 - INFO:] learning_rate: 0.0000
[2023-07-25 23:37:50 - INFO:] train_acc: 91.4625%, train_loss: 0.0031
[2023-07-25 23:37:50 - INFO:] test_acc: 91.9460%, test_loss: 0.0030
[2023-07-25 23:37:50 - INFO:] max_train_acc: 91.6230%
[2023-07-25 23:37:50 - INFO:] max_test_acc: 92.1114%
[2023-07-25 23:37:50 - INFO:] max_lr: 0.0050, min_lr: 0.0000
[2023-07-25 23:37:50 - INFO:] ======================================
[2023-07-25 23:40:32 - INFO:] epoch: 91/200
[2023-07-25 23:40:32 - INFO:] learning_rate: 0.0001
[2023-07-25 23:40:32 - INFO:] train_acc: 91.5343%, train_loss: 0.0031
[2023-07-25 23:40:32 - INFO:] test_acc: 91.9634%, test_loss: 0.0030
[2023-07-25 23:40:32 - INFO:] max_train_acc: 91.6230%
[2023-07-25 23:40:32 - INFO:] max_test_acc: 92.1114%
[2023-07-25 23:40:32 - INFO:] max_lr: 0.0050, min_lr: 0.0000
[2023-07-25 23:40:32 - INFO:] ======================================
[2023-07-25 23:43:14 - INFO:] epoch: 92/200
[2023-07-25 23:43:14 - INFO:] learning_rate: 0.0005
[2023-07-25 23:43:14 - INFO:] train_acc: 91.5375%, train_loss: 0.0031
[2023-07-25 23:43:14 - INFO:] test_acc: 91.9852%, test_loss: 0.0030
[2023-07-25 23:43:14 - INFO:] max_train_acc: 91.6230%
[2023-07-25 23:43:14 - INFO:] max_test_acc: 92.1114%
[2023-07-25 23:43:14 - INFO:] max_lr: 0.0050, min_lr: 0.0000
[2023-07-25 23:43:14 - INFO:] ======================================
[2023-07-25 23:45:55 - INFO:] epoch: 93/200
[2023-07-25 23:45:55 - INFO:] learning_rate: 0.0010
[2023-07-25 23:45:55 - INFO:] train_acc: 91.5523%, train_loss: 0.0031
[2023-07-25 23:45:55 - INFO:] test_acc: 92.0200%, test_loss: 0.0030
[2023-07-25 23:45:55 - INFO:] max_train_acc: 91.6230%
[2023-07-25 23:45:55 - INFO:] max_test_acc: 92.1114%
[2023-07-25 23:45:55 - INFO:] max_lr: 0.0050, min_lr: 0.0000
[2023-07-25 23:45:55 - INFO:] ======================================
[2023-07-25 23:48:36 - INFO:] epoch: 94/200
[2023-07-25 23:48:36 - INFO:] learning_rate: 0.0017
[2023-07-25 23:48:36 - INFO:] train_acc: 91.5005%, train_loss: 0.0031
[2023-07-25 23:48:36 - INFO:] test_acc: 92.0287%, test_loss: 0.0030
[2023-07-25 23:48:36 - INFO:] max_train_acc: 91.6230%
[2023-07-25 23:48:36 - INFO:] max_test_acc: 92.1114%
[2023-07-25 23:48:36 - INFO:] max_lr: 0.0050, min_lr: 0.0000
[2023-07-25 23:48:36 - INFO:] ======================================
[2023-07-25 23:51:19 - INFO:] epoch: 95/200
[2023-07-25 23:51:19 - INFO:] learning_rate: 0.0025
[2023-07-25 23:51:19 - INFO:] train_acc: 91.5386%, train_loss: 0.0031
[2023-07-25 23:51:19 - INFO:] test_acc: 91.9025%, test_loss: 0.0030
[2023-07-25 23:51:19 - INFO:] max_train_acc: 91.6230%
[2023-07-25 23:51:19 - INFO:] max_test_acc: 92.1114%
[2023-07-25 23:51:19 - INFO:] max_lr: 0.0050, min_lr: 0.0000
[2023-07-25 23:51:19 - INFO:] ======================================
[2023-07-25 23:54:00 - INFO:] epoch: 96/200
[2023-07-25 23:54:00 - INFO:] learning_rate: 0.0033
[2023-07-25 23:54:00 - INFO:] train_acc: 91.5322%, train_loss: 0.0031
[2023-07-25 23:54:00 - INFO:] test_acc: 91.7327%, test_loss: 0.0030
[2023-07-25 23:54:00 - INFO:] max_train_acc: 91.6230%
[2023-07-25 23:54:00 - INFO:] max_test_acc: 92.1114%
[2023-07-25 23:54:00 - INFO:] max_lr: 0.0050, min_lr: 0.0000
[2023-07-25 23:54:00 - INFO:] ======================================
[2023-07-25 23:56:42 - INFO:] epoch: 97/200
[2023-07-25 23:56:42 - INFO:] learning_rate: 0.0040
[2023-07-25 23:56:42 - INFO:] train_acc: 91.5185%, train_loss: 0.0031
[2023-07-25 23:56:42 - INFO:] test_acc: 91.9155%, test_loss: 0.0030
[2023-07-25 23:56:42 - INFO:] max_train_acc: 91.6230%
[2023-07-25 23:56:42 - INFO:] max_test_acc: 92.1114%
[2023-07-25 23:56:42 - INFO:] max_lr: 0.0050, min_lr: 0.0000
[2023-07-25 23:56:42 - INFO:] ======================================
[2023-07-25 23:59:23 - INFO:] epoch: 98/200
[2023-07-25 23:59:23 - INFO:] learning_rate: 0.0045
[2023-07-25 23:59:23 - INFO:] train_acc: 91.5417%, train_loss: 0.0031
[2023-07-25 23:59:23 - INFO:] test_acc: 91.9286%, test_loss: 0.0030
[2023-07-25 23:59:23 - INFO:] max_train_acc: 91.6230%
[2023-07-25 23:59:23 - INFO:] max_test_acc: 92.1114%
[2023-07-25 23:59:23 - INFO:] max_lr: 0.0050, min_lr: 0.0000
[2023-07-25 23:59:23 - INFO:] ======================================
[2023-07-26 00:02:05 - INFO:] epoch: 99/200
[2023-07-26 00:02:05 - INFO:] learning_rate: 0.0049
[2023-07-26 00:02:05 - INFO:] train_acc: 91.5037%, train_loss: 0.0031
[2023-07-26 00:02:05 - INFO:] test_acc: 91.8198%, test_loss: 0.0030
[2023-07-26 00:02:05 - INFO:] max_train_acc: 91.6230%
[2023-07-26 00:02:05 - INFO:] max_test_acc: 92.1114%
[2023-07-26 00:02:05 - INFO:] max_lr: 0.0050, min_lr: 0.0000
[2023-07-26 00:02:05 - INFO:] ======================================
[2023-07-26 00:04:47 - INFO:] epoch: 100/200
[2023-07-26 00:04:47 - INFO:] learning_rate: 0.0050
[2023-07-26 00:04:47 - INFO:] train_acc: 91.4921%, train_loss: 0.0031
[2023-07-26 00:04:47 - INFO:] test_acc: 91.9808%, test_loss: 0.0030
[2023-07-26 00:04:47 - INFO:] max_train_acc: 91.6230%
[2023-07-26 00:04:47 - INFO:] max_test_acc: 92.1114%
[2023-07-26 00:04:47 - INFO:] max_lr: 0.0050, min_lr: 0.0000
[2023-07-26 00:04:47 - INFO:] ======================================
[2023-07-26 00:07:29 - INFO:] epoch: 101/200
[2023-07-26 00:07:29 - INFO:] learning_rate: 0.0049
[2023-07-26 00:07:29 - INFO:] train_acc: 91.5238%, train_loss: 0.0031
[2023-07-26 00:07:29 - INFO:] test_acc: 91.7109%, test_loss: 0.0031
[2023-07-26 00:07:29 - INFO:] max_train_acc: 91.6230%
[2023-07-26 00:07:29 - INFO:] max_test_acc: 92.1114%
[2023-07-26 00:07:29 - INFO:] max_lr: 0.0050, min_lr: 0.0000
[2023-07-26 00:07:29 - INFO:] ======================================
[2023-07-26 00:10:10 - INFO:] epoch: 102/200
[2023-07-26 00:10:10 - INFO:] learning_rate: 0.0045
[2023-07-26 00:10:10 - INFO:] train_acc: 91.4277%, train_loss: 0.0031
[2023-07-26 00:10:10 - INFO:] test_acc: 91.4497%, test_loss: 0.0031
[2023-07-26 00:10:10 - INFO:] max_train_acc: 91.6230%
[2023-07-26 00:10:10 - INFO:] max_test_acc: 92.1114%
[2023-07-26 00:10:10 - INFO:] max_lr: 0.0050, min_lr: 0.0000
[2023-07-26 00:10:10 - INFO:] ======================================
[2023-07-26 00:12:52 - INFO:] epoch: 103/200
[2023-07-26 00:12:52 - INFO:] learning_rate: 0.0040
[2023-07-26 00:12:52 - INFO:] train_acc: 91.4625%, train_loss: 0.0031
[2023-07-26 00:12:52 - INFO:] test_acc: 91.9721%, test_loss: 0.0030
[2023-07-26 00:12:52 - INFO:] max_train_acc: 91.6230%
[2023-07-26 00:12:52 - INFO:] max_test_acc: 92.1114%
[2023-07-26 00:12:52 - INFO:] max_lr: 0.0050, min_lr: 0.0000
[2023-07-26 00:12:52 - INFO:] ======================================
[2023-07-26 00:15:34 - INFO:] epoch: 104/200
[2023-07-26 00:15:34 - INFO:] learning_rate: 0.0033
[2023-07-26 00:15:34 - INFO:] train_acc: 91.4910%, train_loss: 0.0031
[2023-07-26 00:15:34 - INFO:] test_acc: 91.7327%, test_loss: 0.0031
[2023-07-26 00:15:34 - INFO:] max_train_acc: 91.6230%
[2023-07-26 00:15:34 - INFO:] max_test_acc: 92.1114%
[2023-07-26 00:15:34 - INFO:] max_lr: 0.0050, min_lr: 0.0000
[2023-07-26 00:15:34 - INFO:] ======================================
[2023-07-26 00:18:16 - INFO:] epoch: 105/200
[2023-07-26 00:18:16 - INFO:] learning_rate: 0.0025
[2023-07-26 00:18:16 - INFO:] train_acc: 91.4456%, train_loss: 0.0031
[2023-07-26 00:18:16 - INFO:] test_acc: 92.0461%, test_loss: 0.0030
[2023-07-26 00:18:16 - INFO:] max_train_acc: 91.6230%
[2023-07-26 00:18:16 - INFO:] max_test_acc: 92.1114%
[2023-07-26 00:18:16 - INFO:] max_lr: 0.0050, min_lr: 0.0000
[2023-07-26 00:18:16 - INFO:] ======================================
[2023-07-26 00:20:56 - INFO:] epoch: 106/200
[2023-07-26 00:20:56 - INFO:] learning_rate: 0.0017
[2023-07-26 00:20:56 - INFO:] train_acc: 91.5196%, train_loss: 0.0031
[2023-07-26 00:20:56 - INFO:] test_acc: 91.9721%, test_loss: 0.0030
[2023-07-26 00:20:56 - INFO:] max_train_acc: 91.6230%
[2023-07-26 00:20:56 - INFO:] max_test_acc: 92.1114%
[2023-07-26 00:20:56 - INFO:] max_lr: 0.0050, min_lr: 0.0000
[2023-07-26 00:20:56 - INFO:] ======================================
[2023-07-26 00:23:38 - INFO:] epoch: 107/200
[2023-07-26 00:23:38 - INFO:] learning_rate: 0.0010
[2023-07-26 00:23:38 - INFO:] train_acc: 91.5132%, train_loss: 0.0031
[2023-07-26 00:23:38 - INFO:] test_acc: 91.9939%, test_loss: 0.0030
[2023-07-26 00:23:38 - INFO:] max_train_acc: 91.6230%
[2023-07-26 00:23:38 - INFO:] max_test_acc: 92.1114%
[2023-07-26 00:23:38 - INFO:] max_lr: 0.0050, min_lr: 0.0000
[2023-07-26 00:23:38 - INFO:] ======================================
[2023-07-26 00:26:18 - INFO:] epoch: 108/200
[2023-07-26 00:26:18 - INFO:] learning_rate: 0.0005
[2023-07-26 00:26:18 - INFO:] train_acc: 91.4921%, train_loss: 0.0031
[2023-07-26 00:26:18 - INFO:] test_acc: 91.7240%, test_loss: 0.0030
[2023-07-26 00:26:18 - INFO:] max_train_acc: 91.6230%
[2023-07-26 00:26:18 - INFO:] max_test_acc: 92.1114%
[2023-07-26 00:26:18 - INFO:] max_lr: 0.0050, min_lr: 0.0000
[2023-07-26 00:26:18 - INFO:] ======================================
[2023-07-26 00:29:00 - INFO:] epoch: 109/200
[2023-07-26 00:29:00 - INFO:] learning_rate: 0.0001
[2023-07-26 00:29:00 - INFO:] train_acc: 91.5101%, train_loss: 0.0031
[2023-07-26 00:29:00 - INFO:] test_acc: 91.8459%, test_loss: 0.0030
[2023-07-26 00:29:00 - INFO:] max_train_acc: 91.6230%
[2023-07-26 00:29:00 - INFO:] max_test_acc: 92.1114%
[2023-07-26 00:29:00 - INFO:] max_lr: 0.0050, min_lr: 0.0000
[2023-07-26 00:29:00 - INFO:] ======================================
[2023-07-26 00:31:42 - INFO:] epoch: 110/200
[2023-07-26 00:31:42 - INFO:] learning_rate: 0.0000
[2023-07-26 00:31:42 - INFO:] train_acc: 91.5702%, train_loss: 0.0031
[2023-07-26 00:31:42 - INFO:] test_acc: 91.9547%, test_loss: 0.0030
[2023-07-26 00:31:42 - INFO:] max_train_acc: 91.6230%
[2023-07-26 00:31:42 - INFO:] max_test_acc: 92.1114%
[2023-07-26 00:31:42 - INFO:] max_lr: 0.0050, min_lr: 0.0000
[2023-07-26 00:31:42 - INFO:] ======================================
[2023-07-26 00:34:23 - INFO:] epoch: 111/200
[2023-07-26 00:34:23 - INFO:] learning_rate: 0.0001
[2023-07-26 00:34:23 - INFO:] train_acc: 91.6093%, train_loss: 0.0031
[2023-07-26 00:34:23 - INFO:] test_acc: 91.9460%, test_loss: 0.0030
[2023-07-26 00:34:23 - INFO:] max_train_acc: 91.6230%
[2023-07-26 00:34:23 - INFO:] max_test_acc: 92.1114%
[2023-07-26 00:34:23 - INFO:] max_lr: 0.0050, min_lr: 0.0000
[2023-07-26 00:34:23 - INFO:] ======================================
[2023-07-26 00:37:04 - INFO:] epoch: 112/200
[2023-07-26 00:37:04 - INFO:] learning_rate: 0.0005
[2023-07-26 00:37:04 - INFO:] train_acc: 91.5417%, train_loss: 0.0031
[2023-07-26 00:37:04 - INFO:] test_acc: 91.9242%, test_loss: 0.0030
[2023-07-26 00:37:04 - INFO:] max_train_acc: 91.6230%
[2023-07-26 00:37:04 - INFO:] max_test_acc: 92.1114%
[2023-07-26 00:37:04 - INFO:] max_lr: 0.0050, min_lr: 0.0000
[2023-07-26 00:37:04 - INFO:] ======================================
[2023-07-26 00:39:45 - INFO:] epoch: 113/200
[2023-07-26 00:39:45 - INFO:] learning_rate: 0.0010
[2023-07-26 00:39:45 - INFO:] train_acc: 91.5861%, train_loss: 0.0031
[2023-07-26 00:39:45 - INFO:] test_acc: 91.9808%, test_loss: 0.0030
[2023-07-26 00:39:45 - INFO:] max_train_acc: 91.6230%
[2023-07-26 00:39:45 - INFO:] max_test_acc: 92.1114%
[2023-07-26 00:39:45 - INFO:] max_lr: 0.0050, min_lr: 0.0000
[2023-07-26 00:39:45 - INFO:] ======================================
[2023-07-26 00:42:26 - INFO:] epoch: 114/200
[2023-07-26 00:42:26 - INFO:] learning_rate: 0.0017
[2023-07-26 00:42:26 - INFO:] train_acc: 91.5734%, train_loss: 0.0031
[2023-07-26 00:42:26 - INFO:] test_acc: 92.0157%, test_loss: 0.0030
[2023-07-26 00:42:26 - INFO:] max_train_acc: 91.6230%
[2023-07-26 00:42:26 - INFO:] max_test_acc: 92.1114%
[2023-07-26 00:42:26 - INFO:] max_lr: 0.0050, min_lr: 0.0000
[2023-07-26 00:42:26 - INFO:] ======================================
[2023-07-26 00:45:08 - INFO:] epoch: 115/200
[2023-07-26 00:45:08 - INFO:] learning_rate: 0.0025
[2023-07-26 00:45:08 - INFO:] train_acc: 91.5343%, train_loss: 0.0031
[2023-07-26 00:45:08 - INFO:] test_acc: 92.0200%, test_loss: 0.0030
[2023-07-26 00:45:08 - INFO:] max_train_acc: 91.6230%
[2023-07-26 00:45:08 - INFO:] max_test_acc: 92.1114%
[2023-07-26 00:45:08 - INFO:] max_lr: 0.0050, min_lr: 0.0000
[2023-07-26 00:45:08 - INFO:] ======================================
[2023-07-26 00:47:49 - INFO:] epoch: 116/200
[2023-07-26 00:47:49 - INFO:] learning_rate: 0.0033
[2023-07-26 00:47:49 - INFO:] train_acc: 91.5206%, train_loss: 0.0031
[2023-07-26 00:47:49 - INFO:] test_acc: 92.0374%, test_loss: 0.0030
[2023-07-26 00:47:49 - INFO:] max_train_acc: 91.6230%
[2023-07-26 00:47:49 - INFO:] max_test_acc: 92.1114%
[2023-07-26 00:47:49 - INFO:] max_lr: 0.0050, min_lr: 0.0000
[2023-07-26 00:47:49 - INFO:] ======================================
[2023-07-26 00:50:30 - INFO:] epoch: 117/200
[2023-07-26 00:50:30 - INFO:] learning_rate: 0.0040
[2023-07-26 00:50:30 - INFO:] train_acc: 91.4921%, train_loss: 0.0031
[2023-07-26 00:50:30 - INFO:] test_acc: 92.0200%, test_loss: 0.0030
[2023-07-26 00:50:30 - INFO:] max_train_acc: 91.6230%
[2023-07-26 00:50:30 - INFO:] max_test_acc: 92.1114%
[2023-07-26 00:50:30 - INFO:] max_lr: 0.0050, min_lr: 0.0000
[2023-07-26 00:50:30 - INFO:] ======================================
[2023-07-26 00:53:12 - INFO:] epoch: 118/200
[2023-07-26 00:53:12 - INFO:] learning_rate: 0.0045
[2023-07-26 00:53:12 - INFO:] train_acc: 91.5016%, train_loss: 0.0031
[2023-07-26 00:53:12 - INFO:] test_acc: 91.9547%, test_loss: 0.0030
[2023-07-26 00:53:12 - INFO:] max_train_acc: 91.6230%
[2023-07-26 00:53:12 - INFO:] max_test_acc: 92.1114%
[2023-07-26 00:53:12 - INFO:] max_lr: 0.0050, min_lr: 0.0000
[2023-07-26 00:53:12 - INFO:] ======================================
[2023-07-26 00:55:54 - INFO:] epoch: 119/200
[2023-07-26 00:55:54 - INFO:] learning_rate: 0.0049
[2023-07-26 00:55:54 - INFO:] train_acc: 91.5122%, train_loss: 0.0031
[2023-07-26 00:55:54 - INFO:] test_acc: 91.9852%, test_loss: 0.0030
[2023-07-26 00:55:54 - INFO:] max_train_acc: 91.6230%
[2023-07-26 00:55:54 - INFO:] max_test_acc: 92.1114%
[2023-07-26 00:55:54 - INFO:] max_lr: 0.0050, min_lr: 0.0000
[2023-07-26 00:55:54 - INFO:] ======================================
[2023-07-26 00:58:35 - INFO:] epoch: 120/200
[2023-07-26 00:58:35 - INFO:] learning_rate: 0.0050
[2023-07-26 00:58:35 - INFO:] train_acc: 91.4794%, train_loss: 0.0031
[2023-07-26 00:58:35 - INFO:] test_acc: 91.9852%, test_loss: 0.0030
[2023-07-26 00:58:35 - INFO:] max_train_acc: 91.6230%
[2023-07-26 00:58:35 - INFO:] max_test_acc: 92.1114%
[2023-07-26 00:58:35 - INFO:] max_lr: 0.0050, min_lr: 0.0000
[2023-07-26 00:58:35 - INFO:] ======================================
[2023-07-26 01:01:17 - INFO:] epoch: 121/200
[2023-07-26 01:01:17 - INFO:] learning_rate: 0.0049
[2023-07-26 01:01:17 - INFO:] train_acc: 91.4678%, train_loss: 0.0031
[2023-07-26 01:01:17 - INFO:] test_acc: 91.9460%, test_loss: 0.0030
[2023-07-26 01:01:17 - INFO:] max_train_acc: 91.6230%
[2023-07-26 01:01:17 - INFO:] max_test_acc: 92.1114%
[2023-07-26 01:01:17 - INFO:] max_lr: 0.0050, min_lr: 0.0000
[2023-07-26 01:01:17 - INFO:] ======================================
[2023-07-26 01:03:59 - INFO:] epoch: 122/200
[2023-07-26 01:03:59 - INFO:] learning_rate: 0.0045
[2023-07-26 01:03:59 - INFO:] train_acc: 91.4720%, train_loss: 0.0031
[2023-07-26 01:03:59 - INFO:] test_acc: 92.0331%, test_loss: 0.0030
[2023-07-26 01:03:59 - INFO:] max_train_acc: 91.6230%
[2023-07-26 01:03:59 - INFO:] max_test_acc: 92.1114%
[2023-07-26 01:03:59 - INFO:] max_lr: 0.0050, min_lr: 0.0000
[2023-07-26 01:03:59 - INFO:] ======================================
[2023-07-26 01:06:41 - INFO:] epoch: 123/200
[2023-07-26 01:06:41 - INFO:] learning_rate: 0.0040
[2023-07-26 01:06:41 - INFO:] train_acc: 91.5058%, train_loss: 0.0031
[2023-07-26 01:06:41 - INFO:] test_acc: 91.9068%, test_loss: 0.0030
[2023-07-26 01:06:41 - INFO:] max_train_acc: 91.6230%
[2023-07-26 01:06:41 - INFO:] max_test_acc: 92.1114%
[2023-07-26 01:06:41 - INFO:] max_lr: 0.0050, min_lr: 0.0000
[2023-07-26 01:06:41 - INFO:] ======================================
[2023-07-26 01:09:22 - INFO:] epoch: 124/200
[2023-07-26 01:09:22 - INFO:] learning_rate: 0.0033
[2023-07-26 01:09:22 - INFO:] train_acc: 91.4953%, train_loss: 0.0031
[2023-07-26 01:09:22 - INFO:] test_acc: 92.0157%, test_loss: 0.0030
[2023-07-26 01:09:22 - INFO:] max_train_acc: 91.6230%
[2023-07-26 01:09:22 - INFO:] max_test_acc: 92.1114%
[2023-07-26 01:09:22 - INFO:] max_lr: 0.0050, min_lr: 0.0000
[2023-07-26 01:09:22 - INFO:] ======================================
[2023-07-26 01:12:03 - INFO:] epoch: 125/200
[2023-07-26 01:12:03 - INFO:] learning_rate: 0.0025
[2023-07-26 01:12:03 - INFO:] train_acc: 91.4942%, train_loss: 0.0031
[2023-07-26 01:12:03 - INFO:] test_acc: 92.0374%, test_loss: 0.0030
[2023-07-26 01:12:03 - INFO:] max_train_acc: 91.6230%
[2023-07-26 01:12:03 - INFO:] max_test_acc: 92.1114%
[2023-07-26 01:12:03 - INFO:] max_lr: 0.0050, min_lr: 0.0000
[2023-07-26 01:12:03 - INFO:] ======================================
[2023-07-26 01:14:45 - INFO:] epoch: 126/200
[2023-07-26 01:14:45 - INFO:] learning_rate: 0.0017
[2023-07-26 01:14:45 - INFO:] train_acc: 91.4889%, train_loss: 0.0031
[2023-07-26 01:14:45 - INFO:] test_acc: 92.0113%, test_loss: 0.0030
[2023-07-26 01:14:45 - INFO:] max_train_acc: 91.6230%
[2023-07-26 01:14:45 - INFO:] max_test_acc: 92.1114%
[2023-07-26 01:14:45 - INFO:] max_lr: 0.0050, min_lr: 0.0000
[2023-07-26 01:14:45 - INFO:] ======================================
[2023-07-26 01:17:27 - INFO:] epoch: 127/200
[2023-07-26 01:17:27 - INFO:] learning_rate: 0.0010
[2023-07-26 01:17:27 - INFO:] train_acc: 91.5660%, train_loss: 0.0031
[2023-07-26 01:17:27 - INFO:] test_acc: 92.1158%, test_loss: 0.0030
[2023-07-26 01:17:27 - INFO:] max_train_acc: 91.6230%
[2023-07-26 01:17:27 - INFO:] max_test_acc: 92.1158%
[2023-07-26 01:17:27 - INFO:] max_lr: 0.0050, min_lr: 0.0000
[2023-07-26 01:17:27 - INFO:] ======================================
[2023-07-26 01:20:08 - INFO:] epoch: 128/200
[2023-07-26 01:20:08 - INFO:] learning_rate: 0.0005
[2023-07-26 01:20:08 - INFO:] train_acc: 91.5924%, train_loss: 0.0031
[2023-07-26 01:20:08 - INFO:] test_acc: 92.0374%, test_loss: 0.0030
[2023-07-26 01:20:08 - INFO:] max_train_acc: 91.6230%
[2023-07-26 01:20:08 - INFO:] max_test_acc: 92.1158%
[2023-07-26 01:20:08 - INFO:] max_lr: 0.0050, min_lr: 0.0000
[2023-07-26 01:20:08 - INFO:] ======================================
[2023-07-26 01:22:50 - INFO:] epoch: 129/200
[2023-07-26 01:22:50 - INFO:] learning_rate: 0.0001
[2023-07-26 01:22:50 - INFO:] train_acc: 91.5755%, train_loss: 0.0031
[2023-07-26 01:22:50 - INFO:] test_acc: 91.9852%, test_loss: 0.0030
[2023-07-26 01:22:50 - INFO:] max_train_acc: 91.6230%
[2023-07-26 01:22:50 - INFO:] max_test_acc: 92.1158%
[2023-07-26 01:22:50 - INFO:] max_lr: 0.0050, min_lr: 0.0000
[2023-07-26 01:22:50 - INFO:] ======================================
[2023-07-26 01:25:32 - INFO:] epoch: 130/200
[2023-07-26 01:25:32 - INFO:] learning_rate: 0.0000
[2023-07-26 01:25:32 - INFO:] train_acc: 91.5470%, train_loss: 0.0031
[2023-07-26 01:25:32 - INFO:] test_acc: 91.9634%, test_loss: 0.0030
[2023-07-26 01:25:32 - INFO:] max_train_acc: 91.6230%
[2023-07-26 01:25:32 - INFO:] max_test_acc: 92.1158%
[2023-07-26 01:25:32 - INFO:] max_lr: 0.0050, min_lr: 0.0000
[2023-07-26 01:25:32 - INFO:] ======================================
[2023-07-26 01:28:13 - INFO:] epoch: 131/200
[2023-07-26 01:28:13 - INFO:] learning_rate: 0.0001
[2023-07-26 01:28:13 - INFO:] train_acc: 91.5343%, train_loss: 0.0031
[2023-07-26 01:28:13 - INFO:] test_acc: 91.9547%, test_loss: 0.0030
[2023-07-26 01:28:13 - INFO:] max_train_acc: 91.6230%
[2023-07-26 01:28:13 - INFO:] max_test_acc: 92.1158%
[2023-07-26 01:28:13 - INFO:] max_lr: 0.0050, min_lr: 0.0000
[2023-07-26 01:28:13 - INFO:] ======================================
[2023-07-26 01:30:55 - INFO:] epoch: 132/200
[2023-07-26 01:30:55 - INFO:] learning_rate: 0.0005
[2023-07-26 01:30:55 - INFO:] train_acc: 91.5734%, train_loss: 0.0031
[2023-07-26 01:30:55 - INFO:] test_acc: 91.9852%, test_loss: 0.0030
[2023-07-26 01:30:55 - INFO:] max_train_acc: 91.6230%
[2023-07-26 01:30:55 - INFO:] max_test_acc: 92.1158%
[2023-07-26 01:30:55 - INFO:] max_lr: 0.0050, min_lr: 0.0000
[2023-07-26 01:30:55 - INFO:] ======================================
[2023-07-26 01:33:37 - INFO:] epoch: 133/200
[2023-07-26 01:33:37 - INFO:] learning_rate: 0.0010
[2023-07-26 01:33:37 - INFO:] train_acc: 91.5945%, train_loss: 0.0031
[2023-07-26 01:33:37 - INFO:] test_acc: 92.0418%, test_loss: 0.0030
[2023-07-26 01:33:37 - INFO:] max_train_acc: 91.6230%
[2023-07-26 01:33:37 - INFO:] max_test_acc: 92.1158%
[2023-07-26 01:33:37 - INFO:] max_lr: 0.0050, min_lr: 0.0000
[2023-07-26 01:33:37 - INFO:] ======================================
[2023-07-26 01:36:18 - INFO:] epoch: 134/200
[2023-07-26 01:36:18 - INFO:] learning_rate: 0.0017
[2023-07-26 01:36:18 - INFO:] train_acc: 91.6040%, train_loss: 0.0031
[2023-07-26 01:36:18 - INFO:] test_acc: 91.9112%, test_loss: 0.0030
[2023-07-26 01:36:18 - INFO:] max_train_acc: 91.6230%
[2023-07-26 01:36:18 - INFO:] max_test_acc: 92.1158%
[2023-07-26 01:36:18 - INFO:] max_lr: 0.0050, min_lr: 0.0000
[2023-07-26 01:36:18 - INFO:] ======================================
[2023-07-26 01:39:02 - INFO:] epoch: 135/200
[2023-07-26 01:39:02 - INFO:] learning_rate: 0.0025
[2023-07-26 01:39:02 - INFO:] train_acc: 91.5312%, train_loss: 0.0031
[2023-07-26 01:39:02 - INFO:] test_acc: 91.8981%, test_loss: 0.0030
[2023-07-26 01:39:02 - INFO:] max_train_acc: 91.6230%
[2023-07-26 01:39:02 - INFO:] max_test_acc: 92.1158%
[2023-07-26 01:39:02 - INFO:] max_lr: 0.0050, min_lr: 0.0000
[2023-07-26 01:39:02 - INFO:] ======================================
[2023-07-26 01:41:42 - INFO:] epoch: 136/200
[2023-07-26 01:41:42 - INFO:] learning_rate: 0.0033
[2023-07-26 01:41:42 - INFO:] train_acc: 91.5312%, train_loss: 0.0031
[2023-07-26 01:41:42 - INFO:] test_acc: 91.8502%, test_loss: 0.0030
[2023-07-26 01:41:42 - INFO:] max_train_acc: 91.6230%
[2023-07-26 01:41:42 - INFO:] max_test_acc: 92.1158%
[2023-07-26 01:41:42 - INFO:] max_lr: 0.0050, min_lr: 0.0000
[2023-07-26 01:41:42 - INFO:] ======================================
[2023-07-26 01:44:24 - INFO:] epoch: 137/200
[2023-07-26 01:44:24 - INFO:] learning_rate: 0.0040
[2023-07-26 01:44:24 - INFO:] train_acc: 91.5101%, train_loss: 0.0031
[2023-07-26 01:44:24 - INFO:] test_acc: 92.0070%, test_loss: 0.0030
[2023-07-26 01:44:24 - INFO:] max_train_acc: 91.6230%
[2023-07-26 01:44:24 - INFO:] max_test_acc: 92.1158%
[2023-07-26 01:44:24 - INFO:] max_lr: 0.0050, min_lr: 0.0000
[2023-07-26 01:44:24 - INFO:] ======================================
[2023-07-26 01:47:06 - INFO:] epoch: 138/200
[2023-07-26 01:47:06 - INFO:] learning_rate: 0.0045
[2023-07-26 01:47:06 - INFO:] train_acc: 91.4773%, train_loss: 0.0031
[2023-07-26 01:47:06 - INFO:] test_acc: 91.9721%, test_loss: 0.0030
[2023-07-26 01:47:06 - INFO:] max_train_acc: 91.6230%
[2023-07-26 01:47:06 - INFO:] max_test_acc: 92.1158%
[2023-07-26 01:47:06 - INFO:] max_lr: 0.0050, min_lr: 0.0000
[2023-07-26 01:47:06 - INFO:] ======================================
[2023-07-26 01:49:48 - INFO:] epoch: 139/200
[2023-07-26 01:49:48 - INFO:] learning_rate: 0.0049
[2023-07-26 01:49:48 - INFO:] train_acc: 91.4647%, train_loss: 0.0031
[2023-07-26 01:49:48 - INFO:] test_acc: 91.7893%, test_loss: 0.0030
[2023-07-26 01:49:48 - INFO:] max_train_acc: 91.6230%
[2023-07-26 01:49:48 - INFO:] max_test_acc: 92.1158%
[2023-07-26 01:49:48 - INFO:] max_lr: 0.0050, min_lr: 0.0000
[2023-07-26 01:49:48 - INFO:] ======================================
[2023-07-26 01:52:30 - INFO:] epoch: 140/200
[2023-07-26 01:52:30 - INFO:] learning_rate: 0.0050
[2023-07-26 01:52:30 - INFO:] train_acc: 91.4974%, train_loss: 0.0031
[2023-07-26 01:52:30 - INFO:] test_acc: 91.9242%, test_loss: 0.0030
[2023-07-26 01:52:30 - INFO:] max_train_acc: 91.6230%
[2023-07-26 01:52:30 - INFO:] max_test_acc: 92.1158%
[2023-07-26 01:52:30 - INFO:] max_lr: 0.0050, min_lr: 0.0000
[2023-07-26 01:52:30 - INFO:] ======================================
[2023-07-26 01:55:11 - INFO:] epoch: 141/200
[2023-07-26 01:55:11 - INFO:] learning_rate: 0.0049
[2023-07-26 01:55:11 - INFO:] train_acc: 91.4763%, train_loss: 0.0031
[2023-07-26 01:55:11 - INFO:] test_acc: 92.0287%, test_loss: 0.0030
[2023-07-26 01:55:11 - INFO:] max_train_acc: 91.6230%
[2023-07-26 01:55:11 - INFO:] max_test_acc: 92.1158%
[2023-07-26 01:55:11 - INFO:] max_lr: 0.0050, min_lr: 0.0000
[2023-07-26 01:55:11 - INFO:] ======================================
[2023-07-26 01:57:52 - INFO:] epoch: 142/200
[2023-07-26 01:57:52 - INFO:] learning_rate: 0.0045
[2023-07-26 01:57:52 - INFO:] train_acc: 91.4752%, train_loss: 0.0031
[2023-07-26 01:57:52 - INFO:] test_acc: 91.7849%, test_loss: 0.0030
[2023-07-26 01:57:52 - INFO:] max_train_acc: 91.6230%
[2023-07-26 01:57:52 - INFO:] max_test_acc: 92.1158%
[2023-07-26 01:57:52 - INFO:] max_lr: 0.0050, min_lr: 0.0000
[2023-07-26 01:57:52 - INFO:] ======================================
[2023-07-26 02:00:33 - INFO:] epoch: 143/200
[2023-07-26 02:00:33 - INFO:] learning_rate: 0.0040
[2023-07-26 02:00:33 - INFO:] train_acc: 91.4995%, train_loss: 0.0031
[2023-07-26 02:00:33 - INFO:] test_acc: 91.8111%, test_loss: 0.0030
[2023-07-26 02:00:33 - INFO:] max_train_acc: 91.6230%
[2023-07-26 02:00:33 - INFO:] max_test_acc: 92.1158%
[2023-07-26 02:00:33 - INFO:] max_lr: 0.0050, min_lr: 0.0000
[2023-07-26 02:00:33 - INFO:] ======================================
[2023-07-26 02:03:15 - INFO:] epoch: 144/200
[2023-07-26 02:03:15 - INFO:] learning_rate: 0.0033
[2023-07-26 02:03:15 - INFO:] train_acc: 91.4900%, train_loss: 0.0031
[2023-07-26 02:03:15 - INFO:] test_acc: 91.7762%, test_loss: 0.0030
[2023-07-26 02:03:15 - INFO:] max_train_acc: 91.6230%
[2023-07-26 02:03:15 - INFO:] max_test_acc: 92.1158%
[2023-07-26 02:03:15 - INFO:] max_lr: 0.0050, min_lr: 0.0000
[2023-07-26 02:03:15 - INFO:] ======================================
[2023-07-26 02:05:57 - INFO:] epoch: 145/200
[2023-07-26 02:05:57 - INFO:] learning_rate: 0.0025
[2023-07-26 02:05:57 - INFO:] train_acc: 91.4815%, train_loss: 0.0031
[2023-07-26 02:05:57 - INFO:] test_acc: 91.9417%, test_loss: 0.0030
[2023-07-26 02:05:57 - INFO:] max_train_acc: 91.6230%
[2023-07-26 02:05:57 - INFO:] max_test_acc: 92.1158%
[2023-07-26 02:05:57 - INFO:] max_lr: 0.0050, min_lr: 0.0000
[2023-07-26 02:05:57 - INFO:] ======================================
[2023-07-26 02:08:38 - INFO:] epoch: 146/200
[2023-07-26 02:08:38 - INFO:] learning_rate: 0.0017
[2023-07-26 02:08:38 - INFO:] train_acc: 91.5217%, train_loss: 0.0031
[2023-07-26 02:08:38 - INFO:] test_acc: 91.7806%, test_loss: 0.0030
[2023-07-26 02:08:38 - INFO:] max_train_acc: 91.6230%
[2023-07-26 02:08:38 - INFO:] max_test_acc: 92.1158%
[2023-07-26 02:08:38 - INFO:] max_lr: 0.0050, min_lr: 0.0000
[2023-07-26 02:08:38 - INFO:] ======================================
[2023-07-26 02:11:20 - INFO:] epoch: 147/200
[2023-07-26 02:11:20 - INFO:] learning_rate: 0.0010
[2023-07-26 02:11:20 - INFO:] train_acc: 91.5787%, train_loss: 0.0031
[2023-07-26 02:11:20 - INFO:] test_acc: 91.8328%, test_loss: 0.0030
[2023-07-26 02:11:20 - INFO:] max_train_acc: 91.6230%
[2023-07-26 02:11:20 - INFO:] max_test_acc: 92.1158%
[2023-07-26 02:11:20 - INFO:] max_lr: 0.0050, min_lr: 0.0000
[2023-07-26 02:11:20 - INFO:] ======================================
[2023-07-26 02:14:02 - INFO:] epoch: 148/200
[2023-07-26 02:14:02 - INFO:] learning_rate: 0.0005
[2023-07-26 02:14:02 - INFO:] train_acc: 91.5269%, train_loss: 0.0031
[2023-07-26 02:14:02 - INFO:] test_acc: 91.8241%, test_loss: 0.0030
[2023-07-26 02:14:02 - INFO:] max_train_acc: 91.6230%
[2023-07-26 02:14:02 - INFO:] max_test_acc: 92.1158%
[2023-07-26 02:14:02 - INFO:] max_lr: 0.0050, min_lr: 0.0000
[2023-07-26 02:14:02 - INFO:] ======================================
[2023-07-26 02:16:43 - INFO:] epoch: 149/200
[2023-07-26 02:16:43 - INFO:] learning_rate: 0.0001
[2023-07-26 02:16:43 - INFO:] train_acc: 91.5555%, train_loss: 0.0031
[2023-07-26 02:16:43 - INFO:] test_acc: 92.0418%, test_loss: 0.0030
[2023-07-26 02:16:43 - INFO:] max_train_acc: 91.6230%
[2023-07-26 02:16:43 - INFO:] max_test_acc: 92.1158%
[2023-07-26 02:16:43 - INFO:] max_lr: 0.0050, min_lr: 0.0000
[2023-07-26 02:16:43 - INFO:] ======================================
[2023-07-26 02:19:25 - INFO:] epoch: 150/200
[2023-07-26 02:19:25 - INFO:] learning_rate: 0.0000
[2023-07-26 02:19:25 - INFO:] train_acc: 91.6199%, train_loss: 0.0031
[2023-07-26 02:19:25 - INFO:] test_acc: 91.9852%, test_loss: 0.0030
[2023-07-26 02:19:25 - INFO:] max_train_acc: 91.6230%
[2023-07-26 02:19:25 - INFO:] max_test_acc: 92.1158%
[2023-07-26 02:19:25 - INFO:] max_lr: 0.0050, min_lr: 0.0000
[2023-07-26 02:19:25 - INFO:] ======================================
[2023-07-26 02:22:06 - INFO:] epoch: 151/200
[2023-07-26 02:22:06 - INFO:] learning_rate: 0.0001
[2023-07-26 02:22:06 - INFO:] train_acc: 91.5745%, train_loss: 0.0031
[2023-07-26 02:22:06 - INFO:] test_acc: 91.9939%, test_loss: 0.0030
[2023-07-26 02:22:06 - INFO:] max_train_acc: 91.6230%
[2023-07-26 02:22:06 - INFO:] max_test_acc: 92.1158%
[2023-07-26 02:22:06 - INFO:] max_lr: 0.0050, min_lr: 0.0000
[2023-07-26 02:22:06 - INFO:] ======================================
[2023-07-26 02:24:46 - INFO:] epoch: 152/200
[2023-07-26 02:24:46 - INFO:] learning_rate: 0.0005
[2023-07-26 02:24:46 - INFO:] train_acc: 91.6051%, train_loss: 0.0031
[2023-07-26 02:24:46 - INFO:] test_acc: 91.9939%, test_loss: 0.0030
[2023-07-26 02:24:46 - INFO:] max_train_acc: 91.6230%
[2023-07-26 02:24:46 - INFO:] max_test_acc: 92.1158%
[2023-07-26 02:24:46 - INFO:] max_lr: 0.0050, min_lr: 0.0000
[2023-07-26 02:24:46 - INFO:] ======================================
[2023-07-26 02:27:27 - INFO:] epoch: 153/200
[2023-07-26 02:27:27 - INFO:] learning_rate: 0.0010
[2023-07-26 02:27:27 - INFO:] train_acc: 91.5692%, train_loss: 0.0031
[2023-07-26 02:27:27 - INFO:] test_acc: 92.0113%, test_loss: 0.0030
[2023-07-26 02:27:27 - INFO:] max_train_acc: 91.6230%
[2023-07-26 02:27:27 - INFO:] max_test_acc: 92.1158%
[2023-07-26 02:27:27 - INFO:] max_lr: 0.0050, min_lr: 0.0000
[2023-07-26 02:27:27 - INFO:] ======================================
[2023-07-26 02:30:09 - INFO:] epoch: 154/200
[2023-07-26 02:30:09 - INFO:] learning_rate: 0.0017
[2023-07-26 02:30:09 - INFO:] train_acc: 91.5354%, train_loss: 0.0031
[2023-07-26 02:30:09 - INFO:] test_acc: 92.0505%, test_loss: 0.0030
[2023-07-26 02:30:09 - INFO:] max_train_acc: 91.6230%
[2023-07-26 02:30:09 - INFO:] max_test_acc: 92.1158%
[2023-07-26 02:30:09 - INFO:] max_lr: 0.0050, min_lr: 0.0000
[2023-07-26 02:30:09 - INFO:] ======================================
[2023-07-26 02:32:51 - INFO:] epoch: 155/200
[2023-07-26 02:32:51 - INFO:] learning_rate: 0.0025
[2023-07-26 02:32:51 - INFO:] train_acc: 91.5555%, train_loss: 0.0031
[2023-07-26 02:32:51 - INFO:] test_acc: 91.9765%, test_loss: 0.0030
[2023-07-26 02:32:51 - INFO:] max_train_acc: 91.6230%
[2023-07-26 02:32:51 - INFO:] max_test_acc: 92.1158%
[2023-07-26 02:32:51 - INFO:] max_lr: 0.0050, min_lr: 0.0000
[2023-07-26 02:32:51 - INFO:] ======================================
[2023-07-26 02:35:33 - INFO:] epoch: 156/200
[2023-07-26 02:35:33 - INFO:] learning_rate: 0.0033
[2023-07-26 02:35:33 - INFO:] train_acc: 91.5417%, train_loss: 0.0031
[2023-07-26 02:35:33 - INFO:] test_acc: 92.0157%, test_loss: 0.0030
[2023-07-26 02:35:33 - INFO:] max_train_acc: 91.6230%
[2023-07-26 02:35:33 - INFO:] max_test_acc: 92.1158%
[2023-07-26 02:35:33 - INFO:] max_lr: 0.0050, min_lr: 0.0000
[2023-07-26 02:35:33 - INFO:] ======================================
[2023-07-26 02:38:14 - INFO:] epoch: 157/200
[2023-07-26 02:38:14 - INFO:] learning_rate: 0.0040
[2023-07-26 02:38:14 - INFO:] train_acc: 91.4921%, train_loss: 0.0031
[2023-07-26 02:38:14 - INFO:] test_acc: 91.4889%, test_loss: 0.0031
[2023-07-26 02:38:14 - INFO:] max_train_acc: 91.6230%
[2023-07-26 02:38:14 - INFO:] max_test_acc: 92.1158%
[2023-07-26 02:38:14 - INFO:] max_lr: 0.0050, min_lr: 0.0000
[2023-07-26 02:38:14 - INFO:] ======================================
[2023-07-26 02:40:55 - INFO:] epoch: 158/200
[2023-07-26 02:40:55 - INFO:] learning_rate: 0.0045
[2023-07-26 02:40:55 - INFO:] train_acc: 91.4815%, train_loss: 0.0031
[2023-07-26 02:40:55 - INFO:] test_acc: 91.6282%, test_loss: 0.0031
[2023-07-26 02:40:55 - INFO:] max_train_acc: 91.6230%
[2023-07-26 02:40:55 - INFO:] max_test_acc: 92.1158%
[2023-07-26 02:40:55 - INFO:] max_lr: 0.0050, min_lr: 0.0000
[2023-07-26 02:40:55 - INFO:] ======================================
[2023-07-26 02:43:37 - INFO:] epoch: 159/200
[2023-07-26 02:43:37 - INFO:] learning_rate: 0.0049
[2023-07-26 02:43:37 - INFO:] train_acc: 91.4541%, train_loss: 0.0031
[2023-07-26 02:43:37 - INFO:] test_acc: 91.7675%, test_loss: 0.0030
[2023-07-26 02:43:37 - INFO:] max_train_acc: 91.6230%
[2023-07-26 02:43:37 - INFO:] max_test_acc: 92.1158%
[2023-07-26 02:43:37 - INFO:] max_lr: 0.0050, min_lr: 0.0000
[2023-07-26 02:43:37 - INFO:] ======================================
[2023-07-26 02:46:19 - INFO:] epoch: 160/200
[2023-07-26 02:46:19 - INFO:] learning_rate: 0.0050
[2023-07-26 02:46:19 - INFO:] train_acc: 91.4573%, train_loss: 0.0031
[2023-07-26 02:46:19 - INFO:] test_acc: 91.9721%, test_loss: 0.0030
[2023-07-26 02:46:19 - INFO:] max_train_acc: 91.6230%
[2023-07-26 02:46:19 - INFO:] max_test_acc: 92.1158%
[2023-07-26 02:46:19 - INFO:] max_lr: 0.0050, min_lr: 0.0000
[2023-07-26 02:46:19 - INFO:] ======================================
[2023-07-26 02:48:59 - INFO:] epoch: 161/200
[2023-07-26 02:48:59 - INFO:] learning_rate: 0.0049
[2023-07-26 02:48:59 - INFO:] train_acc: 91.4731%, train_loss: 0.0031
[2023-07-26 02:48:59 - INFO:] test_acc: 91.6848%, test_loss: 0.0031
[2023-07-26 02:48:59 - INFO:] max_train_acc: 91.6230%
[2023-07-26 02:48:59 - INFO:] max_test_acc: 92.1158%
[2023-07-26 02:48:59 - INFO:] max_lr: 0.0050, min_lr: 0.0000
[2023-07-26 02:48:59 - INFO:] ======================================
[2023-07-26 02:51:41 - INFO:] epoch: 162/200
[2023-07-26 02:51:41 - INFO:] learning_rate: 0.0045
[2023-07-26 02:51:41 - INFO:] train_acc: 91.4710%, train_loss: 0.0031
[2023-07-26 02:51:41 - INFO:] test_acc: 91.8981%, test_loss: 0.0030
[2023-07-26 02:51:41 - INFO:] max_train_acc: 91.6230%
[2023-07-26 02:51:41 - INFO:] max_test_acc: 92.1158%
[2023-07-26 02:51:41 - INFO:] max_lr: 0.0050, min_lr: 0.0000
[2023-07-26 02:51:41 - INFO:] ======================================
[2023-07-26 02:54:22 - INFO:] epoch: 163/200
[2023-07-26 02:54:22 - INFO:] learning_rate: 0.0040
[2023-07-26 02:54:22 - INFO:] train_acc: 91.4826%, train_loss: 0.0031
[2023-07-26 02:54:22 - INFO:] test_acc: 91.4105%, test_loss: 0.0031
[2023-07-26 02:54:22 - INFO:] max_train_acc: 91.6230%
[2023-07-26 02:54:22 - INFO:] max_test_acc: 92.1158%
[2023-07-26 02:54:22 - INFO:] max_lr: 0.0050, min_lr: 0.0000
[2023-07-26 02:54:22 - INFO:] ======================================
[2023-07-26 02:57:03 - INFO:] epoch: 164/200
[2023-07-26 02:57:03 - INFO:] learning_rate: 0.0033
[2023-07-26 02:57:03 - INFO:] train_acc: 91.4309%, train_loss: 0.0031
[2023-07-26 02:57:03 - INFO:] test_acc: 91.9678%, test_loss: 0.0030
[2023-07-26 02:57:03 - INFO:] max_train_acc: 91.6230%
[2023-07-26 02:57:03 - INFO:] max_test_acc: 92.1158%
[2023-07-26 02:57:03 - INFO:] max_lr: 0.0050, min_lr: 0.0000
[2023-07-26 02:57:03 - INFO:] ======================================
[2023-07-26 02:59:44 - INFO:] epoch: 165/200
[2023-07-26 02:59:44 - INFO:] learning_rate: 0.0025
[2023-07-26 02:59:44 - INFO:] train_acc: 91.5132%, train_loss: 0.0031
[2023-07-26 02:59:44 - INFO:] test_acc: 92.0461%, test_loss: 0.0030
[2023-07-26 02:59:44 - INFO:] max_train_acc: 91.6230%
[2023-07-26 02:59:44 - INFO:] max_test_acc: 92.1158%
[2023-07-26 02:59:44 - INFO:] max_lr: 0.0050, min_lr: 0.0000
[2023-07-26 02:59:44 - INFO:] ======================================
[2023-07-26 03:02:26 - INFO:] epoch: 166/200
[2023-07-26 03:02:26 - INFO:] learning_rate: 0.0017
[2023-07-26 03:02:26 - INFO:] train_acc: 91.5185%, train_loss: 0.0031
[2023-07-26 03:02:26 - INFO:] test_acc: 92.0331%, test_loss: 0.0030
[2023-07-26 03:02:26 - INFO:] max_train_acc: 91.6230%
[2023-07-26 03:02:26 - INFO:] max_test_acc: 92.1158%
[2023-07-26 03:02:26 - INFO:] max_lr: 0.0050, min_lr: 0.0000
[2023-07-26 03:02:26 - INFO:] ======================================
[2023-07-26 03:05:07 - INFO:] epoch: 167/200
[2023-07-26 03:05:07 - INFO:] learning_rate: 0.0010
[2023-07-26 03:05:07 - INFO:] train_acc: 91.5016%, train_loss: 0.0031
[2023-07-26 03:05:07 - INFO:] test_acc: 91.8720%, test_loss: 0.0030
[2023-07-26 03:05:07 - INFO:] max_train_acc: 91.6230%
[2023-07-26 03:05:07 - INFO:] max_test_acc: 92.1158%
[2023-07-26 03:05:07 - INFO:] max_lr: 0.0050, min_lr: 0.0000
[2023-07-26 03:05:07 - INFO:] ======================================
[2023-07-26 03:07:48 - INFO:] epoch: 168/200
[2023-07-26 03:07:48 - INFO:] learning_rate: 0.0005
[2023-07-26 03:07:48 - INFO:] train_acc: 91.5386%, train_loss: 0.0031
[2023-07-26 03:07:48 - INFO:] test_acc: 91.9808%, test_loss: 0.0030
[2023-07-26 03:07:48 - INFO:] max_train_acc: 91.6230%
[2023-07-26 03:07:48 - INFO:] max_test_acc: 92.1158%
[2023-07-26 03:07:48 - INFO:] max_lr: 0.0050, min_lr: 0.0000
[2023-07-26 03:07:48 - INFO:] ======================================
[2023-07-26 03:10:29 - INFO:] epoch: 169/200
[2023-07-26 03:10:29 - INFO:] learning_rate: 0.0001
[2023-07-26 03:10:29 - INFO:] train_acc: 91.5745%, train_loss: 0.0031
[2023-07-26 03:10:29 - INFO:] test_acc: 91.9504%, test_loss: 0.0030
[2023-07-26 03:10:29 - INFO:] max_train_acc: 91.6230%
[2023-07-26 03:10:29 - INFO:] max_test_acc: 92.1158%
[2023-07-26 03:10:29 - INFO:] max_lr: 0.0050, min_lr: 0.0000
[2023-07-26 03:10:29 - INFO:] ======================================
[2023-07-26 03:13:10 - INFO:] epoch: 170/200
[2023-07-26 03:13:10 - INFO:] learning_rate: 0.0000
[2023-07-26 03:13:10 - INFO:] train_acc: 91.5639%, train_loss: 0.0031
[2023-07-26 03:13:10 - INFO:] test_acc: 92.0157%, test_loss: 0.0030
[2023-07-26 03:13:10 - INFO:] max_train_acc: 91.6230%
[2023-07-26 03:13:10 - INFO:] max_test_acc: 92.1158%
[2023-07-26 03:13:10 - INFO:] max_lr: 0.0050, min_lr: 0.0000
[2023-07-26 03:13:10 - INFO:] ======================================
[2023-07-26 03:15:51 - INFO:] epoch: 171/200
[2023-07-26 03:15:51 - INFO:] learning_rate: 0.0001
[2023-07-26 03:15:51 - INFO:] train_acc: 91.5660%, train_loss: 0.0031
[2023-07-26 03:15:51 - INFO:] test_acc: 92.0157%, test_loss: 0.0030
[2023-07-26 03:15:51 - INFO:] max_train_acc: 91.6230%
[2023-07-26 03:15:51 - INFO:] max_test_acc: 92.1158%
[2023-07-26 03:15:51 - INFO:] max_lr: 0.0050, min_lr: 0.0000
[2023-07-26 03:15:51 - INFO:] ======================================
[2023-07-26 03:18:32 - INFO:] epoch: 172/200
[2023-07-26 03:18:32 - INFO:] learning_rate: 0.0005
[2023-07-26 03:18:32 - INFO:] train_acc: 91.5671%, train_loss: 0.0031
[2023-07-26 03:18:32 - INFO:] test_acc: 92.0026%, test_loss: 0.0030
[2023-07-26 03:18:32 - INFO:] max_train_acc: 91.6230%
[2023-07-26 03:18:32 - INFO:] max_test_acc: 92.1158%
[2023-07-26 03:18:32 - INFO:] max_lr: 0.0050, min_lr: 0.0000
[2023-07-26 03:18:32 - INFO:] ======================================
[2023-07-26 03:21:14 - INFO:] epoch: 173/200
[2023-07-26 03:21:14 - INFO:] learning_rate: 0.0010
[2023-07-26 03:21:14 - INFO:] train_acc: 91.5734%, train_loss: 0.0031
[2023-07-26 03:21:14 - INFO:] test_acc: 91.9983%, test_loss: 0.0030
[2023-07-26 03:21:14 - INFO:] max_train_acc: 91.6230%
[2023-07-26 03:21:14 - INFO:] max_test_acc: 92.1158%
[2023-07-26 03:21:14 - INFO:] max_lr: 0.0050, min_lr: 0.0000
[2023-07-26 03:21:14 - INFO:] ======================================
[2023-07-26 03:23:55 - INFO:] epoch: 174/200
[2023-07-26 03:23:55 - INFO:] learning_rate: 0.0017
[2023-07-26 03:23:55 - INFO:] train_acc: 91.5364%, train_loss: 0.0031
[2023-07-26 03:23:55 - INFO:] test_acc: 92.0418%, test_loss: 0.0030
[2023-07-26 03:23:55 - INFO:] max_train_acc: 91.6230%
[2023-07-26 03:23:55 - INFO:] max_test_acc: 92.1158%
[2023-07-26 03:23:55 - INFO:] max_lr: 0.0050, min_lr: 0.0000
[2023-07-26 03:23:55 - INFO:] ======================================
[2023-07-26 03:26:36 - INFO:] epoch: 175/200
[2023-07-26 03:26:36 - INFO:] learning_rate: 0.0025
[2023-07-26 03:26:36 - INFO:] train_acc: 91.5459%, train_loss: 0.0031
[2023-07-26 03:26:36 - INFO:] test_acc: 91.8677%, test_loss: 0.0030
[2023-07-26 03:26:36 - INFO:] max_train_acc: 91.6230%
[2023-07-26 03:26:36 - INFO:] max_test_acc: 92.1158%
[2023-07-26 03:26:36 - INFO:] max_lr: 0.0050, min_lr: 0.0000
[2023-07-26 03:26:36 - INFO:] ======================================
[2023-07-26 03:29:17 - INFO:] epoch: 176/200
[2023-07-26 03:29:17 - INFO:] learning_rate: 0.0033
[2023-07-26 03:29:17 - INFO:] train_acc: 91.5280%, train_loss: 0.0031
[2023-07-26 03:29:17 - INFO:] test_acc: 91.9808%, test_loss: 0.0030
[2023-07-26 03:29:17 - INFO:] max_train_acc: 91.6230%
[2023-07-26 03:29:17 - INFO:] max_test_acc: 92.1158%
[2023-07-26 03:29:17 - INFO:] max_lr: 0.0050, min_lr: 0.0000
[2023-07-26 03:29:17 - INFO:] ======================================
[2023-07-26 03:31:58 - INFO:] epoch: 177/200
[2023-07-26 03:31:58 - INFO:] learning_rate: 0.0040
[2023-07-26 03:31:58 - INFO:] train_acc: 91.5364%, train_loss: 0.0031
[2023-07-26 03:31:58 - INFO:] test_acc: 91.9504%, test_loss: 0.0030
[2023-07-26 03:31:58 - INFO:] max_train_acc: 91.6230%
[2023-07-26 03:31:58 - INFO:] max_test_acc: 92.1158%
[2023-07-26 03:31:58 - INFO:] max_lr: 0.0050, min_lr: 0.0000
[2023-07-26 03:31:58 - INFO:] ======================================
[2023-07-26 03:34:40 - INFO:] epoch: 178/200
[2023-07-26 03:34:40 - INFO:] learning_rate: 0.0045
[2023-07-26 03:34:40 - INFO:] train_acc: 91.4689%, train_loss: 0.0031
[2023-07-26 03:34:40 - INFO:] test_acc: 91.8024%, test_loss: 0.0030
[2023-07-26 03:34:40 - INFO:] max_train_acc: 91.6230%
[2023-07-26 03:34:40 - INFO:] max_test_acc: 92.1158%
[2023-07-26 03:34:40 - INFO:] max_lr: 0.0050, min_lr: 0.0000
[2023-07-26 03:34:40 - INFO:] ======================================
[2023-07-26 03:37:22 - INFO:] epoch: 179/200
[2023-07-26 03:37:22 - INFO:] learning_rate: 0.0049
[2023-07-26 03:37:22 - INFO:] train_acc: 91.5238%, train_loss: 0.0031
[2023-07-26 03:37:22 - INFO:] test_acc: 91.6456%, test_loss: 0.0031
[2023-07-26 03:37:22 - INFO:] max_train_acc: 91.6230%
[2023-07-26 03:37:22 - INFO:] max_test_acc: 92.1158%
[2023-07-26 03:37:22 - INFO:] max_lr: 0.0050, min_lr: 0.0000
[2023-07-26 03:37:22 - INFO:] ======================================
[2023-07-26 03:40:03 - INFO:] epoch: 180/200
[2023-07-26 03:40:03 - INFO:] learning_rate: 0.0050
[2023-07-26 03:40:03 - INFO:] train_acc: 91.4647%, train_loss: 0.0031
[2023-07-26 03:40:03 - INFO:] test_acc: 91.8067%, test_loss: 0.0030
[2023-07-26 03:40:03 - INFO:] max_train_acc: 91.6230%
[2023-07-26 03:40:03 - INFO:] max_test_acc: 92.1158%
[2023-07-26 03:40:03 - INFO:] max_lr: 0.0050, min_lr: 0.0000
[2023-07-26 03:40:03 - INFO:] ======================================
[2023-07-26 03:42:44 - INFO:] epoch: 181/200
[2023-07-26 03:42:44 - INFO:] learning_rate: 0.0049
[2023-07-26 03:42:44 - INFO:] train_acc: 91.5481%, train_loss: 0.0031
[2023-07-26 03:42:44 - INFO:] test_acc: 91.7327%, test_loss: 0.0031
[2023-07-26 03:42:44 - INFO:] max_train_acc: 91.6230%
[2023-07-26 03:42:44 - INFO:] max_test_acc: 92.1158%
[2023-07-26 03:42:44 - INFO:] max_lr: 0.0050, min_lr: 0.0000
[2023-07-26 03:42:44 - INFO:] ======================================
[2023-07-26 03:45:25 - INFO:] epoch: 182/200
[2023-07-26 03:45:25 - INFO:] learning_rate: 0.0045
[2023-07-26 03:45:25 - INFO:] train_acc: 91.5491%, train_loss: 0.0031
[2023-07-26 03:45:25 - INFO:] test_acc: 91.8502%, test_loss: 0.0030
[2023-07-26 03:45:25 - INFO:] max_train_acc: 91.6230%
[2023-07-26 03:45:25 - INFO:] max_test_acc: 92.1158%
[2023-07-26 03:45:25 - INFO:] max_lr: 0.0050, min_lr: 0.0000
[2023-07-26 03:45:25 - INFO:] ======================================
[2023-07-26 03:48:06 - INFO:] epoch: 183/200
[2023-07-26 03:48:06 - INFO:] learning_rate: 0.0040
[2023-07-26 03:48:06 - INFO:] train_acc: 91.4773%, train_loss: 0.0031
[2023-07-26 03:48:06 - INFO:] test_acc: 91.6761%, test_loss: 0.0031
[2023-07-26 03:48:06 - INFO:] max_train_acc: 91.6230%
[2023-07-26 03:48:06 - INFO:] max_test_acc: 92.1158%
[2023-07-26 03:48:06 - INFO:] max_lr: 0.0050, min_lr: 0.0000
[2023-07-26 03:48:06 - INFO:] ======================================
[2023-07-26 03:50:48 - INFO:] epoch: 184/200
[2023-07-26 03:50:48 - INFO:] learning_rate: 0.0033
[2023-07-26 03:50:48 - INFO:] train_acc: 91.4689%, train_loss: 0.0031
[2023-07-26 03:50:48 - INFO:] test_acc: 91.9939%, test_loss: 0.0030
[2023-07-26 03:50:48 - INFO:] max_train_acc: 91.6230%
[2023-07-26 03:50:48 - INFO:] max_test_acc: 92.1158%
[2023-07-26 03:50:48 - INFO:] max_lr: 0.0050, min_lr: 0.0000
[2023-07-26 03:50:48 - INFO:] ======================================
[2023-07-26 03:53:30 - INFO:] epoch: 185/200
[2023-07-26 03:53:30 - INFO:] learning_rate: 0.0025
[2023-07-26 03:53:30 - INFO:] train_acc: 91.5196%, train_loss: 0.0031
[2023-07-26 03:53:30 - INFO:] test_acc: 91.7719%, test_loss: 0.0030
[2023-07-26 03:53:30 - INFO:] max_train_acc: 91.6230%
[2023-07-26 03:53:30 - INFO:] max_test_acc: 92.1158%
[2023-07-26 03:53:30 - INFO:] max_lr: 0.0050, min_lr: 0.0000
[2023-07-26 03:53:30 - INFO:] ======================================
[2023-07-26 03:56:12 - INFO:] epoch: 186/200
[2023-07-26 03:56:12 - INFO:] learning_rate: 0.0017
[2023-07-26 03:56:12 - INFO:] train_acc: 91.4984%, train_loss: 0.0031
[2023-07-26 03:56:12 - INFO:] test_acc: 91.9242%, test_loss: 0.0030
[2023-07-26 03:56:12 - INFO:] max_train_acc: 91.6230%
[2023-07-26 03:56:12 - INFO:] max_test_acc: 92.1158%
[2023-07-26 03:56:12 - INFO:] max_lr: 0.0050, min_lr: 0.0000
[2023-07-26 03:56:12 - INFO:] ======================================
[2023-07-26 03:58:53 - INFO:] epoch: 187/200
[2023-07-26 03:58:53 - INFO:] learning_rate: 0.0010
[2023-07-26 03:58:53 - INFO:] train_acc: 91.5375%, train_loss: 0.0031
[2023-07-26 03:58:53 - INFO:] test_acc: 91.9373%, test_loss: 0.0030
[2023-07-26 03:58:53 - INFO:] max_train_acc: 91.6230%
[2023-07-26 03:58:53 - INFO:] max_test_acc: 92.1158%
[2023-07-26 03:58:53 - INFO:] max_lr: 0.0050, min_lr: 0.0000
[2023-07-26 03:58:53 - INFO:] ======================================
[2023-07-26 04:01:35 - INFO:] epoch: 188/200
[2023-07-26 04:01:35 - INFO:] learning_rate: 0.0005
[2023-07-26 04:01:35 - INFO:] train_acc: 91.5607%, train_loss: 0.0031
[2023-07-26 04:01:35 - INFO:] test_acc: 91.9417%, test_loss: 0.0030
[2023-07-26 04:01:35 - INFO:] max_train_acc: 91.6230%
[2023-07-26 04:01:35 - INFO:] max_test_acc: 92.1158%
[2023-07-26 04:01:35 - INFO:] max_lr: 0.0050, min_lr: 0.0000
[2023-07-26 04:01:35 - INFO:] ======================================
[2023-07-26 04:04:19 - INFO:] epoch: 189/200
[2023-07-26 04:04:19 - INFO:] learning_rate: 0.0001
[2023-07-26 04:04:19 - INFO:] train_acc: 91.5671%, train_loss: 0.0031
[2023-07-26 04:04:19 - INFO:] test_acc: 92.0636%, test_loss: 0.0030
[2023-07-26 04:04:19 - INFO:] max_train_acc: 91.6230%
[2023-07-26 04:04:19 - INFO:] max_test_acc: 92.1158%
[2023-07-26 04:04:19 - INFO:] max_lr: 0.0050, min_lr: 0.0000
[2023-07-26 04:04:19 - INFO:] ======================================
[2023-07-26 04:06:59 - INFO:] epoch: 190/200
[2023-07-26 04:06:59 - INFO:] learning_rate: 0.0000
[2023-07-26 04:06:59 - INFO:] train_acc: 91.5565%, train_loss: 0.0031
[2023-07-26 04:06:59 - INFO:] test_acc: 92.0244%, test_loss: 0.0030
[2023-07-26 04:06:59 - INFO:] max_train_acc: 91.6230%
[2023-07-26 04:06:59 - INFO:] max_test_acc: 92.1158%
[2023-07-26 04:06:59 - INFO:] max_lr: 0.0050, min_lr: 0.0000
[2023-07-26 04:06:59 - INFO:] ======================================
[2023-07-26 04:09:41 - INFO:] epoch: 191/200
[2023-07-26 04:09:41 - INFO:] learning_rate: 0.0001
[2023-07-26 04:09:41 - INFO:] train_acc: 91.5618%, train_loss: 0.0031
[2023-07-26 04:09:41 - INFO:] test_acc: 92.0157%, test_loss: 0.0030
[2023-07-26 04:09:41 - INFO:] max_train_acc: 91.6230%
[2023-07-26 04:09:41 - INFO:] max_test_acc: 92.1158%
[2023-07-26 04:09:41 - INFO:] max_lr: 0.0050, min_lr: 0.0000
[2023-07-26 04:09:41 - INFO:] ======================================
[2023-07-26 04:12:22 - INFO:] epoch: 192/200
[2023-07-26 04:12:22 - INFO:] learning_rate: 0.0005
[2023-07-26 04:12:22 - INFO:] train_acc: 91.5164%, train_loss: 0.0031
[2023-07-26 04:12:22 - INFO:] test_acc: 92.0026%, test_loss: 0.0030
[2023-07-26 04:12:22 - INFO:] max_train_acc: 91.6230%
[2023-07-26 04:12:22 - INFO:] max_test_acc: 92.1158%
[2023-07-26 04:12:22 - INFO:] max_lr: 0.0050, min_lr: 0.0000
[2023-07-26 04:12:22 - INFO:] ======================================
[2023-07-26 04:15:03 - INFO:] epoch: 193/200
[2023-07-26 04:15:03 - INFO:] learning_rate: 0.0010
[2023-07-26 04:15:03 - INFO:] train_acc: 91.5438%, train_loss: 0.0031
[2023-07-26 04:15:03 - INFO:] test_acc: 92.0461%, test_loss: 0.0030
[2023-07-26 04:15:03 - INFO:] max_train_acc: 91.6230%
[2023-07-26 04:15:03 - INFO:] max_test_acc: 92.1158%
[2023-07-26 04:15:03 - INFO:] max_lr: 0.0050, min_lr: 0.0000
[2023-07-26 04:15:03 - INFO:] ======================================
[2023-07-26 04:17:45 - INFO:] epoch: 194/200
[2023-07-26 04:17:45 - INFO:] learning_rate: 0.0017
[2023-07-26 04:17:45 - INFO:] train_acc: 91.5576%, train_loss: 0.0031
[2023-07-26 04:17:45 - INFO:] test_acc: 92.0679%, test_loss: 0.0030
[2023-07-26 04:17:45 - INFO:] max_train_acc: 91.6230%
[2023-07-26 04:17:45 - INFO:] max_test_acc: 92.1158%
[2023-07-26 04:17:45 - INFO:] max_lr: 0.0050, min_lr: 0.0000
[2023-07-26 04:17:45 - INFO:] ======================================
[2023-07-26 04:20:26 - INFO:] epoch: 195/200
[2023-07-26 04:20:26 - INFO:] learning_rate: 0.0025
[2023-07-26 04:20:26 - INFO:] train_acc: 91.5269%, train_loss: 0.0031
[2023-07-26 04:20:26 - INFO:] test_acc: 91.9286%, test_loss: 0.0030
[2023-07-26 04:20:26 - INFO:] max_train_acc: 91.6230%
[2023-07-26 04:20:26 - INFO:] max_test_acc: 92.1158%
[2023-07-26 04:20:26 - INFO:] max_lr: 0.0050, min_lr: 0.0000
[2023-07-26 04:20:26 - INFO:] ======================================
[2023-07-26 04:23:07 - INFO:] epoch: 196/200
[2023-07-26 04:23:07 - INFO:] learning_rate: 0.0033
[2023-07-26 04:23:07 - INFO:] train_acc: 91.5143%, train_loss: 0.0031
[2023-07-26 04:23:07 - INFO:] test_acc: 91.9547%, test_loss: 0.0030
[2023-07-26 04:23:07 - INFO:] max_train_acc: 91.6230%
[2023-07-26 04:23:07 - INFO:] max_test_acc: 92.1158%
[2023-07-26 04:23:07 - INFO:] max_lr: 0.0050, min_lr: 0.0000
[2023-07-26 04:23:07 - INFO:] ======================================
[2023-07-26 04:25:48 - INFO:] epoch: 197/200
[2023-07-26 04:25:48 - INFO:] learning_rate: 0.0040
[2023-07-26 04:25:48 - INFO:] train_acc: 91.5555%, train_loss: 0.0031
[2023-07-26 04:25:48 - INFO:] test_acc: 91.7762%, test_loss: 0.0030
[2023-07-26 04:25:48 - INFO:] max_train_acc: 91.6230%
[2023-07-26 04:25:48 - INFO:] max_test_acc: 92.1158%
[2023-07-26 04:25:48 - INFO:] max_lr: 0.0050, min_lr: 0.0000
[2023-07-26 04:25:48 - INFO:] ======================================
[2023-07-26 04:28:29 - INFO:] epoch: 198/200
[2023-07-26 04:28:29 - INFO:] learning_rate: 0.0045
[2023-07-26 04:28:29 - INFO:] train_acc: 91.4815%, train_loss: 0.0031
[2023-07-26 04:28:29 - INFO:] test_acc: 91.8764%, test_loss: 0.0030
[2023-07-26 04:28:29 - INFO:] max_train_acc: 91.6230%
[2023-07-26 04:28:29 - INFO:] max_test_acc: 92.1158%
[2023-07-26 04:28:29 - INFO:] max_lr: 0.0050, min_lr: 0.0000
[2023-07-26 04:28:29 - INFO:] ======================================
[2023-07-26 04:31:10 - INFO:] epoch: 199/200
[2023-07-26 04:31:10 - INFO:] learning_rate: 0.0049
[2023-07-26 04:31:10 - INFO:] train_acc: 91.4921%, train_loss: 0.0031
[2023-07-26 04:31:10 - INFO:] test_acc: 92.0070%, test_loss: 0.0030
[2023-07-26 04:31:10 - INFO:] max_train_acc: 91.6230%
[2023-07-26 04:31:10 - INFO:] max_test_acc: 92.1158%
[2023-07-26 04:31:10 - INFO:] max_lr: 0.0050, min_lr: 0.0000
[2023-07-26 04:31:10 - INFO:] ======================================
[2023-07-26 04:33:52 - INFO:] epoch: 200/200
[2023-07-26 04:33:52 - INFO:] learning_rate: 0.0050
[2023-07-26 04:33:52 - INFO:] train_acc: 91.4889%, train_loss: 0.0031
[2023-07-26 04:33:52 - INFO:] test_acc: 91.7849%, test_loss: 0.0030
[2023-07-26 04:33:52 - INFO:] max_train_acc: 91.6230%
[2023-07-26 04:33:52 - INFO:] max_test_acc: 92.1158%
[2023-07-26 04:33:52 - INFO:] max_lr: 0.0050, min_lr: 0.0000
[2023-07-26 04:33:52 - INFO:] ======================================
