[2023-0728 0956 - INFO] <<< BEATs_iter3_plus_AS2M - 2 fc layers>>>
[2023-0728 0956 - INFO] # trainset_size = 17010
[2023-0728 0956 - INFO] # testset_size = 22970
[2023-0728 0956 - INFO] # train_a/p = 8505/8505
[2023-0728 0956 - INFO] # test_a/p = 20866/2050
[2023-0728 0956 - INFO] # batch_size = 64
[2023-0728 0956 - INFO] # learning_rate = 0.0001
[2023-0728 0956 - INFO] # num_epochs = 100
[2023-0728 0956 - INFO] # padding_size = 3500
[2023-0728 0956 - INFO] # criterion = CrossEntropyLoss()
[2023-0728 0956 - INFO] # scheduler = None
[2023-0728 0956 - INFO] # optimizer = AdamW (
Parameter Group 0
    amsgrad: False
    betas: (0.9, 0.98)
    capturable: False
    differentiable: False
    eps: 1e-08
    foreach: None
    fused: None
    lr: 0.0001
    maximize: False
    weight_decay: 0.01
)
[2023-0728 0956 - INFO] -------------------------------
[2023-0728 0957 - INFO] epoch: 1/100
[2023-0728 0957 - INFO] learning_rate: 0.0001
[2023-0728 0957 - INFO] train_acc: 66.432%, train_loss: 0.0105
[2023-0728 0957 - INFO] test_acc: 66.613%, test_loss: 0.0102
[2023-0728 0957 - INFO] max_train_acc: 66.432%
[2023-0728 0957 - INFO] max_test_acc: 66.613%
[2023-0728 0957 - INFO] max_lr: 0.0001, min_lr: 0.0001
[2023-0728 0957 - INFO] ======================================
[2023-0728 0958 - INFO] epoch: 2/100
[2023-0728 0958 - INFO] learning_rate: 0.0001
[2023-0728 0958 - INFO] train_acc: 69.424%, train_loss: 0.0100
[2023-0728 0958 - INFO] test_acc: 66.657%, test_loss: 0.0099
[2023-0728 0958 - INFO] max_train_acc: 69.424%
[2023-0728 0958 - INFO] max_test_acc: 66.657%
[2023-0728 0958 - INFO] max_lr: 0.0001, min_lr: 0.0001
[2023-0728 0958 - INFO] ======================================
[2023-0728 0959 - INFO] epoch: 3/100
[2023-0728 0959 - INFO] learning_rate: 0.0001
[2023-0728 0959 - INFO] train_acc: 69.383%, train_loss: 0.0097
[2023-0728 0959 - INFO] test_acc: 66.678%, test_loss: 0.0096
[2023-0728 0959 - INFO] max_train_acc: 69.424%
[2023-0728 0959 - INFO] max_test_acc: 66.678%
[2023-0728 0959 - INFO] max_lr: 0.0001, min_lr: 0.0001
[2023-0728 0959 - INFO] ======================================
[2023-0728 1000 - INFO] epoch: 4/100
[2023-0728 1000 - INFO] learning_rate: 0.0001
[2023-0728 1000 - INFO] train_acc: 69.342%, train_loss: 0.0095
[2023-0728 1000 - INFO] test_acc: 66.717%, test_loss: 0.0094
[2023-0728 1000 - INFO] max_train_acc: 69.424%
[2023-0728 1000 - INFO] max_test_acc: 66.717%
[2023-0728 1000 - INFO] max_lr: 0.0001, min_lr: 0.0001
[2023-0728 1000 - INFO] ======================================
[2023-0728 1001 - INFO] epoch: 5/100
[2023-0728 1001 - INFO] learning_rate: 0.0001
[2023-0728 1001 - INFO] train_acc: 69.565%, train_loss: 0.0094
[2023-0728 1001 - INFO] test_acc: 66.778%, test_loss: 0.0094
[2023-0728 1001 - INFO] max_train_acc: 69.565%
[2023-0728 1001 - INFO] max_test_acc: 66.778%
[2023-0728 1001 - INFO] max_lr: 0.0001, min_lr: 0.0001
[2023-0728 1001 - INFO] ======================================
[2023-0728 1002 - INFO] epoch: 6/100
[2023-0728 1002 - INFO] learning_rate: 0.0001
[2023-0728 1002 - INFO] train_acc: 69.671%, train_loss: 0.0093
[2023-0728 1002 - INFO] test_acc: 66.887%, test_loss: 0.0093
[2023-0728 1002 - INFO] max_train_acc: 69.671%
[2023-0728 1002 - INFO] max_test_acc: 66.887%
[2023-0728 1002 - INFO] max_lr: 0.0001, min_lr: 0.0001
[2023-0728 1002 - INFO] ======================================
[2023-0728 1003 - INFO] epoch: 7/100
[2023-0728 1003 - INFO] learning_rate: 0.0001
[2023-0728 1003 - INFO] train_acc: 69.847%, train_loss: 0.0093
[2023-0728 1003 - INFO] test_acc: 66.992%, test_loss: 0.0093
[2023-0728 1003 - INFO] max_train_acc: 69.847%
[2023-0728 1003 - INFO] max_test_acc: 66.992%
[2023-0728 1003 - INFO] max_lr: 0.0001, min_lr: 0.0001
[2023-0728 1003 - INFO] ======================================
[2023-0728 1004 - INFO] epoch: 8/100
[2023-0728 1004 - INFO] learning_rate: 0.0001
[2023-0728 1004 - INFO] train_acc: 70.076%, train_loss: 0.0092
[2023-0728 1004 - INFO] test_acc: 67.427%, test_loss: 0.0091
[2023-0728 1004 - INFO] max_train_acc: 70.076%
[2023-0728 1004 - INFO] max_test_acc: 67.427%
[2023-0728 1004 - INFO] max_lr: 0.0001, min_lr: 0.0001
[2023-0728 1004 - INFO] ======================================
[2023-0728 1005 - INFO] epoch: 9/100
[2023-0728 1005 - INFO] learning_rate: 0.0001
[2023-0728 1005 - INFO] train_acc: 70.447%, train_loss: 0.0092
[2023-0728 1005 - INFO] test_acc: 67.767%, test_loss: 0.0091
[2023-0728 1005 - INFO] max_train_acc: 70.447%
[2023-0728 1005 - INFO] max_test_acc: 67.767%
[2023-0728 1005 - INFO] max_lr: 0.0001, min_lr: 0.0001
[2023-0728 1005 - INFO] ======================================
[2023-0728 1006 - INFO] epoch: 10/100
[2023-0728 1006 - INFO] learning_rate: 0.0001
[2023-0728 1006 - INFO] train_acc: 70.817%, train_loss: 0.0091
[2023-0728 1006 - INFO] test_acc: 68.659%, test_loss: 0.0090
[2023-0728 1006 - INFO] max_train_acc: 70.817%
[2023-0728 1006 - INFO] max_test_acc: 68.659%
[2023-0728 1006 - INFO] max_lr: 0.0001, min_lr: 0.0001
[2023-0728 1006 - INFO] ======================================
[2023-0728 1007 - INFO] epoch: 11/100
[2023-0728 1007 - INFO] learning_rate: 0.0001
[2023-0728 1007 - INFO] train_acc: 71.158%, train_loss: 0.0091
[2023-0728 1007 - INFO] test_acc: 70.592%, test_loss: 0.0089
[2023-0728 1007 - INFO] max_train_acc: 71.158%
[2023-0728 1007 - INFO] max_test_acc: 70.592%
[2023-0728 1007 - INFO] max_lr: 0.0001, min_lr: 0.0001
[2023-0728 1007 - INFO] ======================================
[2023-0728 1008 - INFO] epoch: 12/100
[2023-0728 1008 - INFO] learning_rate: 0.0001
[2023-0728 1008 - INFO] train_acc: 71.487%, train_loss: 0.0091
[2023-0728 1008 - INFO] test_acc: 71.846%, test_loss: 0.0088
[2023-0728 1008 - INFO] max_train_acc: 71.487%
[2023-0728 1008 - INFO] max_test_acc: 71.846%
[2023-0728 1008 - INFO] max_lr: 0.0001, min_lr: 0.0001
[2023-0728 1008 - INFO] ======================================
[2023-0728 1010 - INFO] epoch: 13/100
[2023-0728 1010 - INFO] learning_rate: 0.0001
[2023-0728 1010 - INFO] train_acc: 72.087%, train_loss: 0.0090
[2023-0728 1010 - INFO] test_acc: 73.927%, test_loss: 0.0087
[2023-0728 1010 - INFO] max_train_acc: 72.087%
[2023-0728 1010 - INFO] max_test_acc: 73.927%
[2023-0728 1010 - INFO] max_lr: 0.0001, min_lr: 0.0001
[2023-0728 1010 - INFO] ======================================
[2023-0728 1011 - INFO] epoch: 14/100
[2023-0728 1011 - INFO] learning_rate: 0.0001
[2023-0728 1011 - INFO] train_acc: 72.222%, train_loss: 0.0090
[2023-0728 1011 - INFO] test_acc: 75.098%, test_loss: 0.0086
[2023-0728 1011 - INFO] max_train_acc: 72.222%
[2023-0728 1011 - INFO] max_test_acc: 75.098%
[2023-0728 1011 - INFO] max_lr: 0.0001, min_lr: 0.0001
[2023-0728 1011 - INFO] ======================================
[2023-0728 1012 - INFO] epoch: 15/100
[2023-0728 1012 - INFO] learning_rate: 0.0001
[2023-0728 1012 - INFO] train_acc: 72.522%, train_loss: 0.0090
[2023-0728 1012 - INFO] test_acc: 75.268%, test_loss: 0.0087
[2023-0728 1012 - INFO] max_train_acc: 72.522%
[2023-0728 1012 - INFO] max_test_acc: 75.268%
[2023-0728 1012 - INFO] max_lr: 0.0001, min_lr: 0.0001
[2023-0728 1012 - INFO] ======================================
[2023-0728 1013 - INFO] epoch: 16/100
[2023-0728 1013 - INFO] learning_rate: 0.0001
[2023-0728 1013 - INFO] train_acc: 72.798%, train_loss: 0.0089
[2023-0728 1013 - INFO] test_acc: 76.156%, test_loss: 0.0086
[2023-0728 1013 - INFO] max_train_acc: 72.798%
[2023-0728 1013 - INFO] max_test_acc: 76.156%
[2023-0728 1013 - INFO] max_lr: 0.0001, min_lr: 0.0001
[2023-0728 1013 - INFO] ======================================
[2023-0728 1014 - INFO] epoch: 17/100
[2023-0728 1014 - INFO] learning_rate: 0.0001
[2023-0728 1014 - INFO] train_acc: 72.775%, train_loss: 0.0089
[2023-0728 1014 - INFO] test_acc: 76.308%, test_loss: 0.0086
[2023-0728 1014 - INFO] max_train_acc: 72.798%
[2023-0728 1014 - INFO] max_test_acc: 76.308%
[2023-0728 1014 - INFO] max_lr: 0.0001, min_lr: 0.0001
[2023-0728 1014 - INFO] ======================================
[2023-0728 1015 - INFO] epoch: 18/100
[2023-0728 1015 - INFO] learning_rate: 0.0001
[2023-0728 1015 - INFO] train_acc: 73.081%, train_loss: 0.0089
[2023-0728 1015 - INFO] test_acc: 76.613%, test_loss: 0.0085
[2023-0728 1015 - INFO] max_train_acc: 73.081%
[2023-0728 1015 - INFO] max_test_acc: 76.613%
[2023-0728 1015 - INFO] max_lr: 0.0001, min_lr: 0.0001
[2023-0728 1015 - INFO] ======================================
[2023-0728 1016 - INFO] epoch: 19/100
[2023-0728 1016 - INFO] learning_rate: 0.0001
[2023-0728 1016 - INFO] train_acc: 73.463%, train_loss: 0.0089
[2023-0728 1016 - INFO] test_acc: 77.109%, test_loss: 0.0085
[2023-0728 1016 - INFO] max_train_acc: 73.463%
[2023-0728 1016 - INFO] max_test_acc: 77.109%
[2023-0728 1016 - INFO] max_lr: 0.0001, min_lr: 0.0001
[2023-0728 1016 - INFO] ======================================
[2023-0728 1017 - INFO] epoch: 20/100
[2023-0728 1017 - INFO] learning_rate: 0.0001
[2023-0728 1017 - INFO] train_acc: 73.898%, train_loss: 0.0089
[2023-0728 1017 - INFO] test_acc: 77.179%, test_loss: 0.0085
[2023-0728 1017 - INFO] max_train_acc: 73.898%
[2023-0728 1017 - INFO] max_test_acc: 77.179%
[2023-0728 1017 - INFO] max_lr: 0.0001, min_lr: 0.0001
[2023-0728 1017 - INFO] ======================================
[2023-0728 1018 - INFO] epoch: 21/100
[2023-0728 1018 - INFO] learning_rate: 0.0001
[2023-0728 1018 - INFO] train_acc: 73.486%, train_loss: 0.0089
[2023-0728 1018 - INFO] test_acc: 76.909%, test_loss: 0.0085
[2023-0728 1018 - INFO] max_train_acc: 73.898%
[2023-0728 1018 - INFO] max_test_acc: 77.179%
[2023-0728 1018 - INFO] max_lr: 0.0001, min_lr: 0.0001
[2023-0728 1018 - INFO] ======================================
[2023-0728 1019 - INFO] epoch: 22/100
[2023-0728 1019 - INFO] learning_rate: 0.0001
[2023-0728 1019 - INFO] train_acc: 73.733%, train_loss: 0.0088
[2023-0728 1019 - INFO] test_acc: 77.227%, test_loss: 0.0085
[2023-0728 1019 - INFO] max_train_acc: 73.898%
[2023-0728 1019 - INFO] max_test_acc: 77.227%
[2023-0728 1019 - INFO] max_lr: 0.0001, min_lr: 0.0001
[2023-0728 1019 - INFO] ======================================
[2023-0728 1020 - INFO] epoch: 23/100
[2023-0728 1020 - INFO] learning_rate: 0.0001
[2023-0728 1020 - INFO] train_acc: 74.033%, train_loss: 0.0088
[2023-0728 1020 - INFO] test_acc: 77.649%, test_loss: 0.0084
[2023-0728 1020 - INFO] max_train_acc: 74.033%
[2023-0728 1020 - INFO] max_test_acc: 77.649%
[2023-0728 1020 - INFO] max_lr: 0.0001, min_lr: 0.0001
[2023-0728 1020 - INFO] ======================================
[2023-0728 1021 - INFO] epoch: 24/100
[2023-0728 1021 - INFO] learning_rate: 0.0001
[2023-0728 1021 - INFO] train_acc: 73.839%, train_loss: 0.0088
[2023-0728 1021 - INFO] test_acc: 77.714%, test_loss: 0.0084
[2023-0728 1021 - INFO] max_train_acc: 74.033%
[2023-0728 1021 - INFO] max_test_acc: 77.714%
[2023-0728 1021 - INFO] max_lr: 0.0001, min_lr: 0.0001
[2023-0728 1021 - INFO] ======================================
[2023-0728 1022 - INFO] epoch: 25/100
[2023-0728 1022 - INFO] learning_rate: 0.0001
[2023-0728 1022 - INFO] train_acc: 74.068%, train_loss: 0.0088
[2023-0728 1022 - INFO] test_acc: 77.958%, test_loss: 0.0083
[2023-0728 1022 - INFO] max_train_acc: 74.068%
[2023-0728 1022 - INFO] max_test_acc: 77.958%
[2023-0728 1022 - INFO] max_lr: 0.0001, min_lr: 0.0001
[2023-0728 1022 - INFO] ======================================
[2023-0728 1023 - INFO] epoch: 26/100
[2023-0728 1023 - INFO] learning_rate: 0.0001
[2023-0728 1023 - INFO] train_acc: 74.245%, train_loss: 0.0088
[2023-0728 1023 - INFO] test_acc: 78.084%, test_loss: 0.0083
[2023-0728 1023 - INFO] max_train_acc: 74.245%
[2023-0728 1023 - INFO] max_test_acc: 78.084%
[2023-0728 1023 - INFO] max_lr: 0.0001, min_lr: 0.0001
[2023-0728 1023 - INFO] ======================================
[2023-0728 1024 - INFO] epoch: 27/100
[2023-0728 1024 - INFO] learning_rate: 0.0001
[2023-0728 1024 - INFO] train_acc: 74.280%, train_loss: 0.0087
[2023-0728 1024 - INFO] test_acc: 77.971%, test_loss: 0.0083
[2023-0728 1024 - INFO] max_train_acc: 74.280%
[2023-0728 1024 - INFO] max_test_acc: 78.084%
[2023-0728 1024 - INFO] max_lr: 0.0001, min_lr: 0.0001
[2023-0728 1024 - INFO] ======================================
[2023-0728 1025 - INFO] epoch: 28/100
[2023-0728 1025 - INFO] learning_rate: 0.0001
[2023-0728 1025 - INFO] train_acc: 74.074%, train_loss: 0.0087
[2023-0728 1025 - INFO] test_acc: 77.741%, test_loss: 0.0084
[2023-0728 1025 - INFO] max_train_acc: 74.280%
[2023-0728 1025 - INFO] max_test_acc: 78.084%
[2023-0728 1025 - INFO] max_lr: 0.0001, min_lr: 0.0001
[2023-0728 1025 - INFO] ======================================
[2023-0728 1026 - INFO] epoch: 29/100
[2023-0728 1026 - INFO] learning_rate: 0.0001
[2023-0728 1026 - INFO] train_acc: 74.109%, train_loss: 0.0088
[2023-0728 1026 - INFO] test_acc: 78.163%, test_loss: 0.0083
[2023-0728 1026 - INFO] max_train_acc: 74.280%
[2023-0728 1026 - INFO] max_test_acc: 78.163%
[2023-0728 1026 - INFO] max_lr: 0.0001, min_lr: 0.0001
[2023-0728 1026 - INFO] ======================================
[2023-0728 1027 - INFO] epoch: 30/100
[2023-0728 1027 - INFO] learning_rate: 0.0001
[2023-0728 1027 - INFO] train_acc: 74.439%, train_loss: 0.0087
[2023-0728 1027 - INFO] test_acc: 77.884%, test_loss: 0.0083
[2023-0728 1027 - INFO] max_train_acc: 74.439%
[2023-0728 1027 - INFO] max_test_acc: 78.163%
[2023-0728 1027 - INFO] max_lr: 0.0001, min_lr: 0.0001
[2023-0728 1027 - INFO] ======================================
[2023-0728 1028 - INFO] epoch: 31/100
[2023-0728 1028 - INFO] learning_rate: 0.0001
[2023-0728 1028 - INFO] train_acc: 74.245%, train_loss: 0.0087
[2023-0728 1028 - INFO] test_acc: 77.993%, test_loss: 0.0083
[2023-0728 1028 - INFO] max_train_acc: 74.439%
[2023-0728 1028 - INFO] max_test_acc: 78.163%
[2023-0728 1028 - INFO] max_lr: 0.0001, min_lr: 0.0001
[2023-0728 1028 - INFO] ======================================
[2023-0728 1029 - INFO] epoch: 32/100
[2023-0728 1029 - INFO] learning_rate: 0.0001
[2023-0728 1029 - INFO] train_acc: 74.309%, train_loss: 0.0087
[2023-0728 1029 - INFO] test_acc: 78.276%, test_loss: 0.0082
[2023-0728 1029 - INFO] max_train_acc: 74.439%
[2023-0728 1029 - INFO] max_test_acc: 78.276%
[2023-0728 1029 - INFO] max_lr: 0.0001, min_lr: 0.0001
[2023-0728 1029 - INFO] ======================================
[2023-0728 1030 - INFO] epoch: 33/100
[2023-0728 1030 - INFO] learning_rate: 0.0001
[2023-0728 1030 - INFO] train_acc: 74.568%, train_loss: 0.0087
[2023-0728 1030 - INFO] test_acc: 78.128%, test_loss: 0.0082
[2023-0728 1030 - INFO] max_train_acc: 74.568%
[2023-0728 1030 - INFO] max_test_acc: 78.276%
[2023-0728 1030 - INFO] max_lr: 0.0001, min_lr: 0.0001
[2023-0728 1030 - INFO] ======================================
[2023-0728 1031 - INFO] epoch: 34/100
[2023-0728 1031 - INFO] learning_rate: 0.0001
[2023-0728 1031 - INFO] train_acc: 74.586%, train_loss: 0.0087
[2023-0728 1031 - INFO] test_acc: 77.836%, test_loss: 0.0083
[2023-0728 1031 - INFO] max_train_acc: 74.586%
[2023-0728 1031 - INFO] max_test_acc: 78.276%
[2023-0728 1031 - INFO] max_lr: 0.0001, min_lr: 0.0001
[2023-0728 1031 - INFO] ======================================
[2023-0728 1032 - INFO] epoch: 35/100
[2023-0728 1032 - INFO] learning_rate: 0.0001
[2023-0728 1032 - INFO] train_acc: 74.733%, train_loss: 0.0087
[2023-0728 1032 - INFO] test_acc: 77.906%, test_loss: 0.0083
[2023-0728 1032 - INFO] max_train_acc: 74.733%
[2023-0728 1032 - INFO] max_test_acc: 78.276%
[2023-0728 1032 - INFO] max_lr: 0.0001, min_lr: 0.0001
[2023-0728 1032 - INFO] ======================================
[2023-0728 1033 - INFO] epoch: 36/100
[2023-0728 1033 - INFO] learning_rate: 0.0001
[2023-0728 1033 - INFO] train_acc: 74.550%, train_loss: 0.0087
[2023-0728 1033 - INFO] test_acc: 77.923%, test_loss: 0.0083
[2023-0728 1033 - INFO] max_train_acc: 74.733%
[2023-0728 1033 - INFO] max_test_acc: 78.276%
[2023-0728 1033 - INFO] max_lr: 0.0001, min_lr: 0.0001
[2023-0728 1033 - INFO] ======================================
[2023-0728 1034 - INFO] epoch: 37/100
[2023-0728 1034 - INFO] learning_rate: 0.0001
[2023-0728 1034 - INFO] train_acc: 74.509%, train_loss: 0.0087
[2023-0728 1034 - INFO] test_acc: 77.815%, test_loss: 0.0083
[2023-0728 1034 - INFO] max_train_acc: 74.733%
[2023-0728 1034 - INFO] max_test_acc: 78.276%
[2023-0728 1034 - INFO] max_lr: 0.0001, min_lr: 0.0001
[2023-0728 1034 - INFO] ======================================
[2023-0728 1035 - INFO] epoch: 38/100
[2023-0728 1035 - INFO] learning_rate: 0.0001
[2023-0728 1035 - INFO] train_acc: 74.550%, train_loss: 0.0087
[2023-0728 1035 - INFO] test_acc: 78.050%, test_loss: 0.0082
[2023-0728 1035 - INFO] max_train_acc: 74.733%
[2023-0728 1035 - INFO] max_test_acc: 78.276%
[2023-0728 1035 - INFO] max_lr: 0.0001, min_lr: 0.0001
[2023-0728 1035 - INFO] ======================================
[2023-0728 1036 - INFO] epoch: 39/100
[2023-0728 1036 - INFO] learning_rate: 0.0001
[2023-0728 1036 - INFO] train_acc: 74.709%, train_loss: 0.0087
[2023-0728 1036 - INFO] test_acc: 78.067%, test_loss: 0.0082
[2023-0728 1036 - INFO] max_train_acc: 74.733%
[2023-0728 1036 - INFO] max_test_acc: 78.276%
[2023-0728 1036 - INFO] max_lr: 0.0001, min_lr: 0.0001
[2023-0728 1036 - INFO] ======================================
[2023-0728 1037 - INFO] epoch: 40/100
[2023-0728 1037 - INFO] learning_rate: 0.0001
[2023-0728 1037 - INFO] train_acc: 74.921%, train_loss: 0.0086
[2023-0728 1037 - INFO] test_acc: 78.302%, test_loss: 0.0082
[2023-0728 1037 - INFO] max_train_acc: 74.921%
[2023-0728 1037 - INFO] max_test_acc: 78.302%
[2023-0728 1037 - INFO] max_lr: 0.0001, min_lr: 0.0001
[2023-0728 1037 - INFO] ======================================
[2023-0728 1038 - INFO] epoch: 41/100
[2023-0728 1038 - INFO] learning_rate: 0.0001
[2023-0728 1038 - INFO] train_acc: 74.956%, train_loss: 0.0087
[2023-0728 1038 - INFO] test_acc: 78.694%, test_loss: 0.0081
[2023-0728 1038 - INFO] max_train_acc: 74.956%
[2023-0728 1038 - INFO] max_test_acc: 78.694%
[2023-0728 1038 - INFO] max_lr: 0.0001, min_lr: 0.0001
[2023-0728 1038 - INFO] ======================================
[2023-0728 1039 - INFO] epoch: 42/100
[2023-0728 1039 - INFO] learning_rate: 0.0001
[2023-0728 1039 - INFO] train_acc: 74.844%, train_loss: 0.0087
[2023-0728 1039 - INFO] test_acc: 78.402%, test_loss: 0.0082
[2023-0728 1039 - INFO] max_train_acc: 74.956%
[2023-0728 1039 - INFO] max_test_acc: 78.694%
[2023-0728 1039 - INFO] max_lr: 0.0001, min_lr: 0.0001
[2023-0728 1039 - INFO] ======================================
[2023-0728 1040 - INFO] epoch: 43/100
[2023-0728 1040 - INFO] learning_rate: 0.0001
[2023-0728 1040 - INFO] train_acc: 74.921%, train_loss: 0.0086
[2023-0728 1040 - INFO] test_acc: 78.328%, test_loss: 0.0082
[2023-0728 1040 - INFO] max_train_acc: 74.956%
[2023-0728 1040 - INFO] max_test_acc: 78.694%
[2023-0728 1040 - INFO] max_lr: 0.0001, min_lr: 0.0001
[2023-0728 1040 - INFO] ======================================
[2023-0728 1041 - INFO] epoch: 44/100
[2023-0728 1041 - INFO] learning_rate: 0.0001
[2023-0728 1041 - INFO] train_acc: 74.744%, train_loss: 0.0086
[2023-0728 1041 - INFO] test_acc: 78.468%, test_loss: 0.0081
[2023-0728 1041 - INFO] max_train_acc: 74.956%
[2023-0728 1041 - INFO] max_test_acc: 78.694%
[2023-0728 1041 - INFO] max_lr: 0.0001, min_lr: 0.0001
[2023-0728 1041 - INFO] ======================================
[2023-0728 1042 - INFO] epoch: 45/100
[2023-0728 1042 - INFO] learning_rate: 0.0001
[2023-0728 1042 - INFO] train_acc: 74.932%, train_loss: 0.0086
[2023-0728 1042 - INFO] test_acc: 78.476%, test_loss: 0.0081
[2023-0728 1042 - INFO] max_train_acc: 74.956%
[2023-0728 1042 - INFO] max_test_acc: 78.694%
[2023-0728 1042 - INFO] max_lr: 0.0001, min_lr: 0.0001
[2023-0728 1042 - INFO] ======================================
[2023-0728 1043 - INFO] epoch: 46/100
[2023-0728 1043 - INFO] learning_rate: 0.0001
[2023-0728 1043 - INFO] train_acc: 74.974%, train_loss: 0.0086
[2023-0728 1043 - INFO] test_acc: 78.468%, test_loss: 0.0081
[2023-0728 1043 - INFO] max_train_acc: 74.974%
[2023-0728 1043 - INFO] max_test_acc: 78.694%
[2023-0728 1043 - INFO] max_lr: 0.0001, min_lr: 0.0001
[2023-0728 1043 - INFO] ======================================
[2023-0728 1044 - INFO] epoch: 47/100
[2023-0728 1044 - INFO] learning_rate: 0.0001
[2023-0728 1044 - INFO] train_acc: 74.991%, train_loss: 0.0086
[2023-0728 1044 - INFO] test_acc: 78.603%, test_loss: 0.0081
[2023-0728 1044 - INFO] max_train_acc: 74.991%
[2023-0728 1044 - INFO] max_test_acc: 78.694%
[2023-0728 1044 - INFO] max_lr: 0.0001, min_lr: 0.0001
[2023-0728 1044 - INFO] ======================================
[2023-0728 1045 - INFO] epoch: 48/100
[2023-0728 1045 - INFO] learning_rate: 0.0001
[2023-0728 1045 - INFO] train_acc: 74.950%, train_loss: 0.0086
[2023-0728 1045 - INFO] test_acc: 78.698%, test_loss: 0.0081
[2023-0728 1045 - INFO] max_train_acc: 74.991%
[2023-0728 1045 - INFO] max_test_acc: 78.698%
[2023-0728 1045 - INFO] max_lr: 0.0001, min_lr: 0.0001
[2023-0728 1045 - INFO] ======================================
[2023-0728 1046 - INFO] epoch: 49/100
[2023-0728 1046 - INFO] learning_rate: 0.0001
[2023-0728 1046 - INFO] train_acc: 74.932%, train_loss: 0.0086
[2023-0728 1046 - INFO] test_acc: 78.825%, test_loss: 0.0081
[2023-0728 1046 - INFO] max_train_acc: 74.991%
[2023-0728 1046 - INFO] max_test_acc: 78.825%
[2023-0728 1046 - INFO] max_lr: 0.0001, min_lr: 0.0001
[2023-0728 1046 - INFO] ======================================
[2023-0728 1047 - INFO] epoch: 50/100
[2023-0728 1047 - INFO] learning_rate: 0.0001
[2023-0728 1047 - INFO] train_acc: 74.868%, train_loss: 0.0086
[2023-0728 1047 - INFO] test_acc: 79.073%, test_loss: 0.0080
[2023-0728 1047 - INFO] max_train_acc: 74.991%
[2023-0728 1047 - INFO] max_test_acc: 79.073%
[2023-0728 1047 - INFO] max_lr: 0.0001, min_lr: 0.0001
[2023-0728 1047 - INFO] ======================================
[2023-0728 1048 - INFO] epoch: 51/100
[2023-0728 1048 - INFO] learning_rate: 0.0001
[2023-0728 1048 - INFO] train_acc: 74.656%, train_loss: 0.0086
[2023-0728 1048 - INFO] test_acc: 78.798%, test_loss: 0.0081
[2023-0728 1048 - INFO] max_train_acc: 74.991%
[2023-0728 1048 - INFO] max_test_acc: 79.073%
[2023-0728 1048 - INFO] max_lr: 0.0001, min_lr: 0.0001
[2023-0728 1048 - INFO] ======================================
[2023-0728 1049 - INFO] epoch: 52/100
[2023-0728 1049 - INFO] learning_rate: 0.0001
[2023-0728 1049 - INFO] train_acc: 75.144%, train_loss: 0.0086
[2023-0728 1049 - INFO] test_acc: 78.437%, test_loss: 0.0081
[2023-0728 1049 - INFO] max_train_acc: 75.144%
[2023-0728 1049 - INFO] max_test_acc: 79.073%
[2023-0728 1049 - INFO] max_lr: 0.0001, min_lr: 0.0001
[2023-0728 1049 - INFO] ======================================
[2023-0728 1050 - INFO] epoch: 53/100
[2023-0728 1050 - INFO] learning_rate: 0.0001
[2023-0728 1050 - INFO] train_acc: 75.173%, train_loss: 0.0086
[2023-0728 1050 - INFO] test_acc: 78.476%, test_loss: 0.0081
[2023-0728 1050 - INFO] max_train_acc: 75.173%
[2023-0728 1050 - INFO] max_test_acc: 79.073%
[2023-0728 1050 - INFO] max_lr: 0.0001, min_lr: 0.0001
[2023-0728 1050 - INFO] ======================================
[2023-0728 1051 - INFO] epoch: 54/100
[2023-0728 1051 - INFO] learning_rate: 0.0001
[2023-0728 1051 - INFO] train_acc: 75.026%, train_loss: 0.0086
[2023-0728 1051 - INFO] test_acc: 78.842%, test_loss: 0.0081
[2023-0728 1051 - INFO] max_train_acc: 75.173%
[2023-0728 1051 - INFO] max_test_acc: 79.073%
[2023-0728 1051 - INFO] max_lr: 0.0001, min_lr: 0.0001
[2023-0728 1051 - INFO] ======================================
[2023-0728 1052 - INFO] epoch: 55/100
[2023-0728 1052 - INFO] learning_rate: 0.0001
[2023-0728 1052 - INFO] train_acc: 75.132%, train_loss: 0.0086
[2023-0728 1052 - INFO] test_acc: 78.167%, test_loss: 0.0082
[2023-0728 1052 - INFO] max_train_acc: 75.173%
[2023-0728 1052 - INFO] max_test_acc: 79.073%
[2023-0728 1052 - INFO] max_lr: 0.0001, min_lr: 0.0001
[2023-0728 1052 - INFO] ======================================
[2023-0728 1053 - INFO] epoch: 56/100
[2023-0728 1053 - INFO] learning_rate: 0.0001
[2023-0728 1053 - INFO] train_acc: 74.991%, train_loss: 0.0086
[2023-0728 1053 - INFO] test_acc: 78.646%, test_loss: 0.0081
[2023-0728 1053 - INFO] max_train_acc: 75.173%
[2023-0728 1053 - INFO] max_test_acc: 79.073%
[2023-0728 1053 - INFO] max_lr: 0.0001, min_lr: 0.0001
[2023-0728 1053 - INFO] ======================================
[2023-0728 1054 - INFO] epoch: 57/100
[2023-0728 1054 - INFO] learning_rate: 0.0001
[2023-0728 1054 - INFO] train_acc: 75.215%, train_loss: 0.0086
[2023-0728 1054 - INFO] test_acc: 78.677%, test_loss: 0.0081
[2023-0728 1054 - INFO] max_train_acc: 75.215%
[2023-0728 1054 - INFO] max_test_acc: 79.073%
[2023-0728 1054 - INFO] max_lr: 0.0001, min_lr: 0.0001
[2023-0728 1054 - INFO] ======================================
[2023-0728 1055 - INFO] epoch: 58/100
[2023-0728 1055 - INFO] learning_rate: 0.0001
[2023-0728 1055 - INFO] train_acc: 75.397%, train_loss: 0.0086
[2023-0728 1055 - INFO] test_acc: 78.733%, test_loss: 0.0081
[2023-0728 1055 - INFO] max_train_acc: 75.397%
[2023-0728 1055 - INFO] max_test_acc: 79.073%
[2023-0728 1055 - INFO] max_lr: 0.0001, min_lr: 0.0001
[2023-0728 1055 - INFO] ======================================
[2023-0728 1056 - INFO] epoch: 59/100
[2023-0728 1056 - INFO] learning_rate: 0.0001
[2023-0728 1056 - INFO] train_acc: 75.191%, train_loss: 0.0086
[2023-0728 1056 - INFO] test_acc: 78.811%, test_loss: 0.0080
[2023-0728 1056 - INFO] max_train_acc: 75.397%
[2023-0728 1056 - INFO] max_test_acc: 79.073%
[2023-0728 1056 - INFO] max_lr: 0.0001, min_lr: 0.0001
[2023-0728 1056 - INFO] ======================================
[2023-0728 1057 - INFO] epoch: 60/100
[2023-0728 1057 - INFO] learning_rate: 0.0001
[2023-0728 1057 - INFO] train_acc: 75.050%, train_loss: 0.0086
[2023-0728 1057 - INFO] test_acc: 79.025%, test_loss: 0.0080
[2023-0728 1057 - INFO] max_train_acc: 75.397%
[2023-0728 1057 - INFO] max_test_acc: 79.073%
[2023-0728 1057 - INFO] max_lr: 0.0001, min_lr: 0.0001
[2023-0728 1057 - INFO] ======================================
[2023-0728 1059 - INFO] epoch: 61/100
[2023-0728 1059 - INFO] learning_rate: 0.0001
[2023-0728 1059 - INFO] train_acc: 75.085%, train_loss: 0.0086
[2023-0728 1059 - INFO] test_acc: 78.855%, test_loss: 0.0080
[2023-0728 1059 - INFO] max_train_acc: 75.397%
[2023-0728 1059 - INFO] max_test_acc: 79.073%
[2023-0728 1059 - INFO] max_lr: 0.0001, min_lr: 0.0001
[2023-0728 1059 - INFO] ======================================
[2023-0728 1100 - INFO] epoch: 62/100
[2023-0728 1100 - INFO] learning_rate: 0.0001
[2023-0728 1100 - INFO] train_acc: 75.291%, train_loss: 0.0086
[2023-0728 1100 - INFO] test_acc: 78.886%, test_loss: 0.0080
[2023-0728 1100 - INFO] max_train_acc: 75.397%
[2023-0728 1100 - INFO] max_test_acc: 79.073%
[2023-0728 1100 - INFO] max_lr: 0.0001, min_lr: 0.0001
[2023-0728 1100 - INFO] ======================================
[2023-0728 1101 - INFO] epoch: 63/100
[2023-0728 1101 - INFO] learning_rate: 0.0001
[2023-0728 1101 - INFO] train_acc: 74.932%, train_loss: 0.0086
[2023-0728 1101 - INFO] test_acc: 79.099%, test_loss: 0.0080
[2023-0728 1101 - INFO] max_train_acc: 75.397%
[2023-0728 1101 - INFO] max_test_acc: 79.099%
[2023-0728 1101 - INFO] max_lr: 0.0001, min_lr: 0.0001
[2023-0728 1101 - INFO] ======================================
[2023-0728 1102 - INFO] epoch: 64/100
[2023-0728 1102 - INFO] learning_rate: 0.0001
[2023-0728 1102 - INFO] train_acc: 75.103%, train_loss: 0.0086
[2023-0728 1102 - INFO] test_acc: 78.990%, test_loss: 0.0080
[2023-0728 1102 - INFO] max_train_acc: 75.397%
[2023-0728 1102 - INFO] max_test_acc: 79.099%
[2023-0728 1102 - INFO] max_lr: 0.0001, min_lr: 0.0001
[2023-0728 1102 - INFO] ======================================
[2023-0728 1103 - INFO] epoch: 65/100
[2023-0728 1103 - INFO] learning_rate: 0.0001
[2023-0728 1103 - INFO] train_acc: 74.879%, train_loss: 0.0086
[2023-0728 1103 - INFO] test_acc: 78.637%, test_loss: 0.0081
[2023-0728 1103 - INFO] max_train_acc: 75.397%
[2023-0728 1103 - INFO] max_test_acc: 79.099%
[2023-0728 1103 - INFO] max_lr: 0.0001, min_lr: 0.0001
[2023-0728 1103 - INFO] ======================================
[2023-0728 1104 - INFO] epoch: 66/100
[2023-0728 1104 - INFO] learning_rate: 0.0001
[2023-0728 1104 - INFO] train_acc: 75.138%, train_loss: 0.0086
[2023-0728 1104 - INFO] test_acc: 79.377%, test_loss: 0.0079
[2023-0728 1104 - INFO] max_train_acc: 75.397%
[2023-0728 1104 - INFO] max_test_acc: 79.377%
[2023-0728 1104 - INFO] max_lr: 0.0001, min_lr: 0.0001
[2023-0728 1104 - INFO] ======================================
[2023-0728 1105 - INFO] epoch: 67/100
[2023-0728 1105 - INFO] learning_rate: 0.0001
[2023-0728 1105 - INFO] train_acc: 75.420%, train_loss: 0.0085
[2023-0728 1105 - INFO] test_acc: 78.846%, test_loss: 0.0080
[2023-0728 1105 - INFO] max_train_acc: 75.420%
[2023-0728 1105 - INFO] max_test_acc: 79.377%
[2023-0728 1105 - INFO] max_lr: 0.0001, min_lr: 0.0001
[2023-0728 1105 - INFO] ======================================
[2023-0728 1106 - INFO] epoch: 68/100
[2023-0728 1106 - INFO] learning_rate: 0.0001
[2023-0728 1106 - INFO] train_acc: 74.968%, train_loss: 0.0086
[2023-0728 1106 - INFO] test_acc: 78.576%, test_loss: 0.0081
[2023-0728 1106 - INFO] max_train_acc: 75.420%
[2023-0728 1106 - INFO] max_test_acc: 79.377%
[2023-0728 1106 - INFO] max_lr: 0.0001, min_lr: 0.0001
[2023-0728 1106 - INFO] ======================================
[2023-0728 1107 - INFO] epoch: 69/100
[2023-0728 1107 - INFO] learning_rate: 0.0001
[2023-0728 1107 - INFO] train_acc: 75.385%, train_loss: 0.0085
[2023-0728 1107 - INFO] test_acc: 78.868%, test_loss: 0.0080
[2023-0728 1107 - INFO] max_train_acc: 75.420%
[2023-0728 1107 - INFO] max_test_acc: 79.377%
[2023-0728 1107 - INFO] max_lr: 0.0001, min_lr: 0.0001
[2023-0728 1107 - INFO] ======================================
[2023-0728 1108 - INFO] epoch: 70/100
[2023-0728 1108 - INFO] learning_rate: 0.0001
[2023-0728 1108 - INFO] train_acc: 75.185%, train_loss: 0.0086
[2023-0728 1108 - INFO] test_acc: 78.777%, test_loss: 0.0080
[2023-0728 1108 - INFO] max_train_acc: 75.420%
[2023-0728 1108 - INFO] max_test_acc: 79.377%
[2023-0728 1108 - INFO] max_lr: 0.0001, min_lr: 0.0001
[2023-0728 1108 - INFO] ======================================
[2023-0728 1109 - INFO] epoch: 71/100
[2023-0728 1109 - INFO] learning_rate: 0.0001
[2023-0728 1109 - INFO] train_acc: 75.514%, train_loss: 0.0086
[2023-0728 1109 - INFO] test_acc: 78.986%, test_loss: 0.0080
[2023-0728 1109 - INFO] max_train_acc: 75.514%
[2023-0728 1109 - INFO] max_test_acc: 79.377%
[2023-0728 1109 - INFO] max_lr: 0.0001, min_lr: 0.0001
[2023-0728 1109 - INFO] ======================================
[2023-0728 1110 - INFO] epoch: 72/100
[2023-0728 1110 - INFO] learning_rate: 0.0001
[2023-0728 1110 - INFO] train_acc: 75.115%, train_loss: 0.0086
[2023-0728 1110 - INFO] test_acc: 78.733%, test_loss: 0.0080
[2023-0728 1110 - INFO] max_train_acc: 75.514%
[2023-0728 1110 - INFO] max_test_acc: 79.377%
[2023-0728 1110 - INFO] max_lr: 0.0001, min_lr: 0.0001
[2023-0728 1110 - INFO] ======================================
[2023-0728 1111 - INFO] epoch: 73/100
[2023-0728 1111 - INFO] learning_rate: 0.0001
[2023-0728 1111 - INFO] train_acc: 75.085%, train_loss: 0.0086
[2023-0728 1111 - INFO] test_acc: 78.372%, test_loss: 0.0081
[2023-0728 1111 - INFO] max_train_acc: 75.514%
[2023-0728 1111 - INFO] max_test_acc: 79.377%
[2023-0728 1111 - INFO] max_lr: 0.0001, min_lr: 0.0001
[2023-0728 1111 - INFO] ======================================
[2023-0728 1112 - INFO] epoch: 74/100
[2023-0728 1112 - INFO] learning_rate: 0.0001
[2023-0728 1112 - INFO] train_acc: 75.097%, train_loss: 0.0086
[2023-0728 1112 - INFO] test_acc: 78.790%, test_loss: 0.0080
[2023-0728 1112 - INFO] max_train_acc: 75.514%
[2023-0728 1112 - INFO] max_test_acc: 79.377%
[2023-0728 1112 - INFO] max_lr: 0.0001, min_lr: 0.0001
[2023-0728 1112 - INFO] ======================================
[2023-0728 1113 - INFO] epoch: 75/100
[2023-0728 1113 - INFO] learning_rate: 0.0001
[2023-0728 1113 - INFO] train_acc: 74.903%, train_loss: 0.0086
[2023-0728 1113 - INFO] test_acc: 78.946%, test_loss: 0.0080
[2023-0728 1113 - INFO] max_train_acc: 75.514%
[2023-0728 1113 - INFO] max_test_acc: 79.377%
[2023-0728 1113 - INFO] max_lr: 0.0001, min_lr: 0.0001
[2023-0728 1113 - INFO] ======================================
[2023-0728 1114 - INFO] epoch: 76/100
[2023-0728 1114 - INFO] learning_rate: 0.0001
[2023-0728 1114 - INFO] train_acc: 75.215%, train_loss: 0.0086
[2023-0728 1114 - INFO] test_acc: 78.781%, test_loss: 0.0080
[2023-0728 1114 - INFO] max_train_acc: 75.514%
[2023-0728 1114 - INFO] max_test_acc: 79.377%
[2023-0728 1114 - INFO] max_lr: 0.0001, min_lr: 0.0001
[2023-0728 1114 - INFO] ======================================
[2023-0728 1115 - INFO] epoch: 77/100
[2023-0728 1115 - INFO] learning_rate: 0.0001
[2023-0728 1115 - INFO] train_acc: 75.620%, train_loss: 0.0085
[2023-0728 1115 - INFO] test_acc: 78.716%, test_loss: 0.0080
[2023-0728 1115 - INFO] max_train_acc: 75.620%
[2023-0728 1115 - INFO] max_test_acc: 79.377%
[2023-0728 1115 - INFO] max_lr: 0.0001, min_lr: 0.0001
[2023-0728 1115 - INFO] ======================================
[2023-0728 1116 - INFO] epoch: 78/100
[2023-0728 1116 - INFO] learning_rate: 0.0001
[2023-0728 1116 - INFO] train_acc: 75.279%, train_loss: 0.0086
[2023-0728 1116 - INFO] test_acc: 78.955%, test_loss: 0.0080
[2023-0728 1116 - INFO] max_train_acc: 75.620%
[2023-0728 1116 - INFO] max_test_acc: 79.377%
[2023-0728 1116 - INFO] max_lr: 0.0001, min_lr: 0.0001
[2023-0728 1116 - INFO] ======================================
[2023-0728 1117 - INFO] epoch: 79/100
[2023-0728 1117 - INFO] learning_rate: 0.0001
[2023-0728 1117 - INFO] train_acc: 75.132%, train_loss: 0.0085
[2023-0728 1117 - INFO] test_acc: 79.068%, test_loss: 0.0080
[2023-0728 1117 - INFO] max_train_acc: 75.620%
[2023-0728 1117 - INFO] max_test_acc: 79.377%
[2023-0728 1117 - INFO] max_lr: 0.0001, min_lr: 0.0001
[2023-0728 1117 - INFO] ======================================
[2023-0728 1118 - INFO] epoch: 80/100
[2023-0728 1118 - INFO] learning_rate: 0.0001
[2023-0728 1118 - INFO] train_acc: 75.326%, train_loss: 0.0085
[2023-0728 1118 - INFO] test_acc: 79.094%, test_loss: 0.0080
[2023-0728 1118 - INFO] max_train_acc: 75.620%
[2023-0728 1118 - INFO] max_test_acc: 79.377%
[2023-0728 1118 - INFO] max_lr: 0.0001, min_lr: 0.0001
[2023-0728 1118 - INFO] ======================================
[2023-0728 1119 - INFO] epoch: 81/100
[2023-0728 1119 - INFO] learning_rate: 0.0001
[2023-0728 1119 - INFO] train_acc: 75.126%, train_loss: 0.0086
[2023-0728 1119 - INFO] test_acc: 78.864%, test_loss: 0.0080
[2023-0728 1119 - INFO] max_train_acc: 75.620%
[2023-0728 1119 - INFO] max_test_acc: 79.377%
[2023-0728 1119 - INFO] max_lr: 0.0001, min_lr: 0.0001
[2023-0728 1119 - INFO] ======================================
[2023-0728 1120 - INFO] epoch: 82/100
[2023-0728 1120 - INFO] learning_rate: 0.0001
[2023-0728 1120 - INFO] train_acc: 75.232%, train_loss: 0.0085
[2023-0728 1120 - INFO] test_acc: 78.973%, test_loss: 0.0080
[2023-0728 1120 - INFO] max_train_acc: 75.620%
[2023-0728 1120 - INFO] max_test_acc: 79.377%
[2023-0728 1120 - INFO] max_lr: 0.0001, min_lr: 0.0001
[2023-0728 1120 - INFO] ======================================
[2023-0728 1121 - INFO] epoch: 83/100
[2023-0728 1121 - INFO] learning_rate: 0.0001
[2023-0728 1121 - INFO] train_acc: 75.485%, train_loss: 0.0085
[2023-0728 1121 - INFO] test_acc: 79.007%, test_loss: 0.0080
[2023-0728 1121 - INFO] max_train_acc: 75.620%
[2023-0728 1121 - INFO] max_test_acc: 79.377%
[2023-0728 1121 - INFO] max_lr: 0.0001, min_lr: 0.0001
[2023-0728 1121 - INFO] ======================================
[2023-0728 1122 - INFO] epoch: 84/100
[2023-0728 1122 - INFO] learning_rate: 0.0001
[2023-0728 1122 - INFO] train_acc: 75.244%, train_loss: 0.0085
[2023-0728 1122 - INFO] test_acc: 79.081%, test_loss: 0.0080
[2023-0728 1122 - INFO] max_train_acc: 75.620%
[2023-0728 1122 - INFO] max_test_acc: 79.377%
[2023-0728 1122 - INFO] max_lr: 0.0001, min_lr: 0.0001
[2023-0728 1122 - INFO] ======================================
[2023-0728 1123 - INFO] epoch: 85/100
[2023-0728 1123 - INFO] learning_rate: 0.0001
[2023-0728 1123 - INFO] train_acc: 75.761%, train_loss: 0.0085
[2023-0728 1123 - INFO] test_acc: 78.964%, test_loss: 0.0080
[2023-0728 1123 - INFO] max_train_acc: 75.761%
[2023-0728 1123 - INFO] max_test_acc: 79.377%
[2023-0728 1123 - INFO] max_lr: 0.0001, min_lr: 0.0001
[2023-0728 1123 - INFO] ======================================
[2023-0728 1124 - INFO] epoch: 86/100
[2023-0728 1124 - INFO] learning_rate: 0.0001
[2023-0728 1124 - INFO] train_acc: 75.244%, train_loss: 0.0085
[2023-0728 1124 - INFO] test_acc: 78.811%, test_loss: 0.0080
[2023-0728 1124 - INFO] max_train_acc: 75.761%
[2023-0728 1124 - INFO] max_test_acc: 79.377%
[2023-0728 1124 - INFO] max_lr: 0.0001, min_lr: 0.0001
[2023-0728 1124 - INFO] ======================================
[2023-0728 1125 - INFO] epoch: 87/100
[2023-0728 1125 - INFO] learning_rate: 0.0001
[2023-0728 1125 - INFO] train_acc: 75.608%, train_loss: 0.0085
[2023-0728 1125 - INFO] test_acc: 78.829%, test_loss: 0.0080
[2023-0728 1125 - INFO] max_train_acc: 75.761%
[2023-0728 1125 - INFO] max_test_acc: 79.377%
[2023-0728 1125 - INFO] max_lr: 0.0001, min_lr: 0.0001
[2023-0728 1125 - INFO] ======================================
[2023-0728 1126 - INFO] epoch: 88/100
[2023-0728 1126 - INFO] learning_rate: 0.0001
[2023-0728 1126 - INFO] train_acc: 75.397%, train_loss: 0.0085
[2023-0728 1126 - INFO] test_acc: 79.142%, test_loss: 0.0080
[2023-0728 1126 - INFO] max_train_acc: 75.761%
[2023-0728 1126 - INFO] max_test_acc: 79.377%
[2023-0728 1126 - INFO] max_lr: 0.0001, min_lr: 0.0001
[2023-0728 1126 - INFO] ======================================
[2023-0728 1127 - INFO] epoch: 89/100
[2023-0728 1127 - INFO] learning_rate: 0.0001
[2023-0728 1127 - INFO] train_acc: 75.750%, train_loss: 0.0085
[2023-0728 1127 - INFO] test_acc: 79.203%, test_loss: 0.0079
[2023-0728 1127 - INFO] max_train_acc: 75.761%
[2023-0728 1127 - INFO] max_test_acc: 79.377%
[2023-0728 1127 - INFO] max_lr: 0.0001, min_lr: 0.0001
[2023-0728 1127 - INFO] ======================================
[2023-0728 1128 - INFO] epoch: 90/100
[2023-0728 1128 - INFO] learning_rate: 0.0001
[2023-0728 1128 - INFO] train_acc: 75.597%, train_loss: 0.0085
[2023-0728 1128 - INFO] test_acc: 79.216%, test_loss: 0.0079
[2023-0728 1128 - INFO] max_train_acc: 75.761%
[2023-0728 1128 - INFO] max_test_acc: 79.377%
[2023-0728 1128 - INFO] max_lr: 0.0001, min_lr: 0.0001
[2023-0728 1128 - INFO] ======================================
[2023-0728 1129 - INFO] epoch: 91/100
[2023-0728 1129 - INFO] learning_rate: 0.0001
[2023-0728 1129 - INFO] train_acc: 75.432%, train_loss: 0.0085
[2023-0728 1129 - INFO] test_acc: 78.938%, test_loss: 0.0080
[2023-0728 1129 - INFO] max_train_acc: 75.761%
[2023-0728 1129 - INFO] max_test_acc: 79.377%
[2023-0728 1129 - INFO] max_lr: 0.0001, min_lr: 0.0001
[2023-0728 1129 - INFO] ======================================
[2023-0728 1130 - INFO] epoch: 92/100
[2023-0728 1130 - INFO] learning_rate: 0.0001
[2023-0728 1130 - INFO] train_acc: 75.438%, train_loss: 0.0085
[2023-0728 1130 - INFO] test_acc: 78.655%, test_loss: 0.0080
[2023-0728 1130 - INFO] max_train_acc: 75.761%
[2023-0728 1130 - INFO] max_test_acc: 79.377%
[2023-0728 1130 - INFO] max_lr: 0.0001, min_lr: 0.0001
[2023-0728 1130 - INFO] ======================================
[2023-0728 1131 - INFO] epoch: 93/100
[2023-0728 1131 - INFO] learning_rate: 0.0001
[2023-0728 1131 - INFO] train_acc: 75.050%, train_loss: 0.0085
[2023-0728 1131 - INFO] test_acc: 78.938%, test_loss: 0.0080
[2023-0728 1131 - INFO] max_train_acc: 75.761%
[2023-0728 1131 - INFO] max_test_acc: 79.377%
[2023-0728 1131 - INFO] max_lr: 0.0001, min_lr: 0.0001
[2023-0728 1131 - INFO] ======================================
[2023-0728 1132 - INFO] epoch: 94/100
[2023-0728 1132 - INFO] learning_rate: 0.0001
[2023-0728 1132 - INFO] train_acc: 75.315%, train_loss: 0.0085
[2023-0728 1132 - INFO] test_acc: 78.925%, test_loss: 0.0080
[2023-0728 1132 - INFO] max_train_acc: 75.761%
[2023-0728 1132 - INFO] max_test_acc: 79.377%
[2023-0728 1132 - INFO] max_lr: 0.0001, min_lr: 0.0001
[2023-0728 1132 - INFO] ======================================
[2023-0728 1133 - INFO] epoch: 95/100
[2023-0728 1133 - INFO] learning_rate: 0.0001
[2023-0728 1133 - INFO] train_acc: 75.273%, train_loss: 0.0085
[2023-0728 1133 - INFO] test_acc: 79.051%, test_loss: 0.0080
[2023-0728 1133 - INFO] max_train_acc: 75.761%
[2023-0728 1133 - INFO] max_test_acc: 79.377%
[2023-0728 1133 - INFO] max_lr: 0.0001, min_lr: 0.0001
[2023-0728 1133 - INFO] ======================================
[2023-0728 1134 - INFO] epoch: 96/100
[2023-0728 1134 - INFO] learning_rate: 0.0001
[2023-0728 1134 - INFO] train_acc: 75.097%, train_loss: 0.0085
[2023-0728 1134 - INFO] test_acc: 78.903%, test_loss: 0.0080
[2023-0728 1134 - INFO] max_train_acc: 75.761%
[2023-0728 1134 - INFO] max_test_acc: 79.377%
[2023-0728 1134 - INFO] max_lr: 0.0001, min_lr: 0.0001
[2023-0728 1134 - INFO] ======================================
[2023-0728 1135 - INFO] epoch: 97/100
[2023-0728 1135 - INFO] learning_rate: 0.0001
[2023-0728 1135 - INFO] train_acc: 75.744%, train_loss: 0.0085
[2023-0728 1135 - INFO] test_acc: 79.282%, test_loss: 0.0079
[2023-0728 1135 - INFO] max_train_acc: 75.761%
[2023-0728 1135 - INFO] max_test_acc: 79.377%
[2023-0728 1135 - INFO] max_lr: 0.0001, min_lr: 0.0001
[2023-0728 1135 - INFO] ======================================
[2023-0728 1136 - INFO] epoch: 98/100
[2023-0728 1136 - INFO] learning_rate: 0.0001
[2023-0728 1136 - INFO] train_acc: 75.526%, train_loss: 0.0085
[2023-0728 1136 - INFO] test_acc: 78.855%, test_loss: 0.0080
[2023-0728 1136 - INFO] max_train_acc: 75.761%
[2023-0728 1136 - INFO] max_test_acc: 79.377%
[2023-0728 1136 - INFO] max_lr: 0.0001, min_lr: 0.0001
[2023-0728 1136 - INFO] ======================================
[2023-0728 1137 - INFO] epoch: 99/100
[2023-0728 1137 - INFO] learning_rate: 0.0001
[2023-0728 1137 - INFO] train_acc: 75.256%, train_loss: 0.0085
[2023-0728 1137 - INFO] test_acc: 78.755%, test_loss: 0.0080
[2023-0728 1137 - INFO] max_train_acc: 75.761%
[2023-0728 1137 - INFO] max_test_acc: 79.377%
[2023-0728 1137 - INFO] max_lr: 0.0001, min_lr: 0.0001
[2023-0728 1137 - INFO] ======================================
[2023-0728 1138 - INFO] epoch: 100/100
[2023-0728 1138 - INFO] learning_rate: 0.0001
[2023-0728 1138 - INFO] train_acc: 75.350%, train_loss: 0.0085
[2023-0728 1138 - INFO] test_acc: 79.103%, test_loss: 0.0080
[2023-0728 1138 - INFO] max_train_acc: 75.761%
[2023-0728 1138 - INFO] max_test_acc: 79.377%
[2023-0728 1138 - INFO] max_lr: 0.0001, min_lr: 0.0001
[2023-0728 1138 - INFO] ======================================
