[2023-0803 1538 - INFO] <<< BEATs_iter3_plus_AS2M - 1 fc layer >>> 
[2023-0803 1538 - INFO] Add FrequencyMasking and TimeMasking
[2023-0803 1538 - INFO] # trainset_size = 17010
[2023-0803 1538 - INFO] # testset_size = 22970
[2023-0803 1538 - INFO] # train_a/p = 8505/8505
[2023-0803 1538 - INFO] # test_a/p = 20920/2050
[2023-0803 1538 - INFO] # batch_size = 128
[2023-0803 1538 - INFO] # learning_rate = 0.0005
[2023-0803 1538 - INFO] # num_epochs = 100
[2023-0803 1538 - INFO] # padding_size = 3500
[2023-0803 1538 - INFO] # loss_fn = CE
[2023-0803 1538 - INFO] # scheduler = None
[2023-0803 1538 - INFO] # optimizer = AdamW (
Parameter Group 0
    amsgrad: False
    betas: (0.9, 0.999)
    capturable: False
    differentiable: False
    eps: 1e-08
    foreach: None
    fused: None
    lr: 0.0005
    maximize: False
    weight_decay: 0.01
)
[2023-0803 1538 - INFO] -------------------------------------
[2023-0803 1540 - INFO] epoch: 1/100
[2023-0803 1540 - INFO] learning_rate: 0.0005
[2023-0803 1540 - INFO] train_acc: 69.200%, train_loss: 0.0046
[2023-0803 1540 - INFO] test_acc: 71.667%, test_loss: 0.0041
[2023-0803 1540 - INFO] max_train_acc: 69.200%
[2023-0803 1540 - INFO] max_test_acc: 71.667%
[2023-0803 1540 - INFO] max_lr: 0.0005, min_lr: 0.0005
[2023-0803 1540 - INFO] ======================================
[2023-0803 1541 - INFO] epoch: 2/100
[2023-0803 1541 - INFO] learning_rate: 0.0005
[2023-0803 1541 - INFO] train_acc: 71.840%, train_loss: 0.0043
[2023-0803 1541 - INFO] test_acc: 73.126%, test_loss: 0.0039
[2023-0803 1541 - INFO] max_train_acc: 71.840%
[2023-0803 1541 - INFO] max_test_acc: 73.126%
[2023-0803 1541 - INFO] max_lr: 0.0005, min_lr: 0.0005
[2023-0803 1541 - INFO] ======================================
[2023-0803 1542 - INFO] epoch: 3/100
[2023-0803 1542 - INFO] learning_rate: 0.0005
[2023-0803 1542 - INFO] train_acc: 72.698%, train_loss: 0.0042
[2023-0803 1542 - INFO] test_acc: 79.948%, test_loss: 0.0032
[2023-0803 1542 - INFO] max_train_acc: 72.698%
[2023-0803 1542 - INFO] max_test_acc: 79.948%
[2023-0803 1542 - INFO] max_lr: 0.0005, min_lr: 0.0005
[2023-0803 1542 - INFO] ======================================
[2023-0803 1544 - INFO] epoch: 4/100
[2023-0803 1544 - INFO] learning_rate: 0.0005
[2023-0803 1544 - INFO] train_acc: 73.163%, train_loss: 0.0041
[2023-0803 1544 - INFO] test_acc: 77.101%, test_loss: 0.0035
[2023-0803 1544 - INFO] max_train_acc: 73.163%
[2023-0803 1544 - INFO] max_test_acc: 79.948%
[2023-0803 1544 - INFO] max_lr: 0.0005, min_lr: 0.0005
[2023-0803 1544 - INFO] ======================================
[2023-0803 1545 - INFO] epoch: 5/100
[2023-0803 1545 - INFO] learning_rate: 0.0005
[2023-0803 1545 - INFO] train_acc: 73.427%, train_loss: 0.0041
[2023-0803 1545 - INFO] test_acc: 78.111%, test_loss: 0.0034
[2023-0803 1545 - INFO] max_train_acc: 73.427%
[2023-0803 1545 - INFO] max_test_acc: 79.948%
[2023-0803 1545 - INFO] max_lr: 0.0005, min_lr: 0.0005
[2023-0803 1545 - INFO] ======================================
[2023-0803 1546 - INFO] epoch: 6/100
[2023-0803 1546 - INFO] learning_rate: 0.0005
[2023-0803 1546 - INFO] train_acc: 73.757%, train_loss: 0.0041
[2023-0803 1546 - INFO] test_acc: 77.793%, test_loss: 0.0034
[2023-0803 1546 - INFO] max_train_acc: 73.757%
[2023-0803 1546 - INFO] max_test_acc: 79.948%
[2023-0803 1546 - INFO] max_lr: 0.0005, min_lr: 0.0005
[2023-0803 1546 - INFO] ======================================
[2023-0803 1548 - INFO] epoch: 7/100
[2023-0803 1548 - INFO] learning_rate: 0.0005
[2023-0803 1548 - INFO] train_acc: 73.310%, train_loss: 0.0041
[2023-0803 1548 - INFO] test_acc: 77.871%, test_loss: 0.0034
[2023-0803 1548 - INFO] max_train_acc: 73.757%
[2023-0803 1548 - INFO] max_test_acc: 79.948%
[2023-0803 1548 - INFO] max_lr: 0.0005, min_lr: 0.0005
[2023-0803 1548 - INFO] ======================================
[2023-0803 1549 - INFO] epoch: 8/100
[2023-0803 1549 - INFO] learning_rate: 0.0005
[2023-0803 1549 - INFO] train_acc: 73.586%, train_loss: 0.0041
[2023-0803 1549 - INFO] test_acc: 82.490%, test_loss: 0.0029
[2023-0803 1549 - INFO] max_train_acc: 73.757%
[2023-0803 1549 - INFO] max_test_acc: 82.490%
[2023-0803 1549 - INFO] max_lr: 0.0005, min_lr: 0.0005
[2023-0803 1549 - INFO] ======================================
[2023-0803 1550 - INFO] epoch: 9/100
[2023-0803 1550 - INFO] learning_rate: 0.0005
[2023-0803 1550 - INFO] train_acc: 73.980%, train_loss: 0.0040
[2023-0803 1550 - INFO] test_acc: 79.277%, test_loss: 0.0033
[2023-0803 1550 - INFO] max_train_acc: 73.980%
[2023-0803 1550 - INFO] max_test_acc: 82.490%
[2023-0803 1550 - INFO] max_lr: 0.0005, min_lr: 0.0005
[2023-0803 1550 - INFO] ======================================
[2023-0803 1552 - INFO] epoch: 10/100
[2023-0803 1552 - INFO] learning_rate: 0.0005
[2023-0803 1552 - INFO] train_acc: 73.874%, train_loss: 0.0040
[2023-0803 1552 - INFO] test_acc: 79.020%, test_loss: 0.0033
[2023-0803 1552 - INFO] max_train_acc: 73.980%
[2023-0803 1552 - INFO] max_test_acc: 82.490%
[2023-0803 1552 - INFO] max_lr: 0.0005, min_lr: 0.0005
[2023-0803 1552 - INFO] ======================================
[2023-0803 1553 - INFO] epoch: 11/100
[2023-0803 1553 - INFO] learning_rate: 0.0005
[2023-0803 1553 - INFO] train_acc: 73.821%, train_loss: 0.0040
[2023-0803 1553 - INFO] test_acc: 80.026%, test_loss: 0.0032
[2023-0803 1553 - INFO] max_train_acc: 73.980%
[2023-0803 1553 - INFO] max_test_acc: 82.490%
[2023-0803 1553 - INFO] max_lr: 0.0005, min_lr: 0.0005
[2023-0803 1553 - INFO] ======================================
[2023-0803 1554 - INFO] epoch: 12/100
[2023-0803 1554 - INFO] learning_rate: 0.0005
[2023-0803 1554 - INFO] train_acc: 73.909%, train_loss: 0.0040
[2023-0803 1554 - INFO] test_acc: 82.164%, test_loss: 0.0029
[2023-0803 1554 - INFO] max_train_acc: 73.980%
[2023-0803 1554 - INFO] max_test_acc: 82.490%
[2023-0803 1554 - INFO] max_lr: 0.0005, min_lr: 0.0005
[2023-0803 1554 - INFO] ======================================
[2023-0803 1556 - INFO] epoch: 13/100
[2023-0803 1556 - INFO] learning_rate: 0.0005
[2023-0803 1556 - INFO] train_acc: 74.027%, train_loss: 0.0040
[2023-0803 1556 - INFO] test_acc: 79.626%, test_loss: 0.0032
[2023-0803 1556 - INFO] max_train_acc: 74.027%
[2023-0803 1556 - INFO] max_test_acc: 82.490%
[2023-0803 1556 - INFO] max_lr: 0.0005, min_lr: 0.0005
[2023-0803 1556 - INFO] ======================================
[2023-0803 1557 - INFO] epoch: 14/100
[2023-0803 1557 - INFO] learning_rate: 0.0005
[2023-0803 1557 - INFO] train_acc: 73.904%, train_loss: 0.0040
[2023-0803 1557 - INFO] test_acc: 78.698%, test_loss: 0.0033
[2023-0803 1557 - INFO] max_train_acc: 74.027%
[2023-0803 1557 - INFO] max_test_acc: 82.490%
[2023-0803 1557 - INFO] max_lr: 0.0005, min_lr: 0.0005
[2023-0803 1557 - INFO] ======================================
[2023-0803 1558 - INFO] epoch: 15/100
[2023-0803 1558 - INFO] learning_rate: 0.0005
[2023-0803 1558 - INFO] train_acc: 74.368%, train_loss: 0.0040
[2023-0803 1558 - INFO] test_acc: 81.707%, test_loss: 0.0030
[2023-0803 1558 - INFO] max_train_acc: 74.368%
[2023-0803 1558 - INFO] max_test_acc: 82.490%
[2023-0803 1558 - INFO] max_lr: 0.0005, min_lr: 0.0005
[2023-0803 1558 - INFO] ======================================
[2023-0803 1600 - INFO] epoch: 16/100
[2023-0803 1600 - INFO] learning_rate: 0.0005
[2023-0803 1600 - INFO] train_acc: 74.145%, train_loss: 0.0040
[2023-0803 1600 - INFO] test_acc: 81.589%, test_loss: 0.0030
[2023-0803 1600 - INFO] max_train_acc: 74.368%
[2023-0803 1600 - INFO] max_test_acc: 82.490%
[2023-0803 1600 - INFO] max_lr: 0.0005, min_lr: 0.0005
[2023-0803 1600 - INFO] ======================================
[2023-0803 1601 - INFO] epoch: 17/100
[2023-0803 1601 - INFO] learning_rate: 0.0005
[2023-0803 1601 - INFO] train_acc: 73.692%, train_loss: 0.0040
[2023-0803 1601 - INFO] test_acc: 78.920%, test_loss: 0.0033
[2023-0803 1601 - INFO] max_train_acc: 74.368%
[2023-0803 1601 - INFO] max_test_acc: 82.490%
[2023-0803 1601 - INFO] max_lr: 0.0005, min_lr: 0.0005
[2023-0803 1601 - INFO] ======================================
[2023-0803 1602 - INFO] epoch: 18/100
[2023-0803 1602 - INFO] learning_rate: 0.0005
[2023-0803 1602 - INFO] train_acc: 73.892%, train_loss: 0.0040
[2023-0803 1602 - INFO] test_acc: 78.751%, test_loss: 0.0033
[2023-0803 1602 - INFO] max_train_acc: 74.368%
[2023-0803 1602 - INFO] max_test_acc: 82.490%
[2023-0803 1602 - INFO] max_lr: 0.0005, min_lr: 0.0005
[2023-0803 1602 - INFO] ======================================
[2023-0803 1603 - INFO] epoch: 19/100
[2023-0803 1603 - INFO] learning_rate: 0.0005
[2023-0803 1603 - INFO] train_acc: 74.362%, train_loss: 0.0040
[2023-0803 1603 - INFO] test_acc: 79.147%, test_loss: 0.0033
[2023-0803 1603 - INFO] max_train_acc: 74.368%
[2023-0803 1603 - INFO] max_test_acc: 82.490%
[2023-0803 1603 - INFO] max_lr: 0.0005, min_lr: 0.0005
[2023-0803 1603 - INFO] ======================================
[2023-0803 1605 - INFO] epoch: 20/100
[2023-0803 1605 - INFO] learning_rate: 0.0005
[2023-0803 1605 - INFO] train_acc: 74.174%, train_loss: 0.0040
[2023-0803 1605 - INFO] test_acc: 76.160%, test_loss: 0.0036
[2023-0803 1605 - INFO] max_train_acc: 74.368%
[2023-0803 1605 - INFO] max_test_acc: 82.490%
[2023-0803 1605 - INFO] max_lr: 0.0005, min_lr: 0.0005
[2023-0803 1605 - INFO] ======================================
[2023-0803 1606 - INFO] epoch: 21/100
[2023-0803 1606 - INFO] learning_rate: 0.0005
[2023-0803 1606 - INFO] train_acc: 74.468%, train_loss: 0.0040
[2023-0803 1606 - INFO] test_acc: 79.617%, test_loss: 0.0032
[2023-0803 1606 - INFO] max_train_acc: 74.468%
[2023-0803 1606 - INFO] max_test_acc: 82.490%
[2023-0803 1606 - INFO] max_lr: 0.0005, min_lr: 0.0005
[2023-0803 1606 - INFO] ======================================
[2023-0803 1607 - INFO] epoch: 22/100
[2023-0803 1607 - INFO] learning_rate: 0.0005
[2023-0803 1607 - INFO] train_acc: 73.968%, train_loss: 0.0040
[2023-0803 1607 - INFO] test_acc: 78.986%, test_loss: 0.0033
[2023-0803 1607 - INFO] max_train_acc: 74.468%
[2023-0803 1607 - INFO] max_test_acc: 82.490%
[2023-0803 1607 - INFO] max_lr: 0.0005, min_lr: 0.0005
[2023-0803 1607 - INFO] ======================================
[2023-0803 1609 - INFO] epoch: 23/100
[2023-0803 1609 - INFO] learning_rate: 0.0005
[2023-0803 1609 - INFO] train_acc: 73.657%, train_loss: 0.0040
[2023-0803 1609 - INFO] test_acc: 81.067%, test_loss: 0.0031
[2023-0803 1609 - INFO] max_train_acc: 74.468%
[2023-0803 1609 - INFO] max_test_acc: 82.490%
[2023-0803 1609 - INFO] max_lr: 0.0005, min_lr: 0.0005
[2023-0803 1609 - INFO] ======================================
[2023-0803 1610 - INFO] epoch: 24/100
[2023-0803 1610 - INFO] learning_rate: 0.0005
[2023-0803 1610 - INFO] train_acc: 74.409%, train_loss: 0.0040
[2023-0803 1610 - INFO] test_acc: 79.112%, test_loss: 0.0033
[2023-0803 1610 - INFO] max_train_acc: 74.468%
[2023-0803 1610 - INFO] max_test_acc: 82.490%
[2023-0803 1610 - INFO] max_lr: 0.0005, min_lr: 0.0005
[2023-0803 1610 - INFO] ======================================
[2023-0803 1611 - INFO] epoch: 25/100
[2023-0803 1611 - INFO] learning_rate: 0.0005
[2023-0803 1611 - INFO] train_acc: 74.356%, train_loss: 0.0040
[2023-0803 1611 - INFO] test_acc: 78.045%, test_loss: 0.0034
[2023-0803 1611 - INFO] max_train_acc: 74.468%
[2023-0803 1611 - INFO] max_test_acc: 82.490%
[2023-0803 1611 - INFO] max_lr: 0.0005, min_lr: 0.0005
[2023-0803 1611 - INFO] ======================================
[2023-0803 1613 - INFO] epoch: 26/100
[2023-0803 1613 - INFO] learning_rate: 0.0005
[2023-0803 1613 - INFO] train_acc: 74.491%, train_loss: 0.0040
[2023-0803 1613 - INFO] test_acc: 82.577%, test_loss: 0.0028
[2023-0803 1613 - INFO] max_train_acc: 74.491%
[2023-0803 1613 - INFO] max_test_acc: 82.577%
[2023-0803 1613 - INFO] max_lr: 0.0005, min_lr: 0.0005
[2023-0803 1613 - INFO] ======================================
[2023-0803 1614 - INFO] epoch: 27/100
[2023-0803 1614 - INFO] learning_rate: 0.0005
[2023-0803 1614 - INFO] train_acc: 73.810%, train_loss: 0.0040
[2023-0803 1614 - INFO] test_acc: 78.254%, test_loss: 0.0033
[2023-0803 1614 - INFO] max_train_acc: 74.491%
[2023-0803 1614 - INFO] max_test_acc: 82.577%
[2023-0803 1614 - INFO] max_lr: 0.0005, min_lr: 0.0005
[2023-0803 1614 - INFO] ======================================
[2023-0803 1615 - INFO] epoch: 28/100
[2023-0803 1615 - INFO] learning_rate: 0.0005
[2023-0803 1615 - INFO] train_acc: 73.974%, train_loss: 0.0040
[2023-0803 1615 - INFO] test_acc: 79.595%, test_loss: 0.0032
[2023-0803 1615 - INFO] max_train_acc: 74.491%
[2023-0803 1615 - INFO] max_test_acc: 82.577%
[2023-0803 1615 - INFO] max_lr: 0.0005, min_lr: 0.0005
[2023-0803 1615 - INFO] ======================================
[2023-0803 1617 - INFO] epoch: 29/100
[2023-0803 1617 - INFO] learning_rate: 0.0005
[2023-0803 1617 - INFO] train_acc: 74.621%, train_loss: 0.0040
[2023-0803 1617 - INFO] test_acc: 82.338%, test_loss: 0.0029
[2023-0803 1617 - INFO] max_train_acc: 74.621%
[2023-0803 1617 - INFO] max_test_acc: 82.577%
[2023-0803 1617 - INFO] max_lr: 0.0005, min_lr: 0.0005
[2023-0803 1617 - INFO] ======================================
[2023-0803 1618 - INFO] epoch: 30/100
[2023-0803 1618 - INFO] learning_rate: 0.0005
[2023-0803 1618 - INFO] train_acc: 74.033%, train_loss: 0.0040
[2023-0803 1618 - INFO] test_acc: 81.772%, test_loss: 0.0030
[2023-0803 1618 - INFO] max_train_acc: 74.621%
[2023-0803 1618 - INFO] max_test_acc: 82.577%
[2023-0803 1618 - INFO] max_lr: 0.0005, min_lr: 0.0005
[2023-0803 1618 - INFO] ======================================
[2023-0803 1619 - INFO] epoch: 31/100
[2023-0803 1619 - INFO] learning_rate: 0.0005
[2023-0803 1619 - INFO] train_acc: 73.727%, train_loss: 0.0040
[2023-0803 1619 - INFO] test_acc: 80.374%, test_loss: 0.0031
[2023-0803 1619 - INFO] max_train_acc: 74.621%
[2023-0803 1619 - INFO] max_test_acc: 82.577%
[2023-0803 1619 - INFO] max_lr: 0.0005, min_lr: 0.0005
[2023-0803 1619 - INFO] ======================================
[2023-0803 1621 - INFO] epoch: 32/100
[2023-0803 1621 - INFO] learning_rate: 0.0005
[2023-0803 1621 - INFO] train_acc: 74.186%, train_loss: 0.0040
[2023-0803 1621 - INFO] test_acc: 82.364%, test_loss: 0.0029
[2023-0803 1621 - INFO] max_train_acc: 74.621%
[2023-0803 1621 - INFO] max_test_acc: 82.577%
[2023-0803 1621 - INFO] max_lr: 0.0005, min_lr: 0.0005
[2023-0803 1621 - INFO] ======================================
[2023-0803 1622 - INFO] epoch: 33/100
[2023-0803 1622 - INFO] learning_rate: 0.0005
[2023-0803 1622 - INFO] train_acc: 74.280%, train_loss: 0.0040
[2023-0803 1622 - INFO] test_acc: 81.006%, test_loss: 0.0030
[2023-0803 1622 - INFO] max_train_acc: 74.621%
[2023-0803 1622 - INFO] max_test_acc: 82.577%
[2023-0803 1622 - INFO] max_lr: 0.0005, min_lr: 0.0005
[2023-0803 1622 - INFO] ======================================
[2023-0803 1623 - INFO] epoch: 34/100
[2023-0803 1623 - INFO] learning_rate: 0.0005
[2023-0803 1623 - INFO] train_acc: 74.468%, train_loss: 0.0040
[2023-0803 1623 - INFO] test_acc: 78.790%, test_loss: 0.0033
[2023-0803 1623 - INFO] max_train_acc: 74.621%
[2023-0803 1623 - INFO] max_test_acc: 82.577%
[2023-0803 1623 - INFO] max_lr: 0.0005, min_lr: 0.0005
[2023-0803 1623 - INFO] ======================================
[2023-0803 1625 - INFO] epoch: 35/100
[2023-0803 1625 - INFO] learning_rate: 0.0005
[2023-0803 1625 - INFO] train_acc: 74.074%, train_loss: 0.0040
[2023-0803 1625 - INFO] test_acc: 78.272%, test_loss: 0.0034
[2023-0803 1625 - INFO] max_train_acc: 74.621%
[2023-0803 1625 - INFO] max_test_acc: 82.577%
[2023-0803 1625 - INFO] max_lr: 0.0005, min_lr: 0.0005
[2023-0803 1625 - INFO] ======================================
[2023-0803 1626 - INFO] epoch: 36/100
[2023-0803 1626 - INFO] learning_rate: 0.0005
[2023-0803 1626 - INFO] train_acc: 73.762%, train_loss: 0.0040
[2023-0803 1626 - INFO] test_acc: 79.896%, test_loss: 0.0031
[2023-0803 1626 - INFO] max_train_acc: 74.621%
[2023-0803 1626 - INFO] max_test_acc: 82.577%
[2023-0803 1626 - INFO] max_lr: 0.0005, min_lr: 0.0005
[2023-0803 1626 - INFO] ======================================
[2023-0803 1627 - INFO] epoch: 37/100
[2023-0803 1627 - INFO] learning_rate: 0.0005
[2023-0803 1627 - INFO] train_acc: 74.386%, train_loss: 0.0039
[2023-0803 1627 - INFO] test_acc: 78.729%, test_loss: 0.0033
[2023-0803 1627 - INFO] max_train_acc: 74.621%
[2023-0803 1627 - INFO] max_test_acc: 82.577%
[2023-0803 1627 - INFO] max_lr: 0.0005, min_lr: 0.0005
[2023-0803 1627 - INFO] ======================================
[2023-0803 1629 - INFO] epoch: 38/100
[2023-0803 1629 - INFO] learning_rate: 0.0005
[2023-0803 1629 - INFO] train_acc: 74.168%, train_loss: 0.0040
[2023-0803 1629 - INFO] test_acc: 78.067%, test_loss: 0.0034
[2023-0803 1629 - INFO] max_train_acc: 74.621%
[2023-0803 1629 - INFO] max_test_acc: 82.577%
[2023-0803 1629 - INFO] max_lr: 0.0005, min_lr: 0.0005
[2023-0803 1629 - INFO] ======================================
[2023-0803 1630 - INFO] epoch: 39/100
[2023-0803 1630 - INFO] learning_rate: 0.0005
[2023-0803 1630 - INFO] train_acc: 74.527%, train_loss: 0.0039
[2023-0803 1630 - INFO] test_acc: 80.218%, test_loss: 0.0031
[2023-0803 1630 - INFO] max_train_acc: 74.621%
[2023-0803 1630 - INFO] max_test_acc: 82.577%
[2023-0803 1630 - INFO] max_lr: 0.0005, min_lr: 0.0005
[2023-0803 1630 - INFO] ======================================
[2023-0803 1631 - INFO] epoch: 40/100
[2023-0803 1631 - INFO] learning_rate: 0.0005
[2023-0803 1631 - INFO] train_acc: 74.468%, train_loss: 0.0040
[2023-0803 1631 - INFO] test_acc: 79.338%, test_loss: 0.0033
[2023-0803 1631 - INFO] max_train_acc: 74.621%
[2023-0803 1631 - INFO] max_test_acc: 82.577%
[2023-0803 1631 - INFO] max_lr: 0.0005, min_lr: 0.0005
[2023-0803 1631 - INFO] ======================================
[2023-0803 1633 - INFO] epoch: 41/100
[2023-0803 1633 - INFO] learning_rate: 0.0005
[2023-0803 1633 - INFO] train_acc: 74.150%, train_loss: 0.0039
[2023-0803 1633 - INFO] test_acc: 76.321%, test_loss: 0.0036
[2023-0803 1633 - INFO] max_train_acc: 74.621%
[2023-0803 1633 - INFO] max_test_acc: 82.577%
[2023-0803 1633 - INFO] max_lr: 0.0005, min_lr: 0.0005
[2023-0803 1633 - INFO] ======================================
[2023-0803 1634 - INFO] epoch: 42/100
[2023-0803 1634 - INFO] learning_rate: 0.0005
[2023-0803 1634 - INFO] train_acc: 74.439%, train_loss: 0.0040
[2023-0803 1634 - INFO] test_acc: 78.093%, test_loss: 0.0034
[2023-0803 1634 - INFO] max_train_acc: 74.621%
[2023-0803 1634 - INFO] max_test_acc: 82.577%
[2023-0803 1634 - INFO] max_lr: 0.0005, min_lr: 0.0005
[2023-0803 1634 - INFO] ======================================
[2023-0803 1635 - INFO] epoch: 43/100
[2023-0803 1635 - INFO] learning_rate: 0.0005
[2023-0803 1635 - INFO] train_acc: 74.286%, train_loss: 0.0039
[2023-0803 1635 - INFO] test_acc: 82.956%, test_loss: 0.0028
[2023-0803 1635 - INFO] max_train_acc: 74.621%
[2023-0803 1635 - INFO] max_test_acc: 82.956%
[2023-0803 1635 - INFO] max_lr: 0.0005, min_lr: 0.0005
[2023-0803 1635 - INFO] ======================================
[2023-0803 1637 - INFO] epoch: 44/100
[2023-0803 1637 - INFO] learning_rate: 0.0005
[2023-0803 1637 - INFO] train_acc: 74.350%, train_loss: 0.0039
[2023-0803 1637 - INFO] test_acc: 79.556%, test_loss: 0.0032
[2023-0803 1637 - INFO] max_train_acc: 74.621%
[2023-0803 1637 - INFO] max_test_acc: 82.956%
[2023-0803 1637 - INFO] max_lr: 0.0005, min_lr: 0.0005
[2023-0803 1637 - INFO] ======================================
[2023-0803 1638 - INFO] epoch: 45/100
[2023-0803 1638 - INFO] learning_rate: 0.0005
[2023-0803 1638 - INFO] train_acc: 74.356%, train_loss: 0.0040
[2023-0803 1638 - INFO] test_acc: 79.073%, test_loss: 0.0032
[2023-0803 1638 - INFO] max_train_acc: 74.621%
[2023-0803 1638 - INFO] max_test_acc: 82.956%
[2023-0803 1638 - INFO] max_lr: 0.0005, min_lr: 0.0005
[2023-0803 1638 - INFO] ======================================
[2023-0803 1639 - INFO] epoch: 46/100
[2023-0803 1639 - INFO] learning_rate: 0.0005
[2023-0803 1639 - INFO] train_acc: 74.650%, train_loss: 0.0039
[2023-0803 1639 - INFO] test_acc: 81.271%, test_loss: 0.0030
[2023-0803 1639 - INFO] max_train_acc: 74.650%
[2023-0803 1639 - INFO] max_test_acc: 82.956%
[2023-0803 1639 - INFO] max_lr: 0.0005, min_lr: 0.0005
[2023-0803 1639 - INFO] ======================================
[2023-0803 1640 - INFO] epoch: 47/100
[2023-0803 1640 - INFO] learning_rate: 0.0005
[2023-0803 1640 - INFO] train_acc: 74.685%, train_loss: 0.0039
[2023-0803 1640 - INFO] test_acc: 81.746%, test_loss: 0.0030
[2023-0803 1640 - INFO] max_train_acc: 74.685%
[2023-0803 1640 - INFO] max_test_acc: 82.956%
[2023-0803 1640 - INFO] max_lr: 0.0005, min_lr: 0.0005
[2023-0803 1640 - INFO] ======================================
[2023-0803 1642 - INFO] epoch: 48/100
[2023-0803 1642 - INFO] learning_rate: 0.0005
[2023-0803 1642 - INFO] train_acc: 74.345%, train_loss: 0.0039
[2023-0803 1642 - INFO] test_acc: 79.669%, test_loss: 0.0032
[2023-0803 1642 - INFO] max_train_acc: 74.685%
[2023-0803 1642 - INFO] max_test_acc: 82.956%
[2023-0803 1642 - INFO] max_lr: 0.0005, min_lr: 0.0005
[2023-0803 1642 - INFO] ======================================
[2023-0803 1643 - INFO] epoch: 49/100
[2023-0803 1643 - INFO] learning_rate: 0.0005
[2023-0803 1643 - INFO] train_acc: 74.462%, train_loss: 0.0039
[2023-0803 1643 - INFO] test_acc: 79.608%, test_loss: 0.0032
[2023-0803 1643 - INFO] max_train_acc: 74.685%
[2023-0803 1643 - INFO] max_test_acc: 82.956%
[2023-0803 1643 - INFO] max_lr: 0.0005, min_lr: 0.0005
[2023-0803 1643 - INFO] ======================================
[2023-0803 1644 - INFO] epoch: 50/100
[2023-0803 1644 - INFO] learning_rate: 0.0005
[2023-0803 1644 - INFO] train_acc: 74.439%, train_loss: 0.0039
[2023-0803 1644 - INFO] test_acc: 80.740%, test_loss: 0.0031
[2023-0803 1644 - INFO] max_train_acc: 74.685%
[2023-0803 1644 - INFO] max_test_acc: 82.956%
[2023-0803 1644 - INFO] max_lr: 0.0005, min_lr: 0.0005
[2023-0803 1644 - INFO] ======================================
[2023-0803 1646 - INFO] epoch: 51/100
[2023-0803 1646 - INFO] learning_rate: 0.0005
[2023-0803 1646 - INFO] train_acc: 74.268%, train_loss: 0.0039
[2023-0803 1646 - INFO] test_acc: 78.951%, test_loss: 0.0033
[2023-0803 1646 - INFO] max_train_acc: 74.685%
[2023-0803 1646 - INFO] max_test_acc: 82.956%
[2023-0803 1646 - INFO] max_lr: 0.0005, min_lr: 0.0005
[2023-0803 1646 - INFO] ======================================
[2023-0803 1647 - INFO] epoch: 52/100
[2023-0803 1647 - INFO] learning_rate: 0.0005
[2023-0803 1647 - INFO] train_acc: 74.180%, train_loss: 0.0039
[2023-0803 1647 - INFO] test_acc: 81.432%, test_loss: 0.0030
[2023-0803 1647 - INFO] max_train_acc: 74.685%
[2023-0803 1647 - INFO] max_test_acc: 82.956%
[2023-0803 1647 - INFO] max_lr: 0.0005, min_lr: 0.0005
[2023-0803 1647 - INFO] ======================================
[2023-0803 1648 - INFO] epoch: 53/100
[2023-0803 1648 - INFO] learning_rate: 0.0005
[2023-0803 1648 - INFO] train_acc: 74.539%, train_loss: 0.0039
[2023-0803 1648 - INFO] test_acc: 79.229%, test_loss: 0.0032
[2023-0803 1648 - INFO] max_train_acc: 74.685%
[2023-0803 1648 - INFO] max_test_acc: 82.956%
[2023-0803 1648 - INFO] max_lr: 0.0005, min_lr: 0.0005
[2023-0803 1648 - INFO] ======================================
[2023-0803 1650 - INFO] epoch: 54/100
[2023-0803 1650 - INFO] learning_rate: 0.0005
[2023-0803 1650 - INFO] train_acc: 74.233%, train_loss: 0.0039
[2023-0803 1650 - INFO] test_acc: 80.318%, test_loss: 0.0031
[2023-0803 1650 - INFO] max_train_acc: 74.685%
[2023-0803 1650 - INFO] max_test_acc: 82.956%
[2023-0803 1650 - INFO] max_lr: 0.0005, min_lr: 0.0005
[2023-0803 1650 - INFO] ======================================
[2023-0803 1651 - INFO] epoch: 55/100
[2023-0803 1651 - INFO] learning_rate: 0.0005
[2023-0803 1651 - INFO] train_acc: 74.491%, train_loss: 0.0039
[2023-0803 1651 - INFO] test_acc: 80.353%, test_loss: 0.0031
[2023-0803 1651 - INFO] max_train_acc: 74.685%
[2023-0803 1651 - INFO] max_test_acc: 82.956%
[2023-0803 1651 - INFO] max_lr: 0.0005, min_lr: 0.0005
[2023-0803 1651 - INFO] ======================================
[2023-0803 1652 - INFO] epoch: 56/100
[2023-0803 1652 - INFO] learning_rate: 0.0005
[2023-0803 1652 - INFO] train_acc: 74.245%, train_loss: 0.0040
[2023-0803 1652 - INFO] test_acc: 77.619%, test_loss: 0.0034
[2023-0803 1652 - INFO] max_train_acc: 74.685%
[2023-0803 1652 - INFO] max_test_acc: 82.956%
[2023-0803 1652 - INFO] max_lr: 0.0005, min_lr: 0.0005
[2023-0803 1652 - INFO] ======================================
[2023-0803 1654 - INFO] epoch: 57/100
[2023-0803 1654 - INFO] learning_rate: 0.0005
[2023-0803 1654 - INFO] train_acc: 74.068%, train_loss: 0.0039
[2023-0803 1654 - INFO] test_acc: 80.718%, test_loss: 0.0031
[2023-0803 1654 - INFO] max_train_acc: 74.685%
[2023-0803 1654 - INFO] max_test_acc: 82.956%
[2023-0803 1654 - INFO] max_lr: 0.0005, min_lr: 0.0005
[2023-0803 1654 - INFO] ======================================
[2023-0803 1655 - INFO] epoch: 58/100
[2023-0803 1655 - INFO] learning_rate: 0.0005
[2023-0803 1655 - INFO] train_acc: 74.303%, train_loss: 0.0040
[2023-0803 1655 - INFO] test_acc: 81.519%, test_loss: 0.0030
[2023-0803 1655 - INFO] max_train_acc: 74.685%
[2023-0803 1655 - INFO] max_test_acc: 82.956%
[2023-0803 1655 - INFO] max_lr: 0.0005, min_lr: 0.0005
[2023-0803 1655 - INFO] ======================================
[2023-0803 1656 - INFO] epoch: 59/100
[2023-0803 1656 - INFO] learning_rate: 0.0005
[2023-0803 1656 - INFO] train_acc: 73.939%, train_loss: 0.0040
[2023-0803 1656 - INFO] test_acc: 80.435%, test_loss: 0.0032
[2023-0803 1656 - INFO] max_train_acc: 74.685%
[2023-0803 1656 - INFO] max_test_acc: 82.956%
[2023-0803 1656 - INFO] max_lr: 0.0005, min_lr: 0.0005
[2023-0803 1656 - INFO] ======================================
[2023-0803 1658 - INFO] epoch: 60/100
[2023-0803 1658 - INFO] learning_rate: 0.0005
[2023-0803 1658 - INFO] train_acc: 74.009%, train_loss: 0.0040
[2023-0803 1658 - INFO] test_acc: 80.601%, test_loss: 0.0031
[2023-0803 1658 - INFO] max_train_acc: 74.685%
[2023-0803 1658 - INFO] max_test_acc: 82.956%
[2023-0803 1658 - INFO] max_lr: 0.0005, min_lr: 0.0005
[2023-0803 1658 - INFO] ======================================
[2023-0803 1659 - INFO] epoch: 61/100
[2023-0803 1659 - INFO] learning_rate: 0.0005
[2023-0803 1659 - INFO] train_acc: 74.115%, train_loss: 0.0040
[2023-0803 1659 - INFO] test_acc: 78.951%, test_loss: 0.0033
[2023-0803 1659 - INFO] max_train_acc: 74.685%
[2023-0803 1659 - INFO] max_test_acc: 82.956%
[2023-0803 1659 - INFO] max_lr: 0.0005, min_lr: 0.0005
[2023-0803 1659 - INFO] ======================================
[2023-0803 1700 - INFO] epoch: 62/100
[2023-0803 1700 - INFO] learning_rate: 0.0005
[2023-0803 1700 - INFO] train_acc: 74.397%, train_loss: 0.0039
[2023-0803 1700 - INFO] test_acc: 79.665%, test_loss: 0.0032
[2023-0803 1700 - INFO] max_train_acc: 74.685%
[2023-0803 1700 - INFO] max_test_acc: 82.956%
[2023-0803 1700 - INFO] max_lr: 0.0005, min_lr: 0.0005
[2023-0803 1700 - INFO] ======================================
[2023-0803 1702 - INFO] epoch: 63/100
[2023-0803 1702 - INFO] learning_rate: 0.0005
[2023-0803 1702 - INFO] train_acc: 74.039%, train_loss: 0.0039
[2023-0803 1702 - INFO] test_acc: 82.024%, test_loss: 0.0029
[2023-0803 1702 - INFO] max_train_acc: 74.685%
[2023-0803 1702 - INFO] max_test_acc: 82.956%
[2023-0803 1702 - INFO] max_lr: 0.0005, min_lr: 0.0005
[2023-0803 1702 - INFO] ======================================
[2023-0803 1703 - INFO] epoch: 64/100
[2023-0803 1703 - INFO] learning_rate: 0.0005
[2023-0803 1703 - INFO] train_acc: 73.968%, train_loss: 0.0040
[2023-0803 1703 - INFO] test_acc: 80.239%, test_loss: 0.0032
[2023-0803 1703 - INFO] max_train_acc: 74.685%
[2023-0803 1703 - INFO] max_test_acc: 82.956%
[2023-0803 1703 - INFO] max_lr: 0.0005, min_lr: 0.0005
[2023-0803 1703 - INFO] ======================================
[2023-0803 1704 - INFO] epoch: 65/100
[2023-0803 1704 - INFO] learning_rate: 0.0005
[2023-0803 1704 - INFO] train_acc: 74.738%, train_loss: 0.0039
[2023-0803 1704 - INFO] test_acc: 81.955%, test_loss: 0.0029
[2023-0803 1704 - INFO] max_train_acc: 74.738%
[2023-0803 1704 - INFO] max_test_acc: 82.956%
[2023-0803 1704 - INFO] max_lr: 0.0005, min_lr: 0.0005
[2023-0803 1704 - INFO] ======================================
[2023-0803 1706 - INFO] epoch: 66/100
[2023-0803 1706 - INFO] learning_rate: 0.0005
[2023-0803 1706 - INFO] train_acc: 74.145%, train_loss: 0.0039
[2023-0803 1706 - INFO] test_acc: 77.858%, test_loss: 0.0034
[2023-0803 1706 - INFO] max_train_acc: 74.738%
[2023-0803 1706 - INFO] max_test_acc: 82.956%
[2023-0803 1706 - INFO] max_lr: 0.0005, min_lr: 0.0005
[2023-0803 1706 - INFO] ======================================
[2023-0803 1707 - INFO] epoch: 67/100
[2023-0803 1707 - INFO] learning_rate: 0.0005
[2023-0803 1707 - INFO] train_acc: 74.233%, train_loss: 0.0039
[2023-0803 1707 - INFO] test_acc: 79.177%, test_loss: 0.0032
[2023-0803 1707 - INFO] max_train_acc: 74.738%
[2023-0803 1707 - INFO] max_test_acc: 82.956%
[2023-0803 1707 - INFO] max_lr: 0.0005, min_lr: 0.0005
[2023-0803 1707 - INFO] ======================================
[2023-0803 1708 - INFO] epoch: 68/100
[2023-0803 1708 - INFO] learning_rate: 0.0005
[2023-0803 1708 - INFO] train_acc: 73.845%, train_loss: 0.0039
[2023-0803 1708 - INFO] test_acc: 78.986%, test_loss: 0.0033
[2023-0803 1708 - INFO] max_train_acc: 74.738%
[2023-0803 1708 - INFO] max_test_acc: 82.956%
[2023-0803 1708 - INFO] max_lr: 0.0005, min_lr: 0.0005
[2023-0803 1708 - INFO] ======================================
[2023-0803 1710 - INFO] epoch: 69/100
[2023-0803 1710 - INFO] learning_rate: 0.0005
[2023-0803 1710 - INFO] train_acc: 74.186%, train_loss: 0.0039
[2023-0803 1710 - INFO] test_acc: 80.065%, test_loss: 0.0031
[2023-0803 1710 - INFO] max_train_acc: 74.738%
[2023-0803 1710 - INFO] max_test_acc: 82.956%
[2023-0803 1710 - INFO] max_lr: 0.0005, min_lr: 0.0005
[2023-0803 1710 - INFO] ======================================
[2023-0803 1711 - INFO] epoch: 70/100
[2023-0803 1711 - INFO] learning_rate: 0.0005
[2023-0803 1711 - INFO] train_acc: 74.121%, train_loss: 0.0039
[2023-0803 1711 - INFO] test_acc: 80.279%, test_loss: 0.0031
[2023-0803 1711 - INFO] max_train_acc: 74.738%
[2023-0803 1711 - INFO] max_test_acc: 82.956%
[2023-0803 1711 - INFO] max_lr: 0.0005, min_lr: 0.0005
[2023-0803 1711 - INFO] ======================================
[2023-0803 1712 - INFO] epoch: 71/100
[2023-0803 1712 - INFO] learning_rate: 0.0005
[2023-0803 1712 - INFO] train_acc: 74.509%, train_loss: 0.0039
[2023-0803 1712 - INFO] test_acc: 80.988%, test_loss: 0.0031
[2023-0803 1712 - INFO] max_train_acc: 74.738%
[2023-0803 1712 - INFO] max_test_acc: 82.956%
[2023-0803 1712 - INFO] max_lr: 0.0005, min_lr: 0.0005
[2023-0803 1712 - INFO] ======================================
[2023-0803 1713 - INFO] epoch: 72/100
[2023-0803 1713 - INFO] learning_rate: 0.0005
[2023-0803 1713 - INFO] train_acc: 74.444%, train_loss: 0.0039
[2023-0803 1713 - INFO] test_acc: 78.811%, test_loss: 0.0033
[2023-0803 1713 - INFO] max_train_acc: 74.738%
[2023-0803 1713 - INFO] max_test_acc: 82.956%
[2023-0803 1713 - INFO] max_lr: 0.0005, min_lr: 0.0005
[2023-0803 1713 - INFO] ======================================
[2023-0803 1715 - INFO] epoch: 73/100
[2023-0803 1715 - INFO] learning_rate: 0.0005
[2023-0803 1715 - INFO] train_acc: 74.415%, train_loss: 0.0039
[2023-0803 1715 - INFO] test_acc: 77.919%, test_loss: 0.0034
[2023-0803 1715 - INFO] max_train_acc: 74.738%
[2023-0803 1715 - INFO] max_test_acc: 82.956%
[2023-0803 1715 - INFO] max_lr: 0.0005, min_lr: 0.0005
[2023-0803 1715 - INFO] ======================================
[2023-0803 1716 - INFO] epoch: 74/100
[2023-0803 1716 - INFO] learning_rate: 0.0005
[2023-0803 1716 - INFO] train_acc: 74.668%, train_loss: 0.0039
[2023-0803 1716 - INFO] test_acc: 77.144%, test_loss: 0.0035
[2023-0803 1716 - INFO] max_train_acc: 74.738%
[2023-0803 1716 - INFO] max_test_acc: 82.956%
[2023-0803 1716 - INFO] max_lr: 0.0005, min_lr: 0.0005
[2023-0803 1716 - INFO] ======================================
[2023-0803 1717 - INFO] epoch: 75/100
[2023-0803 1717 - INFO] learning_rate: 0.0005
[2023-0803 1717 - INFO] train_acc: 74.162%, train_loss: 0.0039
[2023-0803 1717 - INFO] test_acc: 80.370%, test_loss: 0.0031
[2023-0803 1717 - INFO] max_train_acc: 74.738%
[2023-0803 1717 - INFO] max_test_acc: 82.956%
[2023-0803 1717 - INFO] max_lr: 0.0005, min_lr: 0.0005
[2023-0803 1717 - INFO] ======================================
[2023-0803 1719 - INFO] epoch: 76/100
[2023-0803 1719 - INFO] learning_rate: 0.0005
[2023-0803 1719 - INFO] train_acc: 73.951%, train_loss: 0.0040
[2023-0803 1719 - INFO] test_acc: 79.521%, test_loss: 0.0032
[2023-0803 1719 - INFO] max_train_acc: 74.738%
[2023-0803 1719 - INFO] max_test_acc: 82.956%
[2023-0803 1719 - INFO] max_lr: 0.0005, min_lr: 0.0005
[2023-0803 1719 - INFO] ======================================
[2023-0803 1720 - INFO] epoch: 77/100
[2023-0803 1720 - INFO] learning_rate: 0.0005
[2023-0803 1720 - INFO] train_acc: 74.056%, train_loss: 0.0039
[2023-0803 1720 - INFO] test_acc: 80.492%, test_loss: 0.0031
[2023-0803 1720 - INFO] max_train_acc: 74.738%
[2023-0803 1720 - INFO] max_test_acc: 82.956%
[2023-0803 1720 - INFO] max_lr: 0.0005, min_lr: 0.0005
[2023-0803 1720 - INFO] ======================================
[2023-0803 1721 - INFO] epoch: 78/100
[2023-0803 1721 - INFO] learning_rate: 0.0005
[2023-0803 1721 - INFO] train_acc: 73.898%, train_loss: 0.0040
[2023-0803 1721 - INFO] test_acc: 75.908%, test_loss: 0.0036
[2023-0803 1721 - INFO] max_train_acc: 74.738%
[2023-0803 1721 - INFO] max_test_acc: 82.956%
[2023-0803 1721 - INFO] max_lr: 0.0005, min_lr: 0.0005
[2023-0803 1721 - INFO] ======================================
[2023-0803 1723 - INFO] epoch: 79/100
[2023-0803 1723 - INFO] learning_rate: 0.0005
[2023-0803 1723 - INFO] train_acc: 74.145%, train_loss: 0.0040
[2023-0803 1723 - INFO] test_acc: 78.437%, test_loss: 0.0033
[2023-0803 1723 - INFO] max_train_acc: 74.738%
[2023-0803 1723 - INFO] max_test_acc: 82.956%
[2023-0803 1723 - INFO] max_lr: 0.0005, min_lr: 0.0005
[2023-0803 1723 - INFO] ======================================
[2023-0803 1724 - INFO] epoch: 80/100
[2023-0803 1724 - INFO] learning_rate: 0.0005
[2023-0803 1724 - INFO] train_acc: 74.250%, train_loss: 0.0039
[2023-0803 1724 - INFO] test_acc: 78.920%, test_loss: 0.0033
[2023-0803 1724 - INFO] max_train_acc: 74.738%
[2023-0803 1724 - INFO] max_test_acc: 82.956%
[2023-0803 1724 - INFO] max_lr: 0.0005, min_lr: 0.0005
[2023-0803 1724 - INFO] ======================================
[2023-0803 1725 - INFO] epoch: 81/100
[2023-0803 1725 - INFO] learning_rate: 0.0005
[2023-0803 1725 - INFO] train_acc: 74.356%, train_loss: 0.0039
[2023-0803 1725 - INFO] test_acc: 80.022%, test_loss: 0.0031
[2023-0803 1725 - INFO] max_train_acc: 74.738%
[2023-0803 1725 - INFO] max_test_acc: 82.956%
[2023-0803 1725 - INFO] max_lr: 0.0005, min_lr: 0.0005
[2023-0803 1725 - INFO] ======================================
[2023-0803 1727 - INFO] epoch: 82/100
[2023-0803 1727 - INFO] learning_rate: 0.0005
[2023-0803 1727 - INFO] train_acc: 74.345%, train_loss: 0.0040
[2023-0803 1727 - INFO] test_acc: 80.614%, test_loss: 0.0031
[2023-0803 1727 - INFO] max_train_acc: 74.738%
[2023-0803 1727 - INFO] max_test_acc: 82.956%
[2023-0803 1727 - INFO] max_lr: 0.0005, min_lr: 0.0005
[2023-0803 1727 - INFO] ======================================
[2023-0803 1728 - INFO] epoch: 83/100
[2023-0803 1728 - INFO] learning_rate: 0.0005
[2023-0803 1728 - INFO] train_acc: 74.533%, train_loss: 0.0039
[2023-0803 1728 - INFO] test_acc: 76.748%, test_loss: 0.0035
[2023-0803 1728 - INFO] max_train_acc: 74.738%
[2023-0803 1728 - INFO] max_test_acc: 82.956%
[2023-0803 1728 - INFO] max_lr: 0.0005, min_lr: 0.0005
[2023-0803 1728 - INFO] ======================================
[2023-0803 1729 - INFO] epoch: 84/100
[2023-0803 1729 - INFO] learning_rate: 0.0005
[2023-0803 1729 - INFO] train_acc: 74.250%, train_loss: 0.0040
[2023-0803 1729 - INFO] test_acc: 79.752%, test_loss: 0.0032
[2023-0803 1729 - INFO] max_train_acc: 74.738%
[2023-0803 1729 - INFO] max_test_acc: 82.956%
[2023-0803 1729 - INFO] max_lr: 0.0005, min_lr: 0.0005
[2023-0803 1729 - INFO] ======================================
[2023-0803 1731 - INFO] epoch: 85/100
[2023-0803 1731 - INFO] learning_rate: 0.0005
[2023-0803 1731 - INFO] train_acc: 74.168%, train_loss: 0.0039
[2023-0803 1731 - INFO] test_acc: 80.466%, test_loss: 0.0031
[2023-0803 1731 - INFO] max_train_acc: 74.738%
[2023-0803 1731 - INFO] max_test_acc: 82.956%
[2023-0803 1731 - INFO] max_lr: 0.0005, min_lr: 0.0005
[2023-0803 1731 - INFO] ======================================
[2023-0803 1732 - INFO] epoch: 86/100
[2023-0803 1732 - INFO] learning_rate: 0.0005
[2023-0803 1732 - INFO] train_acc: 73.974%, train_loss: 0.0039
[2023-0803 1732 - INFO] test_acc: 79.930%, test_loss: 0.0032
[2023-0803 1732 - INFO] max_train_acc: 74.738%
[2023-0803 1732 - INFO] max_test_acc: 82.956%
[2023-0803 1732 - INFO] max_lr: 0.0005, min_lr: 0.0005
[2023-0803 1732 - INFO] ======================================
[2023-0803 1733 - INFO] epoch: 87/100
[2023-0803 1733 - INFO] learning_rate: 0.0005
[2023-0803 1733 - INFO] train_acc: 74.133%, train_loss: 0.0040
[2023-0803 1733 - INFO] test_acc: 80.435%, test_loss: 0.0031
[2023-0803 1733 - INFO] max_train_acc: 74.738%
[2023-0803 1733 - INFO] max_test_acc: 82.956%
[2023-0803 1733 - INFO] max_lr: 0.0005, min_lr: 0.0005
[2023-0803 1733 - INFO] ======================================
[2023-0803 1735 - INFO] epoch: 88/100
[2023-0803 1735 - INFO] learning_rate: 0.0005
[2023-0803 1735 - INFO] train_acc: 74.250%, train_loss: 0.0040
[2023-0803 1735 - INFO] test_acc: 80.435%, test_loss: 0.0031
[2023-0803 1735 - INFO] max_train_acc: 74.738%
[2023-0803 1735 - INFO] max_test_acc: 82.956%
[2023-0803 1735 - INFO] max_lr: 0.0005, min_lr: 0.0005
[2023-0803 1735 - INFO] ======================================
[2023-0803 1736 - INFO] epoch: 89/100
[2023-0803 1736 - INFO] learning_rate: 0.0005
[2023-0803 1736 - INFO] train_acc: 74.450%, train_loss: 0.0039
[2023-0803 1736 - INFO] test_acc: 78.668%, test_loss: 0.0033
[2023-0803 1736 - INFO] max_train_acc: 74.738%
[2023-0803 1736 - INFO] max_test_acc: 82.956%
[2023-0803 1736 - INFO] max_lr: 0.0005, min_lr: 0.0005
[2023-0803 1736 - INFO] ======================================
[2023-0803 1737 - INFO] epoch: 90/100
[2023-0803 1737 - INFO] learning_rate: 0.0005
[2023-0803 1737 - INFO] train_acc: 74.139%, train_loss: 0.0040
[2023-0803 1737 - INFO] test_acc: 79.438%, test_loss: 0.0032
[2023-0803 1737 - INFO] max_train_acc: 74.738%
[2023-0803 1737 - INFO] max_test_acc: 82.956%
[2023-0803 1737 - INFO] max_lr: 0.0005, min_lr: 0.0005
[2023-0803 1737 - INFO] ======================================
[2023-0803 1738 - INFO] epoch: 91/100
[2023-0803 1738 - INFO] learning_rate: 0.0005
[2023-0803 1738 - INFO] train_acc: 74.550%, train_loss: 0.0039
[2023-0803 1738 - INFO] test_acc: 75.916%, test_loss: 0.0036
[2023-0803 1738 - INFO] max_train_acc: 74.738%
[2023-0803 1738 - INFO] max_test_acc: 82.956%
[2023-0803 1738 - INFO] max_lr: 0.0005, min_lr: 0.0005
[2023-0803 1738 - INFO] ======================================
[2023-0803 1740 - INFO] epoch: 92/100
[2023-0803 1740 - INFO] learning_rate: 0.0005
[2023-0803 1740 - INFO] train_acc: 74.615%, train_loss: 0.0039
[2023-0803 1740 - INFO] test_acc: 80.405%, test_loss: 0.0031
[2023-0803 1740 - INFO] max_train_acc: 74.738%
[2023-0803 1740 - INFO] max_test_acc: 82.956%
[2023-0803 1740 - INFO] max_lr: 0.0005, min_lr: 0.0005
[2023-0803 1740 - INFO] ======================================
[2023-0803 1741 - INFO] epoch: 93/100
[2023-0803 1741 - INFO] learning_rate: 0.0005
[2023-0803 1741 - INFO] train_acc: 74.409%, train_loss: 0.0039
[2023-0803 1741 - INFO] test_acc: 77.993%, test_loss: 0.0034
[2023-0803 1741 - INFO] max_train_acc: 74.738%
[2023-0803 1741 - INFO] max_test_acc: 82.956%
[2023-0803 1741 - INFO] max_lr: 0.0005, min_lr: 0.0005
[2023-0803 1741 - INFO] ======================================
[2023-0803 1742 - INFO] epoch: 94/100
[2023-0803 1742 - INFO] learning_rate: 0.0005
[2023-0803 1742 - INFO] train_acc: 74.356%, train_loss: 0.0039
[2023-0803 1742 - INFO] test_acc: 78.254%, test_loss: 0.0034
[2023-0803 1742 - INFO] max_train_acc: 74.738%
[2023-0803 1742 - INFO] max_test_acc: 82.956%
[2023-0803 1742 - INFO] max_lr: 0.0005, min_lr: 0.0005
[2023-0803 1742 - INFO] ======================================
[2023-0803 1744 - INFO] epoch: 95/100
[2023-0803 1744 - INFO] learning_rate: 0.0005
[2023-0803 1744 - INFO] train_acc: 74.486%, train_loss: 0.0039
[2023-0803 1744 - INFO] test_acc: 80.083%, test_loss: 0.0031
[2023-0803 1744 - INFO] max_train_acc: 74.738%
[2023-0803 1744 - INFO] max_test_acc: 82.956%
[2023-0803 1744 - INFO] max_lr: 0.0005, min_lr: 0.0005
[2023-0803 1744 - INFO] ======================================
[2023-0803 1745 - INFO] epoch: 96/100
[2023-0803 1745 - INFO] learning_rate: 0.0005
[2023-0803 1745 - INFO] train_acc: 74.339%, train_loss: 0.0039
[2023-0803 1745 - INFO] test_acc: 82.690%, test_loss: 0.0029
[2023-0803 1745 - INFO] max_train_acc: 74.738%
[2023-0803 1745 - INFO] max_test_acc: 82.956%
[2023-0803 1745 - INFO] max_lr: 0.0005, min_lr: 0.0005
[2023-0803 1745 - INFO] ======================================
[2023-0803 1746 - INFO] epoch: 97/100
[2023-0803 1746 - INFO] learning_rate: 0.0005
[2023-0803 1746 - INFO] train_acc: 74.380%, train_loss: 0.0040
[2023-0803 1746 - INFO] test_acc: 79.251%, test_loss: 0.0032
[2023-0803 1746 - INFO] max_train_acc: 74.738%
[2023-0803 1746 - INFO] max_test_acc: 82.956%
[2023-0803 1746 - INFO] max_lr: 0.0005, min_lr: 0.0005
[2023-0803 1746 - INFO] ======================================
[2023-0803 1748 - INFO] epoch: 98/100
[2023-0803 1748 - INFO] learning_rate: 0.0005
[2023-0803 1748 - INFO] train_acc: 74.591%, train_loss: 0.0039
[2023-0803 1748 - INFO] test_acc: 81.341%, test_loss: 0.0030
[2023-0803 1748 - INFO] max_train_acc: 74.738%
[2023-0803 1748 - INFO] max_test_acc: 82.956%
[2023-0803 1748 - INFO] max_lr: 0.0005, min_lr: 0.0005
[2023-0803 1748 - INFO] ======================================
[2023-0803 1749 - INFO] epoch: 99/100
[2023-0803 1749 - INFO] learning_rate: 0.0005
[2023-0803 1749 - INFO] train_acc: 74.268%, train_loss: 0.0039
[2023-0803 1749 - INFO] test_acc: 78.176%, test_loss: 0.0034
[2023-0803 1749 - INFO] max_train_acc: 74.738%
[2023-0803 1749 - INFO] max_test_acc: 82.956%
[2023-0803 1749 - INFO] max_lr: 0.0005, min_lr: 0.0005
[2023-0803 1749 - INFO] ======================================
[2023-0803 1750 - INFO] epoch: 100/100
[2023-0803 1750 - INFO] learning_rate: 0.0005
[2023-0803 1750 - INFO] train_acc: 74.656%, train_loss: 0.0040
[2023-0803 1750 - INFO] test_acc: 77.649%, test_loss: 0.0034
[2023-0803 1750 - INFO] max_train_acc: 74.738%
[2023-0803 1750 - INFO] max_test_acc: 82.956%
[2023-0803 1750 - INFO] max_lr: 0.0005, min_lr: 0.0005
[2023-0803 1750 - INFO] ======================================
