[2023-0806 1018 - INFO] <<< BEATs_iter3_plus_AS2M - 2 fc layer >>> 
[2023-0806 1018 - INFO] Add FrequencyMasking and TimeMasking
[2023-0806 1018 - INFO] Add time_stretch 0.8 and time_stretch 1.2
[2023-0806 1018 - INFO] # trainset_size = 17010
[2023-0806 1018 - INFO] # testset_size = 4100
[2023-0806 1018 - INFO] # train_a/p = 8505/8505
[2023-0806 1018 - INFO] # test_a/p = 2050/2050
[2023-0806 1018 - INFO] # batch_size = 128
[2023-0806 1018 - INFO] # learning_rate = 0.001
[2023-0806 1018 - INFO] # num_epochs = 100
[2023-0806 1018 - INFO] # padding_size = 3500
[2023-0806 1018 - INFO] # loss_fn = CE
[2023-0806 1018 - INFO] # scheduler = None
[2023-0806 1018 - INFO] # optimizer = AdamW (
Parameter Group 0
    amsgrad: False
    betas: (0.9, 0.999)
    capturable: False
    differentiable: False
    eps: 1e-08
    foreach: None
    fused: None
    lr: 0.001
    maximize: False
    weight_decay: 0.01
)
[2023-0806 1018 - INFO] # comments : 
[2023-0806 1018 - INFO] -------------------------------------
