[2023-09-07 09:51:21 - INFO:] # train_batch_size = 128
[2023-09-07 09:51:21 - INFO:] # test_batch_size = 128
[2023-09-07 09:51:21 - INFO:] # learning_rate = 0.001
[2023-09-07 09:51:21 - INFO:] # num_epochs = 50
[2023-09-07 09:51:21 - INFO:] # padding_size = 5500
[2023-09-07 09:51:21 - INFO:] ----------------------------------------------------
[2023-09-07 09:53:12 - INFO:] epoch: 0
[2023-09-07 09:53:12 - INFO:] train_loss: 0.579
[2023-09-07 09:53:12 - INFO:] test_acc: 77.716%  test_loss: 0.004
[2023-09-07 09:53:12 - INFO:] =========================================
[2023-09-07 09:54:57 - INFO:] epoch: 1
[2023-09-07 09:54:57 - INFO:] train_loss: 0.524
[2023-09-07 09:54:57 - INFO:] test_acc: 77.722%  test_loss: 0.004
[2023-09-07 09:54:57 - INFO:] =========================================
[2023-09-07 09:56:44 - INFO:] epoch: 2
[2023-09-07 09:56:44 - INFO:] train_loss: 0.524
[2023-09-07 09:56:44 - INFO:] test_acc: 77.733%  test_loss: 0.004
[2023-09-07 09:56:44 - INFO:] =========================================
[2023-09-07 09:58:31 - INFO:] epoch: 3
[2023-09-07 09:58:31 - INFO:] train_loss: 0.470
[2023-09-07 09:58:31 - INFO:] test_acc: 77.699%  test_loss: 0.004
[2023-09-07 09:58:31 - INFO:] =========================================
[2023-09-07 10:00:15 - INFO:] epoch: 4
[2023-09-07 10:00:15 - INFO:] train_loss: 0.509
[2023-09-07 10:00:15 - INFO:] test_acc: 77.710%  test_loss: 0.004
[2023-09-07 10:00:15 - INFO:] =========================================
[2023-09-07 10:02:00 - INFO:] epoch: 5
[2023-09-07 10:02:00 - INFO:] train_loss: 0.477
[2023-09-07 10:02:00 - INFO:] test_acc: 77.744%  test_loss: 0.004
[2023-09-07 10:02:00 - INFO:] =========================================
[2023-09-07 10:03:45 - INFO:] epoch: 6
[2023-09-07 10:03:45 - INFO:] train_loss: 0.485
[2023-09-07 10:03:45 - INFO:] test_acc: 77.722%  test_loss: 0.004
[2023-09-07 10:03:45 - INFO:] =========================================
[2023-09-07 10:05:30 - INFO:] epoch: 7
[2023-09-07 10:05:30 - INFO:] train_loss: 0.516
[2023-09-07 10:05:30 - INFO:] test_acc: 77.716%  test_loss: 0.004
[2023-09-07 10:05:30 - INFO:] =========================================
[2023-09-07 10:07:14 - INFO:] epoch: 8
[2023-09-07 10:07:14 - INFO:] train_loss: 0.516
[2023-09-07 10:07:14 - INFO:] test_acc: 77.733%  test_loss: 0.004
[2023-09-07 10:07:14 - INFO:] =========================================
[2023-09-07 10:08:59 - INFO:] epoch: 9
[2023-09-07 10:08:59 - INFO:] train_loss: 0.493
[2023-09-07 10:08:59 - INFO:] test_acc: 77.722%  test_loss: 0.004
[2023-09-07 10:08:59 - INFO:] =========================================
[2023-09-07 10:10:43 - INFO:] epoch: 10
[2023-09-07 10:10:43 - INFO:] train_loss: 0.524
[2023-09-07 10:10:43 - INFO:] test_acc: 77.722%  test_loss: 0.004
[2023-09-07 10:10:43 - INFO:] =========================================
[2023-09-07 10:12:28 - INFO:] epoch: 11
[2023-09-07 10:12:28 - INFO:] train_loss: 0.454
[2023-09-07 10:12:28 - INFO:] test_acc: 77.716%  test_loss: 0.004
[2023-09-07 10:12:28 - INFO:] =========================================
[2023-09-07 10:14:12 - INFO:] epoch: 12
[2023-09-07 10:14:12 - INFO:] train_loss: 0.501
[2023-09-07 10:14:12 - INFO:] test_acc: 77.716%  test_loss: 0.004
[2023-09-07 10:14:12 - INFO:] =========================================
[2023-09-07 10:15:57 - INFO:] epoch: 13
[2023-09-07 10:15:57 - INFO:] train_loss: 0.548
[2023-09-07 10:15:57 - INFO:] test_acc: 77.722%  test_loss: 0.004
[2023-09-07 10:15:57 - INFO:] =========================================
[2023-09-07 10:17:41 - INFO:] epoch: 14
[2023-09-07 10:17:41 - INFO:] train_loss: 0.540
[2023-09-07 10:17:41 - INFO:] test_acc: 77.727%  test_loss: 0.004
[2023-09-07 10:17:41 - INFO:] =========================================
[2023-09-07 10:19:26 - INFO:] epoch: 15
[2023-09-07 10:19:26 - INFO:] train_loss: 0.540
[2023-09-07 10:19:26 - INFO:] test_acc: 77.733%  test_loss: 0.004
[2023-09-07 10:19:26 - INFO:] =========================================
[2023-09-07 10:21:10 - INFO:] epoch: 16
[2023-09-07 10:21:10 - INFO:] train_loss: 0.493
[2023-09-07 10:21:10 - INFO:] test_acc: 77.727%  test_loss: 0.004
[2023-09-07 10:21:10 - INFO:] =========================================
[2023-09-07 10:22:55 - INFO:] epoch: 17
[2023-09-07 10:22:55 - INFO:] train_loss: 0.470
[2023-09-07 10:22:55 - INFO:] test_acc: 77.710%  test_loss: 0.004
[2023-09-07 10:22:55 - INFO:] =========================================
[2023-09-07 10:24:39 - INFO:] epoch: 18
[2023-09-07 10:24:39 - INFO:] train_loss: 0.540
[2023-09-07 10:24:39 - INFO:] test_acc: 77.722%  test_loss: 0.004
[2023-09-07 10:24:39 - INFO:] =========================================
[2023-09-07 10:26:25 - INFO:] epoch: 19
[2023-09-07 10:26:25 - INFO:] train_loss: 0.470
[2023-09-07 10:26:25 - INFO:] test_acc: 77.716%  test_loss: 0.004
[2023-09-07 10:26:25 - INFO:] =========================================
[2023-09-07 10:28:09 - INFO:] epoch: 20
[2023-09-07 10:28:09 - INFO:] train_loss: 0.501
[2023-09-07 10:28:09 - INFO:] test_acc: 81.263%  test_loss: 0.004
[2023-09-07 10:28:09 - INFO:] =========================================
[2023-09-07 10:29:54 - INFO:] epoch: 21
[2023-09-07 10:29:54 - INFO:] train_loss: 0.447
[2023-09-07 10:29:54 - INFO:] test_acc: 82.278%  test_loss: 0.004
[2023-09-07 10:29:54 - INFO:] =========================================
[2023-09-07 10:31:38 - INFO:] epoch: 22
[2023-09-07 10:31:38 - INFO:] train_loss: 0.493
[2023-09-07 10:31:38 - INFO:] test_acc: 82.508%  test_loss: 0.004
[2023-09-07 10:31:39 - INFO:] =========================================
[2023-09-07 10:33:23 - INFO:] epoch: 23
[2023-09-07 10:33:23 - INFO:] train_loss: 0.494
[2023-09-07 10:33:23 - INFO:] test_acc: 82.671%  test_loss: 0.004
[2023-09-07 10:33:23 - INFO:] =========================================
[2023-09-07 10:35:07 - INFO:] epoch: 24
[2023-09-07 10:35:07 - INFO:] train_loss: 0.467
[2023-09-07 10:35:07 - INFO:] test_acc: 82.738%  test_loss: 0.004
[2023-09-07 10:35:07 - INFO:] =========================================
[2023-09-07 10:36:52 - INFO:] epoch: 25
[2023-09-07 10:36:52 - INFO:] train_loss: 0.477
[2023-09-07 10:36:52 - INFO:] test_acc: 82.789%  test_loss: 0.004
[2023-09-07 10:36:52 - INFO:] =========================================
[2023-09-07 10:38:37 - INFO:] epoch: 26
[2023-09-07 10:38:37 - INFO:] train_loss: 0.493
[2023-09-07 10:38:37 - INFO:] test_acc: 82.952%  test_loss: 0.004
[2023-09-07 10:38:37 - INFO:] =========================================
[2023-09-07 10:40:21 - INFO:] epoch: 27
[2023-09-07 10:40:21 - INFO:] train_loss: 0.412
[2023-09-07 10:40:21 - INFO:] test_acc: 83.053%  test_loss: 0.004
[2023-09-07 10:40:21 - INFO:] =========================================
[2023-09-07 10:42:06 - INFO:] epoch: 28
[2023-09-07 10:42:06 - INFO:] train_loss: 0.466
[2023-09-07 10:42:06 - INFO:] test_acc: 83.131%  test_loss: 0.004
[2023-09-07 10:42:06 - INFO:] =========================================
[2023-09-07 10:43:50 - INFO:] epoch: 29
[2023-09-07 10:43:50 - INFO:] train_loss: 0.493
[2023-09-07 10:43:50 - INFO:] test_acc: 83.221%  test_loss: 0.004
[2023-09-07 10:43:50 - INFO:] =========================================
[2023-09-07 10:45:35 - INFO:] epoch: 30
[2023-09-07 10:45:35 - INFO:] train_loss: 0.453
[2023-09-07 10:45:35 - INFO:] test_acc: 83.356%  test_loss: 0.004
[2023-09-07 10:45:35 - INFO:] =========================================
[2023-09-07 10:47:20 - INFO:] epoch: 31
[2023-09-07 10:47:20 - INFO:] train_loss: 0.502
[2023-09-07 10:47:20 - INFO:] test_acc: 83.266%  test_loss: 0.004
[2023-09-07 10:47:20 - INFO:] =========================================
[2023-09-07 10:49:04 - INFO:] epoch: 32
[2023-09-07 10:49:04 - INFO:] train_loss: 0.487
[2023-09-07 10:49:04 - INFO:] test_acc: 83.373%  test_loss: 0.004
[2023-09-07 10:49:04 - INFO:] =========================================
[2023-09-07 10:50:48 - INFO:] epoch: 33
[2023-09-07 10:50:48 - INFO:] train_loss: 0.482
[2023-09-07 10:50:48 - INFO:] test_acc: 83.361%  test_loss: 0.004
[2023-09-07 10:50:48 - INFO:] =========================================
[2023-09-07 10:52:33 - INFO:] epoch: 34
[2023-09-07 10:52:33 - INFO:] train_loss: 0.465
[2023-09-07 10:52:33 - INFO:] test_acc: 83.474%  test_loss: 0.004
[2023-09-07 10:52:33 - INFO:] =========================================
[2023-09-07 10:54:18 - INFO:] epoch: 35
[2023-09-07 10:54:18 - INFO:] train_loss: 0.422
[2023-09-07 10:54:18 - INFO:] test_acc: 83.373%  test_loss: 0.004
[2023-09-07 10:54:18 - INFO:] =========================================
[2023-09-07 10:56:02 - INFO:] epoch: 36
[2023-09-07 10:56:02 - INFO:] train_loss: 0.468
[2023-09-07 10:56:02 - INFO:] test_acc: 83.418%  test_loss: 0.004
[2023-09-07 10:56:02 - INFO:] =========================================
[2023-09-07 10:57:46 - INFO:] epoch: 37
[2023-09-07 10:57:46 - INFO:] train_loss: 0.449
[2023-09-07 10:57:46 - INFO:] test_acc: 83.603%  test_loss: 0.004
[2023-09-07 10:57:46 - INFO:] =========================================
[2023-09-07 10:59:34 - INFO:] epoch: 38
[2023-09-07 10:59:34 - INFO:] train_loss: 0.469
[2023-09-07 10:59:34 - INFO:] test_acc: 83.350%  test_loss: 0.004
[2023-09-07 10:59:34 - INFO:] =========================================
[2023-09-07 11:01:19 - INFO:] epoch: 39
[2023-09-07 11:01:19 - INFO:] train_loss: 0.491
[2023-09-07 11:01:19 - INFO:] test_acc: 83.625%  test_loss: 0.004
[2023-09-07 11:01:19 - INFO:] =========================================
[2023-09-07 11:03:03 - INFO:] epoch: 40
[2023-09-07 11:03:03 - INFO:] train_loss: 0.456
[2023-09-07 11:03:03 - INFO:] test_acc: 83.490%  test_loss: 0.004
[2023-09-07 11:03:03 - INFO:] =========================================
[2023-09-07 11:04:47 - INFO:] epoch: 41
[2023-09-07 11:04:47 - INFO:] train_loss: 0.500
[2023-09-07 11:04:47 - INFO:] test_acc: 83.406%  test_loss: 0.004
[2023-09-07 11:04:47 - INFO:] =========================================
[2023-09-07 11:06:32 - INFO:] epoch: 42
[2023-09-07 11:06:32 - INFO:] train_loss: 0.409
[2023-09-07 11:06:32 - INFO:] test_acc: 83.681%  test_loss: 0.004
[2023-09-07 11:06:32 - INFO:] =========================================
[2023-09-07 11:08:17 - INFO:] epoch: 43
[2023-09-07 11:08:17 - INFO:] train_loss: 0.499
[2023-09-07 11:08:17 - INFO:] test_acc: 83.670%  test_loss: 0.004
[2023-09-07 11:08:17 - INFO:] =========================================
[2023-09-07 11:10:01 - INFO:] epoch: 44
[2023-09-07 11:10:01 - INFO:] train_loss: 0.449
[2023-09-07 11:10:01 - INFO:] test_acc: 83.620%  test_loss: 0.004
[2023-09-07 11:10:01 - INFO:] =========================================
[2023-09-07 11:11:46 - INFO:] epoch: 45
[2023-09-07 11:11:46 - INFO:] train_loss: 0.444
[2023-09-07 11:11:46 - INFO:] test_acc: 83.771%  test_loss: 0.004
[2023-09-07 11:11:46 - INFO:] =========================================
[2023-09-07 11:13:30 - INFO:] epoch: 46
[2023-09-07 11:13:30 - INFO:] train_loss: 0.533
[2023-09-07 11:13:30 - INFO:] test_acc: 83.586%  test_loss: 0.004
[2023-09-07 11:13:30 - INFO:] =========================================
[2023-09-07 11:15:14 - INFO:] epoch: 47
[2023-09-07 11:15:14 - INFO:] train_loss: 0.489
[2023-09-07 11:15:14 - INFO:] test_acc: 83.726%  test_loss: 0.004
[2023-09-07 11:15:14 - INFO:] =========================================
[2023-09-07 11:16:59 - INFO:] epoch: 48
[2023-09-07 11:16:59 - INFO:] train_loss: 0.471
[2023-09-07 11:16:59 - INFO:] test_acc: 83.653%  test_loss: 0.004
[2023-09-07 11:16:59 - INFO:] =========================================
[2023-09-07 11:18:43 - INFO:] epoch: 49
[2023-09-07 11:18:43 - INFO:] train_loss: 0.440
[2023-09-07 11:18:43 - INFO:] test_acc: 83.833%  test_loss: 0.004
[2023-09-07 11:18:43 - INFO:] =========================================
