[2023-0801 1724 - INFO] <<< BEATs_iter3_plus_AS2M - 1 fc layer >>> 
[2023-0801 1724 - INFO] # trainset_size = 17010
[2023-0801 1724 - INFO] # testset_size = 22970
[2023-0801 1724 - INFO] # train_a/p = 8505/8505
[2023-0801 1724 - INFO] # test_a/p = 20920/2050
[2023-0801 1724 - INFO] # batch_size = 128
[2023-0801 1724 - INFO] # learning_rate = 0.001
[2023-0801 1724 - INFO] # num_epochs = 100
[2023-0801 1724 - INFO] # padding_size = 3500
[2023-0801 1724 - INFO] # criterion = CrossEntropyLoss()
[2023-0801 1724 - INFO] # scheduler = <torch.optim.lr_scheduler.CosineAnnealingLR object at 0x000001B03368EE50>
[2023-0801 1724 - INFO] # optimizer = AdamW (
Parameter Group 0
    amsgrad: False
    betas: (0.9, 0.999)
    capturable: False
    differentiable: False
    eps: 1e-08
    foreach: None
    fused: None
    initial_lr: 0.001
    lr: 0.001
    maximize: False
    weight_decay: 0.01
)
[2023-0801 1724 - INFO] -------------------------------------
[2023-0801 1725 - INFO] epoch: 1/100
[2023-0801 1725 - INFO] learning_rate: 0.0010
[2023-0801 1725 - INFO] train_acc: 68.001%, train_loss: 0.0048
[2023-0801 1725 - INFO] test_acc: 69.717%, test_loss: 0.0044
[2023-0801 1725 - INFO] max_train_acc: 68.001%
[2023-0801 1725 - INFO] max_test_acc: 69.717%
[2023-0801 1725 - INFO] max_lr: 0.0010, min_lr: 0.0010
[2023-0801 1725 - INFO] ======================================
[2023-0801 1726 - INFO] epoch: 2/100
[2023-0801 1726 - INFO] learning_rate: 0.0009
[2023-0801 1726 - INFO] train_acc: 71.411%, train_loss: 0.0045
[2023-0801 1726 - INFO] test_acc: 76.791%, test_loss: 0.0042
[2023-0801 1726 - INFO] max_train_acc: 71.411%
[2023-0801 1726 - INFO] max_test_acc: 76.791%
[2023-0801 1726 - INFO] max_lr: 0.0010, min_lr: 0.0009
[2023-0801 1726 - INFO] ======================================
[2023-0801 1727 - INFO] epoch: 3/100
[2023-0801 1727 - INFO] learning_rate: 0.0008
[2023-0801 1727 - INFO] train_acc: 72.875%, train_loss: 0.0044
[2023-0801 1727 - INFO] test_acc: 78.350%, test_loss: 0.0041
[2023-0801 1727 - INFO] max_train_acc: 72.875%
[2023-0801 1727 - INFO] max_test_acc: 78.350%
[2023-0801 1727 - INFO] max_lr: 0.0010, min_lr: 0.0008
[2023-0801 1727 - INFO] ======================================
[2023-0801 1728 - INFO] epoch: 4/100
[2023-0801 1728 - INFO] learning_rate: 0.0007
[2023-0801 1728 - INFO] train_acc: 73.645%, train_loss: 0.0044
[2023-0801 1728 - INFO] test_acc: 78.929%, test_loss: 0.0041
[2023-0801 1728 - INFO] max_train_acc: 73.645%
[2023-0801 1728 - INFO] max_test_acc: 78.929%
[2023-0801 1728 - INFO] max_lr: 0.0010, min_lr: 0.0007
[2023-0801 1728 - INFO] ======================================
[2023-0801 1729 - INFO] epoch: 5/100
[2023-0801 1729 - INFO] learning_rate: 0.0005
[2023-0801 1729 - INFO] train_acc: 74.297%, train_loss: 0.0043
[2023-0801 1729 - INFO] test_acc: 81.859%, test_loss: 0.0039
[2023-0801 1729 - INFO] max_train_acc: 74.297%
[2023-0801 1729 - INFO] max_test_acc: 81.859%
[2023-0801 1729 - INFO] max_lr: 0.0010, min_lr: 0.0005
[2023-0801 1729 - INFO] ======================================
[2023-0801 1730 - INFO] epoch: 6/100
[2023-0801 1730 - INFO] learning_rate: 0.0003
[2023-0801 1730 - INFO] train_acc: 74.533%, train_loss: 0.0043
[2023-0801 1730 - INFO] test_acc: 79.330%, test_loss: 0.0040
[2023-0801 1730 - INFO] max_train_acc: 74.533%
[2023-0801 1730 - INFO] max_test_acc: 81.859%
[2023-0801 1730 - INFO] max_lr: 0.0010, min_lr: 0.0003
[2023-0801 1730 - INFO] ======================================
[2023-0801 1731 - INFO] epoch: 7/100
[2023-0801 1731 - INFO] learning_rate: 0.0002
[2023-0801 1731 - INFO] train_acc: 74.321%, train_loss: 0.0043
[2023-0801 1731 - INFO] test_acc: 80.496%, test_loss: 0.0039
[2023-0801 1731 - INFO] max_train_acc: 74.533%
[2023-0801 1731 - INFO] max_test_acc: 81.859%
[2023-0801 1731 - INFO] max_lr: 0.0010, min_lr: 0.0002
[2023-0801 1731 - INFO] ======================================
[2023-0801 1732 - INFO] epoch: 8/100
[2023-0801 1732 - INFO] learning_rate: 0.0001
[2023-0801 1732 - INFO] train_acc: 74.903%, train_loss: 0.0043
[2023-0801 1732 - INFO] test_acc: 79.896%, test_loss: 0.0040
[2023-0801 1732 - INFO] max_train_acc: 74.903%
[2023-0801 1732 - INFO] max_test_acc: 81.859%
[2023-0801 1732 - INFO] max_lr: 0.0010, min_lr: 0.0001
[2023-0801 1732 - INFO] ======================================
[2023-0801 1733 - INFO] epoch: 9/100
[2023-0801 1733 - INFO] learning_rate: 0.0000
[2023-0801 1733 - INFO] train_acc: 75.050%, train_loss: 0.0043
[2023-0801 1733 - INFO] test_acc: 80.592%, test_loss: 0.0039
[2023-0801 1733 - INFO] max_train_acc: 75.050%
[2023-0801 1733 - INFO] max_test_acc: 81.859%
[2023-0801 1733 - INFO] max_lr: 0.0010, min_lr: 0.0000
[2023-0801 1733 - INFO] ======================================
[2023-0801 1734 - INFO] epoch: 10/100
[2023-0801 1734 - INFO] learning_rate: 0.0000
[2023-0801 1734 - INFO] train_acc: 74.644%, train_loss: 0.0043
[2023-0801 1734 - INFO] test_acc: 80.609%, test_loss: 0.0039
[2023-0801 1734 - INFO] max_train_acc: 75.050%
[2023-0801 1734 - INFO] max_test_acc: 81.859%
[2023-0801 1734 - INFO] max_lr: 0.0010, min_lr: 0.0000
[2023-0801 1734 - INFO] ======================================
[2023-0801 1735 - INFO] epoch: 11/100
[2023-0801 1735 - INFO] learning_rate: 0.0000
[2023-0801 1735 - INFO] train_acc: 74.562%, train_loss: 0.0043
[2023-0801 1735 - INFO] test_acc: 80.609%, test_loss: 0.0039
[2023-0801 1735 - INFO] max_train_acc: 75.050%
[2023-0801 1735 - INFO] max_test_acc: 81.859%
[2023-0801 1735 - INFO] max_lr: 0.0010, min_lr: 0.0000
[2023-0801 1735 - INFO] ======================================
[2023-0801 1736 - INFO] epoch: 12/100
[2023-0801 1736 - INFO] learning_rate: 0.0001
[2023-0801 1736 - INFO] train_acc: 74.280%, train_loss: 0.0043
[2023-0801 1736 - INFO] test_acc: 80.644%, test_loss: 0.0039
[2023-0801 1736 - INFO] max_train_acc: 75.050%
[2023-0801 1736 - INFO] max_test_acc: 81.859%
[2023-0801 1736 - INFO] max_lr: 0.0010, min_lr: 0.0000
[2023-0801 1736 - INFO] ======================================
[2023-0801 1737 - INFO] epoch: 13/100
[2023-0801 1737 - INFO] learning_rate: 0.0002
[2023-0801 1737 - INFO] train_acc: 74.586%, train_loss: 0.0043
[2023-0801 1737 - INFO] test_acc: 80.710%, test_loss: 0.0039
[2023-0801 1737 - INFO] max_train_acc: 75.050%
[2023-0801 1737 - INFO] max_test_acc: 81.859%
[2023-0801 1737 - INFO] max_lr: 0.0010, min_lr: 0.0000
[2023-0801 1737 - INFO] ======================================
[2023-0801 1738 - INFO] epoch: 14/100
[2023-0801 1738 - INFO] learning_rate: 0.0003
[2023-0801 1738 - INFO] train_acc: 74.691%, train_loss: 0.0043
[2023-0801 1738 - INFO] test_acc: 80.832%, test_loss: 0.0039
[2023-0801 1738 - INFO] max_train_acc: 75.050%
[2023-0801 1738 - INFO] max_test_acc: 81.859%
[2023-0801 1738 - INFO] max_lr: 0.0010, min_lr: 0.0000
[2023-0801 1738 - INFO] ======================================
[2023-0801 1738 - INFO] epoch: 15/100
[2023-0801 1738 - INFO] learning_rate: 0.0005
[2023-0801 1738 - INFO] train_acc: 74.674%, train_loss: 0.0043
[2023-0801 1738 - INFO] test_acc: 81.384%, test_loss: 0.0039
[2023-0801 1738 - INFO] max_train_acc: 75.050%
[2023-0801 1738 - INFO] max_test_acc: 81.859%
[2023-0801 1738 - INFO] max_lr: 0.0010, min_lr: 0.0000
[2023-0801 1738 - INFO] ======================================
[2023-0801 1739 - INFO] epoch: 16/100
[2023-0801 1739 - INFO] learning_rate: 0.0007
[2023-0801 1739 - INFO] train_acc: 74.832%, train_loss: 0.0043
[2023-0801 1739 - INFO] test_acc: 80.549%, test_loss: 0.0039
[2023-0801 1739 - INFO] max_train_acc: 75.050%
[2023-0801 1739 - INFO] max_test_acc: 81.859%
[2023-0801 1739 - INFO] max_lr: 0.0010, min_lr: 0.0000
[2023-0801 1739 - INFO] ======================================
[2023-0801 1740 - INFO] epoch: 17/100
[2023-0801 1740 - INFO] learning_rate: 0.0008
[2023-0801 1740 - INFO] train_acc: 74.903%, train_loss: 0.0043
[2023-0801 1740 - INFO] test_acc: 79.704%, test_loss: 0.0040
[2023-0801 1740 - INFO] max_train_acc: 75.050%
[2023-0801 1740 - INFO] max_test_acc: 81.859%
[2023-0801 1740 - INFO] max_lr: 0.0010, min_lr: 0.0000
[2023-0801 1740 - INFO] ======================================
[2023-0801 1741 - INFO] epoch: 18/100
[2023-0801 1741 - INFO] learning_rate: 0.0009
[2023-0801 1741 - INFO] train_acc: 74.874%, train_loss: 0.0043
[2023-0801 1741 - INFO] test_acc: 80.100%, test_loss: 0.0039
[2023-0801 1741 - INFO] max_train_acc: 75.050%
[2023-0801 1741 - INFO] max_test_acc: 81.859%
[2023-0801 1741 - INFO] max_lr: 0.0010, min_lr: 0.0000
[2023-0801 1741 - INFO] ======================================
[2023-0801 1742 - INFO] epoch: 19/100
[2023-0801 1742 - INFO] learning_rate: 0.0010
[2023-0801 1742 - INFO] train_acc: 74.879%, train_loss: 0.0042
[2023-0801 1742 - INFO] test_acc: 81.454%, test_loss: 0.0038
[2023-0801 1742 - INFO] max_train_acc: 75.050%
[2023-0801 1742 - INFO] max_test_acc: 81.859%
[2023-0801 1742 - INFO] max_lr: 0.0010, min_lr: 0.0000
[2023-0801 1742 - INFO] ======================================
[2023-0801 1743 - INFO] epoch: 20/100
[2023-0801 1743 - INFO] learning_rate: 0.0010
[2023-0801 1743 - INFO] train_acc: 74.950%, train_loss: 0.0042
[2023-0801 1743 - INFO] test_acc: 78.755%, test_loss: 0.0040
[2023-0801 1743 - INFO] max_train_acc: 75.050%
[2023-0801 1743 - INFO] max_test_acc: 81.859%
[2023-0801 1743 - INFO] max_lr: 0.0010, min_lr: 0.0000
[2023-0801 1743 - INFO] ======================================
[2023-0801 1744 - INFO] epoch: 21/100
[2023-0801 1744 - INFO] learning_rate: 0.0010
[2023-0801 1744 - INFO] train_acc: 75.044%, train_loss: 0.0042
[2023-0801 1744 - INFO] test_acc: 80.753%, test_loss: 0.0039
[2023-0801 1744 - INFO] max_train_acc: 75.050%
[2023-0801 1744 - INFO] max_test_acc: 81.859%
[2023-0801 1744 - INFO] max_lr: 0.0010, min_lr: 0.0000
[2023-0801 1744 - INFO] ======================================
[2023-0801 1745 - INFO] epoch: 22/100
[2023-0801 1745 - INFO] learning_rate: 0.0009
[2023-0801 1745 - INFO] train_acc: 75.444%, train_loss: 0.0042
[2023-0801 1745 - INFO] test_acc: 81.411%, test_loss: 0.0038
[2023-0801 1745 - INFO] max_train_acc: 75.444%
[2023-0801 1745 - INFO] max_test_acc: 81.859%
[2023-0801 1745 - INFO] max_lr: 0.0010, min_lr: 0.0000
[2023-0801 1745 - INFO] ======================================
[2023-0801 1746 - INFO] epoch: 23/100
[2023-0801 1746 - INFO] learning_rate: 0.0008
[2023-0801 1746 - INFO] train_acc: 75.191%, train_loss: 0.0042
[2023-0801 1746 - INFO] test_acc: 78.807%, test_loss: 0.0040
[2023-0801 1746 - INFO] max_train_acc: 75.444%
[2023-0801 1746 - INFO] max_test_acc: 81.859%
[2023-0801 1746 - INFO] max_lr: 0.0010, min_lr: 0.0000
[2023-0801 1746 - INFO] ======================================
[2023-0801 1747 - INFO] epoch: 24/100
[2023-0801 1747 - INFO] learning_rate: 0.0007
[2023-0801 1747 - INFO] train_acc: 75.509%, train_loss: 0.0042
[2023-0801 1747 - INFO] test_acc: 82.551%, test_loss: 0.0038
[2023-0801 1747 - INFO] max_train_acc: 75.509%
[2023-0801 1747 - INFO] max_test_acc: 82.551%
[2023-0801 1747 - INFO] max_lr: 0.0010, min_lr: 0.0000
[2023-0801 1747 - INFO] ======================================
[2023-0801 1748 - INFO] epoch: 25/100
[2023-0801 1748 - INFO] learning_rate: 0.0005
[2023-0801 1748 - INFO] train_acc: 75.514%, train_loss: 0.0042
[2023-0801 1748 - INFO] test_acc: 80.253%, test_loss: 0.0039
[2023-0801 1748 - INFO] max_train_acc: 75.514%
[2023-0801 1748 - INFO] max_test_acc: 82.551%
[2023-0801 1748 - INFO] max_lr: 0.0010, min_lr: 0.0000
[2023-0801 1748 - INFO] ======================================
[2023-0801 1749 - INFO] epoch: 26/100
[2023-0801 1749 - INFO] learning_rate: 0.0003
[2023-0801 1749 - INFO] train_acc: 75.409%, train_loss: 0.0042
[2023-0801 1749 - INFO] test_acc: 80.340%, test_loss: 0.0039
[2023-0801 1749 - INFO] max_train_acc: 75.514%
[2023-0801 1749 - INFO] max_test_acc: 82.551%
[2023-0801 1749 - INFO] max_lr: 0.0010, min_lr: 0.0000
[2023-0801 1749 - INFO] ======================================
[2023-0801 1750 - INFO] epoch: 27/100
[2023-0801 1750 - INFO] learning_rate: 0.0002
[2023-0801 1750 - INFO] train_acc: 75.315%, train_loss: 0.0042
[2023-0801 1750 - INFO] test_acc: 80.906%, test_loss: 0.0039
[2023-0801 1750 - INFO] max_train_acc: 75.514%
[2023-0801 1750 - INFO] max_test_acc: 82.551%
[2023-0801 1750 - INFO] max_lr: 0.0010, min_lr: 0.0000
[2023-0801 1750 - INFO] ======================================
[2023-0801 1751 - INFO] epoch: 28/100
[2023-0801 1751 - INFO] learning_rate: 0.0001
[2023-0801 1751 - INFO] train_acc: 75.456%, train_loss: 0.0042
[2023-0801 1751 - INFO] test_acc: 81.223%, test_loss: 0.0038
[2023-0801 1751 - INFO] max_train_acc: 75.514%
[2023-0801 1751 - INFO] max_test_acc: 82.551%
[2023-0801 1751 - INFO] max_lr: 0.0010, min_lr: 0.0000
[2023-0801 1751 - INFO] ======================================
[2023-0801 1752 - INFO] epoch: 29/100
[2023-0801 1752 - INFO] learning_rate: 0.0000
[2023-0801 1752 - INFO] train_acc: 75.673%, train_loss: 0.0042
[2023-0801 1752 - INFO] test_acc: 81.249%, test_loss: 0.0038
[2023-0801 1752 - INFO] max_train_acc: 75.673%
[2023-0801 1752 - INFO] max_test_acc: 82.551%
[2023-0801 1752 - INFO] max_lr: 0.0010, min_lr: 0.0000
[2023-0801 1752 - INFO] ======================================
[2023-0801 1752 - INFO] epoch: 30/100
[2023-0801 1752 - INFO] learning_rate: 0.0000
[2023-0801 1752 - INFO] train_acc: 75.373%, train_loss: 0.0042
[2023-0801 1752 - INFO] test_acc: 81.119%, test_loss: 0.0039
[2023-0801 1752 - INFO] max_train_acc: 75.673%
[2023-0801 1752 - INFO] max_test_acc: 82.551%
[2023-0801 1752 - INFO] max_lr: 0.0010, min_lr: 0.0000
[2023-0801 1752 - INFO] ======================================
[2023-0801 1753 - INFO] epoch: 31/100
[2023-0801 1753 - INFO] learning_rate: 0.0000
[2023-0801 1753 - INFO] train_acc: 75.526%, train_loss: 0.0042
[2023-0801 1753 - INFO] test_acc: 81.123%, test_loss: 0.0039
[2023-0801 1753 - INFO] max_train_acc: 75.673%
[2023-0801 1753 - INFO] max_test_acc: 82.551%
[2023-0801 1753 - INFO] max_lr: 0.0010, min_lr: 0.0000
[2023-0801 1753 - INFO] ======================================
[2023-0801 1754 - INFO] epoch: 32/100
[2023-0801 1754 - INFO] learning_rate: 0.0001
[2023-0801 1754 - INFO] train_acc: 75.626%, train_loss: 0.0042
[2023-0801 1754 - INFO] test_acc: 81.062%, test_loss: 0.0039
[2023-0801 1754 - INFO] max_train_acc: 75.673%
[2023-0801 1754 - INFO] max_test_acc: 82.551%
[2023-0801 1754 - INFO] max_lr: 0.0010, min_lr: 0.0000
[2023-0801 1754 - INFO] ======================================
[2023-0801 1755 - INFO] epoch: 33/100
[2023-0801 1755 - INFO] learning_rate: 0.0002
[2023-0801 1755 - INFO] train_acc: 75.332%, train_loss: 0.0042
[2023-0801 1755 - INFO] test_acc: 81.332%, test_loss: 0.0038
[2023-0801 1755 - INFO] max_train_acc: 75.673%
[2023-0801 1755 - INFO] max_test_acc: 82.551%
[2023-0801 1755 - INFO] max_lr: 0.0010, min_lr: 0.0000
[2023-0801 1755 - INFO] ======================================
[2023-0801 1756 - INFO] epoch: 34/100
[2023-0801 1756 - INFO] learning_rate: 0.0003
[2023-0801 1756 - INFO] train_acc: 75.473%, train_loss: 0.0042
[2023-0801 1756 - INFO] test_acc: 80.892%, test_loss: 0.0039
[2023-0801 1756 - INFO] max_train_acc: 75.673%
[2023-0801 1756 - INFO] max_test_acc: 82.551%
[2023-0801 1756 - INFO] max_lr: 0.0010, min_lr: 0.0000
[2023-0801 1756 - INFO] ======================================
[2023-0801 1757 - INFO] epoch: 35/100
[2023-0801 1757 - INFO] learning_rate: 0.0005
[2023-0801 1757 - INFO] train_acc: 75.197%, train_loss: 0.0042
[2023-0801 1757 - INFO] test_acc: 81.480%, test_loss: 0.0038
[2023-0801 1757 - INFO] max_train_acc: 75.673%
[2023-0801 1757 - INFO] max_test_acc: 82.551%
[2023-0801 1757 - INFO] max_lr: 0.0010, min_lr: 0.0000
[2023-0801 1757 - INFO] ======================================
[2023-0801 1758 - INFO] epoch: 36/100
[2023-0801 1758 - INFO] learning_rate: 0.0007
[2023-0801 1758 - INFO] train_acc: 75.414%, train_loss: 0.0042
[2023-0801 1758 - INFO] test_acc: 82.812%, test_loss: 0.0037
[2023-0801 1758 - INFO] max_train_acc: 75.673%
[2023-0801 1758 - INFO] max_test_acc: 82.812%
[2023-0801 1758 - INFO] max_lr: 0.0010, min_lr: 0.0000
[2023-0801 1758 - INFO] ======================================
[2023-0801 1759 - INFO] epoch: 37/100
[2023-0801 1759 - INFO] learning_rate: 0.0008
[2023-0801 1759 - INFO] train_acc: 75.614%, train_loss: 0.0042
[2023-0801 1759 - INFO] test_acc: 80.083%, test_loss: 0.0039
[2023-0801 1759 - INFO] max_train_acc: 75.673%
[2023-0801 1759 - INFO] max_test_acc: 82.812%
[2023-0801 1759 - INFO] max_lr: 0.0010, min_lr: 0.0000
[2023-0801 1759 - INFO] ======================================
[2023-0801 1800 - INFO] epoch: 38/100
[2023-0801 1800 - INFO] learning_rate: 0.0009
[2023-0801 1800 - INFO] train_acc: 75.779%, train_loss: 0.0042
[2023-0801 1800 - INFO] test_acc: 80.614%, test_loss: 0.0039
[2023-0801 1800 - INFO] max_train_acc: 75.779%
[2023-0801 1800 - INFO] max_test_acc: 82.812%
[2023-0801 1800 - INFO] max_lr: 0.0010, min_lr: 0.0000
[2023-0801 1800 - INFO] ======================================
[2023-0801 1801 - INFO] epoch: 39/100
[2023-0801 1801 - INFO] learning_rate: 0.0010
[2023-0801 1801 - INFO] train_acc: 75.532%, train_loss: 0.0042
[2023-0801 1801 - INFO] test_acc: 80.971%, test_loss: 0.0039
[2023-0801 1801 - INFO] max_train_acc: 75.779%
[2023-0801 1801 - INFO] max_test_acc: 82.812%
[2023-0801 1801 - INFO] max_lr: 0.0010, min_lr: 0.0000
[2023-0801 1801 - INFO] ======================================
[2023-0801 1802 - INFO] epoch: 40/100
[2023-0801 1802 - INFO] learning_rate: 0.0010
[2023-0801 1802 - INFO] train_acc: 75.320%, train_loss: 0.0042
[2023-0801 1802 - INFO] test_acc: 80.074%, test_loss: 0.0039
[2023-0801 1802 - INFO] max_train_acc: 75.779%
[2023-0801 1802 - INFO] max_test_acc: 82.812%
[2023-0801 1802 - INFO] max_lr: 0.0010, min_lr: 0.0000
[2023-0801 1802 - INFO] ======================================
[2023-0801 1803 - INFO] epoch: 41/100
[2023-0801 1803 - INFO] learning_rate: 0.0010
[2023-0801 1803 - INFO] train_acc: 75.309%, train_loss: 0.0042
[2023-0801 1803 - INFO] test_acc: 82.268%, test_loss: 0.0038
[2023-0801 1803 - INFO] max_train_acc: 75.779%
[2023-0801 1803 - INFO] max_test_acc: 82.812%
[2023-0801 1803 - INFO] max_lr: 0.0010, min_lr: 0.0000
[2023-0801 1803 - INFO] ======================================
[2023-0801 1804 - INFO] epoch: 42/100
[2023-0801 1804 - INFO] learning_rate: 0.0009
[2023-0801 1804 - INFO] train_acc: 75.650%, train_loss: 0.0042
[2023-0801 1804 - INFO] test_acc: 81.476%, test_loss: 0.0038
[2023-0801 1804 - INFO] max_train_acc: 75.779%
[2023-0801 1804 - INFO] max_test_acc: 82.812%
[2023-0801 1804 - INFO] max_lr: 0.0010, min_lr: 0.0000
[2023-0801 1804 - INFO] ======================================
[2023-0801 1805 - INFO] epoch: 43/100
[2023-0801 1805 - INFO] learning_rate: 0.0008
[2023-0801 1805 - INFO] train_acc: 75.414%, train_loss: 0.0042
[2023-0801 1805 - INFO] test_acc: 81.519%, test_loss: 0.0038
[2023-0801 1805 - INFO] max_train_acc: 75.779%
[2023-0801 1805 - INFO] max_test_acc: 82.812%
[2023-0801 1805 - INFO] max_lr: 0.0010, min_lr: 0.0000
[2023-0801 1805 - INFO] ======================================
[2023-0801 1806 - INFO] epoch: 44/100
[2023-0801 1806 - INFO] learning_rate: 0.0007
[2023-0801 1806 - INFO] train_acc: 75.485%, train_loss: 0.0042
[2023-0801 1806 - INFO] test_acc: 79.930%, test_loss: 0.0039
[2023-0801 1806 - INFO] max_train_acc: 75.779%
[2023-0801 1806 - INFO] max_test_acc: 82.812%
[2023-0801 1806 - INFO] max_lr: 0.0010, min_lr: 0.0000
[2023-0801 1806 - INFO] ======================================
[2023-0801 1807 - INFO] epoch: 45/100
[2023-0801 1807 - INFO] learning_rate: 0.0005
[2023-0801 1807 - INFO] train_acc: 75.350%, train_loss: 0.0042
[2023-0801 1807 - INFO] test_acc: 81.071%, test_loss: 0.0038
[2023-0801 1807 - INFO] max_train_acc: 75.779%
[2023-0801 1807 - INFO] max_test_acc: 82.812%
[2023-0801 1807 - INFO] max_lr: 0.0010, min_lr: 0.0000
[2023-0801 1807 - INFO] ======================================
[2023-0801 1807 - INFO] epoch: 46/100
[2023-0801 1807 - INFO] learning_rate: 0.0003
[2023-0801 1807 - INFO] train_acc: 75.420%, train_loss: 0.0042
[2023-0801 1807 - INFO] test_acc: 80.657%, test_loss: 0.0039
[2023-0801 1807 - INFO] max_train_acc: 75.779%
[2023-0801 1807 - INFO] max_test_acc: 82.812%
[2023-0801 1807 - INFO] max_lr: 0.0010, min_lr: 0.0000
[2023-0801 1807 - INFO] ======================================
[2023-0801 1808 - INFO] epoch: 47/100
[2023-0801 1808 - INFO] learning_rate: 0.0002
[2023-0801 1808 - INFO] train_acc: 75.826%, train_loss: 0.0042
[2023-0801 1808 - INFO] test_acc: 80.884%, test_loss: 0.0039
[2023-0801 1808 - INFO] max_train_acc: 75.826%
[2023-0801 1808 - INFO] max_test_acc: 82.812%
[2023-0801 1808 - INFO] max_lr: 0.0010, min_lr: 0.0000
[2023-0801 1808 - INFO] ======================================
[2023-0801 1809 - INFO] epoch: 48/100
[2023-0801 1809 - INFO] learning_rate: 0.0001
[2023-0801 1809 - INFO] train_acc: 75.544%, train_loss: 0.0042
[2023-0801 1809 - INFO] test_acc: 80.649%, test_loss: 0.0039
[2023-0801 1809 - INFO] max_train_acc: 75.826%
[2023-0801 1809 - INFO] max_test_acc: 82.812%
[2023-0801 1809 - INFO] max_lr: 0.0010, min_lr: 0.0000
[2023-0801 1809 - INFO] ======================================
[2023-0801 1810 - INFO] epoch: 49/100
[2023-0801 1810 - INFO] learning_rate: 0.0000
[2023-0801 1810 - INFO] train_acc: 75.826%, train_loss: 0.0042
[2023-0801 1810 - INFO] test_acc: 80.662%, test_loss: 0.0039
[2023-0801 1810 - INFO] max_train_acc: 75.826%
[2023-0801 1810 - INFO] max_test_acc: 82.812%
[2023-0801 1810 - INFO] max_lr: 0.0010, min_lr: 0.0000
[2023-0801 1810 - INFO] ======================================
[2023-0801 1811 - INFO] epoch: 50/100
[2023-0801 1811 - INFO] learning_rate: 0.0000
[2023-0801 1811 - INFO] train_acc: 75.785%, train_loss: 0.0042
[2023-0801 1811 - INFO] test_acc: 80.810%, test_loss: 0.0039
[2023-0801 1811 - INFO] max_train_acc: 75.826%
[2023-0801 1811 - INFO] max_test_acc: 82.812%
[2023-0801 1811 - INFO] max_lr: 0.0010, min_lr: 0.0000
[2023-0801 1811 - INFO] ======================================
[2023-0801 1812 - INFO] epoch: 51/100
[2023-0801 1812 - INFO] learning_rate: 0.0000
[2023-0801 1812 - INFO] train_acc: 75.967%, train_loss: 0.0042
[2023-0801 1812 - INFO] test_acc: 80.814%, test_loss: 0.0039
[2023-0801 1812 - INFO] max_train_acc: 75.967%
[2023-0801 1812 - INFO] max_test_acc: 82.812%
[2023-0801 1812 - INFO] max_lr: 0.0010, min_lr: 0.0000
[2023-0801 1812 - INFO] ======================================
[2023-0801 1813 - INFO] epoch: 52/100
[2023-0801 1813 - INFO] learning_rate: 0.0001
[2023-0801 1813 - INFO] train_acc: 75.655%, train_loss: 0.0042
[2023-0801 1813 - INFO] test_acc: 80.875%, test_loss: 0.0039
[2023-0801 1813 - INFO] max_train_acc: 75.967%
[2023-0801 1813 - INFO] max_test_acc: 82.812%
[2023-0801 1813 - INFO] max_lr: 0.0010, min_lr: 0.0000
[2023-0801 1813 - INFO] ======================================
[2023-0801 1814 - INFO] epoch: 53/100
[2023-0801 1814 - INFO] learning_rate: 0.0002
[2023-0801 1814 - INFO] train_acc: 75.991%, train_loss: 0.0042
[2023-0801 1814 - INFO] test_acc: 80.988%, test_loss: 0.0038
[2023-0801 1814 - INFO] max_train_acc: 75.991%
[2023-0801 1814 - INFO] max_test_acc: 82.812%
[2023-0801 1814 - INFO] max_lr: 0.0010, min_lr: 0.0000
[2023-0801 1814 - INFO] ======================================
[2023-0801 1815 - INFO] epoch: 54/100
[2023-0801 1815 - INFO] learning_rate: 0.0003
[2023-0801 1815 - INFO] train_acc: 75.420%, train_loss: 0.0042
[2023-0801 1815 - INFO] test_acc: 81.450%, test_loss: 0.0038
[2023-0801 1815 - INFO] max_train_acc: 75.991%
[2023-0801 1815 - INFO] max_test_acc: 82.812%
[2023-0801 1815 - INFO] max_lr: 0.0010, min_lr: 0.0000
[2023-0801 1815 - INFO] ======================================
[2023-0801 1816 - INFO] epoch: 55/100
[2023-0801 1816 - INFO] learning_rate: 0.0005
[2023-0801 1816 - INFO] train_acc: 75.714%, train_loss: 0.0042
[2023-0801 1816 - INFO] test_acc: 81.136%, test_loss: 0.0038
[2023-0801 1816 - INFO] max_train_acc: 75.991%
[2023-0801 1816 - INFO] max_test_acc: 82.812%
[2023-0801 1816 - INFO] max_lr: 0.0010, min_lr: 0.0000
[2023-0801 1816 - INFO] ======================================
[2023-0801 1817 - INFO] epoch: 56/100
[2023-0801 1817 - INFO] learning_rate: 0.0007
[2023-0801 1817 - INFO] train_acc: 75.961%, train_loss: 0.0042
[2023-0801 1817 - INFO] test_acc: 79.787%, test_loss: 0.0039
[2023-0801 1817 - INFO] max_train_acc: 75.991%
[2023-0801 1817 - INFO] max_test_acc: 82.812%
[2023-0801 1817 - INFO] max_lr: 0.0010, min_lr: 0.0000
[2023-0801 1817 - INFO] ======================================
[2023-0801 1818 - INFO] epoch: 57/100
[2023-0801 1818 - INFO] learning_rate: 0.0008
[2023-0801 1818 - INFO] train_acc: 75.608%, train_loss: 0.0042
[2023-0801 1818 - INFO] test_acc: 81.815%, test_loss: 0.0038
[2023-0801 1818 - INFO] max_train_acc: 75.991%
[2023-0801 1818 - INFO] max_test_acc: 82.812%
[2023-0801 1818 - INFO] max_lr: 0.0010, min_lr: 0.0000
[2023-0801 1818 - INFO] ======================================
[2023-0801 1819 - INFO] epoch: 58/100
[2023-0801 1819 - INFO] learning_rate: 0.0009
[2023-0801 1819 - INFO] train_acc: 75.755%, train_loss: 0.0042
[2023-0801 1819 - INFO] test_acc: 79.695%, test_loss: 0.0039
[2023-0801 1819 - INFO] max_train_acc: 75.991%
[2023-0801 1819 - INFO] max_test_acc: 82.812%
[2023-0801 1819 - INFO] max_lr: 0.0010, min_lr: 0.0000
[2023-0801 1819 - INFO] ======================================
[2023-0801 1820 - INFO] epoch: 59/100
[2023-0801 1820 - INFO] learning_rate: 0.0010
[2023-0801 1820 - INFO] train_acc: 75.597%, train_loss: 0.0042
[2023-0801 1820 - INFO] test_acc: 79.504%, test_loss: 0.0039
[2023-0801 1820 - INFO] max_train_acc: 75.991%
[2023-0801 1820 - INFO] max_test_acc: 82.812%
[2023-0801 1820 - INFO] max_lr: 0.0010, min_lr: 0.0000
[2023-0801 1820 - INFO] ======================================
[2023-0801 1821 - INFO] epoch: 60/100
[2023-0801 1821 - INFO] learning_rate: 0.0010
[2023-0801 1821 - INFO] train_acc: 75.661%, train_loss: 0.0042
[2023-0801 1821 - INFO] test_acc: 81.837%, test_loss: 0.0038
[2023-0801 1821 - INFO] max_train_acc: 75.991%
[2023-0801 1821 - INFO] max_test_acc: 82.812%
[2023-0801 1821 - INFO] max_lr: 0.0010, min_lr: 0.0000
[2023-0801 1821 - INFO] ======================================
[2023-0801 1821 - INFO] epoch: 61/100
[2023-0801 1821 - INFO] learning_rate: 0.0010
[2023-0801 1821 - INFO] train_acc: 75.767%, train_loss: 0.0042
[2023-0801 1821 - INFO] test_acc: 81.754%, test_loss: 0.0038
[2023-0801 1821 - INFO] max_train_acc: 75.991%
[2023-0801 1821 - INFO] max_test_acc: 82.812%
[2023-0801 1821 - INFO] max_lr: 0.0010, min_lr: 0.0000
[2023-0801 1821 - INFO] ======================================
[2023-0801 1822 - INFO] epoch: 62/100
[2023-0801 1822 - INFO] learning_rate: 0.0009
[2023-0801 1822 - INFO] train_acc: 75.638%, train_loss: 0.0042
[2023-0801 1822 - INFO] test_acc: 81.933%, test_loss: 0.0038
[2023-0801 1822 - INFO] max_train_acc: 75.991%
[2023-0801 1822 - INFO] max_test_acc: 82.812%
[2023-0801 1822 - INFO] max_lr: 0.0010, min_lr: 0.0000
[2023-0801 1822 - INFO] ======================================
[2023-0801 1823 - INFO] epoch: 63/100
[2023-0801 1823 - INFO] learning_rate: 0.0008
[2023-0801 1823 - INFO] train_acc: 76.226%, train_loss: 0.0042
[2023-0801 1823 - INFO] test_acc: 81.963%, test_loss: 0.0038
[2023-0801 1823 - INFO] max_train_acc: 76.226%
[2023-0801 1823 - INFO] max_test_acc: 82.812%
[2023-0801 1823 - INFO] max_lr: 0.0010, min_lr: 0.0000
[2023-0801 1823 - INFO] ======================================
[2023-0801 1824 - INFO] epoch: 64/100
[2023-0801 1824 - INFO] learning_rate: 0.0007
[2023-0801 1824 - INFO] train_acc: 75.897%, train_loss: 0.0042
[2023-0801 1824 - INFO] test_acc: 82.042%, test_loss: 0.0038
[2023-0801 1824 - INFO] max_train_acc: 76.226%
[2023-0801 1824 - INFO] max_test_acc: 82.812%
[2023-0801 1824 - INFO] max_lr: 0.0010, min_lr: 0.0000
[2023-0801 1824 - INFO] ======================================
[2023-0801 1825 - INFO] epoch: 65/100
[2023-0801 1825 - INFO] learning_rate: 0.0005
[2023-0801 1825 - INFO] train_acc: 76.279%, train_loss: 0.0041
[2023-0801 1825 - INFO] test_acc: 80.618%, test_loss: 0.0039
[2023-0801 1825 - INFO] max_train_acc: 76.279%
[2023-0801 1825 - INFO] max_test_acc: 82.812%
[2023-0801 1825 - INFO] max_lr: 0.0010, min_lr: 0.0000
[2023-0801 1825 - INFO] ======================================
[2023-0801 1826 - INFO] epoch: 66/100
[2023-0801 1826 - INFO] learning_rate: 0.0003
[2023-0801 1826 - INFO] train_acc: 75.855%, train_loss: 0.0042
[2023-0801 1826 - INFO] test_acc: 80.901%, test_loss: 0.0038
[2023-0801 1826 - INFO] max_train_acc: 76.279%
[2023-0801 1826 - INFO] max_test_acc: 82.812%
[2023-0801 1826 - INFO] max_lr: 0.0010, min_lr: 0.0000
[2023-0801 1826 - INFO] ======================================
[2023-0801 1827 - INFO] epoch: 67/100
[2023-0801 1827 - INFO] learning_rate: 0.0002
[2023-0801 1827 - INFO] train_acc: 75.750%, train_loss: 0.0042
[2023-0801 1827 - INFO] test_acc: 81.572%, test_loss: 0.0038
[2023-0801 1827 - INFO] max_train_acc: 76.279%
[2023-0801 1827 - INFO] max_test_acc: 82.812%
[2023-0801 1827 - INFO] max_lr: 0.0010, min_lr: 0.0000
[2023-0801 1827 - INFO] ======================================
[2023-0801 1828 - INFO] epoch: 68/100
[2023-0801 1828 - INFO] learning_rate: 0.0001
[2023-0801 1828 - INFO] train_acc: 76.091%, train_loss: 0.0042
[2023-0801 1828 - INFO] test_acc: 80.688%, test_loss: 0.0039
[2023-0801 1828 - INFO] max_train_acc: 76.279%
[2023-0801 1828 - INFO] max_test_acc: 82.812%
[2023-0801 1828 - INFO] max_lr: 0.0010, min_lr: 0.0000
[2023-0801 1828 - INFO] ======================================
[2023-0801 1829 - INFO] epoch: 69/100
[2023-0801 1829 - INFO] learning_rate: 0.0000
[2023-0801 1829 - INFO] train_acc: 75.814%, train_loss: 0.0042
[2023-0801 1829 - INFO] test_acc: 80.927%, test_loss: 0.0038
[2023-0801 1829 - INFO] max_train_acc: 76.279%
[2023-0801 1829 - INFO] max_test_acc: 82.812%
[2023-0801 1829 - INFO] max_lr: 0.0010, min_lr: 0.0000
[2023-0801 1829 - INFO] ======================================
[2023-0801 1830 - INFO] epoch: 70/100
[2023-0801 1830 - INFO] learning_rate: 0.0000
[2023-0801 1830 - INFO] train_acc: 75.750%, train_loss: 0.0042
[2023-0801 1830 - INFO] test_acc: 81.236%, test_loss: 0.0038
[2023-0801 1830 - INFO] max_train_acc: 76.279%
[2023-0801 1830 - INFO] max_test_acc: 82.812%
[2023-0801 1830 - INFO] max_lr: 0.0010, min_lr: 0.0000
[2023-0801 1830 - INFO] ======================================
[2023-0801 1831 - INFO] epoch: 71/100
[2023-0801 1831 - INFO] learning_rate: 0.0000
[2023-0801 1831 - INFO] train_acc: 76.220%, train_loss: 0.0041
[2023-0801 1831 - INFO] test_acc: 81.223%, test_loss: 0.0038
[2023-0801 1831 - INFO] max_train_acc: 76.279%
[2023-0801 1831 - INFO] max_test_acc: 82.812%
[2023-0801 1831 - INFO] max_lr: 0.0010, min_lr: 0.0000
[2023-0801 1831 - INFO] ======================================
[2023-0801 1832 - INFO] epoch: 72/100
[2023-0801 1832 - INFO] learning_rate: 0.0001
[2023-0801 1832 - INFO] train_acc: 75.820%, train_loss: 0.0042
[2023-0801 1832 - INFO] test_acc: 81.149%, test_loss: 0.0038
[2023-0801 1832 - INFO] max_train_acc: 76.279%
[2023-0801 1832 - INFO] max_test_acc: 82.812%
[2023-0801 1832 - INFO] max_lr: 0.0010, min_lr: 0.0000
[2023-0801 1832 - INFO] ======================================
[2023-0801 1833 - INFO] epoch: 73/100
[2023-0801 1833 - INFO] learning_rate: 0.0002
[2023-0801 1833 - INFO] train_acc: 75.808%, train_loss: 0.0042
[2023-0801 1833 - INFO] test_acc: 81.493%, test_loss: 0.0038
[2023-0801 1833 - INFO] max_train_acc: 76.279%
[2023-0801 1833 - INFO] max_test_acc: 82.812%
[2023-0801 1833 - INFO] max_lr: 0.0010, min_lr: 0.0000
[2023-0801 1833 - INFO] ======================================
[2023-0801 1834 - INFO] epoch: 74/100
[2023-0801 1834 - INFO] learning_rate: 0.0003
[2023-0801 1834 - INFO] train_acc: 76.085%, train_loss: 0.0041
[2023-0801 1834 - INFO] test_acc: 80.731%, test_loss: 0.0039
[2023-0801 1834 - INFO] max_train_acc: 76.279%
[2023-0801 1834 - INFO] max_test_acc: 82.812%
[2023-0801 1834 - INFO] max_lr: 0.0010, min_lr: 0.0000
[2023-0801 1834 - INFO] ======================================
[2023-0801 1835 - INFO] epoch: 75/100
[2023-0801 1835 - INFO] learning_rate: 0.0005
[2023-0801 1835 - INFO] train_acc: 75.891%, train_loss: 0.0042
[2023-0801 1835 - INFO] test_acc: 80.818%, test_loss: 0.0038
[2023-0801 1835 - INFO] max_train_acc: 76.279%
[2023-0801 1835 - INFO] max_test_acc: 82.812%
[2023-0801 1835 - INFO] max_lr: 0.0010, min_lr: 0.0000
[2023-0801 1835 - INFO] ======================================
[2023-0801 1835 - INFO] epoch: 76/100
[2023-0801 1835 - INFO] learning_rate: 0.0007
[2023-0801 1835 - INFO] train_acc: 75.932%, train_loss: 0.0041
[2023-0801 1835 - INFO] test_acc: 80.919%, test_loss: 0.0038
[2023-0801 1835 - INFO] max_train_acc: 76.279%
[2023-0801 1835 - INFO] max_test_acc: 82.812%
[2023-0801 1835 - INFO] max_lr: 0.0010, min_lr: 0.0000
[2023-0801 1835 - INFO] ======================================
[2023-0801 1836 - INFO] epoch: 77/100
[2023-0801 1836 - INFO] learning_rate: 0.0008
[2023-0801 1836 - INFO] train_acc: 76.361%, train_loss: 0.0041
[2023-0801 1836 - INFO] test_acc: 79.290%, test_loss: 0.0040
[2023-0801 1836 - INFO] max_train_acc: 76.361%
[2023-0801 1836 - INFO] max_test_acc: 82.812%
[2023-0801 1836 - INFO] max_lr: 0.0010, min_lr: 0.0000
[2023-0801 1836 - INFO] ======================================
[2023-0801 1837 - INFO] epoch: 78/100
[2023-0801 1837 - INFO] learning_rate: 0.0009
[2023-0801 1837 - INFO] train_acc: 75.620%, train_loss: 0.0042
[2023-0801 1837 - INFO] test_acc: 82.338%, test_loss: 0.0037
[2023-0801 1837 - INFO] max_train_acc: 76.361%
[2023-0801 1837 - INFO] max_test_acc: 82.812%
[2023-0801 1837 - INFO] max_lr: 0.0010, min_lr: 0.0000
[2023-0801 1837 - INFO] ======================================
[2023-0801 1838 - INFO] epoch: 79/100
[2023-0801 1838 - INFO] learning_rate: 0.0010
[2023-0801 1838 - INFO] train_acc: 76.102%, train_loss: 0.0041
[2023-0801 1838 - INFO] test_acc: 82.294%, test_loss: 0.0037
[2023-0801 1838 - INFO] max_train_acc: 76.361%
[2023-0801 1838 - INFO] max_test_acc: 82.812%
[2023-0801 1838 - INFO] max_lr: 0.0010, min_lr: 0.0000
[2023-0801 1838 - INFO] ======================================
[2023-0801 1839 - INFO] epoch: 80/100
[2023-0801 1839 - INFO] learning_rate: 0.0010
[2023-0801 1839 - INFO] train_acc: 75.703%, train_loss: 0.0042
[2023-0801 1839 - INFO] test_acc: 79.073%, test_loss: 0.0040
[2023-0801 1839 - INFO] max_train_acc: 76.361%
[2023-0801 1839 - INFO] max_test_acc: 82.812%
[2023-0801 1839 - INFO] max_lr: 0.0010, min_lr: 0.0000
[2023-0801 1839 - INFO] ======================================
[2023-0801 1840 - INFO] epoch: 81/100
[2023-0801 1840 - INFO] learning_rate: 0.0010
[2023-0801 1840 - INFO] train_acc: 75.767%, train_loss: 0.0042
[2023-0801 1840 - INFO] test_acc: 80.261%, test_loss: 0.0039
[2023-0801 1840 - INFO] max_train_acc: 76.361%
[2023-0801 1840 - INFO] max_test_acc: 82.812%
[2023-0801 1840 - INFO] max_lr: 0.0010, min_lr: 0.0000
[2023-0801 1840 - INFO] ======================================
[2023-0801 1841 - INFO] epoch: 82/100
[2023-0801 1841 - INFO] learning_rate: 0.0009
[2023-0801 1841 - INFO] train_acc: 75.967%, train_loss: 0.0041
[2023-0801 1841 - INFO] test_acc: 79.486%, test_loss: 0.0039
[2023-0801 1841 - INFO] max_train_acc: 76.361%
[2023-0801 1841 - INFO] max_test_acc: 82.812%
[2023-0801 1841 - INFO] max_lr: 0.0010, min_lr: 0.0000
[2023-0801 1841 - INFO] ======================================
[2023-0801 1842 - INFO] epoch: 83/100
[2023-0801 1842 - INFO] learning_rate: 0.0008
[2023-0801 1842 - INFO] train_acc: 75.867%, train_loss: 0.0042
[2023-0801 1842 - INFO] test_acc: 81.798%, test_loss: 0.0038
[2023-0801 1842 - INFO] max_train_acc: 76.361%
[2023-0801 1842 - INFO] max_test_acc: 82.812%
[2023-0801 1842 - INFO] max_lr: 0.0010, min_lr: 0.0000
[2023-0801 1842 - INFO] ======================================
[2023-0801 1843 - INFO] epoch: 84/100
[2023-0801 1843 - INFO] learning_rate: 0.0007
[2023-0801 1843 - INFO] train_acc: 75.773%, train_loss: 0.0042
[2023-0801 1843 - INFO] test_acc: 81.162%, test_loss: 0.0038
[2023-0801 1843 - INFO] max_train_acc: 76.361%
[2023-0801 1843 - INFO] max_test_acc: 82.812%
[2023-0801 1843 - INFO] max_lr: 0.0010, min_lr: 0.0000
[2023-0801 1843 - INFO] ======================================
[2023-0801 1844 - INFO] epoch: 85/100
[2023-0801 1844 - INFO] learning_rate: 0.0005
[2023-0801 1844 - INFO] train_acc: 75.820%, train_loss: 0.0041
[2023-0801 1844 - INFO] test_acc: 81.358%, test_loss: 0.0038
[2023-0801 1844 - INFO] max_train_acc: 76.361%
[2023-0801 1844 - INFO] max_test_acc: 82.812%
[2023-0801 1844 - INFO] max_lr: 0.0010, min_lr: 0.0000
[2023-0801 1844 - INFO] ======================================
[2023-0801 1845 - INFO] epoch: 86/100
[2023-0801 1845 - INFO] learning_rate: 0.0003
[2023-0801 1845 - INFO] train_acc: 75.996%, train_loss: 0.0041
[2023-0801 1845 - INFO] test_acc: 81.376%, test_loss: 0.0038
[2023-0801 1845 - INFO] max_train_acc: 76.361%
[2023-0801 1845 - INFO] max_test_acc: 82.812%
[2023-0801 1845 - INFO] max_lr: 0.0010, min_lr: 0.0000
[2023-0801 1845 - INFO] ======================================
[2023-0801 1846 - INFO] epoch: 87/100
[2023-0801 1846 - INFO] learning_rate: 0.0002
[2023-0801 1846 - INFO] train_acc: 75.779%, train_loss: 0.0042
[2023-0801 1846 - INFO] test_acc: 81.772%, test_loss: 0.0038
[2023-0801 1846 - INFO] max_train_acc: 76.361%
[2023-0801 1846 - INFO] max_test_acc: 82.812%
[2023-0801 1846 - INFO] max_lr: 0.0010, min_lr: 0.0000
[2023-0801 1846 - INFO] ======================================
[2023-0801 1847 - INFO] epoch: 88/100
[2023-0801 1847 - INFO] learning_rate: 0.0001
[2023-0801 1847 - INFO] train_acc: 75.949%, train_loss: 0.0041
[2023-0801 1847 - INFO] test_acc: 81.902%, test_loss: 0.0038
[2023-0801 1847 - INFO] max_train_acc: 76.361%
[2023-0801 1847 - INFO] max_test_acc: 82.812%
[2023-0801 1847 - INFO] max_lr: 0.0010, min_lr: 0.0000
[2023-0801 1847 - INFO] ======================================
[2023-0801 1848 - INFO] epoch: 89/100
[2023-0801 1848 - INFO] learning_rate: 0.0000
[2023-0801 1848 - INFO] train_acc: 75.861%, train_loss: 0.0042
[2023-0801 1848 - INFO] test_acc: 81.411%, test_loss: 0.0038
[2023-0801 1848 - INFO] max_train_acc: 76.361%
[2023-0801 1848 - INFO] max_test_acc: 82.812%
[2023-0801 1848 - INFO] max_lr: 0.0010, min_lr: 0.0000
[2023-0801 1848 - INFO] ======================================
[2023-0801 1848 - INFO] epoch: 90/100
[2023-0801 1848 - INFO] learning_rate: 0.0000
[2023-0801 1848 - INFO] train_acc: 75.991%, train_loss: 0.0041
[2023-0801 1848 - INFO] test_acc: 81.419%, test_loss: 0.0038
[2023-0801 1848 - INFO] max_train_acc: 76.361%
[2023-0801 1848 - INFO] max_test_acc: 82.812%
[2023-0801 1848 - INFO] max_lr: 0.0010, min_lr: 0.0000
[2023-0801 1848 - INFO] ======================================
[2023-0801 1849 - INFO] epoch: 91/100
[2023-0801 1849 - INFO] learning_rate: 0.0000
[2023-0801 1849 - INFO] train_acc: 76.337%, train_loss: 0.0041
[2023-0801 1849 - INFO] test_acc: 81.415%, test_loss: 0.0038
[2023-0801 1849 - INFO] max_train_acc: 76.361%
[2023-0801 1849 - INFO] max_test_acc: 82.812%
[2023-0801 1849 - INFO] max_lr: 0.0010, min_lr: 0.0000
[2023-0801 1849 - INFO] ======================================
[2023-0801 1850 - INFO] epoch: 92/100
[2023-0801 1850 - INFO] learning_rate: 0.0001
[2023-0801 1850 - INFO] train_acc: 76.226%, train_loss: 0.0041
[2023-0801 1850 - INFO] test_acc: 81.310%, test_loss: 0.0038
[2023-0801 1850 - INFO] max_train_acc: 76.361%
[2023-0801 1850 - INFO] max_test_acc: 82.812%
[2023-0801 1850 - INFO] max_lr: 0.0010, min_lr: 0.0000
[2023-0801 1850 - INFO] ======================================
[2023-0801 1851 - INFO] epoch: 93/100
[2023-0801 1851 - INFO] learning_rate: 0.0002
[2023-0801 1851 - INFO] train_acc: 75.902%, train_loss: 0.0042
[2023-0801 1851 - INFO] test_acc: 81.088%, test_loss: 0.0038
[2023-0801 1851 - INFO] max_train_acc: 76.361%
[2023-0801 1851 - INFO] max_test_acc: 82.812%
[2023-0801 1851 - INFO] max_lr: 0.0010, min_lr: 0.0000
[2023-0801 1851 - INFO] ======================================
[2023-0801 1852 - INFO] epoch: 94/100
[2023-0801 1852 - INFO] learning_rate: 0.0003
[2023-0801 1852 - INFO] train_acc: 75.844%, train_loss: 0.0041
[2023-0801 1852 - INFO] test_acc: 81.833%, test_loss: 0.0038
[2023-0801 1852 - INFO] max_train_acc: 76.361%
[2023-0801 1852 - INFO] max_test_acc: 82.812%
[2023-0801 1852 - INFO] max_lr: 0.0010, min_lr: 0.0000
[2023-0801 1852 - INFO] ======================================
[2023-0801 1853 - INFO] epoch: 95/100
[2023-0801 1853 - INFO] learning_rate: 0.0005
[2023-0801 1853 - INFO] train_acc: 75.844%, train_loss: 0.0042
[2023-0801 1853 - INFO] test_acc: 81.471%, test_loss: 0.0038
[2023-0801 1853 - INFO] max_train_acc: 76.361%
[2023-0801 1853 - INFO] max_test_acc: 82.812%
[2023-0801 1853 - INFO] max_lr: 0.0010, min_lr: 0.0000
[2023-0801 1853 - INFO] ======================================
[2023-0801 1854 - INFO] epoch: 96/100
[2023-0801 1854 - INFO] learning_rate: 0.0007
[2023-0801 1854 - INFO] train_acc: 76.161%, train_loss: 0.0041
[2023-0801 1854 - INFO] test_acc: 81.276%, test_loss: 0.0038
[2023-0801 1854 - INFO] max_train_acc: 76.361%
[2023-0801 1854 - INFO] max_test_acc: 82.812%
[2023-0801 1854 - INFO] max_lr: 0.0010, min_lr: 0.0000
[2023-0801 1854 - INFO] ======================================
[2023-0801 1855 - INFO] epoch: 97/100
[2023-0801 1855 - INFO] learning_rate: 0.0008
[2023-0801 1855 - INFO] train_acc: 76.102%, train_loss: 0.0041
[2023-0801 1855 - INFO] test_acc: 81.245%, test_loss: 0.0038
[2023-0801 1855 - INFO] max_train_acc: 76.361%
[2023-0801 1855 - INFO] max_test_acc: 82.812%
[2023-0801 1855 - INFO] max_lr: 0.0010, min_lr: 0.0000
[2023-0801 1855 - INFO] ======================================
[2023-0801 1856 - INFO] epoch: 98/100
[2023-0801 1856 - INFO] learning_rate: 0.0009
[2023-0801 1856 - INFO] train_acc: 75.967%, train_loss: 0.0042
[2023-0801 1856 - INFO] test_acc: 81.136%, test_loss: 0.0038
[2023-0801 1856 - INFO] max_train_acc: 76.361%
[2023-0801 1856 - INFO] max_test_acc: 82.812%
[2023-0801 1856 - INFO] max_lr: 0.0010, min_lr: 0.0000
[2023-0801 1856 - INFO] ======================================
[2023-0801 1857 - INFO] epoch: 99/100
[2023-0801 1857 - INFO] learning_rate: 0.0010
[2023-0801 1857 - INFO] train_acc: 75.761%, train_loss: 0.0042
[2023-0801 1857 - INFO] test_acc: 80.762%, test_loss: 0.0038
[2023-0801 1857 - INFO] max_train_acc: 76.361%
[2023-0801 1857 - INFO] max_test_acc: 82.812%
[2023-0801 1857 - INFO] max_lr: 0.0010, min_lr: 0.0000
[2023-0801 1857 - INFO] ======================================
[2023-0801 1858 - INFO] epoch: 100/100
[2023-0801 1858 - INFO] learning_rate: 0.0010
[2023-0801 1858 - INFO] train_acc: 75.750%, train_loss: 0.0042
[2023-0801 1858 - INFO] test_acc: 83.061%, test_loss: 0.0037
[2023-0801 1858 - INFO] max_train_acc: 76.361%
[2023-0801 1858 - INFO] max_test_acc: 83.061%
[2023-0801 1858 - INFO] max_lr: 0.0010, min_lr: 0.0000
[2023-0801 1858 - INFO] ======================================
