[2023-0804 1854 - INFO] <<< BEATs_iter3_plus_AS2M - 2 fc layer >>> 
[2023-0804 1854 - INFO] Add FrequencyMasking and TimeMasking
[2023-0804 1854 - INFO] Add time_stretch 0.8 and time_stretch 1.2
[2023-0804 1854 - INFO] # trainset_size = 51030
[2023-0804 1854 - INFO] # testset_size = 22970
[2023-0804 1854 - INFO] # train_a/p = 25515/25515
[2023-0804 1854 - INFO] # test_a/p = 20920/2050
[2023-0804 1854 - INFO] # batch_size = 128
[2023-0804 1854 - INFO] # learning_rate = 0.0005
[2023-0804 1854 - INFO] # weight_decay = 0.01
[2023-0804 1854 - INFO] # num_epochs = 100
[2023-0804 1854 - INFO] # padding_size = 3500
[2023-0804 1854 - INFO] # loss_fn = CE
[2023-0804 1854 - INFO] # scheduler = None
[2023-0804 1854 - INFO] # optimizer = AdamW (
Parameter Group 0
    amsgrad: False
    betas: (0.9, 0.98)
    capturable: False
    differentiable: False
    eps: 1e-08
    foreach: None
    fused: None
    lr: 0.0005
    maximize: False
    weight_decay: 0.01
)
comments : 增强训练数据，包括 time_stretch 0.8 and time_stretch 1.2进行训练
[2023-0804 1854 - INFO] -------------------------------------
[2023-0804 1856 - INFO] epoch: 1/100
[2023-0804 1856 - INFO] learning_rate: 0.0005
[2023-0804 1856 - INFO] train_acc: 49.910%, train_loss: nan
[2023-0804 1856 - INFO] test_acc: 13.161%, test_loss: 0.0061
[2023-0804 1856 - INFO] max_train_acc: 49.910%
[2023-0804 1856 - INFO] max_test_acc: 13.161%
[2023-0804 1856 - INFO] max_lr: 0.0005, min_lr: 0.0005
[2023-0804 1856 - INFO] ======================================
[2023-0804 1858 - INFO] epoch: 2/100
[2023-0804 1858 - INFO] learning_rate: 0.0005
[2023-0804 1858 - INFO] train_acc: 49.924%, train_loss: nan
[2023-0804 1858 - INFO] test_acc: 13.082%, test_loss: 0.0061
[2023-0804 1858 - INFO] max_train_acc: 49.924%
[2023-0804 1858 - INFO] max_test_acc: 13.161%
[2023-0804 1858 - INFO] max_lr: 0.0005, min_lr: 0.0005
[2023-0804 1858 - INFO] ======================================
[2023-0804 1901 - INFO] epoch: 3/100
[2023-0804 1901 - INFO] learning_rate: 0.0005
[2023-0804 1901 - INFO] train_acc: 49.910%, train_loss: nan
[2023-0804 1901 - INFO] test_acc: 13.335%, test_loss: 0.0061
[2023-0804 1901 - INFO] max_train_acc: 49.924%
[2023-0804 1901 - INFO] max_test_acc: 13.335%
[2023-0804 1901 - INFO] max_lr: 0.0005, min_lr: 0.0005
[2023-0804 1901 - INFO] ======================================
