[2023-09-07 17:09:54 - INFO:] # train_batch_size = 128
[2023-09-07 17:09:54 - INFO:] # test_batch_size = 128
[2023-09-07 17:09:54 - INFO:] # learning_rate = 0.001
[2023-09-07 17:09:54 - INFO:] # num_epochs = 50
[2023-09-07 17:09:54 - INFO:] # padding_size = 500
[2023-09-07 17:09:54 - INFO:] ----------------------------------------------------
[2023-09-07 17:11:42 - INFO:] epoch: 0
[2023-09-07 17:11:42 - INFO:] train_loss: 0.525
[2023-09-07 17:11:42 - INFO:] test_acc: 77.722%  test_loss: 0.004
[2023-09-07 17:11:42 - INFO:] =========================================
[2023-09-07 17:13:27 - INFO:] epoch: 1
[2023-09-07 17:13:27 - INFO:] train_loss: 0.548
[2023-09-07 17:13:27 - INFO:] test_acc: 77.727%  test_loss: 0.004
[2023-09-07 17:13:27 - INFO:] =========================================
[2023-09-07 17:15:12 - INFO:] epoch: 2
[2023-09-07 17:15:12 - INFO:] train_loss: 0.602
[2023-09-07 17:15:12 - INFO:] test_acc: 77.705%  test_loss: 0.004
[2023-09-07 17:15:12 - INFO:] =========================================
[2023-09-07 17:16:57 - INFO:] epoch: 3
[2023-09-07 17:16:57 - INFO:] train_loss: 0.493
[2023-09-07 17:16:57 - INFO:] test_acc: 77.722%  test_loss: 0.004
[2023-09-07 17:16:57 - INFO:] =========================================
[2023-09-07 17:18:41 - INFO:] epoch: 4
[2023-09-07 17:18:41 - INFO:] train_loss: 0.532
[2023-09-07 17:18:41 - INFO:] test_acc: 77.733%  test_loss: 0.004
[2023-09-07 17:18:41 - INFO:] =========================================
[2023-09-07 17:20:26 - INFO:] epoch: 5
[2023-09-07 17:20:26 - INFO:] train_loss: 0.431
[2023-09-07 17:20:26 - INFO:] test_acc: 77.727%  test_loss: 0.004
[2023-09-07 17:20:26 - INFO:] =========================================
[2023-09-07 17:22:11 - INFO:] epoch: 6
[2023-09-07 17:22:11 - INFO:] train_loss: 0.532
[2023-09-07 17:22:11 - INFO:] test_acc: 77.710%  test_loss: 0.004
[2023-09-07 17:22:11 - INFO:] =========================================
[2023-09-07 17:23:56 - INFO:] epoch: 7
[2023-09-07 17:23:56 - INFO:] train_loss: 0.516
[2023-09-07 17:23:56 - INFO:] test_acc: 77.716%  test_loss: 0.004
[2023-09-07 17:23:56 - INFO:] =========================================
[2023-09-07 17:25:41 - INFO:] epoch: 8
[2023-09-07 17:25:41 - INFO:] train_loss: 0.438
[2023-09-07 17:25:41 - INFO:] test_acc: 77.710%  test_loss: 0.004
[2023-09-07 17:25:41 - INFO:] =========================================
[2023-09-07 17:27:26 - INFO:] epoch: 9
[2023-09-07 17:27:26 - INFO:] train_loss: 0.540
[2023-09-07 17:27:26 - INFO:] test_acc: 77.716%  test_loss: 0.004
[2023-09-07 17:27:26 - INFO:] =========================================
[2023-09-07 17:29:11 - INFO:] epoch: 10
[2023-09-07 17:29:11 - INFO:] train_loss: 0.524
[2023-09-07 17:29:11 - INFO:] test_acc: 77.733%  test_loss: 0.004
[2023-09-07 17:29:11 - INFO:] =========================================
[2023-09-07 17:30:56 - INFO:] epoch: 11
[2023-09-07 17:30:56 - INFO:] train_loss: 0.540
[2023-09-07 17:30:56 - INFO:] test_acc: 77.710%  test_loss: 0.004
[2023-09-07 17:30:56 - INFO:] =========================================
[2023-09-07 17:32:41 - INFO:] epoch: 12
[2023-09-07 17:32:41 - INFO:] train_loss: 0.548
[2023-09-07 17:32:41 - INFO:] test_acc: 77.716%  test_loss: 0.004
[2023-09-07 17:32:41 - INFO:] =========================================
[2023-09-07 17:34:26 - INFO:] epoch: 13
[2023-09-07 17:34:26 - INFO:] train_loss: 0.540
[2023-09-07 17:34:26 - INFO:] test_acc: 77.710%  test_loss: 0.004
[2023-09-07 17:34:26 - INFO:] =========================================
[2023-09-07 17:36:11 - INFO:] epoch: 14
[2023-09-07 17:36:11 - INFO:] train_loss: 0.524
[2023-09-07 17:36:11 - INFO:] test_acc: 77.722%  test_loss: 0.004
[2023-09-07 17:36:11 - INFO:] =========================================
[2023-09-07 17:37:56 - INFO:] epoch: 15
[2023-09-07 17:37:56 - INFO:] train_loss: 0.563
[2023-09-07 17:37:56 - INFO:] test_acc: 77.699%  test_loss: 0.004
[2023-09-07 17:37:56 - INFO:] =========================================
[2023-09-07 17:39:41 - INFO:] epoch: 16
[2023-09-07 17:39:41 - INFO:] train_loss: 0.470
[2023-09-07 17:39:41 - INFO:] test_acc: 77.716%  test_loss: 0.004
[2023-09-07 17:39:41 - INFO:] =========================================
[2023-09-07 17:41:26 - INFO:] epoch: 17
[2023-09-07 17:41:26 - INFO:] train_loss: 0.493
[2023-09-07 17:41:26 - INFO:] test_acc: 77.738%  test_loss: 0.004
[2023-09-07 17:41:26 - INFO:] =========================================
[2023-09-07 17:43:11 - INFO:] epoch: 18
[2023-09-07 17:43:11 - INFO:] train_loss: 0.532
[2023-09-07 17:43:11 - INFO:] test_acc: 77.733%  test_loss: 0.004
[2023-09-07 17:43:11 - INFO:] =========================================
[2023-09-07 17:44:57 - INFO:] epoch: 19
[2023-09-07 17:44:57 - INFO:] train_loss: 0.462
[2023-09-07 17:44:57 - INFO:] test_acc: 77.716%  test_loss: 0.004
[2023-09-07 17:44:57 - INFO:] =========================================
[2023-09-07 17:46:47 - INFO:] epoch: 20
[2023-09-07 17:46:47 - INFO:] train_loss: 0.516
[2023-09-07 17:46:47 - INFO:] test_acc: 77.716%  test_loss: 0.004
[2023-09-07 17:46:47 - INFO:] =========================================
[2023-09-07 17:48:39 - INFO:] epoch: 21
[2023-09-07 17:48:39 - INFO:] train_loss: 0.531
[2023-09-07 17:48:39 - INFO:] test_acc: 77.727%  test_loss: 0.004
[2023-09-07 17:48:39 - INFO:] =========================================
[2023-09-07 17:50:33 - INFO:] epoch: 22
[2023-09-07 17:50:33 - INFO:] train_loss: 0.506
[2023-09-07 17:50:33 - INFO:] test_acc: 77.710%  test_loss: 0.004
[2023-09-07 17:50:33 - INFO:] =========================================
[2023-09-07 17:52:19 - INFO:] epoch: 23
[2023-09-07 17:52:19 - INFO:] train_loss: 0.572
[2023-09-07 17:52:19 - INFO:] test_acc: 77.727%  test_loss: 0.004
[2023-09-07 17:52:19 - INFO:] =========================================
[2023-09-07 17:54:06 - INFO:] epoch: 24
[2023-09-07 17:54:06 - INFO:] train_loss: 0.490
[2023-09-07 17:54:06 - INFO:] test_acc: 77.722%  test_loss: 0.004
[2023-09-07 17:54:06 - INFO:] =========================================
[2023-09-07 17:55:53 - INFO:] epoch: 25
[2023-09-07 17:55:53 - INFO:] train_loss: 0.524
[2023-09-07 17:55:53 - INFO:] test_acc: 77.733%  test_loss: 0.004
[2023-09-07 17:55:53 - INFO:] =========================================
[2023-09-07 17:57:39 - INFO:] epoch: 26
[2023-09-07 17:57:39 - INFO:] train_loss: 0.466
[2023-09-07 17:57:39 - INFO:] test_acc: 77.727%  test_loss: 0.004
[2023-09-07 17:57:39 - INFO:] =========================================
[2023-09-07 17:59:25 - INFO:] epoch: 27
[2023-09-07 17:59:25 - INFO:] train_loss: 0.487
[2023-09-07 17:59:25 - INFO:] test_acc: 77.722%  test_loss: 0.004
[2023-09-07 17:59:25 - INFO:] =========================================
[2023-09-07 18:01:11 - INFO:] epoch: 28
[2023-09-07 18:01:11 - INFO:] train_loss: 0.549
[2023-09-07 18:01:11 - INFO:] test_acc: 77.761%  test_loss: 0.004
[2023-09-07 18:01:11 - INFO:] =========================================
[2023-09-07 18:02:56 - INFO:] epoch: 29
[2023-09-07 18:02:56 - INFO:] train_loss: 0.478
[2023-09-07 18:02:56 - INFO:] test_acc: 77.772%  test_loss: 0.004
[2023-09-07 18:02:56 - INFO:] =========================================
[2023-09-07 18:04:42 - INFO:] epoch: 30
[2023-09-07 18:04:42 - INFO:] train_loss: 0.449
[2023-09-07 18:04:42 - INFO:] test_acc: 77.738%  test_loss: 0.004
[2023-09-07 18:04:42 - INFO:] =========================================
[2023-09-07 18:06:27 - INFO:] epoch: 31
[2023-09-07 18:06:27 - INFO:] train_loss: 0.472
[2023-09-07 18:06:27 - INFO:] test_acc: 77.789%  test_loss: 0.004
[2023-09-07 18:06:27 - INFO:] =========================================
[2023-09-07 18:08:12 - INFO:] epoch: 32
[2023-09-07 18:08:12 - INFO:] train_loss: 0.515
[2023-09-07 18:08:12 - INFO:] test_acc: 77.783%  test_loss: 0.004
[2023-09-07 18:08:12 - INFO:] =========================================
[2023-09-07 18:09:56 - INFO:] epoch: 33
[2023-09-07 18:09:56 - INFO:] train_loss: 0.481
[2023-09-07 18:09:56 - INFO:] test_acc: 77.778%  test_loss: 0.004
[2023-09-07 18:09:56 - INFO:] =========================================
[2023-09-07 18:11:41 - INFO:] epoch: 34
[2023-09-07 18:11:41 - INFO:] train_loss: 0.442
[2023-09-07 18:11:41 - INFO:] test_acc: 77.834%  test_loss: 0.004
[2023-09-07 18:11:41 - INFO:] =========================================
[2023-09-07 18:13:26 - INFO:] epoch: 35
[2023-09-07 18:13:26 - INFO:] train_loss: 0.491
[2023-09-07 18:13:26 - INFO:] test_acc: 77.912%  test_loss: 0.004
[2023-09-07 18:13:26 - INFO:] =========================================
[2023-09-07 18:15:11 - INFO:] epoch: 36
[2023-09-07 18:15:11 - INFO:] train_loss: 0.474
[2023-09-07 18:15:11 - INFO:] test_acc: 77.929%  test_loss: 0.004
[2023-09-07 18:15:11 - INFO:] =========================================
[2023-09-07 18:16:56 - INFO:] epoch: 37
[2023-09-07 18:16:56 - INFO:] train_loss: 0.441
[2023-09-07 18:16:56 - INFO:] test_acc: 82.082%  test_loss: 0.004
[2023-09-07 18:16:56 - INFO:] =========================================
[2023-09-07 18:18:42 - INFO:] epoch: 38
[2023-09-07 18:18:42 - INFO:] train_loss: 0.474
[2023-09-07 18:18:42 - INFO:] test_acc: 82.957%  test_loss: 0.004
[2023-09-07 18:18:42 - INFO:] =========================================
[2023-09-07 18:20:27 - INFO:] epoch: 39
[2023-09-07 18:20:27 - INFO:] train_loss: 0.480
[2023-09-07 18:20:27 - INFO:] test_acc: 83.154%  test_loss: 0.004
[2023-09-07 18:20:27 - INFO:] =========================================
[2023-09-07 18:22:12 - INFO:] epoch: 40
[2023-09-07 18:22:12 - INFO:] train_loss: 0.483
[2023-09-07 18:22:12 - INFO:] test_acc: 83.182%  test_loss: 0.004
[2023-09-07 18:22:12 - INFO:] =========================================
[2023-09-07 18:23:58 - INFO:] epoch: 41
[2023-09-07 18:23:58 - INFO:] train_loss: 0.500
[2023-09-07 18:23:58 - INFO:] test_acc: 83.328%  test_loss: 0.004
[2023-09-07 18:23:58 - INFO:] =========================================
[2023-09-07 18:25:43 - INFO:] epoch: 42
[2023-09-07 18:25:43 - INFO:] train_loss: 0.450
[2023-09-07 18:25:43 - INFO:] test_acc: 83.311%  test_loss: 0.004
[2023-09-07 18:25:43 - INFO:] =========================================
[2023-09-07 18:27:28 - INFO:] epoch: 43
[2023-09-07 18:27:28 - INFO:] train_loss: 0.432
[2023-09-07 18:27:28 - INFO:] test_acc: 83.462%  test_loss: 0.004
[2023-09-07 18:27:28 - INFO:] =========================================
[2023-09-07 18:29:13 - INFO:] epoch: 44
[2023-09-07 18:29:13 - INFO:] train_loss: 0.424
[2023-09-07 18:29:13 - INFO:] test_acc: 83.367%  test_loss: 0.004
[2023-09-07 18:29:13 - INFO:] =========================================
[2023-09-07 18:30:59 - INFO:] epoch: 45
[2023-09-07 18:30:59 - INFO:] train_loss: 0.489
[2023-09-07 18:30:59 - INFO:] test_acc: 83.406%  test_loss: 0.004
[2023-09-07 18:30:59 - INFO:] =========================================
[2023-09-07 18:32:44 - INFO:] epoch: 46
[2023-09-07 18:32:44 - INFO:] train_loss: 0.476
[2023-09-07 18:32:44 - INFO:] test_acc: 83.580%  test_loss: 0.004
[2023-09-07 18:32:44 - INFO:] =========================================
[2023-09-07 18:34:29 - INFO:] epoch: 47
[2023-09-07 18:34:29 - INFO:] train_loss: 0.452
[2023-09-07 18:34:29 - INFO:] test_acc: 83.429%  test_loss: 0.004
[2023-09-07 18:34:29 - INFO:] =========================================
[2023-09-07 18:36:15 - INFO:] epoch: 48
[2023-09-07 18:36:15 - INFO:] train_loss: 0.484
[2023-09-07 18:36:15 - INFO:] test_acc: 83.631%  test_loss: 0.004
[2023-09-07 18:36:15 - INFO:] =========================================
[2023-09-07 18:38:00 - INFO:] epoch: 49
[2023-09-07 18:38:00 - INFO:] train_loss: 0.413
[2023-09-07 18:38:00 - INFO:] test_acc: 83.524%  test_loss: 0.004
[2023-09-07 18:38:00 - INFO:] =========================================
