[2023-0806 0933 - INFO] <<< BEATs_iter3_plus_AS2M - 1 fc layer >>> 
[2023-0806 0933 - INFO] Add FrequencyMasking and TimeMasking
[2023-0806 0933 - INFO] Add time_stretch 0.8 and time_stretch 1.2
[2023-0806 0933 - INFO] # trainset_size = 17010
[2023-0806 0933 - INFO] # testset_size = 22970
[2023-0806 0933 - INFO] # train_a/p = 8505/8505
[2023-0806 0933 - INFO] # test_a/p = 20920/2050
[2023-0806 0933 - INFO] # batch_size = 128
[2023-0806 0933 - INFO] # learning_rate = 0.001
[2023-0806 0933 - INFO] # num_epochs = 100
[2023-0806 0933 - INFO] # padding_size = 3500
[2023-0806 0933 - INFO] # loss_fn = CE
[2023-0806 0933 - INFO] # scheduler = None
[2023-0806 0933 - INFO] # optimizer = AdamW (
Parameter Group 0
    amsgrad: False
    betas: (0.9, 0.999)
    capturable: False
    differentiable: False
    eps: 1e-08
    foreach: None
    fused: None
    lr: 0.001
    maximize: False
    weight_decay: 0.01
)
[2023-0806 0933 - INFO] # comments : 
[2023-0806 0933 - INFO] -------------------------------------
[2023-0806 0934 - INFO] epoch: 1/100
[2023-0806 0934 - INFO] learning_rate: 0.0010
[2023-0806 0934 - INFO] train_acc: 49.659%, train_loss: nan
[2023-0806 0934 - INFO] test_acc: 37.175%, test_loss: 0.0055
[2023-0806 0934 - INFO] max_train_acc: 49.659%
[2023-0806 0934 - INFO] max_test_acc: 37.175%
[2023-0806 0934 - INFO] max_lr: 0.0010, min_lr: 0.0010
[2023-0806 0934 - INFO] ======================================
[2023-0806 0935 - INFO] epoch: 2/100
[2023-0806 0935 - INFO] learning_rate: 0.0010
[2023-0806 0935 - INFO] train_acc: 49.677%, train_loss: nan
[2023-0806 0935 - INFO] test_acc: 37.179%, test_loss: 0.0055
[2023-0806 0935 - INFO] max_train_acc: 49.677%
[2023-0806 0935 - INFO] max_test_acc: 37.179%
[2023-0806 0935 - INFO] max_lr: 0.0010, min_lr: 0.0010
[2023-0806 0935 - INFO] ======================================
[2023-0806 0936 - INFO] epoch: 3/100
[2023-0806 0936 - INFO] learning_rate: 0.0010
[2023-0806 0936 - INFO] train_acc: 49.659%, train_loss: nan
[2023-0806 0936 - INFO] test_acc: 37.166%, test_loss: 0.0055
[2023-0806 0936 - INFO] max_train_acc: 49.677%
[2023-0806 0936 - INFO] max_test_acc: 37.179%
[2023-0806 0936 - INFO] max_lr: 0.0010, min_lr: 0.0010
[2023-0806 0936 - INFO] ======================================
