# ========================/ HyperParameters /========================== # 
train_batch_size= 128
test_batch_size = 128
learning_rate = 0.01
num_epochs = 100

Train Epoch: 1   Loss: 0.492953

Test set: Average loss: 0.0042, Accuracy: 13845/17820 (77.694%)

===========================================================
Train Epoch: 2   Loss: 0.555463

Test set: Average loss: 0.0042, Accuracy: 13853/17820 (77.738%)

===========================================================
Train Epoch: 3   Loss: 0.547639

Test set: Average loss: 0.0042, Accuracy: 13853/17820 (77.738%)

===========================================================
Train Epoch: 4   Loss: 0.500764

Test set: Average loss: 0.0042, Accuracy: 13852/17820 (77.733%)

===========================================================
Train Epoch: 5   Loss: 0.485137

Test set: Average loss: 0.0042, Accuracy: 13847/17820 (77.705%)

===========================================================
Train Epoch: 6   Loss: 0.539825

Test set: Average loss: 0.0042, Accuracy: 13851/17820 (77.727%)

===========================================================
Train Epoch: 7   Loss: 0.571074

Test set: Average loss: 0.0042, Accuracy: 13849/17820 (77.716%)

===========================================================
Train Epoch: 8   Loss: 0.508575

Test set: Average loss: 0.0042, Accuracy: 13849/17820 (77.716%)

===========================================================
Train Epoch: 9   Loss: 0.461700

Test set: Average loss: 0.0042, Accuracy: 13847/17820 (77.705%)

===========================================================
Train Epoch: 10  Loss: 0.602323

Test set: Average loss: 0.0042, Accuracy: 13845/17820 (77.694%)

===========================================================
Train Epoch: 11  Loss: 0.547637

Test set: Average loss: 0.0042, Accuracy: 13854/17820 (77.744%)

===========================================================
Train Epoch: 12  Loss: 0.547637

Test set: Average loss: 0.0042, Accuracy: 13847/17820 (77.705%)

===========================================================
Train Epoch: 13  Loss: 0.524199

Test set: Average loss: 0.0042, Accuracy: 13850/17820 (77.722%)

===========================================================
Train Epoch: 14  Loss: 0.547637

Test set: Average loss: 0.0042, Accuracy: 13851/17820 (77.727%)

===========================================================
Train Epoch: 15  Loss: 0.586699

Test set: Average loss: 0.0042, Accuracy: 13849/17820 (77.716%)

===========================================================
Train Epoch: 16  Loss: 0.524199

Test set: Average loss: 0.0042, Accuracy: 13851/17820 (77.727%)

===========================================================
Train Epoch: 17  Loss: 0.492950

Test set: Average loss: 0.0042, Accuracy: 13852/17820 (77.733%)

===========================================================
Train Epoch: 18  Loss: 0.453887

Test set: Average loss: 0.0042, Accuracy: 13855/17820 (77.750%)

===========================================================
Train Epoch: 19  Loss: 0.539824

Test set: Average loss: 0.0042, Accuracy: 13851/17820 (77.727%)

===========================================================
Train Epoch: 20  Loss: 0.492949

Test set: Average loss: 0.0042, Accuracy: 13851/17820 (77.727%)

===========================================================
Train Epoch: 21  Loss: 0.532012

Test set: Average loss: 0.0042, Accuracy: 13852/17820 (77.733%)

===========================================================
Train Epoch: 22  Loss: 0.500762

Test set: Average loss: 0.0042, Accuracy: 13850/17820 (77.722%)

===========================================================
Train Epoch: 23  Loss: 0.547637

Test set: Average loss: 0.0042, Accuracy: 13855/17820 (77.750%)

===========================================================
Train Epoch: 24  Loss: 0.500762

Test set: Average loss: 0.0042, Accuracy: 13850/17820 (77.722%)

===========================================================
Train Epoch: 25  Loss: 0.524199

Test set: Average loss: 0.0042, Accuracy: 13847/17820 (77.705%)

===========================================================
Train Epoch: 26  Loss: 0.571074

Test set: Average loss: 0.0042, Accuracy: 13853/17820 (77.738%)

===========================================================
Train Epoch: 27  Loss: 0.547637

Test set: Average loss: 0.0042, Accuracy: 13853/17820 (77.738%)

===========================================================
Train Epoch: 28  Loss: 0.500762

Test set: Average loss: 0.0042, Accuracy: 13853/17820 
(77.738%)

===========================================================
Train Epoch: 29  Loss: 0.500762

Test set: Average loss: 0.0042, Accuracy: 13850/17820 
(77.722%)

===========================================================
Train Epoch: 30  Loss: 0.571074

Test set: Average loss: 0.0042, Accuracy: 13854/17820 
(77.744%)

===========================================================
Train Epoch: 31  Loss: 0.547637

Test set: Average loss: 0.0042, Accuracy: 13848/17820 
(77.710%)

===========================================================
Train Epoch: 32  Loss: 0.477324

Test set: Average loss: 0.0042, Accuracy: 13851/17820 
(77.727%)

===========================================================
Train Epoch: 33  Loss: 0.539824

Test set: Average loss: 0.0042, Accuracy: 13849/17820 
(77.716%)

===========================================================
Train Epoch: 34  Loss: 0.524199

Test set: Average loss: 0.0042, Accuracy: 13851/17820 
(77.727%)

===========================================================
Train Epoch: 35  Loss: 0.547637

Test set: Average loss: 0.0042, Accuracy: 13853/17820 
(77.738%)

===========================================================
Train Epoch: 36  Loss: 0.555449

Test set: Average loss: 0.0042, Accuracy: 13849/17820 
(77.716%)

===========================================================
Train Epoch: 37  Loss: 0.485137

Test set: Average loss: 0.0042, Accuracy: 13851/17820 
(77.727%)

===========================================================
Train Epoch: 38  Loss: 0.500762

Test set: Average loss: 0.0042, Accuracy: 13848/17820 
(77.710%)

=============================================================
Train Epoch: 39  Loss: 0.555449

Test set: Average loss: 0.0042, Accuracy: 13851/17820 0 (77.727%)

=============================================================
Train Epoch: 40  Loss: 0.477324

Test set: Average loss: 0.0042, Accuracy: 13851/17820 0 (77.727%)

=============================================================
Train Epoch: 41  Loss: 0.500762

Test set: Average loss: 0.0042, Accuracy: 13852/17820 0 (77.733%)

=============================================================
Train Epoch: 42  Loss: 0.563262

Test set: Average loss: 0.0042, Accuracy: 13851/17820 0 (77.727%)

=============================================================
Train Epoch: 43  Loss: 0.446074

Test set: Average loss: 0.0042, Accuracy: 13852/17820 0 (77.733%)

=============================================================
Train Epoch: 44  Loss: 0.500762

Test set: Average loss: 0.0042, Accuracy: 13849/17820 0 (77.716%)

=============================================================
Train Epoch: 45  Loss: 0.539824

Test set: Average loss: 0.0042, Accuracy: 13849/17820 (77.716%)

===========================================================
Train Epoch: 46  Loss: 0.500762

Test set: Average loss: 0.0042, Accuracy: 13851/17820 (77.727%)

===========================================================
